/n/home03/mkrasnow/.local/lib/python3.10/site-packages/huggingface_hub/utils/_validators.py:205: UserWarning: The `local_dir_use_symlinks` argument is deprecated and ignored in `hf_hub_download`. Downloading to a local directory does not use symlinks anymore.
  warnings.warn(
Warning: You are sending unauthenticated requests to the HF Hub. Please set a HF_TOKEN to enable higher rate limits and faster downloads.
[c3] built val index: 2000 samples over 1000 classes
[c3] encoded in-dist latents (2000, 4, 32, 32) mean||x||=52.89
[c3] arm=vanilla ckpt_args model=EqM-B/2 ebm=none uncond=True
[c3] vanilla    gaussian       AUROC=1.0000 in=13.05 ood=232.88
[c3] vanilla    uniform        AUROC=1.0000 in=13.05 ood=232.41
[c3] vanilla    wrong_label    AUROC=0.4924 in=13.05 ood=13.07
[c3] vanilla    patch_shuffle  AUROC=0.8185 in=13.05 ood=26.69
[c3] arm=v10_l01 ckpt_args model=EqM-B/2 ebm=none uncond=True
[c3] v10_l01    gaussian       AUROC=1.0000 in=13.58 ood=232.92
[c3] v10_l01    uniform        AUROC=1.0000 in=13.58 ood=232.20
[c3] v10_l01    wrong_label    AUROC=0.4994 in=13.58 ood=13.68
[c3] v10_l01    patch_shuffle  AUROC=0.7704 in=13.58 ood=24.12
[c3] arm=v10_l03 ckpt_args model=EqM-B/2 ebm=none uncond=True
[c3] v10_l03    gaussian       AUROC=1.0000 in=14.43 ood=233.14
[c3] v10_l03    uniform        AUROC=1.0000 in=14.43 ood=232.62
[c3] v10_l03    wrong_label    AUROC=0.5003 in=14.43 ood=14.55
[c3] v10_l03    patch_shuffle  AUROC=0.7255 in=14.43 ood=23.82

=== C3 VERDICT: AUROC and delta vs vanilla (positive = v10 better) ===
  gaussian       vanilla=1.0000  v10_l01=1.0000  v10_l03=1.0000   delta v10_l01=+0.0000  v10_l03=+0.0000
  uniform        vanilla=1.0000  v10_l01=1.0000  v10_l03=1.0000   delta v10_l01=+0.0000  v10_l03=+0.0000
  wrong_label    vanilla=0.4924  v10_l01=0.4994  v10_l03=0.5003   delta v10_l01=+0.0070  v10_l03=+0.0079
  patch_shuffle  vanilla=0.8185  v10_l01=0.7704  v10_l03=0.7255   delta v10_l01=-0.0481  v10_l03=-0.0930

[c3] wrote /n/home03/mkrasnow/research-repo/projects/diff-EqM/results/c3_ood_energy/run_18952117/auroc.csv, raw_scores.npz, verdict.json
