Sun May 31 23:43:44 2026       
+-----------------------------------------------------------------------------------------+
| NVIDIA-SMI 575.57.08              Driver Version: 575.57.08      CUDA Version: 12.9     |
|-----------------------------------------+------------------------+----------------------+
| GPU  Name                 Persistence-M | Bus-Id          Disp.A | Volatile Uncorr. ECC |
| Fan  Temp   Perf          Pwr:Usage/Cap |           Memory-Usage | GPU-Util  Compute M. |
|                                         |                        |               MIG M. |
|=========================================+========================+======================|
|   0  NVIDIA A100-SXM4-40GB          On  |   00000000:CA:00.0 Off |                   On |
| N/A   28C    P0             93W /  400W |     213MiB /  40960MiB |     N/A      Default |
|                                         |                        |              Enabled |
+-----------------------------------------+------------------------+----------------------+

+-----------------------------------------------------------------------------------------+
| MIG devices:                                                                            |
+------------------+----------------------------------+-----------+-----------------------+
| GPU  GI  CI  MIG |                     Memory-Usage |        Vol|        Shared         |
|      ID  ID  Dev |                       BAR1-Usage | SM     Unc| CE ENC  DEC  OFA  JPG |
|                  |                                  |        ECC|                       |
|==================+==================================+===========+=======================|
|  0    1   0   0  |             107MiB / 20096MiB    | 42      0 |  3   0    2    0    0 |
|                  |                 0MiB / 32767MiB  |           |                       |
+------------------+----------------------------------+-----------+-----------------------+
                                                                                         
+-----------------------------------------------------------------------------------------+
| Processes:                                                                              |
|  GPU   GI   CI              PID   Type   Process name                        GPU Memory |
|        ID   ID                                                               Usage      |
|=========================================================================================|
|  No running processes found                                                             |
+-----------------------------------------------------------------------------------------+
hint: Using 'master' as the name for the initial branch. This default branch name
hint: is subject to change. To configure the initial branch name to use in all
hint: of your new repositories, which will suppress this warning, call:
hint: 
hint: 	git config --global init.defaultBranch <name>
hint: 
hint: Names commonly chosen instead of 'master' are 'main', 'trunk' and
hint: 'development'. The just-created branch can be renamed via this command:
hint: 
hint: 	git branch -m <name>
Initialized empty Git repository in /tmp/exp1-sampler-robust-17793908/.git/
From https://github.com/mdkrasnow/research-repo
 * branch            main       -> FETCH_HEAD
 * [new branch]      main       -> origin/main
Turn off this advice by setting config variable advice.detachedHead to false

HEAD is now at 4616822 Exp1 Smoke-B wrapper (16 cells, gd+ngd, step2.0 stress, 256 samples)
Requirement already satisfied: sniffio>=1.1 in /n/home03/mkrasnow/.local/lib/python3.10/site-packages (from anyio->httpx<1.0.0->diffusers) (1.3.1)
Requirement already satisfied: MarkupSafe>=2.0 in /n/home03/mkrasnow/.local/lib/python3.10/site-packages (from jinja2->torch->timm) (3.0.3)
Requirement already satisfied: markdown-it-py>=2.2.0 in /n/home03/mkrasnow/.local/lib/python3.10/site-packages (from rich>=13.8.0->typer>=0.20.0->huggingface_hub->timm) (4.2.0)
Requirement already satisfied: pygments<3.0.0,>=2.13.0 in /n/home03/mkrasnow/.local/lib/python3.10/site-packages (from rich>=13.8.0->typer>=0.20.0->huggingface_hub->timm) (2.19.2)
Requirement already satisfied: mdurl~=0.1 in /n/home03/mkrasnow/.local/lib/python3.10/site-packages (from markdown-it-py>=2.2.0->rich>=13.8.0->typer>=0.20.0->huggingface_hub->timm) (0.1.2)
=== Running exp1_driver (gpus=1) ===
    vanilla=/n/home03/mkrasnow/research-repo/projects/diff-EqM/results/stage_b_vanilla_in1k_80ep_seed0/000-EqM-B-2-Linear-velocity-None-vanilla/checkpoints/0380000.pt
    anm=/n/home03/mkrasnow/research-repo/projects/diff-EqM/results/imagenet1k_80ep_v10_seed0/000-EqM-B-2-Linear-velocity-None-dganm/checkpoints/final.pt
[inputs] wrote fixed seeds/labels/latents for N=256
[ref] wrote 256 reference images
[W531 23:45:38.246215627 socket.cpp:752] [c10d] The client socket cannot be initialized to connect to [localhost]:30467 (errno: 97 - Address family not supported by protocol).
[W531 23:46:16.182797741 socket.cpp:752] [c10d] The client socket cannot be initialized to connect to [localhost]:30467 (errno: 97 - Address family not supported by protocol).
[W531 23:46:16.183208898 CUDAAllocatorConfig.h:28] Warning: expandable_segments not supported on this platform (function operator())
[sample_gd_fixed] world=1 seed=123 sampler=gd steps=10 stepsize=0.003*1.0 cfg=1.0
/n/home03/mkrasnow/.local/lib/python3.10/site-packages/huggingface_hub/utils/_validators.py:205: UserWarning: The `local_dir_use_symlinks` argument is deprecated and ignored in `hf_hub_download`. Downloading to a local directory does not use symlinks anymore.
  warnings.warn(
Warning: You are sending unauthenticated requests to the HF Hub. Please set a HF_TOKEN to enable higher rate limits and faster downloads.
/tmp/exp1-sampler-robust-17793908/projects/diff-EqM/experiments/exp1_sampler_robustness/sample_gd_fixed.py:109: FutureWarning: You are using `torch.load` with `weights_only=False` (the current default value), which uses the default pickle module implicitly. It is possible to construct malicious pickle data which will execute arbitrary code during unpickling (See https://github.com/pytorch/pytorch/blob/main/SECURITY.md#untrusted-models for more details). In a future release, the default value for `weights_only` will be flipped to `True`. This limits the functions that could be executed during unpickling. Arbitrary objects will no longer be allowed to be loaded via this mode unless they are explicitly allowlisted by the user via `torch.serialization.add_safe_globals`. We recommend you start setting `weights_only=True` for any use case where you don't have full control of the loaded file. Please open an issue on GitHub for any issues related to this experimental feature.
  fixed_latents = torch.load(args.init_latents, map_location="cpu")
[sample_gd_fixed] done: {'nan_count': 0, 'divergence_count': 0, 'num_samples_counted': 256, 'mean_init_latent_norm': 64.06803162395954, 'mean_final_latent_norm': 57.414468482136726, 'std_final_latent_norm': 0.6131390977177583, 'mean_first_grad_norm': 261.23912143707275, 'mean_final_grad_norm': 260.95105987787247, 'clip_fraction': 0.1964547038078308, 'effective_stepsize': 0.003, 'nfe_field': 9}
[done] vanilla_gd_nfe10_step1.0  fid=402.1519642500473  kid=0.41857053959908597  n=256  61s  UNRELIABLE_small_n
[W531 23:53:07.909376034 socket.cpp:752] [c10d] The client socket cannot be initialized to connect to [localhost]:29892 (errno: 97 - Address family not supported by protocol).
[W531 23:53:54.951660141 socket.cpp:752] [c10d] The client socket cannot be initialized to connect to [localhost]:29892 (errno: 97 - Address family not supported by protocol).
[W531 23:53:54.952033416 CUDAAllocatorConfig.h:28] Warning: expandable_segments not supported on this platform (function operator())
[sample_gd_fixed] world=1 seed=123 sampler=gd steps=10 stepsize=0.003*2.0 cfg=1.0
/n/home03/mkrasnow/.local/lib/python3.10/site-packages/huggingface_hub/utils/_validators.py:205: UserWarning: The `local_dir_use_symlinks` argument is deprecated and ignored in `hf_hub_download`. Downloading to a local directory does not use symlinks anymore.
  warnings.warn(
/tmp/exp1-sampler-robust-17793908/projects/diff-EqM/experiments/exp1_sampler_robustness/sample_gd_fixed.py:109: FutureWarning: You are using `torch.load` with `weights_only=False` (the current default value), which uses the default pickle module implicitly. It is possible to construct malicious pickle data which will execute arbitrary code during unpickling (See https://github.com/pytorch/pytorch/blob/main/SECURITY.md#untrusted-models for more details). In a future release, the default value for `weights_only` will be flipped to `True`. This limits the functions that could be executed during unpickling. Arbitrary objects will no longer be allowed to be loaded via this mode unless they are explicitly allowlisted by the user via `torch.serialization.add_safe_globals`. We recommend you start setting `weights_only=True` for any use case where you don't have full control of the loaded file. Please open an issue on GitHub for any issues related to this experimental feature.
  fixed_latents = torch.load(args.init_latents, map_location="cpu")
[sample_gd_fixed] done: {'nan_count': 0, 'divergence_count': 0, 'num_samples_counted': 256, 'mean_init_latent_norm': 64.06803162395954, 'mean_final_latent_norm': 51.364430636167526, 'std_final_latent_norm': 0.6721523326521263, 'mean_first_grad_norm': 261.23912143707275, 'mean_final_grad_norm': 255.6188446879387, 'clip_fraction': 0.12711791197458902, 'effective_stepsize': 0.006, 'nfe_field': 9}
[done] vanilla_gd_nfe10_step2.0  fid=424.07657986625355  kid=0.45731769714650655  n=256  72s  UNRELIABLE_small_n
[W601 00:00:53.107239679 socket.cpp:752] [c10d] The client socket cannot be initialized to connect to [localhost]:29630 (errno: 97 - Address family not supported by protocol).
