[W406 16:07:34.923733231 socket.cpp:767] [c10d] The client socket cannot be initialized to connect to [localhost]:29542 (errno: 97 - Address family not supported by protocol).
/n/home03/mkrasnow/.local/lib/python3.10/site-packages/torch/backends/__init__.py:46: UserWarning: Please use the new API settings to control TF32 behavior, such as torch.backends.cudnn.conv.fp32_precision = 'tf32' or torch.backends.cuda.matmul.fp32_precision = 'ieee'. Old settings, e.g, torch.backends.cuda.matmul.allow_tf32 = True, torch.backends.cudnn.allow_tf32 = True, allowTF32CuDNN() and allowTF32CuBLAS() will be deprecated after Pytorch 2.9. Please see https://pytorch.org/docs/main/notes/cuda.html#tensorfloat-32-tf32-on-ampere-and-later-devices (Triggered internally at /pytorch/aten/src/ATen/Context.cpp:80.)
  self.setter(val)
[W406 16:08:18.662167164 socket.cpp:767] [c10d] The client socket cannot be initialized to connect to [localhost]:29542 (errno: 97 - Address family not supported by protocol).
Found 1 GPUs, trying to use device index 0
Starting rank=0, seed=0, world_size=1.
[[34m2026-04-06 16:08:18[0m] Experiment directory created at projects/diff-EqM/results/imagenet1k_smoke_vanilla/000-EqM-B-2-Linear-velocity-None-vanilla
[[34m2026-04-06 16:08:18[0m] DG-ANM mining: DISABLED
[[34m2026-04-06 16:08:26[0m] EqM Parameters: 130,512,416
[[34m2026-04-06 16:08:57[0m] Dataset contains 1,281,167 images (/n/holylabs/ydu_lab/Lab/raywang4/imagenet/train)
[[34m2026-04-06 16:08:58[0m] Training for 1 epochs...
[[34m2026-04-06 16:08:58[0m] Beginning epoch 0...
[[34m2026-04-06 16:09:18[0m] (step=0000100) Loss: 20.0932, Base: 20.0932, Steps/Sec: 4.89
[[34m2026-04-06 16:09:30[0m] (step=0000200) Loss: 16.0499, Base: 16.0499, Steps/Sec: 8.14
[[34m2026-04-06 16:09:42[0m] (step=0000300) Loss: 15.2941, Base: 15.2941, Steps/Sec: 8.13
[[34m2026-04-06 16:09:55[0m] (step=0000400) Loss: 14.7072, Base: 14.7072, Steps/Sec: 8.14
[[34m2026-04-06 16:10:07[0m] (step=0000500) Loss: 14.4796, Base: 14.4796, Steps/Sec: 8.13
[[34m2026-04-06 16:10:19[0m] (step=0000600) Loss: 14.4570, Base: 14.4570, Steps/Sec: 8.13
[[34m2026-04-06 16:10:32[0m] (step=0000700) Loss: 14.2418, Base: 14.2418, Steps/Sec: 8.13
[[34m2026-04-06 16:10:44[0m] (step=0000800) Loss: 14.3669, Base: 14.3669, Steps/Sec: 8.12
[[34m2026-04-06 16:10:56[0m] (step=0000900) Loss: 14.0707, Base: 14.0707, Steps/Sec: 8.13
[[34m2026-04-06 16:11:08[0m] (step=0001000) Loss: 14.0833, Base: 14.0833, Steps/Sec: 8.14
[[34m2026-04-06 16:11:21[0m] (step=0001100) Loss: 13.7309, Base: 13.7309, Steps/Sec: 8.14
[[34m2026-04-06 16:11:33[0m] (step=0001200) Loss: 13.8008, Base: 13.8008, Steps/Sec: 8.14
[[34m2026-04-06 16:11:45[0m] (step=0001300) Loss: 13.5234, Base: 13.5234, Steps/Sec: 8.14
[[34m2026-04-06 16:11:58[0m] (step=0001400) Loss: 13.5628, Base: 13.5628, Steps/Sec: 8.13
[[34m2026-04-06 16:12:10[0m] (step=0001500) Loss: 13.5808, Base: 13.5808, Steps/Sec: 8.13
[[34m2026-04-06 16:12:22[0m] (step=0001600) Loss: 13.4819, Base: 13.4819, Steps/Sec: 8.14
[[34m2026-04-06 16:12:34[0m] (step=0001700) Loss: 13.2823, Base: 13.2823, Steps/Sec: 8.14
[[34m2026-04-06 16:12:47[0m] (step=0001800) Loss: 13.0603, Base: 13.0603, Steps/Sec: 8.14
[[34m2026-04-06 16:12:59[0m] (step=0001900) Loss: 13.1069, Base: 13.1069, Steps/Sec: 8.13
[[34m2026-04-06 16:13:11[0m] (step=0002000) Loss: 12.9964, Base: 12.9964, Steps/Sec: 8.13
[[34m2026-04-06 16:13:24[0m] (step=0002100) Loss: 13.1312, Base: 13.1312, Steps/Sec: 8.14
[[34m2026-04-06 16:13:36[0m] (step=0002200) Loss: 13.2469, Base: 13.2469, Steps/Sec: 8.13
[[34m2026-04-06 16:13:48[0m] (step=0002300) Loss: 12.6457, Base: 12.6457, Steps/Sec: 8.14
[[34m2026-04-06 16:14:01[0m] (step=0002400) Loss: 13.0403, Base: 13.0403, Steps/Sec: 8.13
[[34m2026-04-06 16:14:13[0m] (step=0002500) Loss: 13.0325, Base: 13.0325, Steps/Sec: 8.13
[[34m2026-04-06 16:14:25[0m] (step=0002600) Loss: 13.2154, Base: 13.2154, Steps/Sec: 8.13
[[34m2026-04-06 16:14:37[0m] (step=0002700) Loss: 12.6450, Base: 12.6450, Steps/Sec: 8.13
[[34m2026-04-06 16:14:50[0m] (step=0002800) Loss: 12.7971, Base: 12.7971, Steps/Sec: 8.13
[[34m2026-04-06 16:15:02[0m] (step=0002900) Loss: 12.8667, Base: 12.8667, Steps/Sec: 8.13
[[34m2026-04-06 16:15:14[0m] (step=0003000) Loss: 12.7623, Base: 12.7623, Steps/Sec: 8.13
[[34m2026-04-06 16:15:27[0m] (step=0003100) Loss: 12.9012, Base: 12.9012, Steps/Sec: 8.12
[[34m2026-04-06 16:15:39[0m] (step=0003200) Loss: 12.6277, Base: 12.6277, Steps/Sec: 8.11
[[34m2026-04-06 16:15:51[0m] (step=0003300) Loss: 12.6842, Base: 12.6842, Steps/Sec: 8.11
[[34m2026-04-06 16:16:04[0m] (step=0003400) Loss: 12.5966, Base: 12.5966, Steps/Sec: 8.12
[[34m2026-04-06 16:16:16[0m] (step=0003500) Loss: 12.5286, Base: 12.5286, Steps/Sec: 8.12
[[34m2026-04-06 16:16:28[0m] (step=0003600) Loss: 12.7917, Base: 12.7917, Steps/Sec: 8.12
[[34m2026-04-06 16:16:41[0m] (step=0003700) Loss: 12.6018, Base: 12.6018, Steps/Sec: 8.12
[[34m2026-04-06 16:16:53[0m] (step=0003800) Loss: 12.6165, Base: 12.6165, Steps/Sec: 8.11
[[34m2026-04-06 16:17:05[0m] (step=0003900) Loss: 12.6763, Base: 12.6763, Steps/Sec: 8.12
[[34m2026-04-06 16:17:18[0m] (step=0004000) Loss: 12.5679, Base: 12.5679, Steps/Sec: 8.11
[[34m2026-04-06 16:17:30[0m] (step=0004100) Loss: 12.4564, Base: 12.4564, Steps/Sec: 8.12
[[34m2026-04-06 16:17:42[0m] (step=0004200) Loss: 12.2141, Base: 12.2141, Steps/Sec: 8.11
[[34m2026-04-06 16:17:55[0m] (step=0004300) Loss: 12.4699, Base: 12.4699, Steps/Sec: 8.11
[[34m2026-04-06 16:18:07[0m] (step=0004400) Loss: 12.3980, Base: 12.3980, Steps/Sec: 8.12
[[34m2026-04-06 16:18:19[0m] (step=0004500) Loss: 12.2601, Base: 12.2601, Steps/Sec: 8.12
[[34m2026-04-06 16:18:31[0m] (step=0004600) Loss: 12.3040, Base: 12.3040, Steps/Sec: 8.12
[[34m2026-04-06 16:18:44[0m] (step=0004700) Loss: 12.5064, Base: 12.5064, Steps/Sec: 8.12
[[34m2026-04-06 16:18:56[0m] (step=0004800) Loss: 12.7101, Base: 12.7101, Steps/Sec: 8.12
[[34m2026-04-06 16:19:08[0m] (step=0004900) Loss: 12.3909, Base: 12.3909, Steps/Sec: 8.12
[[34m2026-04-06 16:19:21[0m] (step=0005000) Loss: 12.3294, Base: 12.3294, Steps/Sec: 8.12
[[34m2026-04-06 16:19:33[0m] (step=0005100) Loss: 12.1859, Base: 12.1859, Steps/Sec: 8.12
[[34m2026-04-06 16:19:45[0m] (step=0005200) Loss: 12.3712, Base: 12.3712, Steps/Sec: 8.12
[[34m2026-04-06 16:19:58[0m] (step=0005300) Loss: 12.2012, Base: 12.2012, Steps/Sec: 8.12
[[34m2026-04-06 16:20:10[0m] (step=0005400) Loss: 12.4275, Base: 12.4275, Steps/Sec: 8.12
[[34m2026-04-06 16:20:22[0m] (step=0005500) Loss: 12.0445, Base: 12.0445, Steps/Sec: 8.11
[[34m2026-04-06 16:20:35[0m] (step=0005600) Loss: 12.3806, Base: 12.3806, Steps/Sec: 8.11
[[34m2026-04-06 16:20:47[0m] (step=0005700) Loss: 12.1668, Base: 12.1668, Steps/Sec: 8.11
[[34m2026-04-06 16:20:59[0m] (step=0005800) Loss: 12.3151, Base: 12.3151, Steps/Sec: 8.12
[[34m2026-04-06 16:21:12[0m] (step=0005900) Loss: 12.0658, Base: 12.0658, Steps/Sec: 8.12
[[34m2026-04-06 16:21:24[0m] (step=0006000) Loss: 12.3412, Base: 12.3412, Steps/Sec: 8.12
[[34m2026-04-06 16:21:36[0m] (step=0006100) Loss: 12.4691, Base: 12.4691, Steps/Sec: 8.12
[[34m2026-04-06 16:21:49[0m] (step=0006200) Loss: 12.2622, Base: 12.2622, Steps/Sec: 8.12
[[34m2026-04-06 16:22:01[0m] (step=0006300) Loss: 12.1578, Base: 12.1578, Steps/Sec: 8.12
[[34m2026-04-06 16:22:13[0m] (step=0006400) Loss: 12.1079, Base: 12.1079, Steps/Sec: 8.11
[[34m2026-04-06 16:22:26[0m] (step=0006500) Loss: 12.1994, Base: 12.1994, Steps/Sec: 8.12
[[34m2026-04-06 16:22:38[0m] (step=0006600) Loss: 12.2304, Base: 12.2304, Steps/Sec: 8.12
[[34m2026-04-06 16:22:50[0m] (step=0006700) Loss: 12.1276, Base: 12.1276, Steps/Sec: 8.12
[[34m2026-04-06 16:23:03[0m] (step=0006800) Loss: 12.1182, Base: 12.1182, Steps/Sec: 8.12
[[34m2026-04-06 16:23:15[0m] (step=0006900) Loss: 12.0849, Base: 12.0849, Steps/Sec: 8.12
[[34m2026-04-06 16:23:27[0m] (step=0007000) Loss: 12.1565, Base: 12.1565, Steps/Sec: 8.12
[[34m2026-04-06 16:23:40[0m] (step=0007100) Loss: 11.9279, Base: 11.9279, Steps/Sec: 8.12
[[34m2026-04-06 16:23:52[0m] (step=0007200) Loss: 12.1070, Base: 12.1070, Steps/Sec: 8.11
[[34m2026-04-06 16:24:04[0m] (step=0007300) Loss: 12.1192, Base: 12.1192, Steps/Sec: 8.11
[[34m2026-04-06 16:24:17[0m] (step=0007400) Loss: 12.1818, Base: 12.1818, Steps/Sec: 8.11
[[34m2026-04-06 16:24:29[0m] (step=0007500) Loss: 12.1049, Base: 12.1049, Steps/Sec: 8.11
[[34m2026-04-06 16:24:41[0m] (step=0007600) Loss: 11.9549, Base: 11.9549, Steps/Sec: 8.11
[[34m2026-04-06 16:24:53[0m] (step=0007700) Loss: 11.7993, Base: 11.7993, Steps/Sec: 8.12
[[34m2026-04-06 16:25:06[0m] (step=0007800) Loss: 12.0812, Base: 12.0812, Steps/Sec: 8.12
[[34m2026-04-06 16:25:18[0m] (step=0007900) Loss: 12.0337, Base: 12.0337, Steps/Sec: 8.11
[[34m2026-04-06 16:25:30[0m] (step=0008000) Loss: 12.0466, Base: 12.0466, Steps/Sec: 8.11
[[34m2026-04-06 16:25:43[0m] (step=0008100) Loss: 11.9882, Base: 11.9882, Steps/Sec: 8.11
[[34m2026-04-06 16:25:55[0m] (step=0008200) Loss: 12.0519, Base: 12.0519, Steps/Sec: 8.12
[[34m2026-04-06 16:26:07[0m] (step=0008300) Loss: 11.8241, Base: 11.8241, Steps/Sec: 8.12
[[34m2026-04-06 16:26:20[0m] (step=0008400) Loss: 12.0650, Base: 12.0650, Steps/Sec: 8.12
[[34m2026-04-06 16:26:32[0m] (step=0008500) Loss: 11.9607, Base: 11.9607, Steps/Sec: 8.12
[[34m2026-04-06 16:26:44[0m] (step=0008600) Loss: 11.9336, Base: 11.9336, Steps/Sec: 8.12
[[34m2026-04-06 16:26:57[0m] (step=0008700) Loss: 12.0144, Base: 12.0144, Steps/Sec: 8.12
[[34m2026-04-06 16:27:09[0m] (step=0008800) Loss: 11.8626, Base: 11.8626, Steps/Sec: 8.12
[[34m2026-04-06 16:27:21[0m] (step=0008900) Loss: 11.9484, Base: 11.9484, Steps/Sec: 8.12
[[34m2026-04-06 16:27:34[0m] (step=0009000) Loss: 11.9875, Base: 11.9875, Steps/Sec: 8.11
[[34m2026-04-06 16:27:46[0m] (step=0009100) Loss: 12.0592, Base: 12.0592, Steps/Sec: 8.12
[[34m2026-04-06 16:27:58[0m] (step=0009200) Loss: 11.9591, Base: 11.9591, Steps/Sec: 8.12
[[34m2026-04-06 16:28:11[0m] (step=0009300) Loss: 11.9459, Base: 11.9459, Steps/Sec: 8.12
[[34m2026-04-06 16:28:23[0m] (step=0009400) Loss: 11.9559, Base: 11.9559, Steps/Sec: 8.12
[[34m2026-04-06 16:28:35[0m] (step=0009500) Loss: 11.7766, Base: 11.7766, Steps/Sec: 8.12
[[34m2026-04-06 16:28:48[0m] (step=0009600) Loss: 11.9068, Base: 11.9068, Steps/Sec: 8.12
[[34m2026-04-06 16:29:00[0m] (step=0009700) Loss: 12.1066, Base: 12.1066, Steps/Sec: 8.12
[[34m2026-04-06 16:29:12[0m] (step=0009800) Loss: 11.8997, Base: 11.8997, Steps/Sec: 8.12
[[34m2026-04-06 16:29:25[0m] (step=0009900) Loss: 12.1268, Base: 12.1268, Steps/Sec: 8.12
[[34m2026-04-06 16:29:37[0m] (step=0010000) Loss: 11.9941, Base: 11.9941, Steps/Sec: 8.12
[[34m2026-04-06 16:29:49[0m] (step=0010100) Loss: 11.6523, Base: 11.6523, Steps/Sec: 8.12
[[34m2026-04-06 16:30:02[0m] (step=0010200) Loss: 11.9542, Base: 11.9542, Steps/Sec: 8.12
[[34m2026-04-06 16:30:14[0m] (step=0010300) Loss: 11.8581, Base: 11.8581, Steps/Sec: 8.12
[[34m2026-04-06 16:30:26[0m] (step=0010400) Loss: 12.3426, Base: 12.3426, Steps/Sec: 8.12
[[34m2026-04-06 16:30:38[0m] (step=0010500) Loss: 11.7384, Base: 11.7384, Steps/Sec: 8.11
[[34m2026-04-06 16:30:51[0m] (step=0010600) Loss: 11.7845, Base: 11.7845, Steps/Sec: 8.11
[[34m2026-04-06 16:31:03[0m] (step=0010700) Loss: 12.0908, Base: 12.0908, Steps/Sec: 8.12
[[34m2026-04-06 16:31:15[0m] (step=0010800) Loss: 12.1506, Base: 12.1506, Steps/Sec: 8.11
[[34m2026-04-06 16:31:28[0m] (step=0010900) Loss: 11.8688, Base: 11.8688, Steps/Sec: 8.12
[[34m2026-04-06 16:31:40[0m] (step=0011000) Loss: 11.8215, Base: 11.8215, Steps/Sec: 8.12
[[34m2026-04-06 16:31:52[0m] (step=0011100) Loss: 11.7671, Base: 11.7671, Steps/Sec: 8.11
[[34m2026-04-06 16:32:05[0m] (step=0011200) Loss: 11.6626, Base: 11.6626, Steps/Sec: 8.12
[[34m2026-04-06 16:32:17[0m] (step=0011300) Loss: 11.8072, Base: 11.8072, Steps/Sec: 8.12
[[34m2026-04-06 16:32:29[0m] (step=0011400) Loss: 11.9755, Base: 11.9755, Steps/Sec: 8.12
[[34m2026-04-06 16:32:42[0m] (step=0011500) Loss: 11.6669, Base: 11.6669, Steps/Sec: 8.11
[[34m2026-04-06 16:32:54[0m] (step=0011600) Loss: 11.5874, Base: 11.5874, Steps/Sec: 8.11
[[34m2026-04-06 16:33:06[0m] (step=0011700) Loss: 11.9127, Base: 11.9127, Steps/Sec: 8.12
[[34m2026-04-06 16:33:19[0m] (step=0011800) Loss: 11.8723, Base: 11.8723, Steps/Sec: 8.12
[[34m2026-04-06 16:33:31[0m] (step=0011900) Loss: 11.4834, Base: 11.4834, Steps/Sec: 8.12
[[34m2026-04-06 16:33:43[0m] (step=0012000) Loss: 11.6951, Base: 11.6951, Steps/Sec: 8.12
[[34m2026-04-06 16:33:56[0m] (step=0012100) Loss: 11.9391, Base: 11.9391, Steps/Sec: 8.12
[[34m2026-04-06 16:34:08[0m] (step=0012200) Loss: 11.7260, Base: 11.7260, Steps/Sec: 8.12
[[34m2026-04-06 16:34:20[0m] (step=0012300) Loss: 11.8506, Base: 11.8506, Steps/Sec: 8.11
[[34m2026-04-06 16:34:33[0m] (step=0012400) Loss: 11.5872, Base: 11.5872, Steps/Sec: 8.12
[[34m2026-04-06 16:34:45[0m] (step=0012500) Loss: 11.7244, Base: 11.7244, Steps/Sec: 8.12
[[34m2026-04-06 16:34:57[0m] (step=0012600) Loss: 11.9197, Base: 11.9197, Steps/Sec: 8.11
[[34m2026-04-06 16:35:10[0m] (step=0012700) Loss: 11.7133, Base: 11.7133, Steps/Sec: 8.11
[[34m2026-04-06 16:35:22[0m] (step=0012800) Loss: 11.9287, Base: 11.9287, Steps/Sec: 8.11
[[34m2026-04-06 16:35:34[0m] (step=0012900) Loss: 11.7909, Base: 11.7909, Steps/Sec: 8.12
[[34m2026-04-06 16:35:47[0m] (step=0013000) Loss: 11.8615, Base: 11.8615, Steps/Sec: 8.12
[[34m2026-04-06 16:35:59[0m] (step=0013100) Loss: 11.7494, Base: 11.7494, Steps/Sec: 8.12
[[34m2026-04-06 16:36:11[0m] (step=0013200) Loss: 11.8808, Base: 11.8808, Steps/Sec: 8.12
[[34m2026-04-06 16:36:23[0m] (step=0013300) Loss: 12.0014, Base: 12.0014, Steps/Sec: 8.12
[[34m2026-04-06 16:36:36[0m] (step=0013400) Loss: 11.8133, Base: 11.8133, Steps/Sec: 8.12
[[34m2026-04-06 16:36:48[0m] (step=0013500) Loss: 11.8089, Base: 11.8089, Steps/Sec: 8.12
[[34m2026-04-06 16:37:00[0m] (step=0013600) Loss: 11.6005, Base: 11.6005, Steps/Sec: 8.12
[[34m2026-04-06 16:37:13[0m] (step=0013700) Loss: 11.4949, Base: 11.4949, Steps/Sec: 8.12
[[34m2026-04-06 16:37:25[0m] (step=0013800) Loss: 11.6570, Base: 11.6570, Steps/Sec: 8.11
[[34m2026-04-06 16:37:37[0m] (step=0013900) Loss: 11.7424, Base: 11.7424, Steps/Sec: 8.11
[[34m2026-04-06 16:37:50[0m] (step=0014000) Loss: 11.6785, Base: 11.6785, Steps/Sec: 8.12
[[34m2026-04-06 16:38:02[0m] (step=0014100) Loss: 11.7689, Base: 11.7689, Steps/Sec: 8.12
[[34m2026-04-06 16:38:14[0m] (step=0014200) Loss: 11.8322, Base: 11.8322, Steps/Sec: 8.12
[[34m2026-04-06 16:38:27[0m] (step=0014300) Loss: 11.6428, Base: 11.6428, Steps/Sec: 8.12
[[34m2026-04-06 16:38:39[0m] (step=0014400) Loss: 11.7243, Base: 11.7243, Steps/Sec: 8.12
[[34m2026-04-06 16:38:51[0m] (step=0014500) Loss: 11.7253, Base: 11.7253, Steps/Sec: 8.12
[[34m2026-04-06 16:39:04[0m] (step=0014600) Loss: 11.6005, Base: 11.6005, Steps/Sec: 8.12
[[34m2026-04-06 16:39:16[0m] (step=0014700) Loss: 11.5849, Base: 11.5849, Steps/Sec: 8.12
[[34m2026-04-06 16:39:28[0m] (step=0014800) Loss: 11.5175, Base: 11.5175, Steps/Sec: 8.11
[[34m2026-04-06 16:39:41[0m] (step=0014900) Loss: 11.5895, Base: 11.5895, Steps/Sec: 8.12
[[34m2026-04-06 16:39:53[0m] (step=0015000) Loss: 11.7428, Base: 11.7428, Steps/Sec: 8.12
[[34m2026-04-06 16:40:05[0m] (step=0015100) Loss: 11.5940, Base: 11.5940, Steps/Sec: 8.11
[[34m2026-04-06 16:40:18[0m] (step=0015200) Loss: 11.5530, Base: 11.5530, Steps/Sec: 8.11
[[34m2026-04-06 16:40:30[0m] (step=0015300) Loss: 11.5433, Base: 11.5433, Steps/Sec: 8.11
[[34m2026-04-06 16:40:42[0m] (step=0015400) Loss: 11.5559, Base: 11.5559, Steps/Sec: 8.11
[[34m2026-04-06 16:40:55[0m] (step=0015500) Loss: 11.6187, Base: 11.6187, Steps/Sec: 8.12
[[34m2026-04-06 16:41:07[0m] (step=0015600) Loss: 11.6988, Base: 11.6988, Steps/Sec: 8.09
[[34m2026-04-06 16:41:19[0m] (step=0015700) Loss: 11.7297, Base: 11.7297, Steps/Sec: 8.12
[[34m2026-04-06 16:41:32[0m] (step=0015800) Loss: 11.5302, Base: 11.5302, Steps/Sec: 8.11
[[34m2026-04-06 16:41:44[0m] (step=0015900) Loss: 11.5673, Base: 11.5673, Steps/Sec: 8.11
[[34m2026-04-06 16:41:56[0m] (step=0016000) Loss: 11.8414, Base: 11.8414, Steps/Sec: 8.11
[[34m2026-04-06 16:42:09[0m] (step=0016100) Loss: 11.4515, Base: 11.4515, Steps/Sec: 8.12
[[34m2026-04-06 16:42:21[0m] (step=0016200) Loss: 11.7807, Base: 11.7807, Steps/Sec: 8.12
[[34m2026-04-06 16:42:33[0m] (step=0016300) Loss: 11.6797, Base: 11.6797, Steps/Sec: 8.11
[[34m2026-04-06 16:42:45[0m] (step=0016400) Loss: 11.6047, Base: 11.6047, Steps/Sec: 8.11
[[34m2026-04-06 16:42:58[0m] (step=0016500) Loss: 11.6524, Base: 11.6524, Steps/Sec: 8.12
[[34m2026-04-06 16:43:10[0m] (step=0016600) Loss: 11.7355, Base: 11.7355, Steps/Sec: 8.12
[[34m2026-04-06 16:43:22[0m] (step=0016700) Loss: 11.6093, Base: 11.6093, Steps/Sec: 8.12
[[34m2026-04-06 16:43:35[0m] (step=0016800) Loss: 11.5422, Base: 11.5422, Steps/Sec: 8.12
[[34m2026-04-06 16:43:47[0m] (step=0016900) Loss: 11.6287, Base: 11.6287, Steps/Sec: 8.12
[[34m2026-04-06 16:43:59[0m] (step=0017000) Loss: 11.4751, Base: 11.4751, Steps/Sec: 8.12
[[34m2026-04-06 16:44:12[0m] (step=0017100) Loss: 11.5029, Base: 11.5029, Steps/Sec: 8.12
[[34m2026-04-06 16:44:24[0m] (step=0017200) Loss: 11.4783, Base: 11.4783, Steps/Sec: 8.12
[[34m2026-04-06 16:44:36[0m] (step=0017300) Loss: 11.4873, Base: 11.4873, Steps/Sec: 8.12
[[34m2026-04-06 16:44:49[0m] (step=0017400) Loss: 11.5995, Base: 11.5995, Steps/Sec: 8.12
[[34m2026-04-06 16:45:01[0m] (step=0017500) Loss: 11.7377, Base: 11.7377, Steps/Sec: 8.12
[[34m2026-04-06 16:45:13[0m] (step=0017600) Loss: 11.5138, Base: 11.5138, Steps/Sec: 8.12
[[34m2026-04-06 16:45:26[0m] (step=0017700) Loss: 11.6455, Base: 11.6455, Steps/Sec: 8.11
[[34m2026-04-06 16:45:38[0m] (step=0017800) Loss: 11.5668, Base: 11.5668, Steps/Sec: 8.11
[[34m2026-04-06 16:45:50[0m] (step=0017900) Loss: 11.8622, Base: 11.8622, Steps/Sec: 8.12
[[34m2026-04-06 16:46:03[0m] (step=0018000) Loss: 11.7262, Base: 11.7262, Steps/Sec: 8.12
[[34m2026-04-06 16:46:15[0m] (step=0018100) Loss: 11.6427, Base: 11.6427, Steps/Sec: 8.11
[[34m2026-04-06 16:46:27[0m] (step=0018200) Loss: 11.5718, Base: 11.5718, Steps/Sec: 8.11
[[34m2026-04-06 16:46:40[0m] (step=0018300) Loss: 11.5178, Base: 11.5178, Steps/Sec: 8.12
[[34m2026-04-06 16:46:52[0m] (step=0018400) Loss: 11.5180, Base: 11.5180, Steps/Sec: 8.12
[[34m2026-04-06 16:47:04[0m] (step=0018500) Loss: 11.5347, Base: 11.5347, Steps/Sec: 8.12
[[34m2026-04-06 16:47:17[0m] (step=0018600) Loss: 11.5975, Base: 11.5975, Steps/Sec: 8.10
[[34m2026-04-06 16:47:29[0m] (step=0018700) Loss: 11.6621, Base: 11.6621, Steps/Sec: 7.96
[[34m2026-04-06 16:47:41[0m] (step=0018800) Loss: 11.6106, Base: 11.6106, Steps/Sec: 8.11
[[34m2026-04-06 16:47:54[0m] (step=0018900) Loss: 11.6445, Base: 11.6445, Steps/Sec: 8.11
[[34m2026-04-06 16:48:06[0m] (step=0019000) Loss: 11.5900, Base: 11.5900, Steps/Sec: 7.90
[[34m2026-04-06 16:48:19[0m] (step=0019100) Loss: 11.5999, Base: 11.5999, Steps/Sec: 8.13
[[34m2026-04-06 16:48:31[0m] (step=0019200) Loss: 11.4926, Base: 11.4926, Steps/Sec: 8.13
[[34m2026-04-06 16:48:43[0m] (step=0019300) Loss: 11.4830, Base: 11.4830, Steps/Sec: 8.12
[[34m2026-04-06 16:48:56[0m] (step=0019400) Loss: 11.6294, Base: 11.6294, Steps/Sec: 8.13
[[34m2026-04-06 16:49:08[0m] (step=0019500) Loss: 11.4496, Base: 11.4496, Steps/Sec: 8.13
[[34m2026-04-06 16:49:20[0m] (step=0019600) Loss: 11.4141, Base: 11.4141, Steps/Sec: 8.13
[[34m2026-04-06 16:49:33[0m] (step=0019700) Loss: 11.4720, Base: 11.4720, Steps/Sec: 8.13
[[34m2026-04-06 16:49:45[0m] (step=0019800) Loss: 11.5416, Base: 11.5416, Steps/Sec: 8.12
[[34m2026-04-06 16:49:57[0m] (step=0019900) Loss: 11.6954, Base: 11.6954, Steps/Sec: 8.12
[[34m2026-04-06 16:50:10[0m] (step=0020000) Loss: 11.3317, Base: 11.3317, Steps/Sec: 8.12
[[34m2026-04-06 16:50:22[0m] (step=0020100) Loss: 11.7554, Base: 11.7554, Steps/Sec: 8.12
[[34m2026-04-06 16:50:34[0m] (step=0020200) Loss: 11.4093, Base: 11.4093, Steps/Sec: 8.13
[[34m2026-04-06 16:50:46[0m] (step=0020300) Loss: 11.6813, Base: 11.6813, Steps/Sec: 8.13
[[34m2026-04-06 16:50:59[0m] (step=0020400) Loss: 11.4986, Base: 11.4986, Steps/Sec: 8.13
[[34m2026-04-06 16:51:11[0m] (step=0020500) Loss: 11.5705, Base: 11.5705, Steps/Sec: 8.13
[[34m2026-04-06 16:51:23[0m] (step=0020600) Loss: 11.5510, Base: 11.5510, Steps/Sec: 8.13
[[34m2026-04-06 16:51:36[0m] (step=0020700) Loss: 11.6015, Base: 11.6015, Steps/Sec: 8.13
[[34m2026-04-06 16:51:48[0m] (step=0020800) Loss: 11.3145, Base: 11.3145, Steps/Sec: 8.13
[[34m2026-04-06 16:52:00[0m] (step=0020900) Loss: 11.5623, Base: 11.5623, Steps/Sec: 8.13
[[34m2026-04-06 16:52:13[0m] (step=0021000) Loss: 11.5224, Base: 11.5224, Steps/Sec: 8.13
[[34m2026-04-06 16:52:25[0m] (step=0021100) Loss: 11.5657, Base: 11.5657, Steps/Sec: 8.13
[[34m2026-04-06 16:52:37[0m] (step=0021200) Loss: 11.4812, Base: 11.4812, Steps/Sec: 8.13
[[34m2026-04-06 16:52:50[0m] (step=0021300) Loss: 11.6855, Base: 11.6855, Steps/Sec: 8.12
[[34m2026-04-06 16:53:02[0m] (step=0021400) Loss: 11.3902, Base: 11.3902, Steps/Sec: 8.13
[[34m2026-04-06 16:53:14[0m] (step=0021500) Loss: 11.4123, Base: 11.4123, Steps/Sec: 8.13
[[34m2026-04-06 16:53:26[0m] (step=0021600) Loss: 11.4481, Base: 11.4481, Steps/Sec: 8.13
[[34m2026-04-06 16:53:39[0m] (step=0021700) Loss: 11.4024, Base: 11.4024, Steps/Sec: 8.13
[[34m2026-04-06 16:53:51[0m] (step=0021800) Loss: 11.4522, Base: 11.4522, Steps/Sec: 8.13
[[34m2026-04-06 16:54:03[0m] (step=0021900) Loss: 11.5275, Base: 11.5275, Steps/Sec: 8.13
[[34m2026-04-06 16:54:16[0m] (step=0022000) Loss: 11.4916, Base: 11.4916, Steps/Sec: 8.13
[[34m2026-04-06 16:54:28[0m] (step=0022100) Loss: 11.6529, Base: 11.6529, Steps/Sec: 8.13
[[34m2026-04-06 16:54:40[0m] (step=0022200) Loss: 11.3821, Base: 11.3821, Steps/Sec: 8.12
[[34m2026-04-06 16:54:53[0m] (step=0022300) Loss: 11.5533, Base: 11.5533, Steps/Sec: 8.13
[[34m2026-04-06 16:55:05[0m] (step=0022400) Loss: 11.4816, Base: 11.4816, Steps/Sec: 7.74
[[34m2026-04-06 16:55:18[0m] (step=0022500) Loss: 11.5742, Base: 11.5742, Steps/Sec: 8.12
[[34m2026-04-06 16:55:30[0m] (step=0022600) Loss: 11.6291, Base: 11.6291, Steps/Sec: 8.12
[[34m2026-04-06 16:55:42[0m] (step=0022700) Loss: 11.4908, Base: 11.4908, Steps/Sec: 8.12
[[34m2026-04-06 16:55:55[0m] (step=0022800) Loss: 11.6345, Base: 11.6345, Steps/Sec: 8.12
[[34m2026-04-06 16:56:07[0m] (step=0022900) Loss: 11.4148, Base: 11.4148, Steps/Sec: 8.12
[[34m2026-04-06 16:56:19[0m] (step=0023000) Loss: 11.3283, Base: 11.3283, Steps/Sec: 8.12
[[34m2026-04-06 16:56:32[0m] (step=0023100) Loss: 11.6677, Base: 11.6677, Steps/Sec: 8.12
[[34m2026-04-06 16:56:44[0m] (step=0023200) Loss: 11.3612, Base: 11.3612, Steps/Sec: 8.12
[[34m2026-04-06 16:56:56[0m] (step=0023300) Loss: 11.6866, Base: 11.6866, Steps/Sec: 8.12
[[34m2026-04-06 16:57:09[0m] (step=0023400) Loss: 11.4241, Base: 11.4241, Steps/Sec: 8.12
[[34m2026-04-06 16:57:21[0m] (step=0023500) Loss: 11.4951, Base: 11.4951, Steps/Sec: 8.12
[[34m2026-04-06 16:57:33[0m] (step=0023600) Loss: 11.5626, Base: 11.5626, Steps/Sec: 8.12
[[34m2026-04-06 16:57:46[0m] (step=0023700) Loss: 11.4169, Base: 11.4169, Steps/Sec: 8.12
[[34m2026-04-06 16:57:58[0m] (step=0023800) Loss: 11.5589, Base: 11.5589, Steps/Sec: 8.02
[[34m2026-04-06 16:58:10[0m] (step=0023900) Loss: 11.5345, Base: 11.5345, Steps/Sec: 8.12
[[34m2026-04-06 16:58:23[0m] (step=0024000) Loss: 11.5942, Base: 11.5942, Steps/Sec: 8.12
[[34m2026-04-06 16:58:35[0m] (step=0024100) Loss: 11.5408, Base: 11.5408, Steps/Sec: 8.12
[[34m2026-04-06 16:58:47[0m] (step=0024200) Loss: 11.5463, Base: 11.5463, Steps/Sec: 8.12
[[34m2026-04-06 16:59:00[0m] (step=0024300) Loss: 11.5661, Base: 11.5661, Steps/Sec: 8.12
[[34m2026-04-06 16:59:12[0m] (step=0024400) Loss: 11.4169, Base: 11.4169, Steps/Sec: 8.13
[[34m2026-04-06 16:59:24[0m] (step=0024500) Loss: 11.4610, Base: 11.4610, Steps/Sec: 8.12
[[34m2026-04-06 16:59:37[0m] (step=0024600) Loss: 11.3874, Base: 11.3874, Steps/Sec: 8.12
[[34m2026-04-06 16:59:49[0m] (step=0024700) Loss: 11.5751, Base: 11.5751, Steps/Sec: 8.12
[[34m2026-04-06 17:00:01[0m] (step=0024800) Loss: 11.5317, Base: 11.5317, Steps/Sec: 8.12
[[34m2026-04-06 17:00:13[0m] (step=0024900) Loss: 11.4387, Base: 11.4387, Steps/Sec: 8.12
[[34m2026-04-06 17:00:26[0m] (step=0025000) Loss: 11.4303, Base: 11.4303, Steps/Sec: 8.12
[[34m2026-04-06 17:00:38[0m] (step=0025100) Loss: 11.6475, Base: 11.6475, Steps/Sec: 8.13
[[34m2026-04-06 17:00:50[0m] (step=0025200) Loss: 11.7023, Base: 11.7023, Steps/Sec: 8.12
[[34m2026-04-06 17:01:03[0m] (step=0025300) Loss: 11.3470, Base: 11.3470, Steps/Sec: 8.12
[[34m2026-04-06 17:01:15[0m] (step=0025400) Loss: 11.5079, Base: 11.5079, Steps/Sec: 8.13
[[34m2026-04-06 17:01:27[0m] (step=0025500) Loss: 11.3857, Base: 11.3857, Steps/Sec: 8.13
[[34m2026-04-06 17:01:40[0m] (step=0025600) Loss: 11.4961, Base: 11.4961, Steps/Sec: 8.13
[[34m2026-04-06 17:01:52[0m] (step=0025700) Loss: 11.5168, Base: 11.5168, Steps/Sec: 8.12
[[34m2026-04-06 17:02:04[0m] (step=0025800) Loss: 11.5153, Base: 11.5153, Steps/Sec: 8.13
[[34m2026-04-06 17:02:17[0m] (step=0025900) Loss: 11.4783, Base: 11.4783, Steps/Sec: 8.13
[[34m2026-04-06 17:02:29[0m] (step=0026000) Loss: 11.5695, Base: 11.5695, Steps/Sec: 8.12
[[34m2026-04-06 17:02:41[0m] (step=0026100) Loss: 11.4791, Base: 11.4791, Steps/Sec: 8.12
[[34m2026-04-06 17:02:53[0m] (step=0026200) Loss: 11.1345, Base: 11.1345, Steps/Sec: 8.13
[[34m2026-04-06 17:03:06[0m] (step=0026300) Loss: 11.3776, Base: 11.3776, Steps/Sec: 8.13
[[34m2026-04-06 17:03:18[0m] (step=0026400) Loss: 11.5439, Base: 11.5439, Steps/Sec: 8.13
[[34m2026-04-06 17:03:30[0m] (step=0026500) Loss: 11.4175, Base: 11.4175, Steps/Sec: 8.13
[[34m2026-04-06 17:03:43[0m] (step=0026600) Loss: 11.4606, Base: 11.4606, Steps/Sec: 8.13
[[34m2026-04-06 17:03:55[0m] (step=0026700) Loss: 11.5921, Base: 11.5921, Steps/Sec: 8.13
[[34m2026-04-06 17:04:07[0m] (step=0026800) Loss: 11.4991, Base: 11.4991, Steps/Sec: 8.12
[[34m2026-04-06 17:04:20[0m] (step=0026900) Loss: 11.3216, Base: 11.3216, Steps/Sec: 8.12
[[34m2026-04-06 17:04:32[0m] (step=0027000) Loss: 11.5791, Base: 11.5791, Steps/Sec: 8.12
[[34m2026-04-06 17:04:44[0m] (step=0027100) Loss: 11.5209, Base: 11.5209, Steps/Sec: 8.12
[[34m2026-04-06 17:04:57[0m] (step=0027200) Loss: 11.4456, Base: 11.4456, Steps/Sec: 8.11
[[34m2026-04-06 17:05:09[0m] (step=0027300) Loss: 11.3455, Base: 11.3455, Steps/Sec: 8.12
[[34m2026-04-06 17:05:21[0m] (step=0027400) Loss: 11.3305, Base: 11.3305, Steps/Sec: 8.12
[[34m2026-04-06 17:05:34[0m] (step=0027500) Loss: 11.3210, Base: 11.3210, Steps/Sec: 8.12
[[34m2026-04-06 17:05:46[0m] (step=0027600) Loss: 11.0957, Base: 11.0957, Steps/Sec: 8.13
[[34m2026-04-06 17:05:58[0m] (step=0027700) Loss: 11.5038, Base: 11.5038, Steps/Sec: 8.13
[[34m2026-04-06 17:06:10[0m] (step=0027800) Loss: 11.6247, Base: 11.6247, Steps/Sec: 8.12
[[34m2026-04-06 17:06:23[0m] (step=0027900) Loss: 11.5008, Base: 11.5008, Steps/Sec: 8.13
[[34m2026-04-06 17:06:35[0m] (step=0028000) Loss: 11.3193, Base: 11.3193, Steps/Sec: 8.13
[[34m2026-04-06 17:06:47[0m] (step=0028100) Loss: 11.3165, Base: 11.3165, Steps/Sec: 8.03
[[34m2026-04-06 17:07:00[0m] (step=0028200) Loss: 11.3869, Base: 11.3869, Steps/Sec: 8.12
[[34m2026-04-06 17:07:12[0m] (step=0028300) Loss: 11.3404, Base: 11.3404, Steps/Sec: 8.13
[[34m2026-04-06 17:07:24[0m] (step=0028400) Loss: 11.4413, Base: 11.4413, Steps/Sec: 8.13
[[34m2026-04-06 17:07:37[0m] (step=0028500) Loss: 11.3257, Base: 11.3257, Steps/Sec: 8.13
[[34m2026-04-06 17:07:49[0m] (step=0028600) Loss: 11.5089, Base: 11.5089, Steps/Sec: 8.13
[[34m2026-04-06 17:08:01[0m] (step=0028700) Loss: 11.4329, Base: 11.4329, Steps/Sec: 8.13
[[34m2026-04-06 17:08:14[0m] (step=0028800) Loss: 11.5092, Base: 11.5092, Steps/Sec: 8.13
[[34m2026-04-06 17:08:26[0m] (step=0028900) Loss: 11.4706, Base: 11.4706, Steps/Sec: 8.12
[[34m2026-04-06 17:08:38[0m] (step=0029000) Loss: 11.2377, Base: 11.2377, Steps/Sec: 8.12
[[34m2026-04-06 17:08:51[0m] (step=0029100) Loss: 11.4201, Base: 11.4201, Steps/Sec: 8.12
[[34m2026-04-06 17:09:03[0m] (step=0029200) Loss: 11.4602, Base: 11.4602, Steps/Sec: 8.13
[[34m2026-04-06 17:09:15[0m] (step=0029300) Loss: 11.3743, Base: 11.3743, Steps/Sec: 8.13
[[34m2026-04-06 17:09:27[0m] (step=0029400) Loss: 11.4128, Base: 11.4128, Steps/Sec: 8.13
[[34m2026-04-06 17:09:40[0m] (step=0029500) Loss: 11.4999, Base: 11.4999, Steps/Sec: 8.13
[[34m2026-04-06 17:09:52[0m] (step=0029600) Loss: 11.4506, Base: 11.4506, Steps/Sec: 8.13
[[34m2026-04-06 17:10:04[0m] (step=0029700) Loss: 11.3962, Base: 11.3962, Steps/Sec: 8.13
[[34m2026-04-06 17:10:17[0m] (step=0029800) Loss: 11.6588, Base: 11.6588, Steps/Sec: 8.13
[[34m2026-04-06 17:10:29[0m] (step=0029900) Loss: 11.3391, Base: 11.3391, Steps/Sec: 8.13
[[34m2026-04-06 17:10:41[0m] (step=0030000) Loss: 11.3774, Base: 11.3774, Steps/Sec: 8.13
[[34m2026-04-06 17:10:54[0m] (step=0030100) Loss: 11.4918, Base: 11.4918, Steps/Sec: 8.13
[[34m2026-04-06 17:11:06[0m] (step=0030200) Loss: 11.1854, Base: 11.1854, Steps/Sec: 8.12
[[34m2026-04-06 17:11:18[0m] (step=0030300) Loss: 11.2367, Base: 11.2367, Steps/Sec: 8.13
[[34m2026-04-06 17:11:31[0m] (step=0030400) Loss: 11.4007, Base: 11.4007, Steps/Sec: 8.13
[[34m2026-04-06 17:11:43[0m] (step=0030500) Loss: 11.4633, Base: 11.4633, Steps/Sec: 8.12
[[34m2026-04-06 17:11:55[0m] (step=0030600) Loss: 11.0878, Base: 11.0878, Steps/Sec: 8.13
[[34m2026-04-06 17:12:07[0m] (step=0030700) Loss: 11.3530, Base: 11.3530, Steps/Sec: 8.13
[[34m2026-04-06 17:12:20[0m] (step=0030800) Loss: 11.3013, Base: 11.3013, Steps/Sec: 8.13
[[34m2026-04-06 17:12:32[0m] (step=0030900) Loss: 11.3555, Base: 11.3555, Steps/Sec: 8.13
[[34m2026-04-06 17:12:44[0m] (step=0031000) Loss: 11.3156, Base: 11.3156, Steps/Sec: 8.12
[[34m2026-04-06 17:12:57[0m] (step=0031100) Loss: 11.2987, Base: 11.2987, Steps/Sec: 8.12
[[34m2026-04-06 17:13:09[0m] (step=0031200) Loss: 11.5669, Base: 11.5669, Steps/Sec: 8.13
[[34m2026-04-06 17:13:21[0m] (step=0031300) Loss: 11.5092, Base: 11.5092, Steps/Sec: 8.12
[[34m2026-04-06 17:13:34[0m] (step=0031400) Loss: 11.1741, Base: 11.1741, Steps/Sec: 8.12
[[34m2026-04-06 17:13:46[0m] (step=0031500) Loss: 11.2539, Base: 11.2539, Steps/Sec: 8.12
[[34m2026-04-06 17:13:58[0m] (step=0031600) Loss: 11.2395, Base: 11.2395, Steps/Sec: 8.13
[[34m2026-04-06 17:14:11[0m] (step=0031700) Loss: 11.3356, Base: 11.3356, Steps/Sec: 8.13
[[34m2026-04-06 17:14:23[0m] (step=0031800) Loss: 11.5964, Base: 11.5964, Steps/Sec: 8.13
[[34m2026-04-06 17:14:35[0m] (step=0031900) Loss: 11.3448, Base: 11.3448, Steps/Sec: 8.12
[[34m2026-04-06 17:14:47[0m] (step=0032000) Loss: 11.3532, Base: 11.3532, Steps/Sec: 8.13
[[34m2026-04-06 17:15:00[0m] (step=0032100) Loss: 11.1671, Base: 11.1671, Steps/Sec: 8.13
[[34m2026-04-06 17:15:12[0m] (step=0032200) Loss: 11.1958, Base: 11.1958, Steps/Sec: 8.12
[[34m2026-04-06 17:15:24[0m] (step=0032300) Loss: 11.3993, Base: 11.3993, Steps/Sec: 8.11
[[34m2026-04-06 17:15:37[0m] (step=0032400) Loss: 11.3200, Base: 11.3200, Steps/Sec: 8.12
[[34m2026-04-06 17:15:49[0m] (step=0032500) Loss: 11.5960, Base: 11.5960, Steps/Sec: 8.12
[[34m2026-04-06 17:16:01[0m] (step=0032600) Loss: 11.4025, Base: 11.4025, Steps/Sec: 8.13
[[34m2026-04-06 17:16:14[0m] (step=0032700) Loss: 11.3357, Base: 11.3357, Steps/Sec: 8.12
[[34m2026-04-06 17:16:26[0m] (step=0032800) Loss: 11.1891, Base: 11.1891, Steps/Sec: 8.13
[[34m2026-04-06 17:16:38[0m] (step=0032900) Loss: 11.3656, Base: 11.3656, Steps/Sec: 8.13
[[34m2026-04-06 17:16:51[0m] (step=0033000) Loss: 11.0914, Base: 11.0914, Steps/Sec: 8.13
[[34m2026-04-06 17:17:03[0m] (step=0033100) Loss: 11.1608, Base: 11.1608, Steps/Sec: 8.12
[[34m2026-04-06 17:17:15[0m] (step=0033200) Loss: 11.3852, Base: 11.3852, Steps/Sec: 8.13
[[34m2026-04-06 17:17:27[0m] (step=0033300) Loss: 11.3119, Base: 11.3119, Steps/Sec: 8.13
[[34m2026-04-06 17:17:40[0m] (step=0033400) Loss: 11.5206, Base: 11.5206, Steps/Sec: 8.13
[[34m2026-04-06 17:17:52[0m] (step=0033500) Loss: 11.3319, Base: 11.3319, Steps/Sec: 8.13
[[34m2026-04-06 17:18:04[0m] (step=0033600) Loss: 11.3448, Base: 11.3448, Steps/Sec: 8.13
[[34m2026-04-06 17:18:17[0m] (step=0033700) Loss: 11.1858, Base: 11.1858, Steps/Sec: 8.12
[[34m2026-04-06 17:18:29[0m] (step=0033800) Loss: 11.4630, Base: 11.4630, Steps/Sec: 8.12
[[34m2026-04-06 17:18:41[0m] (step=0033900) Loss: 11.3225, Base: 11.3225, Steps/Sec: 8.12
[[34m2026-04-06 17:18:54[0m] (step=0034000) Loss: 11.2338, Base: 11.2338, Steps/Sec: 8.13
[[34m2026-04-06 17:19:06[0m] (step=0034100) Loss: 11.4082, Base: 11.4082, Steps/Sec: 8.13
[[34m2026-04-06 17:19:18[0m] (step=0034200) Loss: 11.3071, Base: 11.3071, Steps/Sec: 8.13
[[34m2026-04-06 17:19:31[0m] (step=0034300) Loss: 11.3490, Base: 11.3490, Steps/Sec: 8.13
[[34m2026-04-06 17:19:43[0m] (step=0034400) Loss: 11.3306, Base: 11.3306, Steps/Sec: 8.13
[[34m2026-04-06 17:19:55[0m] (step=0034500) Loss: 11.2634, Base: 11.2634, Steps/Sec: 8.13
[[34m2026-04-06 17:20:07[0m] (step=0034600) Loss: 11.4617, Base: 11.4617, Steps/Sec: 8.12
[[34m2026-04-06 17:20:20[0m] (step=0034700) Loss: 11.2489, Base: 11.2489, Steps/Sec: 8.12
[[34m2026-04-06 17:20:32[0m] (step=0034800) Loss: 11.3503, Base: 11.3503, Steps/Sec: 8.13
[[34m2026-04-06 17:20:44[0m] (step=0034900) Loss: 11.2826, Base: 11.2826, Steps/Sec: 8.12
[[34m2026-04-06 17:20:57[0m] (step=0035000) Loss: 11.2193, Base: 11.2193, Steps/Sec: 8.12
[[34m2026-04-06 17:21:09[0m] (step=0035100) Loss: 11.3093, Base: 11.3093, Steps/Sec: 8.12
[[34m2026-04-06 17:21:21[0m] (step=0035200) Loss: 11.2880, Base: 11.2880, Steps/Sec: 8.12
[[34m2026-04-06 17:21:34[0m] (step=0035300) Loss: 11.2703, Base: 11.2703, Steps/Sec: 8.13
[[34m2026-04-06 17:21:46[0m] (step=0035400) Loss: 11.4799, Base: 11.4799, Steps/Sec: 8.12
[[34m2026-04-06 17:21:58[0m] (step=0035500) Loss: 11.3224, Base: 11.3224, Steps/Sec: 8.12
[[34m2026-04-06 17:22:11[0m] (step=0035600) Loss: 11.2361, Base: 11.2361, Steps/Sec: 8.12
[[34m2026-04-06 17:22:23[0m] (step=0035700) Loss: 11.3680, Base: 11.3680, Steps/Sec: 8.12
[[34m2026-04-06 17:22:35[0m] (step=0035800) Loss: 11.3767, Base: 11.3767, Steps/Sec: 8.12
[[34m2026-04-06 17:22:48[0m] (step=0035900) Loss: 11.2522, Base: 11.2522, Steps/Sec: 8.13
[[34m2026-04-06 17:23:00[0m] (step=0036000) Loss: 11.2992, Base: 11.2992, Steps/Sec: 8.12
[[34m2026-04-06 17:23:12[0m] (step=0036100) Loss: 11.3535, Base: 11.3535, Steps/Sec: 8.13
[[34m2026-04-06 17:23:24[0m] (step=0036200) Loss: 11.3713, Base: 11.3713, Steps/Sec: 8.13
[[34m2026-04-06 17:23:37[0m] (step=0036300) Loss: 11.0914, Base: 11.0914, Steps/Sec: 8.12
[[34m2026-04-06 17:23:49[0m] (step=0036400) Loss: 11.3031, Base: 11.3031, Steps/Sec: 8.13
[[34m2026-04-06 17:24:01[0m] (step=0036500) Loss: 11.2177, Base: 11.2177, Steps/Sec: 8.12
[[34m2026-04-06 17:24:14[0m] (step=0036600) Loss: 11.2832, Base: 11.2832, Steps/Sec: 8.12
[[34m2026-04-06 17:24:26[0m] (step=0036700) Loss: 11.2984, Base: 11.2984, Steps/Sec: 8.13
[[34m2026-04-06 17:24:38[0m] (step=0036800) Loss: 11.2119, Base: 11.2119, Steps/Sec: 8.12
[[34m2026-04-06 17:24:51[0m] (step=0036900) Loss: 11.3308, Base: 11.3308, Steps/Sec: 8.12
[[34m2026-04-06 17:25:03[0m] (step=0037000) Loss: 11.3475, Base: 11.3475, Steps/Sec: 8.12
[[34m2026-04-06 17:25:15[0m] (step=0037100) Loss: 11.1524, Base: 11.1524, Steps/Sec: 8.12
[[34m2026-04-06 17:25:28[0m] (step=0037200) Loss: 11.3805, Base: 11.3805, Steps/Sec: 8.13
[[34m2026-04-06 17:25:40[0m] (step=0037300) Loss: 11.2993, Base: 11.2993, Steps/Sec: 8.13
[[34m2026-04-06 17:25:52[0m] (step=0037400) Loss: 11.2777, Base: 11.2777, Steps/Sec: 8.13
[[34m2026-04-06 17:26:04[0m] (step=0037500) Loss: 11.3188, Base: 11.3188, Steps/Sec: 8.12
[[34m2026-04-06 17:26:17[0m] (step=0037600) Loss: 11.2563, Base: 11.2563, Steps/Sec: 8.12
[[34m2026-04-06 17:26:29[0m] (step=0037700) Loss: 11.3461, Base: 11.3461, Steps/Sec: 8.13
[[34m2026-04-06 17:26:41[0m] (step=0037800) Loss: 11.4626, Base: 11.4626, Steps/Sec: 8.13
[[34m2026-04-06 17:26:54[0m] (step=0037900) Loss: 11.2353, Base: 11.2353, Steps/Sec: 8.12
[[34m2026-04-06 17:27:06[0m] (step=0038000) Loss: 11.4807, Base: 11.4807, Steps/Sec: 8.12
[[34m2026-04-06 17:27:18[0m] (step=0038100) Loss: 11.3156, Base: 11.3156, Steps/Sec: 8.12
[[34m2026-04-06 17:27:31[0m] (step=0038200) Loss: 11.2797, Base: 11.2797, Steps/Sec: 8.01
[[34m2026-04-06 17:27:43[0m] (step=0038300) Loss: 11.3003, Base: 11.3003, Steps/Sec: 8.12
[[34m2026-04-06 17:27:55[0m] (step=0038400) Loss: 11.3307, Base: 11.3307, Steps/Sec: 8.12
[[34m2026-04-06 17:28:08[0m] (step=0038500) Loss: 11.4460, Base: 11.4460, Steps/Sec: 8.12
[[34m2026-04-06 17:28:20[0m] (step=0038600) Loss: 11.3212, Base: 11.3212, Steps/Sec: 8.12
[[34m2026-04-06 17:28:32[0m] (step=0038700) Loss: 11.2936, Base: 11.2936, Steps/Sec: 8.12
[[34m2026-04-06 17:28:45[0m] (step=0038800) Loss: 11.3651, Base: 11.3651, Steps/Sec: 8.12
[[34m2026-04-06 17:28:57[0m] (step=0038900) Loss: 11.4036, Base: 11.4036, Steps/Sec: 8.12
[[34m2026-04-06 17:29:09[0m] (step=0039000) Loss: 11.2274, Base: 11.2274, Steps/Sec: 8.12
[[34m2026-04-06 17:29:22[0m] (step=0039100) Loss: 11.1255, Base: 11.1255, Steps/Sec: 8.13
[[34m2026-04-06 17:29:34[0m] (step=0039200) Loss: 11.2521, Base: 11.2521, Steps/Sec: 8.13
[[34m2026-04-06 17:29:46[0m] (step=0039300) Loss: 11.3080, Base: 11.3080, Steps/Sec: 8.13
[[34m2026-04-06 17:29:59[0m] (step=0039400) Loss: 11.4444, Base: 11.4444, Steps/Sec: 8.13
[[34m2026-04-06 17:30:11[0m] (step=0039500) Loss: 11.5059, Base: 11.5059, Steps/Sec: 8.13
[[34m2026-04-06 17:30:23[0m] (step=0039600) Loss: 11.4266, Base: 11.4266, Steps/Sec: 8.13
[[34m2026-04-06 17:30:35[0m] (step=0039700) Loss: 11.3966, Base: 11.3966, Steps/Sec: 8.13
[[34m2026-04-06 17:30:48[0m] (step=0039800) Loss: 11.4164, Base: 11.4164, Steps/Sec: 8.13
[[34m2026-04-06 17:31:00[0m] (step=0039900) Loss: 11.4846, Base: 11.4846, Steps/Sec: 8.13
[[34m2026-04-06 17:31:12[0m] (step=0040000) Loss: 11.2683, Base: 11.2683, Steps/Sec: 8.13
[[34m2026-04-06 17:31:25[0m] (step=0040100) Loss: 11.4622, Base: 11.4622, Steps/Sec: 8.12
[[34m2026-04-06 17:31:37[0m] (step=0040200) Loss: 11.1884, Base: 11.1884, Steps/Sec: 8.12
[[34m2026-04-06 17:31:49[0m] (step=0040300) Loss: 11.2911, Base: 11.2911, Steps/Sec: 8.13
[[34m2026-04-06 17:32:02[0m] (step=0040400) Loss: 11.1367, Base: 11.1367, Steps/Sec: 8.13
[[34m2026-04-06 17:32:14[0m] (step=0040500) Loss: 11.1907, Base: 11.1907, Steps/Sec: 8.13
[[34m2026-04-06 17:32:26[0m] (step=0040600) Loss: 11.5020, Base: 11.5020, Steps/Sec: 8.13
[[34m2026-04-06 17:32:39[0m] (step=0040700) Loss: 11.2754, Base: 11.2754, Steps/Sec: 8.12
[[34m2026-04-06 17:32:51[0m] (step=0040800) Loss: 11.2484, Base: 11.2484, Steps/Sec: 8.13
[[34m2026-04-06 17:33:03[0m] (step=0040900) Loss: 11.2693, Base: 11.2693, Steps/Sec: 8.13
[[34m2026-04-06 17:33:15[0m] (step=0041000) Loss: 11.3926, Base: 11.3926, Steps/Sec: 8.13
[[34m2026-04-06 17:33:28[0m] (step=0041100) Loss: 11.4597, Base: 11.4597, Steps/Sec: 8.13
[[34m2026-04-06 17:33:40[0m] (step=0041200) Loss: 11.3036, Base: 11.3036, Steps/Sec: 8.12
[[34m2026-04-06 17:33:52[0m] (step=0041300) Loss: 11.3425, Base: 11.3425, Steps/Sec: 8.13
[[34m2026-04-06 17:34:05[0m] (step=0041400) Loss: 11.3224, Base: 11.3224, Steps/Sec: 8.12
[[34m2026-04-06 17:34:17[0m] (step=0041500) Loss: 11.3465, Base: 11.3465, Steps/Sec: 8.13
[[34m2026-04-06 17:34:29[0m] (step=0041600) Loss: 11.3225, Base: 11.3225, Steps/Sec: 8.13
[[34m2026-04-06 17:34:42[0m] (step=0041700) Loss: 11.3358, Base: 11.3358, Steps/Sec: 8.13
[[34m2026-04-06 17:34:54[0m] (step=0041800) Loss: 11.3308, Base: 11.3308, Steps/Sec: 8.13
[[34m2026-04-06 17:35:06[0m] (step=0041900) Loss: 11.2695, Base: 11.2695, Steps/Sec: 8.13
[[34m2026-04-06 17:35:18[0m] (step=0042000) Loss: 11.4278, Base: 11.4278, Steps/Sec: 8.12
[[34m2026-04-06 17:35:31[0m] (step=0042100) Loss: 11.2307, Base: 11.2307, Steps/Sec: 8.12
[[34m2026-04-06 17:35:43[0m] (step=0042200) Loss: 11.0246, Base: 11.0246, Steps/Sec: 8.13
[[34m2026-04-06 17:35:55[0m] (step=0042300) Loss: 11.2353, Base: 11.2353, Steps/Sec: 8.13
[[34m2026-04-06 17:36:08[0m] (step=0042400) Loss: 11.1059, Base: 11.1059, Steps/Sec: 8.13
[[34m2026-04-06 17:36:20[0m] (step=0042500) Loss: 11.3316, Base: 11.3316, Steps/Sec: 8.12
[[34m2026-04-06 17:36:32[0m] (step=0042600) Loss: 11.1676, Base: 11.1676, Steps/Sec: 8.12
[[34m2026-04-06 17:36:45[0m] (step=0042700) Loss: 11.2241, Base: 11.2241, Steps/Sec: 8.12
[[34m2026-04-06 17:36:57[0m] (step=0042800) Loss: 11.2916, Base: 11.2916, Steps/Sec: 8.13
[[34m2026-04-06 17:37:09[0m] (step=0042900) Loss: 11.1486, Base: 11.1486, Steps/Sec: 8.13
[[34m2026-04-06 17:37:22[0m] (step=0043000) Loss: 11.4065, Base: 11.4065, Steps/Sec: 8.12
[[34m2026-04-06 17:37:34[0m] (step=0043100) Loss: 11.2159, Base: 11.2159, Steps/Sec: 8.13
[[34m2026-04-06 17:37:46[0m] (step=0043200) Loss: 11.3089, Base: 11.3089, Steps/Sec: 8.13
[[34m2026-04-06 17:37:58[0m] (step=0043300) Loss: 11.1386, Base: 11.1386, Steps/Sec: 8.12
[[34m2026-04-06 17:38:11[0m] (step=0043400) Loss: 11.2737, Base: 11.2737, Steps/Sec: 8.13
[[34m2026-04-06 17:38:23[0m] (step=0043500) Loss: 11.3820, Base: 11.3820, Steps/Sec: 8.13
[[34m2026-04-06 17:38:35[0m] (step=0043600) Loss: 11.2114, Base: 11.2114, Steps/Sec: 8.13
[[34m2026-04-06 17:38:48[0m] (step=0043700) Loss: 11.2438, Base: 11.2438, Steps/Sec: 8.12
[[34m2026-04-06 17:39:00[0m] (step=0043800) Loss: 11.2463, Base: 11.2463, Steps/Sec: 8.13
[[34m2026-04-06 17:39:12[0m] (step=0043900) Loss: 11.0388, Base: 11.0388, Steps/Sec: 8.13
[[34m2026-04-06 17:39:25[0m] (step=0044000) Loss: 11.4212, Base: 11.4212, Steps/Sec: 8.12
[[34m2026-04-06 17:39:37[0m] (step=0044100) Loss: 11.2992, Base: 11.2992, Steps/Sec: 8.13
[[34m2026-04-06 17:39:49[0m] (step=0044200) Loss: 11.3157, Base: 11.3157, Steps/Sec: 8.12
[[34m2026-04-06 17:40:02[0m] (step=0044300) Loss: 11.1191, Base: 11.1191, Steps/Sec: 8.11
[[34m2026-04-06 17:40:14[0m] (step=0044400) Loss: 11.0585, Base: 11.0585, Steps/Sec: 8.13
[[34m2026-04-06 17:40:26[0m] (step=0044500) Loss: 11.1771, Base: 11.1771, Steps/Sec: 8.12
[[34m2026-04-06 17:40:38[0m] (step=0044600) Loss: 11.3140, Base: 11.3140, Steps/Sec: 8.13
[[34m2026-04-06 17:40:51[0m] (step=0044700) Loss: 11.2237, Base: 11.2237, Steps/Sec: 8.12
[[34m2026-04-06 17:41:03[0m] (step=0044800) Loss: 11.2015, Base: 11.2015, Steps/Sec: 8.13
[[34m2026-04-06 17:41:15[0m] (step=0044900) Loss: 11.2679, Base: 11.2679, Steps/Sec: 8.13
[[34m2026-04-06 17:41:28[0m] (step=0045000) Loss: 11.3286, Base: 11.3286, Steps/Sec: 8.13
[[34m2026-04-06 17:41:40[0m] (step=0045100) Loss: 11.2954, Base: 11.2954, Steps/Sec: 8.12
[[34m2026-04-06 17:41:52[0m] (step=0045200) Loss: 11.3826, Base: 11.3826, Steps/Sec: 8.13
[[34m2026-04-06 17:42:05[0m] (step=0045300) Loss: 11.3565, Base: 11.3565, Steps/Sec: 8.13
[[34m2026-04-06 17:42:17[0m] (step=0045400) Loss: 11.0504, Base: 11.0504, Steps/Sec: 8.12
[[34m2026-04-06 17:42:29[0m] (step=0045500) Loss: 11.4205, Base: 11.4205, Steps/Sec: 8.13
[[34m2026-04-06 17:42:42[0m] (step=0045600) Loss: 11.2079, Base: 11.2079, Steps/Sec: 8.13
[[34m2026-04-06 17:42:54[0m] (step=0045700) Loss: 11.1214, Base: 11.1214, Steps/Sec: 8.12
[[34m2026-04-06 17:43:06[0m] (step=0045800) Loss: 11.3069, Base: 11.3069, Steps/Sec: 8.12
[[34m2026-04-06 17:43:18[0m] (step=0045900) Loss: 11.2694, Base: 11.2694, Steps/Sec: 8.12
[[34m2026-04-06 17:43:31[0m] (step=0046000) Loss: 11.3906, Base: 11.3906, Steps/Sec: 8.13
[[34m2026-04-06 17:43:43[0m] (step=0046100) Loss: 11.0707, Base: 11.0707, Steps/Sec: 8.13
[[34m2026-04-06 17:43:55[0m] (step=0046200) Loss: 11.1936, Base: 11.1936, Steps/Sec: 8.13
[[34m2026-04-06 17:44:08[0m] (step=0046300) Loss: 11.2893, Base: 11.2893, Steps/Sec: 8.12
[[34m2026-04-06 17:44:20[0m] (step=0046400) Loss: 11.2437, Base: 11.2437, Steps/Sec: 8.13
[[34m2026-04-06 17:44:32[0m] (step=0046500) Loss: 11.1050, Base: 11.1050, Steps/Sec: 8.13
[[34m2026-04-06 17:44:45[0m] (step=0046600) Loss: 11.2538, Base: 11.2538, Steps/Sec: 8.13
[[34m2026-04-06 17:44:57[0m] (step=0046700) Loss: 11.2395, Base: 11.2395, Steps/Sec: 8.12
[[34m2026-04-06 17:45:09[0m] (step=0046800) Loss: 11.2705, Base: 11.2705, Steps/Sec: 8.13
[[34m2026-04-06 17:45:22[0m] (step=0046900) Loss: 11.2231, Base: 11.2231, Steps/Sec: 8.13
[[34m2026-04-06 17:45:34[0m] (step=0047000) Loss: 11.2003, Base: 11.2003, Steps/Sec: 8.13
[[34m2026-04-06 17:45:46[0m] (step=0047100) Loss: 11.4341, Base: 11.4341, Steps/Sec: 8.13
[[34m2026-04-06 17:45:58[0m] (step=0047200) Loss: 11.1792, Base: 11.1792, Steps/Sec: 8.13
[[34m2026-04-06 17:46:11[0m] (step=0047300) Loss: 11.2305, Base: 11.2305, Steps/Sec: 8.13
[[34m2026-04-06 17:46:23[0m] (step=0047400) Loss: 11.1503, Base: 11.1503, Steps/Sec: 8.13
[[34m2026-04-06 17:46:35[0m] (step=0047500) Loss: 11.1523, Base: 11.1523, Steps/Sec: 8.13
[[34m2026-04-06 17:46:48[0m] (step=0047600) Loss: 11.1330, Base: 11.1330, Steps/Sec: 8.13
[[34m2026-04-06 17:47:00[0m] (step=0047700) Loss: 11.2435, Base: 11.2435, Steps/Sec: 8.13
[[34m2026-04-06 17:47:12[0m] (step=0047800) Loss: 11.3544, Base: 11.3544, Steps/Sec: 8.13
[[34m2026-04-06 17:47:25[0m] (step=0047900) Loss: 11.1205, Base: 11.1205, Steps/Sec: 8.13
[[34m2026-04-06 17:47:37[0m] (step=0048000) Loss: 11.0226, Base: 11.0226, Steps/Sec: 8.12
[[34m2026-04-06 17:47:49[0m] (step=0048100) Loss: 11.1880, Base: 11.1880, Steps/Sec: 8.12
[[34m2026-04-06 17:48:01[0m] (step=0048200) Loss: 11.2694, Base: 11.2694, Steps/Sec: 8.13
[[34m2026-04-06 17:48:14[0m] (step=0048300) Loss: 11.0653, Base: 11.0653, Steps/Sec: 8.13
[[34m2026-04-06 17:48:26[0m] (step=0048400) Loss: 11.1928, Base: 11.1928, Steps/Sec: 8.13
[[34m2026-04-06 17:48:38[0m] (step=0048500) Loss: 11.2291, Base: 11.2291, Steps/Sec: 8.13
[[34m2026-04-06 17:48:51[0m] (step=0048600) Loss: 11.2611, Base: 11.2611, Steps/Sec: 8.13
[[34m2026-04-06 17:49:03[0m] (step=0048700) Loss: 11.3723, Base: 11.3723, Steps/Sec: 8.13
[[34m2026-04-06 17:49:15[0m] (step=0048800) Loss: 11.0481, Base: 11.0481, Steps/Sec: 8.12
[[34m2026-04-06 17:49:28[0m] (step=0048900) Loss: 11.1291, Base: 11.1291, Steps/Sec: 8.13
[[34m2026-04-06 17:49:40[0m] (step=0049000) Loss: 11.3385, Base: 11.3385, Steps/Sec: 8.13
[[34m2026-04-06 17:49:52[0m] (step=0049100) Loss: 11.2331, Base: 11.2331, Steps/Sec: 8.13
[[34m2026-04-06 17:50:05[0m] (step=0049200) Loss: 11.1203, Base: 11.1203, Steps/Sec: 8.11
[[34m2026-04-06 17:50:17[0m] (step=0049300) Loss: 11.2348, Base: 11.2348, Steps/Sec: 8.13
[[34m2026-04-06 17:50:29[0m] (step=0049400) Loss: 11.2455, Base: 11.2455, Steps/Sec: 8.13
[[34m2026-04-06 17:50:41[0m] (step=0049500) Loss: 11.0862, Base: 11.0862, Steps/Sec: 8.12
[[34m2026-04-06 17:50:54[0m] (step=0049600) Loss: 11.2142, Base: 11.2142, Steps/Sec: 8.13
[[34m2026-04-06 17:51:06[0m] (step=0049700) Loss: 11.1370, Base: 11.1370, Steps/Sec: 8.12
[[34m2026-04-06 17:51:18[0m] (step=0049800) Loss: 11.1169, Base: 11.1169, Steps/Sec: 8.13
[[34m2026-04-06 17:51:31[0m] (step=0049900) Loss: 11.2638, Base: 11.2638, Steps/Sec: 8.13
[[34m2026-04-06 17:51:43[0m] (step=0050000) Loss: 11.2583, Base: 11.2583, Steps/Sec: 8.13
[[34m2026-04-06 17:51:55[0m] (step=0050100) Loss: 11.2569, Base: 11.2569, Steps/Sec: 8.13
[[34m2026-04-06 17:52:08[0m] (step=0050200) Loss: 11.2350, Base: 11.2350, Steps/Sec: 8.13
[[34m2026-04-06 17:52:20[0m] (step=0050300) Loss: 11.2341, Base: 11.2341, Steps/Sec: 8.12
[[34m2026-04-06 17:52:32[0m] (step=0050400) Loss: 11.0782, Base: 11.0782, Steps/Sec: 8.12
[[34m2026-04-06 17:52:45[0m] (step=0050500) Loss: 11.1997, Base: 11.1997, Steps/Sec: 8.12
[[34m2026-04-06 17:52:57[0m] (step=0050600) Loss: 11.1761, Base: 11.1761, Steps/Sec: 8.13
[[34m2026-04-06 17:53:09[0m] (step=0050700) Loss: 11.0825, Base: 11.0825, Steps/Sec: 8.13
[[34m2026-04-06 17:53:21[0m] (step=0050800) Loss: 11.1735, Base: 11.1735, Steps/Sec: 8.13
[[34m2026-04-06 17:53:34[0m] (step=0050900) Loss: 11.2836, Base: 11.2836, Steps/Sec: 7.98
[[34m2026-04-06 17:53:46[0m] (step=0051000) Loss: 11.2098, Base: 11.2098, Steps/Sec: 8.12
[[34m2026-04-06 17:53:59[0m] (step=0051100) Loss: 11.3777, Base: 11.3777, Steps/Sec: 8.12
[[34m2026-04-06 17:54:11[0m] (step=0051200) Loss: 11.3905, Base: 11.3905, Steps/Sec: 8.13
[[34m2026-04-06 17:54:23[0m] (step=0051300) Loss: 11.1816, Base: 11.1816, Steps/Sec: 8.12
[[34m2026-04-06 17:54:36[0m] (step=0051400) Loss: 11.1644, Base: 11.1644, Steps/Sec: 8.12
[[34m2026-04-06 17:54:48[0m] (step=0051500) Loss: 11.2193, Base: 11.2193, Steps/Sec: 8.12
[[34m2026-04-06 17:55:00[0m] (step=0051600) Loss: 11.2581, Base: 11.2581, Steps/Sec: 8.13
[[34m2026-04-06 17:55:12[0m] (step=0051700) Loss: 11.1538, Base: 11.1538, Steps/Sec: 8.13
[[34m2026-04-06 17:55:25[0m] (step=0051800) Loss: 11.2103, Base: 11.2103, Steps/Sec: 7.69
[[34m2026-04-06 17:55:38[0m] (step=0051900) Loss: 11.2070, Base: 11.2070, Steps/Sec: 8.12
[[34m2026-04-06 17:55:50[0m] (step=0052000) Loss: 11.1650, Base: 11.1650, Steps/Sec: 8.12
[[34m2026-04-06 17:56:02[0m] (step=0052100) Loss: 11.1281, Base: 11.1281, Steps/Sec: 8.12
[[34m2026-04-06 17:56:15[0m] (step=0052200) Loss: 11.0039, Base: 11.0039, Steps/Sec: 8.12
[[34m2026-04-06 17:56:27[0m] (step=0052300) Loss: 11.0283, Base: 11.0283, Steps/Sec: 8.12
[[34m2026-04-06 17:56:39[0m] (step=0052400) Loss: 11.3749, Base: 11.3749, Steps/Sec: 8.12
[[34m2026-04-06 17:56:52[0m] (step=0052500) Loss: 11.1422, Base: 11.1422, Steps/Sec: 8.12
[[34m2026-04-06 17:57:04[0m] (step=0052600) Loss: 11.2444, Base: 11.2444, Steps/Sec: 8.12
[[34m2026-04-06 17:57:16[0m] (step=0052700) Loss: 11.1392, Base: 11.1392, Steps/Sec: 8.12
[[34m2026-04-06 17:57:29[0m] (step=0052800) Loss: 11.0844, Base: 11.0844, Steps/Sec: 8.12
[[34m2026-04-06 17:57:41[0m] (step=0052900) Loss: 11.1904, Base: 11.1904, Steps/Sec: 8.12
[[34m2026-04-06 17:57:53[0m] (step=0053000) Loss: 11.1160, Base: 11.1160, Steps/Sec: 8.12
[[34m2026-04-06 17:58:06[0m] (step=0053100) Loss: 11.3035, Base: 11.3035, Steps/Sec: 8.12
[[34m2026-04-06 17:58:18[0m] (step=0053200) Loss: 11.0196, Base: 11.0196, Steps/Sec: 8.13
[[34m2026-04-06 17:58:30[0m] (step=0053300) Loss: 11.1464, Base: 11.1464, Steps/Sec: 8.11
[[34m2026-04-06 17:58:43[0m] (step=0053400) Loss: 11.2534, Base: 11.2534, Steps/Sec: 8.11
[[34m2026-04-06 17:58:55[0m] (step=0053500) Loss: 11.3516, Base: 11.3516, Steps/Sec: 8.11
[[34m2026-04-06 17:59:07[0m] (step=0053600) Loss: 11.3327, Base: 11.3327, Steps/Sec: 8.11
[[34m2026-04-06 17:59:20[0m] (step=0053700) Loss: 11.2136, Base: 11.2136, Steps/Sec: 8.11
[[34m2026-04-06 17:59:32[0m] (step=0053800) Loss: 11.2913, Base: 11.2913, Steps/Sec: 8.11
[[34m2026-04-06 17:59:44[0m] (step=0053900) Loss: 11.0436, Base: 11.0436, Steps/Sec: 8.11
[[34m2026-04-06 17:59:57[0m] (step=0054000) Loss: 11.1135, Base: 11.1135, Steps/Sec: 8.11
[[34m2026-04-06 18:00:09[0m] (step=0054100) Loss: 11.3828, Base: 11.3828, Steps/Sec: 8.11
[[34m2026-04-06 18:00:21[0m] (step=0054200) Loss: 11.2598, Base: 11.2598, Steps/Sec: 8.11
[[34m2026-04-06 18:00:34[0m] (step=0054300) Loss: 11.0446, Base: 11.0446, Steps/Sec: 8.11
[[34m2026-04-06 18:00:46[0m] (step=0054400) Loss: 11.0530, Base: 11.0530, Steps/Sec: 8.11
[[34m2026-04-06 18:00:58[0m] (step=0054500) Loss: 11.1169, Base: 11.1169, Steps/Sec: 8.11
[[34m2026-04-06 18:01:11[0m] (step=0054600) Loss: 11.1508, Base: 11.1508, Steps/Sec: 8.11
[[34m2026-04-06 18:01:23[0m] (step=0054700) Loss: 11.4193, Base: 11.4193, Steps/Sec: 8.11
[[34m2026-04-06 18:01:35[0m] (step=0054800) Loss: 11.0381, Base: 11.0381, Steps/Sec: 8.11
[[34m2026-04-06 18:01:48[0m] (step=0054900) Loss: 11.1880, Base: 11.1880, Steps/Sec: 8.10
[[34m2026-04-06 18:02:00[0m] (step=0055000) Loss: 10.9941, Base: 10.9941, Steps/Sec: 8.11
[[34m2026-04-06 18:02:12[0m] (step=0055100) Loss: 11.1754, Base: 11.1754, Steps/Sec: 8.11
[[34m2026-04-06 18:02:25[0m] (step=0055200) Loss: 11.1128, Base: 11.1128, Steps/Sec: 8.11
[[34m2026-04-06 18:02:37[0m] (step=0055300) Loss: 11.0619, Base: 11.0619, Steps/Sec: 8.11
[[34m2026-04-06 18:02:49[0m] (step=0055400) Loss: 11.0609, Base: 11.0609, Steps/Sec: 8.11
[[34m2026-04-06 18:03:01[0m] (step=0055500) Loss: 11.1469, Base: 11.1469, Steps/Sec: 8.11
[[34m2026-04-06 18:03:14[0m] (step=0055600) Loss: 11.1944, Base: 11.1944, Steps/Sec: 8.11
[[34m2026-04-06 18:03:26[0m] (step=0055700) Loss: 11.2756, Base: 11.2756, Steps/Sec: 8.11
[[34m2026-04-06 18:03:38[0m] (step=0055800) Loss: 11.2084, Base: 11.2084, Steps/Sec: 8.11
[[34m2026-04-06 18:03:51[0m] (step=0055900) Loss: 11.2528, Base: 11.2528, Steps/Sec: 8.10
[[34m2026-04-06 18:04:03[0m] (step=0056000) Loss: 11.1835, Base: 11.1835, Steps/Sec: 8.11
[[34m2026-04-06 18:04:15[0m] (step=0056100) Loss: 11.1293, Base: 11.1293, Steps/Sec: 8.11
[[34m2026-04-06 18:04:28[0m] (step=0056200) Loss: 11.1761, Base: 11.1761, Steps/Sec: 8.11
[[34m2026-04-06 18:04:40[0m] (step=0056300) Loss: 11.2997, Base: 11.2997, Steps/Sec: 8.11
[[34m2026-04-06 18:04:52[0m] (step=0056400) Loss: 11.0744, Base: 11.0744, Steps/Sec: 8.11
[[34m2026-04-06 18:05:05[0m] (step=0056500) Loss: 11.2114, Base: 11.2114, Steps/Sec: 8.11
[[34m2026-04-06 18:05:17[0m] (step=0056600) Loss: 11.1306, Base: 11.1306, Steps/Sec: 8.11
[[34m2026-04-06 18:05:29[0m] (step=0056700) Loss: 11.1658, Base: 11.1658, Steps/Sec: 8.11
[[34m2026-04-06 18:05:42[0m] (step=0056800) Loss: 11.1725, Base: 11.1725, Steps/Sec: 8.11
[[34m2026-04-06 18:05:54[0m] (step=0056900) Loss: 11.0929, Base: 11.0929, Steps/Sec: 8.11
[[34m2026-04-06 18:06:06[0m] (step=0057000) Loss: 11.1340, Base: 11.1340, Steps/Sec: 8.11
[[34m2026-04-06 18:06:19[0m] (step=0057100) Loss: 11.4074, Base: 11.4074, Steps/Sec: 8.11
[[34m2026-04-06 18:06:31[0m] (step=0057200) Loss: 11.2230, Base: 11.2230, Steps/Sec: 8.11
[[34m2026-04-06 18:06:43[0m] (step=0057300) Loss: 11.1641, Base: 11.1641, Steps/Sec: 8.11
[[34m2026-04-06 18:06:56[0m] (step=0057400) Loss: 11.4376, Base: 11.4376, Steps/Sec: 8.11
[[34m2026-04-06 18:07:08[0m] (step=0057500) Loss: 11.3399, Base: 11.3399, Steps/Sec: 8.11
[[34m2026-04-06 18:07:20[0m] (step=0057600) Loss: 11.1990, Base: 11.1990, Steps/Sec: 8.11
[[34m2026-04-06 18:07:33[0m] (step=0057700) Loss: 11.0578, Base: 11.0578, Steps/Sec: 8.11
[[34m2026-04-06 18:07:45[0m] (step=0057800) Loss: 11.3790, Base: 11.3790, Steps/Sec: 8.11
[[34m2026-04-06 18:07:57[0m] (step=0057900) Loss: 11.2821, Base: 11.2821, Steps/Sec: 8.11
[[34m2026-04-06 18:08:10[0m] (step=0058000) Loss: 11.3711, Base: 11.3711, Steps/Sec: 8.11
[[34m2026-04-06 18:08:23[0m] (step=0058100) Loss: 11.0661, Base: 11.0661, Steps/Sec: 7.82
[[34m2026-04-06 18:08:35[0m] (step=0058200) Loss: 11.2821, Base: 11.2821, Steps/Sec: 8.12
[[34m2026-04-06 18:08:47[0m] (step=0058300) Loss: 11.0275, Base: 11.0275, Steps/Sec: 8.12
[[34m2026-04-06 18:09:00[0m] (step=0058400) Loss: 11.0653, Base: 11.0653, Steps/Sec: 8.11
[[34m2026-04-06 18:09:12[0m] (step=0058500) Loss: 11.1403, Base: 11.1403, Steps/Sec: 8.12
[[34m2026-04-06 18:09:24[0m] (step=0058600) Loss: 11.0540, Base: 11.0540, Steps/Sec: 8.12
[[34m2026-04-06 18:09:36[0m] (step=0058700) Loss: 10.9140, Base: 10.9140, Steps/Sec: 8.12
[[34m2026-04-06 18:09:49[0m] (step=0058800) Loss: 11.1440, Base: 11.1440, Steps/Sec: 8.12
[[34m2026-04-06 18:10:01[0m] (step=0058900) Loss: 11.1251, Base: 11.1251, Steps/Sec: 8.12
[[34m2026-04-06 18:10:13[0m] (step=0059000) Loss: 10.9969, Base: 10.9969, Steps/Sec: 8.12
[[34m2026-04-06 18:10:26[0m] (step=0059100) Loss: 11.3482, Base: 11.3482, Steps/Sec: 8.12
[[34m2026-04-06 18:10:38[0m] (step=0059200) Loss: 11.0048, Base: 11.0048, Steps/Sec: 8.12
[[34m2026-04-06 18:10:50[0m] (step=0059300) Loss: 11.2493, Base: 11.2493, Steps/Sec: 8.12
[[34m2026-04-06 18:11:03[0m] (step=0059400) Loss: 10.8849, Base: 10.8849, Steps/Sec: 8.12
[[34m2026-04-06 18:11:15[0m] (step=0059500) Loss: 11.2242, Base: 11.2242, Steps/Sec: 8.12
[[34m2026-04-06 18:11:27[0m] (step=0059600) Loss: 11.1326, Base: 11.1326, Steps/Sec: 8.12
[[34m2026-04-06 18:11:40[0m] (step=0059700) Loss: 11.2232, Base: 11.2232, Steps/Sec: 8.12
[[34m2026-04-06 18:11:52[0m] (step=0059800) Loss: 10.9979, Base: 10.9979, Steps/Sec: 8.12
[[34m2026-04-06 18:12:04[0m] (step=0059900) Loss: 11.0889, Base: 11.0889, Steps/Sec: 8.12
[[34m2026-04-06 18:12:17[0m] (step=0060000) Loss: 11.1763, Base: 11.1763, Steps/Sec: 8.12
[[34m2026-04-06 18:12:29[0m] (step=0060100) Loss: 11.1449, Base: 11.1449, Steps/Sec: 8.12
[[34m2026-04-06 18:12:41[0m] (step=0060200) Loss: 11.1640, Base: 11.1640, Steps/Sec: 8.12
[[34m2026-04-06 18:12:54[0m] (step=0060300) Loss: 11.1767, Base: 11.1767, Steps/Sec: 8.12
[[34m2026-04-06 18:13:06[0m] (step=0060400) Loss: 11.2433, Base: 11.2433, Steps/Sec: 8.12
[[34m2026-04-06 18:13:18[0m] (step=0060500) Loss: 10.9611, Base: 10.9611, Steps/Sec: 8.12
[[34m2026-04-06 18:13:30[0m] (step=0060600) Loss: 10.9542, Base: 10.9542, Steps/Sec: 8.12
[[34m2026-04-06 18:13:43[0m] (step=0060700) Loss: 11.1214, Base: 11.1214, Steps/Sec: 8.12
[[34m2026-04-06 18:13:55[0m] (step=0060800) Loss: 11.2224, Base: 11.2224, Steps/Sec: 8.12
[[34m2026-04-06 18:14:07[0m] (step=0060900) Loss: 11.1246, Base: 11.1246, Steps/Sec: 8.12
[[34m2026-04-06 18:14:20[0m] (step=0061000) Loss: 11.2873, Base: 11.2873, Steps/Sec: 8.12
[[34m2026-04-06 18:14:32[0m] (step=0061100) Loss: 11.1122, Base: 11.1122, Steps/Sec: 8.12
[[34m2026-04-06 18:14:44[0m] (step=0061200) Loss: 11.1074, Base: 11.1074, Steps/Sec: 8.12
[[34m2026-04-06 18:14:57[0m] (step=0061300) Loss: 11.2257, Base: 11.2257, Steps/Sec: 8.12
[[34m2026-04-06 18:15:09[0m] (step=0061400) Loss: 11.2669, Base: 11.2669, Steps/Sec: 8.12
[[34m2026-04-06 18:15:21[0m] (step=0061500) Loss: 11.1835, Base: 11.1835, Steps/Sec: 8.12
[[34m2026-04-06 18:15:34[0m] (step=0061600) Loss: 10.8844, Base: 10.8844, Steps/Sec: 8.12
[[34m2026-04-06 18:15:46[0m] (step=0061700) Loss: 11.2956, Base: 11.2956, Steps/Sec: 8.12
[[34m2026-04-06 18:15:58[0m] (step=0061800) Loss: 11.2240, Base: 11.2240, Steps/Sec: 8.12
[[34m2026-04-06 18:16:11[0m] (step=0061900) Loss: 11.0119, Base: 11.0119, Steps/Sec: 8.12
[[34m2026-04-06 18:16:23[0m] (step=0062000) Loss: 11.1615, Base: 11.1615, Steps/Sec: 8.12
[[34m2026-04-06 18:16:35[0m] (step=0062100) Loss: 11.0826, Base: 11.0826, Steps/Sec: 8.12
[[34m2026-04-06 18:16:47[0m] (step=0062200) Loss: 11.1196, Base: 11.1196, Steps/Sec: 8.12
[[34m2026-04-06 18:17:00[0m] (step=0062300) Loss: 11.1113, Base: 11.1113, Steps/Sec: 8.11
[[34m2026-04-06 18:17:12[0m] (step=0062400) Loss: 11.2952, Base: 11.2952, Steps/Sec: 8.12
[[34m2026-04-06 18:17:24[0m] (step=0062500) Loss: 11.1231, Base: 11.1231, Steps/Sec: 8.12
[[34m2026-04-06 18:17:37[0m] (step=0062600) Loss: 11.2224, Base: 11.2224, Steps/Sec: 8.12
[[34m2026-04-06 18:17:49[0m] (step=0062700) Loss: 11.0944, Base: 11.0944, Steps/Sec: 7.93
[[34m2026-04-06 18:18:02[0m] (step=0062800) Loss: 10.9697, Base: 10.9697, Steps/Sec: 8.12
[[34m2026-04-06 18:18:14[0m] (step=0062900) Loss: 11.2495, Base: 11.2495, Steps/Sec: 8.13
[[34m2026-04-06 18:18:26[0m] (step=0063000) Loss: 11.0250, Base: 11.0250, Steps/Sec: 8.12
[[34m2026-04-06 18:18:39[0m] (step=0063100) Loss: 11.2258, Base: 11.2258, Steps/Sec: 8.13
[[34m2026-04-06 18:18:51[0m] (step=0063200) Loss: 11.2238, Base: 11.2238, Steps/Sec: 8.13
[[34m2026-04-06 18:19:03[0m] (step=0063300) Loss: 11.0632, Base: 11.0632, Steps/Sec: 8.13
[[34m2026-04-06 18:19:15[0m] (step=0063400) Loss: 10.9747, Base: 10.9747, Steps/Sec: 8.13
[[34m2026-04-06 18:19:28[0m] (step=0063500) Loss: 11.2905, Base: 11.2905, Steps/Sec: 8.12
[[34m2026-04-06 18:19:40[0m] (step=0063600) Loss: 11.0410, Base: 11.0410, Steps/Sec: 8.12
[[34m2026-04-06 18:19:52[0m] (step=0063700) Loss: 10.9198, Base: 10.9198, Steps/Sec: 8.13
[[34m2026-04-06 18:20:05[0m] (step=0063800) Loss: 11.1290, Base: 11.1290, Steps/Sec: 8.13
[[34m2026-04-06 18:20:17[0m] (step=0063900) Loss: 11.1503, Base: 11.1503, Steps/Sec: 8.13
[[34m2026-04-06 18:20:29[0m] (step=0064000) Loss: 11.2121, Base: 11.2121, Steps/Sec: 8.12
[[34m2026-04-06 18:20:42[0m] (step=0064100) Loss: 11.1907, Base: 11.1907, Steps/Sec: 8.13
[[34m2026-04-06 18:20:54[0m] (step=0064200) Loss: 11.1453, Base: 11.1453, Steps/Sec: 8.13
[[34m2026-04-06 18:21:06[0m] (step=0064300) Loss: 11.4298, Base: 11.4298, Steps/Sec: 8.13
[[34m2026-04-06 18:21:19[0m] (step=0064400) Loss: 11.1070, Base: 11.1070, Steps/Sec: 8.12
[[34m2026-04-06 18:21:31[0m] (step=0064500) Loss: 11.0955, Base: 11.0955, Steps/Sec: 8.13
[[34m2026-04-06 18:21:43[0m] (step=0064600) Loss: 11.0740, Base: 11.0740, Steps/Sec: 8.13
[[34m2026-04-06 18:21:55[0m] (step=0064700) Loss: 11.2219, Base: 11.2219, Steps/Sec: 8.13
[[34m2026-04-06 18:22:08[0m] (step=0064800) Loss: 10.9714, Base: 10.9714, Steps/Sec: 8.12
[[34m2026-04-06 18:22:20[0m] (step=0064900) Loss: 11.1500, Base: 11.1500, Steps/Sec: 8.13
[[34m2026-04-06 18:22:32[0m] (step=0065000) Loss: 11.1037, Base: 11.1037, Steps/Sec: 8.13
[[34m2026-04-06 18:22:45[0m] (step=0065100) Loss: 11.1288, Base: 11.1288, Steps/Sec: 8.12
[[34m2026-04-06 18:22:57[0m] (step=0065200) Loss: 11.1595, Base: 11.1595, Steps/Sec: 8.12
[[34m2026-04-06 18:23:09[0m] (step=0065300) Loss: 11.1031, Base: 11.1031, Steps/Sec: 8.12
[[34m2026-04-06 18:23:22[0m] (step=0065400) Loss: 11.0627, Base: 11.0627, Steps/Sec: 8.12
[[34m2026-04-06 18:23:34[0m] (step=0065500) Loss: 11.1072, Base: 11.1072, Steps/Sec: 8.13
[[34m2026-04-06 18:23:46[0m] (step=0065600) Loss: 11.1962, Base: 11.1962, Steps/Sec: 8.13
[[34m2026-04-06 18:23:59[0m] (step=0065700) Loss: 11.2227, Base: 11.2227, Steps/Sec: 8.13
[[34m2026-04-06 18:24:11[0m] (step=0065800) Loss: 11.1842, Base: 11.1842, Steps/Sec: 8.12
[[34m2026-04-06 18:24:23[0m] (step=0065900) Loss: 11.2735, Base: 11.2735, Steps/Sec: 8.12
[[34m2026-04-06 18:24:35[0m] (step=0066000) Loss: 11.0195, Base: 11.0195, Steps/Sec: 8.13
[[34m2026-04-06 18:24:48[0m] (step=0066100) Loss: 11.1166, Base: 11.1166, Steps/Sec: 8.13
[[34m2026-04-06 18:25:00[0m] (step=0066200) Loss: 11.1333, Base: 11.1333, Steps/Sec: 8.12
[[34m2026-04-06 18:25:12[0m] (step=0066300) Loss: 11.3007, Base: 11.3007, Steps/Sec: 8.13
[[34m2026-04-06 18:25:25[0m] (step=0066400) Loss: 11.2904, Base: 11.2904, Steps/Sec: 8.12
[[34m2026-04-06 18:25:37[0m] (step=0066500) Loss: 11.0825, Base: 11.0825, Steps/Sec: 8.13
[[34m2026-04-06 18:25:49[0m] (step=0066600) Loss: 11.1083, Base: 11.1083, Steps/Sec: 8.13
[[34m2026-04-06 18:26:02[0m] (step=0066700) Loss: 11.1573, Base: 11.1573, Steps/Sec: 8.12
[[34m2026-04-06 18:26:14[0m] (step=0066800) Loss: 11.1313, Base: 11.1313, Steps/Sec: 8.12
[[34m2026-04-06 18:26:27[0m] (step=0066900) Loss: 11.1605, Base: 11.1605, Steps/Sec: 7.86
[[34m2026-04-06 18:26:39[0m] (step=0067000) Loss: 11.2867, Base: 11.2867, Steps/Sec: 8.11
[[34m2026-04-06 18:26:51[0m] (step=0067100) Loss: 11.0911, Base: 11.0911, Steps/Sec: 8.11
[[34m2026-04-06 18:27:04[0m] (step=0067200) Loss: 11.1329, Base: 11.1329, Steps/Sec: 7.98
[[34m2026-04-06 18:27:16[0m] (step=0067300) Loss: 11.0504, Base: 11.0504, Steps/Sec: 8.10
[[34m2026-04-06 18:27:29[0m] (step=0067400) Loss: 11.1884, Base: 11.1884, Steps/Sec: 8.10
[[34m2026-04-06 18:27:41[0m] (step=0067500) Loss: 11.1006, Base: 11.1006, Steps/Sec: 8.11
[[34m2026-04-06 18:27:53[0m] (step=0067600) Loss: 11.1540, Base: 11.1540, Steps/Sec: 8.10
[[34m2026-04-06 18:28:06[0m] (step=0067700) Loss: 11.0540, Base: 11.0540, Steps/Sec: 8.11
[[34m2026-04-06 18:28:18[0m] (step=0067800) Loss: 11.1707, Base: 11.1707, Steps/Sec: 8.11
[[34m2026-04-06 18:28:30[0m] (step=0067900) Loss: 10.9980, Base: 10.9980, Steps/Sec: 8.04
[[34m2026-04-06 18:28:43[0m] (step=0068000) Loss: 11.0618, Base: 11.0618, Steps/Sec: 8.11
[[34m2026-04-06 18:28:55[0m] (step=0068100) Loss: 11.0475, Base: 11.0475, Steps/Sec: 8.11
[[34m2026-04-06 18:29:07[0m] (step=0068200) Loss: 11.0461, Base: 11.0461, Steps/Sec: 8.11
[[34m2026-04-06 18:29:20[0m] (step=0068300) Loss: 11.2391, Base: 11.2391, Steps/Sec: 8.11
[[34m2026-04-06 18:29:32[0m] (step=0068400) Loss: 10.8918, Base: 10.8918, Steps/Sec: 8.11
[[34m2026-04-06 18:29:44[0m] (step=0068500) Loss: 11.1086, Base: 11.1086, Steps/Sec: 8.11
[[34m2026-04-06 18:29:57[0m] (step=0068600) Loss: 11.0452, Base: 11.0452, Steps/Sec: 8.11
[[34m2026-04-06 18:30:09[0m] (step=0068700) Loss: 11.3057, Base: 11.3057, Steps/Sec: 8.11
[[34m2026-04-06 18:30:22[0m] (step=0068800) Loss: 11.1178, Base: 11.1178, Steps/Sec: 7.82
[[34m2026-04-06 18:30:34[0m] (step=0068900) Loss: 10.9326, Base: 10.9326, Steps/Sec: 8.12
[[34m2026-04-06 18:30:46[0m] (step=0069000) Loss: 11.1059, Base: 11.1059, Steps/Sec: 8.12
[[34m2026-04-06 18:30:59[0m] (step=0069100) Loss: 11.0968, Base: 11.0968, Steps/Sec: 8.12
[[34m2026-04-06 18:31:11[0m] (step=0069200) Loss: 11.0652, Base: 11.0652, Steps/Sec: 8.12
[[34m2026-04-06 18:31:23[0m] (step=0069300) Loss: 11.1816, Base: 11.1816, Steps/Sec: 8.12
[[34m2026-04-06 18:31:36[0m] (step=0069400) Loss: 11.2199, Base: 11.2199, Steps/Sec: 8.12
[[34m2026-04-06 18:31:48[0m] (step=0069500) Loss: 11.1588, Base: 11.1588, Steps/Sec: 8.12
[[34m2026-04-06 18:32:00[0m] (step=0069600) Loss: 11.1761, Base: 11.1761, Steps/Sec: 8.12
[[34m2026-04-06 18:32:13[0m] (step=0069700) Loss: 11.1013, Base: 11.1013, Steps/Sec: 8.13
[[34m2026-04-06 18:32:25[0m] (step=0069800) Loss: 10.8700, Base: 10.8700, Steps/Sec: 8.12
[[34m2026-04-06 18:32:37[0m] (step=0069900) Loss: 11.0359, Base: 11.0359, Steps/Sec: 8.12
[[34m2026-04-06 18:32:50[0m] (step=0070000) Loss: 11.1717, Base: 11.1717, Steps/Sec: 8.12
[[34m2026-04-06 18:33:02[0m] (step=0070100) Loss: 11.2278, Base: 11.2278, Steps/Sec: 8.12
[[34m2026-04-06 18:33:14[0m] (step=0070200) Loss: 11.2004, Base: 11.2004, Steps/Sec: 8.13
[[34m2026-04-06 18:33:26[0m] (step=0070300) Loss: 10.9711, Base: 10.9711, Steps/Sec: 8.13
[[34m2026-04-06 18:33:39[0m] (step=0070400) Loss: 11.0443, Base: 11.0443, Steps/Sec: 8.12
[[34m2026-04-06 18:33:51[0m] (step=0070500) Loss: 11.1844, Base: 11.1844, Steps/Sec: 8.12
[[34m2026-04-06 18:34:03[0m] (step=0070600) Loss: 10.9189, Base: 10.9189, Steps/Sec: 8.12
[[34m2026-04-06 18:34:16[0m] (step=0070700) Loss: 10.9350, Base: 10.9350, Steps/Sec: 8.12
[[34m2026-04-06 18:34:28[0m] (step=0070800) Loss: 11.1048, Base: 11.1048, Steps/Sec: 8.12
[[34m2026-04-06 18:34:40[0m] (step=0070900) Loss: 11.0934, Base: 11.0934, Steps/Sec: 8.12
[[34m2026-04-06 18:34:53[0m] (step=0071000) Loss: 11.0946, Base: 11.0946, Steps/Sec: 8.12
[[34m2026-04-06 18:35:05[0m] (step=0071100) Loss: 10.8537, Base: 10.8537, Steps/Sec: 8.12
[[34m2026-04-06 18:35:17[0m] (step=0071200) Loss: 10.9809, Base: 10.9809, Steps/Sec: 8.12
[[34m2026-04-06 18:35:30[0m] (step=0071300) Loss: 10.9558, Base: 10.9558, Steps/Sec: 8.12
[[34m2026-04-06 18:35:42[0m] (step=0071400) Loss: 10.8600, Base: 10.8600, Steps/Sec: 8.12
[[34m2026-04-06 18:35:54[0m] (step=0071500) Loss: 11.1315, Base: 11.1315, Steps/Sec: 8.12
[[34m2026-04-06 18:36:07[0m] (step=0071600) Loss: 11.2333, Base: 11.2333, Steps/Sec: 8.12
[[34m2026-04-06 18:36:19[0m] (step=0071700) Loss: 11.0583, Base: 11.0583, Steps/Sec: 8.12
[[34m2026-04-06 18:36:31[0m] (step=0071800) Loss: 11.0706, Base: 11.0706, Steps/Sec: 8.12
[[34m2026-04-06 18:36:43[0m] (step=0071900) Loss: 11.0164, Base: 11.0164, Steps/Sec: 8.12
[[34m2026-04-06 18:36:56[0m] (step=0072000) Loss: 11.0859, Base: 11.0859, Steps/Sec: 8.12
[[34m2026-04-06 18:37:08[0m] (step=0072100) Loss: 11.0958, Base: 11.0958, Steps/Sec: 8.13
[[34m2026-04-06 18:37:20[0m] (step=0072200) Loss: 11.0249, Base: 11.0249, Steps/Sec: 8.12
[[34m2026-04-06 18:37:33[0m] (step=0072300) Loss: 11.0464, Base: 11.0464, Steps/Sec: 8.12
[[34m2026-04-06 18:37:45[0m] (step=0072400) Loss: 11.1090, Base: 11.1090, Steps/Sec: 8.12
[[34m2026-04-06 18:37:57[0m] (step=0072500) Loss: 11.0793, Base: 11.0793, Steps/Sec: 8.13
[[34m2026-04-06 18:38:10[0m] (step=0072600) Loss: 11.1549, Base: 11.1549, Steps/Sec: 8.12
[[34m2026-04-06 18:38:22[0m] (step=0072700) Loss: 11.0313, Base: 11.0313, Steps/Sec: 8.12
[[34m2026-04-06 18:38:34[0m] (step=0072800) Loss: 11.1947, Base: 11.1947, Steps/Sec: 8.12
[[34m2026-04-06 18:38:47[0m] (step=0072900) Loss: 11.0558, Base: 11.0558, Steps/Sec: 8.12
[[34m2026-04-06 18:38:59[0m] (step=0073000) Loss: 11.1388, Base: 11.1388, Steps/Sec: 8.12
[[34m2026-04-06 18:39:11[0m] (step=0073100) Loss: 11.2097, Base: 11.2097, Steps/Sec: 8.12
[[34m2026-04-06 18:39:24[0m] (step=0073200) Loss: 11.2720, Base: 11.2720, Steps/Sec: 8.12
[[34m2026-04-06 18:39:36[0m] (step=0073300) Loss: 10.9899, Base: 10.9899, Steps/Sec: 8.12
[[34m2026-04-06 18:39:48[0m] (step=0073400) Loss: 10.9234, Base: 10.9234, Steps/Sec: 8.12
[[34m2026-04-06 18:40:00[0m] (step=0073500) Loss: 10.8976, Base: 10.8976, Steps/Sec: 8.12
[[34m2026-04-06 18:40:13[0m] (step=0073600) Loss: 11.0958, Base: 11.0958, Steps/Sec: 8.12
[[34m2026-04-06 18:40:25[0m] (step=0073700) Loss: 11.1949, Base: 11.1949, Steps/Sec: 8.12
[[34m2026-04-06 18:40:37[0m] (step=0073800) Loss: 11.0884, Base: 11.0884, Steps/Sec: 8.12
[[34m2026-04-06 18:40:50[0m] (step=0073900) Loss: 11.1312, Base: 11.1312, Steps/Sec: 7.99
[[34m2026-04-06 18:41:02[0m] (step=0074000) Loss: 11.1836, Base: 11.1836, Steps/Sec: 8.10
[[34m2026-04-06 18:41:15[0m] (step=0074100) Loss: 11.1474, Base: 11.1474, Steps/Sec: 8.11
[[34m2026-04-06 18:41:27[0m] (step=0074200) Loss: 11.3800, Base: 11.3800, Steps/Sec: 8.12
[[34m2026-04-06 18:41:39[0m] (step=0074300) Loss: 11.1268, Base: 11.1268, Steps/Sec: 8.12
[[34m2026-04-06 18:41:52[0m] (step=0074400) Loss: 11.0892, Base: 11.0892, Steps/Sec: 8.12
[[34m2026-04-06 18:42:04[0m] (step=0074500) Loss: 11.0025, Base: 11.0025, Steps/Sec: 8.12
[[34m2026-04-06 18:42:16[0m] (step=0074600) Loss: 11.0108, Base: 11.0108, Steps/Sec: 8.12
[[34m2026-04-06 18:42:28[0m] (step=0074700) Loss: 10.9021, Base: 10.9021, Steps/Sec: 8.12
[[34m2026-04-06 18:42:41[0m] (step=0074800) Loss: 10.9641, Base: 10.9641, Steps/Sec: 8.12
[[34m2026-04-06 18:42:53[0m] (step=0074900) Loss: 11.2360, Base: 11.2360, Steps/Sec: 8.12
[[34m2026-04-06 18:43:05[0m] (step=0075000) Loss: 11.2131, Base: 11.2131, Steps/Sec: 8.12
[[34m2026-04-06 18:43:18[0m] (step=0075100) Loss: 10.9847, Base: 10.9847, Steps/Sec: 8.12
[[34m2026-04-06 18:43:30[0m] (step=0075200) Loss: 11.1404, Base: 11.1404, Steps/Sec: 8.12
[[34m2026-04-06 18:43:42[0m] (step=0075300) Loss: 11.1137, Base: 11.1137, Steps/Sec: 8.12
[[34m2026-04-06 18:43:55[0m] (step=0075400) Loss: 10.8484, Base: 10.8484, Steps/Sec: 8.12
[[34m2026-04-06 18:44:07[0m] (step=0075500) Loss: 11.2792, Base: 11.2792, Steps/Sec: 8.12
[[34m2026-04-06 18:44:19[0m] (step=0075600) Loss: 11.1854, Base: 11.1854, Steps/Sec: 8.12
[[34m2026-04-06 18:44:32[0m] (step=0075700) Loss: 11.0526, Base: 11.0526, Steps/Sec: 8.12
[[34m2026-04-06 18:44:44[0m] (step=0075800) Loss: 11.1779, Base: 11.1779, Steps/Sec: 8.12
[[34m2026-04-06 18:44:56[0m] (step=0075900) Loss: 10.9477, Base: 10.9477, Steps/Sec: 8.12
[[34m2026-04-06 18:45:09[0m] (step=0076000) Loss: 11.0037, Base: 11.0037, Steps/Sec: 8.12
[[34m2026-04-06 18:45:21[0m] (step=0076100) Loss: 11.1408, Base: 11.1408, Steps/Sec: 8.12
[[34m2026-04-06 18:45:33[0m] (step=0076200) Loss: 10.9544, Base: 10.9544, Steps/Sec: 8.12
[[34m2026-04-06 18:45:45[0m] (step=0076300) Loss: 11.0858, Base: 11.0858, Steps/Sec: 8.12
[[34m2026-04-06 18:45:58[0m] (step=0076400) Loss: 11.0602, Base: 11.0602, Steps/Sec: 8.12
[[34m2026-04-06 18:46:10[0m] (step=0076500) Loss: 10.9454, Base: 10.9454, Steps/Sec: 8.12
[[34m2026-04-06 18:46:22[0m] (step=0076600) Loss: 11.1545, Base: 11.1545, Steps/Sec: 8.12
[[34m2026-04-06 18:46:35[0m] (step=0076700) Loss: 11.1503, Base: 11.1503, Steps/Sec: 8.12
[[34m2026-04-06 18:46:47[0m] (step=0076800) Loss: 11.2353, Base: 11.2353, Steps/Sec: 8.12
[[34m2026-04-06 18:46:59[0m] (step=0076900) Loss: 11.2111, Base: 11.2111, Steps/Sec: 8.12
[[34m2026-04-06 18:47:12[0m] (step=0077000) Loss: 11.1419, Base: 11.1419, Steps/Sec: 8.12
[[34m2026-04-06 18:47:24[0m] (step=0077100) Loss: 11.1461, Base: 11.1461, Steps/Sec: 8.12
[[34m2026-04-06 18:47:36[0m] (step=0077200) Loss: 11.0403, Base: 11.0403, Steps/Sec: 8.12
[[34m2026-04-06 18:47:49[0m] (step=0077300) Loss: 11.1338, Base: 11.1338, Steps/Sec: 8.12
[[34m2026-04-06 18:48:01[0m] (step=0077400) Loss: 10.9279, Base: 10.9279, Steps/Sec: 8.12
[[34m2026-04-06 18:48:13[0m] (step=0077500) Loss: 11.1138, Base: 11.1138, Steps/Sec: 8.12
[[34m2026-04-06 18:48:26[0m] (step=0077600) Loss: 10.9769, Base: 10.9769, Steps/Sec: 8.12
[[34m2026-04-06 18:48:38[0m] (step=0077700) Loss: 11.0074, Base: 11.0074, Steps/Sec: 8.12
[[34m2026-04-06 18:48:50[0m] (step=0077800) Loss: 11.0906, Base: 11.0906, Steps/Sec: 8.12
[[34m2026-04-06 18:49:03[0m] (step=0077900) Loss: 10.8222, Base: 10.8222, Steps/Sec: 8.12
[[34m2026-04-06 18:49:15[0m] (step=0078000) Loss: 11.0622, Base: 11.0622, Steps/Sec: 8.12
[[34m2026-04-06 18:49:27[0m] (step=0078100) Loss: 11.1803, Base: 11.1803, Steps/Sec: 8.12
[[34m2026-04-06 18:49:39[0m] (step=0078200) Loss: 11.0938, Base: 11.0938, Steps/Sec: 8.12
[[34m2026-04-06 18:49:52[0m] (step=0078300) Loss: 11.0822, Base: 11.0822, Steps/Sec: 8.12
[[34m2026-04-06 18:50:04[0m] (step=0078400) Loss: 11.0089, Base: 11.0089, Steps/Sec: 8.12
[[34m2026-04-06 18:50:16[0m] (step=0078500) Loss: 11.1091, Base: 11.1091, Steps/Sec: 8.12
[[34m2026-04-06 18:50:29[0m] (step=0078600) Loss: 10.9741, Base: 10.9741, Steps/Sec: 8.12
[[34m2026-04-06 18:50:41[0m] (step=0078700) Loss: 10.8928, Base: 10.8928, Steps/Sec: 8.12
[[34m2026-04-06 18:50:53[0m] (step=0078800) Loss: 11.1119, Base: 11.1119, Steps/Sec: 8.12
[[34m2026-04-06 18:51:06[0m] (step=0078900) Loss: 11.1243, Base: 11.1243, Steps/Sec: 8.12
[[34m2026-04-06 18:51:18[0m] (step=0079000) Loss: 10.9195, Base: 10.9195, Steps/Sec: 8.12
[[34m2026-04-06 18:51:30[0m] (step=0079100) Loss: 10.8615, Base: 10.8615, Steps/Sec: 8.12
[[34m2026-04-06 18:51:43[0m] (step=0079200) Loss: 10.8584, Base: 10.8584, Steps/Sec: 8.12
[[34m2026-04-06 18:51:55[0m] (step=0079300) Loss: 11.1067, Base: 11.1067, Steps/Sec: 8.12
[[34m2026-04-06 18:52:07[0m] (step=0079400) Loss: 11.0755, Base: 11.0755, Steps/Sec: 8.12
[[34m2026-04-06 18:52:20[0m] (step=0079500) Loss: 10.9761, Base: 10.9761, Steps/Sec: 8.12
[[34m2026-04-06 18:52:32[0m] (step=0079600) Loss: 11.0334, Base: 11.0334, Steps/Sec: 8.11
[[34m2026-04-06 18:52:44[0m] (step=0079700) Loss: 11.1279, Base: 11.1279, Steps/Sec: 8.12
[[34m2026-04-06 18:52:57[0m] (step=0079800) Loss: 11.0357, Base: 11.0357, Steps/Sec: 8.12
[[34m2026-04-06 18:53:09[0m] (step=0079900) Loss: 10.9495, Base: 10.9495, Steps/Sec: 8.12
[[34m2026-04-06 18:53:21[0m] (step=0080000) Loss: 11.0438, Base: 11.0438, Steps/Sec: 8.12
[[34m2026-04-06 18:53:32[0m] Saved final checkpoint to projects/diff-EqM/results/imagenet1k_smoke_vanilla/000-EqM-B-2-Linear-velocity-None-vanilla/checkpoints/final.pt
/n/home03/mkrasnow/.local/lib/python3.10/site-packages/torch/distributed/distributed_c10d.py:4876: UserWarning: barrier(): using the device under current context. You can specify `device_id` in `init_process_group` to mute this warning.
  warnings.warn(  # warn only once
[[34m2026-04-06 18:53:32[0m] Done!
