Computing activations for generated samples...
  Found 50048 images in /tmp/eqm-1k-fid-3841600/samples
  Processed 64/50048
  Processed 6464/50048
  Processed 12864/50048
  Processed 19264/50048
  Processed 25664/50048
  Processed 32064/50048
  Processed 38464/50048
  Processed 44864/50048
Computing activations for reference images...
  Found 50000 images in /tmp/eqm-1k-fid-3841600/ref_flat
  Processed 64/50000
  Processed 6464/50000
  Processed 12864/50000
  Processed 19264/50000
  Processed 25664/50000
  Processed 32064/50000
  Processed 38464/50000
  Processed 44864/50000
FID: 113.0071
