Job started at Thu Feb 19 08:53:39 EST 2026
Running on host: holygpu8a22104.rc.fas.harvard.edu
Job ID: 61169133
Git URL: https://github.com/mdkrasnow/research-repo.git
Git SHA: ba81ab6d425c7ae6cfddbfef94c456ec29102ff8
Work directory: /tmp/ired-job-61169133
GPU info:
Thu Feb 19 08:53:40 2026       
+-----------------------------------------------------------------------------------------+
| NVIDIA-SMI 575.57.08              Driver Version: 575.57.08      CUDA Version: 12.9     |
|-----------------------------------------+------------------------+----------------------+
| GPU  Name                 Persistence-M | Bus-Id          Disp.A | Volatile Uncorr. ECC |
| Fan  Temp   Perf          Pwr:Usage/Cap |           Memory-Usage | GPU-Util  Compute M. |
|                                         |                        |               MIG M. |
|=========================================+========================+======================|
|   0  NVIDIA A100-SXM4-80GB          On  |   00000000:31:00.0 Off |                    0 |
| N/A   27C    P0             61W /  500W |       0MiB /  81920MiB |      0%      Default |
|                                         |                        |             Disabled |
+-----------------------------------------+------------------------+----------------------+
                                                                                         
+-----------------------------------------------------------------------------------------+
| Processes:                                                                              |
|  GPU   GI   CI              PID   Type   Process name                        GPU Memory |
|        ID   ID                                                               Usage      |
|=========================================================================================|
|  No running processes found                                                             |
+-----------------------------------------------------------------------------------------+
Cloning repository...
Repository cloned and checked out to: ba81ab6
Repository info:
ba81ab6 Add gradE and pred_norm diagnostics to confirm gradient collapse hypothesis
Starting IRED contrastive loss experiment (softplus(E_pos - E_neg))...
Loading configuration from: projects/ired/configs/q206_ired_contrastive.json
Configuration saved to: results/ds_inverse/q206_ired_contrastive/experiment_config.json
Setting random seed: 1
Starting experiment with mining strategy: cd_langevin_replay
Configuration: {
  "experiment_name": "q206_ired_contrastive",
  "description": "IRED-style contrastive loss: softplus(E_pos - E_neg) replaces CD (E_neg - E_pos). Uses same Langevin negatives + replay buffer as q203 but with stable logistic contrastive objective.",
  "investigation": "ired-cd",
  "ablation_stage": "ired_contrastive",
  "mining_strategy": "cd_langevin_replay",
  "rank": 20,
  "ood": false,
  "diffusion_steps": 10,
  "batch_size": 2048,
  "train_steps": 20000,
  "learning_rate": 0.0001,
  "mining_opt_steps": 10,
  "energy_reg_weight": 0.1,
  "mining_noise_scale": 1.5,
  "use_langevin": true,
  "use_replay_buffer": true,
  "replay_buffer_size": 10000,
  "replay_buffer_buckets": 16,
  "use_cd_loss": false,
  "use_ired_contrastive_loss": true,
  "contrastive_temperature": 1.0,
  "use_residual_filter": false,
  "use_energy_schedule": false,
  "energy_loss_weight": 0.05,
  "adam_betas": [
    0.0,
    0.999
  ],
  "output_dir": "results/ds_inverse/q206_ired_contrastive",
  "notes": "Key experiment: IRED-style contrastive loss replaces CD objective. softplus(E_pos - E_neg) directly enforces E_pos < E_neg via stable logistic form. data_sample reuses denoising y_t (no separate noise draw) for lower variance. Same Langevin + replay infrastructure as q203. Tests whether the contrastive objective fixes the landscape shaping that CD failed at.",
  "seed": 1
}
Dataset: Inverse matrices (20x20)
Input dimension: 400, Output dimension: 400
Trainer initialized. Output directory: results/ds_inverse/q206_ired_contrastive
Training for 20000 steps...
[IRED-CL-DIAG step=100] E_pos=0.4019 E_neg=0.8577 margin=0.4558 E_wtd=0.025290 MSE=0.999538 gradE=0.1146 pred=0.0001 neg_dist=31.4636 lang_grad0=0.0001 lang_gradK=0.0001 lang_disp=34.3173 step=0.4430 sigma=0.9094
[IRED-CL-DIAG step=200] E_pos=0.3710 E_neg=1.0270 margin=0.6561 E_wtd=0.022119 MSE=1.000221 gradE=0.1256 pred=0.0001 neg_dist=31.5231 lang_grad0=0.0001 lang_gradK=0.0001 lang_disp=34.4322 step=0.4520 sigma=0.9181
[IRED-CL-DIAG step=300] E_pos=0.3305 E_neg=1.0608 margin=0.7303 E_wtd=0.020859 MSE=0.999745 gradE=0.1185 pred=0.0001 neg_dist=31.4474 lang_grad0=0.0001 lang_gradK=0.0001 lang_disp=34.2951 step=0.4464 sigma=0.9117
[IRED-CL-DIAG step=400] E_pos=0.3064 E_neg=1.1042 margin=0.7979 E_wtd=0.019791 MSE=1.000054 gradE=0.1115 pred=0.0001 neg_dist=31.4417 lang_grad0=0.0001 lang_gradK=0.0001 lang_disp=34.3082 step=0.4443 sigma=0.9101
[IRED-CL-DIAG step=500] E_pos=0.2976 E_neg=1.1325 margin=0.8349 E_wtd=0.019103 MSE=1.001169 gradE=0.1087 pred=0.0001 neg_dist=31.5427 lang_grad0=0.0001 lang_gradK=0.0001 lang_disp=34.4313 step=0.4521 sigma=0.9175
[IRED-CL-DIAG step=600] E_pos=0.2645 E_neg=1.1410 margin=0.8765 E_wtd=0.018421 MSE=1.002374 gradE=0.0981 pred=0.0000 neg_dist=31.3602 lang_grad0=0.0001 lang_gradK=0.0001 lang_disp=34.1615 step=0.4332 sigma=0.8999
[IRED-CL-DIAG step=700] E_pos=0.2507 E_neg=1.1561 margin=0.9054 E_wtd=0.017963 MSE=0.999895 gradE=0.0939 pred=0.0000 neg_dist=31.4940 lang_grad0=0.0001 lang_gradK=0.0001 lang_disp=34.3879 step=0.4453 sigma=0.9117
[IRED-CL-DIAG step=800] E_pos=0.2385 E_neg=1.1814 margin=0.9429 E_wtd=0.017426 MSE=0.999717 gradE=0.0909 pred=0.0000 neg_dist=31.6061 lang_grad0=0.0001 lang_gradK=0.0001 lang_disp=34.5234 step=0.4517 sigma=0.9195
[IRED-CL-DIAG step=900] E_pos=0.2264 E_neg=1.2086 margin=0.9822 E_wtd=0.016866 MSE=1.000065 gradE=0.0867 pred=0.0000 neg_dist=31.4201 lang_grad0=0.0001 lang_gradK=0.0001 lang_disp=34.2216 step=0.4366 sigma=0.9032
[IRED-CL-DIAG step=1000] E_pos=0.2057 E_neg=1.1924 margin=0.9867 E_wtd=0.016767 MSE=0.999058 gradE=0.0812 pred=0.0000 neg_dist=31.4727 lang_grad0=0.0001 lang_gradK=0.0001 lang_disp=34.2877 step=0.4380 sigma=0.9049
Running Evaluation...
Validation Result @ Iteration 1000; Milestone = 1 (Train)
---------  ------
mse_error  3.8853
---------  ------
Validation Result @ Iteration 1000; Milestone = 1 (ID: Validation)
---  -------
mse  3.85727
---  -------
[IRED-CL-DIAG step=1100] E_pos=0.1901 E_neg=1.1951 margin=1.0050 E_wtd=0.016432 MSE=1.001800 gradE=0.0771 pred=0.0000 neg_dist=31.4458 lang_grad0=0.0001 lang_gradK=0.0001 lang_disp=34.2866 step=0.4434 sigma=0.9090
