Job started at Sat Jan 24 05:12:09 EST 2026
Running on host: holygpu8a22202.rc.fas.harvard.edu
Job ID: 56654549 (Array Job ID: 56602458, Task ID: 2)
Seed: 2
Git URL: https://github.com/mdkrasnow/research-repo.git
Git SHA: fef884935d71901bd0658b2ecc73b88b9a3f8ca3
Work directory: /tmp/ired-job-56654549
GPU info:
Sat Jan 24 05:12:09 2026       
+-----------------------------------------------------------------------------------------+
| NVIDIA-SMI 575.57.08              Driver Version: 575.57.08      CUDA Version: 12.9     |
|-----------------------------------------+------------------------+----------------------+
| GPU  Name                 Persistence-M | Bus-Id          Disp.A | Volatile Uncorr. ECC |
| Fan  Temp   Perf          Pwr:Usage/Cap |           Memory-Usage | GPU-Util  Compute M. |
|                                         |                        |               MIG M. |
|=========================================+========================+======================|
|   0  NVIDIA A100-SXM4-80GB          On  |   00000000:31:00.0 Off |                    0 |
| N/A   27C    P0             62W /  500W |       0MiB /  81920MiB |      0%      Default |
|                                         |                        |             Disabled |
+-----------------------------------------+------------------------+----------------------+
                                                                                         
+-----------------------------------------------------------------------------------------+
| Processes:                                                                              |
|  GPU   GI   CI              PID   Type   Process name                        GPU Memory |
|        ID   ID                                                               Usage      |
|=========================================================================================|
|  No running processes found                                                             |
+-----------------------------------------------------------------------------------------+
Cloning repository...
Repository cloned and checked out to: fef8849
Repository info:
fef8849 reorg
Starting matrix inversion baseline (no mining) with seed 2...
Loading configuration from: projects/ired/configs/q101_multiseed_baseline.json
Configuration saved to: results/ds_inverse/q101_seed2/experiment_config.json
Setting random seed: 2
Starting experiment with mining strategy: none
Configuration: {
  "experiment_name": "q101_multiseed_baseline",
  "description": "Multi-seed baseline validation (no mining) - seeds 0-9",
  "mining_strategy": "none",
  "rank": 20,
  "ood": false,
  "diffusion_steps": 10,
  "batch_size": 2048,
  "train_steps": 100000,
  "learning_rate": 0.0001,
  "seed": 2,
  "output_dir": "results/ds_inverse/q101_seed2",
  "notes": "Baseline with no negative mining. This config will be used with SLURM array jobs where seed is overridden by SLURM_ARRAY_TASK_ID."
}
Dataset: Inverse matrices (20x20)
Input dimension: 400, Output dimension: 400
Trainer initialized. Output directory: results/ds_inverse/q101_seed2
Training for 100000 steps...
Running Evaluation...
Validation Result @ Iteration 1000; Milestone = 1 (Train)
---------  -------
mse_error  1.38326
---------  -------
Validation Result @ Iteration 1000; Milestone = 1 (ID: Validation)
---  -------
mse  1.38355
---  -------
Running Evaluation...
Validation Result @ Iteration 2000; Milestone = 2 (Train)
---------  --------
mse_error  0.782426
---------  --------
Validation Result @ Iteration 2000; Milestone = 2 (ID: Validation)
---  --------
mse  0.775147
---  --------
Running Evaluation...
Validation Result @ Iteration 3000; Milestone = 3 (Train)
---------  --------
mse_error  0.427535
---------  --------
Validation Result @ Iteration 3000; Milestone = 3 (ID: Validation)
---  --------
mse  0.432871
---  --------
Running Evaluation...
Validation Result @ Iteration 4000; Milestone = 4 (Train)
---------  --------
mse_error  0.135976
---------  --------
Validation Result @ Iteration 4000; Milestone = 4 (ID: Validation)
---  -------
mse  0.14068
---  -------
Running Evaluation...
Validation Result @ Iteration 5000; Milestone = 5 (Train)
---------  ---------
mse_error  0.0269995
---------  ---------
Validation Result @ Iteration 5000; Milestone = 5 (ID: Validation)
---  --------
mse  0.025399
---  --------
Running Evaluation...
Validation Result @ Iteration 6000; Milestone = 6 (Train)
---------  ---------
mse_error  0.0137343
---------  ---------
Validation Result @ Iteration 6000; Milestone = 6 (ID: Validation)
---  ---------
mse  0.0130822
---  ---------
Running Evaluation...
Validation Result @ Iteration 7000; Milestone = 7 (Train)
---------  ---------
mse_error  0.0105281
---------  ---------
Validation Result @ Iteration 7000; Milestone = 7 (ID: Validation)
---  ---------
mse  0.0107436
---  ---------
Running Evaluation...
Validation Result @ Iteration 8000; Milestone = 8 (Train)
---------  ---------
mse_error  0.0101392
---------  ---------
Validation Result @ Iteration 8000; Milestone = 8 (ID: Validation)
---  ---------
mse  0.0100128
---  ---------
Running Evaluation...
Validation Result @ Iteration 9000; Milestone = 9 (Train)
---------  ----------
mse_error  0.00977609
---------  ----------
Validation Result @ Iteration 9000; Milestone = 9 (ID: Validation)
---  ----------
mse  0.00980956
---  ----------
Running Evaluation...
Validation Result @ Iteration 10000; Milestone = 10 (Train)
---------  ----------
mse_error  0.00971471
---------  ----------
Validation Result @ Iteration 10000; Milestone = 10 (ID: Validation)
---  ----------
mse  0.00974111
---  ----------
Running Evaluation...
Validation Result @ Iteration 11000; Milestone = 11 (Train)
---------  ----------
mse_error  0.00969099
---------  ----------
Validation Result @ Iteration 11000; Milestone = 11 (ID: Validation)
---  ----------
mse  0.00974559
---  ----------
Running Evaluation...
Validation Result @ Iteration 12000; Milestone = 12 (Train)
---------  ----------
mse_error  0.00972644
---------  ----------
Validation Result @ Iteration 12000; Milestone = 12 (ID: Validation)
---  ----------
mse  0.00968328
---  ----------
Running Evaluation...
Validation Result @ Iteration 13000; Milestone = 13 (Train)
---------  ----------
mse_error  0.00968419
---------  ----------
Validation Result @ Iteration 13000; Milestone = 13 (ID: Validation)
---  ---------
mse  0.0098046
---  ---------
Running Evaluation...
Validation Result @ Iteration 14000; Milestone = 14 (Train)
---------  ----------
mse_error  0.00970103
---------  ----------
Validation Result @ Iteration 14000; Milestone = 14 (ID: Validation)
---  ----------
mse  0.00973835
---  ----------
Running Evaluation...
Validation Result @ Iteration 15000; Milestone = 15 (Train)
---------  ----------
mse_error  0.00961477
---------  ----------
Validation Result @ Iteration 15000; Milestone = 15 (ID: Validation)
---  ----------
mse  0.00967393
---  ----------
Running Evaluation...
Validation Result @ Iteration 16000; Milestone = 16 (Train)
---------  ----------
mse_error  0.00972436
---------  ----------
Validation Result @ Iteration 16000; Milestone = 16 (ID: Validation)
---  ---------
mse  0.0097247
---  ---------
Running Evaluation...
Validation Result @ Iteration 17000; Milestone = 17 (Train)
---------  ----------
mse_error  0.00967986
---------  ----------
Validation Result @ Iteration 17000; Milestone = 17 (ID: Validation)
---  ---------
mse  0.0096788
---  ---------
Running Evaluation...
Validation Result @ Iteration 18000; Milestone = 18 (Train)
---------  ----------
mse_error  0.00969756
---------  ----------
Validation Result @ Iteration 18000; Milestone = 18 (ID: Validation)
---  ----------
mse  0.00968281
---  ----------
Running Evaluation...
Validation Result @ Iteration 19000; Milestone = 19 (Train)
---------  ----------
mse_error  0.00964897
---------  ----------
Validation Result @ Iteration 19000; Milestone = 19 (ID: Validation)
---  ----------
mse  0.00964649
---  ----------
Running Evaluation...
Validation Result @ Iteration 20000; Milestone = 20 (Train)
---------  ----------
mse_error  0.00965791
---------  ----------
Validation Result @ Iteration 20000; Milestone = 20 (ID: Validation)
---  ----------
mse  0.00968397
---  ----------
Running Evaluation...
Validation Result @ Iteration 21000; Milestone = 21 (Train)
---------  ----------
mse_error  0.00976293
---------  ----------
Validation Result @ Iteration 21000; Milestone = 21 (ID: Validation)
---  ----------
mse  0.00970448
---  ----------
Running Evaluation...
Validation Result @ Iteration 22000; Milestone = 22 (Train)
---------  ----------
mse_error  0.00973391
---------  ----------
Validation Result @ Iteration 22000; Milestone = 22 (ID: Validation)
---  ----------
mse  0.00972979
---  ----------
Running Evaluation...
Validation Result @ Iteration 23000; Milestone = 23 (Train)
---------  ----------
mse_error  0.00965055
---------  ----------
Validation Result @ Iteration 23000; Milestone = 23 (ID: Validation)
---  ----------
mse  0.00969709
---  ----------
Running Evaluation...
Validation Result @ Iteration 24000; Milestone = 24 (Train)
---------  --------
mse_error  0.009736
---------  --------
Validation Result @ Iteration 24000; Milestone = 24 (ID: Validation)
---  ----------
mse  0.00970178
---  ----------
Running Evaluation...
Validation Result @ Iteration 25000; Milestone = 25 (Train)
---------  ---------
mse_error  0.0095961
---------  ---------
Validation Result @ Iteration 25000; Milestone = 25 (ID: Validation)
---  ----------
mse  0.00967592
---  ----------
Running Evaluation...
Validation Result @ Iteration 26000; Milestone = 26 (Train)
---------  ---------
mse_error  0.0096668
---------  ---------
Validation Result @ Iteration 26000; Milestone = 26 (ID: Validation)
---  ----------
mse  0.00967202
---  ----------
Running Evaluation...
Validation Result @ Iteration 27000; Milestone = 27 (Train)
---------  ---------
mse_error  0.0096668
---------  ---------
Validation Result @ Iteration 27000; Milestone = 27 (ID: Validation)
---  ----------
mse  0.00972222
---  ----------
Running Evaluation...
Validation Result @ Iteration 28000; Milestone = 28 (Train)
---------  ----------
mse_error  0.00961629
---------  ----------
Validation Result @ Iteration 28000; Milestone = 28 (ID: Validation)
---  ----------
mse  0.00971284
---  ----------
Running Evaluation...
Validation Result @ Iteration 29000; Milestone = 29 (Train)
---------  ---------
mse_error  0.0096963
---------  ---------
Validation Result @ Iteration 29000; Milestone = 29 (ID: Validation)
---  ----------
mse  0.00972355
---  ----------
Running Evaluation...
Validation Result @ Iteration 30000; Milestone = 30 (Train)
---------  ----------
mse_error  0.00971229
---------  ----------
Validation Result @ Iteration 30000; Milestone = 30 (ID: Validation)
---  ----------
mse  0.00974029
---  ----------
Running Evaluation...
Validation Result @ Iteration 31000; Milestone = 31 (Train)
---------  ---------
mse_error  0.0096697
---------  ---------
Validation Result @ Iteration 31000; Milestone = 31 (ID: Validation)
---  ----------
mse  0.00966101
---  ----------
Running Evaluation...
Validation Result @ Iteration 32000; Milestone = 32 (Train)
---------  ----------
mse_error  0.00968568
---------  ----------
Validation Result @ Iteration 32000; Milestone = 32 (ID: Validation)
---  ----------
mse  0.00966519
---  ----------
Running Evaluation...
Validation Result @ Iteration 33000; Milestone = 33 (Train)
---------  ----------
mse_error  0.00972593
---------  ----------
Validation Result @ Iteration 33000; Milestone = 33 (ID: Validation)
---  ---------
mse  0.0096661
---  ---------
Running Evaluation...
Validation Result @ Iteration 34000; Milestone = 34 (Train)
---------  ----------
mse_error  0.00968907
---------  ----------
Validation Result @ Iteration 34000; Milestone = 34 (ID: Validation)
---  ----------
mse  0.00972384
---  ----------
Running Evaluation...
Validation Result @ Iteration 35000; Milestone = 35 (Train)
---------  ----------
mse_error  0.00967774
---------  ----------
Validation Result @ Iteration 35000; Milestone = 35 (ID: Validation)
---  ----------
mse  0.00967683
---  ----------
Running Evaluation...
Validation Result @ Iteration 36000; Milestone = 36 (Train)
---------  ----------
mse_error  0.00960189
---------  ----------
Validation Result @ Iteration 36000; Milestone = 36 (ID: Validation)
---  --------
mse  0.009698
---  --------
Running Evaluation...
Validation Result @ Iteration 37000; Milestone = 37 (Train)
---------  ---------
mse_error  0.0096838
---------  ---------
Validation Result @ Iteration 37000; Milestone = 37 (ID: Validation)
---  ----------
mse  0.00968374
---  ----------
Running Evaluation...
Validation Result @ Iteration 38000; Milestone = 38 (Train)
---------  ---------
mse_error  0.0097949
---------  ---------
Validation Result @ Iteration 38000; Milestone = 38 (ID: Validation)
---  ----------
mse  0.00964777
---  ----------
Running Evaluation...
Validation Result @ Iteration 39000; Milestone = 39 (Train)
---------  ----------
mse_error  0.00966456
---------  ----------
Validation Result @ Iteration 39000; Milestone = 39 (ID: Validation)
---  ----------
mse  0.00974425
---  ----------
Running Evaluation...
Validation Result @ Iteration 40000; Milestone = 40 (Train)
---------  ----------
mse_error  0.00964593
---------  ----------
Validation Result @ Iteration 40000; Milestone = 40 (ID: Validation)
---  ---------
mse  0.0096698
---  ---------
Running Evaluation...
Validation Result @ Iteration 41000; Milestone = 41 (Train)
---------  ----------
mse_error  0.00968228
---------  ----------
Validation Result @ Iteration 41000; Milestone = 41 (ID: Validation)
---  ----------
mse  0.00966176
---  ----------
Running Evaluation...
Validation Result @ Iteration 42000; Milestone = 42 (Train)
---------  ----------
mse_error  0.00971205
---------  ----------
Validation Result @ Iteration 42000; Milestone = 42 (ID: Validation)
---  ----------
mse  0.00968481
---  ----------
Running Evaluation...
Validation Result @ Iteration 43000; Milestone = 43 (Train)
---------  ----------
mse_error  0.00971583
---------  ----------
Validation Result @ Iteration 43000; Milestone = 43 (ID: Validation)
---  ----------
mse  0.00965787
---  ----------
Running Evaluation...
Validation Result @ Iteration 44000; Milestone = 44 (Train)
---------  ----------
mse_error  0.00964229
---------  ----------
Validation Result @ Iteration 44000; Milestone = 44 (ID: Validation)
---  ----------
mse  0.00965928
---  ----------
Running Evaluation...
Validation Result @ Iteration 45000; Milestone = 45 (Train)
---------  ----------
mse_error  0.00966143
---------  ----------
Validation Result @ Iteration 45000; Milestone = 45 (ID: Validation)
---  ----------
mse  0.00972844
---  ----------
Running Evaluation...
Validation Result @ Iteration 46000; Milestone = 46 (Train)
---------  ----------
mse_error  0.00963448
---------  ----------
Validation Result @ Iteration 46000; Milestone = 46 (ID: Validation)
---  ----------
mse  0.00968539
---  ----------
Running Evaluation...
Validation Result @ Iteration 47000; Milestone = 47 (Train)
---------  ----------
mse_error  0.00967799
---------  ----------
Validation Result @ Iteration 47000; Milestone = 47 (ID: Validation)
---  ----------
mse  0.00970516
---  ----------
Running Evaluation...
Validation Result @ Iteration 48000; Milestone = 48 (Train)
---------  ----------
mse_error  0.00967134
---------  ----------
Validation Result @ Iteration 48000; Milestone = 48 (ID: Validation)
---  ----------
mse  0.00975269
---  ----------
Running Evaluation...
Validation Result @ Iteration 49000; Milestone = 49 (Train)
---------  ----------
mse_error  0.00968075
---------  ----------
Validation Result @ Iteration 49000; Milestone = 49 (ID: Validation)
---  ----------
mse  0.00969763
---  ----------
Running Evaluation...
Validation Result @ Iteration 50000; Milestone = 50 (Train)
---------  ----------
mse_error  0.00966382
---------  ----------
Validation Result @ Iteration 50000; Milestone = 50 (ID: Validation)
---  ----------
mse  0.00969363
---  ----------
Running Evaluation...
Validation Result @ Iteration 51000; Milestone = 51 (Train)
---------  ----------
mse_error  0.00967201
---------  ----------
Validation Result @ Iteration 51000; Milestone = 51 (ID: Validation)
---  ---------
mse  0.0096809
---  ---------
Running Evaluation...
Validation Result @ Iteration 52000; Milestone = 52 (Train)
---------  ----------
mse_error  0.00969725
---------  ----------
Validation Result @ Iteration 52000; Milestone = 52 (ID: Validation)
---  ----------
mse  0.00968548
---  ----------
Running Evaluation...
Validation Result @ Iteration 53000; Milestone = 53 (Train)
---------  ----------
mse_error  0.00968035
---------  ----------
Validation Result @ Iteration 53000; Milestone = 53 (ID: Validation)
---  ----------
mse  0.00965296
---  ----------
Running Evaluation...
Validation Result @ Iteration 54000; Milestone = 54 (Train)
---------  ----------
mse_error  0.00964792
---------  ----------
Validation Result @ Iteration 54000; Milestone = 54 (ID: Validation)
---  ----------
mse  0.00969275
---  ----------
Running Evaluation...
Validation Result @ Iteration 55000; Milestone = 55 (Train)
---------  ----------
mse_error  0.00970536
---------  ----------
Validation Result @ Iteration 55000; Milestone = 55 (ID: Validation)
---  ---------
mse  0.0096798
---  ---------
Running Evaluation...
Validation Result @ Iteration 56000; Milestone = 56 (Train)
---------  ----------
mse_error  0.00959988
---------  ----------
Validation Result @ Iteration 56000; Milestone = 56 (ID: Validation)
---  ----------
mse  0.00966354
---  ----------
Running Evaluation...
Validation Result @ Iteration 57000; Milestone = 57 (Train)
---------  ----------
mse_error  0.00966721
---------  ----------
Validation Result @ Iteration 57000; Milestone = 57 (ID: Validation)
---  ----------
mse  0.00969061
---  ----------
Running Evaluation...
Validation Result @ Iteration 58000; Milestone = 58 (Train)
---------  ----------
mse_error  0.00963606
---------  ----------
Validation Result @ Iteration 58000; Milestone = 58 (ID: Validation)
---  ----------
mse  0.00971694
---  ----------
Running Evaluation...
Validation Result @ Iteration 59000; Milestone = 59 (Train)
---------  ----------
mse_error  0.00975531
---------  ----------
Validation Result @ Iteration 59000; Milestone = 59 (ID: Validation)
---  ----------
mse  0.00969386
---  ----------
Running Evaluation...
Validation Result @ Iteration 60000; Milestone = 60 (Train)
---------  ---------
mse_error  0.0097052
---------  ---------
Validation Result @ Iteration 60000; Milestone = 60 (ID: Validation)
---  ----------
mse  0.00970512
---  ----------
Running Evaluation...
Validation Result @ Iteration 61000; Milestone = 61 (Train)
---------  ----------
mse_error  0.00963682
---------  ----------
Validation Result @ Iteration 61000; Milestone = 61 (ID: Validation)
---  ----------
mse  0.00967034
---  ----------
Running Evaluation...
Validation Result @ Iteration 62000; Milestone = 62 (Train)
---------  ---------
mse_error  0.0096901
---------  ---------
Validation Result @ Iteration 62000; Milestone = 62 (ID: Validation)
---  ----------
mse  0.00971023
---  ----------
Running Evaluation...
Validation Result @ Iteration 63000; Milestone = 63 (Train)
---------  ----------
mse_error  0.00966075
---------  ----------
Validation Result @ Iteration 63000; Milestone = 63 (ID: Validation)
---  ----------
mse  0.00965829
---  ----------
Running Evaluation...
Validation Result @ Iteration 64000; Milestone = 64 (Train)
---------  ----------
mse_error  0.00964282
---------  ----------
Validation Result @ Iteration 64000; Milestone = 64 (ID: Validation)
---  ----------
mse  0.00972408
---  ----------
Running Evaluation...
Validation Result @ Iteration 65000; Milestone = 65 (Train)
---------  ----------
mse_error  0.00963049
---------  ----------
Validation Result @ Iteration 65000; Milestone = 65 (ID: Validation)
---  ----------
mse  0.00968731
---  ----------
Running Evaluation...
Validation Result @ Iteration 66000; Milestone = 66 (Train)
---------  ----------
mse_error  0.00970182
---------  ----------
Validation Result @ Iteration 66000; Milestone = 66 (ID: Validation)
---  ----------
mse  0.00967328
---  ----------
Running Evaluation...
Validation Result @ Iteration 67000; Milestone = 67 (Train)
---------  ----------
mse_error  0.00963036
---------  ----------
Validation Result @ Iteration 67000; Milestone = 67 (ID: Validation)
---  ----------
mse  0.00969209
---  ----------
Running Evaluation...
Validation Result @ Iteration 68000; Milestone = 68 (Train)
---------  ----------
mse_error  0.00971218
---------  ----------
Validation Result @ Iteration 68000; Milestone = 68 (ID: Validation)
---  ----------
mse  0.00967963
---  ----------
Running Evaluation...
Validation Result @ Iteration 69000; Milestone = 69 (Train)
---------  ----------
mse_error  0.00967522
---------  ----------
Validation Result @ Iteration 69000; Milestone = 69 (ID: Validation)
---  ----------
mse  0.00971986
---  ----------
Running Evaluation...
Validation Result @ Iteration 70000; Milestone = 70 (Train)
---------  ----------
mse_error  0.00973843
---------  ----------
Validation Result @ Iteration 70000; Milestone = 70 (ID: Validation)
---  ----------
mse  0.00965282
---  ----------
Running Evaluation...
Validation Result @ Iteration 71000; Milestone = 71 (Train)
---------  ----------
mse_error  0.00968865
---------  ----------
Validation Result @ Iteration 71000; Milestone = 71 (ID: Validation)
---  ----------
mse  0.00973173
---  ----------
Running Evaluation...
Validation Result @ Iteration 72000; Milestone = 72 (Train)
---------  ----------
mse_error  0.00967687
---------  ----------
Validation Result @ Iteration 72000; Milestone = 72 (ID: Validation)
---  ----------
mse  0.00969717
---  ----------
Running Evaluation...
Validation Result @ Iteration 73000; Milestone = 73 (Train)
---------  ----------
mse_error  0.00963289
---------  ----------
Validation Result @ Iteration 73000; Milestone = 73 (ID: Validation)
---  ----------
mse  0.00967062
---  ----------
Running Evaluation...
Validation Result @ Iteration 74000; Milestone = 74 (Train)
---------  ----------
mse_error  0.00970118
---------  ----------
Validation Result @ Iteration 74000; Milestone = 74 (ID: Validation)
---  ----------
mse  0.00966823
---  ----------
Running Evaluation...
Validation Result @ Iteration 75000; Milestone = 75 (Train)
---------  ----------
mse_error  0.00968514
---------  ----------
Validation Result @ Iteration 75000; Milestone = 75 (ID: Validation)
---  ----------
mse  0.00968789
---  ----------
Running Evaluation...
Validation Result @ Iteration 76000; Milestone = 76 (Train)
---------  ----------
mse_error  0.00966811
---------  ----------
Validation Result @ Iteration 76000; Milestone = 76 (ID: Validation)
---  ----------
mse  0.00971468
---  ----------
Running Evaluation...
Validation Result @ Iteration 77000; Milestone = 77 (Train)
---------  ----------
mse_error  0.00972427
---------  ----------
Validation Result @ Iteration 77000; Milestone = 77 (ID: Validation)
---  ----------
mse  0.00968645
---  ----------
Running Evaluation...
Validation Result @ Iteration 78000; Milestone = 78 (Train)
---------  ----------
mse_error  0.00972328
---------  ----------
Validation Result @ Iteration 78000; Milestone = 78 (ID: Validation)
---  ----------
mse  0.00970253
---  ----------
Running Evaluation...
Validation Result @ Iteration 79000; Milestone = 79 (Train)
---------  ----------
mse_error  0.00971919
---------  ----------
Validation Result @ Iteration 79000; Milestone = 79 (ID: Validation)
---  ----------
mse  0.00970575
---  ----------
Running Evaluation...
Validation Result @ Iteration 80000; Milestone = 80 (Train)
---------  ----------
mse_error  0.00967944
---------  ----------
Validation Result @ Iteration 80000; Milestone = 80 (ID: Validation)
---  ----------
mse  0.00968568
---  ----------
Running Evaluation...
Validation Result @ Iteration 81000; Milestone = 81 (Train)
---------  ----------
mse_error  0.00966576
---------  ----------
Validation Result @ Iteration 81000; Milestone = 81 (ID: Validation)
---  ----------
mse  0.00967717
---  ----------
Running Evaluation...
Validation Result @ Iteration 82000; Milestone = 82 (Train)
---------  ----------
mse_error  0.00967801
---------  ----------
Validation Result @ Iteration 82000; Milestone = 82 (ID: Validation)
---  ----------
mse  0.00972054
---  ----------
Running Evaluation...
Validation Result @ Iteration 83000; Milestone = 83 (Train)
---------  ----------
mse_error  0.00962735
---------  ----------
Validation Result @ Iteration 83000; Milestone = 83 (ID: Validation)
---  --------
mse  0.009671
---  --------
Running Evaluation...
Validation Result @ Iteration 84000; Milestone = 84 (Train)
---------  ----------
mse_error  0.00968004
---------  ----------
Validation Result @ Iteration 84000; Milestone = 84 (ID: Validation)
---  ----------
mse  0.00974007
---  ----------
Running Evaluation...
Validation Result @ Iteration 85000; Milestone = 85 (Train)
---------  ----------
mse_error  0.00970819
---------  ----------
Validation Result @ Iteration 85000; Milestone = 85 (ID: Validation)
---  ----------
mse  0.00972343
---  ----------
Running Evaluation...
Validation Result @ Iteration 86000; Milestone = 86 (Train)
---------  ----------
mse_error  0.00970662
---------  ----------
Validation Result @ Iteration 86000; Milestone = 86 (ID: Validation)
---  ----------
mse  0.00965746
---  ----------
Running Evaluation...
Validation Result @ Iteration 87000; Milestone = 87 (Train)
---------  ----------
mse_error  0.00967829
---------  ----------
Validation Result @ Iteration 87000; Milestone = 87 (ID: Validation)
---  ---------
mse  0.0096277
---  ---------
Running Evaluation...
Validation Result @ Iteration 88000; Milestone = 88 (Train)
---------  ----------
mse_error  0.00971413
---------  ----------
Validation Result @ Iteration 88000; Milestone = 88 (ID: Validation)
---  ----------
mse  0.00967158
---  ----------
Running Evaluation...
Validation Result @ Iteration 89000; Milestone = 89 (Train)
---------  ----------
mse_error  0.00967591
---------  ----------
Validation Result @ Iteration 89000; Milestone = 89 (ID: Validation)
---  ----------
mse  0.00965127
---  ----------
Running Evaluation...
Validation Result @ Iteration 90000; Milestone = 90 (Train)
---------  ----------
mse_error  0.00963869
---------  ----------
Validation Result @ Iteration 90000; Milestone = 90 (ID: Validation)
---  ----------
mse  0.00965445
---  ----------
Running Evaluation...
Validation Result @ Iteration 91000; Milestone = 91 (Train)
---------  ----------
mse_error  0.00974574
---------  ----------
Validation Result @ Iteration 91000; Milestone = 91 (ID: Validation)
---  --------
mse  0.009661
---  --------
Running Evaluation...
Validation Result @ Iteration 92000; Milestone = 92 (Train)
---------  ----------
mse_error  0.00969545
---------  ----------
Validation Result @ Iteration 92000; Milestone = 92 (ID: Validation)
---  ----------
mse  0.00969108
---  ----------
Running Evaluation...
Validation Result @ Iteration 93000; Milestone = 93 (Train)
---------  ----------
mse_error  0.00971337
---------  ----------
Validation Result @ Iteration 93000; Milestone = 93 (ID: Validation)
---  ----------
mse  0.00976066
---  ----------
Running Evaluation...
Validation Result @ Iteration 94000; Milestone = 94 (Train)
---------  ----------
mse_error  0.00972368
---------  ----------
Validation Result @ Iteration 94000; Milestone = 94 (ID: Validation)
---  ----------
mse  0.00968439
---  ----------
Running Evaluation...
Validation Result @ Iteration 95000; Milestone = 95 (Train)
---------  ----------
mse_error  0.00963706
---------  ----------
Validation Result @ Iteration 95000; Milestone = 95 (ID: Validation)
---  ----------
mse  0.00966996
---  ----------
Running Evaluation...
Validation Result @ Iteration 96000; Milestone = 96 (Train)
---------  ----------
mse_error  0.00972858
---------  ----------
Validation Result @ Iteration 96000; Milestone = 96 (ID: Validation)
---  ----------
mse  0.00966034
---  ----------
Running Evaluation...
Validation Result @ Iteration 97000; Milestone = 97 (Train)
---------  ----------
mse_error  0.00969693
---------  ----------
Validation Result @ Iteration 97000; Milestone = 97 (ID: Validation)
---  ----------
mse  0.00963695
---  ----------
Running Evaluation...
Validation Result @ Iteration 98000; Milestone = 98 (Train)
---------  ----------
mse_error  0.00971828
---------  ----------
Validation Result @ Iteration 98000; Milestone = 98 (ID: Validation)
---  ---------
mse  0.0096807
---  ---------
Running Evaluation...
Validation Result @ Iteration 99000; Milestone = 99 (Train)
---------  ----------
mse_error  0.00967109
---------  ----------
Validation Result @ Iteration 99000; Milestone = 99 (ID: Validation)
---  ----------
mse  0.00968063
---  ----------
Running Evaluation...
Validation Result @ Iteration 100000; Milestone = 100 (Train)
---------  ----------
mse_error  0.00978924
---------  ----------
Validation Result @ Iteration 100000; Milestone = 100 (ID: Validation)
---  ----------
mse  0.00971266
---  ----------
training complete
Training completed!
Results saved to: results/ds_inverse/q101_seed2/results.json
Experiment completed at Sat Jan 24 06:50:45 EST 2026
Copying results to persistent storage...
sending incremental file list
./
summary.md
test_run/
test_run/experiment_config.json

sent 2,490 bytes  received 69 bytes  5,118.00 bytes/sec
total size is 2,227  speedup is 0.87
Results copied to /n/home03/mkrasnow/research-repo/projects/ired/results/
Cleaning up work directory...
