Job started at Mon Feb 23 11:42:54 EST 2026
Running on host: holygpu8a29201.rc.fas.harvard.edu
Job ID: 61758184
Array Task ID: 2
Git URL: https://github.com/mdkrasnow/research-repo.git
Git SHA: fdd2fcc7d62d341b19fff3daf7f04d5af0f363ee
Work directory: /tmp/ired-job-61758184
GPU info:
Mon Feb 23 11:42:54 2026       
+-----------------------------------------------------------------------------------------+
| NVIDIA-SMI 575.57.08              Driver Version: 575.57.08      CUDA Version: 12.9     |
|-----------------------------------------+------------------------+----------------------+
| GPU  Name                 Persistence-M | Bus-Id          Disp.A | Volatile Uncorr. ECC |
| Fan  Temp   Perf          Pwr:Usage/Cap |           Memory-Usage | GPU-Util  Compute M. |
|                                         |                        |               MIG M. |
|=========================================+========================+======================|
|   0  NVIDIA A100-SXM4-80GB          On  |   00000000:31:00.0 Off |                    0 |
| N/A   27C    P0             60W /  500W |       0MiB /  81920MiB |      0%      Default |
|                                         |                        |             Disabled |
+-----------------------------------------+------------------------+----------------------+
                                                                                         
+-----------------------------------------------------------------------------------------+
| Processes:                                                                              |
|  GPU   GI   CI              PID   Type   Process name                        GPU Memory |
|        ID   ID                                                               Usage      |
|=========================================================================================|
|  No running processes found                                                             |
+-----------------------------------------------------------------------------------------+
Cloning repository...
Repository cloned and checked out to: fdd2fcc
Repository info:
fdd2fcc Implement TAM-CTL (Trajectory-Aligned Mining with Convergence Training Loss)
Starting TAM-CTL (recovery-only) with seed 2...
Loading configuration from: projects/ired/configs/q223_tam_ctl_recovery_only.json
Configuration saved to: results/ds_inverse/q223_tam_ctl_recovery_only/experiment_config.json
Setting random seed: 2
Starting experiment with mining strategy: tam
Configuration: {
  "experiment_name": "q223_tam_ctl_recovery_only",
  "description": "TAM + recovery loss (convergence training). NO gradient-contrastive. Isolates recovery effect.",
  "investigation": "ired-pgd",
  "ablation_stage": "tam_recovery_loss",
  "mining_strategy": "tam",
  "tam_anchor_step": 2,
  "pgd_delta": 1.5,
  "pgd_step_size": 0.5,
  "mining_opt_steps": 3,
  "use_recovery_loss": true,
  "recovery_steps": 1,
  "recovery_loss_weight": 0.1,
  "use_gradient_contrastive": false,
  "energy_loss_weight": 0.0,
  "use_scalar_energy": true,
  "rank": 20,
  "ood": false,
  "diffusion_steps": 10,
  "batch_size": 2048,
  "train_steps": 100000,
  "learning_rate": 0.0001,
  "adam_betas": [
    0.0,
    0.999
  ],
  "output_dir": "results/ds_inverse/q223_tam_ctl_recovery_only",
  "notes": "Test hypothesis: training on recovered trajectory states improves convergence. Loss = L_mse(pos) + 0.1 * L_mse(rec). Baseline: q220 val_mse=0.009728\u00b10.000016. Recovery loss weight \u03bb=0.1, recovery_steps=1.",
  "seed": 2
}
Dataset: Inverse matrices (20x20)
Input dimension: 400, Output dimension: 400
Trainer initialized. Output directory: results/ds_inverse/q223_tam_ctl_recovery_only
Training for 100000 steps...
[CD-DIAG step=100] E_pos=0.5064 E_neg=0.5051 margin=-0.0014 E_wtd=0.000000 MSE=1.001088 gradE=0.0332 pred_norm=0.0000 pred_std=0.0000 pred_abs=0.0000 tgt_std=0.9996 tgt_abs=0.7979 cos=-0.0002 neg_dist=0.6735 lang_grad0=0.0000 lang_gradK=0.0000 lang_disp=0.0000 step=0.0000 sigma=0.0000
[CD-DIAG step=200] E_pos=8.3506 E_neg=8.2802 margin=-0.0704 E_wtd=0.000000 MSE=1.001000 gradE=0.3083 pred_norm=0.0002 pred_std=0.0000 pred_abs=0.0000 tgt_std=1.0004 tgt_abs=0.7981 cos=0.0017 neg_dist=2.7768 lang_grad0=0.0000 lang_gradK=0.0000 lang_disp=0.0000 step=0.0000 sigma=0.0000
[CD-DIAG step=300] E_pos=134.8485 E_neg=114.9679 margin=-19.8806 E_wtd=0.000000 MSE=0.998370 gradE=29.4504 pred_norm=0.0144 pred_std=0.0007 pred_abs=0.0006 tgt_std=1.0013 tgt_abs=0.7989 cos=-0.0001 neg_dist=4.5988 lang_grad0=0.0000 lang_gradK=0.0000 lang_disp=0.0000 step=0.0000 sigma=0.0000
[CD-DIAG step=400] E_pos=2144.2524 E_neg=1264.2419 margin=-880.0105 E_wtd=0.000000 MSE=0.989302 gradE=744.3589 pred_norm=0.3636 pred_std=0.0185 pred_abs=0.0145 tgt_std=1.0000 tgt_abs=0.7977 cos=-0.0002 neg_dist=3.6028 lang_grad0=0.0000 lang_gradK=0.0000 lang_disp=0.0000 step=0.0000 sigma=0.0000
[CD-DIAG step=500] E_pos=33160.6797 E_neg=13427.4648 margin=-19733.2148 E_wtd=0.000000 MSE=0.893631 gradE=5879.0879 pred_norm=2.8747 pred_std=0.1477 pred_abs=0.1148 tgt_std=0.9995 tgt_abs=0.7976 cos=-0.0011 neg_dist=4.2603 lang_grad0=0.0000 lang_gradK=0.0000 lang_disp=0.0000 step=0.0000 sigma=0.0000
[CD-DIAG step=600] E_pos=77178.6953 E_neg=-30718.0312 margin=-107896.7266 E_wtd=0.000000 MSE=0.678716 gradE=18235.5820 pred_norm=8.9001 pred_std=0.4704 pred_abs=0.3554 tgt_std=1.0003 tgt_abs=0.7981 cos=0.0006 neg_dist=9.8670 lang_grad0=0.0000 lang_gradK=0.0000 lang_disp=0.0000 step=0.0000 sigma=0.0000
[CD-DIAG step=700] E_pos=112308.5391 E_neg=-36312.1641 margin=-148620.7031 E_wtd=0.000000 MSE=0.575626 gradE=23834.9844 pred_norm=11.6442 pred_std=0.6195 pred_abs=0.4650 tgt_std=1.0007 tgt_abs=0.7986 cos=-0.0018 neg_dist=9.3227 lang_grad0=0.0000 lang_gradK=0.0000 lang_disp=0.0000 step=0.0000 sigma=0.0000
[CD-DIAG step=800] E_pos=198228.0625 E_neg=24690.1523 margin=-173537.9102 E_wtd=0.000000 MSE=0.508589 gradE=25654.8809 pred_norm=12.5327 pred_std=0.6600 pred_abs=0.5004 tgt_std=0.9989 tgt_abs=0.7968 cos=-0.0013 neg_dist=10.0883 lang_grad0=0.0000 lang_gradK=0.0000 lang_disp=0.0000 step=0.0000 sigma=0.0000
[CD-DIAG step=900] E_pos=257265.9688 E_neg=56482.6484 margin=-200783.3203 E_wtd=0.000000 MSE=0.458422 gradE=28197.8398 pred_norm=13.7560 pred_std=0.7195 pred_abs=0.5493 tgt_std=1.0015 tgt_abs=0.7986 cos=0.0007 neg_dist=10.4791 lang_grad0=0.0000 lang_gradK=0.0000 lang_disp=0.0000 step=0.0000 sigma=0.0000
[CD-DIAG step=1000] E_pos=317467.1562 E_neg=96303.1797 margin=-221163.9766 E_wtd=0.000000 MSE=0.415924 gradE=29541.8145 pred_norm=14.4360 pred_std=0.7520 pred_abs=0.5766 tgt_std=1.0011 tgt_abs=0.7990 cos=0.0005 neg_dist=10.9809 lang_grad0=0.0000 lang_gradK=0.0000 lang_disp=0.0000 step=0.0000 sigma=0.0000
Running Evaluation...
Validation Result @ Iteration 1000; Milestone = 1 (Train)
---------  -------
mse_error  2.79543
---------  -------
Validation Result @ Iteration 1000; Milestone = 1 (ID: Validation)
---  ------
mse  2.7969
---  ------
[CD-DIAG step=1100] E_pos=364372.1875 E_neg=125689.0312 margin=-238683.1562 E_wtd=0.000000 MSE=0.374450 gradE=30917.3711 pred_norm=15.0773 pred_std=0.7799 pred_abs=0.6018 tgt_std=1.0005 tgt_abs=0.7983 cos=-0.0003 neg_dist=11.5489 lang_grad0=0.0000 lang_gradK=0.0000 lang_disp=0.0000 step=0.0000 sigma=0.0000
[CD-DIAG step=1200] E_pos=386772.8750 E_neg=146089.6875 margin=-240683.1875 E_wtd=0.000000 MSE=0.348966 gradE=31024.2520 pred_norm=15.1383 pred_std=0.7840 pred_abs=0.6041 tgt_std=1.0012 tgt_abs=0.7991 cos=-0.0017 neg_dist=11.6405 lang_grad0=0.0000 lang_gradK=0.0000 lang_disp=0.0000 step=0.0000 sigma=0.0000
[CD-DIAG step=1300] E_pos=353618.4375 E_neg=91959.5547 margin=-261658.8828 E_wtd=0.000000 MSE=0.321054 gradE=32795.1211 pred_norm=16.0103 pred_std=0.8265 pred_abs=0.6391 tgt_std=0.9991 tgt_abs=0.7971 cos=0.0009 neg_dist=12.0190 lang_grad0=0.0000 lang_gradK=0.0000 lang_disp=0.0000 step=0.0000 sigma=0.0000
[CD-DIAG step=1400] E_pos=370171.5625 E_neg=103430.3906 margin=-266741.1719 E_wtd=0.000000 MSE=0.294354 gradE=33062.4180 pred_norm=16.1147 pred_std=0.8307 pred_abs=0.6435 tgt_std=1.0012 tgt_abs=0.7985 cos=0.0006 neg_dist=12.1932 lang_grad0=0.0000 lang_gradK=0.0000 lang_disp=0.0000 step=0.0000 sigma=0.0000
[CD-DIAG step=1500] E_pos=356624.6875 E_neg=73027.5781 margin=-283597.1094 E_wtd=0.000000 MSE=0.271146 gradE=34026.2852 pred_norm=16.6293 pred_std=0.8556 pred_abs=0.6638 tgt_std=1.0001 tgt_abs=0.7982 cos=0.0002 neg_dist=12.9403 lang_grad0=0.0000 lang_gradK=0.0000 lang_disp=0.0000 step=0.0000 sigma=0.0000
[CD-DIAG step=1600] E_pos=361506.0625 E_neg=79078.1875 margin=-282427.8750 E_wtd=0.000000 MSE=0.254756 gradE=34278.5859 pred_norm=16.7462 pred_std=0.8611 pred_abs=0.6683 tgt_std=1.0003 tgt_abs=0.7982 cos=-0.0005 neg_dist=12.6152 lang_grad0=0.0000 lang_gradK=0.0000 lang_disp=0.0000 step=0.0000 sigma=0.0000
[CD-DIAG step=1700] E_pos=399641.8438 E_neg=110101.4219 margin=-289540.4219 E_wtd=0.000000 MSE=0.230900 gradE=35011.3047 pred_norm=17.0921 pred_std=0.8729 pred_abs=0.6822 tgt_std=1.0020 tgt_abs=0.7997 cos=-0.0011 neg_dist=12.9148 lang_grad0=0.0000 lang_gradK=0.0000 lang_disp=0.0000 step=0.0000 sigma=0.0000
[CD-DIAG step=1800] E_pos=414063.6875 E_neg=120408.2734 margin=-293655.4141 E_wtd=0.000000 MSE=0.221845 gradE=34863.1875 pred_norm=17.0234 pred_std=0.8706 pred_abs=0.6796 tgt_std=1.0001 tgt_abs=0.7983 cos=-0.0005 neg_dist=13.3815 lang_grad0=0.0000 lang_gradK=0.0000 lang_disp=0.0000 step=0.0000 sigma=0.0000
[CD-DIAG step=1900] E_pos=383821.9688 E_neg=89878.4844 margin=-293943.4844 E_wtd=0.000000 MSE=0.210684 gradE=35397.7734 pred_norm=17.2831 pred_std=0.8839 pred_abs=0.6900 tgt_std=1.0012 tgt_abs=0.7989 cos=-0.0001 neg_dist=12.9721 lang_grad0=0.0000 lang_gradK=0.0000 lang_disp=0.0000 step=0.0000 sigma=0.0000
[CD-DIAG step=2000] E_pos=459165.9375 E_neg=173401.8750 margin=-285764.0625 E_wtd=0.000000 MSE=0.189481 gradE=35006.5312 pred_norm=17.0809 pred_std=0.8717 pred_abs=0.6816 tgt_std=0.9990 tgt_abs=0.7970 cos=0.0000 neg_dist=12.9066 lang_grad0=0.0000 lang_gradK=0.0000 lang_disp=0.0000 step=0.0000 sigma=0.0000
Running Evaluation...
Validation Result @ Iteration 2000; Milestone = 2 (Train)
---------  -------
mse_error  1.29598
---------  -------
Validation Result @ Iteration 2000; Milestone = 2 (ID: Validation)
---  ------
mse  1.2945
---  ------
[CD-DIAG step=2100] E_pos=412646.0000 E_neg=103224.7891 margin=-309421.2109 E_wtd=0.000000 MSE=0.177743 gradE=36081.5586 pred_norm=17.6001 pred_std=0.8975 pred_abs=0.7019 tgt_std=1.0003 tgt_abs=0.7984 cos=0.0003 neg_dist=13.8071 lang_grad0=0.0000 lang_gradK=0.0000 lang_disp=0.0000 step=0.0000 sigma=0.0000
[CD-DIAG step=2200] E_pos=441969.6875 E_neg=135854.2344 margin=-306115.4531 E_wtd=0.000000 MSE=0.165161 gradE=36009.6875 pred_norm=17.5934 pred_std=0.8958 pred_abs=0.7023 tgt_std=0.9990 tgt_abs=0.7975 cos=0.0020 neg_dist=13.6206 lang_grad0=0.0000 lang_gradK=0.0000 lang_disp=0.0000 step=0.0000 sigma=0.0000
[CD-DIAG step=2300] E_pos=398139.9688 E_neg=72575.2891 margin=-325564.6797 E_wtd=0.000000 MSE=0.158309 gradE=37326.1602 pred_norm=18.2095 pred_std=0.9270 pred_abs=0.7269 tgt_std=1.0010 tgt_abs=0.7990 cos=-0.0011 neg_dist=13.9424 lang_grad0=0.0000 lang_gradK=0.0000 lang_disp=0.0000 step=0.0000 sigma=0.0000
[CD-DIAG step=2400] E_pos=414400.5625 E_neg=90608.4609 margin=-323792.1016 E_wtd=0.000000 MSE=0.148439 gradE=37329.6250 pred_norm=18.1942 pred_std=0.9239 pred_abs=0.7260 tgt_std=1.0006 tgt_abs=0.7985 cos=0.0028 neg_dist=13.9114 lang_grad0=0.0000 lang_gradK=0.0000 lang_disp=0.0000 step=0.0000 sigma=0.0000
[CD-DIAG step=2500] E_pos=445058.2500 E_neg=137468.0938 margin=-307590.1562 E_wtd=0.000000 MSE=0.145670 gradE=36464.6797 pred_norm=17.7775 pred_std=0.9041 pred_abs=0.7091 tgt_std=0.9998 tgt_abs=0.7977 cos=0.0001 neg_dist=13.4831 lang_grad0=0.0000 lang_gradK=0.0000 lang_disp=0.0000 step=0.0000 sigma=0.0000
[CD-DIAG step=2600] E_pos=404238.4375 E_neg=82463.8281 margin=-321774.6094 E_wtd=0.000000 MSE=0.135320 gradE=37609.5078 pred_norm=18.3777 pred_std=0.9330 pred_abs=0.7334 tgt_std=1.0001 tgt_abs=0.7981 cos=0.0002 neg_dist=13.7580 lang_grad0=0.0000 lang_gradK=0.0000 lang_disp=0.0000 step=0.0000 sigma=0.0000
[CD-DIAG step=2700] E_pos=387700.1250 E_neg=46645.1641 margin=-341054.9609 E_wtd=0.000000 MSE=0.130293 gradE=38540.0742 pred_norm=18.7986 pred_std=0.9545 pred_abs=0.7500 tgt_std=1.0009 tgt_abs=0.7984 cos=0.0013 neg_dist=14.3406 lang_grad0=0.0000 lang_gradK=0.0000 lang_disp=0.0000 step=0.0000 sigma=0.0000
[CD-DIAG step=2800] E_pos=481613.9688 E_neg=174882.4375 margin=-306731.5312 E_wtd=0.000000 MSE=0.131171 gradE=36379.7422 pred_norm=17.7955 pred_std=0.9048 pred_abs=0.7103 tgt_std=0.9994 tgt_abs=0.7973 cos=0.0012 neg_dist=13.5659 lang_grad0=0.0000 lang_gradK=0.0000 lang_disp=0.0000 step=0.0000 sigma=0.0000
[CD-DIAG step=2900] E_pos=425653.6250 E_neg=100651.5469 margin=-325002.0781 E_wtd=0.000000 MSE=0.124010 gradE=37531.6406 pred_norm=18.3068 pred_std=0.9287 pred_abs=0.7307 tgt_std=0.9997 tgt_abs=0.7978 cos=0.0011 neg_dist=13.9995 lang_grad0=0.0000 lang_gradK=0.0000 lang_disp=0.0000 step=0.0000 sigma=0.0000
[CD-DIAG step=3000] E_pos=391451.5000 E_neg=50254.8594 margin=-341196.6406 E_wtd=0.000000 MSE=0.118130 gradE=38535.2930 pred_norm=18.8385 pred_std=0.9560 pred_abs=0.7517 tgt_std=0.9992 tgt_abs=0.7968 cos=0.0010 neg_dist=14.4417 lang_grad0=0.0000 lang_gradK=0.0000 lang_disp=0.0000 step=0.0000 sigma=0.0000
Running Evaluation...
Validation Result @ Iteration 3000; Milestone = 3 (Train)
---------  -------
mse_error  0.76107
---------  -------
Validation Result @ Iteration 3000; Milestone = 3 (ID: Validation)
---  --------
mse  0.761137
---  --------
[CD-DIAG step=3100] E_pos=450640.6875 E_neg=130673.6406 margin=-319967.0469 E_wtd=0.000000 MSE=0.112528 gradE=37368.7227 pred_norm=18.2324 pred_std=0.9250 pred_abs=0.7274 tgt_std=1.0009 tgt_abs=0.7988 cos=0.0004 neg_dist=13.8738 lang_grad0=0.0000 lang_gradK=0.0000 lang_disp=0.0000 step=0.0000 sigma=0.0000
[CD-DIAG step=3200] E_pos=441672.3438 E_neg=119872.9219 margin=-321799.4219 E_wtd=0.000000 MSE=0.105520 gradE=37620.8828 pred_norm=18.3890 pred_std=0.9310 pred_abs=0.7339 tgt_std=0.9988 tgt_abs=0.7965 cos=-0.0005 neg_dist=15.4579 lang_grad0=0.0000 lang_gradK=0.0000 lang_disp=0.0000 step=0.0000 sigma=0.0000
[CD-DIAG step=3300] E_pos=467472.0000 E_neg=151527.8125 margin=-315944.1875 E_wtd=0.000000 MSE=0.108608 gradE=36961.6953 pred_norm=18.0733 pred_std=0.9177 pred_abs=0.7212 tgt_std=0.9996 tgt_abs=0.7976 cos=0.0009 neg_dist=14.0416 lang_grad0=0.0000 lang_gradK=0.0000 lang_disp=0.0000 step=0.0000 sigma=0.0000
[CD-DIAG step=3400] E_pos=397855.5000 E_neg=44897.3125 margin=-352958.1875 E_wtd=0.000000 MSE=0.101127 gradE=38962.9922 pred_norm=19.0103 pred_std=0.9629 pred_abs=0.7587 tgt_std=0.9999 tgt_abs=0.7983 cos=0.0004 neg_dist=15.2143 lang_grad0=0.0000 lang_gradK=0.0000 lang_disp=0.0000 step=0.0000 sigma=0.0000
[CD-DIAG step=3500] E_pos=394089.6875 E_neg=56651.5078 margin=-337438.1797 E_wtd=0.000000 MSE=0.106934 gradE=38458.7344 pred_norm=18.7993 pred_std=0.9534 pred_abs=0.7501 tgt_std=1.0000 tgt_abs=0.7979 cos=-0.0011 neg_dist=14.2021 lang_grad0=0.0000 lang_gradK=0.0000 lang_disp=0.0000 step=0.0000 sigma=0.0000
[CD-DIAG step=3600] E_pos=456152.6562 E_neg=131991.7188 margin=-324160.9375 E_wtd=0.000000 MSE=0.100376 gradE=37445.5312 pred_norm=18.2826 pred_std=0.9263 pred_abs=0.7299 tgt_std=1.0009 tgt_abs=0.7983 cos=-0.0005 neg_dist=13.9532 lang_grad0=0.0000 lang_gradK=0.0000 lang_disp=0.0000 step=0.0000 sigma=0.0000
[CD-DIAG step=3700] E_pos=391205.4375 E_neg=39181.5312 margin=-352023.9062 E_wtd=0.000000 MSE=0.094447 gradE=39411.7344 pred_norm=19.2187 pred_std=0.9728 pred_abs=0.7672 tgt_std=1.0007 tgt_abs=0.7985 cos=0.0018 neg_dist=14.6181 lang_grad0=0.0000 lang_gradK=0.0000 lang_disp=0.0000 step=0.0000 sigma=0.0000
[CD-DIAG step=3800] E_pos=484078.2500 E_neg=167603.0625 margin=-316475.1875 E_wtd=0.000000 MSE=0.093878 gradE=36977.5859 pred_norm=18.0579 pred_std=0.9164 pred_abs=0.7212 tgt_std=0.9999 tgt_abs=0.7978 cos=-0.0019 neg_dist=13.8516 lang_grad0=0.0000 lang_gradK=0.0000 lang_disp=0.0000 step=0.0000 sigma=0.0000
[CD-DIAG step=3900] E_pos=459605.2188 E_neg=135134.5156 margin=-324470.7031 E_wtd=0.000000 MSE=0.089635 gradE=37611.3125 pred_norm=18.3740 pred_std=0.9307 pred_abs=0.7329 tgt_std=0.9990 tgt_abs=0.7971 cos=0.0002 neg_dist=14.0967 lang_grad0=0.0000 lang_gradK=0.0000 lang_disp=0.0000 step=0.0000 sigma=0.0000
[CD-DIAG step=4000] E_pos=451066.4375 E_neg=129231.5547 margin=-321834.8828 E_wtd=0.000000 MSE=0.091863 gradE=37695.9844 pred_norm=18.4044 pred_std=0.9316 pred_abs=0.7344 tgt_std=0.9999 tgt_abs=0.7976 cos=-0.0005 neg_dist=13.9105 lang_grad0=0.0000 lang_gradK=0.0000 lang_disp=0.0000 step=0.0000 sigma=0.0000
Running Evaluation...
Validation Result @ Iteration 4000; Milestone = 4 (Train)
---------  --------
mse_error  0.287445
---------  --------
Validation Result @ Iteration 4000; Milestone = 4 (ID: Validation)
---  --------
mse  0.289493
---  --------
[CD-DIAG step=4100] E_pos=403390.8750 E_neg=66647.3281 margin=-336743.5469 E_wtd=0.000000 MSE=0.082463 gradE=38951.7383 pred_norm=19.0172 pred_std=0.9611 pred_abs=0.7590 tgt_std=0.9995 tgt_abs=0.7977 cos=-0.0014 neg_dist=14.1733 lang_grad0=0.0000 lang_gradK=0.0000 lang_disp=0.0000 step=0.0000 sigma=0.0000
[CD-DIAG step=4200] E_pos=421502.4688 E_neg=74896.4141 margin=-346606.0547 E_wtd=0.000000 MSE=0.076210 gradE=39265.4609 pred_norm=19.1559 pred_std=0.9665 pred_abs=0.7646 tgt_std=1.0005 tgt_abs=0.7981 cos=0.0015 neg_dist=14.5261 lang_grad0=0.0000 lang_gradK=0.0000 lang_disp=0.0000 step=0.0000 sigma=0.0000
[CD-DIAG step=4300] E_pos=424123.5625 E_neg=78226.0156 margin=-345897.5469 E_wtd=0.000000 MSE=0.079435 gradE=38928.7109 pred_norm=19.0084 pred_std=0.9599 pred_abs=0.7589 tgt_std=1.0008 tgt_abs=0.7989 cos=-0.0008 neg_dist=14.6631 lang_grad0=0.0000 lang_gradK=0.0000 lang_disp=0.0000 step=0.0000 sigma=0.0000
[CD-DIAG step=4400] E_pos=441218.6250 E_neg=100390.3438 margin=-340828.2812 E_wtd=0.000000 MSE=0.075928 gradE=38855.1953 pred_norm=18.9785 pred_std=0.9581 pred_abs=0.7574 tgt_std=0.9994 tgt_abs=0.7974 cos=0.0016 neg_dist=14.5121 lang_grad0=0.0000 lang_gradK=0.0000 lang_disp=0.0000 step=0.0000 sigma=0.0000
[CD-DIAG step=4500] E_pos=402957.5312 E_neg=53192.3594 margin=-349765.1719 E_wtd=0.000000 MSE=0.077871 gradE=39706.5938 pred_norm=19.3715 pred_std=0.9789 pred_abs=0.7735 tgt_std=0.9997 tgt_abs=0.7979 cos=0.0014 neg_dist=14.5723 lang_grad0=0.0000 lang_gradK=0.0000 lang_disp=0.0000 step=0.0000 sigma=0.0000
[CD-DIAG step=4600] E_pos=388148.3750 E_neg=37225.3984 margin=-350922.9766 E_wtd=0.000000 MSE=0.076387 gradE=40049.3125 pred_norm=19.5731 pred_std=0.9887 pred_abs=0.7814 tgt_std=0.9991 tgt_abs=0.7970 cos=-0.0015 neg_dist=15.3572 lang_grad0=0.0000 lang_gradK=0.0000 lang_disp=0.0000 step=0.0000 sigma=0.0000
[CD-DIAG step=4700] E_pos=448576.8438 E_neg=103155.9922 margin=-345420.8516 E_wtd=0.000000 MSE=0.067230 gradE=38997.5156 pred_norm=19.0311 pred_std=0.9594 pred_abs=0.7596 tgt_std=0.9999 tgt_abs=0.7976 cos=0.0002 neg_dist=14.6009 lang_grad0=0.0000 lang_gradK=0.0000 lang_disp=0.0000 step=0.0000 sigma=0.0000
[CD-DIAG step=4800] E_pos=426925.5000 E_neg=77603.5625 margin=-349321.9375 E_wtd=0.000000 MSE=0.072763 gradE=39467.0664 pred_norm=19.2667 pred_std=0.9721 pred_abs=0.7684 tgt_std=0.9998 tgt_abs=0.7977 cos=-0.0014 neg_dist=14.6950 lang_grad0=0.0000 lang_gradK=0.0000 lang_disp=0.0000 step=0.0000 sigma=0.0000
[CD-DIAG step=4900] E_pos=444440.3125 E_neg=119802.5234 margin=-324637.7891 E_wtd=0.000000 MSE=0.075119 gradE=38266.6953 pred_norm=18.6936 pred_std=0.9445 pred_abs=0.7465 tgt_std=0.9996 tgt_abs=0.7976 cos=-0.0013 neg_dist=13.9208 lang_grad0=0.0000 lang_gradK=0.0000 lang_disp=0.0000 step=0.0000 sigma=0.0000
[CD-DIAG step=5000] E_pos=385639.6250 E_neg=29098.5098 margin=-356541.1152 E_wtd=0.000000 MSE=0.074163 gradE=40316.0547 pred_norm=19.6863 pred_std=0.9949 pred_abs=0.7857 tgt_std=0.9991 tgt_abs=0.7968 cos=-0.0012 neg_dist=14.6929 lang_grad0=0.0000 lang_gradK=0.0000 lang_disp=0.0000 step=0.0000 sigma=0.0000
Running Evaluation...
Validation Result @ Iteration 5000; Milestone = 5 (Train)
---------  ---------
mse_error  0.0555814
---------  ---------
Validation Result @ Iteration 5000; Milestone = 5 (ID: Validation)
---  ---------
mse  0.0553632
---  ---------
[CD-DIAG step=5100] E_pos=402034.8125 E_neg=43009.3672 margin=-359025.4453 E_wtd=0.000000 MSE=0.068825 gradE=40357.1719 pred_norm=19.7054 pred_std=0.9945 pred_abs=0.7866 tgt_std=1.0018 tgt_abs=0.7993 cos=-0.0007 neg_dist=15.5783 lang_grad0=0.0000 lang_gradK=0.0000 lang_disp=0.0000 step=0.0000 sigma=0.0000
[CD-DIAG step=5200] E_pos=456426.7500 E_neg=123555.6328 margin=-332871.1172 E_wtd=0.000000 MSE=0.070720 gradE=38393.9492 pred_norm=18.7491 pred_std=0.9467 pred_abs=0.7482 tgt_std=1.0003 tgt_abs=0.7980 cos=-0.0024 neg_dist=14.2178 lang_grad0=0.0000 lang_gradK=0.0000 lang_disp=0.0000 step=0.0000 sigma=0.0000
[CD-DIAG step=5300] E_pos=441603.0000 E_neg=92136.3672 margin=-349466.6328 E_wtd=0.000000 MSE=0.065981 gradE=39145.6758 pred_norm=19.1029 pred_std=0.9637 pred_abs=0.7625 tgt_std=0.9997 tgt_abs=0.7974 cos=-0.0013 neg_dist=14.7574 lang_grad0=0.0000 lang_gradK=0.0000 lang_disp=0.0000 step=0.0000 sigma=0.0000
[CD-DIAG step=5400] E_pos=457512.8750 E_neg=129932.8672 margin=-327580.0078 E_wtd=0.000000 MSE=0.069908 gradE=38148.4258 pred_norm=18.6174 pred_std=0.9406 pred_abs=0.7433 tgt_std=1.0000 tgt_abs=0.7979 cos=0.0002 neg_dist=14.0873 lang_grad0=0.0000 lang_gradK=0.0000 lang_disp=0.0000 step=0.0000 sigma=0.0000
[CD-DIAG step=5500] E_pos=416784.7812 E_neg=66552.8750 margin=-350231.9062 E_wtd=0.000000 MSE=0.065860 gradE=39471.6562 pred_norm=19.2793 pred_std=0.9726 pred_abs=0.7694 tgt_std=1.0004 tgt_abs=0.7982 cos=-0.0005 neg_dist=15.3509 lang_grad0=0.0000 lang_gradK=0.0000 lang_disp=0.0000 step=0.0000 sigma=0.0000
[CD-DIAG step=5600] E_pos=381010.3438 E_neg=19934.6152 margin=-361075.7285 E_wtd=0.000000 MSE=0.070709 gradE=40689.0469 pred_norm=19.8840 pred_std=1.0049 pred_abs=0.7941 tgt_std=0.9989 tgt_abs=0.7969 cos=-0.0012 neg_dist=14.7886 lang_grad0=0.0000 lang_gradK=0.0000 lang_disp=0.0000 step=0.0000 sigma=0.0000
[CD-DIAG step=5700] E_pos=481717.2500 E_neg=157757.0625 margin=-323960.1875 E_wtd=0.000000 MSE=0.069984 gradE=37835.2812 pred_norm=18.4761 pred_std=0.9347 pred_abs=0.7373 tgt_std=1.0011 tgt_abs=0.7985 cos=-0.0013 neg_dist=13.9412 lang_grad0=0.0000 lang_gradK=0.0000 lang_disp=0.0000 step=0.0000 sigma=0.0000
[CD-DIAG step=5800] E_pos=421610.3125 E_neg=74052.1719 margin=-347558.1406 E_wtd=0.000000 MSE=0.067444 gradE=39445.6250 pred_norm=19.2660 pred_std=0.9726 pred_abs=0.7691 tgt_std=1.0005 tgt_abs=0.7978 cos=-0.0002 neg_dist=14.5895 lang_grad0=0.0000 lang_gradK=0.0000 lang_disp=0.0000 step=0.0000 sigma=0.0000
[CD-DIAG step=5900] E_pos=442529.3750 E_neg=94335.0078 margin=-348194.3672 E_wtd=0.000000 MSE=0.062469 gradE=39227.0195 pred_norm=19.1544 pred_std=0.9657 pred_abs=0.7646 tgt_std=1.0003 tgt_abs=0.7980 cos=-0.0010 neg_dist=14.6924 lang_grad0=0.0000 lang_gradK=0.0000 lang_disp=0.0000 step=0.0000 sigma=0.0000
[CD-DIAG step=6000] E_pos=445811.4688 E_neg=116997.3906 margin=-328814.0781 E_wtd=0.000000 MSE=0.070244 gradE=38544.0234 pred_norm=18.8223 pred_std=0.9511 pred_abs=0.7512 tgt_std=1.0002 tgt_abs=0.7982 cos=0.0003 neg_dist=14.0028 lang_grad0=0.0000 lang_gradK=0.0000 lang_disp=0.0000 step=0.0000 sigma=0.0000
Running Evaluation...
Validation Result @ Iteration 6000; Milestone = 6 (Train)
---------  ---------
mse_error  0.0191481
---------  ---------
Validation Result @ Iteration 6000; Milestone = 6 (ID: Validation)
---  ---------
mse  0.0192615
---  ---------
[CD-DIAG step=6100] E_pos=441599.1875 E_neg=95312.7031 margin=-346286.4844 E_wtd=0.000000 MSE=0.060408 gradE=39197.0547 pred_norm=19.1453 pred_std=0.9649 pred_abs=0.7634 tgt_std=1.0001 tgt_abs=0.7978 cos=-0.0008 neg_dist=14.5568 lang_grad0=0.0000 lang_gradK=0.0000 lang_disp=0.0000 step=0.0000 sigma=0.0000
[CD-DIAG step=6200] E_pos=418814.3438 E_neg=67005.6484 margin=-351808.6953 E_wtd=0.000000 MSE=0.062455 gradE=39819.0547 pred_norm=19.4693 pred_std=0.9806 pred_abs=0.7772 tgt_std=0.9996 tgt_abs=0.7977 cos=-0.0020 neg_dist=15.3964 lang_grad0=0.0000 lang_gradK=0.0000 lang_disp=0.0000 step=0.0000 sigma=0.0000
[CD-DIAG step=6300] E_pos=473887.0000 E_neg=151365.8438 margin=-322521.1562 E_wtd=0.000000 MSE=0.065692 gradE=37884.5273 pred_norm=18.4954 pred_std=0.9344 pred_abs=0.7383 tgt_std=0.9999 tgt_abs=0.7983 cos=0.0008 neg_dist=13.9299 lang_grad0=0.0000 lang_gradK=0.0000 lang_disp=0.0000 step=0.0000 sigma=0.0000
[CD-DIAG step=6400] E_pos=449000.0000 E_neg=111690.1562 margin=-337309.8438 E_wtd=0.000000 MSE=0.058287 gradE=38943.2500 pred_norm=19.0164 pred_std=0.9577 pred_abs=0.7587 tgt_std=1.0001 tgt_abs=0.7981 cos=-0.0007 neg_dist=14.5931 lang_grad0=0.0000 lang_gradK=0.0000 lang_disp=0.0000 step=0.0000 sigma=0.0000
[CD-DIAG step=6500] E_pos=479286.0938 E_neg=158245.8438 margin=-321040.2500 E_wtd=0.000000 MSE=0.064751 gradE=37937.0703 pred_norm=18.5282 pred_std=0.9360 pred_abs=0.7395 tgt_std=0.9998 tgt_abs=0.7975 cos=-0.0025 neg_dist=13.8078 lang_grad0=0.0000 lang_gradK=0.0000 lang_disp=0.0000 step=0.0000 sigma=0.0000
[CD-DIAG step=6600] E_pos=462293.0625 E_neg=128445.9766 margin=-333847.0859 E_wtd=0.000000 MSE=0.059182 gradE=38725.4688 pred_norm=18.9008 pred_std=0.9525 pred_abs=0.7543 tgt_std=1.0007 tgt_abs=0.7984 cos=0.0015 neg_dist=14.2017 lang_grad0=0.0000 lang_gradK=0.0000 lang_disp=0.0000 step=0.0000 sigma=0.0000
[CD-DIAG step=6700] E_pos=453600.3438 E_neg=118238.2031 margin=-335362.1406 E_wtd=0.000000 MSE=0.060740 gradE=38679.8711 pred_norm=18.8805 pred_std=0.9517 pred_abs=0.7539 tgt_std=0.9998 tgt_abs=0.7977 cos=0.0000 neg_dist=15.1932 lang_grad0=0.0000 lang_gradK=0.0000 lang_disp=0.0000 step=0.0000 sigma=0.0000
[CD-DIAG step=6800] E_pos=415936.3750 E_neg=58381.6562 margin=-357554.7188 E_wtd=0.000000 MSE=0.057334 gradE=40362.9219 pred_norm=19.7024 pred_std=0.9919 pred_abs=0.7865 tgt_std=1.0004 tgt_abs=0.7978 cos=0.0009 neg_dist=15.6458 lang_grad0=0.0000 lang_gradK=0.0000 lang_disp=0.0000 step=0.0000 sigma=0.0000
[CD-DIAG step=6900] E_pos=403621.4062 E_neg=45769.7500 margin=-357851.6562 E_wtd=0.000000 MSE=0.061604 gradE=40273.5469 pred_norm=19.6609 pred_std=0.9907 pred_abs=0.7845 tgt_std=0.9998 tgt_abs=0.7979 cos=0.0014 neg_dist=14.8670 lang_grad0=0.0000 lang_gradK=0.0000 lang_disp=0.0000 step=0.0000 sigma=0.0000
[CD-DIAG step=7000] E_pos=452529.4375 E_neg=116048.7188 margin=-336480.7188 E_wtd=0.000000 MSE=0.058880 gradE=38879.5781 pred_norm=18.9981 pred_std=0.9571 pred_abs=0.7583 tgt_std=0.9998 tgt_abs=0.7976 cos=-0.0012 neg_dist=14.1991 lang_grad0=0.0000 lang_gradK=0.0000 lang_disp=0.0000 step=0.0000 sigma=0.0000
Running Evaluation...
Validation Result @ Iteration 7000; Milestone = 7 (Train)
---------  ---------
mse_error  0.0125057
---------  ---------
Validation Result @ Iteration 7000; Milestone = 7 (ID: Validation)
---  ---------
mse  0.0125276
---  ---------
[CD-DIAG step=7100] E_pos=456329.7500 E_neg=116338.3359 margin=-339991.4141 E_wtd=0.000000 MSE=0.055763 gradE=39068.8867 pred_norm=19.0467 pred_std=0.9587 pred_abs=0.7601 tgt_std=1.0016 tgt_abs=0.7990 cos=-0.0007 neg_dist=14.3743 lang_grad0=0.0000 lang_gradK=0.0000 lang_disp=0.0000 step=0.0000 sigma=0.0000
[CD-DIAG step=7200] E_pos=431060.5000 E_neg=90494.1328 margin=-340566.3672 E_wtd=0.000000 MSE=0.059490 gradE=39409.2344 pred_norm=19.2340 pred_std=0.9686 pred_abs=0.7672 tgt_std=1.0001 tgt_abs=0.7978 cos=-0.0005 neg_dist=14.2885 lang_grad0=0.0000 lang_gradK=0.0000 lang_disp=0.0000 step=0.0000 sigma=0.0000
[CD-DIAG step=7300] E_pos=410647.8125 E_neg=55149.9102 margin=-355497.9023 E_wtd=0.000000 MSE=0.059431 gradE=40530.7109 pred_norm=19.7926 pred_std=0.9965 pred_abs=0.7900 tgt_std=1.0000 tgt_abs=0.7978 cos=0.0017 neg_dist=14.7328 lang_grad0=0.0000 lang_gradK=0.0000 lang_disp=0.0000 step=0.0000 sigma=0.0000
[CD-DIAG step=7400] E_pos=438449.9375 E_neg=97152.6562 margin=-341297.2812 E_wtd=0.000000 MSE=0.058130 gradE=39329.6484 pred_norm=19.2025 pred_std=0.9669 pred_abs=0.7664 tgt_std=1.0004 tgt_abs=0.7980 cos=-0.0006 neg_dist=14.4333 lang_grad0=0.0000 lang_gradK=0.0000 lang_disp=0.0000 step=0.0000 sigma=0.0000
[CD-DIAG step=7500] E_pos=429543.8750 E_neg=84579.7656 margin=-344964.1094 E_wtd=0.000000 MSE=0.058414 gradE=39620.7109 pred_norm=19.3590 pred_std=0.9746 pred_abs=0.7728 tgt_std=0.9996 tgt_abs=0.7971 cos=-0.0034 neg_dist=15.3127 lang_grad0=0.0000 lang_gradK=0.0000 lang_disp=0.0000 step=0.0000 sigma=0.0000
[CD-DIAG step=7600] E_pos=428382.2188 E_neg=73406.0234 margin=-354976.1953 E_wtd=0.000000 MSE=0.056428 gradE=39936.8047 pred_norm=19.4799 pred_std=0.9804 pred_abs=0.7775 tgt_std=1.0002 tgt_abs=0.7983 cos=-0.0005 neg_dist=15.6822 lang_grad0=0.0000 lang_gradK=0.0000 lang_disp=0.0000 step=0.0000 sigma=0.0000
[CD-DIAG step=7700] E_pos=428219.3750 E_neg=86443.7734 margin=-341775.6016 E_wtd=0.000000 MSE=0.059928 gradE=39504.1367 pred_norm=19.2856 pred_std=0.9712 pred_abs=0.7702 tgt_std=1.0011 tgt_abs=0.7988 cos=0.0002 neg_dist=15.4275 lang_grad0=0.0000 lang_gradK=0.0000 lang_disp=0.0000 step=0.0000 sigma=0.0000
[CD-DIAG step=7800] E_pos=456413.3125 E_neg=117085.2031 margin=-339328.1094 E_wtd=0.000000 MSE=0.056470 gradE=38887.1094 pred_norm=18.9951 pred_std=0.9567 pred_abs=0.7581 tgt_std=0.9991 tgt_abs=0.7970 cos=-0.0012 neg_dist=15.2903 lang_grad0=0.0000 lang_gradK=0.0000 lang_disp=0.0000 step=0.0000 sigma=0.0000
[CD-DIAG step=7900] E_pos=469409.1875 E_neg=144462.6719 margin=-324946.5156 E_wtd=0.000000 MSE=0.061024 gradE=38384.9727 pred_norm=18.7650 pred_std=0.9466 pred_abs=0.7493 tgt_std=1.0000 tgt_abs=0.7979 cos=0.0000 neg_dist=13.8148 lang_grad0=0.0000 lang_gradK=0.0000 lang_disp=0.0000 step=0.0000 sigma=0.0000
[CD-DIAG step=8000] E_pos=452927.7500 E_neg=110748.0859 margin=-342179.6641 E_wtd=0.000000 MSE=0.054555 gradE=39219.0586 pred_norm=19.1406 pred_std=0.9631 pred_abs=0.7637 tgt_std=0.9997 tgt_abs=0.7973 cos=0.0002 neg_dist=14.7105 lang_grad0=0.0000 lang_gradK=0.0000 lang_disp=0.0000 step=0.0000 sigma=0.0000
Running Evaluation...
Validation Result @ Iteration 8000; Milestone = 8 (Train)
---------  --------
mse_error  0.010715
---------  --------
Validation Result @ Iteration 8000; Milestone = 8 (ID: Validation)
---  ---------
mse  0.0107027
---  ---------
[CD-DIAG step=8100] E_pos=427085.5000 E_neg=85327.3516 margin=-341758.1484 E_wtd=0.000000 MSE=0.057931 gradE=39454.5234 pred_norm=19.2592 pred_std=0.9688 pred_abs=0.7682 tgt_std=0.9995 tgt_abs=0.7977 cos=-0.0014 neg_dist=14.3013 lang_grad0=0.0000 lang_gradK=0.0000 lang_disp=0.0000 step=0.0000 sigma=0.0000
[CD-DIAG step=8200] E_pos=444418.2812 E_neg=97954.8125 margin=-346463.4688 E_wtd=0.000000 MSE=0.051104 gradE=39523.9609 pred_norm=19.2979 pred_std=0.9697 pred_abs=0.7697 tgt_std=0.9994 tgt_abs=0.7970 cos=0.0004 neg_dist=14.4826 lang_grad0=0.0000 lang_gradK=0.0000 lang_disp=0.0000 step=0.0000 sigma=0.0000
[CD-DIAG step=8300] E_pos=436553.1875 E_neg=94139.1250 margin=-342414.0625 E_wtd=0.000000 MSE=0.056818 gradE=39473.3672 pred_norm=19.2944 pred_std=0.9705 pred_abs=0.7702 tgt_std=0.9996 tgt_abs=0.7978 cos=-0.0000 neg_dist=14.2635 lang_grad0=0.0000 lang_gradK=0.0000 lang_disp=0.0000 step=0.0000 sigma=0.0000
[CD-DIAG step=8400] E_pos=452983.1875 E_neg=120849.1406 margin=-332134.0469 E_wtd=0.000000 MSE=0.057403 gradE=38917.9961 pred_norm=19.0242 pred_std=0.9575 pred_abs=0.7587 tgt_std=0.9995 tgt_abs=0.7977 cos=0.0004 neg_dist=14.0115 lang_grad0=0.0000 lang_gradK=0.0000 lang_disp=0.0000 step=0.0000 sigma=0.0000
[CD-DIAG step=8500] E_pos=419001.9062 E_neg=71434.4766 margin=-347567.4297 E_wtd=0.000000 MSE=0.057225 gradE=40080.2227 pred_norm=19.5537 pred_std=0.9834 pred_abs=0.7804 tgt_std=1.0002 tgt_abs=0.7981 cos=-0.0006 neg_dist=14.3414 lang_grad0=0.0000 lang_gradK=0.0000 lang_disp=0.0000 step=0.0000 sigma=0.0000
[CD-DIAG step=8600] E_pos=459594.0938 E_neg=118754.7969 margin=-340839.2969 E_wtd=0.000000 MSE=0.051307 gradE=39413.7891 pred_norm=19.2118 pred_std=0.9659 pred_abs=0.7667 tgt_std=1.0014 tgt_abs=0.7992 cos=-0.0003 neg_dist=15.6634 lang_grad0=0.0000 lang_gradK=0.0000 lang_disp=0.0000 step=0.0000 sigma=0.0000
[CD-DIAG step=8700] E_pos=437852.3438 E_neg=82655.2812 margin=-355197.0625 E_wtd=0.000000 MSE=0.051423 gradE=39992.0508 pred_norm=19.5201 pred_std=0.9808 pred_abs=0.7791 tgt_std=1.0000 tgt_abs=0.7979 cos=0.0013 neg_dist=14.6840 lang_grad0=0.0000 lang_gradK=0.0000 lang_disp=0.0000 step=0.0000 sigma=0.0000
[CD-DIAG step=8800] E_pos=417900.6875 E_neg=67933.2344 margin=-349967.4531 E_wtd=0.000000 MSE=0.057393 gradE=40135.5391 pred_norm=19.6026 pred_std=0.9859 pred_abs=0.7823 tgt_std=1.0018 tgt_abs=0.7991 cos=0.0010 neg_dist=14.4524 lang_grad0=0.0000 lang_gradK=0.0000 lang_disp=0.0000 step=0.0000 sigma=0.0000
[CD-DIAG step=8900] E_pos=442463.5312 E_neg=98116.7344 margin=-344346.7969 E_wtd=0.000000 MSE=0.054429 gradE=39465.0391 pred_norm=19.2694 pred_std=0.9686 pred_abs=0.7690 tgt_std=1.0004 tgt_abs=0.7978 cos=0.0018 neg_dist=14.3155 lang_grad0=0.0000 lang_gradK=0.0000 lang_disp=0.0000 step=0.0000 sigma=0.0000
[CD-DIAG step=9000] E_pos=417843.2188 E_neg=60650.7109 margin=-357192.5078 E_wtd=0.000000 MSE=0.057007 gradE=40255.8789 pred_norm=19.6707 pred_std=0.9899 pred_abs=0.7851 tgt_std=1.0001 tgt_abs=0.7977 cos=0.0017 neg_dist=14.6203 lang_grad0=0.0000 lang_gradK=0.0000 lang_disp=0.0000 step=0.0000 sigma=0.0000
Running Evaluation...
Validation Result @ Iteration 9000; Milestone = 9 (Train)
---------  ---------
mse_error  0.0100813
---------  ---------
Validation Result @ Iteration 9000; Milestone = 9 (ID: Validation)
---  ---------
mse  0.0100842
---  ---------
[CD-DIAG step=9100] E_pos=431203.7500 E_neg=81179.5156 margin=-350024.2344 E_wtd=0.000000 MSE=0.053415 gradE=40002.9062 pred_norm=19.5411 pred_std=0.9822 pred_abs=0.7798 tgt_std=1.0002 tgt_abs=0.7977 cos=0.0011 neg_dist=14.5250 lang_grad0=0.0000 lang_gradK=0.0000 lang_disp=0.0000 step=0.0000 sigma=0.0000
[CD-DIAG step=9200] E_pos=424136.7500 E_neg=68908.3672 margin=-355228.3828 E_wtd=0.000000 MSE=0.054422 gradE=40110.5859 pred_norm=19.5929 pred_std=0.9849 pred_abs=0.7818 tgt_std=0.9995 tgt_abs=0.7974 cos=-0.0024 neg_dist=14.6108 lang_grad0=0.0000 lang_gradK=0.0000 lang_disp=0.0000 step=0.0000 sigma=0.0000
[CD-DIAG step=9300] E_pos=430475.5938 E_neg=71939.1719 margin=-358536.4219 E_wtd=0.000000 MSE=0.051771 gradE=40190.8789 pred_norm=19.6279 pred_std=0.9864 pred_abs=0.7829 tgt_std=1.0012 tgt_abs=0.7989 cos=0.0013 neg_dist=14.6964 lang_grad0=0.0000 lang_gradK=0.0000 lang_disp=0.0000 step=0.0000 sigma=0.0000
[CD-DIAG step=9400] E_pos=461819.5625 E_neg=126144.0781 margin=-335675.4844 E_wtd=0.000000 MSE=0.053799 gradE=38974.7891 pred_norm=19.0075 pred_std=0.9562 pred_abs=0.7587 tgt_std=1.0006 tgt_abs=0.7984 cos=-0.0014 neg_dist=14.1501 lang_grad0=0.0000 lang_gradK=0.0000 lang_disp=0.0000 step=0.0000 sigma=0.0000
[CD-DIAG step=9500] E_pos=462440.0312 E_neg=133850.7812 margin=-328589.2500 E_wtd=0.000000 MSE=0.053587 gradE=38996.5195 pred_norm=19.0514 pred_std=0.9582 pred_abs=0.7603 tgt_std=1.0010 tgt_abs=0.7983 cos=-0.0002 neg_dist=15.3918 lang_grad0=0.0000 lang_gradK=0.0000 lang_disp=0.0000 step=0.0000 sigma=0.0000
[CD-DIAG step=9600] E_pos=416889.5625 E_neg=58452.2031 margin=-358437.3594 E_wtd=0.000000 MSE=0.056191 gradE=40347.8789 pred_norm=19.6722 pred_std=0.9893 pred_abs=0.7850 tgt_std=1.0003 tgt_abs=0.7982 cos=0.0014 neg_dist=14.6917 lang_grad0=0.0000 lang_gradK=0.0000 lang_disp=0.0000 step=0.0000 sigma=0.0000
[CD-DIAG step=9700] E_pos=433903.6250 E_neg=92574.5391 margin=-341329.0859 E_wtd=0.000000 MSE=0.057099 gradE=39475.9453 pred_norm=19.2641 pred_std=0.9689 pred_abs=0.7688 tgt_std=1.0015 tgt_abs=0.7991 cos=-0.0000 neg_dist=14.2594 lang_grad0=0.0000 lang_gradK=0.0000 lang_disp=0.0000 step=0.0000 sigma=0.0000
[CD-DIAG step=9800] E_pos=412070.6875 E_neg=60134.9062 margin=-351935.7812 E_wtd=0.000000 MSE=0.058264 gradE=40186.2422 pred_norm=19.6607 pred_std=0.9891 pred_abs=0.7847 tgt_std=0.9984 tgt_abs=0.7966 cos=0.0014 neg_dist=14.4533 lang_grad0=0.0000 lang_gradK=0.0000 lang_disp=0.0000 step=0.0000 sigma=0.0000
[CD-DIAG step=9900] E_pos=434007.6875 E_neg=85476.1797 margin=-348531.5078 E_wtd=0.000000 MSE=0.053068 gradE=39832.0859 pred_norm=19.4404 pred_std=0.9766 pred_abs=0.7756 tgt_std=1.0006 tgt_abs=0.7980 cos=0.0008 neg_dist=14.3974 lang_grad0=0.0000 lang_gradK=0.0000 lang_disp=0.0000 step=0.0000 sigma=0.0000
[CD-DIAG step=10000] E_pos=464747.5312 E_neg=123066.0000 margin=-341681.5312 E_wtd=0.000000 MSE=0.053688 gradE=38941.4844 pred_norm=19.0390 pred_std=0.9576 pred_abs=0.7598 tgt_std=0.9991 tgt_abs=0.7968 cos=0.0027 neg_dist=14.3278 lang_grad0=0.0000 lang_gradK=0.0000 lang_disp=0.0000 step=0.0000 sigma=0.0000
Running Evaluation...
Validation Result @ Iteration 10000; Milestone = 10 (Train)
---------  ----------
mse_error  0.00996193
---------  ----------
Validation Result @ Iteration 10000; Milestone = 10 (ID: Validation)
---  ----------
mse  0.00994677
---  ----------
[CD-DIAG step=10100] E_pos=458734.1562 E_neg=117534.3906 margin=-341199.7656 E_wtd=0.000000 MSE=0.052779 gradE=39179.1953 pred_norm=19.0983 pred_std=0.9598 pred_abs=0.7624 tgt_std=1.0017 tgt_abs=0.7994 cos=-0.0005 neg_dist=14.6073 lang_grad0=0.0000 lang_gradK=0.0000 lang_disp=0.0000 step=0.0000 sigma=0.0000
[CD-DIAG step=10200] E_pos=456163.0000 E_neg=116217.2031 margin=-339945.7969 E_wtd=0.000000 MSE=0.053584 gradE=39168.4805 pred_norm=19.1335 pred_std=0.9618 pred_abs=0.7635 tgt_std=0.9988 tgt_abs=0.7964 cos=0.0006 neg_dist=15.3632 lang_grad0=0.0000 lang_gradK=0.0000 lang_disp=0.0000 step=0.0000 sigma=0.0000
[CD-DIAG step=10300] E_pos=452349.4375 E_neg=115372.5312 margin=-336976.9062 E_wtd=0.000000 MSE=0.054103 gradE=39242.3984 pred_norm=19.1576 pred_std=0.9628 pred_abs=0.7646 tgt_std=1.0004 tgt_abs=0.7982 cos=-0.0002 neg_dist=14.3658 lang_grad0=0.0000 lang_gradK=0.0000 lang_disp=0.0000 step=0.0000 sigma=0.0000
[CD-DIAG step=10400] E_pos=455475.6250 E_neg=123079.9531 margin=-332395.6719 E_wtd=0.000000 MSE=0.055405 gradE=38984.9375 pred_norm=19.0372 pred_std=0.9573 pred_abs=0.7598 tgt_std=0.9994 tgt_abs=0.7970 cos=-0.0004 neg_dist=14.2795 lang_grad0=0.0000 lang_gradK=0.0000 lang_disp=0.0000 step=0.0000 sigma=0.0000
[CD-DIAG step=10500] E_pos=466456.8438 E_neg=134201.5000 margin=-332255.3438 E_wtd=0.000000 MSE=0.055035 gradE=38924.4766 pred_norm=19.0048 pred_std=0.9561 pred_abs=0.7583 tgt_std=1.0010 tgt_abs=0.7985 cos=-0.0005 neg_dist=13.9536 lang_grad0=0.0000 lang_gradK=0.0000 lang_disp=0.0000 step=0.0000 sigma=0.0000
[CD-DIAG step=10600] E_pos=448280.5000 E_neg=118018.7969 margin=-330261.7031 E_wtd=0.000000 MSE=0.056125 gradE=39170.3242 pred_norm=19.1086 pred_std=0.9603 pred_abs=0.7629 tgt_std=1.0008 tgt_abs=0.7985 cos=0.0002 neg_dist=15.2885 lang_grad0=0.0000 lang_gradK=0.0000 lang_disp=0.0000 step=0.0000 sigma=0.0000
[CD-DIAG step=10700] E_pos=428461.1250 E_neg=77307.4062 margin=-351153.7188 E_wtd=0.000000 MSE=0.053982 gradE=40001.8438 pred_norm=19.5157 pred_std=0.9803 pred_abs=0.7793 tgt_std=1.0000 tgt_abs=0.7979 cos=-0.0009 neg_dist=14.5366 lang_grad0=0.0000 lang_gradK=0.0000 lang_disp=0.0000 step=0.0000 sigma=0.0000
[CD-DIAG step=10800] E_pos=454252.3125 E_neg=119871.4141 margin=-334380.8984 E_wtd=0.000000 MSE=0.054900 gradE=39216.6016 pred_norm=19.1393 pred_std=0.9621 pred_abs=0.7638 tgt_std=1.0017 tgt_abs=0.7992 cos=-0.0002 neg_dist=13.9869 lang_grad0=0.0000 lang_gradK=0.0000 lang_disp=0.0000 step=0.0000 sigma=0.0000
[CD-DIAG step=10900] E_pos=467659.1875 E_neg=128806.0078 margin=-338853.1797 E_wtd=0.000000 MSE=0.054651 gradE=39031.5898 pred_norm=19.0547 pred_std=0.9584 pred_abs=0.7606 tgt_std=0.9995 tgt_abs=0.7976 cos=0.0010 neg_dist=14.5040 lang_grad0=0.0000 lang_gradK=0.0000 lang_disp=0.0000 step=0.0000 sigma=0.0000
[CD-DIAG step=11000] E_pos=454303.4062 E_neg=112519.5547 margin=-341783.8516 E_wtd=0.000000 MSE=0.052274 gradE=39402.2305 pred_norm=19.2674 pred_std=0.9677 pred_abs=0.7687 tgt_std=0.9996 tgt_abs=0.7973 cos=0.0015 neg_dist=14.1812 lang_grad0=0.0000 lang_gradK=0.0000 lang_disp=0.0000 step=0.0000 sigma=0.0000
Running Evaluation...
Validation Result @ Iteration 11000; Milestone = 11 (Train)
---------  ----------
mse_error  0.00982875
---------  ----------
Validation Result @ Iteration 11000; Milestone = 11 (ID: Validation)
---  ----------
mse  0.00979684
---  ----------
[CD-DIAG step=11100] E_pos=430728.2812 E_neg=83291.4688 margin=-347436.8125 E_wtd=0.000000 MSE=0.053798 gradE=39950.2734 pred_norm=19.4740 pred_std=0.9779 pred_abs=0.7770 tgt_std=1.0008 tgt_abs=0.7982 cos=0.0010 neg_dist=14.6491 lang_grad0=0.0000 lang_gradK=0.0000 lang_disp=0.0000 step=0.0000 sigma=0.0000
[CD-DIAG step=11200] E_pos=434107.2812 E_neg=77634.9062 margin=-356472.3750 E_wtd=0.000000 MSE=0.051120 gradE=40112.9766 pred_norm=19.5957 pred_std=0.9837 pred_abs=0.7824 tgt_std=1.0002 tgt_abs=0.7981 cos=-0.0008 neg_dist=14.6585 lang_grad0=0.0000 lang_gradK=0.0000 lang_disp=0.0000 step=0.0000 sigma=0.0000
[CD-DIAG step=11300] E_pos=452491.6875 E_neg=108840.2891 margin=-343651.3984 E_wtd=0.000000 MSE=0.051243 gradE=39455.1562 pred_norm=19.2855 pred_std=0.9684 pred_abs=0.7701 tgt_std=0.9991 tgt_abs=0.7972 cos=-0.0007 neg_dist=14.2366 lang_grad0=0.0000 lang_gradK=0.0000 lang_disp=0.0000 step=0.0000 sigma=0.0000
[CD-DIAG step=11400] E_pos=435794.8125 E_neg=80284.7344 margin=-355510.0781 E_wtd=0.000000 MSE=0.051369 gradE=39988.8242 pred_norm=19.5191 pred_std=0.9801 pred_abs=0.7792 tgt_std=0.9999 tgt_abs=0.7976 cos=-0.0007 neg_dist=14.9894 lang_grad0=0.0000 lang_gradK=0.0000 lang_disp=0.0000 step=0.0000 sigma=0.0000
[CD-DIAG step=11500] E_pos=436258.6875 E_neg=80989.0781 margin=-355269.6094 E_wtd=0.000000 MSE=0.050665 gradE=40232.2930 pred_norm=19.6398 pred_std=0.9861 pred_abs=0.7841 tgt_std=1.0013 tgt_abs=0.7991 cos=0.0007 neg_dist=14.5811 lang_grad0=0.0000 lang_gradK=0.0000 lang_disp=0.0000 step=0.0000 sigma=0.0000
[CD-DIAG step=11600] E_pos=435699.5938 E_neg=86647.4766 margin=-349052.1172 E_wtd=0.000000 MSE=0.053142 gradE=39787.9141 pred_norm=19.4474 pred_std=0.9767 pred_abs=0.7758 tgt_std=0.9986 tgt_abs=0.7966 cos=-0.0022 neg_dist=15.5974 lang_grad0=0.0000 lang_gradK=0.0000 lang_disp=0.0000 step=0.0000 sigma=0.0000
[CD-DIAG step=11700] E_pos=430118.5938 E_neg=78828.5078 margin=-351290.0859 E_wtd=0.000000 MSE=0.052407 gradE=40056.7578 pred_norm=19.5552 pred_std=0.9821 pred_abs=0.7803 tgt_std=1.0001 tgt_abs=0.7979 cos=-0.0006 neg_dist=14.4453 lang_grad0=0.0000 lang_gradK=0.0000 lang_disp=0.0000 step=0.0000 sigma=0.0000
[CD-DIAG step=11800] E_pos=460018.6562 E_neg=125666.2656 margin=-334352.3906 E_wtd=0.000000 MSE=0.052585 gradE=39154.1406 pred_norm=19.1427 pred_std=0.9618 pred_abs=0.7641 tgt_std=0.9986 tgt_abs=0.7965 cos=0.0011 neg_dist=14.0615 lang_grad0=0.0000 lang_gradK=0.0000 lang_disp=0.0000 step=0.0000 sigma=0.0000
[CD-DIAG step=11900] E_pos=435137.7188 E_neg=83625.8438 margin=-351511.8750 E_wtd=0.000000 MSE=0.050610 gradE=40000.8672 pred_norm=19.5625 pred_std=0.9818 pred_abs=0.7809 tgt_std=0.9987 tgt_abs=0.7971 cos=-0.0023 neg_dist=14.5033 lang_grad0=0.0000 lang_gradK=0.0000 lang_disp=0.0000 step=0.0000 sigma=0.0000
[CD-DIAG step=12000] E_pos=430497.3125 E_neg=78416.0312 margin=-352081.2812 E_wtd=0.000000 MSE=0.053644 gradE=40083.8203 pred_norm=19.5748 pred_std=0.9831 pred_abs=0.7812 tgt_std=1.0007 tgt_abs=0.7979 cos=-0.0019 neg_dist=14.4776 lang_grad0=0.0000 lang_gradK=0.0000 lang_disp=0.0000 step=0.0000 sigma=0.0000
Running Evaluation...
Validation Result @ Iteration 12000; Milestone = 12 (Train)
---------  ----------
mse_error  0.00976245
---------  ----------
Validation Result @ Iteration 12000; Milestone = 12 (ID: Validation)
---  ----------
mse  0.00979351
---  ----------
[CD-DIAG step=12100] E_pos=460617.0000 E_neg=112127.2344 margin=-348489.7656 E_wtd=0.000000 MSE=0.048598 gradE=39545.0000 pred_norm=19.3153 pred_std=0.9695 pred_abs=0.7705 tgt_std=0.9993 tgt_abs=0.7975 cos=-0.0003 neg_dist=14.8040 lang_grad0=0.0000 lang_gradK=0.0000 lang_disp=0.0000 step=0.0000 sigma=0.0000
[CD-DIAG step=12200] E_pos=441091.5625 E_neg=92779.8672 margin=-348311.6953 E_wtd=0.000000 MSE=0.052141 gradE=39716.1758 pred_norm=19.3965 pred_std=0.9736 pred_abs=0.7741 tgt_std=1.0009 tgt_abs=0.7985 cos=-0.0007 neg_dist=14.4457 lang_grad0=0.0000 lang_gradK=0.0000 lang_disp=0.0000 step=0.0000 sigma=0.0000
[CD-DIAG step=12300] E_pos=448462.4375 E_neg=114758.5859 margin=-333703.8516 E_wtd=0.000000 MSE=0.054751 gradE=39269.1211 pred_norm=19.1989 pred_std=0.9645 pred_abs=0.7663 tgt_std=0.9995 tgt_abs=0.7973 cos=0.0008 neg_dist=14.0019 lang_grad0=0.0000 lang_gradK=0.0000 lang_disp=0.0000 step=0.0000 sigma=0.0000
[CD-DIAG step=12400] E_pos=456472.8750 E_neg=107155.6953 margin=-349317.1797 E_wtd=0.000000 MSE=0.049719 gradE=39600.0586 pred_norm=19.3286 pred_std=0.9701 pred_abs=0.7714 tgt_std=1.0009 tgt_abs=0.7986 cos=-0.0004 neg_dist=14.8675 lang_grad0=0.0000 lang_gradK=0.0000 lang_disp=0.0000 step=0.0000 sigma=0.0000
[CD-DIAG step=12500] E_pos=438342.1562 E_neg=90433.6406 margin=-347908.5156 E_wtd=0.000000 MSE=0.050009 gradE=39872.1484 pred_norm=19.4594 pred_std=0.9764 pred_abs=0.7767 tgt_std=1.0005 tgt_abs=0.7979 cos=-0.0007 neg_dist=14.2417 lang_grad0=0.0000 lang_gradK=0.0000 lang_disp=0.0000 step=0.0000 sigma=0.0000
[CD-DIAG step=12600] E_pos=445264.1250 E_neg=85145.0234 margin=-360119.1016 E_wtd=0.000000 MSE=0.047235 gradE=40068.6641 pred_norm=19.5880 pred_std=0.9828 pred_abs=0.7817 tgt_std=0.9982 tgt_abs=0.7967 cos=-0.0008 neg_dist=14.8185 lang_grad0=0.0000 lang_gradK=0.0000 lang_disp=0.0000 step=0.0000 sigma=0.0000
[CD-DIAG step=12700] E_pos=439208.1250 E_neg=90356.6719 margin=-348851.4531 E_wtd=0.000000 MSE=0.049785 gradE=39883.3125 pred_norm=19.4756 pred_std=0.9773 pred_abs=0.7772 tgt_std=0.9991 tgt_abs=0.7973 cos=-0.0006 neg_dist=14.3946 lang_grad0=0.0000 lang_gradK=0.0000 lang_disp=0.0000 step=0.0000 sigma=0.0000
[CD-DIAG step=12800] E_pos=442542.5312 E_neg=93083.5859 margin=-349458.9453 E_wtd=0.000000 MSE=0.050491 gradE=39787.8789 pred_norm=19.4119 pred_std=0.9742 pred_abs=0.7747 tgt_std=0.9996 tgt_abs=0.7976 cos=-0.0021 neg_dist=15.6138 lang_grad0=0.0000 lang_gradK=0.0000 lang_disp=0.0000 step=0.0000 sigma=0.0000
[CD-DIAG step=12900] E_pos=457554.9375 E_neg=109180.7969 margin=-348374.1406 E_wtd=0.000000 MSE=0.048012 gradE=39740.1562 pred_norm=19.4005 pred_std=0.9731 pred_abs=0.7741 tgt_std=1.0008 tgt_abs=0.7987 cos=-0.0001 neg_dist=14.4711 lang_grad0=0.0000 lang_gradK=0.0000 lang_disp=0.0000 step=0.0000 sigma=0.0000
[CD-DIAG step=13000] E_pos=460100.5938 E_neg=114261.6797 margin=-345838.9141 E_wtd=0.000000 MSE=0.049337 gradE=39580.4180 pred_norm=19.3230 pred_std=0.9699 pred_abs=0.7711 tgt_std=1.0005 tgt_abs=0.7982 cos=0.0009 neg_dist=14.3771 lang_grad0=0.0000 lang_gradK=0.0000 lang_disp=0.0000 step=0.0000 sigma=0.0000
Running Evaluation...
Validation Result @ Iteration 13000; Milestone = 13 (Train)
---------  ----------
mse_error  0.00979272
---------  ----------
Validation Result @ Iteration 13000; Milestone = 13 (ID: Validation)
---  ----------
mse  0.00975471
---  ----------
[CD-DIAG step=13100] E_pos=453473.6875 E_neg=111359.7734 margin=-342113.9141 E_wtd=0.000000 MSE=0.051680 gradE=39597.6562 pred_norm=19.3135 pred_std=0.9694 pred_abs=0.7708 tgt_std=1.0024 tgt_abs=0.7997 cos=0.0003 neg_dist=14.1467 lang_grad0=0.0000 lang_gradK=0.0000 lang_disp=0.0000 step=0.0000 sigma=0.0000
[CD-DIAG step=13200] E_pos=460432.3125 E_neg=110001.4766 margin=-350430.8359 E_wtd=0.000000 MSE=0.049780 gradE=39614.9102 pred_norm=19.3148 pred_std=0.9695 pred_abs=0.7708 tgt_std=1.0004 tgt_abs=0.7981 cos=-0.0002 neg_dist=14.6145 lang_grad0=0.0000 lang_gradK=0.0000 lang_disp=0.0000 step=0.0000 sigma=0.0000
[CD-DIAG step=13300] E_pos=447193.6250 E_neg=105978.6406 margin=-341214.9844 E_wtd=0.000000 MSE=0.050051 gradE=39671.0508 pred_norm=19.3517 pred_std=0.9710 pred_abs=0.7722 tgt_std=1.0000 tgt_abs=0.7982 cos=0.0010 neg_dist=14.1375 lang_grad0=0.0000 lang_gradK=0.0000 lang_disp=0.0000 step=0.0000 sigma=0.0000
[CD-DIAG step=13400] E_pos=434895.0000 E_neg=90714.9219 margin=-344180.0781 E_wtd=0.000000 MSE=0.053495 gradE=39757.5078 pred_norm=19.4121 pred_std=0.9745 pred_abs=0.7749 tgt_std=0.9990 tgt_abs=0.7971 cos=-0.0007 neg_dist=15.3914 lang_grad0=0.0000 lang_gradK=0.0000 lang_disp=0.0000 step=0.0000 sigma=0.0000
[CD-DIAG step=13500] E_pos=447361.0000 E_neg=98687.0703 margin=-348673.9297 E_wtd=0.000000 MSE=0.051071 gradE=39678.1797 pred_norm=19.3777 pred_std=0.9725 pred_abs=0.7733 tgt_std=1.0002 tgt_abs=0.7982 cos=0.0007 neg_dist=15.7045 lang_grad0=0.0000 lang_gradK=0.0000 lang_disp=0.0000 step=0.0000 sigma=0.0000
[CD-DIAG step=13600] E_pos=472416.9375 E_neg=134688.4688 margin=-337728.4688 E_wtd=0.000000 MSE=0.051204 gradE=39191.1758 pred_norm=19.1488 pred_std=0.9623 pred_abs=0.7641 tgt_std=1.0001 tgt_abs=0.7979 cos=-0.0008 neg_dist=14.1105 lang_grad0=0.0000 lang_gradK=0.0000 lang_disp=0.0000 step=0.0000 sigma=0.0000
[CD-DIAG step=13700] E_pos=430411.3750 E_neg=81135.4844 margin=-349275.8906 E_wtd=0.000000 MSE=0.052640 gradE=39980.6445 pred_norm=19.5289 pred_std=0.9804 pred_abs=0.7799 tgt_std=0.9989 tgt_abs=0.7968 cos=0.0007 neg_dist=14.3980 lang_grad0=0.0000 lang_gradK=0.0000 lang_disp=0.0000 step=0.0000 sigma=0.0000
[CD-DIAG step=13800] E_pos=450509.5000 E_neg=105560.7344 margin=-344948.7656 E_wtd=0.000000 MSE=0.049399 gradE=39654.3516 pred_norm=19.3604 pred_std=0.9713 pred_abs=0.7726 tgt_std=0.9993 tgt_abs=0.7973 cos=-0.0005 neg_dist=14.3127 lang_grad0=0.0000 lang_gradK=0.0000 lang_disp=0.0000 step=0.0000 sigma=0.0000
[CD-DIAG step=13900] E_pos=451007.5000 E_neg=107434.6016 margin=-343572.8984 E_wtd=0.000000 MSE=0.052129 gradE=39585.2461 pred_norm=19.2831 pred_std=0.9678 pred_abs=0.7694 tgt_std=1.0026 tgt_abs=0.7999 cos=-0.0006 neg_dist=15.4140 lang_grad0=0.0000 lang_gradK=0.0000 lang_disp=0.0000 step=0.0000 sigma=0.0000
[CD-DIAG step=14000] E_pos=436875.1875 E_neg=84217.9453 margin=-352657.2422 E_wtd=0.000000 MSE=0.051538 gradE=40046.1250 pred_norm=19.5498 pred_std=0.9812 pred_abs=0.7801 tgt_std=1.0010 tgt_abs=0.7986 cos=-0.0000 neg_dist=14.5052 lang_grad0=0.0000 lang_gradK=0.0000 lang_disp=0.0000 step=0.0000 sigma=0.0000
Running Evaluation...
Validation Result @ Iteration 14000; Milestone = 14 (Train)
---------  ----------
mse_error  0.00970834
---------  ----------
Validation Result @ Iteration 14000; Milestone = 14 (ID: Validation)
---  ----------
mse  0.00974435
---  ----------
[CD-DIAG step=14100] E_pos=448451.1875 E_neg=98615.4766 margin=-349835.7109 E_wtd=0.000000 MSE=0.050149 gradE=39769.2617 pred_norm=19.4118 pred_std=0.9738 pred_abs=0.7744 tgt_std=0.9993 tgt_abs=0.7977 cos=0.0004 neg_dist=14.5703 lang_grad0=0.0000 lang_gradK=0.0000 lang_disp=0.0000 step=0.0000 sigma=0.0000
[CD-DIAG step=14200] E_pos=448154.6250 E_neg=107659.3281 margin=-340495.2969 E_wtd=0.000000 MSE=0.049924 gradE=39629.2578 pred_norm=19.3709 pred_std=0.9719 pred_abs=0.7730 tgt_std=0.9985 tgt_abs=0.7966 cos=0.0002 neg_dist=15.4289 lang_grad0=0.0000 lang_gradK=0.0000 lang_disp=0.0000 step=0.0000 sigma=0.0000
[CD-DIAG step=14300] E_pos=450177.3438 E_neg=102913.3438 margin=-347264.0000 E_wtd=0.000000 MSE=0.049532 gradE=39640.6836 pred_norm=19.3808 pred_std=0.9722 pred_abs=0.7734 tgt_std=0.9995 tgt_abs=0.7978 cos=-0.0019 neg_dist=14.5148 lang_grad0=0.0000 lang_gradK=0.0000 lang_disp=0.0000 step=0.0000 sigma=0.0000
[CD-DIAG step=14400] E_pos=445101.2188 E_neg=91606.0312 margin=-353495.1875 E_wtd=0.000000 MSE=0.049302 gradE=39858.3672 pred_norm=19.4555 pred_std=0.9760 pred_abs=0.7765 tgt_std=1.0001 tgt_abs=0.7979 cos=0.0010 neg_dist=14.9623 lang_grad0=0.0000 lang_gradK=0.0000 lang_disp=0.0000 step=0.0000 sigma=0.0000
[CD-DIAG step=14500] E_pos=445671.7500 E_neg=92892.8125 margin=-352778.9375 E_wtd=0.000000 MSE=0.048626 gradE=39880.8906 pred_norm=19.4663 pred_std=0.9764 pred_abs=0.7770 tgt_std=1.0005 tgt_abs=0.7984 cos=0.0000 neg_dist=14.8920 lang_grad0=0.0000 lang_gradK=0.0000 lang_disp=0.0000 step=0.0000 sigma=0.0000
[CD-DIAG step=14600] E_pos=452441.2188 E_neg=101597.4453 margin=-350843.7734 E_wtd=0.000000 MSE=0.048823 gradE=39740.0703 pred_norm=19.4199 pred_std=0.9742 pred_abs=0.7750 tgt_std=1.0000 tgt_abs=0.7983 cos=-0.0027 neg_dist=14.8918 lang_grad0=0.0000 lang_gradK=0.0000 lang_disp=0.0000 step=0.0000 sigma=0.0000
[CD-DIAG step=14700] E_pos=443891.8750 E_neg=91705.0391 margin=-352186.8359 E_wtd=0.000000 MSE=0.050875 gradE=39867.1445 pred_norm=19.4681 pred_std=0.9766 pred_abs=0.7770 tgt_std=1.0012 tgt_abs=0.7987 cos=-0.0006 neg_dist=14.5114 lang_grad0=0.0000 lang_gradK=0.0000 lang_disp=0.0000 step=0.0000 sigma=0.0000
[CD-DIAG step=14800] E_pos=447628.7188 E_neg=101865.1562 margin=-345763.5625 E_wtd=0.000000 MSE=0.051027 gradE=39697.9570 pred_norm=19.3657 pred_std=0.9716 pred_abs=0.7732 tgt_std=1.0012 tgt_abs=0.7988 cos=-0.0006 neg_dist=14.3163 lang_grad0=0.0000 lang_gradK=0.0000 lang_disp=0.0000 step=0.0000 sigma=0.0000
[CD-DIAG step=14900] E_pos=439198.0000 E_neg=83553.4688 margin=-355644.5312 E_wtd=0.000000 MSE=0.049928 gradE=40115.8477 pred_norm=19.5619 pred_std=0.9814 pred_abs=0.7805 tgt_std=1.0016 tgt_abs=0.7991 cos=0.0010 neg_dist=14.6278 lang_grad0=0.0000 lang_gradK=0.0000 lang_disp=0.0000 step=0.0000 sigma=0.0000
[CD-DIAG step=15000] E_pos=453674.4375 E_neg=114582.8438 margin=-339091.5938 E_wtd=0.000000 MSE=0.051843 gradE=39522.1367 pred_norm=19.2975 pred_std=0.9683 pred_abs=0.7698 tgt_std=0.9999 tgt_abs=0.7979 cos=0.0006 neg_dist=15.3166 lang_grad0=0.0000 lang_gradK=0.0000 lang_disp=0.0000 step=0.0000 sigma=0.0000
Running Evaluation...
Validation Result @ Iteration 15000; Milestone = 15 (Train)
---------  ----------
mse_error  0.00977966
---------  ----------
Validation Result @ Iteration 15000; Milestone = 15 (ID: Validation)
---  ----------
mse  0.00974982
---  ----------
[CD-DIAG step=15100] E_pos=453800.7812 E_neg=107165.1562 margin=-346635.6250 E_wtd=0.000000 MSE=0.049941 gradE=39683.6836 pred_norm=19.3587 pred_std=0.9711 pred_abs=0.7727 tgt_std=1.0006 tgt_abs=0.7981 cos=0.0018 neg_dist=14.3541 lang_grad0=0.0000 lang_gradK=0.0000 lang_disp=0.0000 step=0.0000 sigma=0.0000
[CD-DIAG step=15200] E_pos=452097.2188 E_neg=109610.2344 margin=-342486.9844 E_wtd=0.000000 MSE=0.050100 gradE=39611.4258 pred_norm=19.3566 pred_std=0.9709 pred_abs=0.7727 tgt_std=0.9997 tgt_abs=0.7976 cos=0.0006 neg_dist=14.1640 lang_grad0=0.0000 lang_gradK=0.0000 lang_disp=0.0000 step=0.0000 sigma=0.0000
[CD-DIAG step=15300] E_pos=463463.1250 E_neg=115631.5234 margin=-347831.6016 E_wtd=0.000000 MSE=0.047423 gradE=39671.8789 pred_norm=19.3563 pred_std=0.9710 pred_abs=0.7724 tgt_std=1.0000 tgt_abs=0.7979 cos=-0.0010 neg_dist=14.4494 lang_grad0=0.0000 lang_gradK=0.0000 lang_disp=0.0000 step=0.0000 sigma=0.0000
[CD-DIAG step=15400] E_pos=446770.3438 E_neg=103027.9531 margin=-343742.3906 E_wtd=0.000000 MSE=0.049929 gradE=39747.3125 pred_norm=19.4108 pred_std=0.9734 pred_abs=0.7744 tgt_std=1.0001 tgt_abs=0.7978 cos=-0.0012 neg_dist=14.2153 lang_grad0=0.0000 lang_gradK=0.0000 lang_disp=0.0000 step=0.0000 sigma=0.0000
[CD-DIAG step=15500] E_pos=448646.5625 E_neg=105428.9688 margin=-343217.5938 E_wtd=0.000000 MSE=0.051199 gradE=39613.4570 pred_norm=19.3430 pred_std=0.9704 pred_abs=0.7726 tgt_std=0.9997 tgt_abs=0.7972 cos=-0.0003 neg_dist=14.2828 lang_grad0=0.0000 lang_gradK=0.0000 lang_disp=0.0000 step=0.0000 sigma=0.0000
[CD-DIAG step=15600] E_pos=445766.3438 E_neg=98913.3438 margin=-346853.0000 E_wtd=0.000000 MSE=0.049238 gradE=39817.3477 pred_norm=19.4279 pred_std=0.9744 pred_abs=0.7750 tgt_std=0.9999 tgt_abs=0.7978 cos=-0.0010 neg_dist=15.5251 lang_grad0=0.0000 lang_gradK=0.0000 lang_disp=0.0000 step=0.0000 sigma=0.0000
[CD-DIAG step=15700] E_pos=455916.1875 E_neg=111063.5625 margin=-344852.6250 E_wtd=0.000000 MSE=0.049546 gradE=39675.2734 pred_norm=19.3626 pred_std=0.9714 pred_abs=0.7727 tgt_std=1.0009 tgt_abs=0.7989 cos=0.0006 neg_dist=14.2579 lang_grad0=0.0000 lang_gradK=0.0000 lang_disp=0.0000 step=0.0000 sigma=0.0000
[CD-DIAG step=15800] E_pos=446596.1875 E_neg=91766.7344 margin=-354829.4531 E_wtd=0.000000 MSE=0.047667 gradE=39971.2266 pred_norm=19.5243 pred_std=0.9792 pred_abs=0.7792 tgt_std=1.0008 tgt_abs=0.7987 cos=-0.0003 neg_dist=14.6754 lang_grad0=0.0000 lang_gradK=0.0000 lang_disp=0.0000 step=0.0000 sigma=0.0000
[CD-DIAG step=15900] E_pos=446367.3125 E_neg=107602.7656 margin=-338764.5469 E_wtd=0.000000 MSE=0.052409 gradE=39627.1641 pred_norm=19.3482 pred_std=0.9705 pred_abs=0.7722 tgt_std=1.0006 tgt_abs=0.7985 cos=-0.0013 neg_dist=14.0628 lang_grad0=0.0000 lang_gradK=0.0000 lang_disp=0.0000 step=0.0000 sigma=0.0000
[CD-DIAG step=16000] E_pos=453142.7812 E_neg=104518.6406 margin=-348624.1406 E_wtd=0.000000 MSE=0.050754 gradE=39705.0391 pred_norm=19.3723 pred_std=0.9718 pred_abs=0.7733 tgt_std=1.0009 tgt_abs=0.7986 cos=-0.0008 neg_dist=14.4545 lang_grad0=0.0000 lang_gradK=0.0000 lang_disp=0.0000 step=0.0000 sigma=0.0000
Running Evaluation...
Validation Result @ Iteration 16000; Milestone = 16 (Train)
---------  ----------
mse_error  0.00974484
---------  ----------
Validation Result @ Iteration 16000; Milestone = 16 (ID: Validation)
---  ----------
mse  0.00973567
---  ----------
[CD-DIAG step=16100] E_pos=449063.1875 E_neg=104503.4688 margin=-344559.7188 E_wtd=0.000000 MSE=0.050483 gradE=39699.3398 pred_norm=19.3740 pred_std=0.9718 pred_abs=0.7731 tgt_std=1.0006 tgt_abs=0.7984 cos=0.0007 neg_dist=14.2789 lang_grad0=0.0000 lang_gradK=0.0000 lang_disp=0.0000 step=0.0000 sigma=0.0000
[CD-DIAG step=16200] E_pos=453373.3125 E_neg=110236.0078 margin=-343137.3047 E_wtd=0.000000 MSE=0.050489 gradE=39536.3633 pred_norm=19.3233 pred_std=0.9695 pred_abs=0.7713 tgt_std=0.9992 tgt_abs=0.7974 cos=0.0002 neg_dist=14.2476 lang_grad0=0.0000 lang_gradK=0.0000 lang_disp=0.0000 step=0.0000 sigma=0.0000
[CD-DIAG step=16300] E_pos=454983.0312 E_neg=108601.0312 margin=-346382.0000 E_wtd=0.000000 MSE=0.048706 gradE=39663.8516 pred_norm=19.3811 pred_std=0.9721 pred_abs=0.7732 tgt_std=0.9990 tgt_abs=0.7970 cos=-0.0008 neg_dist=14.3727 lang_grad0=0.0000 lang_gradK=0.0000 lang_disp=0.0000 step=0.0000 sigma=0.0000
[CD-DIAG step=16400] E_pos=452378.4375 E_neg=104618.5000 margin=-347759.9375 E_wtd=0.000000 MSE=0.049671 gradE=39699.1641 pred_norm=19.3815 pred_std=0.9721 pred_abs=0.7731 tgt_std=1.0002 tgt_abs=0.7980 cos=0.0010 neg_dist=14.4305 lang_grad0=0.0000 lang_gradK=0.0000 lang_disp=0.0000 step=0.0000 sigma=0.0000
[CD-DIAG step=16500] E_pos=445145.7188 E_neg=97741.6172 margin=-347404.1016 E_wtd=0.000000 MSE=0.049556 gradE=39740.3438 pred_norm=19.4210 pred_std=0.9740 pred_abs=0.7750 tgt_std=0.9998 tgt_abs=0.7978 cos=-0.0017 neg_dist=14.2523 lang_grad0=0.0000 lang_gradK=0.0000 lang_disp=0.0000 step=0.0000 sigma=0.0000
[CD-DIAG step=16600] E_pos=443107.3125 E_neg=100678.6172 margin=-342428.6953 E_wtd=0.000000 MSE=0.052876 gradE=39586.0391 pred_norm=19.3398 pred_std=0.9704 pred_abs=0.7718 tgt_std=0.9997 tgt_abs=0.7978 cos=-0.0018 neg_dist=14.2593 lang_grad0=0.0000 lang_gradK=0.0000 lang_disp=0.0000 step=0.0000 sigma=0.0000
[CD-DIAG step=16700] E_pos=448443.6875 E_neg=104355.9531 margin=-344087.7344 E_wtd=0.000000 MSE=0.051230 gradE=39653.7539 pred_norm=19.3617 pred_std=0.9712 pred_abs=0.7728 tgt_std=0.9998 tgt_abs=0.7973 cos=0.0000 neg_dist=14.2359 lang_grad0=0.0000 lang_gradK=0.0000 lang_disp=0.0000 step=0.0000 sigma=0.0000
[CD-DIAG step=16800] E_pos=447694.5625 E_neg=98706.3906 margin=-348988.1719 E_wtd=0.000000 MSE=0.049952 gradE=39770.2656 pred_norm=19.4255 pred_std=0.9742 pred_abs=0.7752 tgt_std=1.0002 tgt_abs=0.7976 cos=0.0014 neg_dist=14.4120 lang_grad0=0.0000 lang_gradK=0.0000 lang_disp=0.0000 step=0.0000 sigma=0.0000
[CD-DIAG step=16900] E_pos=450327.3125 E_neg=108360.7500 margin=-341966.5625 E_wtd=0.000000 MSE=0.053055 gradE=39558.7656 pred_norm=19.3162 pred_std=0.9691 pred_abs=0.7708 tgt_std=1.0006 tgt_abs=0.7986 cos=0.0005 neg_dist=14.1943 lang_grad0=0.0000 lang_gradK=0.0000 lang_disp=0.0000 step=0.0000 sigma=0.0000
[CD-DIAG step=17000] E_pos=440903.0625 E_neg=102742.4531 margin=-338160.6094 E_wtd=0.000000 MSE=0.052341 gradE=39634.9531 pred_norm=19.3606 pred_std=0.9713 pred_abs=0.7724 tgt_std=0.9996 tgt_abs=0.7980 cos=-0.0028 neg_dist=15.2512 lang_grad0=0.0000 lang_gradK=0.0000 lang_disp=0.0000 step=0.0000 sigma=0.0000
Running Evaluation...
Validation Result @ Iteration 17000; Milestone = 17 (Train)
---------  ----------
mse_error  0.00973433
---------  ----------
Validation Result @ Iteration 17000; Milestone = 17 (ID: Validation)
---  ----------
mse  0.00978536
---  ----------
[CD-DIAG step=17100] E_pos=446326.0312 E_neg=98163.9375 margin=-348162.0938 E_wtd=0.000000 MSE=0.050102 gradE=39799.3555 pred_norm=19.4272 pred_std=0.9743 pred_abs=0.7752 tgt_std=1.0008 tgt_abs=0.7985 cos=-0.0017 neg_dist=15.6172 lang_grad0=0.0000 lang_gradK=0.0000 lang_disp=0.0000 step=0.0000 sigma=0.0000
[CD-DIAG step=17200] E_pos=447077.6875 E_neg=96628.7109 margin=-350448.9766 E_wtd=0.000000 MSE=0.049348 gradE=39810.1719 pred_norm=19.4160 pred_std=0.9738 pred_abs=0.7751 tgt_std=0.9997 tgt_abs=0.7976 cos=0.0012 neg_dist=14.8542 lang_grad0=0.0000 lang_gradK=0.0000 lang_disp=0.0000 step=0.0000 sigma=0.0000
[CD-DIAG step=17300] E_pos=450150.7188 E_neg=105450.3281 margin=-344700.3906 E_wtd=0.000000 MSE=0.049005 gradE=39720.3750 pred_norm=19.4173 pred_std=0.9738 pred_abs=0.7749 tgt_std=0.9997 tgt_abs=0.7975 cos=-0.0001 neg_dist=14.3590 lang_grad0=0.0000 lang_gradK=0.0000 lang_disp=0.0000 step=0.0000 sigma=0.0000
[CD-DIAG step=17400] E_pos=455163.3750 E_neg=109924.2031 margin=-345239.1719 E_wtd=0.000000 MSE=0.049426 gradE=39613.3789 pred_norm=19.3624 pred_std=0.9713 pred_abs=0.7726 tgt_std=0.9993 tgt_abs=0.7977 cos=0.0011 neg_dist=14.3594 lang_grad0=0.0000 lang_gradK=0.0000 lang_disp=0.0000 step=0.0000 sigma=0.0000
[CD-DIAG step=17500] E_pos=449167.3125 E_neg=100019.9453 margin=-349147.3672 E_wtd=0.000000 MSE=0.051517 gradE=39733.9375 pred_norm=19.3962 pred_std=0.9730 pred_abs=0.7743 tgt_std=1.0006 tgt_abs=0.7987 cos=0.0008 neg_dist=14.4724 lang_grad0=0.0000 lang_gradK=0.0000 lang_disp=0.0000 step=0.0000 sigma=0.0000
[CD-DIAG step=17600] E_pos=445226.4062 E_neg=106412.6016 margin=-338813.8047 E_wtd=0.000000 MSE=0.053020 gradE=39634.3906 pred_norm=19.3379 pred_std=0.9701 pred_abs=0.7716 tgt_std=1.0009 tgt_abs=0.7989 cos=0.0028 neg_dist=14.2023 lang_grad0=0.0000 lang_gradK=0.0000 lang_disp=0.0000 step=0.0000 sigma=0.0000
[CD-DIAG step=17700] E_pos=449708.8125 E_neg=98355.6797 margin=-351353.1328 E_wtd=0.000000 MSE=0.049988 gradE=39754.7617 pred_norm=19.4062 pred_std=0.9733 pred_abs=0.7748 tgt_std=1.0011 tgt_abs=0.7988 cos=0.0006 neg_dist=14.5159 lang_grad0=0.0000 lang_gradK=0.0000 lang_disp=0.0000 step=0.0000 sigma=0.0000
[CD-DIAG step=17800] E_pos=447681.3125 E_neg=103017.3594 margin=-344663.9531 E_wtd=0.000000 MSE=0.050343 gradE=39674.7344 pred_norm=19.3999 pred_std=0.9730 pred_abs=0.7746 tgt_std=0.9996 tgt_abs=0.7979 cos=0.0008 neg_dist=15.5184 lang_grad0=0.0000 lang_gradK=0.0000 lang_disp=0.0000 step=0.0000 sigma=0.0000
[CD-DIAG step=17900] E_pos=445741.0000 E_neg=102407.5781 margin=-343333.4219 E_wtd=0.000000 MSE=0.049418 gradE=39715.0703 pred_norm=19.4119 pred_std=0.9735 pred_abs=0.7747 tgt_std=0.9995 tgt_abs=0.7976 cos=0.0011 neg_dist=14.2311 lang_grad0=0.0000 lang_gradK=0.0000 lang_disp=0.0000 step=0.0000 sigma=0.0000
[CD-DIAG step=18000] E_pos=452221.8750 E_neg=101019.2812 margin=-351202.5938 E_wtd=0.000000 MSE=0.049507 gradE=39722.1953 pred_norm=19.3926 pred_std=0.9727 pred_abs=0.7742 tgt_std=1.0004 tgt_abs=0.7980 cos=0.0016 neg_dist=14.4812 lang_grad0=0.0000 lang_gradK=0.0000 lang_disp=0.0000 step=0.0000 sigma=0.0000
Running Evaluation...
Validation Result @ Iteration 18000; Milestone = 18 (Train)
---------  ----------
mse_error  0.00974555
---------  ----------
Validation Result @ Iteration 18000; Milestone = 18 (ID: Validation)
---  ----------
mse  0.00976104
---  ----------
[CD-DIAG step=18100] E_pos=447787.3750 E_neg=102388.1094 margin=-345399.2656 E_wtd=0.000000 MSE=0.051211 gradE=39643.5195 pred_norm=19.3467 pred_std=0.9704 pred_abs=0.7723 tgt_std=0.9996 tgt_abs=0.7975 cos=0.0002 neg_dist=15.5855 lang_grad0=0.0000 lang_gradK=0.0000 lang_disp=0.0000 step=0.0000 sigma=0.0000
[CD-DIAG step=18200] E_pos=454892.7500 E_neg=102763.3047 margin=-352129.4453 E_wtd=0.000000 MSE=0.047499 gradE=39812.9531 pred_norm=19.4490 pred_std=0.9753 pred_abs=0.7762 tgt_std=0.9997 tgt_abs=0.7971 cos=-0.0007 neg_dist=14.6263 lang_grad0=0.0000 lang_gradK=0.0000 lang_disp=0.0000 step=0.0000 sigma=0.0000
[CD-DIAG step=18300] E_pos=452716.7500 E_neg=99203.0469 margin=-353513.7031 E_wtd=0.000000 MSE=0.047190 gradE=39892.2188 pred_norm=19.4798 pred_std=0.9767 pred_abs=0.7773 tgt_std=1.0005 tgt_abs=0.7985 cos=-0.0008 neg_dist=14.6123 lang_grad0=0.0000 lang_gradK=0.0000 lang_disp=0.0000 step=0.0000 sigma=0.0000
[CD-DIAG step=18400] E_pos=451367.5938 E_neg=103629.3594 margin=-347738.2344 E_wtd=0.000000 MSE=0.049591 gradE=39687.3516 pred_norm=19.3861 pred_std=0.9723 pred_abs=0.7734 tgt_std=1.0002 tgt_abs=0.7982 cos=0.0013 neg_dist=14.3694 lang_grad0=0.0000 lang_gradK=0.0000 lang_disp=0.0000 step=0.0000 sigma=0.0000
[CD-DIAG step=18500] E_pos=449716.7812 E_neg=98382.2344 margin=-351334.5469 E_wtd=0.000000 MSE=0.048317 gradE=39824.7266 pred_norm=19.4381 pred_std=0.9747 pred_abs=0.7759 tgt_std=0.9993 tgt_abs=0.7972 cos=-0.0007 neg_dist=14.6370 lang_grad0=0.0000 lang_gradK=0.0000 lang_disp=0.0000 step=0.0000 sigma=0.0000
[CD-DIAG step=18600] E_pos=447824.7500 E_neg=103911.2031 margin=-343913.5469 E_wtd=0.000000 MSE=0.050541 gradE=39683.4375 pred_norm=19.3634 pred_std=0.9711 pred_abs=0.7727 tgt_std=1.0007 tgt_abs=0.7987 cos=0.0019 neg_dist=14.2039 lang_grad0=0.0000 lang_gradK=0.0000 lang_disp=0.0000 step=0.0000 sigma=0.0000
[CD-DIAG step=18700] E_pos=442794.0625 E_neg=100558.1719 margin=-342235.8906 E_wtd=0.000000 MSE=0.052694 gradE=39664.2266 pred_norm=19.3721 pred_std=0.9718 pred_abs=0.7732 tgt_std=0.9989 tgt_abs=0.7970 cos=0.0001 neg_dist=14.1947 lang_grad0=0.0000 lang_gradK=0.0000 lang_disp=0.0000 step=0.0000 sigma=0.0000
[CD-DIAG step=18800] E_pos=452321.0000 E_neg=105831.0938 margin=-346489.9062 E_wtd=0.000000 MSE=0.049049 gradE=39794.2500 pred_norm=19.4254 pred_std=0.9740 pred_abs=0.7754 tgt_std=1.0009 tgt_abs=0.7990 cos=0.0002 neg_dist=14.3845 lang_grad0=0.0000 lang_gradK=0.0000 lang_disp=0.0000 step=0.0000 sigma=0.0000
[CD-DIAG step=18900] E_pos=448369.2188 E_neg=104071.1406 margin=-344298.0781 E_wtd=0.000000 MSE=0.049669 gradE=39783.6797 pred_norm=19.4454 pred_std=0.9752 pred_abs=0.7762 tgt_std=1.0002 tgt_abs=0.7980 cos=-0.0001 neg_dist=15.4829 lang_grad0=0.0000 lang_gradK=0.0000 lang_disp=0.0000 step=0.0000 sigma=0.0000
[CD-DIAG step=19000] E_pos=444416.8750 E_neg=99686.0391 margin=-344730.8359 E_wtd=0.000000 MSE=0.051632 gradE=39666.5078 pred_norm=19.3544 pred_std=0.9708 pred_abs=0.7724 tgt_std=0.9996 tgt_abs=0.7979 cos=0.0006 neg_dist=14.2732 lang_grad0=0.0000 lang_gradK=0.0000 lang_disp=0.0000 step=0.0000 sigma=0.0000
Running Evaluation...
Validation Result @ Iteration 19000; Milestone = 19 (Train)
---------  ---------
mse_error  0.0096977
---------  ---------
Validation Result @ Iteration 19000; Milestone = 19 (ID: Validation)
---  ----------
mse  0.00972096
---  ----------
[CD-DIAG step=19100] E_pos=448333.0625 E_neg=96861.1953 margin=-351471.8672 E_wtd=0.000000 MSE=0.048309 gradE=39841.1641 pred_norm=19.4662 pred_std=0.9761 pred_abs=0.7770 tgt_std=0.9994 tgt_abs=0.7974 cos=0.0015 neg_dist=14.8800 lang_grad0=0.0000 lang_gradK=0.0000 lang_disp=0.0000 step=0.0000 sigma=0.0000
[CD-DIAG step=19200] E_pos=447849.4375 E_neg=99820.3125 margin=-348029.1250 E_wtd=0.000000 MSE=0.048798 gradE=39800.8945 pred_norm=19.4413 pred_std=0.9749 pred_abs=0.7759 tgt_std=1.0003 tgt_abs=0.7979 cos=0.0009 neg_dist=14.3593 lang_grad0=0.0000 lang_gradK=0.0000 lang_disp=0.0000 step=0.0000 sigma=0.0000
[CD-DIAG step=19300] E_pos=441090.2812 E_neg=96985.8359 margin=-344104.4453 E_wtd=0.000000 MSE=0.053100 gradE=39698.6172 pred_norm=19.3588 pred_std=0.9712 pred_abs=0.7722 tgt_std=1.0007 tgt_abs=0.7982 cos=-0.0003 neg_dist=14.6336 lang_grad0=0.0000 lang_gradK=0.0000 lang_disp=0.0000 step=0.0000 sigma=0.0000
[CD-DIAG step=19400] E_pos=447497.8750 E_neg=100636.5312 margin=-346861.3438 E_wtd=0.000000 MSE=0.050625 gradE=39734.0273 pred_norm=19.3819 pred_std=0.9719 pred_abs=0.7733 tgt_std=1.0005 tgt_abs=0.7982 cos=0.0008 neg_dist=14.4479 lang_grad0=0.0000 lang_gradK=0.0000 lang_disp=0.0000 step=0.0000 sigma=0.0000
[CD-DIAG step=19500] E_pos=452081.4375 E_neg=103120.5781 margin=-348960.8594 E_wtd=0.000000 MSE=0.050750 gradE=39689.5391 pred_norm=19.3680 pred_std=0.9715 pred_abs=0.7729 tgt_std=1.0002 tgt_abs=0.7978 cos=-0.0004 neg_dist=14.4804 lang_grad0=0.0000 lang_gradK=0.0000 lang_disp=0.0000 step=0.0000 sigma=0.0000
[CD-DIAG step=19600] E_pos=454648.1875 E_neg=103632.8750 margin=-351015.3125 E_wtd=0.000000 MSE=0.049272 gradE=39779.7812 pred_norm=19.4307 pred_std=0.9744 pred_abs=0.7756 tgt_std=1.0008 tgt_abs=0.7988 cos=0.0014 neg_dist=15.8138 lang_grad0=0.0000 lang_gradK=0.0000 lang_disp=0.0000 step=0.0000 sigma=0.0000
[CD-DIAG step=19700] E_pos=444088.0000 E_neg=98105.1172 margin=-345982.8828 E_wtd=0.000000 MSE=0.052213 gradE=39723.9648 pred_norm=19.4020 pred_std=0.9732 pred_abs=0.7743 tgt_std=1.0006 tgt_abs=0.7982 cos=0.0012 neg_dist=14.3011 lang_grad0=0.0000 lang_gradK=0.0000 lang_disp=0.0000 step=0.0000 sigma=0.0000
[CD-DIAG step=19800] E_pos=445579.1250 E_neg=102179.8750 margin=-343399.2500 E_wtd=0.000000 MSE=0.051002 gradE=39748.4453 pred_norm=19.3717 pred_std=0.9715 pred_abs=0.7730 tgt_std=1.0015 tgt_abs=0.7988 cos=-0.0010 neg_dist=14.2281 lang_grad0=0.0000 lang_gradK=0.0000 lang_disp=0.0000 step=0.0000 sigma=0.0000
[CD-DIAG step=19900] E_pos=453823.3750 E_neg=108488.9688 margin=-345334.4062 E_wtd=0.000000 MSE=0.049221 gradE=39690.7891 pred_norm=19.3893 pred_std=0.9724 pred_abs=0.7740 tgt_std=1.0006 tgt_abs=0.7981 cos=0.0004 neg_dist=14.3426 lang_grad0=0.0000 lang_gradK=0.0000 lang_disp=0.0000 step=0.0000 sigma=0.0000
[CD-DIAG step=20000] E_pos=457270.4375 E_neg=105883.8828 margin=-351386.5547 E_wtd=0.000000 MSE=0.048443 gradE=39726.9102 pred_norm=19.4037 pred_std=0.9730 pred_abs=0.7740 tgt_std=1.0001 tgt_abs=0.7976 cos=-0.0007 neg_dist=14.5268 lang_grad0=0.0000 lang_gradK=0.0000 lang_disp=0.0000 step=0.0000 sigma=0.0000
Running Evaluation...
Validation Result @ Iteration 20000; Milestone = 20 (Train)
---------  ----------
mse_error  0.00973774
---------  ----------
Validation Result @ Iteration 20000; Milestone = 20 (ID: Validation)
---  ----------
mse  0.00971174
---  ----------
[CD-DIAG step=20100] E_pos=454498.8125 E_neg=108024.1641 margin=-346474.6484 E_wtd=0.000000 MSE=0.048095 gradE=39783.3594 pred_norm=19.4115 pred_std=0.9734 pred_abs=0.7749 tgt_std=1.0000 tgt_abs=0.7981 cos=-0.0000 neg_dist=15.6125 lang_grad0=0.0000 lang_gradK=0.0000 lang_disp=0.0000 step=0.0000 sigma=0.0000
[CD-DIAG step=20200] E_pos=449689.2500 E_neg=99986.7031 margin=-349702.5469 E_wtd=0.000000 MSE=0.050510 gradE=39737.1250 pred_norm=19.3930 pred_std=0.9726 pred_abs=0.7737 tgt_std=1.0003 tgt_abs=0.7982 cos=0.0007 neg_dist=14.5733 lang_grad0=0.0000 lang_gradK=0.0000 lang_disp=0.0000 step=0.0000 sigma=0.0000
[CD-DIAG step=20300] E_pos=452466.1250 E_neg=102466.0859 margin=-350000.0391 E_wtd=0.000000 MSE=0.048231 gradE=39794.6250 pred_norm=19.4419 pred_std=0.9748 pred_abs=0.7758 tgt_std=0.9995 tgt_abs=0.7971 cos=0.0014 neg_dist=14.4568 lang_grad0=0.0000 lang_gradK=0.0000 lang_disp=0.0000 step=0.0000 sigma=0.0000
[CD-DIAG step=20400] E_pos=447772.7500 E_neg=102942.4688 margin=-344830.2812 E_wtd=0.000000 MSE=0.050680 gradE=39697.3086 pred_norm=19.4029 pred_std=0.9731 pred_abs=0.7745 tgt_std=0.9990 tgt_abs=0.7966 cos=0.0021 neg_dist=14.2785 lang_grad0=0.0000 lang_gradK=0.0000 lang_disp=0.0000 step=0.0000 sigma=0.0000
[CD-DIAG step=20500] E_pos=455530.8125 E_neg=107533.6484 margin=-347997.1641 E_wtd=0.000000 MSE=0.048952 gradE=39689.2891 pred_norm=19.4084 pred_std=0.9732 pred_abs=0.7744 tgt_std=0.9984 tgt_abs=0.7964 cos=0.0013 neg_dist=14.5491 lang_grad0=0.0000 lang_gradK=0.0000 lang_disp=0.0000 step=0.0000 sigma=0.0000
[CD-DIAG step=20600] E_pos=446455.8750 E_neg=102883.7812 margin=-343572.0938 E_wtd=0.000000 MSE=0.049405 gradE=39767.3984 pred_norm=19.4181 pred_std=0.9737 pred_abs=0.7750 tgt_std=0.9997 tgt_abs=0.7974 cos=-0.0013 neg_dist=14.1990 lang_grad0=0.0000 lang_gradK=0.0000 lang_disp=0.0000 step=0.0000 sigma=0.0000
[CD-DIAG step=20700] E_pos=454969.7500 E_neg=103918.3047 margin=-351051.4453 E_wtd=0.000000 MSE=0.047702 gradE=39749.1406 pred_norm=19.3945 pred_std=0.9724 pred_abs=0.7739 tgt_std=0.9997 tgt_abs=0.7978 cos=-0.0014 neg_dist=14.5219 lang_grad0=0.0000 lang_gradK=0.0000 lang_disp=0.0000 step=0.0000 sigma=0.0000
[CD-DIAG step=20800] E_pos=445093.7812 E_neg=102944.7188 margin=-342149.0625 E_wtd=0.000000 MSE=0.050941 gradE=39677.6914 pred_norm=19.3749 pred_std=0.9717 pred_abs=0.7733 tgt_std=0.9989 tgt_abs=0.7971 cos=-0.0001 neg_dist=14.1671 lang_grad0=0.0000 lang_gradK=0.0000 lang_disp=0.0000 step=0.0000 sigma=0.0000
[CD-DIAG step=20900] E_pos=449418.4375 E_neg=102530.2578 margin=-346888.1797 E_wtd=0.000000 MSE=0.048744 gradE=39753.6133 pred_norm=19.3975 pred_std=0.9727 pred_abs=0.7740 tgt_std=1.0002 tgt_abs=0.7983 cos=-0.0016 neg_dist=14.3610 lang_grad0=0.0000 lang_gradK=0.0000 lang_disp=0.0000 step=0.0000 sigma=0.0000
[CD-DIAG step=21000] E_pos=448952.4375 E_neg=103257.1406 margin=-345695.2969 E_wtd=0.000000 MSE=0.050462 gradE=39719.0391 pred_norm=19.3812 pred_std=0.9720 pred_abs=0.7736 tgt_std=1.0015 tgt_abs=0.7992 cos=-0.0014 neg_dist=14.2479 lang_grad0=0.0000 lang_gradK=0.0000 lang_disp=0.0000 step=0.0000 sigma=0.0000
Running Evaluation...
Validation Result @ Iteration 21000; Milestone = 21 (Train)
---------  ----------
mse_error  0.00972582
---------  ----------
Validation Result @ Iteration 21000; Milestone = 21 (ID: Validation)
---  ----------
mse  0.00972746
---  ----------
[CD-DIAG step=21100] E_pos=456986.1250 E_neg=107337.3281 margin=-349648.7969 E_wtd=0.000000 MSE=0.050230 gradE=39618.6367 pred_norm=19.3542 pred_std=0.9708 pred_abs=0.7725 tgt_std=0.9994 tgt_abs=0.7973 cos=0.0008 neg_dist=14.5177 lang_grad0=0.0000 lang_gradK=0.0000 lang_disp=0.0000 step=0.0000 sigma=0.0000
[CD-DIAG step=21200] E_pos=442502.5938 E_neg=101527.5391 margin=-340975.0547 E_wtd=0.000000 MSE=0.053109 gradE=39650.0586 pred_norm=19.3775 pred_std=0.9721 pred_abs=0.7731 tgt_std=0.9995 tgt_abs=0.7974 cos=-0.0018 neg_dist=14.2220 lang_grad0=0.0000 lang_gradK=0.0000 lang_disp=0.0000 step=0.0000 sigma=0.0000
[CD-DIAG step=21300] E_pos=450528.0625 E_neg=107096.4375 margin=-343431.6250 E_wtd=0.000000 MSE=0.050443 gradE=39664.3828 pred_norm=19.3966 pred_std=0.9727 pred_abs=0.7742 tgt_std=0.9989 tgt_abs=0.7970 cos=0.0012 neg_dist=14.3504 lang_grad0=0.0000 lang_gradK=0.0000 lang_disp=0.0000 step=0.0000 sigma=0.0000
[CD-DIAG step=21400] E_pos=448176.9375 E_neg=101618.5625 margin=-346558.3750 E_wtd=0.000000 MSE=0.050268 gradE=39752.1016 pred_norm=19.4308 pred_std=0.9743 pred_abs=0.7751 tgt_std=0.9994 tgt_abs=0.7974 cos=0.0003 neg_dist=14.4223 lang_grad0=0.0000 lang_gradK=0.0000 lang_disp=0.0000 step=0.0000 sigma=0.0000
[CD-DIAG step=21500] E_pos=441259.1875 E_neg=101791.7500 margin=-339467.4375 E_wtd=0.000000 MSE=0.052831 gradE=39658.5859 pred_norm=19.3622 pred_std=0.9711 pred_abs=0.7728 tgt_std=0.9996 tgt_abs=0.7977 cos=0.0006 neg_dist=14.0576 lang_grad0=0.0000 lang_gradK=0.0000 lang_disp=0.0000 step=0.0000 sigma=0.0000
[CD-DIAG step=21600] E_pos=448867.4375 E_neg=102207.2188 margin=-346660.2188 E_wtd=0.000000 MSE=0.050160 gradE=39728.2812 pred_norm=19.4019 pred_std=0.9729 pred_abs=0.7743 tgt_std=1.0005 tgt_abs=0.7984 cos=-0.0004 neg_dist=14.3768 lang_grad0=0.0000 lang_gradK=0.0000 lang_disp=0.0000 step=0.0000 sigma=0.0000
[CD-DIAG step=21700] E_pos=448166.1875 E_neg=100237.4531 margin=-347928.7344 E_wtd=0.000000 MSE=0.048817 gradE=39724.3125 pred_norm=19.4272 pred_std=0.9741 pred_abs=0.7755 tgt_std=0.9991 tgt_abs=0.7973 cos=0.0002 neg_dist=14.3387 lang_grad0=0.0000 lang_gradK=0.0000 lang_disp=0.0000 step=0.0000 sigma=0.0000
[CD-DIAG step=21800] E_pos=448348.2812 E_neg=106741.7500 margin=-341606.5312 E_wtd=0.000000 MSE=0.049470 gradE=39699.5000 pred_norm=19.3811 pred_std=0.9720 pred_abs=0.7737 tgt_std=1.0005 tgt_abs=0.7983 cos=0.0000 neg_dist=14.1845 lang_grad0=0.0000 lang_gradK=0.0000 lang_disp=0.0000 step=0.0000 sigma=0.0000
[CD-DIAG step=21900] E_pos=455614.4375 E_neg=105153.1250 margin=-350461.3125 E_wtd=0.000000 MSE=0.050118 gradE=39697.4297 pred_norm=19.3838 pred_std=0.9721 pred_abs=0.7732 tgt_std=1.0009 tgt_abs=0.7986 cos=-0.0009 neg_dist=14.4883 lang_grad0=0.0000 lang_gradK=0.0000 lang_disp=0.0000 step=0.0000 sigma=0.0000
[CD-DIAG step=22000] E_pos=450966.1562 E_neg=108471.4297 margin=-342494.7266 E_wtd=0.000000 MSE=0.050187 gradE=39759.0195 pred_norm=19.4053 pred_std=0.9732 pred_abs=0.7742 tgt_std=1.0013 tgt_abs=0.7988 cos=0.0006 neg_dist=15.4711 lang_grad0=0.0000 lang_gradK=0.0000 lang_disp=0.0000 step=0.0000 sigma=0.0000
Running Evaluation...
Validation Result @ Iteration 22000; Milestone = 22 (Train)
---------  ----------
mse_error  0.00972258
---------  ----------
Validation Result @ Iteration 22000; Milestone = 22 (ID: Validation)
---  ----------
mse  0.00972089
---  ----------
[CD-DIAG step=22100] E_pos=451435.0625 E_neg=103681.0469 margin=-347754.0156 E_wtd=0.000000 MSE=0.048591 gradE=39753.6875 pred_norm=19.4214 pred_std=0.9738 pred_abs=0.7750 tgt_std=0.9997 tgt_abs=0.7983 cos=0.0015 neg_dist=14.3980 lang_grad0=0.0000 lang_gradK=0.0000 lang_disp=0.0000 step=0.0000 sigma=0.0000
[CD-DIAG step=22200] E_pos=446842.5000 E_neg=101438.9219 margin=-345403.5781 E_wtd=0.000000 MSE=0.051263 gradE=39694.2188 pred_norm=19.3925 pred_std=0.9724 pred_abs=0.7740 tgt_std=0.9992 tgt_abs=0.7970 cos=0.0018 neg_dist=14.3063 lang_grad0=0.0000 lang_gradK=0.0000 lang_disp=0.0000 step=0.0000 sigma=0.0000
[CD-DIAG step=22300] E_pos=447826.1250 E_neg=103698.0547 margin=-344128.0703 E_wtd=0.000000 MSE=0.050326 gradE=39680.7344 pred_norm=19.3729 pred_std=0.9716 pred_abs=0.7730 tgt_std=1.0000 tgt_abs=0.7975 cos=-0.0006 neg_dist=14.2172 lang_grad0=0.0000 lang_gradK=0.0000 lang_disp=0.0000 step=0.0000 sigma=0.0000
[CD-DIAG step=22400] E_pos=443230.8125 E_neg=101476.0703 margin=-341754.7422 E_wtd=0.000000 MSE=0.052144 gradE=39718.9844 pred_norm=19.3753 pred_std=0.9718 pred_abs=0.7732 tgt_std=1.0002 tgt_abs=0.7983 cos=0.0004 neg_dist=15.4010 lang_grad0=0.0000 lang_gradK=0.0000 lang_disp=0.0000 step=0.0000 sigma=0.0000
[CD-DIAG step=22500] E_pos=449463.7500 E_neg=100818.4531 margin=-348645.2969 E_wtd=0.000000 MSE=0.049485 gradE=39817.2500 pred_norm=19.4453 pred_std=0.9750 pred_abs=0.7765 tgt_std=1.0005 tgt_abs=0.7984 cos=0.0009 neg_dist=14.7872 lang_grad0=0.0000 lang_gradK=0.0000 lang_disp=0.0000 step=0.0000 sigma=0.0000
[CD-DIAG step=22600] E_pos=453756.8125 E_neg=103688.7969 margin=-350068.0156 E_wtd=0.000000 MSE=0.048216 gradE=39803.9648 pred_norm=19.4268 pred_std=0.9741 pred_abs=0.7753 tgt_std=1.0009 tgt_abs=0.7982 cos=-0.0004 neg_dist=14.5315 lang_grad0=0.0000 lang_gradK=0.0000 lang_disp=0.0000 step=0.0000 sigma=0.0000
[CD-DIAG step=22700] E_pos=450055.0000 E_neg=101949.4297 margin=-348105.5703 E_wtd=0.000000 MSE=0.049104 gradE=39783.0859 pred_norm=19.4281 pred_std=0.9741 pred_abs=0.7756 tgt_std=1.0006 tgt_abs=0.7985 cos=0.0013 neg_dist=14.4027 lang_grad0=0.0000 lang_gradK=0.0000 lang_disp=0.0000 step=0.0000 sigma=0.0000
[CD-DIAG step=22800] E_pos=447443.8750 E_neg=105454.2344 margin=-341989.6406 E_wtd=0.000000 MSE=0.050821 gradE=39622.9766 pred_norm=19.3567 pred_std=0.9709 pred_abs=0.7725 tgt_std=0.9996 tgt_abs=0.7974 cos=-0.0001 neg_dist=14.1600 lang_grad0=0.0000 lang_gradK=0.0000 lang_disp=0.0000 step=0.0000 sigma=0.0000
[CD-DIAG step=22900] E_pos=447915.2500 E_neg=103260.5234 margin=-344654.7266 E_wtd=0.000000 MSE=0.050647 gradE=39738.1484 pred_norm=19.3831 pred_std=0.9722 pred_abs=0.7736 tgt_std=1.0002 tgt_abs=0.7980 cos=-0.0006 neg_dist=14.4243 lang_grad0=0.0000 lang_gradK=0.0000 lang_disp=0.0000 step=0.0000 sigma=0.0000
[CD-DIAG step=23000] E_pos=450699.6875 E_neg=104403.9531 margin=-346295.7344 E_wtd=0.000000 MSE=0.049423 gradE=39757.9609 pred_norm=19.4062 pred_std=0.9731 pred_abs=0.7743 tgt_std=1.0004 tgt_abs=0.7983 cos=-0.0011 neg_dist=15.5724 lang_grad0=0.0000 lang_gradK=0.0000 lang_disp=0.0000 step=0.0000 sigma=0.0000
Running Evaluation...
Validation Result @ Iteration 23000; Milestone = 23 (Train)
---------  ----------
mse_error  0.00979162
---------  ----------
Validation Result @ Iteration 23000; Milestone = 23 (ID: Validation)
---  ---------
mse  0.0097332
---  ---------
[CD-DIAG step=23100] E_pos=450786.5000 E_neg=100426.9844 margin=-350359.5156 E_wtd=0.000000 MSE=0.046282 gradE=39926.3125 pred_norm=19.4891 pred_std=0.9769 pred_abs=0.7777 tgt_std=1.0004 tgt_abs=0.7981 cos=0.0002 neg_dist=14.4238 lang_grad0=0.0000 lang_gradK=0.0000 lang_disp=0.0000 step=0.0000 sigma=0.0000
[CD-DIAG step=23200] E_pos=449241.0000 E_neg=102170.2344 margin=-347070.7656 E_wtd=0.000000 MSE=0.048920 gradE=39749.9531 pred_norm=19.4164 pred_std=0.9737 pred_abs=0.7748 tgt_std=1.0001 tgt_abs=0.7978 cos=-0.0006 neg_dist=14.3868 lang_grad0=0.0000 lang_gradK=0.0000 lang_disp=0.0000 step=0.0000 sigma=0.0000
[CD-DIAG step=23300] E_pos=451077.8750 E_neg=105077.9062 margin=-345999.9688 E_wtd=0.000000 MSE=0.049355 gradE=39748.7500 pred_norm=19.4036 pred_std=0.9730 pred_abs=0.7746 tgt_std=0.9998 tgt_abs=0.7975 cos=-0.0018 neg_dist=14.3192 lang_grad0=0.0000 lang_gradK=0.0000 lang_disp=0.0000 step=0.0000 sigma=0.0000
[CD-DIAG step=23400] E_pos=446621.0312 E_neg=101870.3438 margin=-344750.6875 E_wtd=0.000000 MSE=0.048515 gradE=39756.0000 pred_norm=19.4358 pred_std=0.9744 pred_abs=0.7756 tgt_std=0.9993 tgt_abs=0.7973 cos=-0.0006 neg_dist=14.2550 lang_grad0=0.0000 lang_gradK=0.0000 lang_disp=0.0000 step=0.0000 sigma=0.0000
[CD-DIAG step=23500] E_pos=456590.7812 E_neg=100125.6406 margin=-356465.1406 E_wtd=0.000000 MSE=0.045189 gradE=39963.7578 pred_norm=19.5096 pred_std=0.9780 pred_abs=0.7789 tgt_std=0.9999 tgt_abs=0.7983 cos=-0.0004 neg_dist=14.7543 lang_grad0=0.0000 lang_gradK=0.0000 lang_disp=0.0000 step=0.0000 sigma=0.0000
[CD-DIAG step=23600] E_pos=444286.1250 E_neg=101122.2656 margin=-343163.8594 E_wtd=0.000000 MSE=0.051338 gradE=39712.9609 pred_norm=19.3839 pred_std=0.9721 pred_abs=0.7737 tgt_std=0.9998 tgt_abs=0.7977 cos=-0.0001 neg_dist=14.1349 lang_grad0=0.0000 lang_gradK=0.0000 lang_disp=0.0000 step=0.0000 sigma=0.0000
[CD-DIAG step=23700] E_pos=450946.2500 E_neg=106839.7812 margin=-344106.4688 E_wtd=0.000000 MSE=0.049624 gradE=39720.2695 pred_norm=19.3800 pred_std=0.9719 pred_abs=0.7737 tgt_std=1.0010 tgt_abs=0.7986 cos=0.0004 neg_dist=14.1486 lang_grad0=0.0000 lang_gradK=0.0000 lang_disp=0.0000 step=0.0000 sigma=0.0000
[CD-DIAG step=23800] E_pos=449010.4375 E_neg=102390.0156 margin=-346620.4219 E_wtd=0.000000 MSE=0.050348 gradE=39777.5117 pred_norm=19.4136 pred_std=0.9735 pred_abs=0.7749 tgt_std=1.0004 tgt_abs=0.7987 cos=0.0014 neg_dist=14.4082 lang_grad0=0.0000 lang_gradK=0.0000 lang_disp=0.0000 step=0.0000 sigma=0.0000
[CD-DIAG step=23900] E_pos=454777.6875 E_neg=105903.4531 margin=-348874.2344 E_wtd=0.000000 MSE=0.048109 gradE=39818.5664 pred_norm=19.4182 pred_std=0.9736 pred_abs=0.7750 tgt_std=1.0013 tgt_abs=0.7992 cos=0.0012 neg_dist=14.4342 lang_grad0=0.0000 lang_gradK=0.0000 lang_disp=0.0000 step=0.0000 sigma=0.0000
[CD-DIAG step=24000] E_pos=450654.2500 E_neg=100545.0625 margin=-350109.1875 E_wtd=0.000000 MSE=0.048924 gradE=39825.7227 pred_norm=19.4527 pred_std=0.9754 pred_abs=0.7763 tgt_std=0.9997 tgt_abs=0.7981 cos=0.0007 neg_dist=15.7811 lang_grad0=0.0000 lang_gradK=0.0000 lang_disp=0.0000 step=0.0000 sigma=0.0000
Running Evaluation...
Validation Result @ Iteration 24000; Milestone = 24 (Train)
---------  ----------
mse_error  0.00982158
---------  ----------
Validation Result @ Iteration 24000; Milestone = 24 (ID: Validation)
---  ----------
mse  0.00974885
---  ----------
[CD-DIAG step=24100] E_pos=449050.0625 E_neg=102959.6719 margin=-346090.3906 E_wtd=0.000000 MSE=0.049934 gradE=39776.8516 pred_norm=19.4189 pred_std=0.9738 pred_abs=0.7750 tgt_std=1.0000 tgt_abs=0.7980 cos=-0.0010 neg_dist=14.2561 lang_grad0=0.0000 lang_gradK=0.0000 lang_disp=0.0000 step=0.0000 sigma=0.0000
[CD-DIAG step=24200] E_pos=449382.9375 E_neg=107212.6875 margin=-342170.2500 E_wtd=0.000000 MSE=0.050246 gradE=39722.6562 pred_norm=19.3746 pred_std=0.9718 pred_abs=0.7732 tgt_std=1.0007 tgt_abs=0.7987 cos=0.0006 neg_dist=15.4472 lang_grad0=0.0000 lang_gradK=0.0000 lang_disp=0.0000 step=0.0000 sigma=0.0000
[CD-DIAG step=24300] E_pos=448730.2812 E_neg=102566.8906 margin=-346163.3906 E_wtd=0.000000 MSE=0.050184 gradE=39707.4531 pred_norm=19.4020 pred_std=0.9730 pred_abs=0.7741 tgt_std=0.9999 tgt_abs=0.7978 cos=-0.0005 neg_dist=14.3233 lang_grad0=0.0000 lang_gradK=0.0000 lang_disp=0.0000 step=0.0000 sigma=0.0000
[CD-DIAG step=24400] E_pos=445268.8125 E_neg=101710.1875 margin=-343558.6250 E_wtd=0.000000 MSE=0.051513 gradE=39695.6328 pred_norm=19.3851 pred_std=0.9722 pred_abs=0.7736 tgt_std=0.9994 tgt_abs=0.7971 cos=0.0003 neg_dist=14.2320 lang_grad0=0.0000 lang_gradK=0.0000 lang_disp=0.0000 step=0.0000 sigma=0.0000
[CD-DIAG step=24500] E_pos=453074.2500 E_neg=103102.4219 margin=-349971.8281 E_wtd=0.000000 MSE=0.049486 gradE=39739.4844 pred_norm=19.4100 pred_std=0.9734 pred_abs=0.7744 tgt_std=1.0006 tgt_abs=0.7985 cos=0.0009 neg_dist=14.5133 lang_grad0=0.0000 lang_gradK=0.0000 lang_disp=0.0000 step=0.0000 sigma=0.0000
[CD-DIAG step=24600] E_pos=448996.1250 E_neg=105637.1562 margin=-343358.9688 E_wtd=0.000000 MSE=0.050558 gradE=39701.7812 pred_norm=19.3702 pred_std=0.9714 pred_abs=0.7729 tgt_std=1.0009 tgt_abs=0.7989 cos=0.0016 neg_dist=15.4998 lang_grad0=0.0000 lang_gradK=0.0000 lang_disp=0.0000 step=0.0000 sigma=0.0000
[CD-DIAG step=24700] E_pos=445622.0625 E_neg=98986.5625 margin=-346635.5000 E_wtd=0.000000 MSE=0.050061 gradE=39712.5000 pred_norm=19.3950 pred_std=0.9727 pred_abs=0.7740 tgt_std=1.0004 tgt_abs=0.7981 cos=-0.0000 neg_dist=14.6434 lang_grad0=0.0000 lang_gradK=0.0000 lang_disp=0.0000 step=0.0000 sigma=0.0000
[CD-DIAG step=24800] E_pos=451644.1875 E_neg=104230.8906 margin=-347413.2969 E_wtd=0.000000 MSE=0.048059 gradE=39725.9062 pred_norm=19.3898 pred_std=0.9722 pred_abs=0.7738 tgt_std=0.9996 tgt_abs=0.7976 cos=-0.0029 neg_dist=14.3676 lang_grad0=0.0000 lang_gradK=0.0000 lang_disp=0.0000 step=0.0000 sigma=0.0000
[CD-DIAG step=24900] E_pos=448284.5000 E_neg=102051.4453 margin=-346233.0547 E_wtd=0.000000 MSE=0.050958 gradE=39717.9609 pred_norm=19.3825 pred_std=0.9720 pred_abs=0.7738 tgt_std=1.0006 tgt_abs=0.7986 cos=-0.0000 neg_dist=14.3479 lang_grad0=0.0000 lang_gradK=0.0000 lang_disp=0.0000 step=0.0000 sigma=0.0000
[CD-DIAG step=25000] E_pos=453261.8750 E_neg=103526.2734 margin=-349735.6016 E_wtd=0.000000 MSE=0.048777 gradE=39827.0352 pred_norm=19.4308 pred_std=0.9743 pred_abs=0.7758 tgt_std=1.0016 tgt_abs=0.7991 cos=0.0010 neg_dist=14.4408 lang_grad0=0.0000 lang_gradK=0.0000 lang_disp=0.0000 step=0.0000 sigma=0.0000
Running Evaluation...
Validation Result @ Iteration 25000; Milestone = 25 (Train)
---------  ----------
mse_error  0.00973062
---------  ----------
Validation Result @ Iteration 25000; Milestone = 25 (ID: Validation)
---  ----------
mse  0.00973714
---  ----------
[CD-DIAG step=25100] E_pos=443608.7188 E_neg=101953.6406 margin=-341655.0781 E_wtd=0.000000 MSE=0.051971 gradE=39582.9688 pred_norm=19.3366 pred_std=0.9698 pred_abs=0.7716 tgt_std=0.9983 tgt_abs=0.7964 cos=0.0001 neg_dist=14.1955 lang_grad0=0.0000 lang_gradK=0.0000 lang_disp=0.0000 step=0.0000 sigma=0.0000
[CD-DIAG step=25200] E_pos=451312.1250 E_neg=101702.3281 margin=-349609.7969 E_wtd=0.000000 MSE=0.049136 gradE=39772.2773 pred_norm=19.4119 pred_std=0.9734 pred_abs=0.7748 tgt_std=1.0005 tgt_abs=0.7981 cos=0.0009 neg_dist=14.5143 lang_grad0=0.0000 lang_gradK=0.0000 lang_disp=0.0000 step=0.0000 sigma=0.0000
[CD-DIAG step=25300] E_pos=444468.1875 E_neg=102176.9922 margin=-342291.1953 E_wtd=0.000000 MSE=0.052287 gradE=39639.7734 pred_norm=19.3462 pred_std=0.9704 pred_abs=0.7722 tgt_std=0.9998 tgt_abs=0.7980 cos=-0.0007 neg_dist=15.4688 lang_grad0=0.0000 lang_gradK=0.0000 lang_disp=0.0000 step=0.0000 sigma=0.0000
[CD-DIAG step=25400] E_pos=448903.8750 E_neg=100732.3438 margin=-348171.5312 E_wtd=0.000000 MSE=0.049368 gradE=39762.1094 pred_norm=19.4332 pred_std=0.9745 pred_abs=0.7757 tgt_std=0.9998 tgt_abs=0.7977 cos=-0.0001 neg_dist=14.5749 lang_grad0=0.0000 lang_gradK=0.0000 lang_disp=0.0000 step=0.0000 sigma=0.0000
[CD-DIAG step=25500] E_pos=453379.5625 E_neg=103368.4922 margin=-350011.0703 E_wtd=0.000000 MSE=0.047241 gradE=39827.2500 pred_norm=19.4497 pred_std=0.9752 pred_abs=0.7759 tgt_std=1.0004 tgt_abs=0.7978 cos=0.0001 neg_dist=14.4565 lang_grad0=0.0000 lang_gradK=0.0000 lang_disp=0.0000 step=0.0000 sigma=0.0000
[CD-DIAG step=25600] E_pos=454207.4688 E_neg=102018.5703 margin=-352188.8984 E_wtd=0.000000 MSE=0.045690 gradE=39912.2812 pred_norm=19.4875 pred_std=0.9769 pred_abs=0.7775 tgt_std=1.0001 tgt_abs=0.7979 cos=0.0017 neg_dist=14.5913 lang_grad0=0.0000 lang_gradK=0.0000 lang_disp=0.0000 step=0.0000 sigma=0.0000
[CD-DIAG step=25700] E_pos=452739.6562 E_neg=101955.1406 margin=-350784.5156 E_wtd=0.000000 MSE=0.047610 gradE=39810.9102 pred_norm=19.4511 pred_std=0.9751 pred_abs=0.7762 tgt_std=0.9993 tgt_abs=0.7976 cos=-0.0002 neg_dist=15.8081 lang_grad0=0.0000 lang_gradK=0.0000 lang_disp=0.0000 step=0.0000 sigma=0.0000
[CD-DIAG step=25800] E_pos=455283.6250 E_neg=103236.0000 margin=-352047.6250 E_wtd=0.000000 MSE=0.050174 gradE=39752.1445 pred_norm=19.3993 pred_std=0.9729 pred_abs=0.7743 tgt_std=1.0012 tgt_abs=0.7992 cos=0.0011 neg_dist=14.6120 lang_grad0=0.0000 lang_gradK=0.0000 lang_disp=0.0000 step=0.0000 sigma=0.0000
[CD-DIAG step=25900] E_pos=452281.8125 E_neg=103042.6250 margin=-349239.1875 E_wtd=0.000000 MSE=0.049104 gradE=39790.7812 pred_norm=19.4288 pred_std=0.9743 pred_abs=0.7756 tgt_std=1.0008 tgt_abs=0.7982 cos=0.0009 neg_dist=14.8146 lang_grad0=0.0000 lang_gradK=0.0000 lang_disp=0.0000 step=0.0000 sigma=0.0000
[CD-DIAG step=26000] E_pos=447809.3125 E_neg=101358.2812 margin=-346451.0312 E_wtd=0.000000 MSE=0.048996 gradE=39749.1523 pred_norm=19.4108 pred_std=0.9734 pred_abs=0.7748 tgt_std=0.9999 tgt_abs=0.7979 cos=-0.0001 neg_dist=15.5934 lang_grad0=0.0000 lang_gradK=0.0000 lang_disp=0.0000 step=0.0000 sigma=0.0000
Running Evaluation...
Validation Result @ Iteration 26000; Milestone = 26 (Train)
---------  ----------
mse_error  0.00971942
---------  ----------
Validation Result @ Iteration 26000; Milestone = 26 (ID: Validation)
---  ----------
mse  0.00974692
---  ----------
[CD-DIAG step=26100] E_pos=447836.9375 E_neg=106084.6250 margin=-341752.3125 E_wtd=0.000000 MSE=0.049395 gradE=39724.9922 pred_norm=19.4339 pred_std=0.9744 pred_abs=0.7757 tgt_std=0.9990 tgt_abs=0.7972 cos=0.0005 neg_dist=15.4345 lang_grad0=0.0000 lang_gradK=0.0000 lang_disp=0.0000 step=0.0000 sigma=0.0000
[CD-DIAG step=26200] E_pos=448689.6250 E_neg=103267.9062 margin=-345421.7188 E_wtd=0.000000 MSE=0.049498 gradE=39753.3281 pred_norm=19.4199 pred_std=0.9737 pred_abs=0.7755 tgt_std=1.0000 tgt_abs=0.7980 cos=0.0001 neg_dist=14.2245 lang_grad0=0.0000 lang_gradK=0.0000 lang_disp=0.0000 step=0.0000 sigma=0.0000
[CD-DIAG step=26300] E_pos=449283.8750 E_neg=103722.1953 margin=-345561.6797 E_wtd=0.000000 MSE=0.049702 gradE=39698.5547 pred_norm=19.3959 pred_std=0.9728 pred_abs=0.7741 tgt_std=0.9996 tgt_abs=0.7976 cos=-0.0010 neg_dist=15.5517 lang_grad0=0.0000 lang_gradK=0.0000 lang_disp=0.0000 step=0.0000 sigma=0.0000
[CD-DIAG step=26400] E_pos=454771.0938 E_neg=100539.9531 margin=-354231.1406 E_wtd=0.000000 MSE=0.046038 gradE=39863.3867 pred_norm=19.4595 pred_std=0.9755 pred_abs=0.7765 tgt_std=1.0004 tgt_abs=0.7981 cos=-0.0004 neg_dist=15.0021 lang_grad0=0.0000 lang_gradK=0.0000 lang_disp=0.0000 step=0.0000 sigma=0.0000
[CD-DIAG step=26500] E_pos=444800.0312 E_neg=108930.0000 margin=-335870.0312 E_wtd=0.000000 MSE=0.053012 gradE=39563.7578 pred_norm=19.3008 pred_std=0.9682 pred_abs=0.7704 tgt_std=1.0005 tgt_abs=0.7983 cos=-0.0007 neg_dist=15.2565 lang_grad0=0.0000 lang_gradK=0.0000 lang_disp=0.0000 step=0.0000 sigma=0.0000
[CD-DIAG step=26600] E_pos=448621.9375 E_neg=103162.5156 margin=-345459.4219 E_wtd=0.000000 MSE=0.050120 gradE=39738.6367 pred_norm=19.4081 pred_std=0.9733 pred_abs=0.7741 tgt_std=0.9992 tgt_abs=0.7975 cos=0.0020 neg_dist=14.3363 lang_grad0=0.0000 lang_gradK=0.0000 lang_disp=0.0000 step=0.0000 sigma=0.0000
[CD-DIAG step=26700] E_pos=443629.5938 E_neg=99499.6172 margin=-344129.9766 E_wtd=0.000000 MSE=0.050000 gradE=39724.9805 pred_norm=19.4137 pred_std=0.9734 pred_abs=0.7752 tgt_std=0.9990 tgt_abs=0.7972 cos=0.0002 neg_dist=14.5696 lang_grad0=0.0000 lang_gradK=0.0000 lang_disp=0.0000 step=0.0000 sigma=0.0000
[CD-DIAG step=26800] E_pos=448689.1250 E_neg=101433.5078 margin=-347255.6172 E_wtd=0.000000 MSE=0.050459 gradE=39684.1094 pred_norm=19.3820 pred_std=0.9720 pred_abs=0.7735 tgt_std=0.9998 tgt_abs=0.7977 cos=-0.0008 neg_dist=14.4064 lang_grad0=0.0000 lang_gradK=0.0000 lang_disp=0.0000 step=0.0000 sigma=0.0000
[CD-DIAG step=26900] E_pos=444357.5312 E_neg=101862.1562 margin=-342495.3750 E_wtd=0.000000 MSE=0.052018 gradE=39641.1562 pred_norm=19.3620 pred_std=0.9711 pred_abs=0.7730 tgt_std=0.9999 tgt_abs=0.7978 cos=-0.0003 neg_dist=14.5021 lang_grad0=0.0000 lang_gradK=0.0000 lang_disp=0.0000 step=0.0000 sigma=0.0000
[CD-DIAG step=27000] E_pos=450190.2500 E_neg=103045.7656 margin=-347144.4844 E_wtd=0.000000 MSE=0.049248 gradE=39747.8086 pred_norm=19.4024 pred_std=0.9729 pred_abs=0.7744 tgt_std=1.0003 tgt_abs=0.7982 cos=0.0002 neg_dist=15.5714 lang_grad0=0.0000 lang_gradK=0.0000 lang_disp=0.0000 step=0.0000 sigma=0.0000
Running Evaluation...
Validation Result @ Iteration 27000; Milestone = 27 (Train)
---------  ----------
mse_error  0.00972925
---------  ----------
Validation Result @ Iteration 27000; Milestone = 27 (ID: Validation)
---  ----------
mse  0.00975517
---  ----------
[CD-DIAG step=27100] E_pos=452424.5312 E_neg=103286.7031 margin=-349137.8281 E_wtd=0.000000 MSE=0.047848 gradE=39800.1094 pred_norm=19.4430 pred_std=0.9747 pred_abs=0.7758 tgt_std=1.0003 tgt_abs=0.7984 cos=-0.0016 neg_dist=14.3866 lang_grad0=0.0000 lang_gradK=0.0000 lang_disp=0.0000 step=0.0000 sigma=0.0000
[CD-DIAG step=27200] E_pos=445192.4375 E_neg=102105.8281 margin=-343086.6094 E_wtd=0.000000 MSE=0.049921 gradE=39737.3828 pred_norm=19.4211 pred_std=0.9738 pred_abs=0.7753 tgt_std=0.9988 tgt_abs=0.7969 cos=0.0006 neg_dist=14.2562 lang_grad0=0.0000 lang_gradK=0.0000 lang_disp=0.0000 step=0.0000 sigma=0.0000
[CD-DIAG step=27300] E_pos=453540.8750 E_neg=102947.3594 margin=-350593.5156 E_wtd=0.000000 MSE=0.049473 gradE=39669.0859 pred_norm=19.3733 pred_std=0.9716 pred_abs=0.7736 tgt_std=1.0008 tgt_abs=0.7985 cos=-0.0001 neg_dist=14.4712 lang_grad0=0.0000 lang_gradK=0.0000 lang_disp=0.0000 step=0.0000 sigma=0.0000
[CD-DIAG step=27400] E_pos=448375.3750 E_neg=102882.2500 margin=-345493.1250 E_wtd=0.000000 MSE=0.050232 gradE=39759.8516 pred_norm=19.3665 pred_std=0.9711 pred_abs=0.7727 tgt_std=1.0008 tgt_abs=0.7983 cos=-0.0001 neg_dist=14.2515 lang_grad0=0.0000 lang_gradK=0.0000 lang_disp=0.0000 step=0.0000 sigma=0.0000
[CD-DIAG step=27500] E_pos=451516.2500 E_neg=101013.7969 margin=-350502.4531 E_wtd=0.000000 MSE=0.046957 gradE=39870.3906 pred_norm=19.4716 pred_std=0.9760 pred_abs=0.7771 tgt_std=0.9996 tgt_abs=0.7975 cos=-0.0010 neg_dist=14.5417 lang_grad0=0.0000 lang_gradK=0.0000 lang_disp=0.0000 step=0.0000 sigma=0.0000
[CD-DIAG step=27600] E_pos=448338.7500 E_neg=101876.8281 margin=-346461.9219 E_wtd=0.000000 MSE=0.050870 gradE=39699.8125 pred_norm=19.4033 pred_std=0.9731 pred_abs=0.7744 tgt_std=0.9991 tgt_abs=0.7969 cos=0.0013 neg_dist=15.6112 lang_grad0=0.0000 lang_gradK=0.0000 lang_disp=0.0000 step=0.0000 sigma=0.0000
[CD-DIAG step=27700] E_pos=447642.5000 E_neg=104935.0312 margin=-342707.4688 E_wtd=0.000000 MSE=0.051690 gradE=39636.6719 pred_norm=19.3554 pred_std=0.9708 pred_abs=0.7727 tgt_std=1.0000 tgt_abs=0.7980 cos=-0.0013 neg_dist=14.2659 lang_grad0=0.0000 lang_gradK=0.0000 lang_disp=0.0000 step=0.0000 sigma=0.0000
[CD-DIAG step=27800] E_pos=446411.3750 E_neg=104221.2734 margin=-342190.1016 E_wtd=0.000000 MSE=0.051417 gradE=39626.7188 pred_norm=19.3672 pred_std=0.9714 pred_abs=0.7728 tgt_std=0.9999 tgt_abs=0.7976 cos=-0.0007 neg_dist=14.1837 lang_grad0=0.0000 lang_gradK=0.0000 lang_disp=0.0000 step=0.0000 sigma=0.0000
[CD-DIAG step=27900] E_pos=448894.4375 E_neg=105034.5312 margin=-343859.9062 E_wtd=0.000000 MSE=0.052202 gradE=39598.1953 pred_norm=19.3292 pred_std=0.9696 pred_abs=0.7716 tgt_std=0.9998 tgt_abs=0.7978 cos=-0.0006 neg_dist=15.5209 lang_grad0=0.0000 lang_gradK=0.0000 lang_disp=0.0000 step=0.0000 sigma=0.0000
[CD-DIAG step=28000] E_pos=449770.0938 E_neg=102651.8594 margin=-347118.2344 E_wtd=0.000000 MSE=0.050904 gradE=39782.6094 pred_norm=19.4060 pred_std=0.9732 pred_abs=0.7745 tgt_std=1.0007 tgt_abs=0.7990 cos=-0.0021 neg_dist=14.4300 lang_grad0=0.0000 lang_gradK=0.0000 lang_disp=0.0000 step=0.0000 sigma=0.0000
Running Evaluation...
Validation Result @ Iteration 28000; Milestone = 28 (Train)
---------  ----------
mse_error  0.00973449
---------  ----------
Validation Result @ Iteration 28000; Milestone = 28 (ID: Validation)
---  ----------
mse  0.00971885
---  ----------
[CD-DIAG step=28100] E_pos=446989.4062 E_neg=104130.3438 margin=-342859.0625 E_wtd=0.000000 MSE=0.050592 gradE=39697.2383 pred_norm=19.4020 pred_std=0.9729 pred_abs=0.7743 tgt_std=0.9999 tgt_abs=0.7974 cos=0.0018 neg_dist=14.2534 lang_grad0=0.0000 lang_gradK=0.0000 lang_disp=0.0000 step=0.0000 sigma=0.0000
[CD-DIAG step=28200] E_pos=449793.5625 E_neg=102597.3672 margin=-347196.1953 E_wtd=0.000000 MSE=0.049052 gradE=39732.6328 pred_norm=19.3869 pred_std=0.9722 pred_abs=0.7740 tgt_std=0.9998 tgt_abs=0.7974 cos=-0.0004 neg_dist=14.2905 lang_grad0=0.0000 lang_gradK=0.0000 lang_disp=0.0000 step=0.0000 sigma=0.0000
[CD-DIAG step=28300] E_pos=450576.2500 E_neg=103346.3906 margin=-347229.8594 E_wtd=0.000000 MSE=0.049010 gradE=39727.1992 pred_norm=19.4038 pred_std=0.9729 pred_abs=0.7743 tgt_std=0.9996 tgt_abs=0.7975 cos=-0.0010 neg_dist=14.4063 lang_grad0=0.0000 lang_gradK=0.0000 lang_disp=0.0000 step=0.0000 sigma=0.0000
[CD-DIAG step=28400] E_pos=447332.0938 E_neg=107522.1172 margin=-339809.9766 E_wtd=0.000000 MSE=0.049504 gradE=39633.8516 pred_norm=19.3688 pred_std=0.9713 pred_abs=0.7727 tgt_std=0.9990 tgt_abs=0.7972 cos=0.0010 neg_dist=15.3854 lang_grad0=0.0000 lang_gradK=0.0000 lang_disp=0.0000 step=0.0000 sigma=0.0000
[CD-DIAG step=28500] E_pos=451016.8750 E_neg=101619.0078 margin=-349397.8672 E_wtd=0.000000 MSE=0.048781 gradE=39832.2695 pred_norm=19.4673 pred_std=0.9761 pred_abs=0.7771 tgt_std=0.9999 tgt_abs=0.7974 cos=0.0009 neg_dist=14.8943 lang_grad0=0.0000 lang_gradK=0.0000 lang_disp=0.0000 step=0.0000 sigma=0.0000
