Job started at Thu Feb 19 03:45:00 EST 2026
Running on host: holygpu8a22204.rc.fas.harvard.edu
Job ID: 61137913
Git URL: https://github.com/mdkrasnow/research-repo.git
Git SHA: b4dc8f44962e76570545f4e364fcfc7d212b8094
Work directory: /tmp/ired-job-61137913
GPU info:
Thu Feb 19 03:45:01 2026       
+-----------------------------------------------------------------------------------------+
| NVIDIA-SMI 575.57.08              Driver Version: 575.57.08      CUDA Version: 12.9     |
|-----------------------------------------+------------------------+----------------------+
| GPU  Name                 Persistence-M | Bus-Id          Disp.A | Volatile Uncorr. ECC |
| Fan  Temp   Perf          Pwr:Usage/Cap |           Memory-Usage | GPU-Util  Compute M. |
|                                         |                        |               MIG M. |
|=========================================+========================+======================|
|   0  NVIDIA A100-SXM4-80GB          On  |   00000000:E3:00.0 Off |                    0 |
| N/A   27C    P0             58W /  500W |       0MiB /  81920MiB |      0%      Default |
|                                         |                        |             Disabled |
+-----------------------------------------+------------------------+----------------------+
                                                                                         
+-----------------------------------------------------------------------------------------+
| Processes:                                                                              |
|  GPU   GI   CI              PID   Type   Process name                        GPU Memory |
|        ID   ID                                                               Usage      |
|=========================================================================================|
|  No running processes found                                                             |
+-----------------------------------------------------------------------------------------+
Cloning repository...
Repository cloned and checked out to: b4dc8f4
Repository info:
b4dc8f4 Fix critical broadcasting bug in IRED-CD energy loss
Starting IRED-CD Stage 2 (CD loss + Langevin + Replay buffer)...
Loading configuration from: projects/ired/configs/q203_cd_replay.json
Configuration saved to: results/ds_inverse/q203_cd_replay/experiment_config.json
Setting random seed: 5
Starting experiment with mining strategy: cd_langevin_replay
Configuration: {
  "experiment_name": "q203_cd_replay",
  "description": "IRED-CD Investigation - Stage 2: CD loss + Langevin + Replay buffer",
  "investigation": "ired-cd",
  "ablation_stage": "cd_replay",
  "mining_strategy": "cd_langevin_replay",
  "rank": 20,
  "ood": false,
  "diffusion_steps": 10,
  "batch_size": 2048,
  "train_steps": 100000,
  "learning_rate": 0.0001,
  "mining_opt_steps": 10,
  "energy_reg_weight": 0.1,
  "mining_noise_scale": 1.5,
  "langevin_sigma_multiplier": 1.0,
  "langevin_grad_clip": 0.01,
  "use_langevin": true,
  "use_replay_buffer": true,
  "replay_buffer_size": 10000,
  "replay_buffer_buckets": 16,
  "replay_sample_prob": 0.95,
  "use_cd_loss": true,
  "use_residual_filter": false,
  "use_energy_schedule": false,
  "energy_loss_weight": 0.05,
  "adam_betas": [
    0.0,
    0.999
  ],
  "output_dir": "results/ds_inverse/q203_cd_replay",
  "notes": "Ablation 2: Add timestep-bucketed replay buffer (16 buckets). Stores negatives in x\u209c space. p_replay=0.95. Maintains persistent chains for better mixing.",
  "seed": 5
}
Dataset: Inverse matrices (20x20)
Input dimension: 400, Output dimension: 400
Trainer initialized. Output directory: results/ds_inverse/q203_cd_replay
Training for 100000 steps...
Running Evaluation...
Validation Result @ Iteration 1000; Milestone = 1 (Train)
---------  -------
mse_error  3.83336
---------  -------
Validation Result @ Iteration 1000; Milestone = 1 (ID: Validation)
---  -------
mse  3.50722
---  -------
Running Evaluation...
Validation Result @ Iteration 2000; Milestone = 2 (Train)
---------  -------
mse_error  3.81377
---------  -------
Validation Result @ Iteration 2000; Milestone = 2 (ID: Validation)
---  -------
mse  3.37027
---  -------
Running Evaluation...
Validation Result @ Iteration 3000; Milestone = 3 (Train)
---------  -------
mse_error  3.80315
---------  -------
Validation Result @ Iteration 3000; Milestone = 3 (ID: Validation)
---  -------
mse  3.30119
---  -------
Running Evaluation...
Validation Result @ Iteration 4000; Milestone = 4 (Train)
---------  -------
mse_error  3.80014
---------  -------
Validation Result @ Iteration 4000; Milestone = 4 (ID: Validation)
---  -------
mse  3.28191
---  -------
Running Evaluation...
Validation Result @ Iteration 5000; Milestone = 5 (Train)
---------  -------
mse_error  3.80255
---------  -------
Validation Result @ Iteration 5000; Milestone = 5 (ID: Validation)
---  -------
mse  3.29089
---  -------
Running Evaluation...
Validation Result @ Iteration 6000; Milestone = 6 (Train)
---------  -------
mse_error  3.80624
---------  -------
Validation Result @ Iteration 6000; Milestone = 6 (ID: Validation)
---  -------
mse  3.31127
---  -------
Running Evaluation...
Validation Result @ Iteration 7000; Milestone = 7 (Train)
---------  -------
mse_error  3.81012
---------  -------
Validation Result @ Iteration 7000; Milestone = 7 (ID: Validation)
---  -------
mse  3.32616
---  -------
Running Evaluation...
Validation Result @ Iteration 8000; Milestone = 8 (Train)
---------  -------
mse_error  3.81069
---------  -------
Validation Result @ Iteration 8000; Milestone = 8 (ID: Validation)
---  -------
mse  3.34571
---  -------
Running Evaluation...
Validation Result @ Iteration 9000; Milestone = 9 (Train)
---------  -------
mse_error  3.81343
---------  -------
Validation Result @ Iteration 9000; Milestone = 9 (ID: Validation)
---  ------
mse  3.3549
---  ------
Running Evaluation...
Validation Result @ Iteration 10000; Milestone = 10 (Train)
---------  -------
mse_error  3.81592
---------  -------
Validation Result @ Iteration 10000; Milestone = 10 (ID: Validation)
---  -------
mse  3.36813
---  -------
Running Evaluation...
Validation Result @ Iteration 11000; Milestone = 11 (Train)
---------  -------
mse_error  3.81746
---------  -------
Validation Result @ Iteration 11000; Milestone = 11 (ID: Validation)
---  -------
mse  3.37551
---  -------
Running Evaluation...
Validation Result @ Iteration 12000; Milestone = 12 (Train)
---------  -------
mse_error  3.81834
---------  -------
Validation Result @ Iteration 12000; Milestone = 12 (ID: Validation)
---  -------
mse  3.38296
---  -------
Running Evaluation...
Validation Result @ Iteration 13000; Milestone = 13 (Train)
---------  -------
mse_error  3.81807
---------  -------
Validation Result @ Iteration 13000; Milestone = 13 (ID: Validation)
---  -------
mse  3.38697
---  -------
Running Evaluation...
Validation Result @ Iteration 14000; Milestone = 14 (Train)
---------  -------
mse_error  3.81922
---------  -------
Validation Result @ Iteration 14000; Milestone = 14 (ID: Validation)
---  -------
mse  3.39126
---  -------
Running Evaluation...
Validation Result @ Iteration 15000; Milestone = 15 (Train)
---------  -------
mse_error  3.81991
---------  -------
Validation Result @ Iteration 15000; Milestone = 15 (ID: Validation)
---  -------
mse  3.39705
---  -------
Running Evaluation...
Validation Result @ Iteration 16000; Milestone = 16 (Train)
---------  -------
mse_error  3.82147
---------  -------
Validation Result @ Iteration 16000; Milestone = 16 (ID: Validation)
---  -------
mse  3.40266
---  -------
Running Evaluation...
Validation Result @ Iteration 17000; Milestone = 17 (Train)
---------  -------
mse_error  3.82321
---------  -------
Validation Result @ Iteration 17000; Milestone = 17 (ID: Validation)
---  -------
mse  3.40782
---  -------
Running Evaluation...
Validation Result @ Iteration 18000; Milestone = 18 (Train)
---------  -------
mse_error  3.82285
---------  -------
Validation Result @ Iteration 18000; Milestone = 18 (ID: Validation)
---  -------
mse  3.41183
---  -------
Running Evaluation...
Validation Result @ Iteration 19000; Milestone = 19 (Train)
---------  -------
mse_error  3.82359
---------  -------
Validation Result @ Iteration 19000; Milestone = 19 (ID: Validation)
---  -------
mse  3.41642
---  -------
Running Evaluation...
Validation Result @ Iteration 20000; Milestone = 20 (Train)
---------  -------
mse_error  3.82322
---------  -------
Validation Result @ Iteration 20000; Milestone = 20 (ID: Validation)
---  -------
mse  3.41905
---  -------
Running Evaluation...
Validation Result @ Iteration 21000; Milestone = 21 (Train)
---------  ------
mse_error  3.8246
---------  ------
Validation Result @ Iteration 21000; Milestone = 21 (ID: Validation)
---  -------
mse  3.42284
---  -------
Running Evaluation...
Validation Result @ Iteration 22000; Milestone = 22 (Train)
---------  -------
mse_error  3.82612
---------  -------
Validation Result @ Iteration 22000; Milestone = 22 (ID: Validation)
---  -------
mse  3.42623
---  -------
Running Evaluation...
Validation Result @ Iteration 23000; Milestone = 23 (Train)
---------  -------
mse_error  3.82567
---------  -------
Validation Result @ Iteration 23000; Milestone = 23 (ID: Validation)
---  -------
mse  3.42909
---  -------
Running Evaluation...
Validation Result @ Iteration 24000; Milestone = 24 (Train)
---------  -------
mse_error  3.82424
---------  -------
Validation Result @ Iteration 24000; Milestone = 24 (ID: Validation)
---  -------
mse  3.42962
---  -------
Running Evaluation...
Validation Result @ Iteration 25000; Milestone = 25 (Train)
---------  -------
mse_error  3.82565
---------  -------
Validation Result @ Iteration 25000; Milestone = 25 (ID: Validation)
---  -------
mse  3.43011
---  -------
Running Evaluation...
Validation Result @ Iteration 26000; Milestone = 26 (Train)
---------  -------
mse_error  3.82494
---------  -------
Validation Result @ Iteration 26000; Milestone = 26 (ID: Validation)
---  -------
mse  3.43164
---  -------
Running Evaluation...
Validation Result @ Iteration 27000; Milestone = 27 (Train)
---------  -------
mse_error  3.82594
---------  -------
Validation Result @ Iteration 27000; Milestone = 27 (ID: Validation)
---  -------
mse  3.43157
---  -------
Running Evaluation...
Validation Result @ Iteration 28000; Milestone = 28 (Train)
---------  -----
mse_error  3.826
---------  -----
Validation Result @ Iteration 28000; Milestone = 28 (ID: Validation)
---  -------
mse  3.43314
---  -------
Running Evaluation...
Validation Result @ Iteration 29000; Milestone = 29 (Train)
---------  -------
mse_error  3.82448
---------  -------
Validation Result @ Iteration 29000; Milestone = 29 (ID: Validation)
---  -------
mse  3.43324
---  -------
Running Evaluation...
Validation Result @ Iteration 30000; Milestone = 30 (Train)
---------  -------
mse_error  3.82624
---------  -------
Validation Result @ Iteration 30000; Milestone = 30 (ID: Validation)
---  -------
mse  3.43302
---  -------
Running Evaluation...
Validation Result @ Iteration 31000; Milestone = 31 (Train)
---------  -------
mse_error  3.82513
---------  -------
Validation Result @ Iteration 31000; Milestone = 31 (ID: Validation)
---  -------
mse  3.43273
---  -------
Running Evaluation...
Validation Result @ Iteration 32000; Milestone = 32 (Train)
---------  ------
mse_error  3.8257
---------  ------
Validation Result @ Iteration 32000; Milestone = 32 (ID: Validation)
---  -------
mse  3.43274
---  -------
Running Evaluation...
Validation Result @ Iteration 33000; Milestone = 33 (Train)
---------  -------
mse_error  3.82551
---------  -------
Validation Result @ Iteration 33000; Milestone = 33 (ID: Validation)
---  -------
mse  3.43421
---  -------
Running Evaluation...
Validation Result @ Iteration 34000; Milestone = 34 (Train)
---------  -------
mse_error  3.82547
---------  -------
Validation Result @ Iteration 34000; Milestone = 34 (ID: Validation)
---  -------
mse  3.43348
---  -------
Running Evaluation...
Validation Result @ Iteration 35000; Milestone = 35 (Train)
---------  -------
mse_error  3.82618
---------  -------
Validation Result @ Iteration 35000; Milestone = 35 (ID: Validation)
---  -------
mse  3.43386
---  -------
Running Evaluation...
Validation Result @ Iteration 36000; Milestone = 36 (Train)
---------  -------
mse_error  3.82497
---------  -------
Validation Result @ Iteration 36000; Milestone = 36 (ID: Validation)
---  -------
mse  3.43296
---  -------
Running Evaluation...
Validation Result @ Iteration 37000; Milestone = 37 (Train)
---------  -------
mse_error  3.82648
---------  -------
Validation Result @ Iteration 37000; Milestone = 37 (ID: Validation)
---  -------
mse  3.43476
---  -------
Running Evaluation...
Validation Result @ Iteration 38000; Milestone = 38 (Train)
---------  -------
mse_error  3.82674
---------  -------
Validation Result @ Iteration 38000; Milestone = 38 (ID: Validation)
---  -------
mse  3.43335
---  -------
Running Evaluation...
Validation Result @ Iteration 39000; Milestone = 39 (Train)
---------  -------
mse_error  3.82566
---------  -------
Validation Result @ Iteration 39000; Milestone = 39 (ID: Validation)
---  -------
mse  3.43522
---  -------
Running Evaluation...
Validation Result @ Iteration 40000; Milestone = 40 (Train)
---------  ------
mse_error  3.8257
---------  ------
Validation Result @ Iteration 40000; Milestone = 40 (ID: Validation)
---  -------
mse  3.43349
---  -------
Running Evaluation...
Validation Result @ Iteration 41000; Milestone = 41 (Train)
---------  -------
mse_error  3.82663
---------  -------
Validation Result @ Iteration 41000; Milestone = 41 (ID: Validation)
---  -------
mse  3.43318
---  -------
Running Evaluation...
Validation Result @ Iteration 42000; Milestone = 42 (Train)
---------  -------
mse_error  3.82549
---------  -------
Validation Result @ Iteration 42000; Milestone = 42 (ID: Validation)
---  -------
mse  3.43509
---  -------
Running Evaluation...
Validation Result @ Iteration 43000; Milestone = 43 (Train)
---------  -------
mse_error  3.82579
---------  -------
Validation Result @ Iteration 43000; Milestone = 43 (ID: Validation)
---  ------
mse  3.4322
---  ------
Running Evaluation...
Validation Result @ Iteration 44000; Milestone = 44 (Train)
---------  -------
mse_error  3.82593
---------  -------
Validation Result @ Iteration 44000; Milestone = 44 (ID: Validation)
---  -------
mse  3.43437
---  -------
Running Evaluation...
Validation Result @ Iteration 45000; Milestone = 45 (Train)
---------  -------
mse_error  3.82522
---------  -------
Validation Result @ Iteration 45000; Milestone = 45 (ID: Validation)
---  -------
mse  3.43343
---  -------
Running Evaluation...
Validation Result @ Iteration 46000; Milestone = 46 (Train)
---------  -------
mse_error  3.82509
---------  -------
Validation Result @ Iteration 46000; Milestone = 46 (ID: Validation)
---  -------
mse  3.43386
---  -------
Running Evaluation...
Validation Result @ Iteration 47000; Milestone = 47 (Train)
---------  -------
mse_error  3.82641
---------  -------
Validation Result @ Iteration 47000; Milestone = 47 (ID: Validation)
---  -------
mse  3.43344
---  -------
Running Evaluation...
Validation Result @ Iteration 48000; Milestone = 48 (Train)
---------  -------
mse_error  3.82499
---------  -------
Validation Result @ Iteration 48000; Milestone = 48 (ID: Validation)
---  -------
mse  3.43344
---  -------
Running Evaluation...
Validation Result @ Iteration 49000; Milestone = 49 (Train)
---------  -------
mse_error  3.82635
---------  -------
Validation Result @ Iteration 49000; Milestone = 49 (ID: Validation)
---  -----
mse  3.435
---  -----
Running Evaluation...
Validation Result @ Iteration 50000; Milestone = 50 (Train)
---------  -------
mse_error  3.82558
---------  -------
Validation Result @ Iteration 50000; Milestone = 50 (ID: Validation)
---  -------
mse  3.43441
---  -------
Running Evaluation...
Validation Result @ Iteration 51000; Milestone = 51 (Train)
---------  -------
mse_error  3.82556
---------  -------
Validation Result @ Iteration 51000; Milestone = 51 (ID: Validation)
---  -------
mse  3.43289
---  -------
Running Evaluation...
Validation Result @ Iteration 52000; Milestone = 52 (Train)
---------  -------
mse_error  3.82548
---------  -------
Validation Result @ Iteration 52000; Milestone = 52 (ID: Validation)
---  -------
mse  3.43414
---  -------
Running Evaluation...
Validation Result @ Iteration 53000; Milestone = 53 (Train)
---------  -------
mse_error  3.82576
---------  -------
Validation Result @ Iteration 53000; Milestone = 53 (ID: Validation)
---  -------
mse  3.43423
---  -------
Running Evaluation...
Validation Result @ Iteration 54000; Milestone = 54 (Train)
---------  -------
mse_error  3.82536
---------  -------
Validation Result @ Iteration 54000; Milestone = 54 (ID: Validation)
---  -------
mse  3.43418
---  -------
Running Evaluation...
Validation Result @ Iteration 55000; Milestone = 55 (Train)
---------  -------
mse_error  3.82703
---------  -------
Validation Result @ Iteration 55000; Milestone = 55 (ID: Validation)
---  ------
mse  3.4335
---  ------
Running Evaluation...
Validation Result @ Iteration 56000; Milestone = 56 (Train)
---------  -------
mse_error  3.82639
---------  -------
Validation Result @ Iteration 56000; Milestone = 56 (ID: Validation)
---  ------
mse  3.4341
---  ------
Running Evaluation...
Validation Result @ Iteration 57000; Milestone = 57 (Train)
---------  -------
mse_error  3.82652
---------  -------
Validation Result @ Iteration 57000; Milestone = 57 (ID: Validation)
---  -------
mse  3.43409
---  -------
Running Evaluation...
Validation Result @ Iteration 58000; Milestone = 58 (Train)
---------  -------
mse_error  3.82586
---------  -------
Validation Result @ Iteration 58000; Milestone = 58 (ID: Validation)
---  -------
mse  3.43363
---  -------
Running Evaluation...
Validation Result @ Iteration 59000; Milestone = 59 (Train)
---------  -------
mse_error  3.82536
---------  -------
Validation Result @ Iteration 59000; Milestone = 59 (ID: Validation)
---  -------
mse  3.43379
---  -------
Running Evaluation...
Validation Result @ Iteration 60000; Milestone = 60 (Train)
---------  -------
mse_error  3.82655
---------  -------
Validation Result @ Iteration 60000; Milestone = 60 (ID: Validation)
---  -------
mse  3.43481
---  -------
Running Evaluation...
Validation Result @ Iteration 61000; Milestone = 61 (Train)
---------  ------
mse_error  3.8262
---------  ------
Validation Result @ Iteration 61000; Milestone = 61 (ID: Validation)
---  -------
mse  3.43419
---  -------
Running Evaluation...
Validation Result @ Iteration 62000; Milestone = 62 (Train)
---------  -------
mse_error  3.82554
---------  -------
Validation Result @ Iteration 62000; Milestone = 62 (ID: Validation)
---  -------
mse  3.43302
---  -------
Running Evaluation...
Validation Result @ Iteration 63000; Milestone = 63 (Train)
---------  ------
mse_error  3.8255
---------  ------
Validation Result @ Iteration 63000; Milestone = 63 (ID: Validation)
---  ------
mse  3.4348
---  ------
Running Evaluation...
Validation Result @ Iteration 64000; Milestone = 64 (Train)
---------  -------
mse_error  3.82688
---------  -------
Validation Result @ Iteration 64000; Milestone = 64 (ID: Validation)
---  -------
mse  3.43441
---  -------
Running Evaluation...
Validation Result @ Iteration 65000; Milestone = 65 (Train)
---------  -------
mse_error  3.82514
---------  -------
Validation Result @ Iteration 65000; Milestone = 65 (ID: Validation)
---  -------
mse  3.43411
---  -------
Running Evaluation...
Validation Result @ Iteration 66000; Milestone = 66 (Train)
---------  ------
mse_error  3.8252
---------  ------
Validation Result @ Iteration 66000; Milestone = 66 (ID: Validation)
---  -------
mse  3.43349
---  -------
Running Evaluation...
Validation Result @ Iteration 67000; Milestone = 67 (Train)
---------  -------
mse_error  3.82757
---------  -------
Validation Result @ Iteration 67000; Milestone = 67 (ID: Validation)
---  -------
mse  3.43397
---  -------
Running Evaluation...
Validation Result @ Iteration 68000; Milestone = 68 (Train)
---------  -------
mse_error  3.82653
---------  -------
Validation Result @ Iteration 68000; Milestone = 68 (ID: Validation)
---  -------
mse  3.43305
---  -------
Running Evaluation...
Validation Result @ Iteration 69000; Milestone = 69 (Train)
---------  -------
mse_error  3.82491
---------  -------
Validation Result @ Iteration 69000; Milestone = 69 (ID: Validation)
---  -------
mse  3.43356
---  -------
Running Evaluation...
Validation Result @ Iteration 70000; Milestone = 70 (Train)
---------  -------
mse_error  3.82596
---------  -------
Validation Result @ Iteration 70000; Milestone = 70 (ID: Validation)
---  -------
mse  3.43372
---  -------
Running Evaluation...
Validation Result @ Iteration 71000; Milestone = 71 (Train)
---------  -------
mse_error  3.82749
---------  -------
Validation Result @ Iteration 71000; Milestone = 71 (ID: Validation)
---  -------
mse  3.43368
---  -------
Running Evaluation...
Validation Result @ Iteration 72000; Milestone = 72 (Train)
---------  -------
mse_error  3.82667
---------  -------
Validation Result @ Iteration 72000; Milestone = 72 (ID: Validation)
---  -------
mse  3.43414
---  -------
Running Evaluation...
Validation Result @ Iteration 73000; Milestone = 73 (Train)
---------  ------
mse_error  3.8258
---------  ------
Validation Result @ Iteration 73000; Milestone = 73 (ID: Validation)
---  ------
mse  3.4332
---  ------
Running Evaluation...
Validation Result @ Iteration 74000; Milestone = 74 (Train)
---------  -------
mse_error  3.82613
---------  -------
Validation Result @ Iteration 74000; Milestone = 74 (ID: Validation)
---  ------
mse  3.4336
---  ------
Running Evaluation...
Validation Result @ Iteration 75000; Milestone = 75 (Train)
---------  -------
mse_error  3.82571
---------  -------
Validation Result @ Iteration 75000; Milestone = 75 (ID: Validation)
---  -------
mse  3.43452
---  -------
Running Evaluation...
Validation Result @ Iteration 76000; Milestone = 76 (Train)
---------  -------
mse_error  3.82563
---------  -------
Validation Result @ Iteration 76000; Milestone = 76 (ID: Validation)
---  -------
mse  3.43405
---  -------
Running Evaluation...
Validation Result @ Iteration 77000; Milestone = 77 (Train)
---------  -------
mse_error  3.82491
---------  -------
Validation Result @ Iteration 77000; Milestone = 77 (ID: Validation)
---  -------
mse  3.43525
---  -------
Running Evaluation...
Validation Result @ Iteration 78000; Milestone = 78 (Train)
---------  -------
mse_error  3.82426
---------  -------
Validation Result @ Iteration 78000; Milestone = 78 (ID: Validation)
---  -------
mse  3.43429
---  -------
Running Evaluation...
Validation Result @ Iteration 79000; Milestone = 79 (Train)
---------  -------
mse_error  3.82619
---------  -------
Validation Result @ Iteration 79000; Milestone = 79 (ID: Validation)
---  -------
mse  3.43574
---  -------
Running Evaluation...
Validation Result @ Iteration 80000; Milestone = 80 (Train)
---------  -------
mse_error  3.82528
---------  -------
Validation Result @ Iteration 80000; Milestone = 80 (ID: Validation)
---  -------
mse  3.43355
---  -------
Running Evaluation...
Validation Result @ Iteration 81000; Milestone = 81 (Train)
---------  -------
mse_error  3.82601
---------  -------
Validation Result @ Iteration 81000; Milestone = 81 (ID: Validation)
---  -------
mse  3.43416
---  -------
Running Evaluation...
Validation Result @ Iteration 82000; Milestone = 82 (Train)
---------  -------
mse_error  3.82517
---------  -------
Validation Result @ Iteration 82000; Milestone = 82 (ID: Validation)
---  -------
mse  3.43421
---  -------
Running Evaluation...
Validation Result @ Iteration 83000; Milestone = 83 (Train)
---------  -------
mse_error  3.82522
---------  -------
Validation Result @ Iteration 83000; Milestone = 83 (ID: Validation)
---  -------
mse  3.43429
---  -------
Running Evaluation...
Validation Result @ Iteration 84000; Milestone = 84 (Train)
---------  -------
mse_error  3.82568
---------  -------
Validation Result @ Iteration 84000; Milestone = 84 (ID: Validation)
---  -------
mse  3.43378
---  -------
Running Evaluation...
Validation Result @ Iteration 85000; Milestone = 85 (Train)
---------  -------
mse_error  3.82683
---------  -------
Validation Result @ Iteration 85000; Milestone = 85 (ID: Validation)
---  -------
mse  3.43445
---  -------
Running Evaluation...
Validation Result @ Iteration 86000; Milestone = 86 (Train)
---------  -------
mse_error  3.82654
---------  -------
