Job started at Wed Feb 18 22:24:46 EST 2026
Running on host: holygpu8a22305.rc.fas.harvard.edu
Job ID: 61086919
Git URL: https://github.com/mdkrasnow/research-repo.git
Git SHA: 9125a0270f59e8930ae21028cf3fbfb301762a93
Work directory: /tmp/ired-job-61086919
GPU info:
Wed Feb 18 22:24:46 2026       
+-----------------------------------------------------------------------------------------+
| NVIDIA-SMI 575.57.08              Driver Version: 575.57.08      CUDA Version: 12.9     |
|-----------------------------------------+------------------------+----------------------+
| GPU  Name                 Persistence-M | Bus-Id          Disp.A | Volatile Uncorr. ECC |
| Fan  Temp   Perf          Pwr:Usage/Cap |           Memory-Usage | GPU-Util  Compute M. |
|                                         |                        |               MIG M. |
|=========================================+========================+======================|
|   0  NVIDIA A100-SXM4-80GB          On  |   00000000:E3:00.0 Off |                    0 |
| N/A   26C    P0             61W /  500W |       0MiB /  81920MiB |      0%      Default |
|                                         |                        |             Disabled |
+-----------------------------------------+------------------------+----------------------+
                                                                                         
+-----------------------------------------------------------------------------------------+
| Processes:                                                                              |
|  GPU   GI   CI              PID   Type   Process name                        GPU Memory |
|        ID   ID                                                               Usage      |
|=========================================================================================|
|  No running processes found                                                             |
+-----------------------------------------------------------------------------------------+
Cloning repository...
Repository cloned and checked out to: 9125a02
Repository info:
9125a02 Add CD diagnostic logging and Langevin displacement tracking
Starting IRED-CD Stage 1 (CD loss + Langevin sampling)...
Loading configuration from: projects/ired/configs/q202_cd_langevin.json
Configuration saved to: results/ds_inverse/q202_cd_langevin/experiment_config.json
Setting random seed: 4
Starting experiment with mining strategy: cd_langevin
Configuration: {
  "experiment_name": "q202_cd_langevin",
  "description": "IRED-CD Investigation - Stage 1: CD loss + Langevin sampling",
  "investigation": "ired-cd",
  "ablation_stage": "cd_langevin",
  "mining_strategy": "cd_langevin",
  "rank": 20,
  "ood": false,
  "diffusion_steps": 10,
  "batch_size": 2048,
  "train_steps": 20000,
  "learning_rate": 0.0001,
  "mining_opt_steps": 10,
  "energy_reg_weight": 0.1,
  "mining_noise_scale": 1.5,
  "langevin_sigma_multiplier": 0.1,
  "use_langevin": true,
  "use_replay_buffer": false,
  "use_cd_loss": true,
  "use_residual_filter": false,
  "use_energy_schedule": false,
  "energy_loss_weight": 0.05,
  "adam_betas": [
    0.0,
    0.999
  ],
  "output_dir": "results/ds_inverse/q202_cd_langevin",
  "notes": "Ablation 1: Corrected CD loss (detach x_neg, NOT energy_neg). Langevin noise sigma=sqrt(2*eta). k=10 steps. No replay buffer yet.",
  "seed": 4
}
Dataset: Inverse matrices (20x20)
Input dimension: 400, Output dimension: 400
Trainer initialized. Output directory: results/ds_inverse/q202_cd_langevin
Training for 20000 steps...
[CD-DIAG step=100] E_pos=0.2418 E_neg=0.2935 CD_raw=-0.0517 CD_wtd=-0.002584 MSE=1.001181 neg_dist=23.2781 lang_grad0=0.0000 lang_gradK=0.0000 lang_disp=7.3814 step=0.4396 sigma=0.0907
[CD-DIAG step=200] E_pos=0.3006 E_neg=0.4124 CD_raw=-0.1118 CD_wtd=-0.005592 MSE=1.001027 neg_dist=23.3456 lang_grad0=0.0001 lang_gradK=0.0001 lang_disp=7.4775 step=0.4481 sigma=0.0914
[CD-DIAG step=300] E_pos=0.3083 E_neg=0.4605 CD_raw=-0.1522 CD_wtd=-0.007610 MSE=1.000940 neg_dist=23.1709 lang_grad0=0.0001 lang_gradK=0.0001 lang_disp=7.3557 step=0.4423 sigma=0.0908
[CD-DIAG step=400] E_pos=0.3098 E_neg=0.5143 CD_raw=-0.2045 CD_wtd=-0.010224 MSE=1.000962 neg_dist=23.2041 lang_grad0=0.0001 lang_gradK=0.0001 lang_disp=7.4624 step=0.4464 sigma=0.0912
[CD-DIAG step=500] E_pos=0.3225 E_neg=0.5629 CD_raw=-0.2404 CD_wtd=-0.012022 MSE=1.001937 neg_dist=23.3117 lang_grad0=0.0002 lang_gradK=0.0001 lang_disp=7.4237 step=0.4453 sigma=0.0912
[CD-DIAG step=600] E_pos=0.3171 E_neg=0.6188 CD_raw=-0.3017 CD_wtd=-0.015087 MSE=0.999024 neg_dist=23.3783 lang_grad0=0.0002 lang_gradK=0.0002 lang_disp=7.4325 step=0.4445 sigma=0.0912
[CD-DIAG step=700] E_pos=0.3356 E_neg=0.6960 CD_raw=-0.3604 CD_wtd=-0.018020 MSE=1.000868 neg_dist=23.7305 lang_grad0=0.0002 lang_gradK=0.0002 lang_disp=7.5698 step=0.4574 sigma=0.0924
[CD-DIAG step=800] E_pos=0.3457 E_neg=0.7683 CD_raw=-0.4226 CD_wtd=-0.021129 MSE=1.001353 neg_dist=23.4860 lang_grad0=0.0003 lang_gradK=0.0002 lang_disp=7.4895 step=0.4511 sigma=0.0917
[CD-DIAG step=900] E_pos=0.3269 E_neg=0.8124 CD_raw=-0.4855 CD_wtd=-0.024276 MSE=0.999235 neg_dist=23.3911 lang_grad0=0.0003 lang_gradK=0.0002 lang_disp=7.4452 step=0.4458 sigma=0.0913
[CD-DIAG step=1000] E_pos=0.3411 E_neg=0.9010 CD_raw=-0.5600 CD_wtd=-0.027998 MSE=0.998564 neg_dist=23.7662 lang_grad0=0.0004 lang_gradK=0.0002 lang_disp=7.6617 step=0.4636 sigma=0.0929
Running Evaluation...
Validation Result @ Iteration 1000; Milestone = 1 (Train)
---------  ------
mse_error  3.8814
---------  ------
Validation Result @ Iteration 1000; Milestone = 1 (ID: Validation)
---  -------
mse  3.83573
---  -------
[CD-DIAG step=1100] E_pos=0.3471 E_neg=0.9411 CD_raw=-0.5940 CD_wtd=-0.029702 MSE=0.999266 neg_dist=23.3210 lang_grad0=0.0004 lang_gradK=0.0002 lang_disp=7.4769 step=0.4482 sigma=0.0914
[CD-DIAG step=1200] E_pos=0.3222 E_neg=1.0342 CD_raw=-0.7120 CD_wtd=-0.035600 MSE=1.000229 neg_dist=23.4795 lang_grad0=0.0004 lang_gradK=0.0003 lang_disp=7.4662 step=0.4475 sigma=0.0914
[CD-DIAG step=1300] E_pos=0.3140 E_neg=1.0696 CD_raw=-0.7556 CD_wtd=-0.037780 MSE=1.001547 neg_dist=23.2845 lang_grad0=0.0005 lang_gradK=0.0003 lang_disp=7.4371 step=0.4448 sigma=0.0911
[CD-DIAG step=1400] E_pos=0.3036 E_neg=1.1570 CD_raw=-0.8534 CD_wtd=-0.042668 MSE=0.998704 neg_dist=23.3084 lang_grad0=0.0005 lang_gradK=0.0003 lang_disp=7.4561 step=0.4475 sigma=0.0914
[CD-DIAG step=1500] E_pos=0.3006 E_neg=1.2218 CD_raw=-0.9211 CD_wtd=-0.046057 MSE=1.002184 neg_dist=23.3542 lang_grad0=0.0006 lang_gradK=0.0003 lang_disp=7.4746 step=0.4466 sigma=0.0914
[CD-DIAG step=1600] E_pos=0.3030 E_neg=1.2529 CD_raw=-0.9499 CD_wtd=-0.047495 MSE=1.000559 neg_dist=23.4620 lang_grad0=0.0006 lang_gradK=0.0004 lang_disp=7.5376 step=0.4514 sigma=0.0918
[CD-DIAG step=1700] E_pos=0.2880 E_neg=1.3633 CD_raw=-1.0753 CD_wtd=-0.053764 MSE=1.000259 neg_dist=23.4600 lang_grad0=0.0007 lang_gradK=0.0004 lang_disp=7.4589 step=0.4471 sigma=0.0914
[CD-DIAG step=1800] E_pos=0.2850 E_neg=1.4466 CD_raw=-1.1616 CD_wtd=-0.058080 MSE=0.999867 neg_dist=23.2232 lang_grad0=0.0007 lang_gradK=0.0004 lang_disp=7.4546 step=0.4485 sigma=0.0914
[CD-DIAG step=1900] E_pos=0.2738 E_neg=1.4864 CD_raw=-1.2126 CD_wtd=-0.060629 MSE=1.000790 neg_dist=23.3499 lang_grad0=0.0008 lang_gradK=0.0004 lang_disp=7.4532 step=0.4494 sigma=0.0915
[CD-DIAG step=2000] E_pos=0.2510 E_neg=1.4607 CD_raw=-1.2097 CD_wtd=-0.060487 MSE=0.997972 neg_dist=22.9798 lang_grad0=0.0008 lang_gradK=0.0004 lang_disp=7.2856 step=0.4338 sigma=0.0900
Running Evaluation...
Validation Result @ Iteration 2000; Milestone = 2 (Train)
---------  -------
mse_error  3.87276
---------  -------
Validation Result @ Iteration 2000; Milestone = 2 (ID: Validation)
---  -------
mse  3.76152
---  -------
[CD-DIAG step=2100] E_pos=0.3168 E_neg=1.8655 CD_raw=-1.5487 CD_wtd=-0.077436 MSE=1.003407 neg_dist=23.3125 lang_grad0=0.0010 lang_gradK=0.0006 lang_disp=7.4114 step=0.4416 sigma=0.0908
[CD-DIAG step=2200] E_pos=0.3147 E_neg=1.9029 CD_raw=-1.5882 CD_wtd=-0.079411 MSE=0.999530 neg_dist=23.3769 lang_grad0=0.0010 lang_gradK=0.0006 lang_disp=7.4798 step=0.4491 sigma=0.0915
[CD-DIAG step=2300] E_pos=0.2991 E_neg=2.0060 CD_raw=-1.7069 CD_wtd=-0.085346 MSE=0.999810 neg_dist=23.4478 lang_grad0=0.0011 lang_gradK=0.0006 lang_disp=7.5466 step=0.4511 sigma=0.0917
[CD-DIAG step=2400] E_pos=0.2860 E_neg=1.9156 CD_raw=-1.6295 CD_wtd=-0.081476 MSE=1.001258 neg_dist=23.3473 lang_grad0=0.0011 lang_gradK=0.0006 lang_disp=7.5103 step=0.4515 sigma=0.0918
[CD-DIAG step=2500] E_pos=0.2735 E_neg=1.9606 CD_raw=-1.6871 CD_wtd=-0.084354 MSE=0.996869 neg_dist=23.2970 lang_grad0=0.0011 lang_gradK=0.0006 lang_disp=7.4089 step=0.4420 sigma=0.0909
[CD-DIAG step=2600] E_pos=0.2781 E_neg=1.9797 CD_raw=-1.7015 CD_wtd=-0.085077 MSE=1.000734 neg_dist=23.3162 lang_grad0=0.0012 lang_gradK=0.0006 lang_disp=7.5115 step=0.4508 sigma=0.0917
[CD-DIAG step=2700] E_pos=0.2607 E_neg=1.9926 CD_raw=-1.7319 CD_wtd=-0.086593 MSE=1.000744 neg_dist=23.3052 lang_grad0=0.0012 lang_gradK=0.0006 lang_disp=7.4321 step=0.4492 sigma=0.0915
[CD-DIAG step=2800] E_pos=0.2722 E_neg=2.0166 CD_raw=-1.7444 CD_wtd=-0.087218 MSE=0.998394 neg_dist=23.3142 lang_grad0=0.0012 lang_gradK=0.0006 lang_disp=7.4006 step=0.4419 sigma=0.0909
[CD-DIAG step=2900] E_pos=0.2643 E_neg=2.0589 CD_raw=-1.7946 CD_wtd=-0.089732 MSE=0.998873 neg_dist=23.5578 lang_grad0=0.0012 lang_gradK=0.0007 lang_disp=7.5494 step=0.4543 sigma=0.0921
[CD-DIAG step=3000] E_pos=0.2543 E_neg=2.1363 CD_raw=-1.8820 CD_wtd=-0.094099 MSE=0.999018 neg_dist=23.5815 lang_grad0=0.0013 lang_gradK=0.0007 lang_disp=7.5894 step=0.4545 sigma=0.0921
Running Evaluation...
Validation Result @ Iteration 3000; Milestone = 3 (Train)
---------  -------
mse_error  3.85495
---------  -------
Validation Result @ Iteration 3000; Milestone = 3 (ID: Validation)
---  -------
mse  3.63644
---  -------
[CD-DIAG step=3100] E_pos=0.2531 E_neg=2.0346 CD_raw=-1.7815 CD_wtd=-0.089076 MSE=0.997433 neg_dist=23.2850 lang_grad0=0.0012 lang_gradK=0.0007 lang_disp=7.4671 step=0.4480 sigma=0.0914
[CD-DIAG step=3200] E_pos=0.2525 E_neg=2.1246 CD_raw=-1.8721 CD_wtd=-0.093606 MSE=1.000156 neg_dist=23.4181 lang_grad0=0.0013 lang_gradK=0.0007 lang_disp=7.4410 step=0.4455 sigma=0.0913
[CD-DIAG step=3300] E_pos=0.2671 E_neg=2.1683 CD_raw=-1.9012 CD_wtd=-0.095058 MSE=0.996172 neg_dist=23.4927 lang_grad0=0.0013 lang_gradK=0.0007 lang_disp=7.4983 step=0.4520 sigma=0.0918
[CD-DIAG step=3400] E_pos=0.2403 E_neg=2.0224 CD_raw=-1.7821 CD_wtd=-0.089104 MSE=1.000435 neg_dist=22.8653 lang_grad0=0.0012 lang_gradK=0.0007 lang_disp=7.3713 step=0.4386 sigma=0.0904
[CD-DIAG step=3500] E_pos=0.2526 E_neg=2.1674 CD_raw=-1.9147 CD_wtd=-0.095736 MSE=0.999935 neg_dist=23.1844 lang_grad0=0.0013 lang_gradK=0.0007 lang_disp=7.4088 step=0.4450 sigma=0.0911
[CD-DIAG step=3600] E_pos=0.2413 E_neg=2.1149 CD_raw=-1.8737 CD_wtd=-0.093684 MSE=1.000971 neg_dist=22.9341 lang_grad0=0.0013 lang_gradK=0.0007 lang_disp=7.3310 step=0.4358 sigma=0.0902
[CD-DIAG step=3700] E_pos=0.2342 E_neg=2.1654 CD_raw=-1.9312 CD_wtd=-0.096561 MSE=0.999687 neg_dist=23.4976 lang_grad0=0.0013 lang_gradK=0.0007 lang_disp=7.5682 step=0.4553 sigma=0.0921
[CD-DIAG step=3800] E_pos=0.2420 E_neg=2.0999 CD_raw=-1.8579 CD_wtd=-0.092894 MSE=0.998357 neg_dist=23.2577 lang_grad0=0.0013 lang_gradK=0.0007 lang_disp=7.4454 step=0.4440 sigma=0.0910
[CD-DIAG step=3900] E_pos=0.2381 E_neg=2.1874 CD_raw=-1.9493 CD_wtd=-0.097465 MSE=0.999733 neg_dist=23.2208 lang_grad0=0.0013 lang_gradK=0.0007 lang_disp=7.4625 step=0.4511 sigma=0.0916
[CD-DIAG step=4000] E_pos=0.2391 E_neg=2.1654 CD_raw=-1.9263 CD_wtd=-0.096313 MSE=1.002433 neg_dist=23.2791 lang_grad0=0.0013 lang_gradK=0.0007 lang_disp=7.4652 step=0.4495 sigma=0.0915
Running Evaluation...
Validation Result @ Iteration 4000; Milestone = 4 (Train)
---------  -------
mse_error  3.84246
---------  -------
Validation Result @ Iteration 4000; Milestone = 4 (ID: Validation)
---  -------
mse  3.54066
---  -------
[CD-DIAG step=4100] E_pos=0.4660 E_neg=3.3325 CD_raw=-2.8665 CD_wtd=-0.143324 MSE=1.000328 neg_dist=23.4661 lang_grad0=0.0016 lang_gradK=0.0009 lang_disp=7.4711 step=0.4481 sigma=0.0915
[CD-DIAG step=4200] E_pos=0.4677 E_neg=3.3003 CD_raw=-2.8327 CD_wtd=-0.141633 MSE=1.000160 neg_dist=23.4656 lang_grad0=0.0016 lang_gradK=0.0009 lang_disp=7.4974 step=0.4503 sigma=0.0917
[CD-DIAG step=4300] E_pos=0.4720 E_neg=3.3921 CD_raw=-2.9201 CD_wtd=-0.146005 MSE=0.998910 neg_dist=23.4845 lang_grad0=0.0017 lang_gradK=0.0010 lang_disp=7.5009 step=0.4493 sigma=0.0916
[CD-DIAG step=4400] E_pos=0.4859 E_neg=3.4536 CD_raw=-2.9677 CD_wtd=-0.148384 MSE=1.001378 neg_dist=23.2791 lang_grad0=0.0017 lang_gradK=0.0010 lang_disp=7.4286 step=0.4445 sigma=0.0911
[CD-DIAG step=4500] E_pos=0.4698 E_neg=3.4932 CD_raw=-3.0234 CD_wtd=-0.151169 MSE=1.001619 neg_dist=23.3684 lang_grad0=0.0017 lang_gradK=0.0010 lang_disp=7.5029 step=0.4519 sigma=0.0918
[CD-DIAG step=4600] E_pos=0.4814 E_neg=3.5044 CD_raw=-3.0230 CD_wtd=-0.151148 MSE=0.997387 neg_dist=23.6548 lang_grad0=0.0018 lang_gradK=0.0010 lang_disp=7.5737 step=0.4529 sigma=0.0920
[CD-DIAG step=4700] E_pos=0.5108 E_neg=3.5913 CD_raw=-3.0805 CD_wtd=-0.154026 MSE=0.999928 neg_dist=23.4557 lang_grad0=0.0018 lang_gradK=0.0010 lang_disp=7.5173 step=0.4530 sigma=0.0919
[CD-DIAG step=4800] E_pos=0.4874 E_neg=3.6226 CD_raw=-3.1352 CD_wtd=-0.156758 MSE=1.000887 neg_dist=23.3796 lang_grad0=0.0018 lang_gradK=0.0010 lang_disp=7.4498 step=0.4439 sigma=0.0911
[CD-DIAG step=4900] E_pos=0.5199 E_neg=3.5854 CD_raw=-3.0655 CD_wtd=-0.153275 MSE=0.999187 neg_dist=22.9735 lang_grad0=0.0017 lang_gradK=0.0010 lang_disp=7.3115 step=0.4358 sigma=0.0902
[CD-DIAG step=5000] E_pos=0.5257 E_neg=3.6828 CD_raw=-3.1571 CD_wtd=-0.157853 MSE=0.997607 neg_dist=23.2721 lang_grad0=0.0018 lang_gradK=0.0010 lang_disp=7.4686 step=0.4480 sigma=0.0914
Running Evaluation...
Validation Result @ Iteration 5000; Milestone = 5 (Train)
---------  -------
mse_error  3.83248
---------  -------
Validation Result @ Iteration 5000; Milestone = 5 (ID: Validation)
---  -------
mse  3.47774
---  -------
[CD-DIAG step=5100] E_pos=0.5187 E_neg=3.7180 CD_raw=-3.1993 CD_wtd=-0.159965 MSE=0.999029 neg_dist=23.2970 lang_grad0=0.0018 lang_gradK=0.0010 lang_disp=7.4142 step=0.4417 sigma=0.0909
[CD-DIAG step=5200] E_pos=0.5203 E_neg=3.6559 CD_raw=-3.1356 CD_wtd=-0.156782 MSE=0.999062 neg_dist=23.2812 lang_grad0=0.0018 lang_gradK=0.0010 lang_disp=7.4711 step=0.4512 sigma=0.0917
[CD-DIAG step=5300] E_pos=0.5170 E_neg=3.6964 CD_raw=-3.1794 CD_wtd=-0.158972 MSE=0.998577 neg_dist=23.4719 lang_grad0=0.0018 lang_gradK=0.0010 lang_disp=7.5138 step=0.4503 sigma=0.0917
[CD-DIAG step=5400] E_pos=0.5271 E_neg=3.6714 CD_raw=-3.1443 CD_wtd=-0.157214 MSE=0.998531 neg_dist=23.3717 lang_grad0=0.0018 lang_gradK=0.0010 lang_disp=7.4722 step=0.4482 sigma=0.0915
[CD-DIAG step=5500] E_pos=0.5492 E_neg=3.7711 CD_raw=-3.2220 CD_wtd=-0.161098 MSE=0.997802 neg_dist=23.4826 lang_grad0=0.0018 lang_gradK=0.0010 lang_disp=7.4349 step=0.4450 sigma=0.0912
[CD-DIAG step=5600] E_pos=0.5671 E_neg=3.8363 CD_raw=-3.2692 CD_wtd=-0.163459 MSE=0.997825 neg_dist=23.3558 lang_grad0=0.0018 lang_gradK=0.0010 lang_disp=7.4480 step=0.4456 sigma=0.0912
[CD-DIAG step=5700] E_pos=0.5498 E_neg=3.7900 CD_raw=-3.2402 CD_wtd=-0.162012 MSE=1.002985 neg_dist=23.1839 lang_grad0=0.0018 lang_gradK=0.0010 lang_disp=7.4185 step=0.4454 sigma=0.0911
[CD-DIAG step=5800] E_pos=0.5658 E_neg=3.7729 CD_raw=-3.2070 CD_wtd=-0.160352 MSE=1.002095 neg_dist=23.2113 lang_grad0=0.0018 lang_gradK=0.0010 lang_disp=7.4218 step=0.4424 sigma=0.0909
[CD-DIAG step=5900] E_pos=0.5834 E_neg=3.8803 CD_raw=-3.2969 CD_wtd=-0.164847 MSE=0.998618 neg_dist=23.1325 lang_grad0=0.0018 lang_gradK=0.0010 lang_disp=7.4379 step=0.4474 sigma=0.0912
[CD-DIAG step=6000] E_pos=0.5688 E_neg=3.8568 CD_raw=-3.2880 CD_wtd=-0.164398 MSE=1.000394 neg_dist=23.1461 lang_grad0=0.0018 lang_gradK=0.0010 lang_disp=7.3580 step=0.4420 sigma=0.0908
Running Evaluation...
Validation Result @ Iteration 6000; Milestone = 6 (Train)
---------  -------
mse_error  3.82775
---------  -------
Validation Result @ Iteration 6000; Milestone = 6 (ID: Validation)
---  -------
mse  3.43895
---  -------
[CD-DIAG step=6100] E_pos=0.4400 E_neg=3.3461 CD_raw=-2.9061 CD_wtd=-0.145303 MSE=1.002414 neg_dist=23.2308 lang_grad0=0.0017 lang_gradK=0.0010 lang_disp=7.4139 step=0.4464 sigma=0.0912
[CD-DIAG step=6200] E_pos=0.4327 E_neg=3.4572 CD_raw=-3.0245 CD_wtd=-0.151225 MSE=1.001967 neg_dist=23.1460 lang_grad0=0.0017 lang_gradK=0.0010 lang_disp=7.4097 step=0.4439 sigma=0.0910
[CD-DIAG step=6300] E_pos=0.4383 E_neg=3.4886 CD_raw=-3.0503 CD_wtd=-0.152515 MSE=1.001044 neg_dist=23.4691 lang_grad0=0.0018 lang_gradK=0.0010 lang_disp=7.4592 step=0.4473 sigma=0.0914
[CD-DIAG step=6400] E_pos=0.4315 E_neg=3.5261 CD_raw=-3.0946 CD_wtd=-0.154732 MSE=1.000733 neg_dist=23.3162 lang_grad0=0.0018 lang_gradK=0.0010 lang_disp=7.5044 step=0.4510 sigma=0.0916
[CD-DIAG step=6500] E_pos=0.4516 E_neg=3.5427 CD_raw=-3.0911 CD_wtd=-0.154553 MSE=1.000752 neg_dist=23.3586 lang_grad0=0.0018 lang_gradK=0.0010 lang_disp=7.5762 step=0.4579 sigma=0.0923
[CD-DIAG step=6600] E_pos=0.4444 E_neg=3.6409 CD_raw=-3.1964 CD_wtd=-0.159821 MSE=1.000689 neg_dist=23.3197 lang_grad0=0.0018 lang_gradK=0.0010 lang_disp=7.3840 step=0.4379 sigma=0.0906
[CD-DIAG step=6700] E_pos=0.4556 E_neg=3.6890 CD_raw=-3.2334 CD_wtd=-0.161670 MSE=0.998385 neg_dist=23.3157 lang_grad0=0.0018 lang_gradK=0.0010 lang_disp=7.4543 step=0.4467 sigma=0.0913
[CD-DIAG step=6800] E_pos=0.4580 E_neg=3.6972 CD_raw=-3.2391 CD_wtd=-0.161957 MSE=1.000581 neg_dist=23.5194 lang_grad0=0.0018 lang_gradK=0.0011 lang_disp=7.4564 step=0.4479 sigma=0.0915
[CD-DIAG step=6900] E_pos=0.4568 E_neg=3.5863 CD_raw=-3.1295 CD_wtd=-0.156473 MSE=0.998907 neg_dist=22.9191 lang_grad0=0.0018 lang_gradK=0.0010 lang_disp=7.3503 step=0.4378 sigma=0.0904
[CD-DIAG step=7000] E_pos=0.4562 E_neg=3.6286 CD_raw=-3.1723 CD_wtd=-0.158616 MSE=0.999392 neg_dist=23.4626 lang_grad0=0.0018 lang_gradK=0.0010 lang_disp=7.4959 step=0.4481 sigma=0.0915
Running Evaluation...
Validation Result @ Iteration 7000; Milestone = 7 (Train)
---------  -------
mse_error  3.82409
---------  -------
Validation Result @ Iteration 7000; Milestone = 7 (ID: Validation)
---  -------
mse  3.40848
---  -------
[CD-DIAG step=7100] E_pos=0.4561 E_neg=3.6552 CD_raw=-3.1992 CD_wtd=-0.159959 MSE=1.000499 neg_dist=23.4069 lang_grad0=0.0018 lang_gradK=0.0010 lang_disp=7.4819 step=0.4481 sigma=0.0915
[CD-DIAG step=7200] E_pos=0.4552 E_neg=3.6062 CD_raw=-3.1510 CD_wtd=-0.157552 MSE=1.002803 neg_dist=23.0851 lang_grad0=0.0018 lang_gradK=0.0010 lang_disp=7.4327 step=0.4465 sigma=0.0912
[CD-DIAG step=7300] E_pos=0.4720 E_neg=3.7231 CD_raw=-3.2510 CD_wtd=-0.162551 MSE=0.998689 neg_dist=23.0614 lang_grad0=0.0018 lang_gradK=0.0011 lang_disp=7.4248 step=0.4448 sigma=0.0910
[CD-DIAG step=7400] E_pos=0.4653 E_neg=3.8584 CD_raw=-3.3931 CD_wtd=-0.169656 MSE=1.000854 neg_dist=23.4962 lang_grad0=0.0018 lang_gradK=0.0011 lang_disp=7.3986 step=0.4425 sigma=0.0910
[CD-DIAG step=7500] E_pos=0.4928 E_neg=3.7959 CD_raw=-3.3031 CD_wtd=-0.165154 MSE=1.001126 neg_dist=23.4267 lang_grad0=0.0018 lang_gradK=0.0011 lang_disp=7.4463 step=0.4451 sigma=0.0912
[CD-DIAG step=7600] E_pos=0.4777 E_neg=3.7766 CD_raw=-3.2990 CD_wtd=-0.164948 MSE=0.999118 neg_dist=23.2949 lang_grad0=0.0018 lang_gradK=0.0011 lang_disp=7.4502 step=0.4478 sigma=0.0914
[CD-DIAG step=7700] E_pos=0.4955 E_neg=3.7735 CD_raw=-3.2780 CD_wtd=-0.163899 MSE=0.997665 neg_dist=23.3411 lang_grad0=0.0018 lang_gradK=0.0011 lang_disp=7.4497 step=0.4467 sigma=0.0913
[CD-DIAG step=7800] E_pos=0.4911 E_neg=3.7517 CD_raw=-3.2607 CD_wtd=-0.163033 MSE=1.000736 neg_dist=23.1463 lang_grad0=0.0018 lang_gradK=0.0011 lang_disp=7.3785 step=0.4394 sigma=0.0906
[CD-DIAG step=7900] E_pos=0.5029 E_neg=3.8440 CD_raw=-3.3412 CD_wtd=-0.167058 MSE=1.000747 neg_dist=23.1924 lang_grad0=0.0018 lang_gradK=0.0011 lang_disp=7.4399 step=0.4479 sigma=0.0913
[CD-DIAG step=8000] E_pos=0.4949 E_neg=3.8725 CD_raw=-3.3776 CD_wtd=-0.168879 MSE=1.001801 neg_dist=23.2683 lang_grad0=0.0018 lang_gradK=0.0011 lang_disp=7.4072 step=0.4442 sigma=0.0911
Running Evaluation...
Validation Result @ Iteration 8000; Milestone = 8 (Train)
---------  -------
mse_error  3.81987
---------  -------
Validation Result @ Iteration 8000; Milestone = 8 (ID: Validation)
---  -------
mse  3.39133
---  -------
[CD-DIAG step=8100] E_pos=0.3986 E_neg=3.4693 CD_raw=-3.0707 CD_wtd=-0.153536 MSE=1.001201 neg_dist=23.3070 lang_grad0=0.0018 lang_gradK=0.0010 lang_disp=7.4194 step=0.4465 sigma=0.0912
[CD-DIAG step=8200] E_pos=0.4032 E_neg=3.5981 CD_raw=-3.1949 CD_wtd=-0.159747 MSE=0.998249 neg_dist=23.4225 lang_grad0=0.0018 lang_gradK=0.0010 lang_disp=7.4267 step=0.4432 sigma=0.0911
[CD-DIAG step=8300] E_pos=0.4110 E_neg=3.4930 CD_raw=-3.0821 CD_wtd=-0.154104 MSE=1.000120 neg_dist=23.2987 lang_grad0=0.0018 lang_gradK=0.0010 lang_disp=7.4849 step=0.4514 sigma=0.0917
[CD-DIAG step=8400] E_pos=0.4086 E_neg=3.5437 CD_raw=-3.1351 CD_wtd=-0.156756 MSE=1.000967 neg_dist=23.3797 lang_grad0=0.0018 lang_gradK=0.0010 lang_disp=7.4499 step=0.4466 sigma=0.0913
[CD-DIAG step=8500] E_pos=0.4127 E_neg=3.5075 CD_raw=-3.0948 CD_wtd=-0.154738 MSE=0.998561 neg_dist=23.2579 lang_grad0=0.0018 lang_gradK=0.0010 lang_disp=7.4304 step=0.4436 sigma=0.0910
[CD-DIAG step=8600] E_pos=0.3990 E_neg=3.5626 CD_raw=-3.1635 CD_wtd=-0.158177 MSE=1.000304 neg_dist=23.4255 lang_grad0=0.0018 lang_gradK=0.0010 lang_disp=7.5212 step=0.4513 sigma=0.0918
[CD-DIAG step=8700] E_pos=0.3966 E_neg=3.5941 CD_raw=-3.1975 CD_wtd=-0.159876 MSE=0.997935 neg_dist=23.3094 lang_grad0=0.0018 lang_gradK=0.0010 lang_disp=7.4520 step=0.4477 sigma=0.0913
[CD-DIAG step=8800] E_pos=0.4081 E_neg=3.5804 CD_raw=-3.1723 CD_wtd=-0.158615 MSE=0.998092 neg_dist=23.0296 lang_grad0=0.0018 lang_gradK=0.0010 lang_disp=7.3159 step=0.4339 sigma=0.0901
[CD-DIAG step=8900] E_pos=0.4238 E_neg=3.6136 CD_raw=-3.1899 CD_wtd=-0.159494 MSE=0.997610 neg_dist=23.1310 lang_grad0=0.0018 lang_gradK=0.0010 lang_disp=7.3940 step=0.4395 sigma=0.0906
[CD-DIAG step=9000] E_pos=0.4144 E_neg=3.6879 CD_raw=-3.2735 CD_wtd=-0.163677 MSE=1.000628 neg_dist=23.2138 lang_grad0=0.0018 lang_gradK=0.0011 lang_disp=7.4272 step=0.4458 sigma=0.0912
Running Evaluation...
Validation Result @ Iteration 9000; Milestone = 9 (Train)
---------  -------
mse_error  3.81673
---------  -------
Validation Result @ Iteration 9000; Milestone = 9 (ID: Validation)
---  -------
mse  3.37556
---  -------
[CD-DIAG step=9100] E_pos=0.4182 E_neg=3.6357 CD_raw=-3.2175 CD_wtd=-0.160874 MSE=1.002124 neg_dist=23.3513 lang_grad0=0.0018 lang_gradK=0.0011 lang_disp=7.4767 step=0.4492 sigma=0.0915
[CD-DIAG step=9200] E_pos=0.4243 E_neg=3.6912 CD_raw=-3.2668 CD_wtd=-0.163342 MSE=0.996938 neg_dist=23.4982 lang_grad0=0.0019 lang_gradK=0.0011 lang_disp=7.5155 step=0.4496 sigma=0.0917
[CD-DIAG step=9300] E_pos=0.4290 E_neg=3.6445 CD_raw=-3.2155 CD_wtd=-0.160777 MSE=0.999716 neg_dist=22.9489 lang_grad0=0.0018 lang_gradK=0.0010 lang_disp=7.3207 step=0.4365 sigma=0.0903
[CD-DIAG step=9400] E_pos=0.4197 E_neg=3.7021 CD_raw=-3.2824 CD_wtd=-0.164118 MSE=1.000792 neg_dist=23.3473 lang_grad0=0.0018 lang_gradK=0.0011 lang_disp=7.4282 step=0.4461 sigma=0.0913
[CD-DIAG step=9500] E_pos=0.4174 E_neg=3.7494 CD_raw=-3.3319 CD_wtd=-0.166597 MSE=1.000694 neg_dist=23.1006 lang_grad0=0.0018 lang_gradK=0.0011 lang_disp=7.3915 step=0.4433 sigma=0.0909
[CD-DIAG step=9600] E_pos=0.4254 E_neg=3.7527 CD_raw=-3.3272 CD_wtd=-0.166362 MSE=0.999092 neg_dist=23.0237 lang_grad0=0.0018 lang_gradK=0.0011 lang_disp=7.3312 step=0.4395 sigma=0.0905
[CD-DIAG step=9700] E_pos=0.4367 E_neg=3.7509 CD_raw=-3.3142 CD_wtd=-0.165710 MSE=1.002347 neg_dist=23.1884 lang_grad0=0.0019 lang_gradK=0.0011 lang_disp=7.4251 step=0.4453 sigma=0.0911
[CD-DIAG step=9800] E_pos=0.4381 E_neg=3.7886 CD_raw=-3.3504 CD_wtd=-0.167522 MSE=1.000717 neg_dist=23.3120 lang_grad0=0.0019 lang_gradK=0.0011 lang_disp=7.4822 step=0.4501 sigma=0.0916
[CD-DIAG step=9900] E_pos=0.4325 E_neg=3.7526 CD_raw=-3.3201 CD_wtd=-0.166005 MSE=0.997243 neg_dist=23.2104 lang_grad0=0.0018 lang_gradK=0.0011 lang_disp=7.3711 step=0.4396 sigma=0.0907
[CD-DIAG step=10000] E_pos=0.4456 E_neg=3.8122 CD_raw=-3.3666 CD_wtd=-0.168328 MSE=0.998188 neg_dist=23.2273 lang_grad0=0.0019 lang_gradK=0.0011 lang_disp=7.4214 step=0.4437 sigma=0.0910
Running Evaluation...
Validation Result @ Iteration 10000; Milestone = 10 (Train)
---------  -------
mse_error  3.81525
---------  -------
Validation Result @ Iteration 10000; Milestone = 10 (ID: Validation)
---  -------
mse  3.36617
---  -------
[CD-DIAG step=10100] E_pos=0.3638 E_neg=3.4718 CD_raw=-3.1080 CD_wtd=-0.155398 MSE=1.001319 neg_dist=23.1423 lang_grad0=0.0018 lang_gradK=0.0010 lang_disp=7.4448 step=0.4471 sigma=0.0912
[CD-DIAG step=10200] E_pos=0.3640 E_neg=3.4591 CD_raw=-3.0952 CD_wtd=-0.154759 MSE=0.999043 neg_dist=23.2976 lang_grad0=0.0018 lang_gradK=0.0010 lang_disp=7.4905 step=0.4498 sigma=0.0915
[CD-DIAG step=10300] E_pos=0.3731 E_neg=3.5328 CD_raw=-3.1597 CD_wtd=-0.157985 MSE=1.001279 neg_dist=23.2967 lang_grad0=0.0018 lang_gradK=0.0010 lang_disp=7.4653 step=0.4497 sigma=0.0915
[CD-DIAG step=10400] E_pos=0.3627 E_neg=3.5173 CD_raw=-3.1546 CD_wtd=-0.157730 MSE=0.998790 neg_dist=23.1851 lang_grad0=0.0018 lang_gradK=0.0010 lang_disp=7.4000 step=0.4436 sigma=0.0910
[CD-DIAG step=10500] E_pos=0.3625 E_neg=3.4820 CD_raw=-3.1195 CD_wtd=-0.155976 MSE=0.999764 neg_dist=23.1490 lang_grad0=0.0018 lang_gradK=0.0010 lang_disp=7.4576 step=0.4490 sigma=0.0914
[CD-DIAG step=10600] E_pos=0.3721 E_neg=3.5556 CD_raw=-3.1835 CD_wtd=-0.159173 MSE=0.999477 neg_dist=23.2335 lang_grad0=0.0018 lang_gradK=0.0010 lang_disp=7.4584 step=0.4471 sigma=0.0913
[CD-DIAG step=10700] E_pos=0.3627 E_neg=3.6417 CD_raw=-3.2790 CD_wtd=-0.163952 MSE=0.999149 neg_dist=23.2949 lang_grad0=0.0019 lang_gradK=0.0011 lang_disp=7.4296 step=0.4454 sigma=0.0911
[CD-DIAG step=10800] E_pos=0.3788 E_neg=3.6222 CD_raw=-3.2434 CD_wtd=-0.162172 MSE=0.996593 neg_dist=23.1460 lang_grad0=0.0018 lang_gradK=0.0011 lang_disp=7.3845 step=0.4418 sigma=0.0908
[CD-DIAG step=10900] E_pos=0.3826 E_neg=3.5583 CD_raw=-3.1757 CD_wtd=-0.158784 MSE=0.999073 neg_dist=23.2815 lang_grad0=0.0018 lang_gradK=0.0011 lang_disp=7.4698 step=0.4469 sigma=0.0913
[CD-DIAG step=11000] E_pos=0.3749 E_neg=3.6130 CD_raw=-3.2381 CD_wtd=-0.161903 MSE=0.999773 neg_dist=22.9636 lang_grad0=0.0018 lang_gradK=0.0011 lang_disp=7.3278 step=0.4394 sigma=0.0905
Running Evaluation...
Validation Result @ Iteration 11000; Milestone = 11 (Train)
---------  ------
mse_error  3.8144
---------  ------
Validation Result @ Iteration 11000; Milestone = 11 (ID: Validation)
---  -------
mse  3.35775
---  -------
[CD-DIAG step=11100] E_pos=0.3897 E_neg=3.6167 CD_raw=-3.2271 CD_wtd=-0.161354 MSE=0.998498 neg_dist=23.2391 lang_grad0=0.0019 lang_gradK=0.0011 lang_disp=7.4348 step=0.4488 sigma=0.0914
[CD-DIAG step=11200] E_pos=0.3809 E_neg=3.6337 CD_raw=-3.2528 CD_wtd=-0.162640 MSE=1.000516 neg_dist=23.2721 lang_grad0=0.0019 lang_gradK=0.0011 lang_disp=7.4883 step=0.4511 sigma=0.0916
[CD-DIAG step=11300] E_pos=0.3888 E_neg=3.5272 CD_raw=-3.1385 CD_wtd=-0.156923 MSE=1.000177 neg_dist=23.2858 lang_grad0=0.0018 lang_gradK=0.0010 lang_disp=7.4774 step=0.4477 sigma=0.0914
[CD-DIAG step=11400] E_pos=0.3927 E_neg=3.6417 CD_raw=-3.2490 CD_wtd=-0.162448 MSE=0.999407 neg_dist=23.4105 lang_grad0=0.0019 lang_gradK=0.0011 lang_disp=7.4780 step=0.4506 sigma=0.0917
