Job started at Mon Feb 23 08:49:06 EST 2026
Running on host: holygpu8a29306.rc.fas.harvard.edu
Job ID: 61733097
Array Task ID: 0
Config Index: 0
Seed: 0
Config Name: q222_tam_delta0.5
Git URL: https://github.com/mdkrasnow/research-repo.git
Git SHA: 7d156b1500dee215c6225ee3f33e85a796ab304b
Work directory: /tmp/ired-job-61733097
GPU info:
Mon Feb 23 08:49:06 2026       
+-----------------------------------------------------------------------------------------+
| NVIDIA-SMI 575.57.08              Driver Version: 575.57.08      CUDA Version: 12.9     |
|-----------------------------------------+------------------------+----------------------+
| GPU  Name                 Persistence-M | Bus-Id          Disp.A | Volatile Uncorr. ECC |
| Fan  Temp   Perf          Pwr:Usage/Cap |           Memory-Usage | GPU-Util  Compute M. |
|                                         |                        |               MIG M. |
|=========================================+========================+======================|
|   0  NVIDIA A100-SXM4-80GB          On  |   00000000:31:00.0 Off |                    0 |
| N/A   26C    P0             59W /  500W |       0MiB /  81920MiB |      0%      Default |
|                                         |                        |             Disabled |
+-----------------------------------------+------------------------+----------------------+
                                                                                         
+-----------------------------------------------------------------------------------------+
| Processes:                                                                              |
|  GPU   GI   CI              PID   Type   Process name                        GPU Memory |
|        ID   ID                                                               Usage      |
|=========================================================================================|
|  No running processes found                                                             |
+-----------------------------------------------------------------------------------------+
Cloning repository...
Repository cloned and checked out to: 7d156b1
Repository info:
7d156b1 Fix q211 resubmission: push commits to origin/main before job submission
Starting TAM pgd_delta sweep with config=q222_tam_delta0.5, seed=0...
Loading configuration from: projects/ired/configs/q222_tam_delta0.5.json
