Job started at Sun Feb 22 11:04:51 EST 2026
Running on host: holygpu8a16503.rc.fas.harvard.edu
Job ID: 61624824, Array Task ID: 7
GPU info:
Sun Feb 22 11:04:52 2026       
+-----------------------------------------------------------------------------------------+
| NVIDIA-SMI 575.57.08              Driver Version: 575.57.08      CUDA Version: 12.9     |
|-----------------------------------------+------------------------+----------------------+
| GPU  Name                 Persistence-M | Bus-Id          Disp.A | Volatile Uncorr. ECC |
| Fan  Temp   Perf          Pwr:Usage/Cap |           Memory-Usage | GPU-Util  Compute M. |
|                                         |                        |               MIG M. |
|=========================================+========================+======================|
|   0  NVIDIA H200                    On  |   00000000:C6:00.0 Off |                    0 |
| N/A   26C    P0             73W /  700W |       0MiB / 143771MiB |      0%      Default |
|                                         |                        |             Disabled |
+-----------------------------------------+------------------------+----------------------+
                                                                                         
+-----------------------------------------------------------------------------------------+
| Processes:                                                                              |
|  GPU   GI   CI              PID   Type   Process name                        GPU Memory |
|        ID   ID                                                               Usage      |
|=========================================================================================|
|  No running processes found                                                             |
+-----------------------------------------------------------------------------------------+
Cloning repository...
Repository cloned and checked out to: d0be063
d0be063 Fix q220 sweep performance: 4 workers + 32G mem + 12h time limit
Starting q220 TAM sweep config 07 (batch A: 0-22)...
Loading configuration from: projects/ired/configs/q220_sweep_07.json
Configuration saved to: results/ds_inverse/q220_sweep_07/experiment_config.json
Setting random seed: 0
Starting experiment with mining strategy: tam
Configuration: {
  "experiment_name": "q220_sweep_07",
  "description": "TAM mini-sweep: delta=0.5 pgd_steps=3 anchor=1 ctl=0.0 gc=False",
  "investigation": "ired-tam",
  "ablation_stage": "tam_sweep",
  "mining_strategy": "tam",
  "rank": 220,
  "ood": false,
  "diffusion_steps": 10,
  "batch_size": 2048,
  "train_steps": 20000,
  "learning_rate": 0.0001,
  "use_scalar_energy": true,
  "use_ired_contrastive_loss": false,
  "use_gradient_contrastive": false,
  "gc_temperature": 1.0,
  "use_pgd_negatives": true,
  "pgd_center_on_positive": false,
  "pgd_delta": 0.5,
  "pgd_step_size": 0.16666666666666666,
  "mining_opt_steps": 3,
  "tam_trajectory_anchor_step": 1,
  "tam_ctl_weight": 0.0,
  "tam_recovery_steps": 3,
  "mining_noise_scale": 1.5,
  "use_replay_buffer": false,
  "use_cd_loss": false,
  "energy_loss_weight": 0.05,
  "energy_reg_weight": 0.0,
  "use_residual_filter": false,
  "use_energy_schedule": false,
  "adam_betas": [
    0.0,
    0.999
  ],
  "output_dir": "results/ds_inverse/q220_sweep_07",
  "notes": "TAM sweep config 7: delta=0.5, pgd_steps=3, anchor_step=1, ctl_weight=0.0, use_gc=False. 20k steps for compute-fair mini-sweep.",
  "seed": 0
}
Dataset: Inverse matrices (220x220)
Input dimension: 48400, Output dimension: 48400
Trainer initialized. Output directory: results/ds_inverse/q220_sweep_07
Training for 20000 steps...
[CD-DIAG step=100] E_pos=-0.2151 E_neg=-0.2152 margin=-0.0001 E_wtd=0.034659 MSE=1.000027 gradE=0.0009 pred_norm=0.0000 pred_std=0.0000 pred_abs=0.0000 tgt_std=0.9999 tgt_abs=0.7978 cos=0.0001 neg_dist=23.5100 lang_grad0=0.0000 lang_gradK=0.0000 lang_disp=0.0000 step=0.0000 sigma=0.0000
[TAM-DIAG step=100] mse=1.000027 neg_dist=23.5100 anchor_dist=23.5100 pgd_disp=0.0000 mse_neg_init=0.9999 mse_neg_final=0.9999 recovery_mse_before=0.000000 recovery_mse_after=0.000000 pred_norm=0.0000 cos=0.0001
[CD-DIAG step=200] E_pos=-0.1714 E_neg=-0.1714 margin=-0.0000 E_wtd=0.034658 MSE=1.000045 gradE=0.0006 pred_norm=0.0000 pred_std=0.0000 pred_abs=0.0000 tgt_std=1.0001 tgt_abs=0.7980 cos=0.0000 neg_dist=11.5348 lang_grad0=0.0000 lang_gradK=0.0000 lang_disp=0.0000 step=0.0000 sigma=0.0000
[TAM-DIAG step=200] mse=1.000045 neg_dist=11.5348 anchor_dist=11.5348 pgd_disp=0.0000 mse_neg_init=1.0002 mse_neg_final=1.0002 recovery_mse_before=0.000000 recovery_mse_after=0.000000 pred_norm=0.0000 cos=0.0000
[CD-DIAG step=300] E_pos=-0.1833 E_neg=-0.1834 margin=-0.0001 E_wtd=0.034660 MSE=1.000091 gradE=0.0004 pred_norm=0.0000 pred_std=0.0000 pred_abs=0.0000 tgt_std=0.9999 tgt_abs=0.7978 cos=0.0002 neg_dist=70.9779 lang_grad0=0.0000 lang_gradK=0.0000 lang_disp=0.0000 step=0.0000 sigma=0.0000
[TAM-DIAG step=300] mse=1.000091 neg_dist=70.9779 anchor_dist=70.9779 pgd_disp=0.0000 mse_neg_init=0.9998 mse_neg_final=0.9998 recovery_mse_before=0.000000 recovery_mse_after=0.000000 pred_norm=0.0000 cos=0.0002
[CD-DIAG step=400] E_pos=-0.0366 E_neg=-0.0366 margin=-0.0000 E_wtd=0.034658 MSE=1.000060 gradE=0.0004 pred_norm=0.0000 pred_std=0.0000 pred_abs=0.0000 tgt_std=1.0000 tgt_abs=0.7978 cos=0.0003 neg_dist=8.8574 lang_grad0=0.0000 lang_gradK=0.0000 lang_disp=0.0000 step=0.0000 sigma=0.0000
[TAM-DIAG step=400] mse=1.000060 neg_dist=8.8574 anchor_dist=8.8574 pgd_disp=0.0000 mse_neg_init=0.9999 mse_neg_final=0.9999 recovery_mse_before=0.000000 recovery_mse_after=0.000000 pred_norm=0.0000 cos=0.0003
[CD-DIAG step=500] E_pos=-0.0581 E_neg=-0.0581 margin=-0.0000 E_wtd=0.034658 MSE=0.999805 gradE=0.0004 pred_norm=0.0000 pred_std=0.0000 pred_abs=0.0000 tgt_std=1.0000 tgt_abs=0.7979 cos=-0.0001 neg_dist=4.6652 lang_grad0=0.0000 lang_gradK=0.0000 lang_disp=0.0000 step=0.0000 sigma=0.0000
[TAM-DIAG step=500] mse=0.999805 neg_dist=4.6652 anchor_dist=4.6652 pgd_disp=0.0000 mse_neg_init=1.0001 mse_neg_final=1.0001 recovery_mse_before=0.000000 recovery_mse_after=0.000000 pred_norm=0.0000 cos=-0.0001
[CD-DIAG step=600] E_pos=-0.1826 E_neg=-0.1826 margin=-0.0000 E_wtd=0.034658 MSE=1.000327 gradE=0.0003 pred_norm=0.0000 pred_std=0.0000 pred_abs=0.0000 tgt_std=1.0000 tgt_abs=0.7978 cos=-0.0001 neg_dist=8.2691 lang_grad0=0.0000 lang_gradK=0.0000 lang_disp=0.0000 step=0.0000 sigma=0.0000
[TAM-DIAG step=600] mse=1.000327 neg_dist=8.2691 anchor_dist=8.2691 pgd_disp=0.0000 mse_neg_init=1.0000 mse_neg_final=1.0000 recovery_mse_before=0.000000 recovery_mse_after=0.000000 pred_norm=0.0000 cos=-0.0001
[CD-DIAG step=700] E_pos=-0.0725 E_neg=-0.0725 margin=-0.0000 E_wtd=0.034658 MSE=0.999929 gradE=0.0003 pred_norm=0.0000 pred_std=0.0000 pred_abs=0.0000 tgt_std=1.0000 tgt_abs=0.7979 cos=0.0001 neg_dist=6.3563 lang_grad0=0.0000 lang_gradK=0.0000 lang_disp=0.0000 step=0.0000 sigma=0.0000
[TAM-DIAG step=700] mse=0.999929 neg_dist=6.3563 anchor_dist=6.3563 pgd_disp=0.0000 mse_neg_init=0.9999 mse_neg_final=0.9999 recovery_mse_before=0.000000 recovery_mse_after=0.000000 pred_norm=0.0000 cos=0.0001
[CD-DIAG step=800] E_pos=-0.0004 E_neg=-0.0005 margin=-0.0000 E_wtd=0.034658 MSE=1.000012 gradE=0.0003 pred_norm=0.0000 pred_std=0.0000 pred_abs=0.0000 tgt_std=1.0000 tgt_abs=0.7979 cos=0.0000 neg_dist=35.9189 lang_grad0=0.0000 lang_gradK=0.0000 lang_disp=0.0000 step=0.0000 sigma=0.0000
[TAM-DIAG step=800] mse=1.000012 neg_dist=35.9189 anchor_dist=35.9189 pgd_disp=0.0000 mse_neg_init=1.0001 mse_neg_final=1.0001 recovery_mse_before=0.000000 recovery_mse_after=0.000000 pred_norm=0.0000 cos=0.0000
