Job started at Thu Feb 19 10:51:30 EST 2026
Running on host: holygpu8a22406.rc.fas.harvard.edu
Job ID: 61183154
Git URL: https://github.com/mdkrasnow/research-repo.git
Git SHA: 68072879cec015022d527c62ad5800482c997026
Work directory: /tmp/ired-job-61183154
GPU info:
Thu Feb 19 10:51:31 2026       
+-----------------------------------------------------------------------------------------+
| NVIDIA-SMI 575.57.08              Driver Version: 575.57.08      CUDA Version: 12.9     |
|-----------------------------------------+------------------------+----------------------+
| GPU  Name                 Persistence-M | Bus-Id          Disp.A | Volatile Uncorr. ECC |
| Fan  Temp   Perf          Pwr:Usage/Cap |           Memory-Usage | GPU-Util  Compute M. |
|                                         |                        |               MIG M. |
|=========================================+========================+======================|
|   0  NVIDIA A100-SXM4-80GB          On  |   00000000:4B:00.0 Off |                    0 |
| N/A   27C    P0             62W /  500W |       0MiB /  81920MiB |      0%      Default |
|                                         |                        |             Disabled |
+-----------------------------------------+------------------------+----------------------+
                                                                                         
+-----------------------------------------------------------------------------------------+
| Processes:                                                                              |
|  GPU   GI   CI              PID   Type   Process name                        GPU Memory |
|        ID   ID                                                               Usage      |
|=========================================================================================|
|  No running processes found                                                             |
+-----------------------------------------------------------------------------------------+
Cloning repository...
Repository cloned and checked out to: 6807287
Repository info:
6807287 Add q214/q215: scalar energy + standard CD loss (no hinge), 100K steps
Starting q214: scalar energy + CD loss + Langevin...
Loading configuration from: projects/ired/configs/q214_scalar_cd_langevin.json
Configuration saved to: results/ds_inverse/q214_scalar_cd_langevin/experiment_config.json
Setting random seed: 0
Starting experiment with mining strategy: cd_langevin
Configuration: {
  "experiment_name": "q214_scalar_cd_langevin",
  "description": "Scalar energy head + standard CD loss + Langevin sampling. No contrastive/hinge.",
  "investigation": "ired-cd",
  "ablation_stage": "scalar_cd_langevin",
  "mining_strategy": "cd_langevin",
  "rank": 20,
  "ood": false,
  "diffusion_steps": 10,
  "batch_size": 2048,
  "train_steps": 100000,
  "learning_rate": 0.0001,
  "mining_opt_steps": 10,
  "energy_reg_weight": 0.1,
  "mining_noise_scale": 1.5,
  "langevin_sigma_multiplier": 0.1,
  "use_langevin": true,
  "use_replay_buffer": false,
  "use_cd_loss": true,
  "use_ired_contrastive_loss": false,
  "use_scalar_energy": true,
  "use_residual_filter": false,
  "use_energy_schedule": false,
  "energy_loss_weight": 0.05,
  "adam_betas": [
    0.0,
    0.999
  ],
  "output_dir": "results/ds_inverse/q214_scalar_cd_langevin",
  "notes": "Standard CD loss (E_neg - E_pos) with scalar energy head. Langevin sampling for negatives (k=10 steps). No hinge/contrastive. Tests whether CD loss works with scalar energy head that avoids gradient collapse.",
  "seed": 0
}
Dataset: Inverse matrices (20x20)
Input dimension: 400, Output dimension: 400
Trainer initialized. Output directory: results/ds_inverse/q214_scalar_cd_langevin
Training for 100000 steps...
[CD-DIAG step=100] E_pos=0.1471 E_neg=0.0726 margin=-0.0745 E_wtd=-0.003724 MSE=1.001787 gradE=0.0995 pred=0.0000 neg_dist=23.3918 lang_grad0=0.0000 lang_gradK=0.0000 lang_disp=7.4946 step=0.4534 sigma=0.0919
[CD-DIAG step=200] E_pos=0.2677 E_neg=0.0945 margin=-0.1732 E_wtd=-0.008660 MSE=0.998087 gradE=0.1906 pred=0.0001 neg_dist=23.4223 lang_grad0=0.0001 lang_gradK=0.0001 lang_disp=7.4601 step=0.4468 sigma=0.0914
[CD-DIAG step=300] E_pos=0.4008 E_neg=0.1564 margin=-0.2444 E_wtd=-0.012220 MSE=0.999426 gradE=0.2542 pred=0.0001 neg_dist=23.1639 lang_grad0=0.0001 lang_gradK=0.0001 lang_disp=7.4107 step=0.4461 sigma=0.0912
[CD-DIAG step=400] E_pos=0.4678 E_neg=0.1559 margin=-0.3119 E_wtd=-0.015594 MSE=0.999503 gradE=0.3014 pred=0.0001 neg_dist=23.4704 lang_grad0=0.0002 lang_gradK=0.0002 lang_disp=7.4589 step=0.4458 sigma=0.0913
[CD-DIAG step=500] E_pos=0.5610 E_neg=0.1792 margin=-0.3818 E_wtd=-0.019091 MSE=0.999740 gradE=0.3394 pred=0.0002 neg_dist=23.1159 lang_grad0=0.0002 lang_gradK=0.0002 lang_disp=7.3904 step=0.4438 sigma=0.0910
[CD-DIAG step=600] E_pos=0.6454 E_neg=0.2045 margin=-0.4408 E_wtd=-0.022042 MSE=0.998188 gradE=0.3758 pred=0.0002 neg_dist=23.1876 lang_grad0=0.0002 lang_gradK=0.0002 lang_disp=7.4474 step=0.4431 sigma=0.0909
[CD-DIAG step=700] E_pos=0.7428 E_neg=0.2278 margin=-0.5150 E_wtd=-0.025750 MSE=1.002192 gradE=0.4095 pred=0.0002 neg_dist=23.3171 lang_grad0=0.0002 lang_gradK=0.0002 lang_disp=7.4180 step=0.4448 sigma=0.0911
[CD-DIAG step=800] E_pos=0.8590 E_neg=0.2583 margin=-0.6007 E_wtd=-0.030034 MSE=1.002043 gradE=0.4468 pred=0.0002 neg_dist=23.2809 lang_grad0=0.0002 lang_gradK=0.0002 lang_disp=7.4655 step=0.4491 sigma=0.0915
[CD-DIAG step=900] E_pos=0.9240 E_neg=0.2371 margin=-0.6869 E_wtd=-0.034345 MSE=0.997606 gradE=0.4844 pred=0.0002 neg_dist=23.2111 lang_grad0=0.0003 lang_gradK=0.0002 lang_disp=7.4192 step=0.4420 sigma=0.0909
[CD-DIAG step=1000] E_pos=1.0690 E_neg=0.2645 margin=-0.8045 E_wtd=-0.040227 MSE=1.002262 gradE=0.5215 pred=0.0003 neg_dist=23.0848 lang_grad0=0.0003 lang_gradK=0.0003 lang_disp=7.3765 step=0.4415 sigma=0.0907
Running Evaluation...
Validation Result @ Iteration 1000; Milestone = 1 (Train)
---------  -------
mse_error  3.86983
---------  -------
Validation Result @ Iteration 1000; Milestone = 1 (ID: Validation)
---  -------
mse  3.74404
---  -------
[CD-DIAG step=1100] E_pos=1.1581 E_neg=0.2538 margin=-0.9043 E_wtd=-0.045215 MSE=0.999728 gradE=0.5642 pred=0.0003 neg_dist=23.2742 lang_grad0=0.0003 lang_gradK=0.0003 lang_disp=7.4247 step=0.4454 sigma=0.0911
[CD-DIAG step=1200] E_pos=1.3359 E_neg=0.3245 margin=-1.0114 E_wtd=-0.050570 MSE=0.999113 gradE=0.6096 pred=0.0003 neg_dist=23.2497 lang_grad0=0.0003 lang_gradK=0.0003 lang_disp=7.4191 step=0.4429 sigma=0.0909
[CD-DIAG step=1300] E_pos=1.4587 E_neg=0.3007 margin=-1.1580 E_wtd=-0.057900 MSE=1.000733 gradE=0.6561 pred=0.0003 neg_dist=23.3232 lang_grad0=0.0004 lang_gradK=0.0003 lang_disp=7.4390 step=0.4454 sigma=0.0912
[CD-DIAG step=1400] E_pos=1.5686 E_neg=0.2833 margin=-1.2853 E_wtd=-0.064265 MSE=1.002690 gradE=0.7034 pred=0.0003 neg_dist=23.1363 lang_grad0=0.0004 lang_gradK=0.0004 lang_disp=7.4056 step=0.4419 sigma=0.0908
[CD-DIAG step=1500] E_pos=1.7130 E_neg=0.2960 margin=-1.4170 E_wtd=-0.070848 MSE=0.998562 gradE=0.7554 pred=0.0004 neg_dist=23.3268 lang_grad0=0.0004 lang_gradK=0.0004 lang_disp=7.4265 step=0.4447 sigma=0.0911
[CD-DIAG step=1600] E_pos=1.8818 E_neg=0.2835 margin=-1.5983 E_wtd=-0.079913 MSE=1.001898 gradE=0.8012 pred=0.0004 neg_dist=23.0961 lang_grad0=0.0004 lang_gradK=0.0004 lang_disp=7.3432 step=0.4416 sigma=0.0907
[CD-DIAG step=1700] E_pos=2.0444 E_neg=0.2407 margin=-1.8037 E_wtd=-0.090186 MSE=1.000823 gradE=0.8600 pred=0.0004 neg_dist=23.3014 lang_grad0=0.0005 lang_gradK=0.0005 lang_disp=7.4359 step=0.4441 sigma=0.0911
[CD-DIAG step=1800] E_pos=2.1217 E_neg=0.2575 margin=-1.8643 E_wtd=-0.093214 MSE=1.000997 gradE=0.9112 pred=0.0004 neg_dist=23.0789 lang_grad0=0.0005 lang_gradK=0.0005 lang_disp=7.3595 step=0.4403 sigma=0.0906
[CD-DIAG step=1900] E_pos=2.3309 E_neg=0.1625 margin=-2.1684 E_wtd=-0.108419 MSE=1.001819 gradE=0.9691 pred=0.0005 neg_dist=23.4282 lang_grad0=0.0006 lang_gradK=0.0005 lang_disp=7.5196 step=0.4522 sigma=0.0919
[CD-DIAG step=2000] E_pos=2.4313 E_neg=0.1665 margin=-2.2648 E_wtd=-0.113239 MSE=0.997596 gradE=1.0145 pred=0.0005 neg_dist=23.0871 lang_grad0=0.0006 lang_gradK=0.0006 lang_disp=7.3156 step=0.4370 sigma=0.0903
Running Evaluation...
Validation Result @ Iteration 2000; Milestone = 2 (Train)
---------  -------
mse_error  3.85947
---------  -------
Validation Result @ Iteration 2000; Milestone = 2 (ID: Validation)
---  -------
mse  3.66159
---  -------
[CD-DIAG step=2100] E_pos=2.2739 E_neg=-0.4300 margin=-2.7039 E_wtd=-0.135197 MSE=0.998722 gradE=1.1820 pred=0.0006 neg_dist=23.3954 lang_grad0=0.0007 lang_gradK=0.0006 lang_disp=7.4930 step=0.4489 sigma=0.0915
[CD-DIAG step=2200] E_pos=2.3766 E_neg=-0.5621 margin=-2.9386 E_wtd=-0.146932 MSE=1.002237 gradE=1.2807 pred=0.0006 neg_dist=23.3395 lang_grad0=0.0007 lang_gradK=0.0007 lang_disp=7.4542 step=0.4490 sigma=0.0915
[CD-DIAG step=2300] E_pos=2.6065 E_neg=-0.5849 margin=-3.1914 E_wtd=-0.159570 MSE=1.000328 gradE=1.3462 pred=0.0007 neg_dist=23.2915 lang_grad0=0.0008 lang_gradK=0.0007 lang_disp=7.4061 step=0.4419 sigma=0.0909
[CD-DIAG step=2400] E_pos=2.7891 E_neg=-0.4971 margin=-3.2862 E_wtd=-0.164308 MSE=1.001146 gradE=1.3945 pred=0.0007 neg_dist=23.3627 lang_grad0=0.0008 lang_gradK=0.0008 lang_disp=7.4629 step=0.4466 sigma=0.0913
[CD-DIAG step=2500] E_pos=2.9482 E_neg=-0.5026 margin=-3.4508 E_wtd=-0.172539 MSE=0.999422 gradE=1.4169 pred=0.0007 neg_dist=23.0098 lang_grad0=0.0008 lang_gradK=0.0008 lang_disp=7.3027 step=0.4358 sigma=0.0902
[CD-DIAG step=2600] E_pos=3.0130 E_neg=-0.6106 margin=-3.6237 E_wtd=-0.181183 MSE=1.001857 gradE=1.4596 pred=0.0007 neg_dist=23.3383 lang_grad0=0.0009 lang_gradK=0.0008 lang_disp=7.4367 step=0.4442 sigma=0.0911
[CD-DIAG step=2700] E_pos=3.0858 E_neg=-0.6023 margin=-3.6881 E_wtd=-0.184404 MSE=1.000959 gradE=1.4970 pred=0.0007 neg_dist=23.5288 lang_grad0=0.0009 lang_gradK=0.0008 lang_disp=7.5032 step=0.4486 sigma=0.0916
[CD-DIAG step=2800] E_pos=3.1037 E_neg=-0.6602 margin=-3.7640 E_wtd=-0.188199 MSE=1.000251 gradE=1.5024 pred=0.0007 neg_dist=23.2925 lang_grad0=0.0009 lang_gradK=0.0008 lang_disp=7.4716 step=0.4469 sigma=0.0913
[CD-DIAG step=2900] E_pos=3.0489 E_neg=-0.6815 margin=-3.7304 E_wtd=-0.186522 MSE=0.996417 gradE=1.5223 pred=0.0007 neg_dist=23.2953 lang_grad0=0.0009 lang_gradK=0.0009 lang_disp=7.4511 step=0.4506 sigma=0.0916
[CD-DIAG step=3000] E_pos=3.2188 E_neg=-0.7413 margin=-3.9601 E_wtd=-0.198006 MSE=0.999597 gradE=1.5469 pred=0.0008 neg_dist=23.5387 lang_grad0=0.0009 lang_gradK=0.0009 lang_disp=7.5303 step=0.4544 sigma=0.0921
Running Evaluation...
Validation Result @ Iteration 3000; Milestone = 3 (Train)
---------  -------
mse_error  3.84568
---------  -------
Validation Result @ Iteration 3000; Milestone = 3 (ID: Validation)
---  -------
mse  3.56587
---  -------
[CD-DIAG step=3100] E_pos=3.2476 E_neg=-0.6979 margin=-3.9455 E_wtd=-0.197277 MSE=0.999228 gradE=1.5426 pred=0.0008 neg_dist=23.1658 lang_grad0=0.0009 lang_gradK=0.0009 lang_disp=7.4430 step=0.4480 sigma=0.0913
[CD-DIAG step=3200] E_pos=3.2214 E_neg=-0.8068 margin=-4.0282 E_wtd=-0.201409 MSE=0.999200 gradE=1.5597 pred=0.0008 neg_dist=23.2518 lang_grad0=0.0009 lang_gradK=0.0009 lang_disp=7.4075 step=0.4407 sigma=0.0907
[CD-DIAG step=3300] E_pos=3.2343 E_neg=-0.8537 margin=-4.0880 E_wtd=-0.204401 MSE=0.999605 gradE=1.5610 pred=0.0008 neg_dist=23.1827 lang_grad0=0.0009 lang_gradK=0.0009 lang_disp=7.4111 step=0.4447 sigma=0.0910
[CD-DIAG step=3400] E_pos=3.2218 E_neg=-0.8219 margin=-4.0438 E_wtd=-0.202189 MSE=1.000311 gradE=1.5800 pred=0.0008 neg_dist=23.2237 lang_grad0=0.0009 lang_gradK=0.0009 lang_disp=7.3602 step=0.4355 sigma=0.0903
[CD-DIAG step=3500] E_pos=3.1761 E_neg=-1.0129 margin=-4.1889 E_wtd=-0.209446 MSE=1.003010 gradE=1.5895 pred=0.0008 neg_dist=23.2812 lang_grad0=0.0010 lang_gradK=0.0009 lang_disp=7.4847 step=0.4490 sigma=0.0915
[CD-DIAG step=3600] E_pos=3.2663 E_neg=-1.0136 margin=-4.2798 E_wtd=-0.213992 MSE=1.002248 gradE=1.6055 pred=0.0008 neg_dist=23.5174 lang_grad0=0.0010 lang_gradK=0.0009 lang_disp=7.4742 step=0.4497 sigma=0.0917
[CD-DIAG step=3700] E_pos=3.1900 E_neg=-1.0402 margin=-4.2302 E_wtd=-0.211511 MSE=1.002109 gradE=1.5947 pred=0.0008 neg_dist=23.1698 lang_grad0=0.0010 lang_gradK=0.0009 lang_disp=7.4189 step=0.4444 sigma=0.0910
[CD-DIAG step=3800] E_pos=3.2455 E_neg=-0.9912 margin=-4.2367 E_wtd=-0.211836 MSE=1.001199 gradE=1.6035 pred=0.0008 neg_dist=23.1611 lang_grad0=0.0010 lang_gradK=0.0009 lang_disp=7.3606 step=0.4400 sigma=0.0907
[CD-DIAG step=3900] E_pos=3.2376 E_neg=-1.0501 margin=-4.2877 E_wtd=-0.214385 MSE=1.001905 gradE=1.6138 pred=0.0008 neg_dist=23.1890 lang_grad0=0.0010 lang_gradK=0.0009 lang_disp=7.4232 step=0.4415 sigma=0.0908
[CD-DIAG step=4000] E_pos=3.2950 E_neg=-1.1388 margin=-4.4338 E_wtd=-0.221689 MSE=0.998376 gradE=1.6232 pred=0.0008 neg_dist=23.4331 lang_grad0=0.0010 lang_gradK=0.0009 lang_disp=7.5526 step=0.4583 sigma=0.0923
Running Evaluation...
Validation Result @ Iteration 4000; Milestone = 4 (Train)
---------  -------
mse_error  3.83748
---------  -------
Validation Result @ Iteration 4000; Milestone = 4 (ID: Validation)
---  -------
mse  3.50571
---  -------
[CD-DIAG step=4100] E_pos=1.8737 E_neg=-2.8457 margin=-4.7194 E_wtd=-0.235972 MSE=1.001559 gradE=1.7639 pred=0.0009 neg_dist=23.3876 lang_grad0=0.0010 lang_gradK=0.0010 lang_disp=7.4611 step=0.4467 sigma=0.0913
[CD-DIAG step=4200] E_pos=1.9080 E_neg=-3.0273 margin=-4.9353 E_wtd=-0.246767 MSE=0.998994 gradE=1.8202 pred=0.0009 neg_dist=23.4259 lang_grad0=0.0011 lang_gradK=0.0010 lang_disp=7.4586 step=0.4480 sigma=0.0914
[CD-DIAG step=4300] E_pos=2.0070 E_neg=-3.0195 margin=-5.0265 E_wtd=-0.251325 MSE=0.999202 gradE=1.8287 pred=0.0009 neg_dist=23.0917 lang_grad0=0.0011 lang_gradK=0.0011 lang_disp=7.3110 step=0.4367 sigma=0.0903
[CD-DIAG step=4400] E_pos=1.9501 E_neg=-3.2219 margin=-5.1719 E_wtd=-0.258595 MSE=1.000917 gradE=1.8667 pred=0.0009 neg_dist=23.3348 lang_grad0=0.0011 lang_gradK=0.0011 lang_disp=7.3993 step=0.4429 sigma=0.0910
[CD-DIAG step=4500] E_pos=1.8060 E_neg=-3.2458 margin=-5.0518 E_wtd=-0.252589 MSE=1.000186 gradE=1.8546 pred=0.0009 neg_dist=22.9384 lang_grad0=0.0011 lang_gradK=0.0011 lang_disp=7.3979 step=0.4449 sigma=0.0910
[CD-DIAG step=4600] E_pos=1.8524 E_neg=-3.2497 margin=-5.1022 E_wtd=-0.255109 MSE=1.000029 gradE=1.8843 pred=0.0009 neg_dist=23.2154 lang_grad0=0.0011 lang_gradK=0.0011 lang_disp=7.3911 step=0.4437 sigma=0.0910
[CD-DIAG step=4700] E_pos=1.9651 E_neg=-3.3415 margin=-5.3065 E_wtd=-0.265327 MSE=0.996965 gradE=1.8877 pred=0.0009 neg_dist=23.4012 lang_grad0=0.0011 lang_gradK=0.0011 lang_disp=7.4909 step=0.4495 sigma=0.0916
[CD-DIAG step=4800] E_pos=1.8398 E_neg=-3.4019 margin=-5.2418 E_wtd=-0.262088 MSE=0.998883 gradE=1.8809 pred=0.0009 neg_dist=23.1088 lang_grad0=0.0011 lang_gradK=0.0011 lang_disp=7.3607 step=0.4425 sigma=0.0908
[CD-DIAG step=4900] E_pos=1.9055 E_neg=-3.4447 margin=-5.3502 E_wtd=-0.267511 MSE=1.002239 gradE=1.9003 pred=0.0009 neg_dist=23.3799 lang_grad0=0.0011 lang_gradK=0.0011 lang_disp=7.4336 step=0.4450 sigma=0.0911
[CD-DIAG step=5000] E_pos=1.8356 E_neg=-3.4408 margin=-5.2764 E_wtd=-0.263822 MSE=0.999058 gradE=1.8958 pred=0.0009 neg_dist=23.2432 lang_grad0=0.0011 lang_gradK=0.0011 lang_disp=7.4181 step=0.4441 sigma=0.0911
Running Evaluation...
Validation Result @ Iteration 5000; Milestone = 5 (Train)
---------  ------
mse_error  3.8301
---------  ------
Validation Result @ Iteration 5000; Milestone = 5 (ID: Validation)
---  ------
mse  3.4581
---  ------
[CD-DIAG step=5100] E_pos=1.7724 E_neg=-3.4064 margin=-5.1788 E_wtd=-0.258941 MSE=1.000321 gradE=1.8905 pred=0.0009 neg_dist=23.1449 lang_grad0=0.0011 lang_gradK=0.0011 lang_disp=7.4068 step=0.4423 sigma=0.0908
[CD-DIAG step=5200] E_pos=1.7552 E_neg=-3.6030 margin=-5.3583 E_wtd=-0.267913 MSE=1.002796 gradE=1.8925 pred=0.0009 neg_dist=23.2806 lang_grad0=0.0011 lang_gradK=0.0011 lang_disp=7.4287 step=0.4448 sigma=0.0911
[CD-DIAG step=5300] E_pos=1.6569 E_neg=-3.6234 margin=-5.2803 E_wtd=-0.264017 MSE=1.004355 gradE=1.8963 pred=0.0009 neg_dist=23.3275 lang_grad0=0.0011 lang_gradK=0.0011 lang_disp=7.4803 step=0.4524 sigma=0.0918
[CD-DIAG step=5400] E_pos=1.6410 E_neg=-3.6914 margin=-5.3324 E_wtd=-0.266621 MSE=1.001036 gradE=1.8827 pred=0.0009 neg_dist=23.0702 lang_grad0=0.0011 lang_gradK=0.0011 lang_disp=7.4077 step=0.4404 sigma=0.0906
[CD-DIAG step=5500] E_pos=1.5813 E_neg=-3.6530 margin=-5.2343 E_wtd=-0.261716 MSE=0.998638 gradE=1.9039 pred=0.0009 neg_dist=23.3656 lang_grad0=0.0011 lang_gradK=0.0011 lang_disp=7.4468 step=0.4447 sigma=0.0912
[CD-DIAG step=5600] E_pos=1.5627 E_neg=-3.7573 margin=-5.3200 E_wtd=-0.266001 MSE=1.000192 gradE=1.8969 pred=0.0009 neg_dist=23.3416 lang_grad0=0.0011 lang_gradK=0.0011 lang_disp=7.4584 step=0.4485 sigma=0.0914
[CD-DIAG step=5700] E_pos=1.6628 E_neg=-3.7893 margin=-5.4521 E_wtd=-0.272605 MSE=0.999730 gradE=1.8948 pred=0.0009 neg_dist=23.4687 lang_grad0=0.0011 lang_gradK=0.0011 lang_disp=7.4976 step=0.4507 sigma=0.0917
[CD-DIAG step=5800] E_pos=1.5576 E_neg=-3.8975 margin=-5.4550 E_wtd=-0.272752 MSE=1.000903 gradE=1.8977 pred=0.0009 neg_dist=23.3956 lang_grad0=0.0011 lang_gradK=0.0011 lang_disp=7.4443 step=0.4443 sigma=0.0911
[CD-DIAG step=5900] E_pos=1.5571 E_neg=-3.7831 margin=-5.3402 E_wtd=-0.267011 MSE=0.997674 gradE=1.8800 pred=0.0009 neg_dist=23.1883 lang_grad0=0.0011 lang_gradK=0.0011 lang_disp=7.3995 step=0.4418 sigma=0.0908
[CD-DIAG step=6000] E_pos=1.4770 E_neg=-3.9024 margin=-5.3794 E_wtd=-0.268970 MSE=1.001887 gradE=1.9004 pred=0.0009 neg_dist=23.5030 lang_grad0=0.0011 lang_gradK=0.0011 lang_disp=7.5166 step=0.4494 sigma=0.0917
Running Evaluation...
Validation Result @ Iteration 6000; Milestone = 6 (Train)
---------  -------
mse_error  3.82665
---------  -------
Validation Result @ Iteration 6000; Milestone = 6 (ID: Validation)
---  -------
mse  3.44048
---  -------
[CD-DIAG step=6100] E_pos=2.3056 E_neg=-3.2140 margin=-5.5195 E_wtd=-0.275977 MSE=1.000813 gradE=1.9308 pred=0.0009 neg_dist=23.3338 lang_grad0=0.0011 lang_gradK=0.0011 lang_disp=7.5302 step=0.4546 sigma=0.0920
[CD-DIAG step=6200] E_pos=2.2935 E_neg=-3.3888 margin=-5.6823 E_wtd=-0.284115 MSE=1.002907 gradE=1.9604 pred=0.0010 neg_dist=23.3389 lang_grad0=0.0012 lang_gradK=0.0011 lang_disp=7.4337 step=0.4451 sigma=0.0912
[CD-DIAG step=6300] E_pos=2.2768 E_neg=-3.2391 margin=-5.5159 E_wtd=-0.275796 MSE=1.000682 gradE=1.9590 pred=0.0010 neg_dist=22.9782 lang_grad0=0.0012 lang_gradK=0.0011 lang_disp=7.3484 step=0.4364 sigma=0.0903
[CD-DIAG step=6400] E_pos=2.2108 E_neg=-3.5586 margin=-5.7694 E_wtd=-0.288470 MSE=1.000463 gradE=2.0126 pred=0.0010 neg_dist=23.5777 lang_grad0=0.0012 lang_gradK=0.0012 lang_disp=7.5051 step=0.4508 sigma=0.0918
