Job started at Wed Feb 18 22:26:56 EST 2026
Running on host: holygpu8a22406.rc.fas.harvard.edu
Job ID: 61087182
Git URL: https://github.com/mdkrasnow/research-repo.git
Git SHA: 9125a0270f59e8930ae21028cf3fbfb301762a93
Work directory: /tmp/ired-job-61087182
GPU info:
Wed Feb 18 22:26:56 2026       
+-----------------------------------------------------------------------------------------+
| NVIDIA-SMI 575.57.08              Driver Version: 575.57.08      CUDA Version: 12.9     |
|-----------------------------------------+------------------------+----------------------+
| GPU  Name                 Persistence-M | Bus-Id          Disp.A | Volatile Uncorr. ECC |
| Fan  Temp   Perf          Pwr:Usage/Cap |           Memory-Usage | GPU-Util  Compute M. |
|                                         |                        |               MIG M. |
|=========================================+========================+======================|
|   0  NVIDIA A100-SXM4-80GB          On  |   00000000:E3:00.0 Off |                    0 |
| N/A   26C    P0             58W /  500W |       0MiB /  81920MiB |      0%      Default |
|                                         |                        |             Disabled |
+-----------------------------------------+------------------------+----------------------+
                                                                                         
+-----------------------------------------------------------------------------------------+
| Processes:                                                                              |
|  GPU   GI   CI              PID   Type   Process name                        GPU Memory |
|        ID   ID                                                               Usage      |
|=========================================================================================|
|  No running processes found                                                             |
+-----------------------------------------------------------------------------------------+
Cloning repository...
Repository cloned and checked out to: 9125a02
Repository info:
9125a02 Add CD diagnostic logging and Langevin displacement tracking
Starting IRED-CD baseline (current NCE implementation)...
Loading configuration from: projects/ired/configs/q201_baseline.json
Configuration saved to: results/ds_inverse/q201_baseline/experiment_config.json
Setting random seed: 5
Starting experiment with mining strategy: adversarial
Configuration: {
  "experiment_name": "q201_baseline",
  "description": "IRED-CD Investigation - Baseline (current NCE implementation for comparison)",
  "investigation": "ired-cd",
  "ablation_stage": "baseline",
  "mining_strategy": "adversarial",
  "rank": 20,
  "ood": false,
  "diffusion_steps": 10,
  "batch_size": 2048,
  "train_steps": 20000,
  "learning_rate": 0.0001,
  "mining_opt_steps": 10,
  "mining_noise_scale": 1.5,
  "output_dir": "results/ds_inverse/q201_baseline",
  "notes": "Current implementation with NCE loss. Baseline for IRED-CD ablation study. Using k=10 steps, noise_scale=1.5 (reduced from 3.0).",
  "seed": 5
}
Dataset: Inverse matrices (20x20)
Input dimension: 400, Output dimension: 400
Trainer initialized. Output directory: results/ds_inverse/q201_baseline
Training for 20000 steps...
[CD-DIAG step=100] E_pos=967.9664 E_neg=1059.2952 CD_raw=-91.3288 CD_wtd=0.020969 MSE=0.998816 neg_dist=15.2580 lang_grad0=0.0000 lang_gradK=0.0000 lang_disp=0.0000 step=0.0000 sigma=0.0000
[CD-DIAG step=200] E_pos=1848.1459 E_neg=2025.3136 CD_raw=-177.1678 CD_wtd=0.007609 MSE=1.000952 neg_dist=14.5423 lang_grad0=0.0000 lang_gradK=0.0000 lang_disp=0.0000 step=0.0000 sigma=0.0000
[CD-DIAG step=300] E_pos=1586.4446 E_neg=1687.8865 CD_raw=-101.4420 CD_wtd=0.007246 MSE=1.000000 neg_dist=9.1783 lang_grad0=0.0000 lang_gradK=0.0000 lang_disp=0.0000 step=0.0000 sigma=0.0000
[CD-DIAG step=400] E_pos=2767.7908 E_neg=3104.8086 CD_raw=-337.0177 CD_wtd=0.001485 MSE=1.002439 neg_dist=14.9998 lang_grad0=0.0000 lang_gradK=0.0000 lang_disp=0.0000 step=0.0000 sigma=0.0000
[CD-DIAG step=500] E_pos=6478.6753 E_neg=6530.9673 CD_raw=-52.2920 CD_wtd=1.325752 MSE=0.997811 neg_dist=2.1195 lang_grad0=0.0000 lang_gradK=0.0000 lang_disp=0.0000 step=0.0000 sigma=0.0000
[CD-DIAG step=600] E_pos=10330.1211 E_neg=10808.5898 CD_raw=-478.4681 CD_wtd=0.021549 MSE=0.999487 neg_dist=8.9673 lang_grad0=0.0000 lang_gradK=0.0000 lang_disp=0.0000 step=0.0000 sigma=0.0000
[CD-DIAG step=700] E_pos=9920.9912 E_neg=10171.9795 CD_raw=-250.9876 CD_wtd=0.025931 MSE=0.994757 neg_dist=5.2806 lang_grad0=0.0000 lang_gradK=0.0000 lang_disp=0.0000 step=0.0000 sigma=0.0000
[CD-DIAG step=800] E_pos=8597.3154 E_neg=9620.3613 CD_raw=-1023.0460 CD_wtd=0.008281 MSE=0.997776 neg_dist=13.3538 lang_grad0=0.0000 lang_gradK=0.0000 lang_disp=0.0000 step=0.0000 sigma=0.0000
[CD-DIAG step=900] E_pos=13061.2490 E_neg=14876.9619 CD_raw=-1815.7122 CD_wtd=0.054374 MSE=0.996056 neg_dist=15.1590 lang_grad0=0.0000 lang_gradK=0.0000 lang_disp=0.0000 step=0.0000 sigma=0.0000
[CD-DIAG step=1000] E_pos=11420.0146 E_neg=12934.9727 CD_raw=-1514.9573 CD_wtd=0.039320 MSE=0.996243 neg_dist=13.4387 lang_grad0=0.0000 lang_gradK=0.0000 lang_disp=0.0000 step=0.0000 sigma=0.0000
Running Evaluation...
Validation Result @ Iteration 1000; Milestone = 1 (Train)
---------  -------
mse_error  2.92421
---------  -------
Validation Result @ Iteration 1000; Milestone = 1 (ID: Validation)
---  -------
mse  3.22175
---  -------
[CD-DIAG step=1100] E_pos=18272.4727 E_neg=21055.0039 CD_raw=-2782.5295 CD_wtd=0.017857 MSE=0.993509 neg_dist=15.1737 lang_grad0=0.0000 lang_gradK=0.0000 lang_disp=0.0000 step=0.0000 sigma=0.0000
[CD-DIAG step=1200] E_pos=31124.4219 E_neg=35351.4141 CD_raw=-4226.9932 CD_wtd=0.084896 MSE=0.986736 neg_dist=14.8685 lang_grad0=0.0000 lang_gradK=0.0000 lang_disp=0.0000 step=0.0000 sigma=0.0000
[CD-DIAG step=1300] E_pos=44002.7344 E_neg=48748.0078 CD_raw=-4745.2710 CD_wtd=0.315601 MSE=0.985812 neg_dist=13.9588 lang_grad0=0.0000 lang_gradK=0.0000 lang_disp=0.0000 step=0.0000 sigma=0.0000
[CD-DIAG step=1400] E_pos=39001.7500 E_neg=44515.6992 CD_raw=-5513.9512 CD_wtd=0.065434 MSE=0.987298 neg_dist=14.5109 lang_grad0=0.0000 lang_gradK=0.0000 lang_disp=0.0000 step=0.0000 sigma=0.0000
[CD-DIAG step=1500] E_pos=42074.4141 E_neg=41830.3906 CD_raw=244.0188 CD_wtd=195.876587 MSE=0.986235 neg_dist=4.6439 lang_grad0=0.0000 lang_gradK=0.0000 lang_disp=0.0000 step=0.0000 sigma=0.0000
[CD-DIAG step=1600] E_pos=55556.8594 E_neg=63410.9492 CD_raw=-7854.0879 CD_wtd=0.099053 MSE=0.981004 neg_dist=14.6063 lang_grad0=0.0000 lang_gradK=0.0000 lang_disp=0.0000 step=0.0000 sigma=0.0000
[CD-DIAG step=1700] E_pos=57113.5312 E_neg=62533.1875 CD_raw=-5419.6558 CD_wtd=0.073536 MSE=0.974821 neg_dist=12.3570 lang_grad0=0.0000 lang_gradK=0.0000 lang_disp=0.0000 step=0.0000 sigma=0.0000
[CD-DIAG step=1800] E_pos=100155.7812 E_neg=100354.0469 CD_raw=-198.2632 CD_wtd=17.983007 MSE=0.956670 neg_dist=1.6711 lang_grad0=0.0000 lang_gradK=0.0000 lang_disp=0.0000 step=0.0000 sigma=0.0000
[CD-DIAG step=1900] E_pos=87576.8281 E_neg=97273.0859 CD_raw=-9696.2471 CD_wtd=0.094826 MSE=0.960421 neg_dist=13.7378 lang_grad0=0.0000 lang_gradK=0.0000 lang_disp=0.0000 step=0.0000 sigma=0.0000
[CD-DIAG step=2000] E_pos=120813.2031 E_neg=132418.7812 CD_raw=-11605.5859 CD_wtd=0.001718 MSE=0.942900 neg_dist=13.6322 lang_grad0=0.0000 lang_gradK=0.0000 lang_disp=0.0000 step=0.0000 sigma=0.0000
Running Evaluation...
Validation Result @ Iteration 2000; Milestone = 2 (Train)
---------  -------
mse_error  3.18191
---------  -------
Validation Result @ Iteration 2000; Milestone = 2 (ID: Validation)
---  -------
mse  2.58292
---  -------
[CD-DIAG step=2100] E_pos=143431.3906 E_neg=149635.8750 CD_raw=-6204.4961 CD_wtd=3.762582 MSE=0.931960 neg_dist=11.1944 lang_grad0=0.0000 lang_gradK=0.0000 lang_disp=0.0000 step=0.0000 sigma=0.0000
[CD-DIAG step=2200] E_pos=155378.3438 E_neg=152534.8750 CD_raw=2843.4507 CD_wtd=1460.635254 MSE=0.928894 neg_dist=4.4256 lang_grad0=0.0000 lang_gradK=0.0000 lang_disp=0.0000 step=0.0000 sigma=0.0000
[CD-DIAG step=2300] E_pos=164240.5000 E_neg=178646.4688 CD_raw=-14405.9658 CD_wtd=0.000000 MSE=0.917588 neg_dist=13.0184 lang_grad0=0.0000 lang_gradK=0.0000 lang_disp=0.0000 step=0.0000 sigma=0.0000
[CD-DIAG step=2400] E_pos=187297.9844 E_neg=194866.3125 CD_raw=-7568.3262 CD_wtd=2.744404 MSE=0.903940 neg_dist=10.6747 lang_grad0=0.0000 lang_gradK=0.0000 lang_disp=0.0000 step=0.0000 sigma=0.0000
[CD-DIAG step=2500] E_pos=207827.3281 E_neg=223475.5781 CD_raw=-15648.2510 CD_wtd=0.000000 MSE=0.893050 neg_dist=12.6743 lang_grad0=0.0000 lang_gradK=0.0000 lang_disp=0.0000 step=0.0000 sigma=0.0000
[CD-DIAG step=2600] E_pos=259391.2500 E_neg=271313.2812 CD_raw=-11922.0205 CD_wtd=0.039014 MSE=0.867304 neg_dist=11.9757 lang_grad0=0.0000 lang_gradK=0.0000 lang_disp=0.0000 step=0.0000 sigma=0.0000
[CD-DIAG step=2700] E_pos=268686.8125 E_neg=284317.9688 CD_raw=-15631.1621 CD_wtd=0.000577 MSE=0.857271 neg_dist=11.9697 lang_grad0=0.0000 lang_gradK=0.0000 lang_disp=0.0000 step=0.0000 sigma=0.0000
[CD-DIAG step=2800] E_pos=335151.9375 E_neg=334432.4688 CD_raw=719.4679 CD_wtd=893.194214 MSE=0.830890 neg_dist=6.7410 lang_grad0=0.0000 lang_gradK=0.0000 lang_disp=0.0000 step=0.0000 sigma=0.0000
[CD-DIAG step=2900] E_pos=334707.6250 E_neg=331981.1875 CD_raw=2726.4446 CD_wtd=1421.050293 MSE=0.822088 neg_dist=4.1815 lang_grad0=0.0000 lang_gradK=0.0000 lang_disp=0.0000 step=0.0000 sigma=0.0000
[CD-DIAG step=3000] E_pos=346614.3125 E_neg=346889.3438 CD_raw=-275.0346 CD_wtd=529.939575 MSE=0.814128 neg_dist=6.4711 lang_grad0=0.0000 lang_gradK=0.0000 lang_disp=0.0000 step=0.0000 sigma=0.0000
Running Evaluation...
Validation Result @ Iteration 3000; Milestone = 3 (Train)
---------  -------
mse_error  2.52269
---------  -------
Validation Result @ Iteration 3000; Milestone = 3 (ID: Validation)
---  -------
mse  2.21136
---  -------
[CD-DIAG step=3100] E_pos=349855.4375 E_neg=364663.7188 CD_raw=-14808.2969 CD_wtd=0.005311 MSE=0.811490 neg_dist=11.3335 lang_grad0=0.0000 lang_gradK=0.0000 lang_disp=0.0000 step=0.0000 sigma=0.0000
[CD-DIAG step=3200] E_pos=415829.7500 E_neg=427520.8750 CD_raw=-11691.1465 CD_wtd=0.033217 MSE=0.781199 neg_dist=10.6277 lang_grad0=0.0000 lang_gradK=0.0000 lang_disp=0.0000 step=0.0000 sigma=0.0000
[CD-DIAG step=3300] E_pos=451498.5625 E_neg=464599.4062 CD_raw=-13100.8193 CD_wtd=0.070919 MSE=0.767025 neg_dist=10.7769 lang_grad0=0.0000 lang_gradK=0.0000 lang_disp=0.0000 step=0.0000 sigma=0.0000
[CD-DIAG step=3400] E_pos=493994.8750 E_neg=494477.5000 CD_raw=-482.6560 CD_wtd=442.643738 MSE=0.748448 neg_dist=5.9429 lang_grad0=0.0000 lang_gradK=0.0000 lang_disp=0.0000 step=0.0000 sigma=0.0000
[CD-DIAG step=3500] E_pos=506272.3750 E_neg=515772.1562 CD_raw=-9499.8135 CD_wtd=3.076732 MSE=0.741681 neg_dist=9.4680 lang_grad0=0.0000 lang_gradK=0.0000 lang_disp=0.0000 step=0.0000 sigma=0.0000
[CD-DIAG step=3600] E_pos=586553.0000 E_neg=594527.0000 CD_raw=-7973.9761 CD_wtd=8.364308 MSE=0.715848 neg_dist=9.3204 lang_grad0=0.0000 lang_gradK=0.0000 lang_disp=0.0000 step=0.0000 sigma=0.0000
[CD-DIAG step=3700] E_pos=560114.9375 E_neg=562102.9375 CD_raw=-1988.0037 CD_wtd=261.514313 MSE=0.720616 neg_dist=7.4093 lang_grad0=0.0000 lang_gradK=0.0000 lang_disp=0.0000 step=0.0000 sigma=0.0000
[CD-DIAG step=3800] E_pos=623878.1875 E_neg=631277.8750 CD_raw=-7399.6841 CD_wtd=8.613170 MSE=0.694503 neg_dist=9.2794 lang_grad0=0.0000 lang_gradK=0.0000 lang_disp=0.0000 step=0.0000 sigma=0.0000
[CD-DIAG step=3900] E_pos=630283.2500 E_neg=641876.1250 CD_raw=-11592.8652 CD_wtd=0.081743 MSE=0.687942 neg_dist=10.0840 lang_grad0=0.0000 lang_gradK=0.0000 lang_disp=0.0000 step=0.0000 sigma=0.0000
[CD-DIAG step=4000] E_pos=633027.8750 E_neg=633785.3750 CD_raw=-757.4804 CD_wtd=346.640076 MSE=0.686199 neg_dist=5.6308 lang_grad0=0.0000 lang_gradK=0.0000 lang_disp=0.0000 step=0.0000 sigma=0.0000
Running Evaluation...
Validation Result @ Iteration 4000; Milestone = 4 (Train)
---------  -------
mse_error  1.82321
---------  -------
Validation Result @ Iteration 4000; Milestone = 4 (ID: Validation)
---  -------
mse  1.91155
---  -------
[CD-DIAG step=4100] E_pos=699170.9375 E_neg=705307.1875 CD_raw=-6136.2119 CD_wtd=16.726078 MSE=0.665999 neg_dist=8.1601 lang_grad0=0.0000 lang_gradK=0.0000 lang_disp=0.0000 step=0.0000 sigma=0.0000
[CD-DIAG step=4200] E_pos=631987.6250 E_neg=645787.4375 CD_raw=-13799.7900 CD_wtd=0.009859 MSE=0.681238 neg_dist=10.0293 lang_grad0=0.0000 lang_gradK=0.0000 lang_disp=0.0000 step=0.0000 sigma=0.0000
[CD-DIAG step=4300] E_pos=680303.6250 E_neg=690856.5000 CD_raw=-10552.8574 CD_wtd=0.018419 MSE=0.668042 neg_dist=9.3014 lang_grad0=0.0000 lang_gradK=0.0000 lang_disp=0.0000 step=0.0000 sigma=0.0000
[CD-DIAG step=4400] E_pos=700258.1250 E_neg=711748.8125 CD_raw=-11490.6719 CD_wtd=0.075233 MSE=0.664836 neg_dist=9.6740 lang_grad0=0.0000 lang_gradK=0.0000 lang_disp=0.0000 step=0.0000 sigma=0.0000
[CD-DIAG step=4500] E_pos=721389.3750 E_neg=733083.5625 CD_raw=-11694.1348 CD_wtd=0.098618 MSE=0.658985 neg_dist=9.8700 lang_grad0=0.0000 lang_gradK=0.0000 lang_disp=0.0000 step=0.0000 sigma=0.0000
[CD-DIAG step=4600] E_pos=767410.6250 E_neg=767927.5000 CD_raw=-516.8596 CD_wtd=383.336426 MSE=0.645264 neg_dist=5.5286 lang_grad0=0.0000 lang_gradK=0.0000 lang_disp=0.0000 step=0.0000 sigma=0.0000
[CD-DIAG step=4700] E_pos=763602.3125 E_neg=762312.8750 CD_raw=1289.4412 CD_wtd=769.453430 MSE=0.643336 neg_dist=3.4552 lang_grad0=0.0000 lang_gradK=0.0000 lang_disp=0.0000 step=0.0000 sigma=0.0000
[CD-DIAG step=4800] E_pos=750252.3125 E_neg=761156.6250 CD_raw=-10904.3125 CD_wtd=0.048759 MSE=0.643502 neg_dist=9.2395 lang_grad0=0.0000 lang_gradK=0.0000 lang_disp=0.0000 step=0.0000 sigma=0.0000
[CD-DIAG step=4900] E_pos=746714.8750 E_neg=756940.8750 CD_raw=-10225.9697 CD_wtd=1.011440 MSE=0.646409 neg_dist=9.7585 lang_grad0=0.0000 lang_gradK=0.0000 lang_disp=0.0000 step=0.0000 sigma=0.0000
[CD-DIAG step=5000] E_pos=813511.6875 E_neg=821765.1875 CD_raw=-8253.5215 CD_wtd=1.287935 MSE=0.624599 neg_dist=8.5812 lang_grad0=0.0000 lang_gradK=0.0000 lang_disp=0.0000 step=0.0000 sigma=0.0000
Running Evaluation...
Validation Result @ Iteration 5000; Milestone = 5 (Train)
---------  -------
mse_error  1.43085
---------  -------
Validation Result @ Iteration 5000; Milestone = 5 (ID: Validation)
---  -------
mse  1.63521
---  -------
[CD-DIAG step=5100] E_pos=816430.5000 E_neg=816107.2500 CD_raw=323.2429 CD_wtd=314.202332 MSE=0.627722 neg_dist=1.6713 lang_grad0=0.0000 lang_gradK=0.0000 lang_disp=0.0000 step=0.0000 sigma=0.0000
[CD-DIAG step=5200] E_pos=849337.1875 E_neg=858659.6250 CD_raw=-9322.4453 CD_wtd=0.664432 MSE=0.611357 neg_dist=8.9891 lang_grad0=0.0000 lang_gradK=0.0000 lang_disp=0.0000 step=0.0000 sigma=0.0000
[CD-DIAG step=5300] E_pos=762903.1250 E_neg=769235.7500 CD_raw=-6332.6201 CD_wtd=7.701900 MSE=0.633248 neg_dist=7.7179 lang_grad0=0.0000 lang_gradK=0.0000 lang_disp=0.0000 step=0.0000 sigma=0.0000
[CD-DIAG step=5400] E_pos=818464.8125 E_neg=816574.8750 CD_raw=1889.9449 CD_wtd=1037.909424 MSE=0.617807 neg_dist=3.3867 lang_grad0=0.0000 lang_gradK=0.0000 lang_disp=0.0000 step=0.0000 sigma=0.0000
[CD-DIAG step=5500] E_pos=808367.5000 E_neg=820240.0000 CD_raw=-11872.4453 CD_wtd=0.424765 MSE=0.620190 neg_dist=9.3047 lang_grad0=0.0000 lang_gradK=0.0000 lang_disp=0.0000 step=0.0000 sigma=0.0000
[CD-DIAG step=5600] E_pos=810994.3125 E_neg=813268.5625 CD_raw=-2274.2063 CD_wtd=72.228287 MSE=0.616894 neg_dist=4.9743 lang_grad0=0.0000 lang_gradK=0.0000 lang_disp=0.0000 step=0.0000 sigma=0.0000
[CD-DIAG step=5700] E_pos=792297.3750 E_neg=804240.0625 CD_raw=-11942.7012 CD_wtd=0.043497 MSE=0.617216 neg_dist=9.2104 lang_grad0=0.0000 lang_gradK=0.0000 lang_disp=0.0000 step=0.0000 sigma=0.0000
[CD-DIAG step=5800] E_pos=837592.6250 E_neg=838833.1875 CD_raw=-1240.6409 CD_wtd=46.156509 MSE=0.612788 neg_dist=1.6542 lang_grad0=0.0000 lang_gradK=0.0000 lang_disp=0.0000 step=0.0000 sigma=0.0000
[CD-DIAG step=5900] E_pos=818028.6875 E_neg=828896.8125 CD_raw=-10868.1670 CD_wtd=0.091685 MSE=0.606635 neg_dist=8.8640 lang_grad0=0.0000 lang_gradK=0.0000 lang_disp=0.0000 step=0.0000 sigma=0.0000
[CD-DIAG step=6000] E_pos=877002.0625 E_neg=875671.5625 CD_raw=1330.4622 CD_wtd=799.733765 MSE=0.598720 neg_dist=3.2591 lang_grad0=0.0000 lang_gradK=0.0000 lang_disp=0.0000 step=0.0000 sigma=0.0000
Running Evaluation...
Validation Result @ Iteration 6000; Milestone = 6 (Train)
---------  -------
mse_error  1.16578
---------  -------
Validation Result @ Iteration 6000; Milestone = 6 (ID: Validation)
---  --------
mse  0.489041
---  --------
[CD-DIAG step=6100] E_pos=903542.2500 E_neg=914661.4375 CD_raw=-11119.2266 CD_wtd=0.179329 MSE=0.594756 neg_dist=9.1505 lang_grad0=0.0000 lang_gradK=0.0000 lang_disp=0.0000 step=0.0000 sigma=0.0000
[CD-DIAG step=6200] E_pos=907464.1250 E_neg=911611.4375 CD_raw=-4147.2339 CD_wtd=21.018253 MSE=0.588508 neg_dist=6.2322 lang_grad0=0.0000 lang_gradK=0.0000 lang_disp=0.0000 step=0.0000 sigma=0.0000
[CD-DIAG step=6300] E_pos=945909.2500 E_neg=956197.6250 CD_raw=-10288.3633 CD_wtd=0.199471 MSE=0.588194 neg_dist=8.5875 lang_grad0=0.0000 lang_gradK=0.0000 lang_disp=0.0000 step=0.0000 sigma=0.0000
[CD-DIAG step=6400] E_pos=943956.1250 E_neg=950179.0000 CD_raw=-6222.9014 CD_wtd=4.153672 MSE=0.585470 neg_dist=7.1301 lang_grad0=0.0000 lang_gradK=0.0000 lang_disp=0.0000 step=0.0000 sigma=0.0000
[CD-DIAG step=6500] E_pos=897819.7500 E_neg=902501.6875 CD_raw=-4681.9590 CD_wtd=10.930668 MSE=0.593734 neg_dist=6.0554 lang_grad0=0.0000 lang_gradK=0.0000 lang_disp=0.0000 step=0.0000 sigma=0.0000
[CD-DIAG step=6600] E_pos=948577.7500 E_neg=959263.0625 CD_raw=-10685.3535 CD_wtd=0.658334 MSE=0.580461 neg_dist=8.8233 lang_grad0=0.0000 lang_gradK=0.0000 lang_disp=0.0000 step=0.0000 sigma=0.0000
[CD-DIAG step=6700] E_pos=928748.6875 E_neg=941308.6250 CD_raw=-12559.9600 CD_wtd=0.091587 MSE=0.581946 neg_dist=9.1558 lang_grad0=0.0000 lang_gradK=0.0000 lang_disp=0.0000 step=0.0000 sigma=0.0000
[CD-DIAG step=6800] E_pos=944040.6250 E_neg=951042.8125 CD_raw=-7002.1543 CD_wtd=3.924948 MSE=0.584167 neg_dist=7.8708 lang_grad0=0.0000 lang_gradK=0.0000 lang_disp=0.0000 step=0.0000 sigma=0.0000
[CD-DIAG step=6900] E_pos=961787.3750 E_neg=971052.7500 CD_raw=-9265.4355 CD_wtd=0.189939 MSE=0.576661 neg_dist=8.3594 lang_grad0=0.0000 lang_gradK=0.0000 lang_disp=0.0000 step=0.0000 sigma=0.0000
[CD-DIAG step=7000] E_pos=952791.6875 E_neg=952057.3750 CD_raw=734.2803 CD_wtd=550.101318 MSE=0.578790 neg_dist=3.1142 lang_grad0=0.0000 lang_gradK=0.0000 lang_disp=0.0000 step=0.0000 sigma=0.0000
Running Evaluation...
Validation Result @ Iteration 7000; Milestone = 7 (Train)
---------  --------
mse_error  0.966348
---------  --------
Validation Result @ Iteration 7000; Milestone = 7 (ID: Validation)
---  --------
mse  0.155157
---  --------
[CD-DIAG step=7100] E_pos=944699.5000 E_neg=949346.8125 CD_raw=-4647.4038 CD_wtd=29.036169 MSE=0.574926 neg_dist=7.2380 lang_grad0=0.0000 lang_gradK=0.0000 lang_disp=0.0000 step=0.0000 sigma=0.0000
[CD-DIAG step=7200] E_pos=933413.5000 E_neg=934371.8750 CD_raw=-958.4250 CD_wtd=76.229462 MSE=0.581493 neg_dist=1.6790 lang_grad0=0.0000 lang_gradK=0.0000 lang_disp=0.0000 step=0.0000 sigma=0.0000
[CD-DIAG step=7300] E_pos=927876.1875 E_neg=938948.3750 CD_raw=-11072.2520 CD_wtd=0.040812 MSE=0.583981 neg_dist=8.9038 lang_grad0=0.0000 lang_gradK=0.0000 lang_disp=0.0000 step=0.0000 sigma=0.0000
[CD-DIAG step=7400] E_pos=948608.6250 E_neg=954826.5625 CD_raw=-6217.9277 CD_wtd=1.878188 MSE=0.575605 neg_dist=6.9935 lang_grad0=0.0000 lang_gradK=0.0000 lang_disp=0.0000 step=0.0000 sigma=0.0000
[CD-DIAG step=7500] E_pos=967355.8750 E_neg=967022.7500 CD_raw=333.0505 CD_wtd=423.472260 MSE=0.573361 neg_dist=3.0162 lang_grad0=0.0000 lang_gradK=0.0000 lang_disp=0.0000 step=0.0000 sigma=0.0000
[CD-DIAG step=7600] E_pos=929467.6250 E_neg=934144.9375 CD_raw=-4677.3125 CD_wtd=4.336975 MSE=0.577102 neg_dist=5.9068 lang_grad0=0.0000 lang_gradK=0.0000 lang_disp=0.0000 step=0.0000 sigma=0.0000
[CD-DIAG step=7700] E_pos=931082.0000 E_neg=930229.0000 CD_raw=853.0204 CD_wtd=590.284119 MSE=0.571301 neg_dist=3.1525 lang_grad0=0.0000 lang_gradK=0.0000 lang_disp=0.0000 step=0.0000 sigma=0.0000
[CD-DIAG step=7800] E_pos=984866.1250 E_neg=989670.8750 CD_raw=-4804.7812 CD_wtd=24.048935 MSE=0.566259 neg_dist=7.0634 lang_grad0=0.0000 lang_gradK=0.0000 lang_disp=0.0000 step=0.0000 sigma=0.0000
[CD-DIAG step=7900] E_pos=986251.3125 E_neg=993419.6875 CD_raw=-7168.3916 CD_wtd=2.451349 MSE=0.563630 neg_dist=7.7304 lang_grad0=0.0000 lang_gradK=0.0000 lang_disp=0.0000 step=0.0000 sigma=0.0000
[CD-DIAG step=8000] E_pos=977319.3750 E_neg=983711.5000 CD_raw=-6392.1807 CD_wtd=0.974856 MSE=0.565879 neg_dist=6.8292 lang_grad0=0.0000 lang_gradK=0.0000 lang_disp=0.0000 step=0.0000 sigma=0.0000
Running Evaluation...
Validation Result @ Iteration 8000; Milestone = 8 (Train)
---------  --------
mse_error  0.806296
---------  --------
Validation Result @ Iteration 8000; Milestone = 8 (ID: Validation)
---  ---------
mse  0.0903927
---  ---------
[CD-DIAG step=8100] E_pos=992561.0625 E_neg=992302.6250 CD_raw=258.4812 CD_wtd=335.918030 MSE=0.562016 neg_dist=1.6216 lang_grad0=0.0000 lang_gradK=0.0000 lang_disp=0.0000 step=0.0000 sigma=0.0000
[CD-DIAG step=8200] E_pos=1010495.0000 E_neg=1010327.0000 CD_raw=168.0057 CD_wtd=304.354553 MSE=0.557370 neg_dist=1.6551 lang_grad0=0.0000 lang_gradK=0.0000 lang_disp=0.0000 step=0.0000 sigma=0.0000
[CD-DIAG step=8300] E_pos=1021618.6250 E_neg=1030832.8750 CD_raw=-9214.2539 CD_wtd=0.092368 MSE=0.555666 neg_dist=8.0603 lang_grad0=0.0000 lang_gradK=0.0000 lang_disp=0.0000 step=0.0000 sigma=0.0000
[CD-DIAG step=8400] E_pos=1008488.0625 E_neg=1008200.5625 CD_raw=287.4816 CD_wtd=393.074280 MSE=0.556667 neg_dist=2.8850 lang_grad0=0.0000 lang_gradK=0.0000 lang_disp=0.0000 step=0.0000 sigma=0.0000
[CD-DIAG step=8500] E_pos=1033967.4375 E_neg=1042699.5625 CD_raw=-8732.2031 CD_wtd=0.112409 MSE=0.554433 neg_dist=7.8850 lang_grad0=0.0000 lang_gradK=0.0000 lang_disp=0.0000 step=0.0000 sigma=0.0000
[CD-DIAG step=8600] E_pos=1032202.4375 E_neg=1031259.5000 CD_raw=942.9412 CD_wtd=618.419434 MSE=0.553225 neg_dist=3.1733 lang_grad0=0.0000 lang_gradK=0.0000 lang_disp=0.0000 step=0.0000 sigma=0.0000
[CD-DIAG step=8700] E_pos=1015032.6875 E_neg=1017360.1250 CD_raw=-2327.3970 CD_wtd=50.823105 MSE=0.554778 neg_dist=4.5171 lang_grad0=0.0000 lang_gradK=0.0000 lang_disp=0.0000 step=0.0000 sigma=0.0000
[CD-DIAG step=8800] E_pos=1035456.5000 E_neg=1037616.0625 CD_raw=-2159.5757 CD_wtd=64.926483 MSE=0.555883 neg_dist=4.4354 lang_grad0=0.0000 lang_gradK=0.0000 lang_disp=0.0000 step=0.0000 sigma=0.0000
