Job started at Wed Feb 18 22:26:54 EST 2026
Running on host: holygpu8a22105.rc.fas.harvard.edu
Job ID: 61087177
Git URL: https://github.com/mdkrasnow/research-repo.git
Git SHA: 9125a0270f59e8930ae21028cf3fbfb301762a93
Work directory: /tmp/ired-job-61087177
GPU info:
Wed Feb 18 22:26:54 2026       
+-----------------------------------------------------------------------------------------+
| NVIDIA-SMI 575.57.08              Driver Version: 575.57.08      CUDA Version: 12.9     |
|-----------------------------------------+------------------------+----------------------+
| GPU  Name                 Persistence-M | Bus-Id          Disp.A | Volatile Uncorr. ECC |
| Fan  Temp   Perf          Pwr:Usage/Cap |           Memory-Usage | GPU-Util  Compute M. |
|                                         |                        |               MIG M. |
|=========================================+========================+======================|
|   0  NVIDIA A100-SXM4-80GB          On  |   00000000:31:00.0 Off |                    0 |
| N/A   28C    P0             61W /  500W |       0MiB /  81920MiB |      0%      Default |
|                                         |                        |             Disabled |
+-----------------------------------------+------------------------+----------------------+
                                                                                         
+-----------------------------------------------------------------------------------------+
| Processes:                                                                              |
|  GPU   GI   CI              PID   Type   Process name                        GPU Memory |
|        ID   ID                                                               Usage      |
|=========================================================================================|
|  No running processes found                                                             |
+-----------------------------------------------------------------------------------------+
Cloning repository...
Repository cloned and checked out to: 9125a02
Repository info:
9125a02 Add CD diagnostic logging and Langevin displacement tracking
Starting IRED-CD baseline (current NCE implementation)...
Loading configuration from: projects/ired/configs/q201_baseline.json
Configuration saved to: results/ds_inverse/q201_baseline/experiment_config.json
Setting random seed: 4
Starting experiment with mining strategy: adversarial
Configuration: {
  "experiment_name": "q201_baseline",
  "description": "IRED-CD Investigation - Baseline (current NCE implementation for comparison)",
  "investigation": "ired-cd",
  "ablation_stage": "baseline",
  "mining_strategy": "adversarial",
  "rank": 20,
  "ood": false,
  "diffusion_steps": 10,
  "batch_size": 2048,
  "train_steps": 20000,
  "learning_rate": 0.0001,
  "mining_opt_steps": 10,
  "mining_noise_scale": 1.5,
  "output_dir": "results/ds_inverse/q201_baseline",
  "notes": "Current implementation with NCE loss. Baseline for IRED-CD ablation study. Using k=10 steps, noise_scale=1.5 (reduced from 3.0).",
  "seed": 4
}
Dataset: Inverse matrices (20x20)
Input dimension: 400, Output dimension: 400
Trainer initialized. Output directory: results/ds_inverse/q201_baseline
Training for 20000 steps...
[CD-DIAG step=100] E_pos=1173.0276 E_neg=1276.2325 CD_raw=-103.2050 CD_wtd=0.018907 MSE=0.998905 neg_dist=15.2031 lang_grad0=0.0000 lang_gradK=0.0000 lang_disp=0.0000 step=0.0000 sigma=0.0000
[CD-DIAG step=200] E_pos=1902.1394 E_neg=1951.7220 CD_raw=-49.5826 CD_wtd=0.007753 MSE=1.000083 neg_dist=5.5026 lang_grad0=0.0000 lang_gradK=0.0000 lang_disp=0.0000 step=0.0000 sigma=0.0000
[CD-DIAG step=300] E_pos=2494.8760 E_neg=2772.6743 CD_raw=-277.7982 CD_wtd=0.007741 MSE=0.999860 neg_dist=15.2370 lang_grad0=0.0000 lang_gradK=0.0000 lang_disp=0.0000 step=0.0000 sigma=0.0000
[CD-DIAG step=400] E_pos=2039.3022 E_neg=2273.3062 CD_raw=-234.0038 CD_wtd=0.008485 MSE=0.998532 neg_dist=13.4616 lang_grad0=0.0000 lang_gradK=0.0000 lang_disp=0.0000 step=0.0000 sigma=0.0000
[CD-DIAG step=500] E_pos=3330.8130 E_neg=3774.0542 CD_raw=-443.2410 CD_wtd=0.009127 MSE=0.999770 neg_dist=15.3759 lang_grad0=0.0000 lang_gradK=0.0000 lang_disp=0.0000 step=0.0000 sigma=0.0000
[CD-DIAG step=600] E_pos=3207.3789 E_neg=3608.0767 CD_raw=-400.6979 CD_wtd=0.003182 MSE=1.001201 neg_dist=13.7273 lang_grad0=0.0000 lang_gradK=0.0000 lang_disp=0.0000 step=0.0000 sigma=0.0000
[CD-DIAG step=700] E_pos=3225.5308 E_neg=3656.3286 CD_raw=-430.7979 CD_wtd=0.009053 MSE=1.000564 neg_dist=13.6745 lang_grad0=0.0000 lang_gradK=0.0000 lang_disp=0.0000 step=0.0000 sigma=0.0000
[CD-DIAG step=800] E_pos=5717.8438 E_neg=5913.9951 CD_raw=-196.1515 CD_wtd=0.010875 MSE=0.999515 neg_dist=5.3820 lang_grad0=0.0000 lang_gradK=0.0000 lang_disp=0.0000 step=0.0000 sigma=0.0000
[CD-DIAG step=900] E_pos=15391.1650 E_neg=17217.3496 CD_raw=-1826.1846 CD_wtd=0.025687 MSE=0.995975 neg_dist=15.0621 lang_grad0=0.0000 lang_gradK=0.0000 lang_disp=0.0000 step=0.0000 sigma=0.0000
[CD-DIAG step=1000] E_pos=9631.8613 E_neg=11009.9609 CD_raw=-1378.1008 CD_wtd=0.000639 MSE=0.998480 neg_dist=14.4339 lang_grad0=0.0000 lang_gradK=0.0000 lang_disp=0.0000 step=0.0000 sigma=0.0000
Running Evaluation...
Validation Result @ Iteration 1000; Milestone = 1 (Train)
---------  -------
mse_error  2.83934
---------  -------
Validation Result @ Iteration 1000; Milestone = 1 (ID: Validation)
---  -------
mse  3.29845
---  -------
[CD-DIAG step=1100] E_pos=22761.5527 E_neg=25095.9336 CD_raw=-2334.3794 CD_wtd=0.000001 MSE=0.995771 neg_dist=13.4811 lang_grad0=0.0000 lang_gradK=0.0000 lang_disp=0.0000 step=0.0000 sigma=0.0000
[CD-DIAG step=1200] E_pos=23392.9258 E_neg=23447.7695 CD_raw=-54.8416 CD_wtd=6.981411 MSE=0.992099 neg_dist=1.7560 lang_grad0=0.0000 lang_gradK=0.0000 lang_disp=0.0000 step=0.0000 sigma=0.0000
[CD-DIAG step=1300] E_pos=31052.3477 E_neg=32331.5547 CD_raw=-1279.2061 CD_wtd=0.280329 MSE=0.989751 neg_dist=8.4990 lang_grad0=0.0000 lang_gradK=0.0000 lang_disp=0.0000 step=0.0000 sigma=0.0000
[CD-DIAG step=1400] E_pos=31902.5703 E_neg=33384.2578 CD_raw=-1481.6873 CD_wtd=0.069679 MSE=0.988566 neg_dist=8.5633 lang_grad0=0.0000 lang_gradK=0.0000 lang_disp=0.0000 step=0.0000 sigma=0.0000
[CD-DIAG step=1500] E_pos=40900.0156 E_neg=46047.4336 CD_raw=-5147.4165 CD_wtd=0.062111 MSE=0.986867 neg_dist=13.8532 lang_grad0=0.0000 lang_gradK=0.0000 lang_disp=0.0000 step=0.0000 sigma=0.0000
[CD-DIAG step=1600] E_pos=38541.8438 E_neg=38633.2109 CD_raw=-91.3660 CD_wtd=88.545013 MSE=0.984502 neg_dist=4.6806 lang_grad0=0.0000 lang_gradK=0.0000 lang_disp=0.0000 step=0.0000 sigma=0.0000
[CD-DIAG step=1700] E_pos=51420.6484 E_neg=58962.2031 CD_raw=-7541.5591 CD_wtd=0.095027 MSE=0.979703 neg_dist=14.4833 lang_grad0=0.0000 lang_gradK=0.0000 lang_disp=0.0000 step=0.0000 sigma=0.0000
[CD-DIAG step=1800] E_pos=56097.6719 E_neg=57931.7734 CD_raw=-1834.1002 CD_wtd=2.203159 MSE=0.974433 neg_dist=7.9794 lang_grad0=0.0000 lang_gradK=0.0000 lang_disp=0.0000 step=0.0000 sigma=0.0000
[CD-DIAG step=1900] E_pos=100814.5938 E_neg=108895.6953 CD_raw=-8081.1035 CD_wtd=0.021430 MSE=0.959479 neg_dist=12.9097 lang_grad0=0.0000 lang_gradK=0.0000 lang_disp=0.0000 step=0.0000 sigma=0.0000
[CD-DIAG step=2000] E_pos=109517.6094 E_neg=122153.7891 CD_raw=-12636.1699 CD_wtd=0.000000 MSE=0.949042 neg_dist=13.7675 lang_grad0=0.0000 lang_gradK=0.0000 lang_disp=0.0000 step=0.0000 sigma=0.0000
Running Evaluation...
Validation Result @ Iteration 2000; Milestone = 2 (Train)
---------  -------
mse_error  3.21847
---------  -------
Validation Result @ Iteration 2000; Milestone = 2 (ID: Validation)
---  -------
mse  2.64687
---  -------
[CD-DIAG step=2100] E_pos=106786.5547 E_neg=107954.0859 CD_raw=-1167.5311 CD_wtd=134.648972 MSE=0.946453 neg_dist=7.5768 lang_grad0=0.0000 lang_gradK=0.0000 lang_disp=0.0000 step=0.0000 sigma=0.0000
[CD-DIAG step=2200] E_pos=159792.8438 E_neg=169046.3750 CD_raw=-9253.5244 CD_wtd=0.124947 MSE=0.925212 neg_dist=12.0441 lang_grad0=0.0000 lang_gradK=0.0000 lang_disp=0.0000 step=0.0000 sigma=0.0000
[CD-DIAG step=2300] E_pos=117654.2969 E_neg=118001.5312 CD_raw=-347.2353 CD_wtd=12.768663 MSE=0.933690 neg_dist=1.6642 lang_grad0=0.0000 lang_gradK=0.0000 lang_disp=0.0000 step=0.0000 sigma=0.0000
[CD-DIAG step=2400] E_pos=219196.6719 E_neg=232389.4375 CD_raw=-13192.7539 CD_wtd=0.028214 MSE=0.894421 neg_dist=12.7432 lang_grad0=0.0000 lang_gradK=0.0000 lang_disp=0.0000 step=0.0000 sigma=0.0000
[CD-DIAG step=2500] E_pos=204830.3125 E_neg=215454.1250 CD_raw=-10623.8076 CD_wtd=0.020265 MSE=0.890133 neg_dist=11.4379 lang_grad0=0.0000 lang_gradK=0.0000 lang_disp=0.0000 step=0.0000 sigma=0.0000
[CD-DIAG step=2600] E_pos=218745.2969 E_neg=234895.9688 CD_raw=-16150.6748 CD_wtd=0.000382 MSE=0.881116 neg_dist=12.6434 lang_grad0=0.0000 lang_gradK=0.0000 lang_disp=0.0000 step=0.0000 sigma=0.0000
[CD-DIAG step=2700] E_pos=257648.7188 E_neg=269920.7188 CD_raw=-12272.0088 CD_wtd=0.015905 MSE=0.857780 neg_dist=11.4835 lang_grad0=0.0000 lang_gradK=0.0000 lang_disp=0.0000 step=0.0000 sigma=0.0000
[CD-DIAG step=2800] E_pos=304227.9375 E_neg=315958.1250 CD_raw=-11730.2109 CD_wtd=0.580139 MSE=0.836023 neg_dist=11.0909 lang_grad0=0.0000 lang_gradK=0.0000 lang_disp=0.0000 step=0.0000 sigma=0.0000
[CD-DIAG step=2900] E_pos=339745.8125 E_neg=350487.1250 CD_raw=-10741.3350 CD_wtd=0.991381 MSE=0.816779 neg_dist=11.0394 lang_grad0=0.0000 lang_gradK=0.0000 lang_disp=0.0000 step=0.0000 sigma=0.0000
[CD-DIAG step=3000] E_pos=312139.5000 E_neg=312377.0000 CD_raw=-237.5347 CD_wtd=52.199600 MSE=0.818847 neg_dist=1.6339 lang_grad0=0.0000 lang_gradK=0.0000 lang_disp=0.0000 step=0.0000 sigma=0.0000
Running Evaluation...
Validation Result @ Iteration 3000; Milestone = 3 (Train)
---------  -------
mse_error  2.60256
---------  -------
Validation Result @ Iteration 3000; Milestone = 3 (ID: Validation)
---  -------
mse  2.22155
---  -------
[CD-DIAG step=3100] E_pos=336850.2188 E_neg=351769.9688 CD_raw=-14919.7646 CD_wtd=0.098355 MSE=0.806743 neg_dist=11.2265 lang_grad0=0.0000 lang_gradK=0.0000 lang_disp=0.0000 step=0.0000 sigma=0.0000
[CD-DIAG step=3200] E_pos=392462.4375 E_neg=392894.3750 CD_raw=-431.9425 CD_wtd=42.787033 MSE=0.781157 neg_dist=1.6618 lang_grad0=0.0000 lang_gradK=0.0000 lang_disp=0.0000 step=0.0000 sigma=0.0000
[CD-DIAG step=3300] E_pos=421459.7500 E_neg=435450.5938 CD_raw=-13990.8271 CD_wtd=0.021297 MSE=0.769789 neg_dist=10.9510 lang_grad0=0.0000 lang_gradK=0.0000 lang_disp=0.0000 step=0.0000 sigma=0.0000
[CD-DIAG step=3400] E_pos=448487.3750 E_neg=452403.2188 CD_raw=-3915.8723 CD_wtd=62.935467 MSE=0.754734 neg_dist=7.7627 lang_grad0=0.0000 lang_gradK=0.0000 lang_disp=0.0000 step=0.0000 sigma=0.0000
[CD-DIAG step=3500] E_pos=457391.6250 E_neg=458926.5625 CD_raw=-1534.9568 CD_wtd=211.219635 MSE=0.744768 neg_dist=5.8241 lang_grad0=0.0000 lang_gradK=0.0000 lang_disp=0.0000 step=0.0000 sigma=0.0000
[CD-DIAG step=3600] E_pos=482853.1875 E_neg=487588.4375 CD_raw=-4735.2520 CD_wtd=27.885967 MSE=0.736172 neg_dist=7.3433 lang_grad0=0.0000 lang_gradK=0.0000 lang_disp=0.0000 step=0.0000 sigma=0.0000
[CD-DIAG step=3700] E_pos=560873.6875 E_neg=568807.0625 CD_raw=-7933.4102 CD_wtd=2.960130 MSE=0.707456 neg_dist=9.3900 lang_grad0=0.0000 lang_gradK=0.0000 lang_disp=0.0000 step=0.0000 sigma=0.0000
[CD-DIAG step=3800] E_pos=593763.3750 E_neg=604277.3750 CD_raw=-10514.0195 CD_wtd=0.637456 MSE=0.693680 neg_dist=9.7274 lang_grad0=0.0000 lang_gradK=0.0000 lang_disp=0.0000 step=0.0000 sigma=0.0000
[CD-DIAG step=3900] E_pos=570255.2500 E_neg=571644.0000 CD_raw=-1388.6816 CD_wtd=224.442963 MSE=0.696584 neg_dist=5.5456 lang_grad0=0.0000 lang_gradK=0.0000 lang_disp=0.0000 step=0.0000 sigma=0.0000
[CD-DIAG step=4000] E_pos=628009.7500 E_neg=627868.5000 CD_raw=141.2190 CD_wtd=216.941467 MSE=0.678575 neg_dist=1.6678 lang_grad0=0.0000 lang_gradK=0.0000 lang_disp=0.0000 step=0.0000 sigma=0.0000
Running Evaluation...
Validation Result @ Iteration 4000; Milestone = 4 (Train)
---------  -------
mse_error  1.85435
---------  -------
Validation Result @ Iteration 4000; Milestone = 4 (ID: Validation)
---  -------
mse  1.91112
---  -------
[CD-DIAG step=4100] E_pos=639523.1250 E_neg=637865.3750 CD_raw=1657.7993 CD_wtd=926.898743 MSE=0.674229 neg_dist=3.6931 lang_grad0=0.0000 lang_gradK=0.0000 lang_disp=0.0000 step=0.0000 sigma=0.0000
[CD-DIAG step=4200] E_pos=691030.5000 E_neg=704652.2500 CD_raw=-13621.7656 CD_wtd=0.038221 MSE=0.653542 neg_dist=10.0970 lang_grad0=0.0000 lang_gradK=0.0000 lang_disp=0.0000 step=0.0000 sigma=0.0000
[CD-DIAG step=4300] E_pos=681504.6250 E_neg=688523.6250 CD_raw=-7019.0376 CD_wtd=2.752511 MSE=0.658733 neg_dist=7.9949 lang_grad0=0.0000 lang_gradK=0.0000 lang_disp=0.0000 step=0.0000 sigma=0.0000
[CD-DIAG step=4400] E_pos=700038.4375 E_neg=704080.1250 CD_raw=-4041.7085 CD_wtd=41.436928 MSE=0.656541 neg_dist=6.5934 lang_grad0=0.0000 lang_gradK=0.0000 lang_disp=0.0000 step=0.0000 sigma=0.0000
[CD-DIAG step=4500] E_pos=715171.1250 E_neg=722221.6250 CD_raw=-7050.5557 CD_wtd=5.039639 MSE=0.649382 neg_dist=7.8021 lang_grad0=0.0000 lang_gradK=0.0000 lang_disp=0.0000 step=0.0000 sigma=0.0000
[CD-DIAG step=4600] E_pos=726681.9375 E_neg=740052.3750 CD_raw=-13370.4434 CD_wtd=0.071098 MSE=0.646500 neg_dist=9.6798 lang_grad0=0.0000 lang_gradK=0.0000 lang_disp=0.0000 step=0.0000 sigma=0.0000
[CD-DIAG step=4700] E_pos=724392.8750 E_neg=733534.5000 CD_raw=-9141.5820 CD_wtd=1.292219 MSE=0.638810 neg_dist=8.4944 lang_grad0=0.0000 lang_gradK=0.0000 lang_disp=0.0000 step=0.0000 sigma=0.0000
[CD-DIAG step=4800] E_pos=726045.8750 E_neg=726499.6250 CD_raw=-453.7595 CD_wtd=102.729851 MSE=0.641394 neg_dist=1.6664 lang_grad0=0.0000 lang_gradK=0.0000 lang_disp=0.0000 step=0.0000 sigma=0.0000
[CD-DIAG step=4900] E_pos=754455.8750 E_neg=767634.5000 CD_raw=-13178.6406 CD_wtd=0.063829 MSE=0.633231 neg_dist=9.9266 lang_grad0=0.0000 lang_gradK=0.0000 lang_disp=0.0000 step=0.0000 sigma=0.0000
[CD-DIAG step=5000] E_pos=747369.6250 E_neg=751757.1250 CD_raw=-4387.5557 CD_wtd=21.858662 MSE=0.624719 neg_dist=6.4647 lang_grad0=0.0000 lang_gradK=0.0000 lang_disp=0.0000 step=0.0000 sigma=0.0000
Running Evaluation...
Validation Result @ Iteration 5000; Milestone = 5 (Train)
---------  -------
mse_error  1.43753
---------  -------
Validation Result @ Iteration 5000; Milestone = 5 (ID: Validation)
---  -------
mse  1.63168
---  -------
[CD-DIAG step=5100] E_pos=789294.8750 E_neg=789029.0000 CD_raw=265.8366 CD_wtd=301.393494 MSE=0.617329 neg_dist=1.6511 lang_grad0=0.0000 lang_gradK=0.0000 lang_disp=0.0000 step=0.0000 sigma=0.0000
[CD-DIAG step=5200] E_pos=752358.8750 E_neg=763370.4375 CD_raw=-11011.5801 CD_wtd=0.033732 MSE=0.626462 neg_dist=8.7273 lang_grad0=0.0000 lang_gradK=0.0000 lang_disp=0.0000 step=0.0000 sigma=0.0000
[CD-DIAG step=5300] E_pos=788016.6250 E_neg=795102.3750 CD_raw=-7085.7998 CD_wtd=4.067174 MSE=0.613365 neg_dist=7.5539 lang_grad0=0.0000 lang_gradK=0.0000 lang_disp=0.0000 step=0.0000 sigma=0.0000
[CD-DIAG step=5400] E_pos=744044.6250 E_neg=756039.2500 CD_raw=-11994.5742 CD_wtd=0.036096 MSE=0.622377 neg_dist=9.1410 lang_grad0=0.0000 lang_gradK=0.0000 lang_disp=0.0000 step=0.0000 sigma=0.0000
[CD-DIAG step=5500] E_pos=779522.0000 E_neg=786078.3750 CD_raw=-6556.3735 CD_wtd=1.559478 MSE=0.614357 neg_dist=7.3904 lang_grad0=0.0000 lang_gradK=0.0000 lang_disp=0.0000 step=0.0000 sigma=0.0000
[CD-DIAG step=5600] E_pos=828648.6875 E_neg=838522.5000 CD_raw=-9873.7715 CD_wtd=2.459032 MSE=0.604557 neg_dist=9.3049 lang_grad0=0.0000 lang_gradK=0.0000 lang_disp=0.0000 step=0.0000 sigma=0.0000
[CD-DIAG step=5700] E_pos=831648.0625 E_neg=830314.8750 CD_raw=1333.1873 CD_wtd=795.671631 MSE=0.603087 neg_dist=3.2844 lang_grad0=0.0000 lang_gradK=0.0000 lang_disp=0.0000 step=0.0000 sigma=0.0000
[CD-DIAG step=5800] E_pos=799068.1875 E_neg=798999.5000 CD_raw=68.6666 CD_wtd=240.843872 MSE=0.606111 neg_dist=1.6567 lang_grad0=0.0000 lang_gradK=0.0000 lang_disp=0.0000 step=0.0000 sigma=0.0000
[CD-DIAG step=5900] E_pos=836563.9375 E_neg=845330.3125 CD_raw=-8766.3867 CD_wtd=0.256779 MSE=0.592692 neg_dist=8.1240 lang_grad0=0.0000 lang_gradK=0.0000 lang_disp=0.0000 step=0.0000 sigma=0.0000
[CD-DIAG step=6000] E_pos=850716.8750 E_neg=861408.1250 CD_raw=-10691.2627 CD_wtd=0.137120 MSE=0.589303 neg_dist=9.2470 lang_grad0=0.0000 lang_gradK=0.0000 lang_disp=0.0000 step=0.0000 sigma=0.0000
Running Evaluation...
Validation Result @ Iteration 6000; Milestone = 6 (Train)
---------  -------
mse_error  1.16146
---------  -------
Validation Result @ Iteration 6000; Milestone = 6 (ID: Validation)
---  --------
mse  0.534973
---  --------
[CD-DIAG step=6100] E_pos=853756.1250 E_neg=853845.6250 CD_raw=-89.5101 CD_wtd=208.452728 MSE=0.594271 neg_dist=1.6523 lang_grad0=0.0000 lang_gradK=0.0000 lang_disp=0.0000 step=0.0000 sigma=0.0000
[CD-DIAG step=6200] E_pos=909425.2500 E_neg=919947.3750 CD_raw=-10522.1523 CD_wtd=0.266653 MSE=0.579409 neg_dist=8.8681 lang_grad0=0.0000 lang_gradK=0.0000 lang_disp=0.0000 step=0.0000 sigma=0.0000
[CD-DIAG step=6300] E_pos=907341.3125 E_neg=918769.4375 CD_raw=-11428.0781 CD_wtd=0.078656 MSE=0.581570 neg_dist=8.8881 lang_grad0=0.0000 lang_gradK=0.0000 lang_disp=0.0000 step=0.0000 sigma=0.0000
[CD-DIAG step=6400] E_pos=890077.1250 E_neg=889792.5625 CD_raw=284.6010 CD_wtd=329.259766 MSE=0.588559 neg_dist=1.6915 lang_grad0=0.0000 lang_gradK=0.0000 lang_disp=0.0000 step=0.0000 sigma=0.0000
[CD-DIAG step=6500] E_pos=898824.7500 E_neg=905319.7500 CD_raw=-6495.0166 CD_wtd=1.136830 MSE=0.581056 neg_dist=6.9881 lang_grad0=0.0000 lang_gradK=0.0000 lang_disp=0.0000 step=0.0000 sigma=0.0000
[CD-DIAG step=6600] E_pos=901921.8750 E_neg=913243.8750 CD_raw=-11322.0264 CD_wtd=0.105336 MSE=0.580325 neg_dist=8.8853 lang_grad0=0.0000 lang_gradK=0.0000 lang_disp=0.0000 step=0.0000 sigma=0.0000
[CD-DIAG step=6700] E_pos=903627.2500 E_neg=909678.5000 CD_raw=-6051.2100 CD_wtd=4.881767 MSE=0.580396 neg_dist=7.1139 lang_grad0=0.0000 lang_gradK=0.0000 lang_disp=0.0000 step=0.0000 sigma=0.0000
[CD-DIAG step=6800] E_pos=920477.0000 E_neg=922095.7500 CD_raw=-1618.7158 CD_wtd=153.054443 MSE=0.573612 neg_dist=4.6620 lang_grad0=0.0000 lang_gradK=0.0000 lang_disp=0.0000 step=0.0000 sigma=0.0000
[CD-DIAG step=6900] E_pos=907976.8125 E_neg=916743.1875 CD_raw=-8766.3730 CD_wtd=0.061035 MSE=0.572137 neg_dist=7.6702 lang_grad0=0.0000 lang_gradK=0.0000 lang_disp=0.0000 step=0.0000 sigma=0.0000
[CD-DIAG step=7000] E_pos=902421.6250 E_neg=912326.5000 CD_raw=-9904.9287 CD_wtd=0.305313 MSE=0.576789 neg_dist=8.5813 lang_grad0=0.0000 lang_gradK=0.0000 lang_disp=0.0000 step=0.0000 sigma=0.0000
Running Evaluation...
Validation Result @ Iteration 7000; Milestone = 7 (Train)
---------  --------
mse_error  0.950571
---------  --------
Validation Result @ Iteration 7000; Milestone = 7 (ID: Validation)
---  -------
mse  0.16135
---  -------
[CD-DIAG step=7100] E_pos=920553.7500 E_neg=930844.5000 CD_raw=-10290.6943 CD_wtd=0.063409 MSE=0.569573 neg_dist=8.5329 lang_grad0=0.0000 lang_gradK=0.0000 lang_disp=0.0000 step=0.0000 sigma=0.0000
[CD-DIAG step=7200] E_pos=949745.6250 E_neg=960679.8750 CD_raw=-10934.2500 CD_wtd=0.113020 MSE=0.565625 neg_dist=8.6256 lang_grad0=0.0000 lang_gradK=0.0000 lang_disp=0.0000 step=0.0000 sigma=0.0000
[CD-DIAG step=7300] E_pos=933652.2500 E_neg=939272.5000 CD_raw=-5620.1973 CD_wtd=9.804617 MSE=0.573455 neg_dist=6.9182 lang_grad0=0.0000 lang_gradK=0.0000 lang_disp=0.0000 step=0.0000 sigma=0.0000
[CD-DIAG step=7400] E_pos=941866.3125 E_neg=945708.6875 CD_raw=-3842.3762 CD_wtd=23.563023 MSE=0.567659 neg_dist=6.0313 lang_grad0=0.0000 lang_gradK=0.0000 lang_disp=0.0000 step=0.0000 sigma=0.0000
[CD-DIAG step=7500] E_pos=958402.5625 E_neg=967696.3750 CD_raw=-9293.7646 CD_wtd=0.089025 MSE=0.560481 neg_dist=8.0402 lang_grad0=0.0000 lang_gradK=0.0000 lang_disp=0.0000 step=0.0000 sigma=0.0000
[CD-DIAG step=7600] E_pos=935313.8125 E_neg=941779.5000 CD_raw=-6465.7173 CD_wtd=2.663610 MSE=0.563412 neg_dist=6.9099 lang_grad0=0.0000 lang_gradK=0.0000 lang_disp=0.0000 step=0.0000 sigma=0.0000
[CD-DIAG step=7700] E_pos=975870.9375 E_neg=985243.3750 CD_raw=-9372.4404 CD_wtd=1.017752 MSE=0.555479 neg_dist=7.9880 lang_grad0=0.0000 lang_gradK=0.0000 lang_disp=0.0000 step=0.0000 sigma=0.0000
[CD-DIAG step=7800] E_pos=978887.1250 E_neg=980709.5000 CD_raw=-1822.3569 CD_wtd=109.050484 MSE=0.561223 neg_dist=4.4120 lang_grad0=0.0000 lang_gradK=0.0000 lang_disp=0.0000 step=0.0000 sigma=0.0000
[CD-DIAG step=7900] E_pos=902107.1250 E_neg=914036.8125 CD_raw=-11929.6621 CD_wtd=0.020120 MSE=0.569184 neg_dist=8.7704 lang_grad0=0.0000 lang_gradK=0.0000 lang_disp=0.0000 step=0.0000 sigma=0.0000
[CD-DIAG step=8000] E_pos=943073.8750 E_neg=954242.2500 CD_raw=-11168.2734 CD_wtd=0.061384 MSE=0.565664 neg_dist=8.4657 lang_grad0=0.0000 lang_gradK=0.0000 lang_disp=0.0000 step=0.0000 sigma=0.0000
Running Evaluation...
Validation Result @ Iteration 8000; Milestone = 8 (Train)
---------  --------
mse_error  0.784357
---------  --------
Validation Result @ Iteration 8000; Milestone = 8 (ID: Validation)
---  ---------
mse  0.0898912
---  ---------
[CD-DIAG step=8100] E_pos=950352.3750 E_neg=952621.9375 CD_raw=-2269.5947 CD_wtd=67.547249 MSE=0.564557 neg_dist=4.4476 lang_grad0=0.0000 lang_gradK=0.0000 lang_disp=0.0000 step=0.0000 sigma=0.0000
[CD-DIAG step=8200] E_pos=990028.7500 E_neg=989790.3750 CD_raw=238.4245 CD_wtd=333.382812 MSE=0.553815 neg_dist=1.6144 lang_grad0=0.0000 lang_gradK=0.0000 lang_disp=0.0000 step=0.0000 sigma=0.0000
[CD-DIAG step=8300] E_pos=974573.5000 E_neg=978660.4375 CD_raw=-4086.9297 CD_wtd=20.724857 MSE=0.558662 neg_dist=5.7080 lang_grad0=0.0000 lang_gradK=0.0000 lang_disp=0.0000 step=0.0000 sigma=0.0000
[CD-DIAG step=8400] E_pos=976948.6250 E_neg=983664.6250 CD_raw=-6715.9927 CD_wtd=0.371719 MSE=0.554333 neg_dist=6.5446 lang_grad0=0.0000 lang_gradK=0.0000 lang_disp=0.0000 step=0.0000 sigma=0.0000
[CD-DIAG step=8500] E_pos=1013715.5000 E_neg=1024587.0000 CD_raw=-10871.5254 CD_wtd=0.061475 MSE=0.545714 neg_dist=8.3722 lang_grad0=0.0000 lang_gradK=0.0000 lang_disp=0.0000 step=0.0000 sigma=0.0000
[CD-DIAG step=8600] E_pos=984043.3125 E_neg=993212.8750 CD_raw=-9169.5586 CD_wtd=0.721930 MSE=0.556083 neg_dist=8.4056 lang_grad0=0.0000 lang_gradK=0.0000 lang_disp=0.0000 step=0.0000 sigma=0.0000
[CD-DIAG step=8700] E_pos=966183.6250 E_neg=974390.8750 CD_raw=-8207.2109 CD_wtd=0.280092 MSE=0.556807 neg_dist=7.2764 lang_grad0=0.0000 lang_gradK=0.0000 lang_disp=0.0000 step=0.0000 sigma=0.0000
[CD-DIAG step=8800] E_pos=1023290.8750 E_neg=1032127.0000 CD_raw=-8836.1797 CD_wtd=0.110043 MSE=0.547804 neg_dist=7.7461 lang_grad0=0.0000 lang_gradK=0.0000 lang_disp=0.0000 step=0.0000 sigma=0.0000
[CD-DIAG step=8900] E_pos=1029283.0625 E_neg=1037554.8750 CD_raw=-8271.8496 CD_wtd=0.048919 MSE=0.541032 neg_dist=7.3555 lang_grad0=0.0000 lang_gradK=0.0000 lang_disp=0.0000 step=0.0000 sigma=0.0000
