Cloning into '/tmp/ired-job-61624458-1'...
Note: switching to '8e05da6348a1c85b8989fb375945330507c3a086'.

You are in 'detached HEAD' state. You can look around, make experimental
changes and commit them, and you can discard any commits you make in this
state without impacting any branches by switching back to a branch.

If you want to create a new branch to retain commits you create, you may
do so (now or later) by using -c with the switch command. Example:

  git switch -c <new-branch-name>

Or undo this operation with:

  git switch -

Turn off this advice by setting config variable advice.detachedHead to false

HEAD is now at 8e05da6 Add TAM experiment suite (q220): trajectory-anchored negative mining
Detected kernel version 4.18.0, which is below the recommended minimum of 5.5.0; this can cause the process to hang. It is recommended to upgrade the kernel to the minimum version or higher.
/n/home03/mkrasnow/.local/lib/python3.10/site-packages/torch/utils/data/dataloader.py:627: UserWarning: This DataLoader will create 64 worker processes in total. Our suggested max number of worker in current system is 2, which is smaller than what this DataLoader is going to create. Please be aware that excessive worker creation might get DataLoader running slow or even freeze, lower the worker number to avoid potential slowness/freeze if necessary.
  warnings.warn(
  0%|          | 0/20000 [00:00<?, ?it/s]  0%|          | 0/20000 [00:31<?, ?it/s]
Traceback (most recent call last):
  File "/n/home03/mkrasnow/.local/lib/python3.10/site-packages/torch/utils/data/dataloader.py", line 1275, in _try_get_data
    data = self._data_queue.get(timeout=timeout)
  File "/n/sw/Mambaforge-23.11.0-0/lib/python3.10/multiprocessing/queues.py", line 113, in get
    if not self._poll(timeout):
  File "/n/sw/Mambaforge-23.11.0-0/lib/python3.10/multiprocessing/connection.py", line 257, in poll
    return self._poll(timeout)
  File "/n/sw/Mambaforge-23.11.0-0/lib/python3.10/multiprocessing/connection.py", line 424, in _poll
    r = wait([self], timeout)
  File "/n/sw/Mambaforge-23.11.0-0/lib/python3.10/multiprocessing/connection.py", line 931, in wait
    ready = selector.select(timeout)
  File "/n/sw/Mambaforge-23.11.0-0/lib/python3.10/selectors.py", line 416, in select
    fd_event_list = self._selector.poll(timeout)
  File "/n/home03/mkrasnow/.local/lib/python3.10/site-packages/torch/utils/data/_utils/signal_handling.py", line 73, in handler
    _error_if_any_worker_fails()
RuntimeError: DataLoader worker (pid 1581680) is killed by signal: Killed. 

The above exception was the direct cause of the following exception:

Traceback (most recent call last):
  File "/tmp/ired-job-61624458-1/projects/ired/experiments/matrix_inversion_mining.py", line 318, in <module>
    main()
  File "/tmp/ired-job-61624458-1/projects/ired/experiments/matrix_inversion_mining.py", line 308, in main
    results = run_experiment(config)
  File "/tmp/ired-job-61624458-1/projects/ired/experiments/matrix_inversion_mining.py", line 206, in run_experiment
    trainer.train()
  File "/tmp/ired-job-61624458-1/projects/ired/diffusion_lib/denoising_diffusion_pytorch_1d.py", line 1491, in train
    data = next(self.dl)
  File "/tmp/ired-job-61624458-1/projects/ired/diffusion_lib/denoising_diffusion_pytorch_1d.py", line 107, in cycle
    for data in dl:
  File "/n/home03/mkrasnow/.local/lib/python3.10/site-packages/accelerate/data_loader.py", line 567, in __iter__
    current_batch = next(dataloader_iter)
  File "/n/home03/mkrasnow/.local/lib/python3.10/site-packages/torch/utils/data/dataloader.py", line 732, in __next__
    data = self._next_data()
  File "/n/home03/mkrasnow/.local/lib/python3.10/site-packages/torch/utils/data/dataloader.py", line 1482, in _next_data
    idx, data = self._get_data()
  File "/n/home03/mkrasnow/.local/lib/python3.10/site-packages/torch/utils/data/dataloader.py", line 1444, in _get_data
    success, data = self._try_get_data()
  File "/n/home03/mkrasnow/.local/lib/python3.10/site-packages/torch/utils/data/dataloader.py", line 1288, in _try_get_data
    raise RuntimeError(
RuntimeError: DataLoader worker (pid(s) 1581680, 1581690, 1581696, 1581703) exited unexpectedly
[2026-02-22T10:52:16.275] error: Detected 11 oom_kill events in StepId=61624458.batch. Some of the step tasks have been OOM Killed.
