Cloning into '/tmp/ired-job-56241066'...
Note: switching to '294cd74015bf00320797fd389966e96c8b340c99'.

You are in 'detached HEAD' state. You can look around, make experimental
changes and commit them, and you can discard any commits you make in this
state without impacting any branches by switching back to a branch.

If you want to create a new branch to retain commits you create, you may
do so (now or later) by using -c with the switch command. Example:

  git switch -c <new-branch-name>

Or undo this operation with:

  git switch -

Turn off this advice by setting config variable advice.detachedHead to false

HEAD is now at 294cd74 Fix PyHessian eigenvalue return format - extract first element
usage: matrix_inversion_mining.py [-h] [--config CONFIG]
                                  [--mining-strategy {none,random,adversarial}]
                                  [--rank RANK] [--ood OOD]
                                  [--diffusion-steps DIFFUSION_STEPS]
                                  [--batch-size BATCH_SIZE]
                                  [--train-steps TRAIN_STEPS]
                                  [--learning-rate LEARNING_RATE]
                                  [--mining-opt-steps MINING_OPT_STEPS]
                                  [--mining-noise-scale MINING_NOISE_SCALE]
                                  [--output-dir OUTPUT_DIR]
matrix_inversion_mining.py: error: unrecognized arguments: --seed 0
