Job started at Thu Feb 26 14:50:15 EST 2026
Running on host: holygpu8a25306.rc.fas.harvard.edu
Job ID: 62466152, Array Task ID: 1
Config: projects/ired/configs/q233_rank_4x.json
Git URL: https://github.com/mdkrasnow/research-repo.git
Git SHA: 9f7916c0d024b99524dc300e102e79d55faed963
Work directory: /tmp/ired-job-62466152
GPU info:
Thu Feb 26 14:50:16 2026       
+-----------------------------------------------------------------------------------------+
| NVIDIA-SMI 575.57.08              Driver Version: 575.57.08      CUDA Version: 12.9     |
|-----------------------------------------+------------------------+----------------------+
| GPU  Name                 Persistence-M | Bus-Id          Disp.A | Volatile Uncorr. ECC |
| Fan  Temp   Perf          Pwr:Usage/Cap |           Memory-Usage | GPU-Util  Compute M. |
|                                         |                        |               MIG M. |
|=========================================+========================+======================|
|   0  NVIDIA A100-SXM4-80GB          On  |   00000000:E3:00.0 Off |                    0 |
| N/A   25C    P0             62W /  500W |       0MiB /  81920MiB |      0%      Default |
|                                         |                        |             Disabled |
+-----------------------------------------+------------------------+----------------------+
                                                                                         
+-----------------------------------------------------------------------------------------+
| Processes:                                                                              |
|  GPU   GI   CI              PID   Type   Process name                        GPU Memory |
|        ID   ID                                                               Usage      |
|=========================================================================================|
|  No running processes found                                                             |
+-----------------------------------------------------------------------------------------+
Cloning repository...
Repository cloned and checked out to: 9f7916c
Starting 10K-step run with config: projects/ired/configs/q233_rank_4x.json
Loading configuration from: projects/ired/configs/q233_rank_4x.json
Configuration saved to: projects/ired/results/ds_inverse/q233_rank_4x/experiment_config.json
Setting random seed: 0
Starting experiment with mining strategy: tam
Configuration: {
  "experiment_name": "q233_rank_4x",
  "description": "q229 base + rank_weight quadrupled (0.1 -> 0.4). Testing stronger recovery ranking signal.",
  "investigation": "ired-pgd",
  "ablation_stage": "tam_ctl_v2_rank_sweep",
  "mining_strategy": "tam",
  "tam_anchor_step": 2,
  "pgd_delta": 1.5,
  "pgd_step_size": 0.5,
  "mining_opt_steps": 3,
  "use_recovery_loss": true,
  "recovery_steps": 1,
  "recovery_loss_weight": 0.1,
  "recovery_target": "implied_noise",
  "use_recovery_rank_loss": true,
  "recovery_rank_margin": 0.1,
  "recovery_rank_weight": 0.4,
  "use_gradient_contrastive": false,
  "energy_loss_weight": 0.0,
  "use_scalar_energy": true,
  "rank": 20,
  "ood": false,
  "diffusion_steps": 10,
  "batch_size": 2048,
  "train_steps": 10000,
  "learning_rate": 0.0001,
  "adam_betas": [
    0.0,
    0.999
  ],
  "output_dir": "projects/ired/results/ds_inverse/q233_rank_4x",
  "notes": "Rank weight sweep: 4x baseline (0.4 vs q229's 0.1). Single variable change from q229.",
  "seed": 0
}
Dataset: Inverse matrices (20x20)
Input dimension: 400, Output dimension: 400
Trainer initialized. Output directory: projects/ired/results/ds_inverse/q233_rank_4x
Training for 10000 steps...
[LOSS-DIAG step=100] mse=0.999259 energy_raw=0.695495 energy_wtd=0.000000 rec=0.129598 total=1.128857
[TAM-CTL-DIAG step=100] mse_pos=0.999908 mse_neg=0.999907 mse_rec=0.999907 neg_vs_rec=0.000000 rec_dist=0.0000 anchor_dist=1.8908 dist_rec_pos=1.8908 eps_gap_rel=0.1047 cos_rec=-0.1416
[LOSS-DIAG step=200] mse=1.002301 energy_raw=0.891563 energy_wtd=0.000000 rec=0.064246 total=1.066546
[TAM-CTL-DIAG step=200] mse_pos=0.998231 mse_neg=0.998231 mse_rec=0.998231 neg_vs_rec=0.000000 rec_dist=0.0001 anchor_dist=12.0861 dist_rec_pos=12.0862 eps_gap_rel=0.8172 cos_rec=-0.1611
[LOSS-DIAG step=300] mse=0.998160 energy_raw=4.361514 energy_wtd=0.000000 rec=0.135922 total=1.134082
[TAM-CTL-DIAG step=300] mse_pos=1.000477 mse_neg=1.000151 mse_rec=1.000151 neg_vs_rec=-0.000000 rec_dist=0.0080 anchor_dist=0.9374 dist_rec_pos=0.9480 eps_gap_rel=0.0521 cos_rec=-0.2088
[LOSS-DIAG step=400] mse=0.988580 energy_raw=2216.980957 energy_wtd=0.000000 rec=0.059326 total=1.047906
[TAM-CTL-DIAG step=400] mse_pos=1.001498 mse_neg=0.998295 mse_rec=0.998260 neg_vs_rec=0.000036 rec_dist=0.2286 anchor_dist=9.6151 dist_rec_pos=10.2427 eps_gap_rel=0.6956 cos_rec=-0.1306
[LOSS-DIAG step=500] mse=0.880804 energy_raw=25585.832031 energy_wtd=0.000000 rec=0.090064 total=0.970868
[TAM-CTL-DIAG step=500] mse_pos=1.027015 mse_neg=0.945317 mse_rec=0.949030 neg_vs_rec=-0.003713 rec_dist=1.0453 anchor_dist=5.6470 dist_rec_pos=7.2648 eps_gap_rel=0.4905 cos_rec=-0.4787
[LOSS-DIAG step=600] mse=0.718437 energy_raw=72869.070312 energy_wtd=0.000000 rec=0.093011 total=0.811448
[TAM-CTL-DIAG step=600] mse_pos=1.158430 mse_neg=0.939002 mse_rec=0.949855 neg_vs_rec=-0.010854 rec_dist=0.7522 anchor_dist=6.1731 dist_rec_pos=7.8542 eps_gap_rel=0.5387 cos_rec=-0.6033
[LOSS-DIAG step=700] mse=0.616765 energy_raw=118722.781250 energy_wtd=0.000000 rec=0.049312 total=0.666077
[TAM-CTL-DIAG step=700] mse_pos=1.311139 mse_neg=1.164125 mse_rec=1.050925 neg_vs_rec=0.113200 rec_dist=1.4274 anchor_dist=13.9915 dist_rec_pos=14.0561 eps_gap_rel=1.0521 cos_rec=0.7171
[LOSS-DIAG step=800] mse=0.540855 energy_raw=152581.093750 energy_wtd=0.000000 rec=0.085068 total=0.625923
[TAM-CTL-DIAG step=800] mse_pos=1.424327 mse_neg=0.895249 mse_rec=0.906673 neg_vs_rec=-0.011424 rec_dist=1.3582 anchor_dist=8.1125 dist_rec_pos=9.9944 eps_gap_rel=0.6964 cos_rec=-0.4299
[LOSS-DIAG step=900] mse=0.478100 energy_raw=177900.031250 energy_wtd=0.000000 rec=0.080915 total=0.559016
[TAM-CTL-DIAG step=900] mse_pos=1.468565 mse_neg=0.887513 mse_rec=0.884870 neg_vs_rec=0.002643 rec_dist=1.7533 anchor_dist=8.7072 dist_rec_pos=10.6056 eps_gap_rel=0.7553 cos_rec=-0.3431
[LOSS-DIAG step=1000] mse=0.438257 energy_raw=198708.093750 energy_wtd=0.000000 rec=0.076194 total=0.514451
[TAM-CTL-DIAG step=1000] mse_pos=1.511528 mse_neg=0.906952 mse_rec=0.887422 neg_vs_rec=0.019530 rec_dist=1.8445 anchor_dist=9.1673 dist_rec_pos=10.9174 eps_gap_rel=0.7903 cos_rec=-0.2483
Running Evaluation...
Validation Result @ Iteration 1000; Milestone = 1 (Train)
---------  -------
mse_error  2.70744
---------  -------
Validation Result @ Iteration 1000; Milestone = 1 (ID: Validation)
---  -------
mse  2.70746
---  -------
[LOSS-DIAG step=1100] mse=0.401065 energy_raw=222089.937500 energy_wtd=0.000000 rec=0.069149 total=0.470214
[TAM-CTL-DIAG step=1100] mse_pos=1.571790 mse_neg=0.955192 mse_rec=0.907660 neg_vs_rec=0.047532 rec_dist=1.8481 anchor_dist=9.9500 dist_rec_pos=11.4796 eps_gap_rel=0.8284 cos_rec=-0.1312
[LOSS-DIAG step=1200] mse=0.375155 energy_raw=233518.031250 energy_wtd=0.000000 rec=0.063581 total=0.438736
[TAM-CTL-DIAG step=1200] mse_pos=1.600797 mse_neg=1.000924 mse_rec=0.927454 neg_vs_rec=0.073471 rec_dist=1.7191 anchor_dist=10.5269 dist_rec_pos=11.8384 eps_gap_rel=0.8660 cos_rec=-0.0269
[LOSS-DIAG step=1300] mse=0.345868 energy_raw=237231.171875 energy_wtd=0.000000 rec=0.063935 total=0.409804
[TAM-CTL-DIAG step=1300] mse_pos=1.628282 mse_neg=0.956472 mse_rec=0.911845 neg_vs_rec=0.044627 rec_dist=1.9311 anchor_dist=10.1439 dist_rec_pos=11.6507 eps_gap_rel=0.8539 cos_rec=-0.0945
[LOSS-DIAG step=1400] mse=0.310379 energy_raw=263487.031250 energy_wtd=0.000000 rec=0.056595 total=0.366974
[TAM-CTL-DIAG step=1400] mse_pos=1.681812 mse_neg=1.026064 mse_rec=0.930342 neg_vs_rec=0.095722 rec_dist=1.7394 anchor_dist=11.3105 dist_rec_pos=12.4848 eps_gap_rel=0.8868 cos_rec=0.0607
[LOSS-DIAG step=1500] mse=0.301787 energy_raw=266183.156250 energy_wtd=0.000000 rec=0.053718 total=0.355505
[TAM-CTL-DIAG step=1500] mse_pos=1.691938 mse_neg=1.114821 mse_rec=0.967165 neg_vs_rec=0.147656 rec_dist=1.5168 anchor_dist=12.0549 dist_rec_pos=12.8768 eps_gap_rel=0.9449 cos_rec=0.3054
[LOSS-DIAG step=1600] mse=0.277555 energy_raw=272697.812500 energy_wtd=0.000000 rec=0.054532 total=0.332088
[TAM-CTL-DIAG step=1600] mse_pos=1.704321 mse_neg=1.051733 mse_rec=0.932074 neg_vs_rec=0.119659 rec_dist=1.7828 anchor_dist=11.5726 dist_rec_pos=12.5982 eps_gap_rel=0.9072 cos_rec=0.1316
[LOSS-DIAG step=1700] mse=0.264615 energy_raw=272594.812500 energy_wtd=0.000000 rec=0.044511 total=0.309126
[TAM-CTL-DIAG step=1700] mse_pos=1.723036 mse_neg=1.318139 mse_rec=1.032255 neg_vs_rec=0.285884 rec_dist=1.4623 anchor_dist=13.9427 dist_rec_pos=13.9880 eps_gap_rel=1.0545 cos_rec=0.8810
[LOSS-DIAG step=1800] mse=0.247128 energy_raw=285630.437500 energy_wtd=0.000000 rec=0.050165 total=0.297293
[TAM-CTL-DIAG step=1800] mse_pos=1.737832 mse_neg=1.154185 mse_rec=0.966122 neg_vs_rec=0.188063 rec_dist=1.5981 anchor_dist=12.4966 dist_rec_pos=13.1419 eps_gap_rel=0.9584 cos_rec=0.4183
[LOSS-DIAG step=1900] mse=0.234190 energy_raw=281719.562500 energy_wtd=0.000000 rec=0.053331 total=0.287521
[TAM-CTL-DIAG step=1900] mse_pos=1.759205 mse_neg=1.050078 mse_rec=0.925363 neg_vs_rec=0.124715 rec_dist=1.8466 anchor_dist=11.2818 dist_rec_pos=12.3102 eps_gap_rel=0.9207 cos_rec=0.1339
[LOSS-DIAG step=2000] mse=0.220153 energy_raw=291963.937500 energy_wtd=0.000000 rec=0.043908 total=0.264061
[TAM-CTL-DIAG step=2000] mse_pos=1.785763 mse_neg=1.345138 mse_rec=1.029258 neg_vs_rec=0.315880 rec_dist=1.4693 anchor_dist=13.9009 dist_rec_pos=13.9391 eps_gap_rel=1.0521 cos_rec=0.9012
Running Evaluation...
Validation Result @ Iteration 2000; Milestone = 2 (Train)
---------  -------
mse_error  1.30228
---------  -------
Validation Result @ Iteration 2000; Milestone = 2 (ID: Validation)
---  -------
mse  1.30027
---  -------
[LOSS-DIAG step=2100] mse=0.206488 energy_raw=289885.718750 energy_wtd=0.000000 rec=0.051420 total=0.257908
[TAM-CTL-DIAG step=2100] mse_pos=1.769954 mse_neg=1.059484 mse_rec=0.923740 neg_vs_rec=0.135744 rec_dist=1.9825 anchor_dist=11.7211 dist_rec_pos=12.6985 eps_gap_rel=0.9318 cos_rec=0.1449
[LOSS-DIAG step=2200] mse=0.191532 energy_raw=308110.750000 energy_wtd=0.000000 rec=0.042620 total=0.234152
[TAM-CTL-DIAG step=2200] mse_pos=1.816838 mse_neg=1.361799 mse_rec=1.027220 neg_vs_rec=0.334579 rec_dist=1.4764 anchor_dist=14.1613 dist_rec_pos=14.1935 eps_gap_rel=1.0465 cos_rec=0.9135
[LOSS-DIAG step=2300] mse=0.186412 energy_raw=290008.250000 energy_wtd=0.000000 rec=0.049194 total=0.235606
[TAM-CTL-DIAG step=2300] mse_pos=1.777694 mse_neg=1.050869 mse_rec=0.922969 neg_vs_rec=0.127900 rec_dist=1.9392 anchor_dist=11.6980 dist_rec_pos=12.7236 eps_gap_rel=0.9398 cos_rec=0.1252
[LOSS-DIAG step=2400] mse=0.183307 energy_raw=295183.250000 energy_wtd=0.000000 rec=0.049904 total=0.233211
[TAM-CTL-DIAG step=2400] mse_pos=1.790653 mse_neg=1.084410 mse_rec=0.924540 neg_vs_rec=0.159871 rec_dist=2.0031 anchor_dist=11.8323 dist_rec_pos=12.7075 eps_gap_rel=0.9482 cos_rec=0.1859
[LOSS-DIAG step=2500] mse=0.174850 energy_raw=316445.250000 energy_wtd=0.000000 rec=0.046967 total=0.221816
[TAM-CTL-DIAG step=2500] mse_pos=1.854560 mse_neg=1.247026 mse_rec=0.963362 neg_vs_rec=0.283664 rec_dist=1.7752 anchor_dist=12.8076 dist_rec_pos=13.1110 eps_gap_rel=0.9810 cos_rec=0.6219
[LOSS-DIAG step=2600] mse=0.165546 energy_raw=302817.750000 energy_wtd=0.000000 rec=0.047802 total=0.213348
[TAM-CTL-DIAG step=2600] mse_pos=1.812813 mse_neg=1.094574 mse_rec=0.924108 neg_vs_rec=0.170466 rec_dist=2.0652 anchor_dist=12.0692 dist_rec_pos=12.9062 eps_gap_rel=0.9522 cos_rec=0.1952
[LOSS-DIAG step=2700] mse=0.164897 energy_raw=296167.125000 energy_wtd=0.000000 rec=0.043140 total=0.208037
[TAM-CTL-DIAG step=2700] mse_pos=1.801335 mse_neg=1.390361 mse_rec=1.027328 neg_vs_rec=0.363033 rec_dist=1.4791 anchor_dist=13.8755 dist_rec_pos=13.9020 eps_gap_rel=1.0524 cos_rec=0.9264
[LOSS-DIAG step=2800] mse=0.159002 energy_raw=300725.718750 energy_wtd=0.000000 rec=0.047343 total=0.206345
[TAM-CTL-DIAG step=2800] mse_pos=1.797703 mse_neg=1.145792 mse_rec=0.932046 neg_vs_rec=0.213746 rec_dist=1.9405 anchor_dist=12.4331 dist_rec_pos=13.0501 eps_gap_rel=0.9635 cos_rec=0.3031
[LOSS-DIAG step=2900] mse=0.156713 energy_raw=321287.000000 energy_wtd=0.000000 rec=0.047714 total=0.204427
[TAM-CTL-DIAG step=2900] mse_pos=1.896402 mse_neg=1.212055 mse_rec=0.934903 neg_vs_rec=0.277152 rec_dist=2.1237 anchor_dist=12.3390 dist_rec_pos=12.7336 eps_gap_rel=0.9673 cos_rec=0.4183
[LOSS-DIAG step=3000] mse=0.144446 energy_raw=310030.343750 energy_wtd=0.000000 rec=0.046755 total=0.191200
[TAM-CTL-DIAG step=3000] mse_pos=1.841316 mse_neg=1.116656 mse_rec=0.923736 neg_vs_rec=0.192920 rec_dist=2.1316 anchor_dist=12.2087 dist_rec_pos=12.9729 eps_gap_rel=0.9637 cos_rec=0.2187
Running Evaluation...
Validation Result @ Iteration 3000; Milestone = 3 (Train)
---------  --------
mse_error  0.874756
---------  --------
Validation Result @ Iteration 3000; Milestone = 3 (ID: Validation)
---  --------
mse  0.873845
---  --------
[LOSS-DIAG step=3100] mse=0.144654 energy_raw=337882.187500 energy_wtd=0.000000 rec=0.046278 total=0.190932
[TAM-CTL-DIAG step=3100] mse_pos=1.913888 mse_neg=1.239590 mse_rec=0.929650 neg_vs_rec=0.309940 rec_dist=2.2620 anchor_dist=12.8145 dist_rec_pos=13.0702 eps_gap_rel=0.9698 cos_rec=0.4616
[LOSS-DIAG step=3200] mse=0.142498 energy_raw=334777.375000 energy_wtd=0.000000 rec=0.045990 total=0.188488
[TAM-CTL-DIAG step=3200] mse_pos=1.931747 mse_neg=1.255664 mse_rec=0.928207 neg_vs_rec=0.327457 rec_dist=2.2430 anchor_dist=12.7381 dist_rec_pos=12.9372 eps_gap_rel=0.9726 cos_rec=0.4840
[LOSS-DIAG step=3300] mse=0.133406 energy_raw=312469.000000 energy_wtd=0.000000 rec=0.046665 total=0.180072
[TAM-CTL-DIAG step=3300] mse_pos=1.836352 mse_neg=1.157281 mse_rec=0.929639 neg_vs_rec=0.227641 rec_dist=1.9511 anchor_dist=12.7467 dist_rec_pos=13.3043 eps_gap_rel=0.9726 cos_rec=0.3131
[LOSS-DIAG step=3400] mse=0.129995 energy_raw=333397.500000 energy_wtd=0.000000 rec=0.045137 total=0.175132
[TAM-CTL-DIAG step=3400] mse_pos=1.892303 mse_neg=1.341789 mse_rec=0.951357 neg_vs_rec=0.390431 rec_dist=2.0964 anchor_dist=13.5344 dist_rec_pos=13.4663 eps_gap_rel=0.9905 cos_rec=0.7282
[LOSS-DIAG step=3500] mse=0.129232 energy_raw=344464.125000 energy_wtd=0.000000 rec=0.044789 total=0.174021
[TAM-CTL-DIAG step=3500] mse_pos=1.925140 mse_neg=1.356658 mse_rec=0.952490 neg_vs_rec=0.404168 rec_dist=2.1075 anchor_dist=13.4689 dist_rec_pos=13.3676 eps_gap_rel=0.9934 cos_rec=0.7521
[LOSS-DIAG step=3600] mse=0.124874 energy_raw=319599.625000 energy_wtd=0.000000 rec=0.045615 total=0.170489
[TAM-CTL-DIAG step=3600] mse_pos=1.857306 mse_neg=1.308204 mse_rec=0.949813 neg_vs_rec=0.358391 rec_dist=1.9588 anchor_dist=13.3303 dist_rec_pos=13.3754 eps_gap_rel=0.9940 cos_rec=0.6920
[LOSS-DIAG step=3700] mse=0.121092 energy_raw=328549.843750 energy_wtd=0.000000 rec=0.045912 total=0.167004
[TAM-CTL-DIAG step=3700] mse_pos=1.888601 mse_neg=1.201194 mse_rec=0.919721 neg_vs_rec=0.281474 rec_dist=2.3300 anchor_dist=12.7887 dist_rec_pos=13.1962 eps_gap_rel=0.9779 cos_rec=0.3254
[LOSS-DIAG step=3800] mse=0.118507 energy_raw=339509.750000 energy_wtd=0.000000 rec=0.044944 total=0.163452
[TAM-CTL-DIAG step=3800] mse_pos=1.935145 mse_neg=1.265512 mse_rec=0.926180 neg_vs_rec=0.339332 rec_dist=2.2991 anchor_dist=12.9332 dist_rec_pos=13.1274 eps_gap_rel=0.9796 cos_rec=0.4396
[LOSS-DIAG step=3900] mse=0.119950 energy_raw=331816.875000 energy_wtd=0.000000 rec=0.045887 total=0.165837
[TAM-CTL-DIAG step=3900] mse_pos=1.893638 mse_neg=1.338374 mse_rec=0.952117 neg_vs_rec=0.386257 rec_dist=2.0144 anchor_dist=13.4554 dist_rec_pos=13.4254 eps_gap_rel=0.9987 cos_rec=0.7126
[LOSS-DIAG step=4000] mse=0.112600 energy_raw=316127.968750 energy_wtd=0.000000 rec=0.045656 total=0.158256
[TAM-CTL-DIAG step=4000] mse_pos=1.858791 mse_neg=1.115878 mse_rec=0.931851 neg_vs_rec=0.184027 rec_dist=1.9467 anchor_dist=12.3780 dist_rec_pos=13.1863 eps_gap_rel=0.9816 cos_rec=0.1731
Running Evaluation...
Validation Result @ Iteration 4000; Milestone = 4 (Train)
---------  ------
mse_error  0.6035
---------  ------
Validation Result @ Iteration 4000; Milestone = 4 (ID: Validation)
---  --------
mse  0.600059
---  --------
[LOSS-DIAG step=4100] mse=0.107851 energy_raw=334305.937500 energy_wtd=0.000000 rec=0.044822 total=0.152673
[TAM-CTL-DIAG step=4100] mse_pos=1.929547 mse_neg=1.267740 mse_rec=0.966058 neg_vs_rec=0.301682 rec_dist=1.9557 anchor_dist=12.7824 dist_rec_pos=13.2032 eps_gap_rel=0.9950 cos_rec=0.3851
[LOSS-DIAG step=4200] mse=0.107194 energy_raw=324696.812500 energy_wtd=0.000000 rec=0.045169 total=0.152364
[TAM-CTL-DIAG step=4200] mse_pos=1.887512 mse_neg=1.189691 mse_rec=0.955346 neg_vs_rec=0.234345 rec_dist=2.0148 anchor_dist=12.6123 dist_rec_pos=13.2886 eps_gap_rel=0.9937 cos_rec=0.2518
[LOSS-DIAG step=4300] mse=0.102557 energy_raw=328831.625000 energy_wtd=0.000000 rec=0.044552 total=0.147109
[TAM-CTL-DIAG step=4300] mse_pos=1.887509 mse_neg=1.180731 mse_rec=0.957318 neg_vs_rec=0.223414 rec_dist=2.0187 anchor_dist=12.7697 dist_rec_pos=13.5003 eps_gap_rel=0.9932 cos_rec=0.2189
[LOSS-DIAG step=4400] mse=0.102316 energy_raw=328465.531250 energy_wtd=0.000000 rec=0.044627 total=0.146943
[TAM-CTL-DIAG step=4400] mse_pos=1.900390 mse_neg=1.216894 mse_rec=0.958376 neg_vs_rec=0.258518 rec_dist=2.0151 anchor_dist=12.7378 dist_rec_pos=13.3523 eps_gap_rel=0.9957 cos_rec=0.2732
[LOSS-DIAG step=4500] mse=0.101075 energy_raw=339182.406250 energy_wtd=0.000000 rec=0.044112 total=0.145187
[TAM-CTL-DIAG step=4500] mse_pos=1.935637 mse_neg=1.284106 mse_rec=0.982610 neg_vs_rec=0.301496 rec_dist=1.8874 anchor_dist=12.9037 dist_rec_pos=13.4036 eps_gap_rel=1.0030 cos_rec=0.3574
[LOSS-DIAG step=4600] mse=0.098702 energy_raw=323327.406250 energy_wtd=0.000000 rec=0.041596 total=0.140298
[TAM-CTL-DIAG step=4600] mse_pos=1.893233 mse_neg=1.480568 mse_rec=1.036818 neg_vs_rec=0.443750 rec_dist=1.4982 anchor_dist=13.9467 dist_rec_pos=13.9485 eps_gap_rel=1.0479 cos_rec=0.9553
[LOSS-DIAG step=4700] mse=0.100903 energy_raw=334020.750000 energy_wtd=0.000000 rec=0.044736 total=0.145639
[TAM-CTL-DIAG step=4700] mse_pos=1.916939 mse_neg=1.237332 mse_rec=0.980223 neg_vs_rec=0.257109 rec_dist=1.9242 anchor_dist=12.8722 dist_rec_pos=13.5338 eps_gap_rel=1.0042 cos_rec=0.2722
[LOSS-DIAG step=4800] mse=0.093427 energy_raw=329730.718750 energy_wtd=0.000000 rec=0.043879 total=0.137307
[TAM-CTL-DIAG step=4800] mse_pos=1.896955 mse_neg=1.292396 mse_rec=0.972189 neg_vs_rec=0.320207 rec_dist=1.7940 anchor_dist=13.0426 dist_rec_pos=13.4291 eps_gap_rel=1.0012 cos_rec=0.4261
[LOSS-DIAG step=4900] mse=0.097112 energy_raw=325943.156250 energy_wtd=0.000000 rec=0.044207 total=0.141320
[TAM-CTL-DIAG step=4900] mse_pos=1.879729 mse_neg=1.377202 mse_rec=0.951713 neg_vs_rec=0.425489 rec_dist=2.0210 anchor_dist=13.6189 dist_rec_pos=13.5161 eps_gap_rel=1.0027 cos_rec=0.7263
[LOSS-DIAG step=5000] mse=0.094548 energy_raw=324007.062500 energy_wtd=0.000000 rec=0.041615 total=0.136163
[TAM-CTL-DIAG step=5000] mse_pos=1.875916 mse_neg=1.461713 mse_rec=1.033398 neg_vs_rec=0.428315 rec_dist=1.4983 anchor_dist=14.2016 dist_rec_pos=14.2050 eps_gap_rel=1.0467 cos_rec=0.9583
Running Evaluation...
Validation Result @ Iteration 5000; Milestone = 5 (Train)
---------  --------
mse_error  0.354839
---------  --------
Validation Result @ Iteration 5000; Milestone = 5 (ID: Validation)
---  --------
mse  0.356938
---  --------
[LOSS-DIAG step=5100] mse=0.094951 energy_raw=331291.687500 energy_wtd=0.000000 rec=0.044031 total=0.138982
[TAM-CTL-DIAG step=5100] mse_pos=1.900910 mse_neg=1.228030 mse_rec=0.962271 neg_vs_rec=0.265759 rec_dist=2.0474 anchor_dist=12.7759 dist_rec_pos=13.3950 eps_gap_rel=1.0011 cos_rec=0.2528
[LOSS-DIAG step=5200] mse=0.089466 energy_raw=342624.468750 energy_wtd=0.000000 rec=0.043178 total=0.132644
[TAM-CTL-DIAG step=5200] mse_pos=1.939115 mse_neg=1.310604 mse_rec=0.969483 neg_vs_rec=0.341121 rec_dist=1.9684 anchor_dist=13.1180 dist_rec_pos=13.4670 eps_gap_rel=1.0017 cos_rec=0.3854
[LOSS-DIAG step=5300] mse=0.095401 energy_raw=321640.562500 energy_wtd=0.000000 rec=0.045040 total=0.140441
[TAM-CTL-DIAG step=5300] mse_pos=1.861964 mse_neg=1.223563 mse_rec=0.958076 neg_vs_rec=0.265486 rec_dist=1.8310 anchor_dist=12.9095 dist_rec_pos=13.4241 eps_gap_rel=1.0008 cos_rec=0.3165
[LOSS-DIAG step=5400] mse=0.090565 energy_raw=336691.218750 energy_wtd=0.000000 rec=0.043675 total=0.134240
[TAM-CTL-DIAG step=5400] mse_pos=1.919248 mse_neg=1.248094 mse_rec=0.963762 neg_vs_rec=0.284332 rec_dist=2.0186 anchor_dist=12.9522 dist_rec_pos=13.5144 eps_gap_rel=1.0022 cos_rec=0.2813
[LOSS-DIAG step=5500] mse=0.093204 energy_raw=318708.375000 energy_wtd=0.000000 rec=0.044615 total=0.137819
[TAM-CTL-DIAG step=5500] mse_pos=1.876280 mse_neg=1.121320 mse_rec=0.946266 neg_vs_rec=0.175054 rec_dist=1.9506 anchor_dist=12.4380 dist_rec_pos=13.3385 eps_gap_rel=0.9959 cos_rec=0.1314
[LOSS-DIAG step=5600] mse=0.089052 energy_raw=320158.750000 energy_wtd=0.000000 rec=0.043823 total=0.132875
[TAM-CTL-DIAG step=5600] mse_pos=1.872859 mse_neg=1.111300 mse_rec=0.947411 neg_vs_rec=0.163889 rec_dist=1.9707 anchor_dist=12.3940 dist_rec_pos=13.3681 eps_gap_rel=0.9970 cos_rec=0.1237
[LOSS-DIAG step=5700] mse=0.091190 energy_raw=342428.906250 energy_wtd=0.000000 rec=0.043808 total=0.134998
[TAM-CTL-DIAG step=5700] mse_pos=1.944988 mse_neg=1.300029 mse_rec=0.975423 neg_vs_rec=0.324606 rec_dist=1.9601 anchor_dist=12.9700 dist_rec_pos=13.4051 eps_gap_rel=1.0084 cos_rec=0.3574
[LOSS-DIAG step=5800] mse=0.091465 energy_raw=308407.062500 energy_wtd=0.000000 rec=0.044965 total=0.136431
[TAM-CTL-DIAG step=5800] mse_pos=1.837329 mse_neg=0.994855 mse_rec=0.928902 neg_vs_rec=0.065953 rec_dist=1.7334 anchor_dist=12.2706 dist_rec_pos=13.5561 eps_gap_rel=0.9854 cos_rec=-0.0637
[LOSS-DIAG step=5900] mse=0.087460 energy_raw=322071.937500 energy_wtd=0.000000 rec=0.044260 total=0.131720
[TAM-CTL-DIAG step=5900] mse_pos=1.881785 mse_neg=1.114551 mse_rec=0.946990 neg_vs_rec=0.167561 rec_dist=1.9227 anchor_dist=12.5409 dist_rec_pos=13.4694 eps_gap_rel=0.9965 cos_rec=0.1288
[LOSS-DIAG step=6000] mse=0.087622 energy_raw=324090.562500 energy_wtd=0.000000 rec=0.042140 total=0.129762
[TAM-CTL-DIAG step=6000] mse_pos=1.876970 mse_neg=1.463817 mse_rec=1.036397 neg_vs_rec=0.427420 rec_dist=1.4948 anchor_dist=14.0752 dist_rec_pos=14.0810 eps_gap_rel=1.0495 cos_rec=0.9631
Running Evaluation...
Validation Result @ Iteration 6000; Milestone = 6 (Train)
---------  --------
mse_error  0.155969
---------  --------
Validation Result @ Iteration 6000; Milestone = 6 (ID: Validation)
---  --------
mse  0.154556
---  --------
[LOSS-DIAG step=6100] mse=0.081623 energy_raw=332612.062500 energy_wtd=0.000000 rec=0.043279 total=0.124902
[TAM-CTL-DIAG step=6100] mse_pos=1.900443 mse_neg=1.197292 mse_rec=0.961178 neg_vs_rec=0.236114 rec_dist=2.0266 anchor_dist=12.8068 dist_rec_pos=13.5390 eps_gap_rel=1.0047 cos_rec=0.2209
[LOSS-DIAG step=6200] mse=0.080359 energy_raw=353791.875000 energy_wtd=0.000000 rec=0.042504 total=0.122863
[TAM-CTL-DIAG step=6200] mse_pos=1.958860 mse_neg=1.332746 mse_rec=0.970934 neg_vs_rec=0.361812 rec_dist=2.0323 anchor_dist=13.2689 dist_rec_pos=13.6178 eps_gap_rel=1.0065 cos_rec=0.3524
[LOSS-DIAG step=6300] mse=0.079985 energy_raw=324994.593750 energy_wtd=0.000000 rec=0.041331 total=0.121315
[TAM-CTL-DIAG step=6300] mse_pos=1.898789 mse_neg=1.504255 mse_rec=1.039580 neg_vs_rec=0.464675 rec_dist=1.5029 anchor_dist=13.9894 dist_rec_pos=13.9851 eps_gap_rel=1.0469 cos_rec=0.9624
[LOSS-DIAG step=6400] mse=0.075672 energy_raw=339228.093750 energy_wtd=0.000000 rec=0.042217 total=0.117889
[TAM-CTL-DIAG step=6400] mse_pos=1.917988 mse_neg=1.213045 mse_rec=0.965468 neg_vs_rec=0.247576 rec_dist=2.0777 anchor_dist=13.0315 dist_rec_pos=13.7611 eps_gap_rel=1.0028 cos_rec=0.2052
[LOSS-DIAG step=6500] mse=0.077395 energy_raw=345542.062500 energy_wtd=0.000000 rec=0.042257 total=0.119652
[TAM-CTL-DIAG step=6500] mse_pos=1.944189 mse_neg=1.275815 mse_rec=0.965612 neg_vs_rec=0.310203 rec_dist=2.0302 anchor_dist=12.9906 dist_rec_pos=13.5455 eps_gap_rel=1.0054 cos_rec=0.2850
[LOSS-DIAG step=6600] mse=0.077404 energy_raw=336204.562500 energy_wtd=0.000000 rec=0.042693 total=0.120097
[TAM-CTL-DIAG step=6600] mse_pos=1.912104 mse_neg=1.239584 mse_rec=0.954497 neg_vs_rec=0.285087 rec_dist=2.0301 anchor_dist=12.9442 dist_rec_pos=13.5340 eps_gap_rel=1.0036 cos_rec=0.2566
[LOSS-DIAG step=6700] mse=0.075934 energy_raw=334066.062500 energy_wtd=0.000000 rec=0.042265 total=0.118199
[TAM-CTL-DIAG step=6700] mse_pos=1.906246 mse_neg=1.185240 mse_rec=0.954783 neg_vs_rec=0.230457 rec_dist=2.0931 anchor_dist=12.8583 dist_rec_pos=13.6419 eps_gap_rel=1.0014 cos_rec=0.1799
[LOSS-DIAG step=6800] mse=0.079063 energy_raw=328864.531250 energy_wtd=0.000000 rec=0.042931 total=0.121994
[TAM-CTL-DIAG step=6800] mse_pos=1.895957 mse_neg=1.134654 mse_rec=0.953483 neg_vs_rec=0.181172 rec_dist=2.0452 anchor_dist=12.6284 dist_rec_pos=13.5828 eps_gap_rel=1.0042 cos_rec=0.1308
[LOSS-DIAG step=6900] mse=0.081031 energy_raw=357572.437500 energy_wtd=0.000000 rec=0.041790 total=0.122821
[TAM-CTL-DIAG step=6900] mse_pos=1.999300 mse_neg=1.415815 mse_rec=0.944283 neg_vs_rec=0.471532 rec_dist=2.2313 anchor_dist=13.3015 dist_rec_pos=13.3447 eps_gap_rel=1.0008 cos_rec=0.4484
[LOSS-DIAG step=7000] mse=0.075854 energy_raw=354075.937500 energy_wtd=0.000000 rec=0.041626 total=0.117480
[TAM-CTL-DIAG step=7000] mse_pos=1.968182 mse_neg=1.331031 mse_rec=0.951006 neg_vs_rec=0.380024 rec_dist=2.1607 anchor_dist=13.1533 dist_rec_pos=13.5108 eps_gap_rel=1.0025 cos_rec=0.3406
Running Evaluation...
Validation Result @ Iteration 7000; Milestone = 7 (Train)
---------  ---------
mse_error  0.0689004
---------  ---------
Validation Result @ Iteration 7000; Milestone = 7 (ID: Validation)
---  ---------
mse  0.0682338
---  ---------
[LOSS-DIAG step=7100] mse=0.078310 energy_raw=347093.593750 energy_wtd=0.000000 rec=0.042428 total=0.120737
[TAM-CTL-DIAG step=7100] mse_pos=1.946818 mse_neg=1.320210 mse_rec=0.948796 neg_vs_rec=0.371414 rec_dist=2.2056 anchor_dist=13.1855 dist_rec_pos=13.5368 eps_gap_rel=1.0048 cos_rec=0.3176
[LOSS-DIAG step=7200] mse=0.076914 energy_raw=357691.125000 energy_wtd=0.000000 rec=0.040445 total=0.117358
[TAM-CTL-DIAG step=7200] mse_pos=1.971634 mse_neg=1.627421 mse_rec=0.946406 neg_vs_rec=0.681015 rec_dist=2.3953 anchor_dist=14.2952 dist_rec_pos=13.6066 eps_gap_rel=1.0068 cos_rec=0.8246
[LOSS-DIAG step=7300] mse=0.073538 energy_raw=334018.500000 energy_wtd=0.000000 rec=0.041932 total=0.115470
[TAM-CTL-DIAG step=7300] mse_pos=1.912311 mse_neg=1.201541 mse_rec=0.955539 neg_vs_rec=0.246001 rec_dist=2.0586 anchor_dist=12.8076 dist_rec_pos=13.5760 eps_gap_rel=1.0035 cos_rec=0.2020
[LOSS-DIAG step=7400] mse=0.078657 energy_raw=365552.406250 energy_wtd=0.000000 rec=0.041386 total=0.120042
[TAM-CTL-DIAG step=7400] mse_pos=1.997514 mse_neg=1.559442 mse_rec=0.915797 neg_vs_rec=0.643644 rec_dist=2.4186 anchor_dist=14.0954 dist_rec_pos=13.4992 eps_gap_rel=0.9950 cos_rec=0.6794
[LOSS-DIAG step=7500] mse=0.075058 energy_raw=334139.593750 energy_wtd=0.000000 rec=0.042851 total=0.117909
[TAM-CTL-DIAG step=7500] mse_pos=1.897964 mse_neg=1.436462 mse_rec=0.945861 neg_vs_rec=0.490601 rec_dist=2.0957 anchor_dist=13.9362 dist_rec_pos=13.6931 eps_gap_rel=1.0061 cos_rec=0.7502
[LOSS-DIAG step=7600] mse=0.078031 energy_raw=361881.906250 energy_wtd=0.000000 rec=0.041416 total=0.119447
[TAM-CTL-DIAG step=7600] mse_pos=2.002782 mse_neg=1.410584 mse_rec=0.937314 neg_vs_rec=0.473270 rec_dist=2.2551 anchor_dist=13.3640 dist_rec_pos=13.4130 eps_gap_rel=1.0008 cos_rec=0.4332
[LOSS-DIAG step=7700] mse=0.071489 energy_raw=338113.562500 energy_wtd=0.000000 rec=0.041717 total=0.113206
[TAM-CTL-DIAG step=7700] mse_pos=1.919701 mse_neg=1.210372 mse_rec=0.955534 neg_vs_rec=0.254838 rec_dist=2.0666 anchor_dist=12.7955 dist_rec_pos=13.5435 eps_gap_rel=1.0037 cos_rec=0.2005
[LOSS-DIAG step=7800] mse=0.077067 energy_raw=332055.437500 energy_wtd=0.000000 rec=0.042899 total=0.119966
[TAM-CTL-DIAG step=7800] mse_pos=1.897428 mse_neg=1.194249 mse_rec=0.957422 neg_vs_rec=0.236827 rec_dist=2.0467 anchor_dist=12.7338 dist_rec_pos=13.5045 eps_gap_rel=1.0075 cos_rec=0.1857
[LOSS-DIAG step=7900] mse=0.073125 energy_raw=328491.843750 energy_wtd=0.000000 rec=0.042380 total=0.115505
[TAM-CTL-DIAG step=7900] mse_pos=1.882053 mse_neg=1.133244 mse_rec=0.943915 neg_vs_rec=0.189329 rec_dist=2.0670 anchor_dist=12.6777 dist_rec_pos=13.5941 eps_gap_rel=1.0021 cos_rec=0.1301
[LOSS-DIAG step=8000] mse=0.075409 energy_raw=324354.781250 energy_wtd=0.000000 rec=0.042952 total=0.118360
[TAM-CTL-DIAG step=8000] mse_pos=1.893021 mse_neg=1.117302 mse_rec=0.948847 neg_vs_rec=0.168455 rec_dist=2.0143 anchor_dist=12.5230 dist_rec_pos=13.4985 eps_gap_rel=1.0024 cos_rec=0.1058
Running Evaluation...
Validation Result @ Iteration 8000; Milestone = 8 (Train)
---------  ---------
mse_error  0.0331033
---------  ---------
Validation Result @ Iteration 8000; Milestone = 8 (ID: Validation)
---  ---------
mse  0.0326384
---  ---------
[LOSS-DIAG step=8100] mse=0.072954 energy_raw=358066.625000 energy_wtd=0.000000 rec=0.041338 total=0.114292
[TAM-CTL-DIAG step=8100] mse_pos=1.982092 mse_neg=1.377713 mse_rec=0.942254 neg_vs_rec=0.435459 rec_dist=2.2282 anchor_dist=13.2944 dist_rec_pos=13.4809 eps_gap_rel=1.0029 cos_rec=0.3863
[LOSS-DIAG step=8200] mse=0.076118 energy_raw=354409.687500 energy_wtd=0.000000 rec=0.040063 total=0.116181
[TAM-CTL-DIAG step=8200] mse_pos=1.987630 mse_neg=1.584948 mse_rec=1.046424 neg_vs_rec=0.538524 rec_dist=1.5237 anchor_dist=13.8600 dist_rec_pos=13.8379 eps_gap_rel=1.0485 cos_rec=0.9687
[LOSS-DIAG step=8300] mse=0.070239 energy_raw=337652.625000 energy_wtd=0.000000 rec=0.041897 total=0.112136
[TAM-CTL-DIAG step=8300] mse_pos=1.935090 mse_neg=1.296918 mse_rec=0.962744 neg_vs_rec=0.334175 rec_dist=1.9887 anchor_dist=12.7885 dist_rec_pos=13.3309 eps_gap_rel=1.0090 cos_rec=0.2993
[LOSS-DIAG step=8400] mse=0.069962 energy_raw=347609.312500 energy_wtd=0.000000 rec=0.041621 total=0.111583
[TAM-CTL-DIAG step=8400] mse_pos=1.944696 mse_neg=1.311512 mse_rec=0.951546 neg_vs_rec=0.359966 rec_dist=2.2033 anchor_dist=13.1130 dist_rec_pos=13.5578 eps_gap_rel=1.0047 cos_rec=0.2856
[LOSS-DIAG step=8500] mse=0.069160 energy_raw=356798.562500 energy_wtd=0.000000 rec=0.041573 total=0.110733
[TAM-CTL-DIAG step=8500] mse_pos=1.957202 mse_neg=1.323698 mse_rec=0.957450 neg_vs_rec=0.366249 rec_dist=2.1268 anchor_dist=13.2270 dist_rec_pos=13.6718 eps_gap_rel=1.0055 cos_rec=0.2880
[LOSS-DIAG step=8600] mse=0.068010 energy_raw=344079.312500 energy_wtd=0.000000 rec=0.041097 total=0.109107
[TAM-CTL-DIAG step=8600] mse_pos=1.929602 mse_neg=1.248875 mse_rec=0.960020 neg_vs_rec=0.288854 rec_dist=2.1079 anchor_dist=12.9008 dist_rec_pos=13.6049 eps_gap_rel=1.0076 cos_rec=0.2264
[LOSS-DIAG step=8700] mse=0.067868 energy_raw=350094.781250 energy_wtd=0.000000 rec=0.040970 total=0.108838
[TAM-CTL-DIAG step=8700] mse_pos=1.954582 mse_neg=1.304642 mse_rec=0.956736 neg_vs_rec=0.347906 rec_dist=2.0979 anchor_dist=13.0204 dist_rec_pos=13.5503 eps_gap_rel=1.0062 cos_rec=0.2841
[LOSS-DIAG step=8800] mse=0.069832 energy_raw=339132.750000 energy_wtd=0.000000 rec=0.041698 total=0.111530
[TAM-CTL-DIAG step=8800] mse_pos=1.919525 mse_neg=1.249868 mse_rec=0.951546 neg_vs_rec=0.298323 rec_dist=2.1407 anchor_dist=12.8717 dist_rec_pos=13.5165 eps_gap_rel=1.0071 cos_rec=0.2295
[LOSS-DIAG step=8900] mse=0.069021 energy_raw=336162.937500 energy_wtd=0.000000 rec=0.041651 total=0.110672
[TAM-CTL-DIAG step=8900] mse_pos=1.918853 mse_neg=1.545455 mse_rec=0.935803 neg_vs_rec=0.609652 rec_dist=2.1887 anchor_dist=13.8567 dist_rec_pos=13.4189 eps_gap_rel=1.0051 cos_rec=0.7902
[LOSS-DIAG step=9000] mse=0.071555 energy_raw=354967.937500 energy_wtd=0.000000 rec=0.041480 total=0.113035
[TAM-CTL-DIAG step=9000] mse_pos=1.971375 mse_neg=1.376321 mse_rec=0.942571 neg_vs_rec=0.433751 rec_dist=2.2638 anchor_dist=13.1813 dist_rec_pos=13.4217 eps_gap_rel=1.0037 cos_rec=0.3440
Running Evaluation...
Validation Result @ Iteration 9000; Milestone = 9 (Train)
---------  ---------
mse_error  0.0202616
---------  ---------
Validation Result @ Iteration 9000; Milestone = 9 (ID: Validation)
---  ---------
mse  0.0203058
---  ---------
[LOSS-DIAG step=9100] mse=0.068541 energy_raw=360635.625000 energy_wtd=0.000000 rec=0.040992 total=0.109533
[TAM-CTL-DIAG step=9100] mse_pos=1.981675 mse_neg=1.395173 mse_rec=0.942171 neg_vs_rec=0.453001 rec_dist=2.2976 anchor_dist=13.3573 dist_rec_pos=13.5490 eps_gap_rel=1.0004 cos_rec=0.3523
[LOSS-DIAG step=9200] mse=0.071952 energy_raw=327750.875000 energy_wtd=0.000000 rec=0.041674 total=0.113626
[TAM-CTL-DIAG step=9200] mse_pos=1.896601 mse_neg=1.157987 mse_rec=0.955284 neg_vs_rec=0.202703 rec_dist=2.1237 anchor_dist=12.5130 dist_rec_pos=13.4569 eps_gap_rel=1.0084 cos_rec=0.1357
[LOSS-DIAG step=9300] mse=0.068796 energy_raw=354871.656250 energy_wtd=0.000000 rec=0.040999 total=0.109795
[TAM-CTL-DIAG step=9300] mse_pos=1.966967 mse_neg=1.341708 mse_rec=0.948295 neg_vs_rec=0.393413 rec_dist=2.2865 anchor_dist=13.2025 dist_rec_pos=13.5851 eps_gap_rel=1.0045 cos_rec=0.2892
[LOSS-DIAG step=9400] mse=0.065576 energy_raw=352723.781250 energy_wtd=0.000000 rec=0.040610 total=0.106186
[TAM-CTL-DIAG step=9400] mse_pos=1.957224 mse_neg=1.324550 mse_rec=0.942983 neg_vs_rec=0.381566 rec_dist=2.2619 anchor_dist=13.1174 dist_rec_pos=13.5348 eps_gap_rel=1.0024 cos_rec=0.2723
[LOSS-DIAG step=9500] mse=0.068645 energy_raw=346349.250000 energy_wtd=0.000000 rec=0.042485 total=0.111130
[TAM-CTL-DIAG step=9500] mse_pos=1.945471 mse_neg=1.435904 mse_rec=0.932059 neg_vs_rec=0.503844 rec_dist=2.0856 anchor_dist=13.3615 dist_rec_pos=13.3336 eps_gap_rel=1.0028 cos_rec=0.4860
[LOSS-DIAG step=9600] mse=0.067767 energy_raw=333806.375000 energy_wtd=0.000000 rec=0.041450 total=0.109218
[TAM-CTL-DIAG step=9600] mse_pos=1.909495 mse_neg=1.213875 mse_rec=0.949589 neg_vs_rec=0.264286 rec_dist=2.0779 anchor_dist=12.7537 dist_rec_pos=13.5003 eps_gap_rel=1.0062 cos_rec=0.2019
[LOSS-DIAG step=9700] mse=0.068464 energy_raw=359782.437500 energy_wtd=0.000000 rec=0.040655 total=0.109120
[TAM-CTL-DIAG step=9700] mse_pos=1.986565 mse_neg=1.409027 mse_rec=0.938664 neg_vs_rec=0.470363 rec_dist=2.3359 anchor_dist=13.3078 dist_rec_pos=13.4589 eps_gap_rel=1.0001 cos_rec=0.3688
[LOSS-DIAG step=9800] mse=0.071386 energy_raw=372129.312500 energy_wtd=0.000000 rec=0.040071 total=0.111457
[TAM-CTL-DIAG step=9800] mse_pos=2.022428 mse_neg=1.638831 mse_rec=0.892742 neg_vs_rec=0.746088 rec_dist=2.5921 anchor_dist=14.2182 dist_rec_pos=13.4375 eps_gap_rel=0.9886 cos_rec=0.6817
[LOSS-DIAG step=9900] mse=0.067260 energy_raw=359378.125000 energy_wtd=0.000000 rec=0.040781 total=0.108041
[TAM-CTL-DIAG step=9900] mse_pos=1.974234 mse_neg=1.386968 mse_rec=0.934306 neg_vs_rec=0.452662 rec_dist=2.3062 anchor_dist=13.3084 dist_rec_pos=13.5096 eps_gap_rel=1.0015 cos_rec=0.3496
[LOSS-DIAG step=10000] mse=0.072645 energy_raw=358337.562500 energy_wtd=0.000000 rec=0.041083 total=0.113728
[TAM-CTL-DIAG step=10000] mse_pos=1.995348 mse_neg=1.446410 mse_rec=0.928730 neg_vs_rec=0.517680 rec_dist=2.3848 anchor_dist=13.2110 dist_rec_pos=13.2217 eps_gap_rel=1.0012 cos_rec=0.4132
Running Evaluation...
Validation Result @ Iteration 10000; Milestone = 10 (Train)
---------  ---------
mse_error  0.0149785
---------  ---------
Validation Result @ Iteration 10000; Milestone = 10 (ID: Validation)
---  --------
mse  0.014971
---  --------
training complete
Training completed!
Saving final model checkpoint to: projects/ired/results/ds_inverse/q233_rank_4x/final_model.pt
Final model checkpoint saved successfully (0 EBM parameters)
Results saved to: projects/ired/results/ds_inverse/q233_rank_4x/results.json
Experiment completed at Thu Feb 26 15:02:09 EST 2026
sending incremental file list
./
summary.md
ds_inverse/
ds_inverse/q224_test_local/
ds_inverse/q224_test_local/experiment_config.json
ds_inverse/q233_rank_4x/
ds_inverse/q233_rank_4x/experiment_config.json
ds_inverse/q233_rank_4x/final_model.pt
ds_inverse/q233_rank_4x/model-1.pt
ds_inverse/q233_rank_4x/model-10.pt
ds_inverse/q233_rank_4x/model-2.pt
ds_inverse/q233_rank_4x/model-3.pt
ds_inverse/q233_rank_4x/model-4.pt
ds_inverse/q233_rank_4x/model-5.pt
ds_inverse/q233_rank_4x/model-6.pt
ds_inverse/q233_rank_4x/model-7.pt
ds_inverse/q233_rank_4x/model-8.pt
ds_inverse/q233_rank_4x/model-9.pt
ds_inverse/q233_rank_4x/results.json
test_run/
test_run/experiment_config.json

sent 214,192,157 bytes  received 351 bytes  61,197,859.43 bytes/sec
total size is 214,138,564  speedup is 1.00
Results copied
