Job started at Sun Jan 25 08:44:31 EST 2026
Running on host: holygpu8a22401.rc.fas.harvard.edu
Job ID: 56602458 (Array Job ID: 56602458, Task ID: 9)
Seed: 9
Git URL: https://github.com/mdkrasnow/research-repo.git
Git SHA: fef884935d71901bd0658b2ecc73b88b9a3f8ca3
Work directory: /tmp/ired-job-56602458
GPU info:
Sun Jan 25 08:44:32 2026       
+-----------------------------------------------------------------------------------------+
| NVIDIA-SMI 575.57.08              Driver Version: 575.57.08      CUDA Version: 12.9     |
|-----------------------------------------+------------------------+----------------------+
| GPU  Name                 Persistence-M | Bus-Id          Disp.A | Volatile Uncorr. ECC |
| Fan  Temp   Perf          Pwr:Usage/Cap |           Memory-Usage | GPU-Util  Compute M. |
|                                         |                        |               MIG M. |
|=========================================+========================+======================|
|   0  NVIDIA A100-SXM4-80GB          On  |   00000000:E3:00.0 Off |                    0 |
| N/A   27C    P0             62W /  500W |       0MiB /  81920MiB |      0%      Default |
|                                         |                        |             Disabled |
+-----------------------------------------+------------------------+----------------------+
                                                                                         
+-----------------------------------------------------------------------------------------+
| Processes:                                                                              |
|  GPU   GI   CI              PID   Type   Process name                        GPU Memory |
|        ID   ID                                                               Usage      |
|=========================================================================================|
|  No running processes found                                                             |
+-----------------------------------------------------------------------------------------+
Cloning repository...
Repository cloned and checked out to: fef8849
Repository info:
fef8849 reorg
Starting matrix inversion baseline (no mining) with seed 9...
Loading configuration from: projects/ired/configs/q101_multiseed_baseline.json
Configuration saved to: results/ds_inverse/q101_seed9/experiment_config.json
Setting random seed: 9
Starting experiment with mining strategy: none
Configuration: {
  "experiment_name": "q101_multiseed_baseline",
  "description": "Multi-seed baseline validation (no mining) - seeds 0-9",
  "mining_strategy": "none",
  "rank": 20,
  "ood": false,
  "diffusion_steps": 10,
  "batch_size": 2048,
  "train_steps": 100000,
  "learning_rate": 0.0001,
  "seed": 9,
  "output_dir": "results/ds_inverse/q101_seed9",
  "notes": "Baseline with no negative mining. This config will be used with SLURM array jobs where seed is overridden by SLURM_ARRAY_TASK_ID."
}
Dataset: Inverse matrices (20x20)
Input dimension: 400, Output dimension: 400
Trainer initialized. Output directory: results/ds_inverse/q101_seed9
Training for 100000 steps...
Running Evaluation...
Validation Result @ Iteration 1000; Milestone = 1 (Train)
---------  -------
mse_error  1.39102
---------  -------
Validation Result @ Iteration 1000; Milestone = 1 (ID: Validation)
---  -------
mse  1.38724
---  -------
Running Evaluation...
Validation Result @ Iteration 2000; Milestone = 2 (Train)
---------  --------
mse_error  0.754906
---------  --------
Validation Result @ Iteration 2000; Milestone = 2 (ID: Validation)
---  --------
mse  0.754621
---  --------
Running Evaluation...
Validation Result @ Iteration 3000; Milestone = 3 (Train)
---------  --------
mse_error  0.400865
---------  --------
Validation Result @ Iteration 3000; Milestone = 3 (ID: Validation)
---  --------
mse  0.391514
---  --------
Running Evaluation...
Validation Result @ Iteration 4000; Milestone = 4 (Train)
---------  -------
mse_error  0.12062
---------  -------
Validation Result @ Iteration 4000; Milestone = 4 (ID: Validation)
---  --------
mse  0.125571
---  --------
Running Evaluation...
Validation Result @ Iteration 5000; Milestone = 5 (Train)
---------  ---------
mse_error  0.0207551
---------  ---------
Validation Result @ Iteration 5000; Milestone = 5 (ID: Validation)
---  ---------
mse  0.0224204
---  ---------
Running Evaluation...
Validation Result @ Iteration 6000; Milestone = 6 (Train)
---------  ---------
mse_error  0.0126638
---------  ---------
Validation Result @ Iteration 6000; Milestone = 6 (ID: Validation)
---  ---------
mse  0.0127207
---  ---------
Running Evaluation...
Validation Result @ Iteration 7000; Milestone = 7 (Train)
---------  ---------
mse_error  0.0105949
---------  ---------
Validation Result @ Iteration 7000; Milestone = 7 (ID: Validation)
---  ---------
mse  0.0106325
---  ---------
Running Evaluation...
Validation Result @ Iteration 8000; Milestone = 8 (Train)
---------  ---------
mse_error  0.0100603
---------  ---------
Validation Result @ Iteration 8000; Milestone = 8 (ID: Validation)
---  ---------
mse  0.0100519
---  ---------
Running Evaluation...
Validation Result @ Iteration 9000; Milestone = 9 (Train)
---------  ----------
mse_error  0.00987995
---------  ----------
Validation Result @ Iteration 9000; Milestone = 9 (ID: Validation)
---  ----------
mse  0.00990701
---  ----------
Running Evaluation...
Validation Result @ Iteration 10000; Milestone = 10 (Train)
---------  ----------
mse_error  0.00978403
---------  ----------
Validation Result @ Iteration 10000; Milestone = 10 (ID: Validation)
---  ----------
mse  0.00976426
---  ----------
Running Evaluation...
Validation Result @ Iteration 11000; Milestone = 11 (Train)
---------  ----------
mse_error  0.00977933
---------  ----------
Validation Result @ Iteration 11000; Milestone = 11 (ID: Validation)
---  ----------
mse  0.00968621
---  ----------
Running Evaluation...
Validation Result @ Iteration 12000; Milestone = 12 (Train)
---------  ----------
mse_error  0.00976416
---------  ----------
Validation Result @ Iteration 12000; Milestone = 12 (ID: Validation)
---  ----------
mse  0.00970148
---  ----------
Running Evaluation...
Validation Result @ Iteration 13000; Milestone = 13 (Train)
---------  ----------
mse_error  0.00977032
---------  ----------
Validation Result @ Iteration 13000; Milestone = 13 (ID: Validation)
---  ----------
mse  0.00973864
---  ----------
Running Evaluation...
Validation Result @ Iteration 14000; Milestone = 14 (Train)
---------  ----------
mse_error  0.00974825
---------  ----------
Validation Result @ Iteration 14000; Milestone = 14 (ID: Validation)
---  ----------
mse  0.00970125
---  ----------
Running Evaluation...
Validation Result @ Iteration 15000; Milestone = 15 (Train)
---------  ----------
mse_error  0.00970024
---------  ----------
Validation Result @ Iteration 15000; Milestone = 15 (ID: Validation)
---  ----------
mse  0.00969226
---  ----------
Running Evaluation...
Validation Result @ Iteration 16000; Milestone = 16 (Train)
---------  ----------
mse_error  0.00967116
---------  ----------
Validation Result @ Iteration 16000; Milestone = 16 (ID: Validation)
---  ---------
mse  0.0096796
---  ---------
Running Evaluation...
Validation Result @ Iteration 17000; Milestone = 17 (Train)
---------  ----------
mse_error  0.00973632
---------  ----------
Validation Result @ Iteration 17000; Milestone = 17 (ID: Validation)
---  ----------
mse  0.00969611
---  ----------
Running Evaluation...
Validation Result @ Iteration 18000; Milestone = 18 (Train)
---------  ----------
mse_error  0.00967113
---------  ----------
Validation Result @ Iteration 18000; Milestone = 18 (ID: Validation)
---  ---------
mse  0.0097119
---  ---------
Running Evaluation...
Validation Result @ Iteration 19000; Milestone = 19 (Train)
---------  ----------
mse_error  0.00966834
---------  ----------
Validation Result @ Iteration 19000; Milestone = 19 (ID: Validation)
---  ----------
mse  0.00969169
---  ----------
Running Evaluation...
Validation Result @ Iteration 20000; Milestone = 20 (Train)
---------  ----------
mse_error  0.00969602
---------  ----------
Validation Result @ Iteration 20000; Milestone = 20 (ID: Validation)
---  ----------
mse  0.00967681
---  ----------
Running Evaluation...
Validation Result @ Iteration 21000; Milestone = 21 (Train)
---------  ----------
mse_error  0.00963689
---------  ----------
Validation Result @ Iteration 21000; Milestone = 21 (ID: Validation)
---  ----------
mse  0.00967693
---  ----------
Running Evaluation...
Validation Result @ Iteration 22000; Milestone = 22 (Train)
---------  ----------
mse_error  0.00967471
---------  ----------
Validation Result @ Iteration 22000; Milestone = 22 (ID: Validation)
---  ----------
mse  0.00969211
---  ----------
Running Evaluation...
Validation Result @ Iteration 23000; Milestone = 23 (Train)
---------  ----------
mse_error  0.00971155
---------  ----------
Validation Result @ Iteration 23000; Milestone = 23 (ID: Validation)
---  ----------
mse  0.00969501
---  ----------
Running Evaluation...
Validation Result @ Iteration 24000; Milestone = 24 (Train)
---------  ----------
mse_error  0.00975443
---------  ----------
Validation Result @ Iteration 24000; Milestone = 24 (ID: Validation)
---  ----------
mse  0.00968103
---  ----------
Running Evaluation...
Validation Result @ Iteration 25000; Milestone = 25 (Train)
---------  ----------
mse_error  0.00974464
---------  ----------
Validation Result @ Iteration 25000; Milestone = 25 (ID: Validation)
---  ----------
mse  0.00965921
---  ----------
Running Evaluation...
Validation Result @ Iteration 26000; Milestone = 26 (Train)
---------  ---------
mse_error  0.0096579
---------  ---------
Validation Result @ Iteration 26000; Milestone = 26 (ID: Validation)
---  ----------
mse  0.00970752
---  ----------
Running Evaluation...
Validation Result @ Iteration 27000; Milestone = 27 (Train)
---------  ----------
mse_error  0.00972937
---------  ----------
Validation Result @ Iteration 27000; Milestone = 27 (ID: Validation)
---  ----------
mse  0.00966902
---  ----------
Running Evaluation...
Validation Result @ Iteration 28000; Milestone = 28 (Train)
---------  ----------
mse_error  0.00966786
---------  ----------
Validation Result @ Iteration 28000; Milestone = 28 (ID: Validation)
---  ----------
mse  0.00969816
---  ----------
Running Evaluation...
Validation Result @ Iteration 29000; Milestone = 29 (Train)
---------  ----------
mse_error  0.00965132
---------  ----------
Validation Result @ Iteration 29000; Milestone = 29 (ID: Validation)
---  ----------
mse  0.00967157
---  ----------
Running Evaluation...
Validation Result @ Iteration 30000; Milestone = 30 (Train)
---------  ----------
mse_error  0.00970966
---------  ----------
Validation Result @ Iteration 30000; Milestone = 30 (ID: Validation)
---  ---------
mse  0.0096822
---  ---------
Running Evaluation...
Validation Result @ Iteration 31000; Milestone = 31 (Train)
---------  ----------
mse_error  0.00969682
---------  ----------
Validation Result @ Iteration 31000; Milestone = 31 (ID: Validation)
---  ----------
mse  0.00966271
---  ----------
Running Evaluation...
Validation Result @ Iteration 32000; Milestone = 32 (Train)
---------  ----------
mse_error  0.00973867
---------  ----------
Validation Result @ Iteration 32000; Milestone = 32 (ID: Validation)
---  ----------
mse  0.00969085
---  ----------
Running Evaluation...
Validation Result @ Iteration 33000; Milestone = 33 (Train)
---------  ----------
mse_error  0.00969166
---------  ----------
Validation Result @ Iteration 33000; Milestone = 33 (ID: Validation)
---  ----------
mse  0.00970132
---  ----------
Running Evaluation...
Validation Result @ Iteration 34000; Milestone = 34 (Train)
---------  ----------
mse_error  0.00972019
---------  ----------
Validation Result @ Iteration 34000; Milestone = 34 (ID: Validation)
---  ----------
mse  0.00969123
---  ----------
Running Evaluation...
Validation Result @ Iteration 35000; Milestone = 35 (Train)
---------  ---------
mse_error  0.0097351
---------  ---------
Validation Result @ Iteration 35000; Milestone = 35 (ID: Validation)
---  ----------
mse  0.00968219
---  ----------
Running Evaluation...
Validation Result @ Iteration 36000; Milestone = 36 (Train)
---------  ----------
mse_error  0.00967161
---------  ----------
Validation Result @ Iteration 36000; Milestone = 36 (ID: Validation)
---  ----------
mse  0.00964067
---  ----------
Running Evaluation...
Validation Result @ Iteration 37000; Milestone = 37 (Train)
---------  ----------
mse_error  0.00973022
---------  ----------
Validation Result @ Iteration 37000; Milestone = 37 (ID: Validation)
---  ----------
mse  0.00970059
---  ----------
Running Evaluation...
Validation Result @ Iteration 38000; Milestone = 38 (Train)
---------  ----------
mse_error  0.00965281
---------  ----------
Validation Result @ Iteration 38000; Milestone = 38 (ID: Validation)
---  ----------
mse  0.00968572
---  ----------
Running Evaluation...
Validation Result @ Iteration 39000; Milestone = 39 (Train)
---------  ----------
mse_error  0.00969374
---------  ----------
Validation Result @ Iteration 39000; Milestone = 39 (ID: Validation)
---  ----------
mse  0.00969123
---  ----------
Running Evaluation...
Validation Result @ Iteration 40000; Milestone = 40 (Train)
---------  ---------
mse_error  0.0096463
---------  ---------
Validation Result @ Iteration 40000; Milestone = 40 (ID: Validation)
---  ----------
mse  0.00972329
---  ----------
Running Evaluation...
Validation Result @ Iteration 41000; Milestone = 41 (Train)
---------  ----------
mse_error  0.00969456
---------  ----------
Validation Result @ Iteration 41000; Milestone = 41 (ID: Validation)
---  ---------
mse  0.0096836
---  ---------
Running Evaluation...
Validation Result @ Iteration 42000; Milestone = 42 (Train)
---------  ----------
mse_error  0.00960671
---------  ----------
Validation Result @ Iteration 42000; Milestone = 42 (ID: Validation)
---  ----------
mse  0.00969615
---  ----------
Running Evaluation...
Validation Result @ Iteration 43000; Milestone = 43 (Train)
---------  ----------
mse_error  0.00982441
---------  ----------
Validation Result @ Iteration 43000; Milestone = 43 (ID: Validation)
---  ----------
mse  0.00969306
---  ----------
Running Evaluation...
Validation Result @ Iteration 44000; Milestone = 44 (Train)
---------  ----------
mse_error  0.00962593
---------  ----------
Validation Result @ Iteration 44000; Milestone = 44 (ID: Validation)
---  ----------
mse  0.00968004
---  ----------
Running Evaluation...
Validation Result @ Iteration 45000; Milestone = 45 (Train)
---------  ----------
mse_error  0.00971192
---------  ----------
Validation Result @ Iteration 45000; Milestone = 45 (ID: Validation)
---  ----------
mse  0.00968217
---  ----------
Running Evaluation...
Validation Result @ Iteration 46000; Milestone = 46 (Train)
---------  ----------
mse_error  0.00970115
---------  ----------
Validation Result @ Iteration 46000; Milestone = 46 (ID: Validation)
---  ----------
mse  0.00964264
---  ----------
Running Evaluation...
Validation Result @ Iteration 47000; Milestone = 47 (Train)
---------  ----------
mse_error  0.00972486
---------  ----------
Validation Result @ Iteration 47000; Milestone = 47 (ID: Validation)
---  ----------
mse  0.00971054
---  ----------
Running Evaluation...
Validation Result @ Iteration 48000; Milestone = 48 (Train)
---------  ----------
mse_error  0.00969914
---------  ----------
Validation Result @ Iteration 48000; Milestone = 48 (ID: Validation)
---  ----------
mse  0.00970443
---  ----------
Running Evaluation...
Validation Result @ Iteration 49000; Milestone = 49 (Train)
---------  ----------
mse_error  0.00972333
---------  ----------
Validation Result @ Iteration 49000; Milestone = 49 (ID: Validation)
---  ----------
mse  0.00969173
---  ----------
Running Evaluation...
Validation Result @ Iteration 50000; Milestone = 50 (Train)
---------  ----------
mse_error  0.00970562
---------  ----------
Validation Result @ Iteration 50000; Milestone = 50 (ID: Validation)
---  ----------
mse  0.00967501
---  ----------
Running Evaluation...
Validation Result @ Iteration 51000; Milestone = 51 (Train)
---------  ----------
mse_error  0.00972203
---------  ----------
Validation Result @ Iteration 51000; Milestone = 51 (ID: Validation)
---  ----------
mse  0.00972716
---  ----------
Running Evaluation...
Validation Result @ Iteration 52000; Milestone = 52 (Train)
---------  ----------
mse_error  0.00973535
---------  ----------
Validation Result @ Iteration 52000; Milestone = 52 (ID: Validation)
---  ----------
mse  0.00968167
---  ----------
Running Evaluation...
Validation Result @ Iteration 53000; Milestone = 53 (Train)
---------  ----------
mse_error  0.00987594
---------  ----------
Validation Result @ Iteration 53000; Milestone = 53 (ID: Validation)
---  ----------
mse  0.00967805
---  ----------
Running Evaluation...
Validation Result @ Iteration 54000; Milestone = 54 (Train)
---------  ----------
mse_error  0.00968549
---------  ----------
Validation Result @ Iteration 54000; Milestone = 54 (ID: Validation)
---  ----------
mse  0.00974016
---  ----------
Running Evaluation...
Validation Result @ Iteration 55000; Milestone = 55 (Train)
---------  ----------
mse_error  0.00960427
---------  ----------
Validation Result @ Iteration 55000; Milestone = 55 (ID: Validation)
---  ----------
mse  0.00966596
---  ----------
Running Evaluation...
Validation Result @ Iteration 56000; Milestone = 56 (Train)
---------  ----------
mse_error  0.00971897
---------  ----------
Validation Result @ Iteration 56000; Milestone = 56 (ID: Validation)
---  ----------
mse  0.00965426
---  ----------
Running Evaluation...
Validation Result @ Iteration 57000; Milestone = 57 (Train)
---------  ----------
mse_error  0.00970894
---------  ----------
Validation Result @ Iteration 57000; Milestone = 57 (ID: Validation)
---  ----------
mse  0.00966567
---  ----------
Running Evaluation...
Validation Result @ Iteration 58000; Milestone = 58 (Train)
---------  ----------
mse_error  0.00974354
---------  ----------
Validation Result @ Iteration 58000; Milestone = 58 (ID: Validation)
---  ---------
mse  0.0096899
---  ---------
Running Evaluation...
Validation Result @ Iteration 59000; Milestone = 59 (Train)
---------  ----------
mse_error  0.00970673
---------  ----------
Validation Result @ Iteration 59000; Milestone = 59 (ID: Validation)
---  ----------
mse  0.00970554
---  ----------
Running Evaluation...
Validation Result @ Iteration 60000; Milestone = 60 (Train)
---------  ----------
mse_error  0.00970586
---------  ----------
Validation Result @ Iteration 60000; Milestone = 60 (ID: Validation)
---  ----------
mse  0.00969677
---  ----------
Running Evaluation...
Validation Result @ Iteration 61000; Milestone = 61 (Train)
---------  ----------
mse_error  0.00976876
---------  ----------
Validation Result @ Iteration 61000; Milestone = 61 (ID: Validation)
---  ----------
mse  0.00970821
---  ----------
Running Evaluation...
Validation Result @ Iteration 62000; Milestone = 62 (Train)
---------  ----------
mse_error  0.00967705
---------  ----------
Validation Result @ Iteration 62000; Milestone = 62 (ID: Validation)
---  ----------
mse  0.00965694
---  ----------
Running Evaluation...
Validation Result @ Iteration 63000; Milestone = 63 (Train)
---------  ----------
mse_error  0.00971177
---------  ----------
Validation Result @ Iteration 63000; Milestone = 63 (ID: Validation)
---  ----------
mse  0.00972455
---  ----------
Running Evaluation...
Validation Result @ Iteration 64000; Milestone = 64 (Train)
---------  ----------
mse_error  0.00966733
---------  ----------
Validation Result @ Iteration 64000; Milestone = 64 (ID: Validation)
---  ----------
mse  0.00972238
---  ----------
Running Evaluation...
Validation Result @ Iteration 65000; Milestone = 65 (Train)
---------  ----------
mse_error  0.00967544
---------  ----------
Validation Result @ Iteration 65000; Milestone = 65 (ID: Validation)
---  ----------
mse  0.00965456
---  ----------
Running Evaluation...
Validation Result @ Iteration 66000; Milestone = 66 (Train)
---------  ----------
mse_error  0.00971477
---------  ----------
Validation Result @ Iteration 66000; Milestone = 66 (ID: Validation)
---  ----------
mse  0.00965272
---  ----------
Running Evaluation...
Validation Result @ Iteration 67000; Milestone = 67 (Train)
---------  ----------
mse_error  0.00968773
---------  ----------
Validation Result @ Iteration 67000; Milestone = 67 (ID: Validation)
---  ----------
mse  0.00966012
---  ----------
Running Evaluation...
Validation Result @ Iteration 68000; Milestone = 68 (Train)
---------  ----------
mse_error  0.00966337
---------  ----------
Validation Result @ Iteration 68000; Milestone = 68 (ID: Validation)
---  ----------
mse  0.00966555
---  ----------
Running Evaluation...
Validation Result @ Iteration 69000; Milestone = 69 (Train)
---------  ----------
mse_error  0.00973864
---------  ----------
Validation Result @ Iteration 69000; Milestone = 69 (ID: Validation)
---  ----------
mse  0.00968107
---  ----------
Running Evaluation...
Validation Result @ Iteration 70000; Milestone = 70 (Train)
---------  ----------
mse_error  0.00972575
---------  ----------
Validation Result @ Iteration 70000; Milestone = 70 (ID: Validation)
---  ----------
mse  0.00968669
---  ----------
Running Evaluation...
Validation Result @ Iteration 71000; Milestone = 71 (Train)
---------  ----------
mse_error  0.00971696
---------  ----------
Validation Result @ Iteration 71000; Milestone = 71 (ID: Validation)
---  ---------
mse  0.0097358
---  ---------
Running Evaluation...
Validation Result @ Iteration 72000; Milestone = 72 (Train)
---------  ----------
mse_error  0.00969679
---------  ----------
Validation Result @ Iteration 72000; Milestone = 72 (ID: Validation)
---  --------
mse  0.009683
---  --------
Running Evaluation...
Validation Result @ Iteration 73000; Milestone = 73 (Train)
---------  ----------
mse_error  0.00964598
---------  ----------
Validation Result @ Iteration 73000; Milestone = 73 (ID: Validation)
---  ----------
mse  0.00967526
---  ----------
Running Evaluation...
Validation Result @ Iteration 74000; Milestone = 74 (Train)
---------  ----------
mse_error  0.00967124
---------  ----------
Validation Result @ Iteration 74000; Milestone = 74 (ID: Validation)
---  ----------
mse  0.00968068
---  ----------
Running Evaluation...
Validation Result @ Iteration 75000; Milestone = 75 (Train)
---------  ----------
mse_error  0.00970202
---------  ----------
Validation Result @ Iteration 75000; Milestone = 75 (ID: Validation)
---  ----------
mse  0.00966477
---  ----------
Running Evaluation...
Validation Result @ Iteration 76000; Milestone = 76 (Train)
---------  ----------
mse_error  0.00967862
---------  ----------
Validation Result @ Iteration 76000; Milestone = 76 (ID: Validation)
---  ----------
mse  0.00972513
---  ----------
Running Evaluation...
Validation Result @ Iteration 77000; Milestone = 77 (Train)
---------  ---------
mse_error  0.0097084
---------  ---------
Validation Result @ Iteration 77000; Milestone = 77 (ID: Validation)
---  ----------
mse  0.00973149
---  ----------
Running Evaluation...
Validation Result @ Iteration 78000; Milestone = 78 (Train)
---------  ----------
mse_error  0.00971719
---------  ----------
Validation Result @ Iteration 78000; Milestone = 78 (ID: Validation)
---  ----------
mse  0.00971236
---  ----------
Running Evaluation...
Validation Result @ Iteration 79000; Milestone = 79 (Train)
---------  ----------
mse_error  0.00980063
---------  ----------
Validation Result @ Iteration 79000; Milestone = 79 (ID: Validation)
---  ---------
mse  0.0097427
---  ---------
Running Evaluation...
Validation Result @ Iteration 80000; Milestone = 80 (Train)
---------  ----------
mse_error  0.00968148
---------  ----------
Validation Result @ Iteration 80000; Milestone = 80 (ID: Validation)
---  ----------
mse  0.00969641
---  ----------
Running Evaluation...
Validation Result @ Iteration 81000; Milestone = 81 (Train)
---------  ----------
mse_error  0.00968144
---------  ----------
Validation Result @ Iteration 81000; Milestone = 81 (ID: Validation)
---  ----------
mse  0.00966112
---  ----------
Running Evaluation...
Validation Result @ Iteration 82000; Milestone = 82 (Train)
---------  ----------
mse_error  0.00961581
---------  ----------
Validation Result @ Iteration 82000; Milestone = 82 (ID: Validation)
---  ----------
mse  0.00971065
---  ----------
Running Evaluation...
Validation Result @ Iteration 83000; Milestone = 83 (Train)
---------  ----------
mse_error  0.00968265
---------  ----------
Validation Result @ Iteration 83000; Milestone = 83 (ID: Validation)
---  ----------
mse  0.00967647
---  ----------
Running Evaluation...
Validation Result @ Iteration 84000; Milestone = 84 (Train)
---------  ----------
mse_error  0.00967238
---------  ----------
Validation Result @ Iteration 84000; Milestone = 84 (ID: Validation)
---  ---------
mse  0.0097158
---  ---------
Running Evaluation...
Validation Result @ Iteration 85000; Milestone = 85 (Train)
---------  ---------
mse_error  0.0096595
---------  ---------
Validation Result @ Iteration 85000; Milestone = 85 (ID: Validation)
---  --------
mse  0.009656
---  --------
Running Evaluation...
Validation Result @ Iteration 86000; Milestone = 86 (Train)
---------  ----------
mse_error  0.00966996
---------  ----------
Validation Result @ Iteration 86000; Milestone = 86 (ID: Validation)
---  ----------
mse  0.00968299
---  ----------
Running Evaluation...
Validation Result @ Iteration 87000; Milestone = 87 (Train)
---------  ----------
mse_error  0.00964047
---------  ----------
Validation Result @ Iteration 87000; Milestone = 87 (ID: Validation)
---  ----------
mse  0.00969376
---  ----------
Running Evaluation...
Validation Result @ Iteration 88000; Milestone = 88 (Train)
---------  ----------
mse_error  0.00969026
---------  ----------
Validation Result @ Iteration 88000; Milestone = 88 (ID: Validation)
---  ----------
mse  0.00970499
---  ----------
Running Evaluation...
Validation Result @ Iteration 89000; Milestone = 89 (Train)
---------  ----------
mse_error  0.00966517
---------  ----------
Validation Result @ Iteration 89000; Milestone = 89 (ID: Validation)
---  ----------
mse  0.00967833
---  ----------
Running Evaluation...
Validation Result @ Iteration 90000; Milestone = 90 (Train)
---------  ----------
mse_error  0.00969918
---------  ----------
Validation Result @ Iteration 90000; Milestone = 90 (ID: Validation)
---  ----------
mse  0.00969855
---  ----------
Running Evaluation...
Validation Result @ Iteration 91000; Milestone = 91 (Train)
---------  ---------
mse_error  0.0097551
---------  ---------
Validation Result @ Iteration 91000; Milestone = 91 (ID: Validation)
---  ----------
mse  0.00972812
---  ----------
Running Evaluation...
Validation Result @ Iteration 92000; Milestone = 92 (Train)
---------  ----------
mse_error  0.00971192
---------  ----------
Validation Result @ Iteration 92000; Milestone = 92 (ID: Validation)
---  ----------
mse  0.00970836
---  ----------
Running Evaluation...
Validation Result @ Iteration 93000; Milestone = 93 (Train)
---------  ----------
mse_error  0.00965746
---------  ----------
Validation Result @ Iteration 93000; Milestone = 93 (ID: Validation)
---  ----------
mse  0.00966277
---  ----------
Running Evaluation...
Validation Result @ Iteration 94000; Milestone = 94 (Train)
---------  ----------
mse_error  0.00965898
---------  ----------
Validation Result @ Iteration 94000; Milestone = 94 (ID: Validation)
---  ----------
mse  0.00964508
---  ----------
Running Evaluation...
Validation Result @ Iteration 95000; Milestone = 95 (Train)
---------  --------
mse_error  0.009715
---------  --------
Validation Result @ Iteration 95000; Milestone = 95 (ID: Validation)
---  ----------
mse  0.00967377
---  ----------
Running Evaluation...
Validation Result @ Iteration 96000; Milestone = 96 (Train)
---------  ----------
mse_error  0.00967312
---------  ----------
Validation Result @ Iteration 96000; Milestone = 96 (ID: Validation)
---  ----------
mse  0.00971644
---  ----------
Running Evaluation...
Validation Result @ Iteration 97000; Milestone = 97 (Train)
---------  ----------
mse_error  0.00968595
---------  ----------
Validation Result @ Iteration 97000; Milestone = 97 (ID: Validation)
---  ----------
mse  0.00972081
---  ----------
Running Evaluation...
Validation Result @ Iteration 98000; Milestone = 98 (Train)
---------  ----------
mse_error  0.00969809
---------  ----------
Validation Result @ Iteration 98000; Milestone = 98 (ID: Validation)
---  ----------
mse  0.00968967
---  ----------
Running Evaluation...
Validation Result @ Iteration 99000; Milestone = 99 (Train)
---------  ----------
mse_error  0.00970018
---------  ----------
Validation Result @ Iteration 99000; Milestone = 99 (ID: Validation)
---  ----------
mse  0.00968976
---  ----------
Running Evaluation...
Validation Result @ Iteration 100000; Milestone = 100 (Train)
---------  ----------
mse_error  0.00965499
---------  ----------
Validation Result @ Iteration 100000; Milestone = 100 (ID: Validation)
---  ----------
mse  0.00967832
---  ----------
training complete
Training completed!
Results saved to: results/ds_inverse/q101_seed9/results.json
Experiment completed at Sun Jan 25 10:22:31 EST 2026
Copying results to persistent storage...
sending incremental file list
./
summary.md
test_run/
test_run/experiment_config.json

sent 2,486 bytes  received 69 bytes  5,110.00 bytes/sec
total size is 2,227  speedup is 0.87
Results copied to /n/home03/mkrasnow/research-repo/projects/ired/results/
Cleaning up work directory...
