Job started at Thu Feb 19 10:29:24 EST 2026
Running on host: holygpu8a22103.rc.fas.harvard.edu
Job ID: 61179640
Git URL: https://github.com/mdkrasnow/research-repo.git
Git SHA: 3da2ec9a656963f2f930e55b43eb9692e32cac62
Work directory: /tmp/ired-job-61179640
GPU info:
Thu Feb 19 10:29:24 2026       
+-----------------------------------------------------------------------------------------+
| NVIDIA-SMI 575.57.08              Driver Version: 575.57.08      CUDA Version: 12.9     |
|-----------------------------------------+------------------------+----------------------+
| GPU  Name                 Persistence-M | Bus-Id          Disp.A | Volatile Uncorr. ECC |
| Fan  Temp   Perf          Pwr:Usage/Cap |           Memory-Usage | GPU-Util  Compute M. |
|                                         |                        |               MIG M. |
|=========================================+========================+======================|
|   0  NVIDIA A100-SXM4-80GB          On  |   00000000:31:00.0 Off |                    0 |
| N/A   27C    P0             61W /  500W |       0MiB /  81920MiB |      0%      Default |
|                                         |                        |             Disabled |
+-----------------------------------------+------------------------+----------------------+
                                                                                         
+-----------------------------------------------------------------------------------------+
| Processes:                                                                              |
|  GPU   GI   CI              PID   Type   Process name                        GPU Memory |
|        ID   ID                                                               Usage      |
|=========================================================================================|
|  No running processes found                                                             |
+-----------------------------------------------------------------------------------------+
Cloning repository...
Repository cloned and checked out to: 3da2ec9
Repository info:
3da2ec9 Add hinge contrastive loss to fix energy scale degeneracy (q212-q213)
Starting q212: scalar energy + hinge contrastive loss...
Loading configuration from: projects/ired/configs/q212_scalar_hinge.json
Configuration saved to: results/ds_inverse/q212_scalar_hinge/experiment_config.json
Setting random seed: 1
Starting experiment with mining strategy: cd_langevin_replay
Configuration: {
  "experiment_name": "q212_scalar_hinge",
  "description": "Scalar energy + hinge contrastive loss: relu(m + E_pos - E_neg). Prevents energy scale degeneracy by stopping gradient once margin m is achieved.",
  "investigation": "ired-cd",
  "ablation_stage": "scalar_hinge",
  "mining_strategy": "cd_langevin_replay",
  "rank": 20,
  "ood": false,
  "diffusion_steps": 10,
  "batch_size": 2048,
  "train_steps": 20000,
  "learning_rate": 0.0001,
  "mining_opt_steps": 10,
  "energy_reg_weight": 0.0,
  "mining_noise_scale": 1.5,
  "use_langevin": true,
  "use_replay_buffer": true,
  "replay_buffer_size": 10000,
  "replay_buffer_buckets": 16,
  "use_cd_loss": false,
  "use_ired_contrastive_loss": true,
  "contrastive_type": "hinge",
  "contrastive_margin": 1.0,
  "use_scalar_energy": true,
  "use_residual_filter": false,
  "use_energy_schedule": false,
  "use_timestep_range": false,
  "energy_loss_weight": 0.05,
  "adam_betas": [
    0.0,
    0.999
  ],
  "output_dir": "results/ds_inverse/q212_scalar_hinge",
  "notes": "Key fix: hinge loss relu(m + E_pos - E_neg) with m=1.0 replaces softplus. Stops rewarding margin inflation beyond m, preventing the energy scale degeneracy that caused frac_sat=0.997 and gradE suppression in q208-q211. Once margin > m, contrastive gradient is exactly zero \u2014 no residual interference with denoising.",
  "seed": 1
}
Dataset: Inverse matrices (20x20)
Input dimension: 400, Output dimension: 400
Trainer initialized. Output directory: results/ds_inverse/q212_scalar_hinge
Training for 20000 steps...
[IRED-CL-DIAG step=100] E_pos=7.7837 E_neg=9.6688 margin=1.8852 E_wtd=0.002540 MSE=0.998947 gradE=0.4260 pred=0.0002 hinge=0.050804 frac_active=0.127 neg_dist=31.5873 lang_grad0=0.0002 lang_gradK=0.0002 lang_disp=34.4811 step=0.4538 sigma=0.9204
[IRED-CL-DIAG step=200] E_pos=7.3530 E_neg=10.8063 margin=3.4534 E_wtd=0.000491 MSE=1.000215 gradE=0.6996 pred=0.0003 hinge=0.009822 frac_active=0.024 neg_dist=31.5880 lang_grad0=0.0004 lang_gradK=0.0004 lang_disp=34.4805 step=0.4562 sigma=0.9223
[IRED-CL-DIAG step=300] E_pos=6.2972 E_neg=10.7989 margin=4.5017 E_wtd=0.000484 MSE=0.999282 gradE=0.8724 pred=0.0004 hinge=0.009682 frac_active=0.013 neg_dist=31.5116 lang_grad0=0.0005 lang_gradK=0.0005 lang_disp=34.3416 step=0.4461 sigma=0.9119
[IRED-CL-DIAG step=400] E_pos=5.1998 E_neg=10.4526 margin=5.2528 E_wtd=0.000114 MSE=0.999386 gradE=0.9802 pred=0.0005 hinge=0.002273 frac_active=0.005 neg_dist=31.5373 lang_grad0=0.0006 lang_gradK=0.0006 lang_disp=34.4269 step=0.4521 sigma=0.9179
[IRED-CL-DIAG step=500] E_pos=3.3708 E_neg=9.3248 margin=5.9540 E_wtd=0.000047 MSE=0.997858 gradE=1.0749 pred=0.0005 hinge=0.000949 frac_active=0.003 neg_dist=31.4543 lang_grad0=0.0006 lang_gradK=0.0006 lang_disp=34.3251 step=0.4434 sigma=0.9098
[IRED-CL-DIAG step=600] E_pos=2.1459 E_neg=8.6926 margin=6.5467 E_wtd=0.000221 MSE=1.000808 gradE=1.1467 pred=0.0006 hinge=0.004414 frac_active=0.007 neg_dist=31.4165 lang_grad0=0.0007 lang_gradK=0.0007 lang_disp=34.3227 step=0.4422 sigma=0.9078
[IRED-CL-DIAG step=700] E_pos=2.7968 E_neg=10.0858 margin=7.2890 E_wtd=0.000133 MSE=0.998870 gradE=1.2581 pred=0.0006 hinge=0.002659 frac_active=0.003 neg_dist=31.4826 lang_grad0=0.0007 lang_gradK=0.0007 lang_disp=34.3576 step=0.4442 sigma=0.9108
[IRED-CL-DIAG step=800] E_pos=3.9194 E_neg=11.6507 margin=7.7314 E_wtd=0.000066 MSE=0.998013 gradE=1.3219 pred=0.0006 hinge=0.001315 frac_active=0.001 neg_dist=31.3387 lang_grad0=0.0008 lang_gradK=0.0008 lang_disp=34.2259 step=0.4364 sigma=0.9023
[IRED-CL-DIAG step=900] E_pos=2.6688 E_neg=10.8284 margin=8.1596 E_wtd=0.000084 MSE=1.000253 gradE=1.3967 pred=0.0007 hinge=0.001686 frac_active=0.002 neg_dist=31.5669 lang_grad0=0.0008 lang_gradK=0.0008 lang_disp=34.5508 step=0.4533 sigma=0.9200
[IRED-CL-DIAG step=1000] E_pos=8.7390 E_neg=18.6400 margin=9.9010 E_wtd=0.000096 MSE=0.998433 gradE=1.7189 pred=0.0008 hinge=0.001929 frac_active=0.001 neg_dist=31.3740 lang_grad0=0.0009 lang_gradK=0.0010 lang_disp=32.9486 step=0.4474 sigma=0.9140
Running Evaluation...
Validation Result @ Iteration 1000; Milestone = 1 (Train)
---------  -------
mse_error  3.82648
---------  -------
Validation Result @ Iteration 1000; Milestone = 1 (ID: Validation)
---  -------
mse  3.43164
---  -------
[IRED-CL-DIAG step=1100] E_pos=4.2631 E_neg=14.7027 margin=10.4396 E_wtd=0.000094 MSE=0.999336 gradE=1.7380 pred=0.0008 hinge=0.001878 frac_active=0.002 neg_dist=31.4295 lang_grad0=0.0010 lang_gradK=0.0010 lang_disp=34.2651 step=0.4388 sigma=0.9052
[IRED-CL-DIAG step=1200] E_pos=10.3436 E_neg=23.1314 margin=12.7878 E_wtd=0.000083 MSE=0.997745 gradE=2.1636 pred=0.0011 hinge=0.001654 frac_active=0.001 neg_dist=31.5389 lang_grad0=0.0012 lang_gradK=0.0012 lang_disp=34.4918 step=0.4542 sigma=0.9196
[IRED-CL-DIAG step=1300] E_pos=36.9389 E_neg=80.2696 margin=43.3307 E_wtd=0.000121 MSE=0.997788 gradE=7.4456 pred=0.0036 hinge=0.002417 frac_active=0.000 neg_dist=31.5086 lang_grad0=0.0041 lang_gradK=0.0041 lang_disp=34.4008 step=0.4512 sigma=0.9161
[IRED-CL-DIAG step=1400] E_pos=82.2138 E_neg=200.7889 margin=118.5751 E_wtd=0.000596 MSE=0.999049 gradE=20.1947 pred=0.0099 hinge=0.011925 frac_active=0.000 neg_dist=31.4202 lang_grad0=0.0112 lang_gradK=0.0112 lang_disp=34.2650 step=0.4421 sigma=0.9083
[IRED-CL-DIAG step=1500] E_pos=400.2568 E_neg=1037.2869 margin=637.0301 E_wtd=0.000192 MSE=0.999272 gradE=107.6660 pred=0.0526 hinge=0.003831 frac_active=0.001 neg_dist=31.6346 lang_grad0=0.0594 lang_gradK=0.0594 lang_disp=34.5681 step=0.4566 sigma=0.9234
[IRED-CL-DIAG step=1600] E_pos=1503.2501 E_neg=5249.4912 margin=3746.2411 E_wtd=0.005666 MSE=0.991194 gradE=625.8447 pred=0.3056 hinge=0.113329 frac_active=0.000 neg_dist=31.3816 lang_grad0=0.3531 lang_gradK=0.3528 lang_disp=34.2561 step=0.4420 sigma=0.9076
[IRED-CL-DIAG step=1700] E_pos=3976.7822 E_neg=10106.7852 margin=6130.0029 E_wtd=0.019324 MSE=0.983497 gradE=1080.1962 pred=0.5274 hinge=0.386482 frac_active=0.001 neg_dist=31.3454 lang_grad0=0.5760 lang_gradK=0.5808 lang_disp=34.3123 step=0.4445 sigma=0.9102
[IRED-CL-DIAG step=1800] E_pos=2858.6060 E_neg=11543.9727 margin=8685.3667 E_wtd=0.081338 MSE=0.972369 gradE=1512.6487 pred=0.7386 hinge=1.626756 frac_active=0.001 neg_dist=31.3998 lang_grad0=0.8670 lang_gradK=0.8660 lang_disp=34.4538 step=0.4508 sigma=0.9175
[IRED-CL-DIAG step=1900] E_pos=5644.4463 E_neg=15925.4951 margin=10281.0488 E_wtd=0.131264 MSE=0.968059 gradE=1812.5433 pred=0.8850 hinge=2.625277 frac_active=0.002 neg_dist=31.3167 lang_grad0=0.9997 lang_gradK=1.0102 lang_disp=34.3582 step=0.4467 sigma=0.9131
[IRED-CL-DIAG step=2000] E_pos=8664.9346 E_neg=19819.4473 margin=11154.5127 E_wtd=0.065142 MSE=0.964140 gradE=1996.3148 pred=0.9748 hinge=1.302835 frac_active=0.001 neg_dist=31.2872 lang_grad0=1.0236 lang_gradK=1.0430 lang_disp=34.2700 step=0.4440 sigma=0.9100
Running Evaluation...
Validation Result @ Iteration 2000; Milestone = 2 (Train)
---------  -------
mse_error  3.07255
---------  -------
Validation Result @ Iteration 2000; Milestone = 2 (ID: Validation)
---  -------
mse  2.97826
---  -------
[IRED-CL-DIAG step=2100] E_pos=6757.5469 E_neg=19886.8906 margin=13129.3438 E_wtd=0.026499 MSE=0.956288 gradE=2263.1357 pred=1.1050 hinge=0.529989 frac_active=0.001 neg_dist=31.2394 lang_grad0=1.2662 lang_gradK=1.2786 lang_disp=34.3325 step=0.4472 sigma=0.9129
[IRED-CL-DIAG step=2200] E_pos=6660.6724 E_neg=20235.6211 margin=13574.9487 E_wtd=0.092750 MSE=0.957704 gradE=2324.1094 pred=1.1348 hinge=1.855006 frac_active=0.000 neg_dist=31.2618 lang_grad0=1.3064 lang_gradK=1.3210 lang_disp=34.2792 step=0.4440 sigma=0.9101
[IRED-CL-DIAG step=2300] E_pos=6268.6533 E_neg=20400.0820 margin=14131.4287 E_wtd=0.065851 MSE=0.952418 gradE=2468.7263 pred=1.2054 hinge=1.317011 frac_active=0.002 neg_dist=31.3851 lang_grad0=1.4033 lang_gradK=1.4119 lang_disp=34.4794 step=0.4522 sigma=0.9197
[IRED-CL-DIAG step=2400] E_pos=8119.7847 E_neg=22919.5312 margin=14799.7466 E_wtd=0.025541 MSE=0.953261 gradE=2587.7422 pred=1.2635 hinge=0.510822 frac_active=0.000 neg_dist=31.2815 lang_grad0=1.4273 lang_gradK=1.4540 lang_disp=34.3288 step=0.4476 sigma=0.9145
[IRED-CL-DIAG step=2500] E_pos=9605.7207 E_neg=25948.0742 margin=16342.3535 E_wtd=0.204988 MSE=0.946039 gradE=2871.7166 pred=1.4022 hinge=4.099759 frac_active=0.002 neg_dist=31.2228 lang_grad0=1.5738 lang_gradK=1.6027 lang_disp=34.3380 step=0.4493 sigma=0.9157
[IRED-CL-DIAG step=2600] E_pos=10218.8281 E_neg=26677.2520 margin=16458.4238 E_wtd=0.080002 MSE=0.945675 gradE=2887.8096 pred=1.4101 hinge=1.600035 frac_active=0.001 neg_dist=31.2162 lang_grad0=1.5569 lang_gradK=1.5925 lang_disp=34.1896 step=0.4427 sigma=0.9092
[IRED-CL-DIAG step=2700] E_pos=7271.6733 E_neg=24589.1270 margin=17317.4536 E_wtd=0.018868 MSE=0.939912 gradE=3058.9258 pred=1.4936 hinge=0.377358 frac_active=0.001 neg_dist=31.2781 lang_grad0=1.7524 lang_gradK=1.7711 lang_disp=34.4297 step=0.4566 sigma=0.9218
[IRED-CL-DIAG step=2800] E_pos=9220.1924 E_neg=26804.5684 margin=17584.3760 E_wtd=0.097714 MSE=0.941759 gradE=3027.7427 pred=1.4784 hinge=1.954279 frac_active=0.002 neg_dist=31.1081 lang_grad0=1.6801 lang_gradK=1.7090 lang_disp=34.2661 step=0.4411 sigma=0.9078
[IRED-CL-DIAG step=2900] E_pos=9068.8018 E_neg=27073.1641 margin=18004.3623 E_wtd=0.194946 MSE=0.937037 gradE=3120.5706 pred=1.5237 hinge=3.898914 frac_active=0.001 neg_dist=31.1337 lang_grad0=1.7292 lang_gradK=1.7631 lang_disp=34.2411 step=0.4454 sigma=0.9112
[IRED-CL-DIAG step=3000] E_pos=14767.9014 E_neg=33257.8438 margin=18489.9424 E_wtd=0.012667 MSE=0.936635 gradE=3224.0771 pred=1.5743 hinge=0.253334 frac_active=0.000 neg_dist=31.1703 lang_grad0=1.6369 lang_gradK=1.6957 lang_disp=34.3106 step=0.4460 sigma=0.9123
Running Evaluation...
Validation Result @ Iteration 3000; Milestone = 3 (Train)
---------  -------
mse_error  3.07499
---------  -------
Validation Result @ Iteration 3000; Milestone = 3 (ID: Validation)
---  -------
mse  2.64527
---  -------
[IRED-CL-DIAG step=3100] E_pos=9764.0273 E_neg=29196.9941 margin=19432.9668 E_wtd=0.026762 MSE=0.934696 gradE=3292.4941 pred=1.6077 hinge=0.535248 frac_active=0.001 neg_dist=31.1384 lang_grad0=1.8238 lang_gradK=1.8677 lang_disp=34.2799 step=0.4406 sigma=0.9084
