Job started at Mon Feb 23 13:15:52 EST 2026
Running on host: holygpu8a16303.rc.fas.harvard.edu
Job ID: 61768801
Array Task ID: 3
Git URL: https://github.com/mdkrasnow/research-repo.git
Git SHA: 5fc96a587a317ca8896955b4fd21d84a59990cca
Work directory: /tmp/ired-job-61768801
GPU info:
Mon Feb 23 13:15:52 2026       
+-----------------------------------------------------------------------------------------+
| NVIDIA-SMI 575.57.08              Driver Version: 575.57.08      CUDA Version: 12.9     |
|-----------------------------------------+------------------------+----------------------+
| GPU  Name                 Persistence-M | Bus-Id          Disp.A | Volatile Uncorr. ECC |
| Fan  Temp   Perf          Pwr:Usage/Cap |           Memory-Usage | GPU-Util  Compute M. |
|                                         |                        |               MIG M. |
|=========================================+========================+======================|
|   0  NVIDIA H200                    On  |   00000000:A6:00.0 Off |                    0 |
| N/A   27C    P0             72W /  700W |       0MiB / 143771MiB |      0%      Default |
|                                         |                        |             Disabled |
+-----------------------------------------+------------------------+----------------------+
                                                                                         
+-----------------------------------------------------------------------------------------+
| Processes:                                                                              |
|  GPU   GI   CI              PID   Type   Process name                        GPU Memory |
|        ID   ID                                                               Usage      |
|=========================================================================================|
|  No running processes found                                                             |
+-----------------------------------------------------------------------------------------+
Cloning repository...
Repository cloned and checked out to: 5fc96a5
Repository info:
5fc96a5 Fix TAM-CTL diagnostics: use noise instead of target in diagnostic sections
Starting TAM-CTL (recovery-only) with seed 3...
Loading configuration from: projects/ired/configs/q223_tam_ctl_recovery_only.json
Configuration saved to: results/ds_inverse/q223_tam_ctl_recovery_only/experiment_config.json
Setting random seed: 3
Starting experiment with mining strategy: tam
Configuration: {
  "experiment_name": "q223_tam_ctl_recovery_only",
  "description": "TAM + recovery loss (convergence training). NO gradient-contrastive. Isolates recovery effect.",
  "investigation": "ired-pgd",
  "ablation_stage": "tam_recovery_loss",
  "mining_strategy": "tam",
  "tam_anchor_step": 2,
  "pgd_delta": 1.5,
  "pgd_step_size": 0.5,
  "mining_opt_steps": 3,
  "use_recovery_loss": true,
  "recovery_steps": 1,
  "recovery_loss_weight": 0.1,
  "use_gradient_contrastive": false,
  "energy_loss_weight": 0.0,
  "use_scalar_energy": true,
  "rank": 20,
  "ood": false,
  "diffusion_steps": 10,
  "batch_size": 2048,
  "train_steps": 100000,
  "learning_rate": 0.0001,
  "adam_betas": [
    0.0,
    0.999
  ],
  "output_dir": "results/ds_inverse/q223_tam_ctl_recovery_only",
  "notes": "Test hypothesis: training on recovered trajectory states improves convergence. Loss = L_mse(pos) + 0.1 * L_mse(rec). Baseline: q220 val_mse=0.009728\u00b10.000016. Recovery loss weight \u03bb=0.1, recovery_steps=1.",
  "seed": 3
}
Dataset: Inverse matrices (20x20)
Input dimension: 400, Output dimension: 400
Trainer initialized. Output directory: results/ds_inverse/q223_tam_ctl_recovery_only
Training for 100000 steps...
