Job started at Fri Feb 27 08:53:06 EST 2026
Running on host: holygpu8a29304.rc.fas.harvard.edu
Job ID: 62611817
Git URL: https://github.com/mdkrasnow/research-repo.git
Git SHA: 655363939eea983569ed1d6307287c8d4c385817
Work directory: /tmp/ired-job-62611817
GPU info:
Fri Feb 27 08:53:07 2026       
+-----------------------------------------------------------------------------------------+
| NVIDIA-SMI 575.57.08              Driver Version: 575.57.08      CUDA Version: 12.9     |
|-----------------------------------------+------------------------+----------------------+
| GPU  Name                 Persistence-M | Bus-Id          Disp.A | Volatile Uncorr. ECC |
| Fan  Temp   Perf          Pwr:Usage/Cap |           Memory-Usage | GPU-Util  Compute M. |
|                                         |                        |               MIG M. |
|=========================================+========================+======================|
|   0  NVIDIA A100-SXM4-80GB          On  |   00000000:31:00.0 Off |                    0 |
| N/A   27C    P0             59W /  500W |       0MiB /  81920MiB |      0%      Default |
|                                         |                        |             Disabled |
+-----------------------------------------+------------------------+----------------------+
                                                                                         
+-----------------------------------------------------------------------------------------+
| Processes:                                                                              |
|  GPU   GI   CI              PID   Type   Process name                        GPU Memory |
|        ID   ID                                                               Usage      |
|=========================================================================================|
|  No running processes found                                                             |
+-----------------------------------------------------------------------------------------+
Cloning repository...
Repository cloned and checked out to: 6553639
Starting full 100K-step q234 run (2-step recovery)...
Loading configuration from: projects/ired/configs/q234_recovery_2step.json
Configuration saved to: projects/ired/results/ds_inverse/q234_recovery_2step/experiment_config.json
Setting random seed: 0
Starting experiment with mining strategy: tam
Configuration: {
  "experiment_name": "q234_recovery_2step",
  "description": "q232 base + recovery_steps=2. Tests deeper trajectory consistency.",
  "investigation": "ired-pgd",
  "ablation_stage": "tam_ctl_v2_recovery_depth",
  "mining_strategy": "tam",
  "tam_anchor_step": 2,
  "pgd_delta": 1.5,
  "pgd_step_size": 0.5,
  "mining_opt_steps": 3,
  "use_recovery_loss": true,
  "recovery_steps": 2,
  "recovery_loss_weight": 0.1,
  "recovery_target": "implied_noise",
  "use_recovery_rank_loss": true,
  "recovery_rank_margin": 0.1,
  "recovery_rank_weight": 0.2,
  "use_gradient_contrastive": false,
  "energy_loss_weight": 0.0,
  "use_scalar_energy": true,
  "rank": 20,
  "ood": false,
  "diffusion_steps": 10,
  "batch_size": 2048,
  "train_steps": 100000,
  "learning_rate": 0.0001,
  "adam_betas": [
    0.0,
    0.999
  ],
  "output_dir": "projects/ired/results/ds_inverse/q234_recovery_2step",
  "notes": "q232 + recovery_steps=2. Single variable change: deeper recovery trajectory.",
  "seed": 0
}
Dataset: Inverse matrices (20x20)
Input dimension: 400, Output dimension: 400
Trainer initialized. Output directory: projects/ired/results/ds_inverse/q234_recovery_2step
Training for 100000 steps...
[LOSS-DIAG step=100] mse=0.999259 energy_raw=0.695495 energy_wtd=0.000000 rec=0.109598 total=1.108857
[TAM-CTL-DIAG step=100] mse_pos=0.999908 mse_neg=0.999907 mse_rec=0.999907 neg_vs_rec=0.000000 rec_gain=0.0000 rec_dist=0.0000 pgd_radius=0.0000 anchor_dist=1.8908 dist_rec_pos=1.8908 eps_gap_rel=0.1047 cos_rec=-0.1495 rank_raw=0.100000
[LOSS-DIAG step=200] mse=1.002301 energy_raw=0.891563 energy_wtd=0.000000 rec=0.044246 total=1.046546
[TAM-CTL-DIAG step=200] mse_pos=0.998231 mse_neg=0.998231 mse_rec=0.998231 neg_vs_rec=0.000000 rec_gain=0.0000 rec_dist=0.0001 pgd_radius=0.0001 anchor_dist=12.0861 dist_rec_pos=12.0862 eps_gap_rel=0.8172 cos_rec=-0.1898 rank_raw=0.100001
[LOSS-DIAG step=300] mse=0.998160 energy_raw=4.360787 energy_wtd=0.000000 rec=0.115903 total=1.114063
[TAM-CTL-DIAG step=300] mse_pos=1.000477 mse_neg=1.000151 mse_rec=1.000151 neg_vs_rec=-0.000000 rec_gain=-0.0000 rec_dist=0.0159 pgd_radius=0.0205 anchor_dist=0.9374 dist_rec_pos=0.9496 eps_gap_rel=0.0522 cos_rec=-0.2099 rank_raw=0.099619
[LOSS-DIAG step=400] mse=0.988664 energy_raw=2201.538574 energy_wtd=0.000000 rec=0.039657 total=1.028321
[TAM-CTL-DIAG step=400] mse_pos=1.001488 mse_neg=0.998314 mse_rec=0.998296 neg_vs_rec=0.000018 rec_gain=0.0000 rec_dist=0.3532 pgd_radius=0.8707 anchor_dist=9.6168 dist_rec_pos=10.2646 eps_gap_rel=0.6972 cos_rec=-0.1397 rank_raw=0.096878
[LOSS-DIAG step=500] mse=0.881932 energy_raw=25188.132812 energy_wtd=0.000000 rec=0.070563 total=0.952495
[TAM-CTL-DIAG step=500] mse_pos=1.026446 mse_neg=0.949535 mse_rec=0.962090 neg_vs_rec=-0.012555 rec_gain=-0.0132 rec_dist=1.6884 pgd_radius=1.4999 anchor_dist=5.6224 dist_rec_pos=7.7015 eps_gap_rel=0.5226 cos_rec=-0.5097 rank_raw=0.107620
[LOSS-DIAG step=600] mse=0.743254 energy_raw=62760.207031 energy_wtd=0.000000 rec=0.074560 total=0.817814
[TAM-CTL-DIAG step=600] mse_pos=1.129285 mse_neg=0.945586 mse_rec=0.960809 neg_vs_rec=-0.015223 rec_gain=-0.0161 rec_dist=1.1928 pgd_radius=1.5000 anchor_dist=5.8385 dist_rec_pos=7.8598 eps_gap_rel=0.5415 cos_rec=-0.6333 rank_raw=0.103727
[LOSS-DIAG step=700] mse=0.652148 energy_raw=102406.484375 energy_wtd=0.000000 rec=0.032516 total=0.684664
[TAM-CTL-DIAG step=700] mse_pos=1.254728 mse_neg=1.150777 mse_rec=1.049301 neg_vs_rec=0.101476 rec_gain=0.0882 rec_dist=1.4743 pgd_radius=1.5000 anchor_dist=13.9916 dist_rec_pos=14.0206 eps_gap_rel=1.0474 cos_rec=0.7048 rank_raw=0.085613
[LOSS-DIAG step=800] mse=0.568272 energy_raw=144584.031250 energy_wtd=0.000000 rec=0.074400 total=0.642672
[TAM-CTL-DIAG step=800] mse_pos=1.385878 mse_neg=0.895360 mse_rec=0.926453 neg_vs_rec=-0.031094 rec_gain=-0.0347 rec_dist=2.2957 pgd_radius=1.5000 anchor_dist=7.9415 dist_rec_pos=10.4652 eps_gap_rel=0.7365 cos_rec=-0.4811 rank_raw=0.133550
