Job started at Sun Feb 22 11:03:35 EST 2026
Running on host: holygpu8a18203.rc.fas.harvard.edu
Job ID: 61624795, Array Task ID: 3
GPU info:
Sun Feb 22 11:03:35 2026       
+-----------------------------------------------------------------------------------------+
| NVIDIA-SMI 575.57.08              Driver Version: 575.57.08      CUDA Version: 12.9     |
|-----------------------------------------+------------------------+----------------------+
| GPU  Name                 Persistence-M | Bus-Id          Disp.A | Volatile Uncorr. ECC |
| Fan  Temp   Perf          Pwr:Usage/Cap |           Memory-Usage | GPU-Util  Compute M. |
|                                         |                        |               MIG M. |
|=========================================+========================+======================|
|   0  NVIDIA H200                    On  |   00000000:C6:00.0 Off |                    0 |
| N/A   28C    P0             74W /  700W |       0MiB / 143771MiB |      0%      Default |
|                                         |                        |             Disabled |
+-----------------------------------------+------------------------+----------------------+
                                                                                         
+-----------------------------------------------------------------------------------------+
| Processes:                                                                              |
|  GPU   GI   CI              PID   Type   Process name                        GPU Memory |
|        ID   ID                                                               Usage      |
|=========================================================================================|
|  No running processes found                                                             |
+-----------------------------------------------------------------------------------------+
Cloning repository...
Repository cloned and checked out to: d0be063
d0be063 Fix q220 sweep performance: 4 workers + 32G mem + 12h time limit
Starting q220 TAM sweep config 03 (batch A: 0-22)...
Loading configuration from: projects/ired/configs/q220_sweep_03.json
Configuration saved to: results/ds_inverse/q220_sweep_03/experiment_config.json
Setting random seed: 0
Starting experiment with mining strategy: tam
Configuration: {
  "experiment_name": "q220_sweep_03",
  "description": "TAM mini-sweep: delta=0.5 pgd_steps=1 anchor=1 ctl=0.01 gc=True",
  "investigation": "ired-tam",
  "ablation_stage": "tam_sweep",
  "mining_strategy": "tam",
  "rank": 220,
  "ood": false,
  "diffusion_steps": 10,
  "batch_size": 2048,
  "train_steps": 20000,
  "learning_rate": 0.0001,
  "use_scalar_energy": true,
  "use_ired_contrastive_loss": false,
  "use_gradient_contrastive": true,
  "gc_temperature": 1.0,
  "use_pgd_negatives": true,
  "pgd_center_on_positive": false,
  "pgd_delta": 0.5,
  "pgd_step_size": 0.5,
  "mining_opt_steps": 1,
  "tam_trajectory_anchor_step": 1,
  "tam_ctl_weight": 0.01,
  "tam_recovery_steps": 3,
  "mining_noise_scale": 1.5,
  "use_replay_buffer": false,
  "use_cd_loss": false,
  "energy_loss_weight": 0.05,
  "energy_reg_weight": 0.0,
  "use_residual_filter": false,
  "use_energy_schedule": false,
  "adam_betas": [
    0.0,
    0.999
  ],
  "output_dir": "results/ds_inverse/q220_sweep_03",
  "notes": "TAM sweep config 3: delta=0.5, pgd_steps=1, anchor_step=1, ctl_weight=0.01, use_gc=True. 20k steps for compute-fair mini-sweep.",
  "seed": 0
}
Dataset: Inverse matrices (220x220)
Input dimension: 48400, Output dimension: 48400
Trainer initialized. Output directory: results/ds_inverse/q220_sweep_03
Training for 20000 steps...
[PGD-GC-DIAG step=100] mse_pos=1.000027 mse_neg=1.000027 mse_gap=0.000000 pred_norm=0.0000 pred_std=0.0000 pred_abs=0.0000 tgt_std=0.9999 tgt_abs=0.7978 cos=-0.0002 neg_dist=26.5263 pgd_grad0=0.0000 pgd_gradK=0.0000 pgd_disp=0.0000 mse_neg_init=0.9999 mse_neg_final=0.9999 delta=0.500 eta=0.5000
[TAM-DIAG step=100] mse=1.000027 neg_dist=26.5263 anchor_dist=26.5263 pgd_disp=0.0000 mse_neg_init=0.9999 mse_neg_final=0.9999 recovery_mse_before=0.000000 recovery_mse_after=0.000000 pred_norm=0.0000 cos=-0.0002
[PGD-GC-DIAG step=200] mse_pos=1.000045 mse_neg=1.000045 mse_gap=0.000000 pred_norm=0.0000 pred_std=0.0000 pred_abs=0.0000 tgt_std=1.0001 tgt_abs=0.7980 cos=-0.0001 neg_dist=13.3332 pgd_grad0=0.0000 pgd_gradK=0.0000 pgd_disp=0.0000 mse_neg_init=1.0002 mse_neg_final=1.0002 delta=0.500 eta=0.5000
[TAM-DIAG step=200] mse=1.000045 neg_dist=13.3332 anchor_dist=13.3332 pgd_disp=0.0000 mse_neg_init=1.0002 mse_neg_final=1.0002 recovery_mse_before=0.000000 recovery_mse_after=0.000000 pred_norm=0.0000 cos=-0.0001
[PGD-GC-DIAG step=300] mse_pos=1.000091 mse_neg=1.000091 mse_gap=0.000000 pred_norm=0.0000 pred_std=0.0000 pred_abs=0.0000 tgt_std=0.9999 tgt_abs=0.7978 cos=0.0002 neg_dist=87.1971 pgd_grad0=0.0000 pgd_gradK=0.0000 pgd_disp=0.0000 mse_neg_init=0.9998 mse_neg_final=0.9998 delta=0.500 eta=0.5000
[TAM-DIAG step=300] mse=1.000091 neg_dist=87.1971 anchor_dist=87.1971 pgd_disp=0.0000 mse_neg_init=0.9998 mse_neg_final=0.9998 recovery_mse_before=0.000000 recovery_mse_after=0.000000 pred_norm=0.0000 cos=0.0002
[PGD-GC-DIAG step=400] mse_pos=1.000060 mse_neg=1.000060 mse_gap=0.000000 pred_norm=0.0000 pred_std=0.0000 pred_abs=0.0000 tgt_std=1.0000 tgt_abs=0.7978 cos=-0.0001 neg_dist=10.4295 pgd_grad0=0.0000 pgd_gradK=0.0000 pgd_disp=0.0000 mse_neg_init=0.9999 mse_neg_final=0.9999 delta=0.500 eta=0.5000
[TAM-DIAG step=400] mse=1.000060 neg_dist=10.4295 anchor_dist=10.4295 pgd_disp=0.0000 mse_neg_init=0.9999 mse_neg_final=0.9999 recovery_mse_before=0.000000 recovery_mse_after=0.000000 pred_norm=0.0000 cos=-0.0001
[PGD-GC-DIAG step=500] mse_pos=0.999805 mse_neg=0.999805 mse_gap=0.000000 pred_norm=0.0000 pred_std=0.0000 pred_abs=0.0000 tgt_std=1.0000 tgt_abs=0.7979 cos=0.0001 neg_dist=5.4730 pgd_grad0=0.0000 pgd_gradK=0.0000 pgd_disp=0.0000 mse_neg_init=1.0001 mse_neg_final=1.0001 delta=0.500 eta=0.5000
[TAM-DIAG step=500] mse=0.999805 neg_dist=5.4730 anchor_dist=5.4730 pgd_disp=0.0000 mse_neg_init=1.0001 mse_neg_final=1.0001 recovery_mse_before=0.000000 recovery_mse_after=0.000000 pred_norm=0.0000 cos=0.0001
[PGD-GC-DIAG step=600] mse_pos=1.000327 mse_neg=1.000327 mse_gap=0.000000 pred_norm=0.0000 pred_std=0.0000 pred_abs=0.0000 tgt_std=1.0000 tgt_abs=0.7978 cos=-0.0001 neg_dist=10.5113 pgd_grad0=0.0000 pgd_gradK=0.0000 pgd_disp=0.0000 mse_neg_init=1.0000 mse_neg_final=1.0000 delta=0.500 eta=0.5000
[TAM-DIAG step=600] mse=1.000327 neg_dist=10.5113 anchor_dist=10.5113 pgd_disp=0.0000 mse_neg_init=1.0000 mse_neg_final=1.0000 recovery_mse_before=0.000000 recovery_mse_after=0.000000 pred_norm=0.0000 cos=-0.0001
[PGD-GC-DIAG step=700] mse_pos=0.999929 mse_neg=0.999929 mse_gap=0.000000 pred_norm=0.0000 pred_std=0.0000 pred_abs=0.0000 tgt_std=1.0000 tgt_abs=0.7979 cos=0.0001 neg_dist=7.9753 pgd_grad0=0.0000 pgd_gradK=0.0000 pgd_disp=0.0000 mse_neg_init=0.9999 mse_neg_final=0.9999 delta=0.500 eta=0.5000
[TAM-DIAG step=700] mse=0.999929 neg_dist=7.9753 anchor_dist=7.9753 pgd_disp=0.0000 mse_neg_init=0.9999 mse_neg_final=0.9999 recovery_mse_before=0.000000 recovery_mse_after=0.000000 pred_norm=0.0000 cos=0.0001
[PGD-GC-DIAG step=800] mse_pos=1.000012 mse_neg=1.000012 mse_gap=0.000000 pred_norm=0.0000 pred_std=0.0000 pred_abs=0.0000 tgt_std=1.0000 tgt_abs=0.7979 cos=-0.0001 neg_dist=64.5136 pgd_grad0=0.0000 pgd_gradK=0.0000 pgd_disp=0.0000 mse_neg_init=1.0001 mse_neg_final=1.0001 delta=0.500 eta=0.5000
[TAM-DIAG step=800] mse=1.000012 neg_dist=64.5136 anchor_dist=64.5136 pgd_disp=0.0000 mse_neg_init=1.0001 mse_neg_final=1.0001 recovery_mse_before=0.000000 recovery_mse_after=0.000000 pred_norm=0.0000 cos=-0.0001
