Job started at Mon Feb 16 15:21:21 EST 2026
Running on host: holygpu8a22504.rc.fas.harvard.edu
Job ID: 60620301
Git URL: https://github.com/mdkrasnow/research-repo.git
Git SHA: d2b8bc4a101998b3d7061762abd7248cbe4e15a7
Work directory: /tmp/ired-job-60620301
GPU info:
Mon Feb 16 15:21:21 2026       
+-----------------------------------------------------------------------------------------+
| NVIDIA-SMI 575.57.08              Driver Version: 575.57.08      CUDA Version: 12.9     |
|-----------------------------------------+------------------------+----------------------+
| GPU  Name                 Persistence-M | Bus-Id          Disp.A | Volatile Uncorr. ECC |
| Fan  Temp   Perf          Pwr:Usage/Cap |           Memory-Usage | GPU-Util  Compute M. |
|                                         |                        |               MIG M. |
|=========================================+========================+======================|
|   0  NVIDIA A100-SXM4-80GB          On  |   00000000:E3:00.0 Off |                    0 |
| N/A   27C    P0             59W /  500W |       0MiB /  81920MiB |      0%      Default |
|                                         |                        |             Disabled |
+-----------------------------------------+------------------------+----------------------+
                                                                                         
+-----------------------------------------------------------------------------------------+
| Processes:                                                                              |
|  GPU   GI   CI              PID   Type   Process name                        GPU Memory |
|        ID   ID                                                               Usage      |
|=========================================================================================|
|  No running processes found                                                             |
+-----------------------------------------------------------------------------------------+
Cloning repository...
Repository cloned and checked out to: d2b8bc4
Repository info:
d2b8bc4 Switch all q20x sbatch to gpu partition (gpu_test MaxSubmitPU=2 limit)
Starting IRED-CD baseline (current NCE implementation)...
Loading configuration from: projects/ired/configs/q201_baseline.json
Configuration saved to: results/ds_inverse/q201_baseline/experiment_config.json
Setting random seed: 1
Starting experiment with mining strategy: adversarial
Configuration: {
  "experiment_name": "q201_baseline",
  "description": "IRED-CD Investigation - Baseline (current NCE implementation for comparison)",
  "investigation": "ired-cd",
  "ablation_stage": "baseline",
  "mining_strategy": "adversarial",
  "rank": 20,
  "ood": false,
  "diffusion_steps": 10,
  "batch_size": 2048,
  "train_steps": 100000,
  "learning_rate": 0.0001,
  "mining_opt_steps": 10,
  "mining_noise_scale": 1.5,
  "output_dir": "results/ds_inverse/q201_baseline",
  "notes": "Current implementation with NCE loss. Baseline for IRED-CD ablation study. Using k=10 steps, noise_scale=1.5 (reduced from 3.0).",
  "seed": 1
}
Dataset: Inverse matrices (20x20)
Input dimension: 400, Output dimension: 400
Trainer initialized. Output directory: results/ds_inverse/q201_baseline
Training for 100000 steps...
Running Evaluation...
Validation Result @ Iteration 1000; Milestone = 1 (Train)
---------  -------
mse_error  1.65093
---------  -------
Validation Result @ Iteration 1000; Milestone = 1 (ID: Validation)
---  -------
mse  1.65092
---  -------
Running Evaluation...
Validation Result @ Iteration 2000; Milestone = 2 (Train)
---------  -------
mse_error  1.02292
---------  -------
Validation Result @ Iteration 2000; Milestone = 2 (ID: Validation)
---  -----
mse  1.022
---  -----
Running Evaluation...
Validation Result @ Iteration 3000; Milestone = 3 (Train)
---------  -------
mse_error  0.62367
---------  -------
Validation Result @ Iteration 3000; Milestone = 3 (ID: Validation)
---  --------
mse  0.623263
---  --------
Running Evaluation...
Validation Result @ Iteration 4000; Milestone = 4 (Train)
---------  --------
mse_error  0.360656
---------  --------
Validation Result @ Iteration 4000; Milestone = 4 (ID: Validation)
---  --------
mse  0.359494
---  --------
Running Evaluation...
Validation Result @ Iteration 5000; Milestone = 5 (Train)
---------  --------
mse_error  0.214021
---------  --------
Validation Result @ Iteration 5000; Milestone = 5 (ID: Validation)
---  --------
mse  0.217147
---  --------
Running Evaluation...
Validation Result @ Iteration 6000; Milestone = 6 (Train)
---------  --------
mse_error  0.144086
---------  --------
Validation Result @ Iteration 6000; Milestone = 6 (ID: Validation)
---  --------
mse  0.145303
---  --------
Running Evaluation...
Validation Result @ Iteration 7000; Milestone = 7 (Train)
---------  --------
mse_error  0.107206
---------  --------
Validation Result @ Iteration 7000; Milestone = 7 (ID: Validation)
---  --------
mse  0.108276
---  --------
Running Evaluation...
Validation Result @ Iteration 8000; Milestone = 8 (Train)
---------  ---------
mse_error  0.0431697
---------  ---------
Validation Result @ Iteration 8000; Milestone = 8 (ID: Validation)
---  ---------
mse  0.0429085
---  ---------
Running Evaluation...
Validation Result @ Iteration 9000; Milestone = 9 (Train)
---------  ---------
mse_error  0.0141545
---------  ---------
Validation Result @ Iteration 9000; Milestone = 9 (ID: Validation)
---  ---------
mse  0.0139452
---  ---------
Running Evaluation...
Validation Result @ Iteration 10000; Milestone = 10 (Train)
---------  ---------
mse_error  0.0110918
---------  ---------
Validation Result @ Iteration 10000; Milestone = 10 (ID: Validation)
---  ---------
mse  0.0110219
---  ---------
Running Evaluation...
Validation Result @ Iteration 11000; Milestone = 11 (Train)
---------  ---------
mse_error  0.0104948
---------  ---------
Validation Result @ Iteration 11000; Milestone = 11 (ID: Validation)
---  ---------
mse  0.0103415
---  ---------
Running Evaluation...
Validation Result @ Iteration 12000; Milestone = 12 (Train)
---------  ---------
mse_error  0.0102752
---------  ---------
Validation Result @ Iteration 12000; Milestone = 12 (ID: Validation)
---  ---------
mse  0.0102538
---  ---------
Running Evaluation...
Validation Result @ Iteration 13000; Milestone = 13 (Train)
---------  ---------
mse_error  0.0102108
---------  ---------
Validation Result @ Iteration 13000; Milestone = 13 (ID: Validation)
---  ---------
mse  0.0101047
---  ---------
Running Evaluation...
Validation Result @ Iteration 14000; Milestone = 14 (Train)
---------  ---------
mse_error  0.0100884
---------  ---------
Validation Result @ Iteration 14000; Milestone = 14 (ID: Validation)
---  ---------
mse  0.0101539
---  ---------
Running Evaluation...
Validation Result @ Iteration 15000; Milestone = 15 (Train)
---------  ---------
mse_error  0.0101353
---------  ---------
Validation Result @ Iteration 15000; Milestone = 15 (ID: Validation)
---  --------
mse  0.010129
---  --------
Running Evaluation...
Validation Result @ Iteration 16000; Milestone = 16 (Train)
---------  --------
mse_error  0.010098
---------  --------
Validation Result @ Iteration 16000; Milestone = 16 (ID: Validation)
---  --------
mse  0.010146
---  --------
Running Evaluation...
Validation Result @ Iteration 17000; Milestone = 17 (Train)
---------  ---------
mse_error  0.0100852
---------  ---------
Validation Result @ Iteration 17000; Milestone = 17 (ID: Validation)
---  ---------
mse  0.0100934
---  ---------
Running Evaluation...
Validation Result @ Iteration 18000; Milestone = 18 (Train)
---------  ---------
mse_error  0.0100812
---------  ---------
Validation Result @ Iteration 18000; Milestone = 18 (ID: Validation)
---  ---------
mse  0.0101332
---  ---------
Running Evaluation...
Validation Result @ Iteration 19000; Milestone = 19 (Train)
---------  ---------
mse_error  0.0101263
---------  ---------
Validation Result @ Iteration 19000; Milestone = 19 (ID: Validation)
---  ---------
mse  0.0101009
---  ---------
Running Evaluation...
Validation Result @ Iteration 20000; Milestone = 20 (Train)
---------  ---------
mse_error  0.0100871
---------  ---------
Validation Result @ Iteration 20000; Milestone = 20 (ID: Validation)
---  ---------
mse  0.0101442
---  ---------
Running Evaluation...
Validation Result @ Iteration 21000; Milestone = 21 (Train)
---------  ---------
mse_error  0.0101666
---------  ---------
Validation Result @ Iteration 21000; Milestone = 21 (ID: Validation)
---  ---------
mse  0.0101198
---  ---------
Running Evaluation...
Validation Result @ Iteration 22000; Milestone = 22 (Train)
---------  --------
mse_error  0.010157
---------  --------
Validation Result @ Iteration 22000; Milestone = 22 (ID: Validation)
---  ---------
mse  0.0100649
---  ---------
Running Evaluation...
Validation Result @ Iteration 23000; Milestone = 23 (Train)
---------  ---------
mse_error  0.0101304
---------  ---------
Validation Result @ Iteration 23000; Milestone = 23 (ID: Validation)
---  ---------
mse  0.0101081
---  ---------
Running Evaluation...
Validation Result @ Iteration 24000; Milestone = 24 (Train)
---------  --------
mse_error  0.010113
---------  --------
Validation Result @ Iteration 24000; Milestone = 24 (ID: Validation)
---  ---------
mse  0.0100953
---  ---------
Running Evaluation...
Validation Result @ Iteration 25000; Milestone = 25 (Train)
---------  ---------
mse_error  0.0101139
---------  ---------
Validation Result @ Iteration 25000; Milestone = 25 (ID: Validation)
---  ---------
mse  0.0101195
---  ---------
Running Evaluation...
Validation Result @ Iteration 26000; Milestone = 26 (Train)
---------  ---------
mse_error  0.0101285
---------  ---------
Validation Result @ Iteration 26000; Milestone = 26 (ID: Validation)
---  ---------
mse  0.0100973
---  ---------
Running Evaluation...
Validation Result @ Iteration 27000; Milestone = 27 (Train)
---------  ---------
mse_error  0.0100595
---------  ---------
Validation Result @ Iteration 27000; Milestone = 27 (ID: Validation)
---  ---------
mse  0.0101444
---  ---------
Running Evaluation...
Validation Result @ Iteration 28000; Milestone = 28 (Train)
---------  ---------
mse_error  0.0101239
---------  ---------
Validation Result @ Iteration 28000; Milestone = 28 (ID: Validation)
---  ---------
mse  0.0101361
---  ---------
Running Evaluation...
Validation Result @ Iteration 29000; Milestone = 29 (Train)
---------  ---------
mse_error  0.0100081
---------  ---------
Validation Result @ Iteration 29000; Milestone = 29 (ID: Validation)
---  --------
mse  0.010076
---  --------
Running Evaluation...
Validation Result @ Iteration 30000; Milestone = 30 (Train)
---------  ---------
mse_error  0.0102217
---------  ---------
Validation Result @ Iteration 30000; Milestone = 30 (ID: Validation)
---  ---------
mse  0.0101568
---  ---------
Running Evaluation...
Validation Result @ Iteration 31000; Milestone = 31 (Train)
---------  ---------
mse_error  0.0100355
---------  ---------
Validation Result @ Iteration 31000; Milestone = 31 (ID: Validation)
---  ---------
mse  0.0101052
---  ---------
Running Evaluation...
Validation Result @ Iteration 32000; Milestone = 32 (Train)
---------  ---------
mse_error  0.0101144
---------  ---------
Validation Result @ Iteration 32000; Milestone = 32 (ID: Validation)
---  ---------
mse  0.0100819
---  ---------
Running Evaluation...
Validation Result @ Iteration 33000; Milestone = 33 (Train)
---------  ---------
mse_error  0.0100976
---------  ---------
Validation Result @ Iteration 33000; Milestone = 33 (ID: Validation)
---  ---------
mse  0.0101217
---  ---------
Running Evaluation...
Validation Result @ Iteration 34000; Milestone = 34 (Train)
---------  -------
mse_error  0.01014
---------  -------
Validation Result @ Iteration 34000; Milestone = 34 (ID: Validation)
---  ---------
mse  0.0101391
---  ---------
Running Evaluation...
Validation Result @ Iteration 35000; Milestone = 35 (Train)
---------  ---------
mse_error  0.0100648
---------  ---------
Validation Result @ Iteration 35000; Milestone = 35 (ID: Validation)
---  ---------
mse  0.0101408
---  ---------
Running Evaluation...
Validation Result @ Iteration 36000; Milestone = 36 (Train)
---------  ---------
mse_error  0.0100474
---------  ---------
Validation Result @ Iteration 36000; Milestone = 36 (ID: Validation)
---  ---------
mse  0.0100921
---  ---------
Running Evaluation...
Validation Result @ Iteration 37000; Milestone = 37 (Train)
---------  ---------
mse_error  0.0100857
---------  ---------
Validation Result @ Iteration 37000; Milestone = 37 (ID: Validation)
---  ---------
mse  0.0100817
---  ---------
Running Evaluation...
Validation Result @ Iteration 38000; Milestone = 38 (Train)
---------  ---------
mse_error  0.0100843
---------  ---------
Validation Result @ Iteration 38000; Milestone = 38 (ID: Validation)
---  ---------
mse  0.0101258
---  ---------
Running Evaluation...
Validation Result @ Iteration 39000; Milestone = 39 (Train)
---------  ---------
mse_error  0.0101074
---------  ---------
Validation Result @ Iteration 39000; Milestone = 39 (ID: Validation)
---  ---------
mse  0.0101093
---  ---------
Running Evaluation...
Validation Result @ Iteration 40000; Milestone = 40 (Train)
---------  ---------
mse_error  0.0101175
---------  ---------
Validation Result @ Iteration 40000; Milestone = 40 (ID: Validation)
---  ---------
mse  0.0101301
---  ---------
Running Evaluation...
Validation Result @ Iteration 41000; Milestone = 41 (Train)
---------  ---------
mse_error  0.0102053
---------  ---------
Validation Result @ Iteration 41000; Milestone = 41 (ID: Validation)
---  ---------
mse  0.0100955
---  ---------
Running Evaluation...
Validation Result @ Iteration 42000; Milestone = 42 (Train)
---------  ---------
mse_error  0.0100468
---------  ---------
Validation Result @ Iteration 42000; Milestone = 42 (ID: Validation)
---  ---------
mse  0.0100876
---  ---------
Running Evaluation...
Validation Result @ Iteration 43000; Milestone = 43 (Train)
---------  ---------
mse_error  0.0100519
---------  ---------
Validation Result @ Iteration 43000; Milestone = 43 (ID: Validation)
---  ---------
mse  0.0100636
---  ---------
Running Evaluation...
Validation Result @ Iteration 44000; Milestone = 44 (Train)
---------  ---------
mse_error  0.0100404
---------  ---------
Validation Result @ Iteration 44000; Milestone = 44 (ID: Validation)
---  ---------
mse  0.0100844
---  ---------
Running Evaluation...
Validation Result @ Iteration 45000; Milestone = 45 (Train)
---------  ---------
mse_error  0.0100998
---------  ---------
Validation Result @ Iteration 45000; Milestone = 45 (ID: Validation)
---  --------
mse  0.010126
---  --------
Running Evaluation...
Validation Result @ Iteration 46000; Milestone = 46 (Train)
---------  --------
mse_error  0.010112
---------  --------
Validation Result @ Iteration 46000; Milestone = 46 (ID: Validation)
---  ---------
mse  0.0100517
---  ---------
Running Evaluation...
Validation Result @ Iteration 47000; Milestone = 47 (Train)
---------  ---------
mse_error  0.0101436
---------  ---------
Validation Result @ Iteration 47000; Milestone = 47 (ID: Validation)
---  ---------
mse  0.0101045
---  ---------
Running Evaluation...
Validation Result @ Iteration 48000; Milestone = 48 (Train)
---------  ---------
mse_error  0.0101163
---------  ---------
Validation Result @ Iteration 48000; Milestone = 48 (ID: Validation)
---  ---------
mse  0.0100912
---  ---------
Running Evaluation...
Validation Result @ Iteration 49000; Milestone = 49 (Train)
---------  ---------
mse_error  0.0101422
---------  ---------
Validation Result @ Iteration 49000; Milestone = 49 (ID: Validation)
---  ---------
mse  0.0100833
---  ---------
Running Evaluation...
Validation Result @ Iteration 50000; Milestone = 50 (Train)
---------  ---------
mse_error  0.0101233
---------  ---------
Validation Result @ Iteration 50000; Milestone = 50 (ID: Validation)
---  --------
mse  0.010099
---  --------
Running Evaluation...
Validation Result @ Iteration 51000; Milestone = 51 (Train)
---------  ---------
mse_error  0.0100702
---------  ---------
Validation Result @ Iteration 51000; Milestone = 51 (ID: Validation)
---  ---------
mse  0.0100458
---  ---------
Running Evaluation...
Validation Result @ Iteration 52000; Milestone = 52 (Train)
---------  ---------
mse_error  0.0100882
---------  ---------
Validation Result @ Iteration 52000; Milestone = 52 (ID: Validation)
---  ---------
mse  0.0100851
---  ---------
Running Evaluation...
Validation Result @ Iteration 53000; Milestone = 53 (Train)
---------  ---------
mse_error  0.0100178
---------  ---------
Validation Result @ Iteration 53000; Milestone = 53 (ID: Validation)
---  ---------
mse  0.0100802
---  ---------
Running Evaluation...
Validation Result @ Iteration 54000; Milestone = 54 (Train)
---------  ---------
mse_error  0.0101298
---------  ---------
Validation Result @ Iteration 54000; Milestone = 54 (ID: Validation)
---  --------
mse  0.010106
---  --------
Running Evaluation...
Validation Result @ Iteration 55000; Milestone = 55 (Train)
---------  ---------
mse_error  0.0100869
---------  ---------
Validation Result @ Iteration 55000; Milestone = 55 (ID: Validation)
---  -------
mse  0.01007
---  -------
Running Evaluation...
Validation Result @ Iteration 56000; Milestone = 56 (Train)
---------  ---------
mse_error  0.0101185
---------  ---------
Validation Result @ Iteration 56000; Milestone = 56 (ID: Validation)
---  ---------
mse  0.0101056
---  ---------
Running Evaluation...
Validation Result @ Iteration 57000; Milestone = 57 (Train)
---------  --------
mse_error  0.010091
---------  --------
Validation Result @ Iteration 57000; Milestone = 57 (ID: Validation)
---  ---------
mse  0.0100842
---  ---------
Running Evaluation...
Validation Result @ Iteration 58000; Milestone = 58 (Train)
---------  ---------
mse_error  0.0100787
---------  ---------
Validation Result @ Iteration 58000; Milestone = 58 (ID: Validation)
---  ---------
mse  0.0101119
---  ---------
Running Evaluation...
Validation Result @ Iteration 59000; Milestone = 59 (Train)
---------  ---------
mse_error  0.0101734
---------  ---------
Validation Result @ Iteration 59000; Milestone = 59 (ID: Validation)
---  ---------
mse  0.0100732
---  ---------
Running Evaluation...
Validation Result @ Iteration 60000; Milestone = 60 (Train)
---------  ---------
mse_error  0.0101149
---------  ---------
Validation Result @ Iteration 60000; Milestone = 60 (ID: Validation)
---  --------
mse  0.010092
---  --------
Running Evaluation...
Validation Result @ Iteration 61000; Milestone = 61 (Train)
---------  ---------
mse_error  0.0100584
---------  ---------
Validation Result @ Iteration 61000; Milestone = 61 (ID: Validation)
---  ---------
mse  0.0100668
---  ---------
Running Evaluation...
Validation Result @ Iteration 62000; Milestone = 62 (Train)
---------  ---------
mse_error  0.0102026
---------  ---------
Validation Result @ Iteration 62000; Milestone = 62 (ID: Validation)
---  ---------
mse  0.0100714
---  ---------
Running Evaluation...
Validation Result @ Iteration 63000; Milestone = 63 (Train)
---------  ---------
mse_error  0.0101384
---------  ---------
Validation Result @ Iteration 63000; Milestone = 63 (ID: Validation)
---  ---------
mse  0.0101037
---  ---------
Running Evaluation...
Validation Result @ Iteration 64000; Milestone = 64 (Train)
---------  --------
mse_error  0.010062
---------  --------
Validation Result @ Iteration 64000; Milestone = 64 (ID: Validation)
---  --------
mse  0.010095
---  --------
Running Evaluation...
Validation Result @ Iteration 65000; Milestone = 65 (Train)
---------  ---------
mse_error  0.0100801
---------  ---------
Validation Result @ Iteration 65000; Milestone = 65 (ID: Validation)
---  ---------
mse  0.0101254
---  ---------
Running Evaluation...
Validation Result @ Iteration 66000; Milestone = 66 (Train)
---------  ---------
mse_error  0.0101382
---------  ---------
Validation Result @ Iteration 66000; Milestone = 66 (ID: Validation)
---  ---------
mse  0.0100689
---  ---------
Running Evaluation...
Validation Result @ Iteration 67000; Milestone = 67 (Train)
---------  ---------
mse_error  0.0101269
---------  ---------
Validation Result @ Iteration 67000; Milestone = 67 (ID: Validation)
---  ---------
mse  0.0100863
---  ---------
Running Evaluation...
Validation Result @ Iteration 68000; Milestone = 68 (Train)
---------  ---------
mse_error  0.0100906
---------  ---------
Validation Result @ Iteration 68000; Milestone = 68 (ID: Validation)
---  ---------
mse  0.0100909
---  ---------
Running Evaluation...
Validation Result @ Iteration 69000; Milestone = 69 (Train)
---------  ---------
mse_error  0.0100898
---------  ---------
Validation Result @ Iteration 69000; Milestone = 69 (ID: Validation)
---  ---------
mse  0.0100553
---  ---------
Running Evaluation...
Validation Result @ Iteration 70000; Milestone = 70 (Train)
---------  ---------
mse_error  0.0100564
---------  ---------
Validation Result @ Iteration 70000; Milestone = 70 (ID: Validation)
---  ---------
mse  0.0101137
---  ---------
Running Evaluation...
Validation Result @ Iteration 71000; Milestone = 71 (Train)
---------  ---------
mse_error  0.0101513
---------  ---------
Validation Result @ Iteration 71000; Milestone = 71 (ID: Validation)
---  ---------
mse  0.0101245
---  ---------
Running Evaluation...
Validation Result @ Iteration 72000; Milestone = 72 (Train)
---------  --------
mse_error  0.010183
---------  --------
Validation Result @ Iteration 72000; Milestone = 72 (ID: Validation)
---  ---------
mse  0.0101138
---  ---------
Running Evaluation...
Validation Result @ Iteration 73000; Milestone = 73 (Train)
---------  ---------
mse_error  0.0100895
---------  ---------
Validation Result @ Iteration 73000; Milestone = 73 (ID: Validation)
---  ---------
mse  0.0100707
---  ---------
Running Evaluation...
Validation Result @ Iteration 74000; Milestone = 74 (Train)
---------  ---------
mse_error  0.0100631
---------  ---------
Validation Result @ Iteration 74000; Milestone = 74 (ID: Validation)
---  ---------
mse  0.0101108
---  ---------
Running Evaluation...
Validation Result @ Iteration 75000; Milestone = 75 (Train)
---------  ---------
mse_error  0.0100682
---------  ---------
Validation Result @ Iteration 75000; Milestone = 75 (ID: Validation)
---  ---------
mse  0.0100786
---  ---------
Running Evaluation...
Validation Result @ Iteration 76000; Milestone = 76 (Train)
---------  ---------
mse_error  0.0101247
---------  ---------
Validation Result @ Iteration 76000; Milestone = 76 (ID: Validation)
---  ---------
mse  0.0101158
---  ---------
Running Evaluation...
Validation Result @ Iteration 77000; Milestone = 77 (Train)
---------  ---------
mse_error  0.0101384
---------  ---------
Validation Result @ Iteration 77000; Milestone = 77 (ID: Validation)
---  ---------
mse  0.0100905
---  ---------
Running Evaluation...
Validation Result @ Iteration 78000; Milestone = 78 (Train)
---------  ---------
mse_error  0.0100741
---------  ---------
Validation Result @ Iteration 78000; Milestone = 78 (ID: Validation)
---  ---------
mse  0.0101371
---  ---------
Running Evaluation...
Validation Result @ Iteration 79000; Milestone = 79 (Train)
---------  ---------
mse_error  0.0100306
---------  ---------
Validation Result @ Iteration 79000; Milestone = 79 (ID: Validation)
---  --------
mse  0.010052
---  --------
Running Evaluation...
Validation Result @ Iteration 80000; Milestone = 80 (Train)
---------  ---------
mse_error  0.0102011
---------  ---------
Validation Result @ Iteration 80000; Milestone = 80 (ID: Validation)
---  ---------
mse  0.0101399
---  ---------
Running Evaluation...
Validation Result @ Iteration 81000; Milestone = 81 (Train)
---------  ---------
mse_error  0.0101206
---------  ---------
Validation Result @ Iteration 81000; Milestone = 81 (ID: Validation)
---  ---------
mse  0.0101067
---  ---------
Running Evaluation...
Validation Result @ Iteration 82000; Milestone = 82 (Train)
---------  ---------
mse_error  0.0100881
---------  ---------
Validation Result @ Iteration 82000; Milestone = 82 (ID: Validation)
---  ---------
mse  0.0101016
---  ---------
Running Evaluation...
Validation Result @ Iteration 83000; Milestone = 83 (Train)
---------  ---------
mse_error  0.0101087
---------  ---------
Validation Result @ Iteration 83000; Milestone = 83 (ID: Validation)
---  ---------
mse  0.0100791
---  ---------
Running Evaluation...
Validation Result @ Iteration 84000; Milestone = 84 (Train)
---------  ---------
mse_error  0.0101358
---------  ---------
Validation Result @ Iteration 84000; Milestone = 84 (ID: Validation)
---  ---------
mse  0.0101166
---  ---------
Running Evaluation...
Validation Result @ Iteration 85000; Milestone = 85 (Train)
---------  --------
mse_error  0.010165
---------  --------
Validation Result @ Iteration 85000; Milestone = 85 (ID: Validation)
---  ---------
mse  0.0100926
---  ---------
Running Evaluation...
Validation Result @ Iteration 86000; Milestone = 86 (Train)
---------  ---------
mse_error  0.0100958
---------  ---------
Validation Result @ Iteration 86000; Milestone = 86 (ID: Validation)
---  ---------
mse  0.0101226
---  ---------
Running Evaluation...
Validation Result @ Iteration 87000; Milestone = 87 (Train)
---------  ---------
mse_error  0.0100716
---------  ---------
Validation Result @ Iteration 87000; Milestone = 87 (ID: Validation)
---  ---------
mse  0.0101216
---  ---------
Running Evaluation...
Validation Result @ Iteration 88000; Milestone = 88 (Train)
---------  ---------
mse_error  0.0101254
---------  ---------
Validation Result @ Iteration 88000; Milestone = 88 (ID: Validation)
---  ---------
mse  0.0100899
---  ---------
Running Evaluation...
Validation Result @ Iteration 89000; Milestone = 89 (Train)
---------  ---------
mse_error  0.0101464
---------  ---------
Validation Result @ Iteration 89000; Milestone = 89 (ID: Validation)
---  ---------
mse  0.0100903
---  ---------
Running Evaluation...
Validation Result @ Iteration 90000; Milestone = 90 (Train)
---------  ---------
mse_error  0.0100605
---------  ---------
Validation Result @ Iteration 90000; Milestone = 90 (ID: Validation)
---  ---------
mse  0.0101138
---  ---------
Running Evaluation...
Validation Result @ Iteration 91000; Milestone = 91 (Train)
---------  ---------
mse_error  0.0101334
---------  ---------
Validation Result @ Iteration 91000; Milestone = 91 (ID: Validation)
---  ---------
mse  0.0100813
---  ---------
Running Evaluation...
Validation Result @ Iteration 92000; Milestone = 92 (Train)
---------  ---------
mse_error  0.0100823
---------  ---------
Validation Result @ Iteration 92000; Milestone = 92 (ID: Validation)
---  ---------
mse  0.0100686
---  ---------
Running Evaluation...
Validation Result @ Iteration 93000; Milestone = 93 (Train)
---------  ---------
mse_error  0.0101653
---------  ---------
Validation Result @ Iteration 93000; Milestone = 93 (ID: Validation)
---  ---------
mse  0.0101101
---  ---------
Running Evaluation...
Validation Result @ Iteration 94000; Milestone = 94 (Train)
---------  ---------
mse_error  0.0100286
---------  ---------
Validation Result @ Iteration 94000; Milestone = 94 (ID: Validation)
---  --------
mse  0.010106
---  --------
Running Evaluation...
Validation Result @ Iteration 95000; Milestone = 95 (Train)
---------  ---------
mse_error  0.0100603
---------  ---------
Validation Result @ Iteration 95000; Milestone = 95 (ID: Validation)
---  ---------
mse  0.0101094
---  ---------
Running Evaluation...
Validation Result @ Iteration 96000; Milestone = 96 (Train)
---------  ---------
mse_error  0.0100212
---------  ---------
Validation Result @ Iteration 96000; Milestone = 96 (ID: Validation)
---  --------
mse  0.010096
---  --------
Running Evaluation...
Validation Result @ Iteration 97000; Milestone = 97 (Train)
---------  ---------
mse_error  0.0101424
---------  ---------
Validation Result @ Iteration 97000; Milestone = 97 (ID: Validation)
---  ---------
mse  0.0100783
---  ---------
Running Evaluation...
Validation Result @ Iteration 98000; Milestone = 98 (Train)
---------  ---------
mse_error  0.0100964
---------  ---------
Validation Result @ Iteration 98000; Milestone = 98 (ID: Validation)
---  ---------
mse  0.0100902
---  ---------
Running Evaluation...
Validation Result @ Iteration 99000; Milestone = 99 (Train)
---------  --------
mse_error  0.010064
---------  --------
Validation Result @ Iteration 99000; Milestone = 99 (ID: Validation)
---  ---------
mse  0.0101131
---  ---------
Running Evaluation...
Validation Result @ Iteration 100000; Milestone = 100 (Train)
---------  ---------
mse_error  0.0101289
---------  ---------
Validation Result @ Iteration 100000; Milestone = 100 (ID: Validation)
---  ---------
mse  0.0101308
---  ---------
training complete
Training completed!
Results saved to: results/ds_inverse/q201_baseline/results.json
Experiment completed at Mon Feb 16 17:15:09 EST 2026
Copying results to persistent storage...
sending incremental file list
./
summary.md
test_run/
test_run/experiment_config.json

sent 2,490 bytes  received 69 bytes  5,118.00 bytes/sec
total size is 2,227  speedup is 0.87
Results copied to /n/home03/mkrasnow/research-repo/projects/ired/results/
Cleaning up work directory...
