Job started at Thu Feb 19 13:33:04 EST 2026
Running on host: holygpu8a22305.rc.fas.harvard.edu
Job ID: 61199271
Git URL: https://github.com/mdkrasnow/research-repo.git
Git SHA: d5d621d76806ff6ff4617412d2c60ed89289b12d
Work directory: /tmp/ired-job-61199271
GPU info:
Thu Feb 19 13:33:04 2026       
+-----------------------------------------------------------------------------------------+
| NVIDIA-SMI 575.57.08              Driver Version: 575.57.08      CUDA Version: 12.9     |
|-----------------------------------------+------------------------+----------------------+
| GPU  Name                 Persistence-M | Bus-Id          Disp.A | Volatile Uncorr. ECC |
| Fan  Temp   Perf          Pwr:Usage/Cap |           Memory-Usage | GPU-Util  Compute M. |
|                                         |                        |               MIG M. |
|=========================================+========================+======================|
|   0  NVIDIA A100-SXM4-80GB          On  |   00000000:E3:00.0 Off |                    0 |
| N/A   27C    P0             61W /  500W |       0MiB /  81920MiB |      0%      Default |
|                                         |                        |             Disabled |
+-----------------------------------------+------------------------+----------------------+
                                                                                         
+-----------------------------------------------------------------------------------------+
| Processes:                                                                              |
|  GPU   GI   CI              PID   Type   Process name                        GPU Memory |
|        ID   ID                                                               Usage      |
|=========================================================================================|
|  No running processes found                                                             |
+-----------------------------------------------------------------------------------------+
Cloning repository...
Repository cloned and checked out to: d5d621d
Repository info:
d5d621d Submit q201/q207/q208 at 100k steps (61184740, 61184757, 61184737)
Starting q207: scalar energy head baseline...
Loading configuration from: projects/ired/configs/q207_scalar_baseline.json
Configuration saved to: results/ds_inverse/q207_scalar_baseline/experiment_config.json
Setting random seed: 2
Starting experiment with mining strategy: adversarial
Configuration: {
  "experiment_name": "q207_scalar_baseline",
  "description": "Scalar energy head baseline: E=g(h) instead of E=||fc4(h)||^2. No contrastive/CD term. Tests that scalar head doesn't break denoising training.",
  "investigation": "ired-cd",
  "ablation_stage": "scalar_energy_baseline",
  "mining_strategy": "adversarial",
  "rank": 20,
  "ood": false,
  "diffusion_steps": 10,
  "batch_size": 2048,
  "train_steps": 100000,
  "learning_rate": 0.0001,
  "mining_opt_steps": 10,
  "energy_reg_weight": 0.0,
  "mining_noise_scale": 1.5,
  "use_langevin": false,
  "use_replay_buffer": false,
  "use_cd_loss": false,
  "use_ired_contrastive_loss": false,
  "use_scalar_energy": true,
  "use_residual_filter": false,
  "use_energy_schedule": false,
  "energy_loss_weight": 0.05,
  "adam_betas": [
    0.0,
    0.999
  ],
  "output_dir": "results/ds_inverse/q207_scalar_baseline",
  "notes": "Control experiment: scalar energy head (Linear(h,1)) replaces squared-norm (||fc4(h)||^2). No contrastive or CD loss applied. Proves scalar head doesn't break denoising via autograd gradient. energy_reg_weight=0 since scalar energies don't need magnitude bounding.",
  "seed": 2
}
Dataset: Inverse matrices (20x20)
Input dimension: 400, Output dimension: 400
Trainer initialized. Output directory: results/ds_inverse/q207_scalar_baseline
Training for 100000 steps...
[CD-DIAG step=100] E_pos=17.4744 E_neg=21.5531 margin=4.0787 E_wtd=0.006814 MSE=1.001080 gradE=1.5334 pred=0.0007 neg_dist=15.3941 lang_grad0=0.0000 lang_gradK=0.0000 lang_disp=0.0000 step=0.0000 sigma=0.0000
[CD-DIAG step=200] E_pos=20.8321 E_neg=44.9928 margin=24.1607 E_wtd=0.002617 MSE=1.000945 gradE=6.2440 pred=0.0030 neg_dist=13.7905 lang_grad0=0.0000 lang_gradK=0.0000 lang_disp=0.0000 step=0.0000 sigma=0.0000
[CD-DIAG step=300] E_pos=61.9717 E_neg=149.2961 margin=87.3244 E_wtd=0.001245 MSE=0.998353 gradE=23.0596 pred=0.0112 neg_dist=11.9554 lang_grad0=0.0000 lang_gradK=0.0000 lang_disp=0.0000 step=0.0000 sigma=0.0000
[CD-DIAG step=400] E_pos=699.3098 E_neg=1891.7114 margin=1192.4016 E_wtd=0.000000 MSE=0.995814 gradE=264.1587 pred=0.1289 neg_dist=13.3799 lang_grad0=0.0000 lang_gradK=0.0000 lang_disp=0.0000 step=0.0000 sigma=0.0000
[CD-DIAG step=500] E_pos=4250.8877 E_neg=7096.2773 margin=2845.3896 E_wtd=0.002989 MSE=0.991332 gradE=593.9817 pred=0.2902 neg_dist=14.6541 lang_grad0=0.0000 lang_gradK=0.0000 lang_disp=0.0000 step=0.0000 sigma=0.0000
[CD-DIAG step=600] E_pos=2466.4053 E_neg=4198.7227 margin=1732.3174 E_wtd=0.071503 MSE=0.983535 gradE=1027.0002 pred=0.5010 neg_dist=8.3283 lang_grad0=0.0000 lang_gradK=0.0000 lang_disp=0.0000 step=0.0000 sigma=0.0000
[CD-DIAG step=700] E_pos=3749.1758 E_neg=10653.1816 margin=6904.0059 E_wtd=0.030893 MSE=0.975689 gradE=1429.1028 pred=0.6976 neg_dist=13.6314 lang_grad0=0.0000 lang_gradK=0.0000 lang_disp=0.0000 step=0.0000 sigma=0.0000
[CD-DIAG step=800] E_pos=7925.0596 E_neg=14856.9658 margin=6931.9062 E_wtd=0.009819 MSE=0.962205 gradE=1741.0896 pred=0.8513 neg_dist=11.9639 lang_grad0=0.0000 lang_gradK=0.0000 lang_disp=0.0000 step=0.0000 sigma=0.0000
[CD-DIAG step=900] E_pos=10953.5381 E_neg=24917.2383 margin=13963.7002 E_wtd=0.000000 MSE=0.947596 gradE=2212.7368 pred=1.0795 neg_dist=14.3199 lang_grad0=0.0000 lang_gradK=0.0000 lang_disp=0.0000 step=0.0000 sigma=0.0000
[CD-DIAG step=1000] E_pos=7636.5898 E_neg=23425.3789 margin=15788.7891 E_wtd=0.008796 MSE=0.924726 gradE=3041.9539 pred=1.4874 neg_dist=13.2717 lang_grad0=0.0000 lang_gradK=0.0000 lang_disp=0.0000 step=0.0000 sigma=0.0000
Running Evaluation...
Validation Result @ Iteration 1000; Milestone = 1 (Train)
---------  -------
mse_error  3.10378
---------  -------
Validation Result @ Iteration 1000; Milestone = 1 (ID: Validation)
---  -------
mse  2.79112
---  -------
[CD-DIAG step=1100] E_pos=9226.0957 E_neg=28361.6504 margin=19135.5547 E_wtd=0.004123 MSE=0.895981 gradE=3694.6880 pred=1.7995 neg_dist=13.0976 lang_grad0=0.0000 lang_gradK=0.0000 lang_disp=0.0000 step=0.0000 sigma=0.0000
[CD-DIAG step=1200] E_pos=8665.5498 E_neg=29090.0430 margin=20424.4932 E_wtd=0.002456 MSE=0.878019 gradE=4371.7754 pred=2.1329 neg_dist=12.7062 lang_grad0=0.0000 lang_gradK=0.0000 lang_disp=0.0000 step=0.0000 sigma=0.0000
[CD-DIAG step=1300] E_pos=11518.9766 E_neg=28284.1523 margin=16765.1758 E_wtd=0.039887 MSE=0.854362 gradE=5035.0469 pred=2.4601 neg_dist=11.5876 lang_grad0=0.0000 lang_gradK=0.0000 lang_disp=0.0000 step=0.0000 sigma=0.0000
[CD-DIAG step=1400] E_pos=9906.3057 E_neg=28641.2422 margin=18734.9365 E_wtd=0.022381 MSE=0.827741 gradE=5979.9517 pred=2.9137 neg_dist=11.6419 lang_grad0=0.0000 lang_gradK=0.0000 lang_disp=0.0000 step=0.0000 sigma=0.0000
[CD-DIAG step=1500] E_pos=17479.8320 E_neg=20966.0449 margin=3486.2129 E_wtd=11.229284 MSE=0.811361 gradE=6533.0679 pred=3.1938 neg_dist=6.1390 lang_grad0=0.0000 lang_gradK=0.0000 lang_disp=0.0000 step=0.0000 sigma=0.0000
[CD-DIAG step=1600] E_pos=18814.5703 E_neg=37895.6719 margin=19081.1016 E_wtd=0.018433 MSE=0.792744 gradE=7154.1104 pred=3.4939 neg_dist=11.1108 lang_grad0=0.0000 lang_gradK=0.0000 lang_disp=0.0000 step=0.0000 sigma=0.0000
[CD-DIAG step=1700] E_pos=28130.3496 E_neg=46359.7344 margin=18229.3848 E_wtd=0.046361 MSE=0.771580 gradE=7991.0688 pred=3.8987 neg_dist=10.8596 lang_grad0=0.0000 lang_gradK=0.0000 lang_disp=0.0000 step=0.0000 sigma=0.0000
[CD-DIAG step=1800] E_pos=27178.8516 E_neg=30866.3516 margin=3687.5000 E_wtd=5.374186 MSE=0.757284 gradE=8402.2617 pred=4.1070 neg_dist=5.7114 lang_grad0=0.0000 lang_gradK=0.0000 lang_disp=0.0000 step=0.0000 sigma=0.0000
[CD-DIAG step=1900] E_pos=38547.8750 E_neg=47515.9844 margin=8968.1094 E_wtd=0.613088 MSE=0.747533 gradE=8920.8457 pred=4.3563 neg_dist=8.4370 lang_grad0=0.0000 lang_gradK=0.0000 lang_disp=0.0000 step=0.0000 sigma=0.0000
[CD-DIAG step=2000] E_pos=36194.1094 E_neg=53137.8555 margin=16943.7461 E_wtd=0.036401 MSE=0.728806 gradE=9467.1289 pred=4.6185 neg_dist=10.3305 lang_grad0=0.0000 lang_gradK=0.0000 lang_disp=0.0000 step=0.0000 sigma=0.0000
Running Evaluation...
Validation Result @ Iteration 2000; Milestone = 2 (Train)
---------  -------
mse_error  1.89733
---------  -------
Validation Result @ Iteration 2000; Milestone = 2 (ID: Validation)
---  -------
mse  1.81381
---  -------
[CD-DIAG step=2100] E_pos=19403.1660 E_neg=23788.8672 margin=4385.7012 E_wtd=5.084271 MSE=0.706321 gradE=10470.0645 pred=5.1100 neg_dist=5.3384 lang_grad0=0.0000 lang_gradK=0.0000 lang_disp=0.0000 step=0.0000 sigma=0.0000
[CD-DIAG step=2200] E_pos=42426.3789 E_neg=48627.8828 margin=6201.5039 E_wtd=1.133530 MSE=0.692523 gradE=11004.4980 pred=5.3778 neg_dist=6.7291 lang_grad0=0.0000 lang_gradK=0.0000 lang_disp=0.0000 step=0.0000 sigma=0.0000
[CD-DIAG step=2300] E_pos=74493.4453 E_neg=89238.3984 margin=14744.9531 E_wtd=0.050669 MSE=0.707786 gradE=10292.4541 pred=5.0357 neg_dist=9.6616 lang_grad0=0.0000 lang_gradK=0.0000 lang_disp=0.0000 step=0.0000 sigma=0.0000
[CD-DIAG step=2400] E_pos=50435.6836 E_neg=61349.3008 margin=10913.6172 E_wtd=0.216966 MSE=0.677792 gradE=11686.3066 pred=5.6931 neg_dist=8.5979 lang_grad0=0.0000 lang_gradK=0.0000 lang_disp=0.0000 step=0.0000 sigma=0.0000
[CD-DIAG step=2500] E_pos=87811.7266 E_neg=104214.4297 margin=16402.7031 E_wtd=0.035527 MSE=0.701965 gradE=10339.1270 pred=5.0469 neg_dist=9.9690 lang_grad0=0.0000 lang_gradK=0.0000 lang_disp=0.0000 step=0.0000 sigma=0.0000
[CD-DIAG step=2600] E_pos=61747.5664 E_neg=74954.8047 margin=13207.2383 E_wtd=0.101057 MSE=0.679475 gradE=11561.4277 pred=5.6453 neg_dist=9.1753 lang_grad0=0.0000 lang_gradK=0.0000 lang_disp=0.0000 step=0.0000 sigma=0.0000
[CD-DIAG step=2700] E_pos=57058.7031 E_neg=69991.0312 margin=12932.3281 E_wtd=0.074139 MSE=0.661715 gradE=12264.0898 pred=5.9848 neg_dist=8.8682 lang_grad0=0.0000 lang_gradK=0.0000 lang_disp=0.0000 step=0.0000 sigma=0.0000
[CD-DIAG step=2800] E_pos=89289.7188 E_neg=103623.7578 margin=14334.0391 E_wtd=0.046282 MSE=0.685034 gradE=11200.0039 pred=5.4616 neg_dist=9.5234 lang_grad0=0.0000 lang_gradK=0.0000 lang_disp=0.0000 step=0.0000 sigma=0.0000
[CD-DIAG step=2900] E_pos=93679.3828 E_neg=105327.0312 margin=11647.6484 E_wtd=0.055433 MSE=0.686956 gradE=10931.3857 pred=5.3336 neg_dist=8.7476 lang_grad0=0.0000 lang_gradK=0.0000 lang_disp=0.0000 step=0.0000 sigma=0.0000
[CD-DIAG step=3000] E_pos=38171.6836 E_neg=44350.3516 margin=6178.6680 E_wtd=3.613268 MSE=0.642582 gradE=13348.1133 pred=6.5124 neg_dist=6.1687 lang_grad0=0.0000 lang_gradK=0.0000 lang_disp=0.0000 step=0.0000 sigma=0.0000
Running Evaluation...
Validation Result @ Iteration 3000; Milestone = 3 (Train)
---------  -------
mse_error  1.34945
---------  -------
Validation Result @ Iteration 3000; Milestone = 3 (ID: Validation)
---  -------
mse  1.47123
---  -------
[CD-DIAG step=3100] E_pos=30867.6484 E_neg=44680.0625 margin=13812.4141 E_wtd=0.163131 MSE=0.636019 gradE=13696.9824 pred=6.6731 neg_dist=9.0789 lang_grad0=0.0000 lang_gradK=0.0000 lang_disp=0.0000 step=0.0000 sigma=0.0000
[CD-DIAG step=3200] E_pos=42596.2891 E_neg=42046.9766 margin=-549.3125 E_wtd=35.935398 MSE=0.631876 gradE=13842.4072 pred=6.7529 neg_dist=1.6676 lang_grad0=0.0000 lang_gradK=0.0000 lang_disp=0.0000 step=0.0000 sigma=0.0000
[CD-DIAG step=3300] E_pos=95778.8281 E_neg=98131.0703 margin=2352.2422 E_wtd=12.679490 MSE=0.670103 gradE=11735.7891 pred=5.7210 neg_dist=4.8656 lang_grad0=0.0000 lang_gradK=0.0000 lang_disp=0.0000 step=0.0000 sigma=0.0000
[CD-DIAG step=3400] E_pos=47879.6562 E_neg=48196.9375 margin=317.2812 E_wtd=29.215492 MSE=0.621319 gradE=14200.3867 pred=6.9165 neg_dist=3.1389 lang_grad0=0.0000 lang_gradK=0.0000 lang_disp=0.0000 step=0.0000 sigma=0.0000
[CD-DIAG step=3500] E_pos=60824.1406 E_neg=67664.6094 margin=6840.4688 E_wtd=3.230002 MSE=0.644012 gradE=13187.1445 pred=6.4263 neg_dist=7.0992 lang_grad0=0.0000 lang_gradK=0.0000 lang_disp=0.0000 step=0.0000 sigma=0.0000
[CD-DIAG step=3600] E_pos=78387.1250 E_neg=85321.7969 margin=6934.6719 E_wtd=1.952491 MSE=0.648820 gradE=12714.5234 pred=6.2025 neg_dist=7.1491 lang_grad0=0.0000 lang_gradK=0.0000 lang_disp=0.0000 step=0.0000 sigma=0.0000
[CD-DIAG step=3700] E_pos=75328.9609 E_neg=83242.8750 margin=7913.9141 E_wtd=0.549330 MSE=0.645008 gradE=12749.2285 pred=6.2374 neg_dist=6.9546 lang_grad0=0.0000 lang_gradK=0.0000 lang_disp=0.0000 step=0.0000 sigma=0.0000
[CD-DIAG step=3800] E_pos=88010.1562 E_neg=100316.8594 margin=12306.7031 E_wtd=0.047814 MSE=0.657289 gradE=12078.6504 pred=5.9084 neg_dist=8.6895 lang_grad0=0.0000 lang_gradK=0.0000 lang_disp=0.0000 step=0.0000 sigma=0.0000
[CD-DIAG step=3900] E_pos=89417.7734 E_neg=93821.0000 margin=4403.2266 E_wtd=4.904143 MSE=0.659563 gradE=11917.4863 pred=5.8276 neg_dist=5.9628 lang_grad0=0.0000 lang_gradK=0.0000 lang_disp=0.0000 step=0.0000 sigma=0.0000
[CD-DIAG step=4000] E_pos=65823.5156 E_neg=70798.2500 margin=4974.7344 E_wtd=6.513700 MSE=0.640050 gradE=12993.7314 pred=6.3365 neg_dist=5.9374 lang_grad0=0.0000 lang_gradK=0.0000 lang_disp=0.0000 step=0.0000 sigma=0.0000
Running Evaluation...
Validation Result @ Iteration 4000; Milestone = 4 (Train)
---------  ------
mse_error  1.0896
---------  ------
Validation Result @ Iteration 4000; Milestone = 4 (ID: Validation)
---  --------
mse  0.863674
---  --------
[CD-DIAG step=4100] E_pos=54771.7539 E_neg=66439.5234 margin=11667.7695 E_wtd=0.043557 MSE=0.617493 gradE=14074.7764 pred=6.8799 neg_dist=8.2036 lang_grad0=0.0000 lang_gradK=0.0000 lang_disp=0.0000 step=0.0000 sigma=0.0000
[CD-DIAG step=4200] E_pos=70918.5000 E_neg=85223.6406 margin=14305.1406 E_wtd=0.003152 MSE=0.611314 gradE=14147.7344 pred=6.9213 neg_dist=8.7163 lang_grad0=0.0000 lang_gradK=0.0000 lang_disp=0.0000 step=0.0000 sigma=0.0000
[CD-DIAG step=4300] E_pos=72266.5469 E_neg=78655.7109 margin=6389.1641 E_wtd=8.758554 MSE=0.611121 gradE=14361.1475 pred=7.0199 neg_dist=6.6779 lang_grad0=0.0000 lang_gradK=0.0000 lang_disp=0.0000 step=0.0000 sigma=0.0000
[CD-DIAG step=4400] E_pos=86974.9062 E_neg=91056.7656 margin=4081.8594 E_wtd=33.761223 MSE=0.613728 gradE=14044.4004 pred=6.8650 neg_dist=5.6191 lang_grad0=0.0000 lang_gradK=0.0000 lang_disp=0.0000 step=0.0000 sigma=0.0000
[CD-DIAG step=4500] E_pos=123697.9219 E_neg=133847.8125 margin=10149.8906 E_wtd=0.076388 MSE=0.647063 gradE=12133.3115 pred=5.9188 neg_dist=8.0559 lang_grad0=0.0000 lang_gradK=0.0000 lang_disp=0.0000 step=0.0000 sigma=0.0000
[CD-DIAG step=4600] E_pos=119627.7656 E_neg=120627.1875 margin=999.4219 E_wtd=3.216387 MSE=0.640735 gradE=12643.8203 pred=6.1764 neg_dist=1.6632 lang_grad0=0.0000 lang_gradK=0.0000 lang_disp=0.0000 step=0.0000 sigma=0.0000
[CD-DIAG step=4700] E_pos=121436.2969 E_neg=133574.6094 margin=12138.3125 E_wtd=0.059720 MSE=0.629072 gradE=12859.0684 pred=6.2859 neg_dist=8.6750 lang_grad0=0.0000 lang_gradK=0.0000 lang_disp=0.0000 step=0.0000 sigma=0.0000
[CD-DIAG step=4800] E_pos=94115.2188 E_neg=107169.6406 margin=13054.4219 E_wtd=0.033958 MSE=0.612068 gradE=13891.9336 pred=6.8117 neg_dist=8.3405 lang_grad0=0.0000 lang_gradK=0.0000 lang_disp=0.0000 step=0.0000 sigma=0.0000
[CD-DIAG step=4900] E_pos=93735.5000 E_neg=100781.2344 margin=7045.7344 E_wtd=0.795978 MSE=0.627310 gradE=13287.5088 pred=6.5060 neg_dist=6.5830 lang_grad0=0.0000 lang_gradK=0.0000 lang_disp=0.0000 step=0.0000 sigma=0.0000
[CD-DIAG step=5000] E_pos=119678.5781 E_neg=131212.5938 margin=11534.0156 E_wtd=0.026532 MSE=0.635771 gradE=12513.6797 pred=6.1143 neg_dist=8.3243 lang_grad0=0.0000 lang_gradK=0.0000 lang_disp=0.0000 step=0.0000 sigma=0.0000
Running Evaluation...
Validation Result @ Iteration 5000; Milestone = 5 (Train)
---------  --------
mse_error  0.899167
---------  --------
Validation Result @ Iteration 5000; Milestone = 5 (ID: Validation)
---  -------
mse  0.44289
---  -------
[CD-DIAG step=5100] E_pos=89594.5000 E_neg=88895.0938 margin=-699.4062 E_wtd=42.887897 MSE=0.606916 gradE=14144.7559 pred=6.9054 neg_dist=1.6337 lang_grad0=0.0000 lang_gradK=0.0000 lang_disp=0.0000 step=0.0000 sigma=0.0000
[CD-DIAG step=5200] E_pos=46286.8594 E_neg=60265.5078 margin=13978.6484 E_wtd=0.005157 MSE=0.572136 gradE=16395.9004 pred=7.9891 neg_dist=8.3610 lang_grad0=0.0000 lang_gradK=0.0000 lang_disp=0.0000 step=0.0000 sigma=0.0000
[CD-DIAG step=5300] E_pos=109286.8750 E_neg=120654.8672 margin=11367.9922 E_wtd=0.040282 MSE=0.610125 gradE=13848.2402 pred=6.7580 neg_dist=8.2790 lang_grad0=0.0000 lang_gradK=0.0000 lang_disp=0.0000 step=0.0000 sigma=0.0000
[CD-DIAG step=5400] E_pos=127643.1406 E_neg=131147.3750 margin=3504.2344 E_wtd=16.943439 MSE=0.625696 gradE=12926.0898 pred=6.2991 neg_dist=5.4903 lang_grad0=0.0000 lang_gradK=0.0000 lang_disp=0.0000 step=0.0000 sigma=0.0000
[CD-DIAG step=5500] E_pos=89499.3438 E_neg=88965.7109 margin=-533.6328 E_wtd=47.506721 MSE=0.600008 gradE=14495.4590 pred=7.0590 neg_dist=3.0573 lang_grad0=0.0000 lang_gradK=0.0000 lang_disp=0.0000 step=0.0000 sigma=0.0000
[CD-DIAG step=5600] E_pos=106162.0156 E_neg=114457.8047 margin=8295.7891 E_wtd=0.051164 MSE=0.616795 gradE=13353.2412 pred=6.5273 neg_dist=7.2624 lang_grad0=0.0000 lang_gradK=0.0000 lang_disp=0.0000 step=0.0000 sigma=0.0000
[CD-DIAG step=5700] E_pos=103573.4375 E_neg=111248.5078 margin=7675.0703 E_wtd=0.146583 MSE=0.612009 gradE=13640.7637 pred=6.6864 neg_dist=7.1404 lang_grad0=0.0000 lang_gradK=0.0000 lang_disp=0.0000 step=0.0000 sigma=0.0000
[CD-DIAG step=5800] E_pos=79739.8047 E_neg=90515.2891 margin=10775.4844 E_wtd=0.063859 MSE=0.594282 gradE=14960.6094 pred=7.2890 neg_dist=8.1994 lang_grad0=0.0000 lang_gradK=0.0000 lang_disp=0.0000 step=0.0000 sigma=0.0000
[CD-DIAG step=5900] E_pos=103349.2969 E_neg=106460.5469 margin=3111.2500 E_wtd=29.297367 MSE=0.601333 gradE=14191.3184 pred=6.9299 neg_dist=5.3472 lang_grad0=0.0000 lang_gradK=0.0000 lang_disp=0.0000 step=0.0000 sigma=0.0000
[CD-DIAG step=6000] E_pos=115913.6016 E_neg=124684.5781 margin=8770.9766 E_wtd=0.104424 MSE=0.621172 gradE=13171.0566 pred=6.4203 neg_dist=7.4224 lang_grad0=0.0000 lang_gradK=0.0000 lang_disp=0.0000 step=0.0000 sigma=0.0000
Running Evaluation...
Validation Result @ Iteration 6000; Milestone = 6 (Train)
---------  --------
mse_error  0.753569
---------  --------
Validation Result @ Iteration 6000; Milestone = 6 (ID: Validation)
---  --------
mse  0.252893
---  --------
[CD-DIAG step=6100] E_pos=125189.9453 E_neg=137120.1875 margin=11930.2422 E_wtd=0.005770 MSE=0.611442 gradE=13416.2920 pred=6.5455 neg_dist=8.2326 lang_grad0=0.0000 lang_gradK=0.0000 lang_disp=0.0000 step=0.0000 sigma=0.0000
[CD-DIAG step=6200] E_pos=105046.6641 E_neg=104774.1406 margin=-272.5234 E_wtd=40.315384 MSE=0.593705 gradE=14550.1143 pred=7.1006 neg_dist=2.7688 lang_grad0=0.0000 lang_gradK=0.0000 lang_disp=0.0000 step=0.0000 sigma=0.0000
[CD-DIAG step=6300] E_pos=120751.5391 E_neg=131487.7500 margin=10736.2109 E_wtd=0.029011 MSE=0.604385 gradE=13734.5635 pred=6.7161 neg_dist=7.8378 lang_grad0=0.0000 lang_gradK=0.0000 lang_disp=0.0000 step=0.0000 sigma=0.0000
[CD-DIAG step=6400] E_pos=121204.7500 E_neg=122750.3594 margin=1545.6094 E_wtd=43.543228 MSE=0.599318 gradE=13902.4180 pred=6.7926 neg_dist=3.8538 lang_grad0=0.0000 lang_gradK=0.0000 lang_disp=0.0000 step=0.0000 sigma=0.0000
[CD-DIAG step=6500] E_pos=53624.1211 E_neg=58421.8555 margin=4797.7344 E_wtd=49.459503 MSE=0.545226 gradE=17442.3594 pred=8.5310 neg_dist=6.1071 lang_grad0=0.0000 lang_gradK=0.0000 lang_disp=0.0000 step=0.0000 sigma=0.0000
[CD-DIAG step=6600] E_pos=106642.9531 E_neg=113926.4375 margin=7283.4844 E_wtd=0.174433 MSE=0.582100 gradE=14949.1562 pred=7.2946 neg_dist=6.7004 lang_grad0=0.0000 lang_gradK=0.0000 lang_disp=0.0000 step=0.0000 sigma=0.0000
[CD-DIAG step=6700] E_pos=117685.7969 E_neg=117291.0234 margin=-394.7734 E_wtd=43.160744 MSE=0.591964 gradE=14297.3887 pred=6.9686 neg_dist=2.7394 lang_grad0=0.0000 lang_gradK=0.0000 lang_disp=0.0000 step=0.0000 sigma=0.0000
[CD-DIAG step=6800] E_pos=133187.5156 E_neg=132994.7344 margin=-192.7812 E_wtd=44.278793 MSE=0.597031 gradE=13916.4707 pred=6.7957 neg_dist=2.4632 lang_grad0=0.0000 lang_gradK=0.0000 lang_disp=0.0000 step=0.0000 sigma=0.0000
[CD-DIAG step=6900] E_pos=86381.1094 E_neg=94274.3438 margin=7893.2344 E_wtd=0.202731 MSE=0.558980 gradE=16258.5781 pred=7.9525 neg_dist=6.5895 lang_grad0=0.0000 lang_gradK=0.0000 lang_disp=0.0000 step=0.0000 sigma=0.0000
[CD-DIAG step=7000] E_pos=109590.0000 E_neg=121231.1250 margin=11641.1250 E_wtd=0.000009 MSE=0.573023 gradE=15293.6309 pred=7.4529 neg_dist=7.9339 lang_grad0=0.0000 lang_gradK=0.0000 lang_disp=0.0000 step=0.0000 sigma=0.0000
Running Evaluation...
Validation Result @ Iteration 7000; Milestone = 7 (Train)
---------  --------
mse_error  0.635152
---------  --------
Validation Result @ Iteration 7000; Milestone = 7 (ID: Validation)
---  --------
mse  0.143908
---  --------
[CD-DIAG step=7100] E_pos=150351.6250 E_neg=160104.7500 margin=9753.1250 E_wtd=0.043915 MSE=0.597055 gradE=13759.1719 pred=6.6982 neg_dist=7.7584 lang_grad0=0.0000 lang_gradK=0.0000 lang_disp=0.0000 step=0.0000 sigma=0.0000
[CD-DIAG step=7200] E_pos=115414.2578 E_neg=125391.0938 margin=9976.8359 E_wtd=0.019757 MSE=0.575112 gradE=15048.7637 pred=7.3356 neg_dist=7.4645 lang_grad0=0.0000 lang_gradK=0.0000 lang_disp=0.0000 step=0.0000 sigma=0.0000
[CD-DIAG step=7300] E_pos=104079.5625 E_neg=112905.5391 margin=8825.9766 E_wtd=0.061499 MSE=0.562042 gradE=15894.9316 pred=7.7838 neg_dist=7.0515 lang_grad0=0.0000 lang_gradK=0.0000 lang_disp=0.0000 step=0.0000 sigma=0.0000
[CD-DIAG step=7400] E_pos=121436.4297 E_neg=123596.4141 margin=2159.9844 E_wtd=47.170700 MSE=0.577310 gradE=14842.5273 pred=7.2426 neg_dist=5.0786 lang_grad0=0.0000 lang_gradK=0.0000 lang_disp=0.0000 step=0.0000 sigma=0.0000
[CD-DIAG step=7500] E_pos=124420.6797 E_neg=123805.7500 margin=-614.9297 E_wtd=49.330101 MSE=0.582487 gradE=14502.2139 pred=7.0850 neg_dist=2.7478 lang_grad0=0.0000 lang_gradK=0.0000 lang_disp=0.0000 step=0.0000 sigma=0.0000
[CD-DIAG step=7600] E_pos=56873.5625 E_neg=55994.3477 margin=-879.2148 E_wtd=68.806259 MSE=0.523112 gradE=18316.8398 pred=8.9393 neg_dist=2.6749 lang_grad0=0.0000 lang_gradK=0.0000 lang_disp=0.0000 step=0.0000 sigma=0.0000
[CD-DIAG step=7700] E_pos=134131.4688 E_neg=133847.4062 margin=-284.0625 E_wtd=27.251659 MSE=0.589557 gradE=14179.8145 pred=6.9102 neg_dist=1.6514 lang_grad0=0.0000 lang_gradK=0.0000 lang_disp=0.0000 step=0.0000 sigma=0.0000
[CD-DIAG step=7800] E_pos=134754.1250 E_neg=134345.0312 margin=-409.0938 E_wtd=47.059731 MSE=0.578828 gradE=14449.7266 pred=7.0779 neg_dist=2.5115 lang_grad0=0.0000 lang_gradK=0.0000 lang_disp=0.0000 step=0.0000 sigma=0.0000
[CD-DIAG step=7900] E_pos=86917.3047 E_neg=96669.0547 margin=9751.7500 E_wtd=0.000332 MSE=0.543759 gradE=17037.9102 pred=8.3146 neg_dist=7.3656 lang_grad0=0.0000 lang_gradK=0.0000 lang_disp=0.0000 step=0.0000 sigma=0.0000
