Job started at Thu Feb 19 13:40:23 EST 2026
Running on host: holygpu8a22103.rc.fas.harvard.edu
Job ID: 61200959
Git URL: https://github.com/mdkrasnow/research-repo.git
Git SHA: d5d621d76806ff6ff4617412d2c60ed89289b12d
Work directory: /tmp/ired-job-61200959
GPU info:
Thu Feb 19 13:40:23 2026       
+-----------------------------------------------------------------------------------------+
| NVIDIA-SMI 575.57.08              Driver Version: 575.57.08      CUDA Version: 12.9     |
|-----------------------------------------+------------------------+----------------------+
| GPU  Name                 Persistence-M | Bus-Id          Disp.A | Volatile Uncorr. ECC |
| Fan  Temp   Perf          Pwr:Usage/Cap |           Memory-Usage | GPU-Util  Compute M. |
|                                         |                        |               MIG M. |
|=========================================+========================+======================|
|   0  NVIDIA A100-SXM4-80GB          On  |   00000000:31:00.0 Off |                    0 |
| N/A   28C    P0             62W /  500W |       0MiB /  81920MiB |      0%      Default |
|                                         |                        |             Disabled |
+-----------------------------------------+------------------------+----------------------+
                                                                                         
+-----------------------------------------------------------------------------------------+
| Processes:                                                                              |
|  GPU   GI   CI              PID   Type   Process name                        GPU Memory |
|        ID   ID                                                               Usage      |
|=========================================================================================|
|  No running processes found                                                             |
+-----------------------------------------------------------------------------------------+
Cloning repository...
Repository cloned and checked out to: d5d621d
Repository info:
d5d621d Submit q201/q207/q208 at 100k steps (61184740, 61184757, 61184737)
Starting IRED-CD baseline (current NCE implementation)...
Loading configuration from: projects/ired/configs/q201_baseline.json
Configuration saved to: results/ds_inverse/q201_baseline/experiment_config.json
Setting random seed: 3
Starting experiment with mining strategy: adversarial
Configuration: {
  "experiment_name": "q201_baseline",
  "description": "IRED-CD Investigation - Baseline (current NCE implementation for comparison)",
  "investigation": "ired-cd",
  "ablation_stage": "baseline",
  "mining_strategy": "adversarial",
  "rank": 20,
  "ood": false,
  "diffusion_steps": 10,
  "batch_size": 2048,
  "train_steps": 100000,
  "learning_rate": 0.0001,
  "mining_opt_steps": 10,
  "mining_noise_scale": 1.5,
  "output_dir": "results/ds_inverse/q201_baseline",
  "notes": "Current implementation with NCE loss. Baseline for IRED-CD ablation study. Using k=10 steps, noise_scale=1.5 (reduced from 3.0).",
  "seed": 3
}
Dataset: Inverse matrices (20x20)
Input dimension: 400, Output dimension: 400
Trainer initialized. Output directory: results/ds_inverse/q201_baseline
Training for 100000 steps...
[CD-DIAG step=100] E_pos=1102.7749 E_neg=1207.0187 margin=104.2438 E_wtd=0.001653 MSE=0.998309 gradE=26.4793 pred=0.0129 neg_dist=15.1795 lang_grad0=0.0000 lang_gradK=0.0000 lang_disp=0.0000 step=0.0000 sigma=0.0000
[CD-DIAG step=200] E_pos=2794.7988 E_neg=3053.3049 margin=258.5061 E_wtd=0.001976 MSE=0.999452 gradE=64.7795 pred=0.0317 neg_dist=15.1054 lang_grad0=0.0000 lang_gradK=0.0000 lang_disp=0.0000 step=0.0000 sigma=0.0000
[CD-DIAG step=300] E_pos=2489.5220 E_neg=2692.0737 margin=202.5518 E_wtd=0.000842 MSE=0.997264 gradE=65.8044 pred=0.0321 neg_dist=11.7171 lang_grad0=0.0000 lang_gradK=0.0000 lang_disp=0.0000 step=0.0000 sigma=0.0000
[CD-DIAG step=400] E_pos=2394.6631 E_neg=2554.9351 margin=160.2720 E_wtd=0.000817 MSE=0.997731 gradE=70.3494 pred=0.0344 neg_dist=9.2801 lang_grad0=0.0000 lang_gradK=0.0000 lang_disp=0.0000 step=0.0000 sigma=0.0000
[CD-DIAG step=500] E_pos=3136.7546 E_neg=3559.2783 margin=422.5237 E_wtd=0.000445 MSE=1.000902 gradE=94.6864 pred=0.0463 neg_dist=14.5901 lang_grad0=0.0000 lang_gradK=0.0000 lang_disp=0.0000 step=0.0000 sigma=0.0000
[CD-DIAG step=600] E_pos=7198.4839 E_neg=7610.1982 margin=411.7144 E_wtd=0.000866 MSE=0.998634 gradE=193.3341 pred=0.0945 neg_dist=9.0425 lang_grad0=0.0000 lang_gradK=0.0000 lang_disp=0.0000 step=0.0000 sigma=0.0000
[CD-DIAG step=700] E_pos=7238.4214 E_neg=7304.2979 margin=65.8765 E_wtd=0.152437 MSE=1.000271 gradE=209.5208 pred=0.1023 neg_dist=2.0893 lang_grad0=0.0000 lang_gradK=0.0000 lang_disp=0.0000 step=0.0000 sigma=0.0000
[CD-DIAG step=800] E_pos=10028.2627 E_neg=10139.8457 margin=111.5830 E_wtd=0.191008 MSE=0.998981 gradE=294.3824 pred=0.1439 neg_dist=2.0887 lang_grad0=0.0000 lang_gradK=0.0000 lang_disp=0.0000 step=0.0000 sigma=0.0000
[CD-DIAG step=900] E_pos=9317.5801 E_neg=10866.4961 margin=1548.9160 E_wtd=0.000298 MSE=0.997245 gradE=288.5719 pred=0.1411 neg_dist=15.3144 lang_grad0=0.0000 lang_gradK=0.0000 lang_disp=0.0000 step=0.0000 sigma=0.0000
[CD-DIAG step=1000] E_pos=15509.3105 E_neg=15847.5820 margin=338.2715 E_wtd=0.083596 MSE=0.996705 gradE=447.0370 pred=0.2182 neg_dist=5.0818 lang_grad0=0.0000 lang_gradK=0.0000 lang_disp=0.0000 step=0.0000 sigma=0.0000
Running Evaluation...
Validation Result @ Iteration 1000; Milestone = 1 (Train)
---------  -------
mse_error  2.95753
---------  -------
Validation Result @ Iteration 1000; Milestone = 1 (ID: Validation)
---  ------
mse  3.2155
---  ------
[CD-DIAG step=1100] E_pos=19590.7188 E_neg=22793.7266 margin=3203.0078 E_wtd=0.004486 MSE=0.994274 gradE=551.0411 pred=0.2695 neg_dist=15.3401 lang_grad0=0.0000 lang_gradK=0.0000 lang_disp=0.0000 step=0.0000 sigma=0.0000
[CD-DIAG step=1200] E_pos=28831.4570 E_neg=30043.4102 margin=1211.9531 E_wtd=0.014276 MSE=0.986593 gradE=768.2198 pred=0.3757 neg_dist=8.4532 lang_grad0=0.0000 lang_gradK=0.0000 lang_disp=0.0000 step=0.0000 sigma=0.0000
[CD-DIAG step=1300] E_pos=31397.1602 E_neg=32652.1055 margin=1254.9453 E_wtd=0.052806 MSE=0.989219 gradE=875.1786 pred=0.4262 neg_dist=8.4387 lang_grad0=0.0000 lang_gradK=0.0000 lang_disp=0.0000 step=0.0000 sigma=0.0000
[CD-DIAG step=1400] E_pos=41259.2852 E_neg=44221.9922 margin=2962.7070 E_wtd=0.016962 MSE=0.984514 gradE=1064.8350 pred=0.5196 neg_dist=10.8616 lang_grad0=0.0000 lang_gradK=0.0000 lang_disp=0.0000 step=0.0000 sigma=0.0000
