Cloning into '/tmp/ired-job-63133652'...
Note: switching to '2fff2b725cdd3d2969a9ab20f378e2a39755f6dc'.

You are in 'detached HEAD' state. You can look around, make experimental
changes and commit them, and you can discard any commits you make in this
state without impacting any branches by switching back to a branch.

If you want to create a new branch to retain commits you create, you may
do so (now or later) by using -c with the switch command. Example:

  git switch -c <new-branch-name>

Or undo this operation with:

  git switch -

Turn off this advice by setting config variable advice.detachedHead to false

HEAD is now at 2fff2b7 Add task-agnostic hard-state sampling (q242-q244)
Detected kernel version 4.18.0, which is below the recommended minimum of 5.5.0; this can cause the process to hang. It is recommended to upgrade the kernel to the minimum version or higher.
  0%|          | 0/200 [00:00<?, ?it/s]  0%|          | 0/200 [00:01<?, ?it/s]
Traceback (most recent call last):
  File "/tmp/ired-job-63133652/projects/ired/experiments/matrix_inversion_mining.py", line 400, in <module>
    main()
  File "/tmp/ired-job-63133652/projects/ired/experiments/matrix_inversion_mining.py", line 390, in main
    results = run_experiment(config)
  File "/tmp/ired-job-63133652/projects/ired/experiments/matrix_inversion_mining.py", line 257, in run_experiment
    trainer.train()
  File "/tmp/ired-job-63133652/projects/ired/diffusion_lib/denoising_diffusion_pytorch_1d.py", line 2069, in train
    loss, (loss_denoise, loss_energy, loss_opt) = self.model(inp, label, mask)
  File "/n/home03/mkrasnow/.local/lib/python3.10/site-packages/torch/nn/modules/module.py", line 1775, in _wrapped_call_impl
    return self._call_impl(*args, **kwargs)
  File "/n/home03/mkrasnow/.local/lib/python3.10/site-packages/torch/nn/modules/module.py", line 1786, in _call_impl
    return forward_call(*args, **kwargs)
  File "/tmp/ired-job-63133652/projects/ired/diffusion_lib/denoising_diffusion_pytorch_1d.py", line 1864, in forward
    return self.p_losses(inp, target, mask, t, *args, **kwargs)
  File "/tmp/ired-job-63133652/projects/ired/diffusion_lib/denoising_diffusion_pytorch_1d.py", line 1554, in p_losses
    hardness = compute_replay_uncertainty(self.model, inp, x, t)
  File "/tmp/ired-job-63133652/projects/ired/diffusion_lib/hard_state_sampling.py", line 31, in compute_replay_uncertainty
    preds = [model(inp, x_states, t) for _ in range(n_eval)]
  File "/tmp/ired-job-63133652/projects/ired/diffusion_lib/hard_state_sampling.py", line 31, in <listcomp>
    preds = [model(inp, x_states, t) for _ in range(n_eval)]
  File "/n/home03/mkrasnow/.local/lib/python3.10/site-packages/torch/nn/modules/module.py", line 1775, in _wrapped_call_impl
    return self._call_impl(*args, **kwargs)
  File "/n/home03/mkrasnow/.local/lib/python3.10/site-packages/torch/nn/modules/module.py", line 1786, in _call_impl
    return forward_call(*args, **kwargs)
  File "/tmp/ired-job-63133652/projects/ired/models.py", line 828, in forward
    opt_grad = torch.autograd.grad([energy.sum()], [opt_out], create_graph=True)[0] / B_norm
  File "/n/home03/mkrasnow/.local/lib/python3.10/site-packages/torch/autograd/__init__.py", line 503, in grad
    result = _engine_run_backward(
  File "/n/home03/mkrasnow/.local/lib/python3.10/site-packages/torch/autograd/graph.py", line 841, in _engine_run_backward
    return Variable._execution_engine.run_backward(  # Calls into the C++ engine to run the backward pass
RuntimeError: element 0 of tensors does not require grad and does not have a grad_fn
