Job started at Mon Jan 26 09:22:28 EST 2026
Running on host: holygpu8a22506.rc.fas.harvard.edu
Job ID: 56602475 (Array Job ID: 56602475, Task ID: 9)
Seed: 9
Git URL: https://github.com/mdkrasnow/research-repo.git
Git SHA: fef884935d71901bd0658b2ecc73b88b9a3f8ca3
Work directory: /tmp/ired-job-56602475
GPU info:
Mon Jan 26 09:22:28 2026       
+-----------------------------------------------------------------------------------------+
| NVIDIA-SMI 575.57.08              Driver Version: 575.57.08      CUDA Version: 12.9     |
|-----------------------------------------+------------------------+----------------------+
| GPU  Name                 Persistence-M | Bus-Id          Disp.A | Volatile Uncorr. ECC |
| Fan  Temp   Perf          Pwr:Usage/Cap |           Memory-Usage | GPU-Util  Compute M. |
|                                         |                        |               MIG M. |
|=========================================+========================+======================|
|   0  NVIDIA A100-SXM4-80GB          On  |   00000000:31:00.0 Off |                    0 |
| N/A   27C    P0             60W /  500W |       0MiB /  81920MiB |      0%      Default |
|                                         |                        |             Disabled |
+-----------------------------------------+------------------------+----------------------+
                                                                                         
+-----------------------------------------------------------------------------------------+
| Processes:                                                                              |
|  GPU   GI   CI              PID   Type   Process name                        GPU Memory |
|        ID   ID                                                               Usage      |
|=========================================================================================|
|  No running processes found                                                             |
+-----------------------------------------------------------------------------------------+
Cloning repository...
Repository cloned and checked out to: fef8849
Repository info:
fef8849 reorg
Starting matrix inversion with random mining and seed 9...
Loading configuration from: projects/ired/configs/q102_multiseed_random.json
Configuration saved to: results/ds_inverse/q102_seed9/experiment_config.json
Setting random seed: 9
Starting experiment with mining strategy: random
Configuration: {
  "experiment_name": "q102_multiseed_random",
  "description": "Multi-seed random mining validation - seeds 0-9",
  "mining_strategy": "random",
  "rank": 20,
  "ood": false,
  "diffusion_steps": 10,
  "batch_size": 2048,
  "train_steps": 100000,
  "learning_rate": 0.0001,
  "seed": 9,
  "output_dir": "results/ds_inverse/q102_seed9",
  "notes": "Random negative mining strategy. This config will be used with SLURM array jobs where seed is overridden by SLURM_ARRAY_TASK_ID."
}
Dataset: Inverse matrices (20x20)
Input dimension: 400, Output dimension: 400
Trainer initialized. Output directory: results/ds_inverse/q102_seed9
Training for 100000 steps...
Running Evaluation...
Validation Result @ Iteration 1000; Milestone = 1 (Train)
---------  -------
mse_error  1.91267
---------  -------
Validation Result @ Iteration 1000; Milestone = 1 (ID: Validation)
---  -------
mse  1.91182
---  -------
Running Evaluation...
Validation Result @ Iteration 2000; Milestone = 2 (Train)
---------  -------
mse_error  1.19875
---------  -------
Validation Result @ Iteration 2000; Milestone = 2 (ID: Validation)
---  -------
mse  1.20105
---  -------
Running Evaluation...
Validation Result @ Iteration 3000; Milestone = 3 (Train)
---------  --------
mse_error  0.798861
---------  --------
Validation Result @ Iteration 3000; Milestone = 3 (ID: Validation)
---  --------
mse  0.795395
---  --------
Running Evaluation...
Validation Result @ Iteration 4000; Milestone = 4 (Train)
---------  --------
mse_error  0.515119
---------  --------
Validation Result @ Iteration 4000; Milestone = 4 (ID: Validation)
---  -------
mse  0.51217
---  -------
Running Evaluation...
Validation Result @ Iteration 5000; Milestone = 5 (Train)
---------  --------
mse_error  0.262385
---------  --------
Validation Result @ Iteration 5000; Milestone = 5 (ID: Validation)
---  --------
mse  0.264464
---  --------
Running Evaluation...
Validation Result @ Iteration 6000; Milestone = 6 (Train)
---------  --------
mse_error  0.108112
---------  --------
Validation Result @ Iteration 6000; Milestone = 6 (ID: Validation)
---  --------
mse  0.104979
---  --------
Running Evaluation...
Validation Result @ Iteration 7000; Milestone = 7 (Train)
---------  ---------
mse_error  0.0302631
---------  ---------
Validation Result @ Iteration 7000; Milestone = 7 (ID: Validation)
---  ---------
mse  0.0308005
---  ---------
Running Evaluation...
Validation Result @ Iteration 8000; Milestone = 8 (Train)
---------  ---------
mse_error  0.0130537
---------  ---------
Validation Result @ Iteration 8000; Milestone = 8 (ID: Validation)
---  ---------
mse  0.0131951
---  ---------
Running Evaluation...
Validation Result @ Iteration 9000; Milestone = 9 (Train)
---------  --------
mse_error  0.011374
---------  --------
Validation Result @ Iteration 9000; Milestone = 9 (ID: Validation)
---  ---------
mse  0.0105376
---  ---------
Running Evaluation...
Validation Result @ Iteration 10000; Milestone = 10 (Train)
---------  ----------
mse_error  0.00996723
---------  ----------
Validation Result @ Iteration 10000; Milestone = 10 (ID: Validation)
---  ---------
mse  0.0102277
---  ---------
Running Evaluation...
Validation Result @ Iteration 11000; Milestone = 11 (Train)
---------  ----------
mse_error  0.00983816
---------  ----------
Validation Result @ Iteration 11000; Milestone = 11 (ID: Validation)
---  ---------
mse  0.0097707
---  ---------
Running Evaluation...
Validation Result @ Iteration 12000; Milestone = 12 (Train)
---------  ----------
mse_error  0.00978689
---------  ----------
Validation Result @ Iteration 12000; Milestone = 12 (ID: Validation)
---  ----------
mse  0.00997005
---  ----------
Running Evaluation...
Validation Result @ Iteration 13000; Milestone = 13 (Train)
---------  ----------
mse_error  0.00983968
---------  ----------
Validation Result @ Iteration 13000; Milestone = 13 (ID: Validation)
---  ----------
mse  0.00977004
---  ----------
Running Evaluation...
Validation Result @ Iteration 14000; Milestone = 14 (Train)
---------  ---------
mse_error  0.0097507
---------  ---------
Validation Result @ Iteration 14000; Milestone = 14 (ID: Validation)
---  ----------
mse  0.00970366
---  ----------
Running Evaluation...
Validation Result @ Iteration 15000; Milestone = 15 (Train)
---------  ----------
mse_error  0.00970252
---------  ----------
Validation Result @ Iteration 15000; Milestone = 15 (ID: Validation)
---  ---------
mse  0.0096938
---  ---------
Running Evaluation...
Validation Result @ Iteration 16000; Milestone = 16 (Train)
---------  ----------
mse_error  0.00967157
---------  ----------
Validation Result @ Iteration 16000; Milestone = 16 (ID: Validation)
---  ----------
mse  0.00977738
---  ----------
Running Evaluation...
Validation Result @ Iteration 17000; Milestone = 17 (Train)
---------  ----------
mse_error  0.00973375
---------  ----------
Validation Result @ Iteration 17000; Milestone = 17 (ID: Validation)
---  ----------
mse  0.00969487
---  ----------
Running Evaluation...
Validation Result @ Iteration 18000; Milestone = 18 (Train)
---------  ----------
mse_error  0.00966742
---------  ----------
Validation Result @ Iteration 18000; Milestone = 18 (ID: Validation)
---  ----------
mse  0.00970814
---  ----------
Running Evaluation...
Validation Result @ Iteration 19000; Milestone = 19 (Train)
---------  ----------
mse_error  0.00966657
---------  ----------
Validation Result @ Iteration 19000; Milestone = 19 (ID: Validation)
---  ----------
mse  0.00970999
---  ----------
Running Evaluation...
Validation Result @ Iteration 20000; Milestone = 20 (Train)
---------  ----------
mse_error  0.00975008
---------  ----------
Validation Result @ Iteration 20000; Milestone = 20 (ID: Validation)
---  ----------
mse  0.00969399
---  ----------
Running Evaluation...
Validation Result @ Iteration 21000; Milestone = 21 (Train)
---------  ---------
mse_error  0.0096317
---------  ---------
Validation Result @ Iteration 21000; Milestone = 21 (ID: Validation)
---  ----------
mse  0.00967363
---  ----------
Running Evaluation...
Validation Result @ Iteration 22000; Milestone = 22 (Train)
---------  ----------
mse_error  0.00973425
---------  ----------
Validation Result @ Iteration 22000; Milestone = 22 (ID: Validation)
---  ----------
mse  0.00976797
---  ----------
Running Evaluation...
Validation Result @ Iteration 23000; Milestone = 23 (Train)
---------  ---------
mse_error  0.0097067
---------  ---------
Validation Result @ Iteration 23000; Milestone = 23 (ID: Validation)
---  ----------
mse  0.00969604
---  ----------
Running Evaluation...
Validation Result @ Iteration 24000; Milestone = 24 (Train)
---------  ---------
mse_error  0.0100277
---------  ---------
Validation Result @ Iteration 24000; Milestone = 24 (ID: Validation)
---  ----------
mse  0.00967701
---  ----------
Running Evaluation...
Validation Result @ Iteration 25000; Milestone = 25 (Train)
---------  ---------
mse_error  0.0097386
---------  ---------
Validation Result @ Iteration 25000; Milestone = 25 (ID: Validation)
---  ----------
mse  0.00965734
---  ----------
Running Evaluation...
Validation Result @ Iteration 26000; Milestone = 26 (Train)
---------  ----------
mse_error  0.00989125
---------  ----------
Validation Result @ Iteration 26000; Milestone = 26 (ID: Validation)
---  ----------
mse  0.00970472
---  ----------
Running Evaluation...
Validation Result @ Iteration 27000; Milestone = 27 (Train)
---------  ----------
mse_error  0.00972818
---------  ----------
Validation Result @ Iteration 27000; Milestone = 27 (ID: Validation)
---  ----------
mse  0.00966449
---  ----------
Running Evaluation...
Validation Result @ Iteration 28000; Milestone = 28 (Train)
---------  ----------
mse_error  0.00966924
---------  ----------
Validation Result @ Iteration 28000; Milestone = 28 (ID: Validation)
---  ---------
mse  0.0096921
---  ---------
Running Evaluation...
Validation Result @ Iteration 29000; Milestone = 29 (Train)
---------  ----------
mse_error  0.00965011
---------  ----------
Validation Result @ Iteration 29000; Milestone = 29 (ID: Validation)
---  ----------
mse  0.00966737
---  ----------
Running Evaluation...
Validation Result @ Iteration 30000; Milestone = 30 (Train)
---------  ----------
mse_error  0.00970444
---------  ----------
Validation Result @ Iteration 30000; Milestone = 30 (ID: Validation)
---  ----------
mse  0.00970816
---  ----------
Running Evaluation...
Validation Result @ Iteration 31000; Milestone = 31 (Train)
---------  ----------
mse_error  0.00969103
---------  ----------
Validation Result @ Iteration 31000; Milestone = 31 (ID: Validation)
---  ---------
mse  0.0096594
---  ---------
Running Evaluation...
Validation Result @ Iteration 32000; Milestone = 32 (Train)
---------  ----------
mse_error  0.00973353
---------  ----------
Validation Result @ Iteration 32000; Milestone = 32 (ID: Validation)
---  ----------
mse  0.00976146
---  ----------
Running Evaluation...
Validation Result @ Iteration 33000; Milestone = 33 (Train)
---------  ----------
mse_error  0.00968664
---------  ----------
Validation Result @ Iteration 33000; Milestone = 33 (ID: Validation)
---  ----------
mse  0.00969781
---  ----------
Running Evaluation...
Validation Result @ Iteration 34000; Milestone = 34 (Train)
---------  ----------
mse_error  0.00971741
---------  ----------
Validation Result @ Iteration 34000; Milestone = 34 (ID: Validation)
---  ----------
mse  0.00978375
---  ----------
Running Evaluation...
Validation Result @ Iteration 35000; Milestone = 35 (Train)
---------  ----------
mse_error  0.00973113
---------  ----------
Validation Result @ Iteration 35000; Milestone = 35 (ID: Validation)
---  ----------
mse  0.00969954
---  ----------
Running Evaluation...
Validation Result @ Iteration 36000; Milestone = 36 (Train)
---------  ----------
mse_error  0.00975952
---------  ----------
Validation Result @ Iteration 36000; Milestone = 36 (ID: Validation)
---  ----------
mse  0.00963595
---  ----------
Running Evaluation...
Validation Result @ Iteration 37000; Milestone = 37 (Train)
---------  ----------
mse_error  0.00978551
---------  ----------
Validation Result @ Iteration 37000; Milestone = 37 (ID: Validation)
---  ----------
mse  0.00971776
---  ----------
Running Evaluation...
Validation Result @ Iteration 38000; Milestone = 38 (Train)
---------  ----------
mse_error  0.00964854
---------  ----------
Validation Result @ Iteration 38000; Milestone = 38 (ID: Validation)
---  ---------
mse  0.0098542
---  ---------
Running Evaluation...
Validation Result @ Iteration 39000; Milestone = 39 (Train)
---------  ----------
mse_error  0.00968797
---------  ----------
Validation Result @ Iteration 39000; Milestone = 39 (ID: Validation)
---  ----------
mse  0.00968735
---  ----------
Running Evaluation...
Validation Result @ Iteration 40000; Milestone = 40 (Train)
---------  ----------
mse_error  0.00964222
---------  ----------
Validation Result @ Iteration 40000; Milestone = 40 (ID: Validation)
---  ----------
mse  0.00967629
---  ----------
Running Evaluation...
Validation Result @ Iteration 41000; Milestone = 41 (Train)
---------  ----------
mse_error  0.00968946
---------  ----------
Validation Result @ Iteration 41000; Milestone = 41 (ID: Validation)
---  --------
mse  0.009678
---  --------
Running Evaluation...
Validation Result @ Iteration 42000; Milestone = 42 (Train)
---------  ----------
mse_error  0.00960355
---------  ----------
Validation Result @ Iteration 42000; Milestone = 42 (ID: Validation)
---  ----------
mse  0.00979117
---  ----------
Running Evaluation...
Validation Result @ Iteration 43000; Milestone = 43 (Train)
---------  ---------
mse_error  0.0097085
---------  ---------
Validation Result @ Iteration 43000; Milestone = 43 (ID: Validation)
---  ----------
mse  0.00968878
---  ----------
Running Evaluation...
Validation Result @ Iteration 44000; Milestone = 44 (Train)
---------  ----------
mse_error  0.00961947
---------  ----------
Validation Result @ Iteration 44000; Milestone = 44 (ID: Validation)
---  ----------
mse  0.00967465
---  ----------
Running Evaluation...
Validation Result @ Iteration 45000; Milestone = 45 (Train)
---------  ----------
mse_error  0.00970572
---------  ----------
Validation Result @ Iteration 45000; Milestone = 45 (ID: Validation)
---  ----------
mse  0.00967787
---  ----------
Running Evaluation...
Validation Result @ Iteration 46000; Milestone = 46 (Train)
---------  ----------
mse_error  0.00978579
---------  ----------
Validation Result @ Iteration 46000; Milestone = 46 (ID: Validation)
---  ----------
mse  0.00964342
---  ----------
Running Evaluation...
Validation Result @ Iteration 47000; Milestone = 47 (Train)
---------  ----------
mse_error  0.00971985
---------  ----------
Validation Result @ Iteration 47000; Milestone = 47 (ID: Validation)
---  ----------
mse  0.00972735
---  ----------
Running Evaluation...
Validation Result @ Iteration 48000; Milestone = 48 (Train)
---------  ----------
mse_error  0.00977992
---------  ----------
Validation Result @ Iteration 48000; Milestone = 48 (ID: Validation)
---  ----------
mse  0.00969823
---  ----------
Running Evaluation...
Validation Result @ Iteration 49000; Milestone = 49 (Train)
---------  ----------
mse_error  0.00971475
---------  ----------
Validation Result @ Iteration 49000; Milestone = 49 (ID: Validation)
---  ----------
mse  0.00968723
---  ----------
Running Evaluation...
Validation Result @ Iteration 50000; Milestone = 50 (Train)
---------  ----------
mse_error  0.00970195
---------  ----------
Validation Result @ Iteration 50000; Milestone = 50 (ID: Validation)
---  ----------
mse  0.00967169
---  ----------
Running Evaluation...
Validation Result @ Iteration 51000; Milestone = 51 (Train)
---------  ----------
mse_error  0.00971864
---------  ----------
Validation Result @ Iteration 51000; Milestone = 51 (ID: Validation)
---  ----------
mse  0.00982447
---  ----------
Running Evaluation...
Validation Result @ Iteration 52000; Milestone = 52 (Train)
---------  ---------
mse_error  0.0097312
---------  ---------
Validation Result @ Iteration 52000; Milestone = 52 (ID: Validation)
---  ----------
mse  0.00967677
---  ----------
Running Evaluation...
Validation Result @ Iteration 53000; Milestone = 53 (Train)
---------  ---------
mse_error  0.0101174
---------  ---------
Validation Result @ Iteration 53000; Milestone = 53 (ID: Validation)
---  ----------
mse  0.00969441
---  ----------
Running Evaluation...
Validation Result @ Iteration 54000; Milestone = 54 (Train)
---------  ----------
mse_error  0.00968147
---------  ----------
Validation Result @ Iteration 54000; Milestone = 54 (ID: Validation)
---  ----------
mse  0.00983522
---  ----------
Running Evaluation...
Validation Result @ Iteration 55000; Milestone = 55 (Train)
---------  ---------
mse_error  0.0095997
---------  ---------
Validation Result @ Iteration 55000; Milestone = 55 (ID: Validation)
---  ----------
mse  0.00981564
---  ----------
Running Evaluation...
Validation Result @ Iteration 56000; Milestone = 56 (Train)
---------  ----------
mse_error  0.00971233
---------  ----------
Validation Result @ Iteration 56000; Milestone = 56 (ID: Validation)
---  ----------
mse  0.00967426
---  ----------
Running Evaluation...
Validation Result @ Iteration 57000; Milestone = 57 (Train)
---------  ----------
mse_error  0.00970442
---------  ----------
Validation Result @ Iteration 57000; Milestone = 57 (ID: Validation)
---  ----------
mse  0.00965964
---  ----------
Running Evaluation...
Validation Result @ Iteration 58000; Milestone = 58 (Train)
---------  ----------
mse_error  0.00974487
---------  ----------
Validation Result @ Iteration 58000; Milestone = 58 (ID: Validation)
---  ----------
mse  0.00968674
---  ----------
Running Evaluation...
Validation Result @ Iteration 59000; Milestone = 59 (Train)
---------  ----------
mse_error  0.00970172
---------  ----------
Validation Result @ Iteration 59000; Milestone = 59 (ID: Validation)
---  ----------
mse  0.00970939
---  ----------
Running Evaluation...
Validation Result @ Iteration 60000; Milestone = 60 (Train)
---------  ---------
mse_error  0.0097084
---------  ---------
Validation Result @ Iteration 60000; Milestone = 60 (ID: Validation)
---  ----------
mse  0.00969054
---  ----------
Running Evaluation...
Validation Result @ Iteration 61000; Milestone = 61 (Train)
---------  ----------
mse_error  0.00976405
---------  ----------
Validation Result @ Iteration 61000; Milestone = 61 (ID: Validation)
---  ----------
mse  0.00972342
---  ----------
Running Evaluation...
Validation Result @ Iteration 62000; Milestone = 62 (Train)
---------  ---------
mse_error  0.0097301
---------  ---------
Validation Result @ Iteration 62000; Milestone = 62 (ID: Validation)
---  ---------
mse  0.0096517
---  ---------
Running Evaluation...
Validation Result @ Iteration 63000; Milestone = 63 (Train)
---------  ----------
mse_error  0.00970752
---------  ----------
Validation Result @ Iteration 63000; Milestone = 63 (ID: Validation)
---  ----------
mse  0.00971812
---  ----------
Running Evaluation...
Validation Result @ Iteration 64000; Milestone = 64 (Train)
---------  ----------
mse_error  0.00966422
---------  ----------
Validation Result @ Iteration 64000; Milestone = 64 (ID: Validation)
---  ----------
mse  0.00972364
---  ----------
Running Evaluation...
Validation Result @ Iteration 65000; Milestone = 65 (Train)
---------  ----------
mse_error  0.00966866
---------  ----------
Validation Result @ Iteration 65000; Milestone = 65 (ID: Validation)
---  ----------
mse  0.00966969
---  ----------
Running Evaluation...
Validation Result @ Iteration 66000; Milestone = 66 (Train)
---------  ----------
mse_error  0.00970943
---------  ----------
Validation Result @ Iteration 66000; Milestone = 66 (ID: Validation)
---  ----------
mse  0.00964761
---  ----------
Running Evaluation...
Validation Result @ Iteration 67000; Milestone = 67 (Train)
---------  ----------
mse_error  0.00968298
---------  ----------
Validation Result @ Iteration 67000; Milestone = 67 (ID: Validation)
---  ----------
mse  0.00974453
---  ----------
Running Evaluation...
Validation Result @ Iteration 68000; Milestone = 68 (Train)
---------  ----------
mse_error  0.00966104
---------  ----------
Validation Result @ Iteration 68000; Milestone = 68 (ID: Validation)
---  ----------
mse  0.00969199
---  ----------
Running Evaluation...
Validation Result @ Iteration 69000; Milestone = 69 (Train)
---------  ----------
mse_error  0.00973523
---------  ----------
Validation Result @ Iteration 69000; Milestone = 69 (ID: Validation)
---  ----------
mse  0.00967806
---  ----------
Running Evaluation...
Validation Result @ Iteration 70000; Milestone = 70 (Train)
---------  ----------
mse_error  0.00972025
---------  ----------
Validation Result @ Iteration 70000; Milestone = 70 (ID: Validation)
---  ----------
mse  0.00968088
---  ----------
Running Evaluation...
Validation Result @ Iteration 71000; Milestone = 71 (Train)
---------  ----------
mse_error  0.00977105
---------  ----------
Validation Result @ Iteration 71000; Milestone = 71 (ID: Validation)
---  ----------
mse  0.00983561
---  ----------
Running Evaluation...
Validation Result @ Iteration 72000; Milestone = 72 (Train)
---------  ----------
mse_error  0.00974922
---------  ----------
Validation Result @ Iteration 72000; Milestone = 72 (ID: Validation)
---  ----------
mse  0.00967946
---  ----------
Running Evaluation...
Validation Result @ Iteration 73000; Milestone = 73 (Train)
---------  ---------
mse_error  0.0096416
---------  ---------
Validation Result @ Iteration 73000; Milestone = 73 (ID: Validation)
---  ----------
mse  0.00970021
---  ----------
Running Evaluation...
Validation Result @ Iteration 74000; Milestone = 74 (Train)
---------  ----------
mse_error  0.00966997
---------  ----------
Validation Result @ Iteration 74000; Milestone = 74 (ID: Validation)
---  ----------
mse  0.00967549
---  ----------
Running Evaluation...
Validation Result @ Iteration 75000; Milestone = 75 (Train)
---------  ----------
mse_error  0.00969835
---------  ----------
Validation Result @ Iteration 75000; Milestone = 75 (ID: Validation)
---  ----------
mse  0.00981608
---  ----------
Running Evaluation...
Validation Result @ Iteration 76000; Milestone = 76 (Train)
---------  ---------
mse_error  0.0096723
---------  ---------
Validation Result @ Iteration 76000; Milestone = 76 (ID: Validation)
---  ----------
mse  0.00972158
---  ----------
Running Evaluation...
Validation Result @ Iteration 77000; Milestone = 77 (Train)
---------  ---------
mse_error  0.0097024
---------  ---------
Validation Result @ Iteration 77000; Milestone = 77 (ID: Validation)
---  ----------
mse  0.00994332
---  ----------
Running Evaluation...
Validation Result @ Iteration 78000; Milestone = 78 (Train)
---------  ----------
mse_error  0.00971106
---------  ----------
Validation Result @ Iteration 78000; Milestone = 78 (ID: Validation)
---  ---------
mse  0.0097066
---  ---------
Running Evaluation...
Validation Result @ Iteration 79000; Milestone = 79 (Train)
---------  ---------
mse_error  0.0098105
---------  ---------
Validation Result @ Iteration 79000; Milestone = 79 (ID: Validation)
---  ----------
mse  0.00976254
---  ----------
Running Evaluation...
Validation Result @ Iteration 80000; Milestone = 80 (Train)
---------  ----------
mse_error  0.00988176
---------  ----------
Validation Result @ Iteration 80000; Milestone = 80 (ID: Validation)
---  ----------
mse  0.00972388
---  ----------
Running Evaluation...
Validation Result @ Iteration 81000; Milestone = 81 (Train)
---------  ---------
mse_error  0.0096794
---------  ---------
Validation Result @ Iteration 81000; Milestone = 81 (ID: Validation)
---  ----------
mse  0.00966184
---  ----------
Running Evaluation...
Validation Result @ Iteration 82000; Milestone = 82 (Train)
---------  ----------
mse_error  0.00961196
---------  ----------
Validation Result @ Iteration 82000; Milestone = 82 (ID: Validation)
---  ----------
mse  0.00980283
---  ----------
Running Evaluation...
Validation Result @ Iteration 83000; Milestone = 83 (Train)
---------  ----------
mse_error  0.00967795
---------  ----------
Validation Result @ Iteration 83000; Milestone = 83 (ID: Validation)
---  ----------
mse  0.00967316
---  ----------
Running Evaluation...
Validation Result @ Iteration 84000; Milestone = 84 (Train)
---------  ----------
mse_error  0.00966752
---------  ----------
Validation Result @ Iteration 84000; Milestone = 84 (ID: Validation)
---  ----------
mse  0.00971111
---  ----------
Running Evaluation...
Validation Result @ Iteration 85000; Milestone = 85 (Train)
---------  ----------
mse_error  0.00965629
---------  ----------
Validation Result @ Iteration 85000; Milestone = 85 (ID: Validation)
---  ----------
mse  0.00965169
---  ----------
Running Evaluation...
Validation Result @ Iteration 86000; Milestone = 86 (Train)
---------  ----------
mse_error  0.00966497
---------  ----------
Validation Result @ Iteration 86000; Milestone = 86 (ID: Validation)
---  ----------
mse  0.00971032
---  ----------
Running Evaluation...
Validation Result @ Iteration 87000; Milestone = 87 (Train)
---------  ---------
mse_error  0.0096369
---------  ---------
Validation Result @ Iteration 87000; Milestone = 87 (ID: Validation)
---  ----------
mse  0.00968969
---  ----------
Running Evaluation...
Validation Result @ Iteration 88000; Milestone = 88 (Train)
---------  ----------
mse_error  0.00968445
---------  ----------
Validation Result @ Iteration 88000; Milestone = 88 (ID: Validation)
---  ----------
mse  0.00986121
---  ----------
Running Evaluation...
Validation Result @ Iteration 89000; Milestone = 89 (Train)
---------  ----------
mse_error  0.00974706
---------  ----------
Validation Result @ Iteration 89000; Milestone = 89 (ID: Validation)
---  ----------
mse  0.00972589
---  ----------
Running Evaluation...
Validation Result @ Iteration 90000; Milestone = 90 (Train)
---------  ----------
mse_error  0.00969527
---------  ----------
Validation Result @ Iteration 90000; Milestone = 90 (ID: Validation)
---  ----------
mse  0.00971445
---  ----------
Running Evaluation...
Validation Result @ Iteration 91000; Milestone = 91 (Train)
---------  ----------
mse_error  0.00974945
---------  ----------
Validation Result @ Iteration 91000; Milestone = 91 (ID: Validation)
---  ----------
mse  0.00972731
---  ----------
Running Evaluation...
Validation Result @ Iteration 92000; Milestone = 92 (Train)
---------  ----------
mse_error  0.00970867
---------  ----------
Validation Result @ Iteration 92000; Milestone = 92 (ID: Validation)
---  ----------
mse  0.00972502
---  ----------
Running Evaluation...
Validation Result @ Iteration 93000; Milestone = 93 (Train)
---------  ----------
mse_error  0.00965354
---------  ----------
Validation Result @ Iteration 93000; Milestone = 93 (ID: Validation)
---  ----------
mse  0.00965752
---  ----------
Running Evaluation...
Validation Result @ Iteration 94000; Milestone = 94 (Train)
---------  ----------
mse_error  0.00965316
---------  ----------
Validation Result @ Iteration 94000; Milestone = 94 (ID: Validation)
---  ---------
mse  0.0097184
---  ---------
Running Evaluation...
Validation Result @ Iteration 95000; Milestone = 95 (Train)
---------  ----------
mse_error  0.00970889
---------  ----------
Validation Result @ Iteration 95000; Milestone = 95 (ID: Validation)
---  ----------
mse  0.00967426
---  ----------
Running Evaluation...
Validation Result @ Iteration 96000; Milestone = 96 (Train)
---------  ----------
mse_error  0.00967099
---------  ----------
Validation Result @ Iteration 96000; Milestone = 96 (ID: Validation)
---  ----------
mse  0.00971474
---  ----------
Running Evaluation...
Validation Result @ Iteration 97000; Milestone = 97 (Train)
---------  -------
mse_error  0.00968
---------  -------
Validation Result @ Iteration 97000; Milestone = 97 (ID: Validation)
---  ----------
mse  0.00974558
---  ----------
Running Evaluation...
Validation Result @ Iteration 98000; Milestone = 98 (Train)
---------  ----------
mse_error  0.00969156
---------  ----------
Validation Result @ Iteration 98000; Milestone = 98 (ID: Validation)
---  ----------
mse  0.00968662
---  ----------
Running Evaluation...
Validation Result @ Iteration 99000; Milestone = 99 (Train)
---------  ----------
mse_error  0.00969708
---------  ----------
Validation Result @ Iteration 99000; Milestone = 99 (ID: Validation)
---  ---------
mse  0.0096849
---  ---------
Running Evaluation...
Validation Result @ Iteration 100000; Milestone = 100 (Train)
---------  ----------
mse_error  0.00965086
---------  ----------
Validation Result @ Iteration 100000; Milestone = 100 (ID: Validation)
---  ----------
mse  0.00967363
---  ----------
training complete
Training completed!
Results saved to: results/ds_inverse/q102_seed9/results.json
Experiment completed at Mon Jan 26 10:58:29 EST 2026
Copying results to persistent storage...
sending incremental file list
./
summary.md
test_run/
test_run/experiment_config.json

sent 2,490 bytes  received 69 bytes  5,118.00 bytes/sec
total size is 2,227  speedup is 0.87
Results copied to /n/home03/mkrasnow/research-repo/projects/ired/results/
Cleaning up work directory...
