Cloning into '/tmp/ired-job-61733011'...
Note: switching to '7d156b1500dee215c6225ee3f33e85a796ab304b'.

You are in 'detached HEAD' state. You can look around, make experimental
changes and commit them, and you can discard any commits you make in this
state without impacting any branches by switching back to a branch.

If you want to create a new branch to retain commits you create, you may
do so (now or later) by using -c with the switch command. Example:

  git switch -c <new-branch-name>

Or undo this operation with:

  git switch -

Turn off this advice by setting config variable advice.detachedHead to false

HEAD is now at 7d156b1 Fix q211 resubmission: push commits to origin/main before job submission
Traceback (most recent call last):
  File "/tmp/ired-job-61733011/projects/ired/experiments/matrix_inversion_mining.py", line 321, in <module>
    main()
  File "/tmp/ired-job-61733011/projects/ired/experiments/matrix_inversion_mining.py", line 273, in main
    config = load_config(args.config)
  File "/tmp/ired-job-61733011/projects/ired/experiments/matrix_inversion_mining.py", line 46, in load_config
    with open(config_path) as f:
FileNotFoundError: [Errno 2] No such file or directory: 'projects/ired/configs/q221_tam_anchor2.json'
