Job started at Thu Feb 19 03:45:00 EST 2026
Running on host: holygpu8a22101.rc.fas.harvard.edu
Job ID: 61137909
Git URL: https://github.com/mdkrasnow/research-repo.git
Git SHA: b4dc8f44962e76570545f4e364fcfc7d212b8094
Work directory: /tmp/ired-job-61137909
GPU info:
Thu Feb 19 03:45:01 2026       
+-----------------------------------------------------------------------------------------+
| NVIDIA-SMI 575.57.08              Driver Version: 575.57.08      CUDA Version: 12.9     |
|-----------------------------------------+------------------------+----------------------+
| GPU  Name                 Persistence-M | Bus-Id          Disp.A | Volatile Uncorr. ECC |
| Fan  Temp   Perf          Pwr:Usage/Cap |           Memory-Usage | GPU-Util  Compute M. |
|                                         |                        |               MIG M. |
|=========================================+========================+======================|
|   0  NVIDIA A100-SXM4-80GB          On  |   00000000:E3:00.0 Off |                    0 |
| N/A   27C    P0             62W /  500W |       0MiB /  81920MiB |      0%      Default |
|                                         |                        |             Disabled |
+-----------------------------------------+------------------------+----------------------+
                                                                                         
+-----------------------------------------------------------------------------------------+
| Processes:                                                                              |
|  GPU   GI   CI              PID   Type   Process name                        GPU Memory |
|        ID   ID                                                               Usage      |
|=========================================================================================|
|  No running processes found                                                             |
+-----------------------------------------------------------------------------------------+
Cloning repository...
Repository cloned and checked out to: b4dc8f4
Repository info:
b4dc8f4 Fix critical broadcasting bug in IRED-CD energy loss
Starting IRED-CD baseline (current NCE implementation)...
Loading configuration from: projects/ired/configs/q201_baseline.json
Configuration saved to: results/ds_inverse/q201_baseline/experiment_config.json
Setting random seed: 4
Starting experiment with mining strategy: adversarial
Configuration: {
  "experiment_name": "q201_baseline",
  "description": "IRED-CD Investigation - Baseline (current NCE implementation for comparison)",
  "investigation": "ired-cd",
  "ablation_stage": "baseline",
  "mining_strategy": "adversarial",
  "rank": 20,
  "ood": false,
  "diffusion_steps": 10,
  "batch_size": 2048,
  "train_steps": 100000,
  "learning_rate": 0.0001,
  "mining_opt_steps": 10,
  "mining_noise_scale": 1.5,
  "output_dir": "results/ds_inverse/q201_baseline",
  "notes": "Current implementation with NCE loss. Baseline for IRED-CD ablation study. Using k=10 steps, noise_scale=1.5 (reduced from 3.0).",
  "seed": 4
}
Dataset: Inverse matrices (20x20)
Input dimension: 400, Output dimension: 400
Trainer initialized. Output directory: results/ds_inverse/q201_baseline
Training for 100000 steps...
Running Evaluation...
Validation Result @ Iteration 1000; Milestone = 1 (Train)
---------  -------
mse_error  2.83934
---------  -------
Validation Result @ Iteration 1000; Milestone = 1 (ID: Validation)
---  -------
mse  3.29845
---  -------
Running Evaluation...
Validation Result @ Iteration 2000; Milestone = 2 (Train)
---------  -------
mse_error  3.21847
---------  -------
Validation Result @ Iteration 2000; Milestone = 2 (ID: Validation)
---  -------
mse  2.64687
---  -------
Running Evaluation...
Validation Result @ Iteration 3000; Milestone = 3 (Train)
---------  -------
mse_error  2.60256
---------  -------
Validation Result @ Iteration 3000; Milestone = 3 (ID: Validation)
---  -------
mse  2.22155
---  -------
Running Evaluation...
Validation Result @ Iteration 4000; Milestone = 4 (Train)
---------  -------
mse_error  1.85435
---------  -------
Validation Result @ Iteration 4000; Milestone = 4 (ID: Validation)
---  -------
mse  1.91112
---  -------
Running Evaluation...
Validation Result @ Iteration 5000; Milestone = 5 (Train)
---------  -------
mse_error  1.43753
---------  -------
Validation Result @ Iteration 5000; Milestone = 5 (ID: Validation)
---  -------
mse  1.63168
---  -------
Running Evaluation...
Validation Result @ Iteration 6000; Milestone = 6 (Train)
---------  -------
mse_error  1.16146
---------  -------
Validation Result @ Iteration 6000; Milestone = 6 (ID: Validation)
---  --------
mse  0.534973
---  --------
Running Evaluation...
Validation Result @ Iteration 7000; Milestone = 7 (Train)
---------  --------
mse_error  0.950571
---------  --------
Validation Result @ Iteration 7000; Milestone = 7 (ID: Validation)
---  -------
mse  0.16135
---  -------
Running Evaluation...
Validation Result @ Iteration 8000; Milestone = 8 (Train)
---------  --------
mse_error  0.784357
---------  --------
Validation Result @ Iteration 8000; Milestone = 8 (ID: Validation)
---  ---------
mse  0.0898912
---  ---------
Running Evaluation...
Validation Result @ Iteration 9000; Milestone = 9 (Train)
---------  --------
mse_error  0.670039
---------  --------
Validation Result @ Iteration 9000; Milestone = 9 (ID: Validation)
---  ---------
mse  0.0649414
---  ---------
Running Evaluation...
Validation Result @ Iteration 10000; Milestone = 10 (Train)
---------  --------
mse_error  0.578033
---------  --------
Validation Result @ Iteration 10000; Milestone = 10 (ID: Validation)
---  --------
mse  0.104025
---  --------
Running Evaluation...
Validation Result @ Iteration 11000; Milestone = 11 (Train)
---------  --------
mse_error  0.518181
---------  --------
Validation Result @ Iteration 11000; Milestone = 11 (ID: Validation)
---  --------
mse  0.165248
---  --------
Running Evaluation...
Validation Result @ Iteration 12000; Milestone = 12 (Train)
---------  --------
mse_error  0.468721
---------  --------
Validation Result @ Iteration 12000; Milestone = 12 (ID: Validation)
---  --------
mse  0.229454
---  --------
Running Evaluation...
Validation Result @ Iteration 13000; Milestone = 13 (Train)
---------  --------
mse_error  0.441597
---------  --------
Validation Result @ Iteration 13000; Milestone = 13 (ID: Validation)
---  --------
mse  0.298795
---  --------
Running Evaluation...
Validation Result @ Iteration 14000; Milestone = 14 (Train)
---------  --------
mse_error  0.413666
---------  --------
Validation Result @ Iteration 14000; Milestone = 14 (ID: Validation)
---  --------
mse  0.355321
---  --------
Running Evaluation...
Validation Result @ Iteration 15000; Milestone = 15 (Train)
---------  --------
mse_error  0.396694
---------  --------
Validation Result @ Iteration 15000; Milestone = 15 (ID: Validation)
---  --------
mse  0.398767
---  --------
Running Evaluation...
Validation Result @ Iteration 16000; Milestone = 16 (Train)
---------  --------
mse_error  0.382778
---------  --------
Validation Result @ Iteration 16000; Milestone = 16 (ID: Validation)
---  --------
mse  0.427507
---  --------
Running Evaluation...
Validation Result @ Iteration 17000; Milestone = 17 (Train)
---------  --------
mse_error  0.373267
---------  --------
Validation Result @ Iteration 17000; Milestone = 17 (ID: Validation)
---  --------
mse  0.442202
---  --------
Running Evaluation...
Validation Result @ Iteration 18000; Milestone = 18 (Train)
---------  --------
mse_error  0.366455
---------  --------
Validation Result @ Iteration 18000; Milestone = 18 (ID: Validation)
---  --------
mse  0.460871
---  --------
Running Evaluation...
Validation Result @ Iteration 19000; Milestone = 19 (Train)
---------  --------
mse_error  0.361233
---------  --------
Validation Result @ Iteration 19000; Milestone = 19 (ID: Validation)
---  --------
mse  0.462975
---  --------
Running Evaluation...
Validation Result @ Iteration 20000; Milestone = 20 (Train)
---------  --------
mse_error  0.356851
---------  --------
Validation Result @ Iteration 20000; Milestone = 20 (ID: Validation)
---  --------
mse  0.468845
---  --------
Running Evaluation...
Validation Result @ Iteration 21000; Milestone = 21 (Train)
---------  -------
mse_error  0.35419
---------  -------
Validation Result @ Iteration 21000; Milestone = 21 (ID: Validation)
---  --------
mse  0.472158
---  --------
Running Evaluation...
Validation Result @ Iteration 22000; Milestone = 22 (Train)
---------  --------
mse_error  0.348966
---------  --------
Validation Result @ Iteration 22000; Milestone = 22 (ID: Validation)
---  --------
mse  0.467229
---  --------
Running Evaluation...
Validation Result @ Iteration 23000; Milestone = 23 (Train)
---------  --------
mse_error  0.347548
---------  --------
Validation Result @ Iteration 23000; Milestone = 23 (ID: Validation)
---  --------
mse  0.468313
---  --------
Running Evaluation...
Validation Result @ Iteration 24000; Milestone = 24 (Train)
---------  --------
mse_error  0.347766
---------  --------
Validation Result @ Iteration 24000; Milestone = 24 (ID: Validation)
---  --------
mse  0.462747
---  --------
Running Evaluation...
Validation Result @ Iteration 25000; Milestone = 25 (Train)
---------  --------
mse_error  0.342215
---------  --------
Validation Result @ Iteration 25000; Milestone = 25 (ID: Validation)
---  --------
mse  0.462855
---  --------
Running Evaluation...
Validation Result @ Iteration 26000; Milestone = 26 (Train)
---------  --------
mse_error  0.348564
---------  --------
Validation Result @ Iteration 26000; Milestone = 26 (ID: Validation)
---  -------
mse  0.46112
---  -------
Running Evaluation...
Validation Result @ Iteration 27000; Milestone = 27 (Train)
---------  --------
mse_error  0.343685
---------  --------
Validation Result @ Iteration 27000; Milestone = 27 (ID: Validation)
---  --------
mse  0.458747
---  --------
Running Evaluation...
Validation Result @ Iteration 28000; Milestone = 28 (Train)
---------  --------
mse_error  0.344341
---------  --------
Validation Result @ Iteration 28000; Milestone = 28 (ID: Validation)
---  --------
mse  0.457923
---  --------
Running Evaluation...
Validation Result @ Iteration 29000; Milestone = 29 (Train)
---------  --------
mse_error  0.348495
---------  --------
Validation Result @ Iteration 29000; Milestone = 29 (ID: Validation)
---  --------
mse  0.457252
---  --------
Running Evaluation...
Validation Result @ Iteration 30000; Milestone = 30 (Train)
---------  --------
mse_error  0.344603
---------  --------
Validation Result @ Iteration 30000; Milestone = 30 (ID: Validation)
---  --------
mse  0.455127
---  --------
Running Evaluation...
Validation Result @ Iteration 31000; Milestone = 31 (Train)
---------  --------
mse_error  0.349541
---------  --------
Validation Result @ Iteration 31000; Milestone = 31 (ID: Validation)
---  --------
mse  0.457648
---  --------
Running Evaluation...
Validation Result @ Iteration 32000; Milestone = 32 (Train)
---------  --------
mse_error  0.350966
---------  --------
Validation Result @ Iteration 32000; Milestone = 32 (ID: Validation)
---  --------
mse  0.455097
---  --------
Running Evaluation...
Validation Result @ Iteration 33000; Milestone = 33 (Train)
---------  --------
mse_error  0.345734
---------  --------
Validation Result @ Iteration 33000; Milestone = 33 (ID: Validation)
---  --------
mse  0.454469
---  --------
Running Evaluation...
Validation Result @ Iteration 34000; Milestone = 34 (Train)
---------  --------
mse_error  0.350021
---------  --------
Validation Result @ Iteration 34000; Milestone = 34 (ID: Validation)
---  --------
mse  0.453798
---  --------
Running Evaluation...
Validation Result @ Iteration 35000; Milestone = 35 (Train)
---------  --------
mse_error  0.344904
---------  --------
Validation Result @ Iteration 35000; Milestone = 35 (ID: Validation)
---  --------
mse  0.451348
---  --------
Running Evaluation...
Validation Result @ Iteration 36000; Milestone = 36 (Train)
---------  --------
mse_error  0.347513
---------  --------
Validation Result @ Iteration 36000; Milestone = 36 (ID: Validation)
---  --------
mse  0.453213
---  --------
Running Evaluation...
Validation Result @ Iteration 37000; Milestone = 37 (Train)
---------  --------
mse_error  0.342557
---------  --------
Validation Result @ Iteration 37000; Milestone = 37 (ID: Validation)
---  --------
mse  0.452992
---  --------
Running Evaluation...
Validation Result @ Iteration 38000; Milestone = 38 (Train)
---------  --------
mse_error  0.345854
---------  --------
Validation Result @ Iteration 38000; Milestone = 38 (ID: Validation)
---  --------
mse  0.454706
---  --------
Running Evaluation...
Validation Result @ Iteration 39000; Milestone = 39 (Train)
---------  --------
mse_error  0.346937
---------  --------
Validation Result @ Iteration 39000; Milestone = 39 (ID: Validation)
---  --------
mse  0.451044
---  --------
Running Evaluation...
Validation Result @ Iteration 40000; Milestone = 40 (Train)
---------  --------
mse_error  0.347194
---------  --------
Validation Result @ Iteration 40000; Milestone = 40 (ID: Validation)
---  --------
mse  0.456348
---  --------
Running Evaluation...
Validation Result @ Iteration 41000; Milestone = 41 (Train)
---------  --------
mse_error  0.346637
---------  --------
Validation Result @ Iteration 41000; Milestone = 41 (ID: Validation)
---  --------
mse  0.453124
---  --------
Running Evaluation...
Validation Result @ Iteration 42000; Milestone = 42 (Train)
---------  --------
mse_error  0.348098
---------  --------
Validation Result @ Iteration 42000; Milestone = 42 (ID: Validation)
---  --------
mse  0.453393
---  --------
Running Evaluation...
Validation Result @ Iteration 43000; Milestone = 43 (Train)
---------  -------
mse_error  0.34527
---------  -------
Validation Result @ Iteration 43000; Milestone = 43 (ID: Validation)
---  --------
mse  0.451486
---  --------
Running Evaluation...
Validation Result @ Iteration 44000; Milestone = 44 (Train)
---------  --------
mse_error  0.348337
---------  --------
Validation Result @ Iteration 44000; Milestone = 44 (ID: Validation)
---  --------
mse  0.454562
---  --------
Running Evaluation...
Validation Result @ Iteration 45000; Milestone = 45 (Train)
---------  --------
mse_error  0.346366
---------  --------
Validation Result @ Iteration 45000; Milestone = 45 (ID: Validation)
---  --------
mse  0.452311
---  --------
Running Evaluation...
Validation Result @ Iteration 46000; Milestone = 46 (Train)
---------  --------
mse_error  0.346789
---------  --------
Validation Result @ Iteration 46000; Milestone = 46 (ID: Validation)
---  --------
mse  0.455073
---  --------
Running Evaluation...
Validation Result @ Iteration 47000; Milestone = 47 (Train)
---------  -------
mse_error  0.34862
---------  -------
Validation Result @ Iteration 47000; Milestone = 47 (ID: Validation)
---  --------
mse  0.452595
---  --------
Running Evaluation...
Validation Result @ Iteration 48000; Milestone = 48 (Train)
---------  --------
mse_error  0.346683
---------  --------
Validation Result @ Iteration 48000; Milestone = 48 (ID: Validation)
---  --------
mse  0.452598
---  --------
Running Evaluation...
Validation Result @ Iteration 49000; Milestone = 49 (Train)
---------  --------
mse_error  0.345293
---------  --------
Validation Result @ Iteration 49000; Milestone = 49 (ID: Validation)
---  --------
mse  0.452013
---  --------
Running Evaluation...
Validation Result @ Iteration 50000; Milestone = 50 (Train)
---------  --------
mse_error  0.349349
---------  --------
Validation Result @ Iteration 50000; Milestone = 50 (ID: Validation)
---  --------
mse  0.456222
---  --------
Running Evaluation...
Validation Result @ Iteration 51000; Milestone = 51 (Train)
---------  --------
mse_error  0.347913
---------  --------
Validation Result @ Iteration 51000; Milestone = 51 (ID: Validation)
---  --------
mse  0.451287
---  --------
Running Evaluation...
Validation Result @ Iteration 52000; Milestone = 52 (Train)
---------  --------
mse_error  0.347081
---------  --------
Validation Result @ Iteration 52000; Milestone = 52 (ID: Validation)
---  --------
mse  0.456208
---  --------
Running Evaluation...
Validation Result @ Iteration 53000; Milestone = 53 (Train)
---------  --------
mse_error  0.349048
---------  --------
Validation Result @ Iteration 53000; Milestone = 53 (ID: Validation)
---  --------
mse  0.452446
---  --------
Running Evaluation...
Validation Result @ Iteration 54000; Milestone = 54 (Train)
---------  --------
mse_error  0.349467
---------  --------
Validation Result @ Iteration 54000; Milestone = 54 (ID: Validation)
---  --------
mse  0.453337
---  --------
Running Evaluation...
Validation Result @ Iteration 55000; Milestone = 55 (Train)
---------  --------
mse_error  0.351106
---------  --------
Validation Result @ Iteration 55000; Milestone = 55 (ID: Validation)
---  --------
mse  0.453407
---  --------
Running Evaluation...
Validation Result @ Iteration 56000; Milestone = 56 (Train)
---------  --------
mse_error  0.348772
---------  --------
Validation Result @ Iteration 56000; Milestone = 56 (ID: Validation)
---  --------
mse  0.453528
---  --------
Running Evaluation...
Validation Result @ Iteration 57000; Milestone = 57 (Train)
---------  --------
mse_error  0.348935
---------  --------
Validation Result @ Iteration 57000; Milestone = 57 (ID: Validation)
---  --------
mse  0.454152
---  --------
Running Evaluation...
Validation Result @ Iteration 58000; Milestone = 58 (Train)
---------  --------
mse_error  0.343751
---------  --------
Validation Result @ Iteration 58000; Milestone = 58 (ID: Validation)
---  -------
mse  0.45212
---  -------
Running Evaluation...
Validation Result @ Iteration 59000; Milestone = 59 (Train)
---------  --------
mse_error  0.344778
---------  --------
Validation Result @ Iteration 59000; Milestone = 59 (ID: Validation)
---  --------
mse  0.450653
---  --------
Running Evaluation...
Validation Result @ Iteration 60000; Milestone = 60 (Train)
---------  --------
mse_error  0.346077
---------  --------
Validation Result @ Iteration 60000; Milestone = 60 (ID: Validation)
---  --------
mse  0.453022
---  --------
Running Evaluation...
Validation Result @ Iteration 61000; Milestone = 61 (Train)
---------  --------
mse_error  0.347669
---------  --------
Validation Result @ Iteration 61000; Milestone = 61 (ID: Validation)
---  --------
mse  0.452405
---  --------
Running Evaluation...
Validation Result @ Iteration 62000; Milestone = 62 (Train)
---------  --------
mse_error  0.344612
---------  --------
Validation Result @ Iteration 62000; Milestone = 62 (ID: Validation)
---  --------
mse  0.453573
---  --------
Running Evaluation...
Validation Result @ Iteration 63000; Milestone = 63 (Train)
---------  --------
mse_error  0.346711
---------  --------
Validation Result @ Iteration 63000; Milestone = 63 (ID: Validation)
---  --------
mse  0.450006
---  --------
Running Evaluation...
Validation Result @ Iteration 64000; Milestone = 64 (Train)
---------  -------
mse_error  0.34776
---------  -------
Validation Result @ Iteration 64000; Milestone = 64 (ID: Validation)
---  --------
mse  0.456699
---  --------
Running Evaluation...
Validation Result @ Iteration 65000; Milestone = 65 (Train)
---------  --------
mse_error  0.347239
---------  --------
Validation Result @ Iteration 65000; Milestone = 65 (ID: Validation)
---  --------
mse  0.450857
---  --------
Running Evaluation...
Validation Result @ Iteration 66000; Milestone = 66 (Train)
---------  --------
mse_error  0.347818
---------  --------
Validation Result @ Iteration 66000; Milestone = 66 (ID: Validation)
---  --------
mse  0.454173
---  --------
Running Evaluation...
Validation Result @ Iteration 67000; Milestone = 67 (Train)
---------  --------
mse_error  0.347306
---------  --------
Validation Result @ Iteration 67000; Milestone = 67 (ID: Validation)
---  -------
mse  0.45351
---  -------
Running Evaluation...
Validation Result @ Iteration 68000; Milestone = 68 (Train)
---------  --------
mse_error  0.347127
---------  --------
Validation Result @ Iteration 68000; Milestone = 68 (ID: Validation)
---  -------
mse  0.45327
---  -------
Running Evaluation...
Validation Result @ Iteration 69000; Milestone = 69 (Train)
---------  --------
mse_error  0.346032
---------  --------
Validation Result @ Iteration 69000; Milestone = 69 (ID: Validation)
---  ------
mse  0.4512
---  ------
Running Evaluation...
Validation Result @ Iteration 70000; Milestone = 70 (Train)
---------  -------
mse_error  0.34675
---------  -------
Validation Result @ Iteration 70000; Milestone = 70 (ID: Validation)
---  --------
mse  0.452237
---  --------
Running Evaluation...
Validation Result @ Iteration 71000; Milestone = 71 (Train)
---------  --------
mse_error  0.346619
---------  --------
Validation Result @ Iteration 71000; Milestone = 71 (ID: Validation)
---  --------
mse  0.451622
---  --------
Running Evaluation...
Validation Result @ Iteration 72000; Milestone = 72 (Train)
---------  --------
mse_error  0.348747
---------  --------
Validation Result @ Iteration 72000; Milestone = 72 (ID: Validation)
---  --------
mse  0.454525
---  --------
Running Evaluation...
Validation Result @ Iteration 73000; Milestone = 73 (Train)
---------  --------
mse_error  0.348035
---------  --------
Validation Result @ Iteration 73000; Milestone = 73 (ID: Validation)
---  --------
mse  0.453124
---  --------
Running Evaluation...
Validation Result @ Iteration 74000; Milestone = 74 (Train)
---------  --------
mse_error  0.347602
---------  --------
Validation Result @ Iteration 74000; Milestone = 74 (ID: Validation)
---  --------
mse  0.449804
---  --------
Running Evaluation...
Validation Result @ Iteration 75000; Milestone = 75 (Train)
---------  --------
mse_error  0.349143
---------  --------
Validation Result @ Iteration 75000; Milestone = 75 (ID: Validation)
---  --------
mse  0.452892
---  --------
Running Evaluation...
Validation Result @ Iteration 76000; Milestone = 76 (Train)
---------  --------
mse_error  0.349477
---------  --------
Validation Result @ Iteration 76000; Milestone = 76 (ID: Validation)
---  ------
mse  0.4546
---  ------
Running Evaluation...
Validation Result @ Iteration 77000; Milestone = 77 (Train)
---------  --------
mse_error  0.348099
---------  --------
Validation Result @ Iteration 77000; Milestone = 77 (ID: Validation)
---  --------
mse  0.452349
---  --------
Running Evaluation...
Validation Result @ Iteration 78000; Milestone = 78 (Train)
---------  --------
mse_error  0.346414
---------  --------
Validation Result @ Iteration 78000; Milestone = 78 (ID: Validation)
---  --------
mse  0.455353
---  --------
Running Evaluation...
Validation Result @ Iteration 79000; Milestone = 79 (Train)
---------  --------
mse_error  0.345579
---------  --------
Validation Result @ Iteration 79000; Milestone = 79 (ID: Validation)
---  --------
mse  0.454713
---  --------
Running Evaluation...
Validation Result @ Iteration 80000; Milestone = 80 (Train)
---------  --------
mse_error  0.345501
---------  --------
Validation Result @ Iteration 80000; Milestone = 80 (ID: Validation)
---  --------
mse  0.452371
---  --------
Running Evaluation...
Validation Result @ Iteration 81000; Milestone = 81 (Train)
---------  --------
mse_error  0.347217
---------  --------
Validation Result @ Iteration 81000; Milestone = 81 (ID: Validation)
---  --------
mse  0.452069
---  --------
Running Evaluation...
Validation Result @ Iteration 82000; Milestone = 82 (Train)
---------  --------
mse_error  0.344045
---------  --------
Validation Result @ Iteration 82000; Milestone = 82 (ID: Validation)
---  --------
mse  0.452083
---  --------
Running Evaluation...
Validation Result @ Iteration 83000; Milestone = 83 (Train)
---------  --------
mse_error  0.348216
---------  --------
Validation Result @ Iteration 83000; Milestone = 83 (ID: Validation)
---  --------
mse  0.451706
---  --------
Running Evaluation...
Validation Result @ Iteration 84000; Milestone = 84 (Train)
---------  -------
mse_error  0.34872
---------  -------
Validation Result @ Iteration 84000; Milestone = 84 (ID: Validation)
---  --------
mse  0.454963
---  --------
Running Evaluation...
Validation Result @ Iteration 85000; Milestone = 85 (Train)
---------  --------
mse_error  0.345089
---------  --------
Validation Result @ Iteration 85000; Milestone = 85 (ID: Validation)
---  --------
mse  0.454138
---  --------
Running Evaluation...
Validation Result @ Iteration 86000; Milestone = 86 (Train)
---------  --------
mse_error  0.348796
---------  --------
Validation Result @ Iteration 86000; Milestone = 86 (ID: Validation)
---  -------
mse  0.45333
---  -------
Running Evaluation...
Validation Result @ Iteration 87000; Milestone = 87 (Train)
---------  --------
mse_error  0.348832
---------  --------
Validation Result @ Iteration 87000; Milestone = 87 (ID: Validation)
---  --------
mse  0.453519
---  --------
Running Evaluation...
Validation Result @ Iteration 88000; Milestone = 88 (Train)
---------  --------
mse_error  0.349335
---------  --------
Validation Result @ Iteration 88000; Milestone = 88 (ID: Validation)
---  --------
mse  0.452333
---  --------
Running Evaluation...
Validation Result @ Iteration 89000; Milestone = 89 (Train)
---------  --------
mse_error  0.346897
---------  --------
Validation Result @ Iteration 89000; Milestone = 89 (ID: Validation)
---  --------
mse  0.454141
---  --------
Running Evaluation...
Validation Result @ Iteration 90000; Milestone = 90 (Train)
---------  --------
mse_error  0.348156
---------  --------
Validation Result @ Iteration 90000; Milestone = 90 (ID: Validation)
---  -------
mse  0.45164
---  -------
Running Evaluation...
Validation Result @ Iteration 91000; Milestone = 91 (Train)
---------  --------
mse_error  0.349161
---------  --------
Validation Result @ Iteration 91000; Milestone = 91 (ID: Validation)
---  --------
mse  0.452393
---  --------
Running Evaluation...
Validation Result @ Iteration 92000; Milestone = 92 (Train)
---------  --------
mse_error  0.345518
---------  --------
Validation Result @ Iteration 92000; Milestone = 92 (ID: Validation)
---  --------
mse  0.453717
---  --------
Running Evaluation...
Validation Result @ Iteration 93000; Milestone = 93 (Train)
---------  --------
mse_error  0.346679
---------  --------
Validation Result @ Iteration 93000; Milestone = 93 (ID: Validation)
---  --------
mse  0.451099
---  --------
Running Evaluation...
Validation Result @ Iteration 94000; Milestone = 94 (Train)
---------  --------
mse_error  0.344502
---------  --------
Validation Result @ Iteration 94000; Milestone = 94 (ID: Validation)
---  --------
mse  0.453438
---  --------
Running Evaluation...
Validation Result @ Iteration 95000; Milestone = 95 (Train)
---------  --------
mse_error  0.347334
---------  --------
Validation Result @ Iteration 95000; Milestone = 95 (ID: Validation)
---  -------
mse  0.45387
---  -------
Running Evaluation...
Validation Result @ Iteration 96000; Milestone = 96 (Train)
---------  --------
mse_error  0.347649
---------  --------
Validation Result @ Iteration 96000; Milestone = 96 (ID: Validation)
---  --------
mse  0.453795
---  --------
Running Evaluation...
Validation Result @ Iteration 97000; Milestone = 97 (Train)
---------  --------
mse_error  0.344551
---------  --------
Validation Result @ Iteration 97000; Milestone = 97 (ID: Validation)
---  --------
mse  0.453025
---  --------
Running Evaluation...
Validation Result @ Iteration 98000; Milestone = 98 (Train)
---------  --------
mse_error  0.347897
---------  --------
Validation Result @ Iteration 98000; Milestone = 98 (ID: Validation)
---  --------
mse  0.454836
---  --------
Running Evaluation...
Validation Result @ Iteration 99000; Milestone = 99 (Train)
---------  --------
mse_error  0.346531
---------  --------
Validation Result @ Iteration 99000; Milestone = 99 (ID: Validation)
---  --------
mse  0.451029
---  --------
Running Evaluation...
Validation Result @ Iteration 100000; Milestone = 100 (Train)
---------  --------
mse_error  0.348905
---------  --------
Validation Result @ Iteration 100000; Milestone = 100 (ID: Validation)
---  -------
mse  0.45195
---  -------
training complete
Training completed!
Results saved to: results/ds_inverse/q201_baseline/results.json
Experiment completed at Thu Feb 19 05:38:56 EST 2026
Copying results to persistent storage...
sending incremental file list
ds_inverse/q201_baseline/
ds_inverse/q201_baseline/experiment_config.json
ds_inverse/q201_baseline/model-1.pt
ds_inverse/q201_baseline/model-10.pt
ds_inverse/q201_baseline/model-100.pt
ds_inverse/q201_baseline/model-11.pt
ds_inverse/q201_baseline/model-12.pt
ds_inverse/q201_baseline/model-13.pt
ds_inverse/q201_baseline/model-14.pt
ds_inverse/q201_baseline/model-15.pt
ds_inverse/q201_baseline/model-16.pt
ds_inverse/q201_baseline/model-17.pt
ds_inverse/q201_baseline/model-18.pt
ds_inverse/q201_baseline/model-19.pt
ds_inverse/q201_baseline/model-2.pt
ds_inverse/q201_baseline/model-20.pt
ds_inverse/q201_baseline/model-21.pt
ds_inverse/q201_baseline/model-22.pt
ds_inverse/q201_baseline/model-23.pt
ds_inverse/q201_baseline/model-24.pt
ds_inverse/q201_baseline/model-25.pt
ds_inverse/q201_baseline/model-26.pt
ds_inverse/q201_baseline/model-27.pt
ds_inverse/q201_baseline/model-28.pt
ds_inverse/q201_baseline/model-29.pt
ds_inverse/q201_baseline/model-3.pt
ds_inverse/q201_baseline/model-30.pt
ds_inverse/q201_baseline/model-31.pt
ds_inverse/q201_baseline/model-32.pt
ds_inverse/q201_baseline/model-33.pt
ds_inverse/q201_baseline/model-34.pt
ds_inverse/q201_baseline/model-35.pt
ds_inverse/q201_baseline/model-36.pt
ds_inverse/q201_baseline/model-37.pt
ds_inverse/q201_baseline/model-38.pt
ds_inverse/q201_baseline/model-39.pt
ds_inverse/q201_baseline/model-4.pt
ds_inverse/q201_baseline/model-40.pt
ds_inverse/q201_baseline/model-41.pt
ds_inverse/q201_baseline/model-42.pt
ds_inverse/q201_baseline/model-43.pt
ds_inverse/q201_baseline/model-44.pt
ds_inverse/q201_baseline/model-45.pt
ds_inverse/q201_baseline/model-46.pt
ds_inverse/q201_baseline/model-47.pt
ds_inverse/q201_baseline/model-48.pt
ds_inverse/q201_baseline/model-49.pt
ds_inverse/q201_baseline/model-5.pt
ds_inverse/q201_baseline/model-50.pt
ds_inverse/q201_baseline/model-51.pt
ds_inverse/q201_baseline/model-52.pt
ds_inverse/q201_baseline/model-53.pt
ds_inverse/q201_baseline/model-54.pt
ds_inverse/q201_baseline/model-55.pt
ds_inverse/q201_baseline/model-56.pt
ds_inverse/q201_baseline/model-57.pt
ds_inverse/q201_baseline/model-58.pt
ds_inverse/q201_baseline/model-59.pt
ds_inverse/q201_baseline/model-6.pt
ds_inverse/q201_baseline/model-60.pt
ds_inverse/q201_baseline/model-61.pt
ds_inverse/q201_baseline/model-62.pt
ds_inverse/q201_baseline/model-63.pt
ds_inverse/q201_baseline/model-64.pt
ds_inverse/q201_baseline/model-65.pt
ds_inverse/q201_baseline/model-66.pt
ds_inverse/q201_baseline/model-67.pt
ds_inverse/q201_baseline/model-68.pt
ds_inverse/q201_baseline/model-69.pt
ds_inverse/q201_baseline/model-7.pt
ds_inverse/q201_baseline/model-70.pt
ds_inverse/q201_baseline/model-71.pt
ds_inverse/q201_baseline/model-72.pt
ds_inverse/q201_baseline/model-73.pt
ds_inverse/q201_baseline/model-74.pt
ds_inverse/q201_baseline/model-75.pt
ds_inverse/q201_baseline/model-76.pt
ds_inverse/q201_baseline/model-77.pt
ds_inverse/q201_baseline/model-78.pt
ds_inverse/q201_baseline/model-79.pt
ds_inverse/q201_baseline/model-8.pt
ds_inverse/q201_baseline/model-80.pt
ds_inverse/q201_baseline/model-81.pt
ds_inverse/q201_baseline/model-82.pt
ds_inverse/q201_baseline/model-83.pt
ds_inverse/q201_baseline/model-84.pt
ds_inverse/q201_baseline/model-85.pt
ds_inverse/q201_baseline/model-86.pt
ds_inverse/q201_baseline/model-87.pt
ds_inverse/q201_baseline/model-88.pt
ds_inverse/q201_baseline/model-89.pt
ds_inverse/q201_baseline/model-9.pt
ds_inverse/q201_baseline/model-90.pt
ds_inverse/q201_baseline/model-91.pt
ds_inverse/q201_baseline/model-92.pt
ds_inverse/q201_baseline/model-93.pt
ds_inverse/q201_baseline/model-94.pt
ds_inverse/q201_baseline/model-95.pt
ds_inverse/q201_baseline/model-96.pt
ds_inverse/q201_baseline/model-97.pt
ds_inverse/q201_baseline/model-98.pt
ds_inverse/q201_baseline/model-99.pt
ds_inverse/q201_baseline/results.json

sent 2,305,076,809 bytes  received 1,959 bytes  75,576,353.05 bytes/sec
total size is 2,304,507,738  speedup is 1.00
Results copied to /n/home03/mkrasnow/research-repo/projects/ired/results/
Cleaning up work directory...
