Job started at Sun Jan 25 12:57:39 EST 2026
Running on host: holygpu8a22604.rc.fas.harvard.edu
Job ID: 56821817 (Array Job ID: 56602475, Task ID: 4)
Seed: 4
Git URL: https://github.com/mdkrasnow/research-repo.git
Git SHA: fef884935d71901bd0658b2ecc73b88b9a3f8ca3
Work directory: /tmp/ired-job-56821817
GPU info:
Sun Jan 25 12:57:39 2026       
+-----------------------------------------------------------------------------------------+
| NVIDIA-SMI 575.57.08              Driver Version: 575.57.08      CUDA Version: 12.9     |
|-----------------------------------------+------------------------+----------------------+
| GPU  Name                 Persistence-M | Bus-Id          Disp.A | Volatile Uncorr. ECC |
| Fan  Temp   Perf          Pwr:Usage/Cap |           Memory-Usage | GPU-Util  Compute M. |
|                                         |                        |               MIG M. |
|=========================================+========================+======================|
|   0  NVIDIA A100-SXM4-80GB          On  |   00000000:4B:00.0 Off |                    0 |
| N/A   26C    P0             58W /  500W |       0MiB /  81920MiB |      0%      Default |
|                                         |                        |             Disabled |
+-----------------------------------------+------------------------+----------------------+
                                                                                         
+-----------------------------------------------------------------------------------------+
| Processes:                                                                              |
|  GPU   GI   CI              PID   Type   Process name                        GPU Memory |
|        ID   ID                                                               Usage      |
|=========================================================================================|
|  No running processes found                                                             |
+-----------------------------------------------------------------------------------------+
Cloning repository...
Repository cloned and checked out to: fef8849
Repository info:
fef8849 reorg
Starting matrix inversion with random mining and seed 4...
Loading configuration from: projects/ired/configs/q102_multiseed_random.json
Configuration saved to: results/ds_inverse/q102_seed4/experiment_config.json
Setting random seed: 4
Starting experiment with mining strategy: random
Configuration: {
  "experiment_name": "q102_multiseed_random",
  "description": "Multi-seed random mining validation - seeds 0-9",
  "mining_strategy": "random",
  "rank": 20,
  "ood": false,
  "diffusion_steps": 10,
  "batch_size": 2048,
  "train_steps": 100000,
  "learning_rate": 0.0001,
  "seed": 4,
  "output_dir": "results/ds_inverse/q102_seed4",
  "notes": "Random negative mining strategy. This config will be used with SLURM array jobs where seed is overridden by SLURM_ARRAY_TASK_ID."
}
Dataset: Inverse matrices (20x20)
Input dimension: 400, Output dimension: 400
Trainer initialized. Output directory: results/ds_inverse/q102_seed4
Training for 100000 steps...
Running Evaluation...
Validation Result @ Iteration 1000; Milestone = 1 (Train)
---------  -------
mse_error  1.91331
---------  -------
Validation Result @ Iteration 1000; Milestone = 1 (ID: Validation)
---  ------
mse  1.9129
---  ------
Running Evaluation...
Validation Result @ Iteration 2000; Milestone = 2 (Train)
---------  -------
mse_error  1.20076
---------  -------
Validation Result @ Iteration 2000; Milestone = 2 (ID: Validation)
---  -------
mse  1.20278
---  -------
Running Evaluation...
Validation Result @ Iteration 3000; Milestone = 3 (Train)
---------  --------
mse_error  0.807794
---------  --------
Validation Result @ Iteration 3000; Milestone = 3 (ID: Validation)
---  --------
mse  0.799047
---  --------
Running Evaluation...
Validation Result @ Iteration 4000; Milestone = 4 (Train)
---------  --------
mse_error  0.526676
---------  --------
Validation Result @ Iteration 4000; Milestone = 4 (ID: Validation)
---  --------
mse  0.506413
---  --------
Running Evaluation...
Validation Result @ Iteration 5000; Milestone = 5 (Train)
---------  --------
mse_error  0.243331
---------  --------
Validation Result @ Iteration 5000; Milestone = 5 (ID: Validation)
---  --------
mse  0.241371
---  --------
Running Evaluation...
Validation Result @ Iteration 6000; Milestone = 6 (Train)
---------  ---------
mse_error  0.0882725
---------  ---------
Validation Result @ Iteration 6000; Milestone = 6 (ID: Validation)
---  ---------
mse  0.0805377
---  ---------
Running Evaluation...
Validation Result @ Iteration 7000; Milestone = 7 (Train)
---------  ---------
mse_error  0.0258314
---------  ---------
Validation Result @ Iteration 7000; Milestone = 7 (ID: Validation)
---  ---------
mse  0.0226508
---  ---------
Running Evaluation...
Validation Result @ Iteration 8000; Milestone = 8 (Train)
---------  ---------
mse_error  0.0122543
---------  ---------
Validation Result @ Iteration 8000; Milestone = 8 (ID: Validation)
---  ---------
mse  0.0133589
---  ---------
Running Evaluation...
Validation Result @ Iteration 9000; Milestone = 9 (Train)
---------  ---------
mse_error  0.0106509
---------  ---------
Validation Result @ Iteration 9000; Milestone = 9 (ID: Validation)
---  ---------
mse  0.0112208
---  ---------
Running Evaluation...
Validation Result @ Iteration 10000; Milestone = 10 (Train)
---------  ----------
mse_error  0.00989217
---------  ----------
Validation Result @ Iteration 10000; Milestone = 10 (ID: Validation)
---  ---------
mse  0.0102797
---  ---------
Running Evaluation...
Validation Result @ Iteration 11000; Milestone = 11 (Train)
---------  ---------
mse_error  0.0100707
---------  ---------
Validation Result @ Iteration 11000; Milestone = 11 (ID: Validation)
---  ----------
mse  0.00995414
---  ----------
Running Evaluation...
Validation Result @ Iteration 12000; Milestone = 12 (Train)
---------  ----------
mse_error  0.00972985
---------  ----------
Validation Result @ Iteration 12000; Milestone = 12 (ID: Validation)
---  ----------
mse  0.00983288
---  ----------
Running Evaluation...
Validation Result @ Iteration 13000; Milestone = 13 (Train)
---------  ----------
mse_error  0.00968879
---------  ----------
Validation Result @ Iteration 13000; Milestone = 13 (ID: Validation)
---  ----------
mse  0.00976891
---  ----------
Running Evaluation...
Validation Result @ Iteration 14000; Milestone = 14 (Train)
---------  ----------
mse_error  0.00970442
---------  ----------
Validation Result @ Iteration 14000; Milestone = 14 (ID: Validation)
---  ----------
mse  0.00973785
---  ----------
Running Evaluation...
Validation Result @ Iteration 15000; Milestone = 15 (Train)
---------  ----------
mse_error  0.00968151
---------  ----------
Validation Result @ Iteration 15000; Milestone = 15 (ID: Validation)
---  ----------
mse  0.00986214
---  ----------
Running Evaluation...
Validation Result @ Iteration 16000; Milestone = 16 (Train)
---------  ----------
mse_error  0.00969505
---------  ----------
Validation Result @ Iteration 16000; Milestone = 16 (ID: Validation)
---  ---------
mse  0.0096555
---  ---------
Running Evaluation...
Validation Result @ Iteration 17000; Milestone = 17 (Train)
---------  ----------
mse_error  0.00966785
---------  ----------
Validation Result @ Iteration 17000; Milestone = 17 (ID: Validation)
---  ----------
mse  0.00964709
---  ----------
Running Evaluation...
Validation Result @ Iteration 18000; Milestone = 18 (Train)
---------  ----------
mse_error  0.00969233
---------  ----------
Validation Result @ Iteration 18000; Milestone = 18 (ID: Validation)
---  ----------
mse  0.00967859
---  ----------
Running Evaluation...
Validation Result @ Iteration 19000; Milestone = 19 (Train)
---------  ----------
mse_error  0.00969047
---------  ----------
Validation Result @ Iteration 19000; Milestone = 19 (ID: Validation)
---  ----------
mse  0.00964444
---  ----------
Running Evaluation...
Validation Result @ Iteration 20000; Milestone = 20 (Train)
---------  ----------
mse_error  0.00989571
---------  ----------
Validation Result @ Iteration 20000; Milestone = 20 (ID: Validation)
---  ----------
mse  0.00974582
---  ----------
Running Evaluation...
Validation Result @ Iteration 21000; Milestone = 21 (Train)
---------  ----------
mse_error  0.00967165
---------  ----------
Validation Result @ Iteration 21000; Milestone = 21 (ID: Validation)
---  ----------
mse  0.00966934
---  ----------
Running Evaluation...
Validation Result @ Iteration 22000; Milestone = 22 (Train)
---------  ----------
mse_error  0.00966926
---------  ----------
Validation Result @ Iteration 22000; Milestone = 22 (ID: Validation)
---  ----------
mse  0.00970565
---  ----------
Running Evaluation...
Validation Result @ Iteration 23000; Milestone = 23 (Train)
---------  ----------
mse_error  0.00959271
---------  ----------
Validation Result @ Iteration 23000; Milestone = 23 (ID: Validation)
---  ----------
mse  0.00972112
---  ----------
Running Evaluation...
Validation Result @ Iteration 24000; Milestone = 24 (Train)
---------  ---------
mse_error  0.0096143
---------  ---------
Validation Result @ Iteration 24000; Milestone = 24 (ID: Validation)
---  ----------
mse  0.00967677
---  ----------
Running Evaluation...
Validation Result @ Iteration 25000; Milestone = 25 (Train)
---------  ----------
mse_error  0.00972305
---------  ----------
Validation Result @ Iteration 25000; Milestone = 25 (ID: Validation)
---  ----------
mse  0.00975541
---  ----------
Running Evaluation...
Validation Result @ Iteration 26000; Milestone = 26 (Train)
---------  ----------
mse_error  0.00994766
---------  ----------
Validation Result @ Iteration 26000; Milestone = 26 (ID: Validation)
---  ----------
mse  0.00977796
---  ----------
Running Evaluation...
Validation Result @ Iteration 27000; Milestone = 27 (Train)
---------  ----------
mse_error  0.00968986
---------  ----------
Validation Result @ Iteration 27000; Milestone = 27 (ID: Validation)
---  ----------
mse  0.00968571
---  ----------
Running Evaluation...
Validation Result @ Iteration 28000; Milestone = 28 (Train)
---------  ----------
mse_error  0.00968766
---------  ----------
Validation Result @ Iteration 28000; Milestone = 28 (ID: Validation)
---  ----------
mse  0.00972936
---  ----------
Running Evaluation...
Validation Result @ Iteration 29000; Milestone = 29 (Train)
---------  ----------
mse_error  0.00965222
---------  ----------
Validation Result @ Iteration 29000; Milestone = 29 (ID: Validation)
---  ----------
mse  0.00969284
---  ----------
Running Evaluation...
Validation Result @ Iteration 30000; Milestone = 30 (Train)
---------  ----------
mse_error  0.00970275
---------  ----------
Validation Result @ Iteration 30000; Milestone = 30 (ID: Validation)
---  ----------
mse  0.00965682
---  ----------
Running Evaluation...
Validation Result @ Iteration 31000; Milestone = 31 (Train)
---------  ----------
mse_error  0.00964218
---------  ----------
Validation Result @ Iteration 31000; Milestone = 31 (ID: Validation)
---  ----------
mse  0.00989724
---  ----------
Running Evaluation...
Validation Result @ Iteration 32000; Milestone = 32 (Train)
---------  ----------
mse_error  0.00968468
---------  ----------
Validation Result @ Iteration 32000; Milestone = 32 (ID: Validation)
---  ----------
mse  0.00978091
---  ----------
Running Evaluation...
Validation Result @ Iteration 33000; Milestone = 33 (Train)
---------  ----------
mse_error  0.00973567
---------  ----------
Validation Result @ Iteration 33000; Milestone = 33 (ID: Validation)
---  ----------
mse  0.00969106
---  ----------
Running Evaluation...
Validation Result @ Iteration 34000; Milestone = 34 (Train)
---------  ----------
mse_error  0.00963953
---------  ----------
Validation Result @ Iteration 34000; Milestone = 34 (ID: Validation)
---  ----------
mse  0.00975507
---  ----------
Running Evaluation...
Validation Result @ Iteration 35000; Milestone = 35 (Train)
---------  ----------
mse_error  0.00966351
---------  ----------
Validation Result @ Iteration 35000; Milestone = 35 (ID: Validation)
---  ----------
mse  0.00986652
---  ----------
Running Evaluation...
Validation Result @ Iteration 36000; Milestone = 36 (Train)
---------  ----------
mse_error  0.00994267
---------  ----------
Validation Result @ Iteration 36000; Milestone = 36 (ID: Validation)
---  ----------
mse  0.00965498
---  ----------
Running Evaluation...
Validation Result @ Iteration 37000; Milestone = 37 (Train)
---------  ----------
mse_error  0.00968759
---------  ----------
Validation Result @ Iteration 37000; Milestone = 37 (ID: Validation)
---  ----------
mse  0.00965197
---  ----------
Running Evaluation...
Validation Result @ Iteration 38000; Milestone = 38 (Train)
---------  ----------
mse_error  0.00967345
---------  ----------
Validation Result @ Iteration 38000; Milestone = 38 (ID: Validation)
---  ----------
mse  0.00988818
---  ----------
Running Evaluation...
Validation Result @ Iteration 39000; Milestone = 39 (Train)
---------  ----------
mse_error  0.00972001
---------  ----------
Validation Result @ Iteration 39000; Milestone = 39 (ID: Validation)
---  ----------
mse  0.00971524
---  ----------
Running Evaluation...
Validation Result @ Iteration 40000; Milestone = 40 (Train)
---------  ----------
mse_error  0.00970859
---------  ----------
Validation Result @ Iteration 40000; Milestone = 40 (ID: Validation)
---  ----------
mse  0.00982008
---  ----------
Running Evaluation...
Validation Result @ Iteration 41000; Milestone = 41 (Train)
---------  ----------
mse_error  0.00976135
---------  ----------
Validation Result @ Iteration 41000; Milestone = 41 (ID: Validation)
---  ----------
mse  0.00977937
---  ----------
Running Evaluation...
Validation Result @ Iteration 42000; Milestone = 42 (Train)
---------  ----------
mse_error  0.00965159
---------  ----------
Validation Result @ Iteration 42000; Milestone = 42 (ID: Validation)
---  ----------
mse  0.00979045
---  ----------
Running Evaluation...
Validation Result @ Iteration 43000; Milestone = 43 (Train)
---------  ----------
mse_error  0.00965988
---------  ----------
Validation Result @ Iteration 43000; Milestone = 43 (ID: Validation)
---  ---------
mse  0.0097085
---  ---------
Running Evaluation...
Validation Result @ Iteration 44000; Milestone = 44 (Train)
---------  ----------
mse_error  0.00964828
---------  ----------
Validation Result @ Iteration 44000; Milestone = 44 (ID: Validation)
---  ----------
mse  0.00972672
---  ----------
Running Evaluation...
Validation Result @ Iteration 45000; Milestone = 45 (Train)
---------  ----------
mse_error  0.00964449
---------  ----------
Validation Result @ Iteration 45000; Milestone = 45 (ID: Validation)
---  ----------
mse  0.00988419
---  ----------
Running Evaluation...
Validation Result @ Iteration 46000; Milestone = 46 (Train)
---------  ----------
mse_error  0.00962926
---------  ----------
Validation Result @ Iteration 46000; Milestone = 46 (ID: Validation)
---  ---------
mse  0.0096874
---  ---------
Running Evaluation...
Validation Result @ Iteration 47000; Milestone = 47 (Train)
---------  ----------
mse_error  0.00973673
---------  ----------
Validation Result @ Iteration 47000; Milestone = 47 (ID: Validation)
---  ----------
mse  0.00970743
---  ----------
Running Evaluation...
Validation Result @ Iteration 48000; Milestone = 48 (Train)
---------  ----------
mse_error  0.00970132
---------  ----------
Validation Result @ Iteration 48000; Milestone = 48 (ID: Validation)
---  ----------
mse  0.00969167
---  ----------
Running Evaluation...
Validation Result @ Iteration 49000; Milestone = 49 (Train)
---------  ----------
mse_error  0.00970053
---------  ----------
Validation Result @ Iteration 49000; Milestone = 49 (ID: Validation)
---  ----------
mse  0.00971026
---  ----------
Running Evaluation...
Validation Result @ Iteration 50000; Milestone = 50 (Train)
---------  ----------
mse_error  0.00966538
---------  ----------
Validation Result @ Iteration 50000; Milestone = 50 (ID: Validation)
---  ----------
mse  0.00973627
---  ----------
Running Evaluation...
Validation Result @ Iteration 51000; Milestone = 51 (Train)
---------  ----------
mse_error  0.00970831
---------  ----------
Validation Result @ Iteration 51000; Milestone = 51 (ID: Validation)
---  ---------
mse  0.0097225
---  ---------
Running Evaluation...
Validation Result @ Iteration 52000; Milestone = 52 (Train)
---------  ----------
mse_error  0.00969346
---------  ----------
Validation Result @ Iteration 52000; Milestone = 52 (ID: Validation)
---  ----------
mse  0.00963833
---  ----------
Running Evaluation...
Validation Result @ Iteration 53000; Milestone = 53 (Train)
---------  ---------
mse_error  0.0097076
---------  ---------
Validation Result @ Iteration 53000; Milestone = 53 (ID: Validation)
---  ----------
mse  0.00976516
---  ----------
Running Evaluation...
Validation Result @ Iteration 54000; Milestone = 54 (Train)
---------  ----------
mse_error  0.00969222
---------  ----------
Validation Result @ Iteration 54000; Milestone = 54 (ID: Validation)
---  ----------
mse  0.00967782
---  ----------
Running Evaluation...
Validation Result @ Iteration 55000; Milestone = 55 (Train)
---------  ----------
mse_error  0.00965585
---------  ----------
Validation Result @ Iteration 55000; Milestone = 55 (ID: Validation)
---  ---------
mse  0.0098502
---  ---------
Running Evaluation...
Validation Result @ Iteration 56000; Milestone = 56 (Train)
---------  ----------
mse_error  0.00963773
---------  ----------
Validation Result @ Iteration 56000; Milestone = 56 (ID: Validation)
---  ----------
mse  0.00970299
---  ----------
Running Evaluation...
Validation Result @ Iteration 57000; Milestone = 57 (Train)
---------  ----------
mse_error  0.00994557
---------  ----------
Validation Result @ Iteration 57000; Milestone = 57 (ID: Validation)
---  ----------
mse  0.00971676
---  ----------
Running Evaluation...
Validation Result @ Iteration 58000; Milestone = 58 (Train)
---------  ---------
mse_error  0.0097022
---------  ---------
Validation Result @ Iteration 58000; Milestone = 58 (ID: Validation)
---  ----------
mse  0.00970423
---  ----------
Running Evaluation...
Validation Result @ Iteration 59000; Milestone = 59 (Train)
---------  ----------
mse_error  0.00972987
---------  ----------
Validation Result @ Iteration 59000; Milestone = 59 (ID: Validation)
---  ----------
mse  0.00967556
---  ----------
Running Evaluation...
Validation Result @ Iteration 60000; Milestone = 60 (Train)
---------  ---------
mse_error  0.0096701
---------  ---------
Validation Result @ Iteration 60000; Milestone = 60 (ID: Validation)
---  ----------
mse  0.00969905
---  ----------
Running Evaluation...
Validation Result @ Iteration 61000; Milestone = 61 (Train)
---------  ----------
mse_error  0.00968374
---------  ----------
Validation Result @ Iteration 61000; Milestone = 61 (ID: Validation)
---  ----------
mse  0.00973628
---  ----------
Running Evaluation...
Validation Result @ Iteration 62000; Milestone = 62 (Train)
---------  ----------
mse_error  0.00961006
---------  ----------
Validation Result @ Iteration 62000; Milestone = 62 (ID: Validation)
---  ----------
mse  0.00987094
---  ----------
Running Evaluation...
Validation Result @ Iteration 63000; Milestone = 63 (Train)
---------  ----------
mse_error  0.00968468
---------  ----------
Validation Result @ Iteration 63000; Milestone = 63 (ID: Validation)
---  ---------
mse  0.0096947
---  ---------
Running Evaluation...
Validation Result @ Iteration 64000; Milestone = 64 (Train)
---------  ----------
mse_error  0.00966595
---------  ----------
Validation Result @ Iteration 64000; Milestone = 64 (ID: Validation)
---  ----------
mse  0.00972513
---  ----------
Running Evaluation...
Validation Result @ Iteration 65000; Milestone = 65 (Train)
---------  ----------
mse_error  0.00974335
---------  ----------
Validation Result @ Iteration 65000; Milestone = 65 (ID: Validation)
---  ----------
mse  0.00974767
---  ----------
Running Evaluation...
Validation Result @ Iteration 66000; Milestone = 66 (Train)
---------  ----------
mse_error  0.00968146
---------  ----------
Validation Result @ Iteration 66000; Milestone = 66 (ID: Validation)
---  ---------
mse  0.0097848
---  ---------
Running Evaluation...
Validation Result @ Iteration 67000; Milestone = 67 (Train)
---------  ----------
mse_error  0.00995056
---------  ----------
Validation Result @ Iteration 67000; Milestone = 67 (ID: Validation)
---  ----------
mse  0.00967075
---  ----------
Running Evaluation...
Validation Result @ Iteration 68000; Milestone = 68 (Train)
---------  ----------
mse_error  0.00972759
---------  ----------
Validation Result @ Iteration 68000; Milestone = 68 (ID: Validation)
---  ----------
mse  0.00971191
---  ----------
Running Evaluation...
Validation Result @ Iteration 69000; Milestone = 69 (Train)
---------  ----------
mse_error  0.00963469
---------  ----------
Validation Result @ Iteration 69000; Milestone = 69 (ID: Validation)
---  ----------
mse  0.00965333
---  ----------
Running Evaluation...
Validation Result @ Iteration 70000; Milestone = 70 (Train)
---------  ----------
mse_error  0.00957634
---------  ----------
Validation Result @ Iteration 70000; Milestone = 70 (ID: Validation)
---  ---------
mse  0.0097119
---  ---------
Running Evaluation...
Validation Result @ Iteration 71000; Milestone = 71 (Train)
---------  ----------
mse_error  0.00964204
---------  ----------
Validation Result @ Iteration 71000; Milestone = 71 (ID: Validation)
---  ----------
mse  0.00976926
---  ----------
Running Evaluation...
Validation Result @ Iteration 72000; Milestone = 72 (Train)
---------  ----------
mse_error  0.00971633
---------  ----------
Validation Result @ Iteration 72000; Milestone = 72 (ID: Validation)
---  ----------
mse  0.00972131
---  ----------
Running Evaluation...
Validation Result @ Iteration 73000; Milestone = 73 (Train)
---------  ---------
mse_error  0.0096814
---------  ---------
Validation Result @ Iteration 73000; Milestone = 73 (ID: Validation)
---  ----------
mse  0.00968082
---  ----------
Running Evaluation...
Validation Result @ Iteration 74000; Milestone = 74 (Train)
---------  ----------
mse_error  0.00970595
---------  ----------
Validation Result @ Iteration 74000; Milestone = 74 (ID: Validation)
---  ---------
mse  0.0096689
---  ---------
Running Evaluation...
Validation Result @ Iteration 75000; Milestone = 75 (Train)
---------  ----------
mse_error  0.00970089
---------  ----------
Validation Result @ Iteration 75000; Milestone = 75 (ID: Validation)
---  ----------
mse  0.00979143
---  ----------
Running Evaluation...
Validation Result @ Iteration 76000; Milestone = 76 (Train)
---------  ----------
mse_error  0.00969394
---------  ----------
Validation Result @ Iteration 76000; Milestone = 76 (ID: Validation)
---  ----------
mse  0.00966919
---  ----------
Running Evaluation...
Validation Result @ Iteration 77000; Milestone = 77 (Train)
---------  ----------
mse_error  0.00995853
---------  ----------
Validation Result @ Iteration 77000; Milestone = 77 (ID: Validation)
---  ----------
mse  0.00980133
---  ----------
Running Evaluation...
Validation Result @ Iteration 78000; Milestone = 78 (Train)
---------  ----------
mse_error  0.00964727
---------  ----------
Validation Result @ Iteration 78000; Milestone = 78 (ID: Validation)
---  ----------
mse  0.00967725
---  ----------
Running Evaluation...
Validation Result @ Iteration 79000; Milestone = 79 (Train)
---------  ----------
mse_error  0.00968281
---------  ----------
Validation Result @ Iteration 79000; Milestone = 79 (ID: Validation)
---  ----------
mse  0.00974514
---  ----------
Running Evaluation...
Validation Result @ Iteration 80000; Milestone = 80 (Train)
---------  ----------
mse_error  0.00992155
---------  ----------
Validation Result @ Iteration 80000; Milestone = 80 (ID: Validation)
---  ----------
mse  0.00976674
---  ----------
Running Evaluation...
Validation Result @ Iteration 81000; Milestone = 81 (Train)
---------  ----------
mse_error  0.00965946
---------  ----------
Validation Result @ Iteration 81000; Milestone = 81 (ID: Validation)
---  ----------
mse  0.00974748
---  ----------
Running Evaluation...
Validation Result @ Iteration 82000; Milestone = 82 (Train)
---------  ----------
mse_error  0.00972607
---------  ----------
Validation Result @ Iteration 82000; Milestone = 82 (ID: Validation)
---  ----------
mse  0.00990523
---  ----------
Running Evaluation...
Validation Result @ Iteration 83000; Milestone = 83 (Train)
---------  ----------
mse_error  0.00966815
---------  ----------
Validation Result @ Iteration 83000; Milestone = 83 (ID: Validation)
---  ----------
mse  0.00964783
---  ----------
Running Evaluation...
Validation Result @ Iteration 84000; Milestone = 84 (Train)
---------  ----------
mse_error  0.00966442
---------  ----------
Validation Result @ Iteration 84000; Milestone = 84 (ID: Validation)
---  ----------
mse  0.00972907
---  ----------
Running Evaluation...
Validation Result @ Iteration 85000; Milestone = 85 (Train)
---------  ----------
mse_error  0.00965631
---------  ----------
Validation Result @ Iteration 85000; Milestone = 85 (ID: Validation)
---  ----------
mse  0.00964162
---  ----------
Running Evaluation...
Validation Result @ Iteration 86000; Milestone = 86 (Train)
---------  ----------
mse_error  0.00971914
---------  ----------
Validation Result @ Iteration 86000; Milestone = 86 (ID: Validation)
---  ----------
mse  0.00979285
---  ----------
Running Evaluation...
Validation Result @ Iteration 87000; Milestone = 87 (Train)
---------  ----------
mse_error  0.00975438
---------  ----------
Validation Result @ Iteration 87000; Milestone = 87 (ID: Validation)
---  ----------
mse  0.00971775
---  ----------
Running Evaluation...
Validation Result @ Iteration 88000; Milestone = 88 (Train)
---------  ----------
mse_error  0.00970882
---------  ----------
Validation Result @ Iteration 88000; Milestone = 88 (ID: Validation)
---  ----------
mse  0.00970353
---  ----------
Running Evaluation...
Validation Result @ Iteration 89000; Milestone = 89 (Train)
---------  ----------
mse_error  0.00969824
---------  ----------
Validation Result @ Iteration 89000; Milestone = 89 (ID: Validation)
---  ----------
mse  0.00965663
---  ----------
Running Evaluation...
Validation Result @ Iteration 90000; Milestone = 90 (Train)
---------  ----------
mse_error  0.00970999
---------  ----------
Validation Result @ Iteration 90000; Milestone = 90 (ID: Validation)
---  --------
mse  0.009646
---  --------
Running Evaluation...
Validation Result @ Iteration 91000; Milestone = 91 (Train)
---------  ---------
mse_error  0.0097138
---------  ---------
Validation Result @ Iteration 91000; Milestone = 91 (ID: Validation)
---  ----------
mse  0.00966768
---  ----------
Running Evaluation...
Validation Result @ Iteration 92000; Milestone = 92 (Train)
---------  ----------
mse_error  0.00966384
---------  ----------
Validation Result @ Iteration 92000; Milestone = 92 (ID: Validation)
---  ---------
mse  0.0097824
---  ---------
Running Evaluation...
Validation Result @ Iteration 93000; Milestone = 93 (Train)
---------  ----------
mse_error  0.00970562
---------  ----------
Validation Result @ Iteration 93000; Milestone = 93 (ID: Validation)
---  ----------
mse  0.00977379
---  ----------
Running Evaluation...
Validation Result @ Iteration 94000; Milestone = 94 (Train)
---------  ----------
mse_error  0.00991495
---------  ----------
Validation Result @ Iteration 94000; Milestone = 94 (ID: Validation)
---  ----------
mse  0.00985121
---  ----------
Running Evaluation...
Validation Result @ Iteration 95000; Milestone = 95 (Train)
---------  ----------
mse_error  0.00959214
---------  ----------
Validation Result @ Iteration 95000; Milestone = 95 (ID: Validation)
---  ----------
mse  0.00980088
---  ----------
Running Evaluation...
Validation Result @ Iteration 96000; Milestone = 96 (Train)
---------  ---------
mse_error  0.0096829
---------  ---------
Validation Result @ Iteration 96000; Milestone = 96 (ID: Validation)
---  ----------
mse  0.00968012
---  ----------
Running Evaluation...
Validation Result @ Iteration 97000; Milestone = 97 (Train)
---------  ----------
mse_error  0.00995683
---------  ----------
Validation Result @ Iteration 97000; Milestone = 97 (ID: Validation)
---  ----------
mse  0.00981919
---  ----------
Running Evaluation...
Validation Result @ Iteration 98000; Milestone = 98 (Train)
---------  ----------
mse_error  0.00970855
---------  ----------
Validation Result @ Iteration 98000; Milestone = 98 (ID: Validation)
---  ----------
mse  0.00971565
---  ----------
Running Evaluation...
Validation Result @ Iteration 99000; Milestone = 99 (Train)
---------  ----------
mse_error  0.00973307
---------  ----------
Validation Result @ Iteration 99000; Milestone = 99 (ID: Validation)
---  ----------
mse  0.00965217
---  ----------
Running Evaluation...
Validation Result @ Iteration 100000; Milestone = 100 (Train)
---------  ----------
mse_error  0.00971078
---------  ----------
Validation Result @ Iteration 100000; Milestone = 100 (ID: Validation)
---  ----------
mse  0.00966493
---  ----------
training complete
Training completed!
Results saved to: results/ds_inverse/q102_seed4/results.json
Experiment completed at Sun Jan 25 14:34:18 EST 2026
Copying results to persistent storage...
sending incremental file list
./
summary.md
test_run/
test_run/experiment_config.json

sent 2,490 bytes  received 69 bytes  5,118.00 bytes/sec
total size is 2,227  speedup is 0.87
Results copied to /n/home03/mkrasnow/research-repo/projects/ired/results/
Cleaning up work directory...
