Job started at Wed Feb 18 23:47:18 EST 2026
Running on host: holygpu8a22303.rc.fas.harvard.edu
Job ID: 61098738
Git URL: https://github.com/mdkrasnow/research-repo.git
Git SHA: b4dc8f44962e76570545f4e364fcfc7d212b8094
Work directory: /tmp/ired-job-61098738
GPU info:
Wed Feb 18 23:47:18 2026       
+-----------------------------------------------------------------------------------------+
| NVIDIA-SMI 575.57.08              Driver Version: 575.57.08      CUDA Version: 12.9     |
|-----------------------------------------+------------------------+----------------------+
| GPU  Name                 Persistence-M | Bus-Id          Disp.A | Volatile Uncorr. ECC |
| Fan  Temp   Perf          Pwr:Usage/Cap |           Memory-Usage | GPU-Util  Compute M. |
|                                         |                        |               MIG M. |
|=========================================+========================+======================|
|   0  NVIDIA A100-SXM4-80GB          On  |   00000000:CA:00.0 Off |                    0 |
| N/A   27C    P0             60W /  500W |       0MiB /  81920MiB |      0%      Default |
|                                         |                        |             Disabled |
+-----------------------------------------+------------------------+----------------------+
                                                                                         
+-----------------------------------------------------------------------------------------+
| Processes:                                                                              |
|  GPU   GI   CI              PID   Type   Process name                        GPU Memory |
|        ID   ID                                                               Usage      |
|=========================================================================================|
|  No running processes found                                                             |
+-----------------------------------------------------------------------------------------+
Cloning repository...
Repository cloned and checked out to: b4dc8f4
Repository info:
b4dc8f4 Fix critical broadcasting bug in IRED-CD energy loss
Starting IRED-CD Stage 3 (Full: CD + Langevin + Replay + Residual filter + Schedule)...
Loading configuration from: projects/ired/configs/q204_cd_full.json
Configuration saved to: results/ds_inverse/q204_cd_full/experiment_config.json
Setting random seed: 1
Starting experiment with mining strategy: cd_full
Configuration: {
  "experiment_name": "q204_cd_full",
  "description": "IRED-CD Investigation - Stage 3: Full implementation (CD + Langevin + Replay + Residual filter + Schedule)",
  "investigation": "ired-cd",
  "ablation_stage": "cd_full",
  "mining_strategy": "cd_full",
  "rank": 20,
  "ood": false,
  "diffusion_steps": 10,
  "batch_size": 2048,
  "train_steps": 100000,
  "learning_rate": 0.0001,
  "mining_opt_steps": 10,
  "energy_reg_weight": 0.1,
  "mining_noise_scale": 1.5,
  "langevin_sigma_multiplier": 1.0,
  "langevin_grad_clip": 0.01,
  "use_langevin": true,
  "use_replay_buffer": true,
  "replay_buffer_size": 10000,
  "replay_buffer_buckets": 16,
  "replay_sample_prob": 0.95,
  "use_cd_loss": true,
  "use_residual_filter": true,
  "residual_filter_quantile": 0.3,
  "use_energy_schedule": true,
  "use_timestep_range": true,
  "energy_loss_warmup_steps": 20000,
  "energy_loss_max_weight": 0.05,
  "energy_loss_timestep_range": [
    0.2,
    0.8
  ],
  "adam_betas": [
    0.0,
    0.999
  ],
  "output_dir": "results/ds_inverse/q204_cd_full",
  "notes": "Ablation 3 (FULL): All features enabled. Residual filtering (tau=30th percentile) prevents false negatives. Energy schedule (warmup 20K steps, max_weight=0.05). Timestep range filtering [0.2T, 0.8T]. Should have best shot at beating baseline MSE.",
  "seed": 1
}
Dataset: Inverse matrices (20x20)
Input dimension: 400, Output dimension: 400
Trainer initialized. Output directory: results/ds_inverse/q204_cd_full
Training for 100000 steps...
Running Evaluation...
Validation Result @ Iteration 1000; Milestone = 1 (Train)
---------  -------
mse_error  3.87147
---------  -------
Validation Result @ Iteration 1000; Milestone = 1 (ID: Validation)
---  -------
mse  3.75549
---  -------
Running Evaluation...
Validation Result @ Iteration 2000; Milestone = 2 (Train)
---------  -------
mse_error  3.86381
---------  -------
Validation Result @ Iteration 2000; Milestone = 2 (ID: Validation)
---  -------
mse  3.70644
---  -------
Running Evaluation...
Validation Result @ Iteration 3000; Milestone = 3 (Train)
---------  -------
mse_error  3.86353
---------  -------
Validation Result @ Iteration 3000; Milestone = 3 (ID: Validation)
---  -------
mse  3.69965
---  -------
Running Evaluation...
Validation Result @ Iteration 4000; Milestone = 4 (Train)
---------  -------
mse_error  3.86704
---------  -------
Validation Result @ Iteration 4000; Milestone = 4 (ID: Validation)
---  -------
mse  3.72091
---  -------
Running Evaluation...
Validation Result @ Iteration 5000; Milestone = 5 (Train)
---------  -------
mse_error  3.86891
---------  -------
Validation Result @ Iteration 5000; Milestone = 5 (ID: Validation)
---  -------
mse  3.75422
---  -------
Running Evaluation...
Validation Result @ Iteration 6000; Milestone = 6 (Train)
---------  -------
mse_error  3.87553
---------  -------
Validation Result @ Iteration 6000; Milestone = 6 (ID: Validation)
---  -------
mse  3.78406
---  -------
Running Evaluation...
Validation Result @ Iteration 7000; Milestone = 7 (Train)
---------  -------
mse_error  3.87862
---------  -------
Validation Result @ Iteration 7000; Milestone = 7 (ID: Validation)
---  -------
mse  3.80708
---  -------
Running Evaluation...
Validation Result @ Iteration 8000; Milestone = 8 (Train)
---------  -------
mse_error  3.88007
---------  -------
Validation Result @ Iteration 8000; Milestone = 8 (ID: Validation)
---  -------
mse  3.82301
---  -------
Running Evaluation...
Validation Result @ Iteration 9000; Milestone = 9 (Train)
---------  -------
mse_error  3.88187
---------  -------
Validation Result @ Iteration 9000; Milestone = 9 (ID: Validation)
---  -------
mse  3.83638
---  -------
Running Evaluation...
Validation Result @ Iteration 10000; Milestone = 10 (Train)
---------  -------
mse_error  3.88263
---------  -------
Validation Result @ Iteration 10000; Milestone = 10 (ID: Validation)
---  -------
mse  3.84455
---  -------
Running Evaluation...
Validation Result @ Iteration 11000; Milestone = 11 (Train)
---------  -------
mse_error  3.88393
---------  -------
Validation Result @ Iteration 11000; Milestone = 11 (ID: Validation)
---  -------
mse  3.85191
---  -------
Running Evaluation...
Validation Result @ Iteration 12000; Milestone = 12 (Train)
---------  -------
mse_error  3.88474
---------  -------
Validation Result @ Iteration 12000; Milestone = 12 (ID: Validation)
---  -------
mse  3.85744
---  -------
Running Evaluation...
Validation Result @ Iteration 13000; Milestone = 13 (Train)
---------  -------
mse_error  3.88533
---------  -------
Validation Result @ Iteration 13000; Milestone = 13 (ID: Validation)
---  -------
mse  3.86085
---  -------
Running Evaluation...
Validation Result @ Iteration 14000; Milestone = 14 (Train)
---------  ------
mse_error  3.8863
---------  ------
Validation Result @ Iteration 14000; Milestone = 14 (ID: Validation)
---  -------
mse  3.86314
---  -------
Running Evaluation...
Validation Result @ Iteration 15000; Milestone = 15 (Train)
---------  -------
mse_error  3.88706
---------  -------
Validation Result @ Iteration 15000; Milestone = 15 (ID: Validation)
---  -------
mse  3.86503
---  -------
Running Evaluation...
Validation Result @ Iteration 16000; Milestone = 16 (Train)
---------  -------
mse_error  3.88605
---------  -------
Validation Result @ Iteration 16000; Milestone = 16 (ID: Validation)
---  -------
mse  3.86681
---  -------
Running Evaluation...
Validation Result @ Iteration 17000; Milestone = 17 (Train)
---------  -------
mse_error  3.88663
---------  -------
Validation Result @ Iteration 17000; Milestone = 17 (ID: Validation)
---  ------
mse  3.8684
---  ------
Running Evaluation...
Validation Result @ Iteration 18000; Milestone = 18 (Train)
---------  -------
mse_error  3.88666
---------  -------
Validation Result @ Iteration 18000; Milestone = 18 (ID: Validation)
---  -------
mse  3.86918
---  -------
Running Evaluation...
Validation Result @ Iteration 19000; Milestone = 19 (Train)
---------  -------
mse_error  3.88816
---------  -------
Validation Result @ Iteration 19000; Milestone = 19 (ID: Validation)
---  -------
mse  3.87031
---  -------
Running Evaluation...
Validation Result @ Iteration 20000; Milestone = 20 (Train)
---------  -------
mse_error  3.88676
---------  -------
Validation Result @ Iteration 20000; Milestone = 20 (ID: Validation)
---  -------
mse  3.87119
---  -------
Running Evaluation...
Validation Result @ Iteration 21000; Milestone = 21 (Train)
---------  -------
mse_error  3.88733
---------  -------
Validation Result @ Iteration 21000; Milestone = 21 (ID: Validation)
---  -------
mse  3.87098
---  -------
Running Evaluation...
Validation Result @ Iteration 22000; Milestone = 22 (Train)
---------  -------
mse_error  3.88695
---------  -------
Validation Result @ Iteration 22000; Milestone = 22 (ID: Validation)
---  -------
mse  3.87141
---  -------
Running Evaluation...
Validation Result @ Iteration 23000; Milestone = 23 (Train)
---------  -------
mse_error  3.88593
---------  -------
Validation Result @ Iteration 23000; Milestone = 23 (ID: Validation)
---  -------
mse  3.87164
---  -------
Running Evaluation...
Validation Result @ Iteration 24000; Milestone = 24 (Train)
---------  ------
mse_error  3.8875
---------  ------
Validation Result @ Iteration 24000; Milestone = 24 (ID: Validation)
---  -------
mse  3.87219
---  -------
Running Evaluation...
Validation Result @ Iteration 25000; Milestone = 25 (Train)
---------  -------
mse_error  3.88571
---------  -------
Validation Result @ Iteration 25000; Milestone = 25 (ID: Validation)
---  -------
mse  3.87227
---  -------
Running Evaluation...
Validation Result @ Iteration 26000; Milestone = 26 (Train)
---------  -------
mse_error  3.88589
---------  -------
