Job started at Wed Feb 18 21:41:33 EST 2026
Running on host: holygpu8a22201.rc.fas.harvard.edu
Job ID: 61080089
Git URL: https://github.com/mdkrasnow/research-repo.git
Git SHA: 9125a0270f59e8930ae21028cf3fbfb301762a93
Work directory: /tmp/ired-job-61080089
GPU info:
Wed Feb 18 21:41:33 2026       
+-----------------------------------------------------------------------------------------+
| NVIDIA-SMI 575.57.08              Driver Version: 575.57.08      CUDA Version: 12.9     |
|-----------------------------------------+------------------------+----------------------+
| GPU  Name                 Persistence-M | Bus-Id          Disp.A | Volatile Uncorr. ECC |
| Fan  Temp   Perf          Pwr:Usage/Cap |           Memory-Usage | GPU-Util  Compute M. |
|                                         |                        |               MIG M. |
|=========================================+========================+======================|
|   0  NVIDIA A100-SXM4-80GB          On  |   00000000:CA:00.0 Off |                    0 |
| N/A   28C    P0             58W /  500W |       0MiB /  81920MiB |      0%      Default |
|                                         |                        |             Disabled |
+-----------------------------------------+------------------------+----------------------+
                                                                                         
+-----------------------------------------------------------------------------------------+
| Processes:                                                                              |
|  GPU   GI   CI              PID   Type   Process name                        GPU Memory |
|        ID   ID                                                               Usage      |
|=========================================================================================|
|  No running processes found                                                             |
+-----------------------------------------------------------------------------------------+
Cloning repository...
Repository cloned and checked out to: 9125a02
Repository info:
9125a02 Add CD diagnostic logging and Langevin displacement tracking
Starting IRED-CD Stage 1 (CD loss + Langevin sampling)...
Loading configuration from: projects/ired/configs/q202_cd_langevin.json
Configuration saved to: results/ds_inverse/q202_cd_langevin/experiment_config.json
Setting random seed: 1
Starting experiment with mining strategy: cd_langevin
Configuration: {
  "experiment_name": "q202_cd_langevin",
  "description": "IRED-CD Investigation - Stage 1: CD loss + Langevin sampling",
  "investigation": "ired-cd",
  "ablation_stage": "cd_langevin",
  "mining_strategy": "cd_langevin",
  "rank": 20,
  "ood": false,
  "diffusion_steps": 10,
  "batch_size": 2048,
  "train_steps": 20000,
  "learning_rate": 0.0001,
  "mining_opt_steps": 10,
  "energy_reg_weight": 0.1,
  "mining_noise_scale": 1.5,
  "langevin_sigma_multiplier": 0.1,
  "use_langevin": true,
  "use_replay_buffer": false,
  "use_cd_loss": true,
  "use_residual_filter": false,
  "use_energy_schedule": false,
  "energy_loss_weight": 0.05,
  "adam_betas": [
    0.0,
    0.999
  ],
  "output_dir": "results/ds_inverse/q202_cd_langevin",
  "notes": "Ablation 1: Corrected CD loss (detach x_neg, NOT energy_neg). Langevin noise sigma=sqrt(2*eta). k=10 steps. No replay buffer yet.",
  "seed": 1
}
Dataset: Inverse matrices (20x20)
Input dimension: 400, Output dimension: 400
Trainer initialized. Output directory: results/ds_inverse/q202_cd_langevin
Training for 20000 steps...
[CD-DIAG step=100] E_pos=0.2490 E_neg=0.3033 CD_raw=-0.0543 CD_wtd=-0.002713 MSE=0.999040 neg_dist=23.0988 lang_grad0=0.0000 lang_gradK=0.0000 lang_disp=7.3728 step=0.4393 sigma=0.0906
[CD-DIAG step=200] E_pos=0.3088 E_neg=0.4295 CD_raw=-0.1207 CD_wtd=-0.006036 MSE=0.999102 neg_dist=23.1976 lang_grad0=0.0001 lang_gradK=0.0001 lang_disp=7.4012 step=0.4398 sigma=0.0907
[CD-DIAG step=300] E_pos=0.3100 E_neg=0.4769 CD_raw=-0.1668 CD_wtd=-0.008342 MSE=1.001060 neg_dist=23.3170 lang_grad0=0.0001 lang_gradK=0.0001 lang_disp=7.4196 step=0.4426 sigma=0.0909
[CD-DIAG step=400] E_pos=0.3253 E_neg=0.5484 CD_raw=-0.2231 CD_wtd=-0.011155 MSE=0.998486 neg_dist=23.3891 lang_grad0=0.0002 lang_gradK=0.0001 lang_disp=7.4706 step=0.4476 sigma=0.0914
[CD-DIAG step=500] E_pos=0.3273 E_neg=0.5594 CD_raw=-0.2321 CD_wtd=-0.011605 MSE=1.000895 neg_dist=23.1685 lang_grad0=0.0002 lang_gradK=0.0001 lang_disp=7.4836 step=0.4530 sigma=0.0917
[CD-DIAG step=600] E_pos=0.3163 E_neg=0.5983 CD_raw=-0.2820 CD_wtd=-0.014101 MSE=1.000708 neg_dist=23.5672 lang_grad0=0.0002 lang_gradK=0.0001 lang_disp=7.5302 step=0.4495 sigma=0.0917
[CD-DIAG step=700] E_pos=0.3225 E_neg=0.6571 CD_raw=-0.3346 CD_wtd=-0.016729 MSE=0.999942 neg_dist=23.3013 lang_grad0=0.0002 lang_gradK=0.0002 lang_disp=7.4553 step=0.4490 sigma=0.0915
[CD-DIAG step=800] E_pos=0.3235 E_neg=0.7224 CD_raw=-0.3989 CD_wtd=-0.019945 MSE=1.000970 neg_dist=23.2763 lang_grad0=0.0003 lang_gradK=0.0002 lang_disp=7.4551 step=0.4479 sigma=0.0914
[CD-DIAG step=900] E_pos=0.3427 E_neg=0.7909 CD_raw=-0.4481 CD_wtd=-0.022407 MSE=0.999787 neg_dist=23.1090 lang_grad0=0.0003 lang_gradK=0.0002 lang_disp=7.3812 step=0.4410 sigma=0.0907
[CD-DIAG step=1000] E_pos=0.3283 E_neg=0.8464 CD_raw=-0.5181 CD_wtd=-0.025904 MSE=1.001846 neg_dist=23.3887 lang_grad0=0.0003 lang_gradK=0.0002 lang_disp=7.5211 step=0.4547 sigma=0.0920
Running Evaluation...
Validation Result @ Iteration 1000; Milestone = 1 (Train)
---------  -------
mse_error  3.88155
---------  -------
Validation Result @ Iteration 1000; Milestone = 1 (ID: Validation)
---  -------
mse  3.83523
---  -------
[CD-DIAG step=1100] E_pos=0.3208 E_neg=0.8858 CD_raw=-0.5651 CD_wtd=-0.028253 MSE=0.998132 neg_dist=23.1919 lang_grad0=0.0003 lang_gradK=0.0002 lang_disp=7.3877 step=0.4396 sigma=0.0907
[CD-DIAG step=1200] E_pos=0.3256 E_neg=1.0056 CD_raw=-0.6800 CD_wtd=-0.034000 MSE=1.001604 neg_dist=23.4576 lang_grad0=0.0004 lang_gradK=0.0003 lang_disp=7.4951 step=0.4499 sigma=0.0916
[CD-DIAG step=1300] E_pos=0.3279 E_neg=1.0635 CD_raw=-0.7356 CD_wtd=-0.036780 MSE=1.000607 neg_dist=23.2568 lang_grad0=0.0004 lang_gradK=0.0003 lang_disp=7.4217 step=0.4444 sigma=0.0910
[CD-DIAG step=1400] E_pos=0.3123 E_neg=1.0936 CD_raw=-0.7813 CD_wtd=-0.039067 MSE=1.000976 neg_dist=23.2758 lang_grad0=0.0005 lang_gradK=0.0003 lang_disp=7.4395 step=0.4462 sigma=0.0912
[CD-DIAG step=1500] E_pos=0.3089 E_neg=1.1535 CD_raw=-0.8446 CD_wtd=-0.042231 MSE=1.000898 neg_dist=23.3647 lang_grad0=0.0005 lang_gradK=0.0003 lang_disp=7.4435 step=0.4454 sigma=0.0912
[CD-DIAG step=1600] E_pos=0.2973 E_neg=1.2034 CD_raw=-0.9061 CD_wtd=-0.045307 MSE=0.999535 neg_dist=23.5117 lang_grad0=0.0006 lang_gradK=0.0003 lang_disp=7.5414 step=0.4522 sigma=0.0918
[CD-DIAG step=1700] E_pos=0.2925 E_neg=1.2664 CD_raw=-0.9739 CD_wtd=-0.048695 MSE=1.000681 neg_dist=23.1976 lang_grad0=0.0006 lang_gradK=0.0004 lang_disp=7.3974 step=0.4434 sigma=0.0910
[CD-DIAG step=1800] E_pos=0.2841 E_neg=1.3100 CD_raw=-1.0259 CD_wtd=-0.051297 MSE=1.000591 neg_dist=23.0255 lang_grad0=0.0006 lang_gradK=0.0004 lang_disp=7.3550 step=0.4377 sigma=0.0904
[CD-DIAG step=1900] E_pos=0.2842 E_neg=1.4240 CD_raw=-1.1397 CD_wtd=-0.056986 MSE=1.002448 neg_dist=23.5366 lang_grad0=0.0007 lang_gradK=0.0004 lang_disp=7.4888 step=0.4513 sigma=0.0918
[CD-DIAG step=2000] E_pos=0.2668 E_neg=1.4720 CD_raw=-1.2052 CD_wtd=-0.060260 MSE=0.997591 neg_dist=23.6387 lang_grad0=0.0008 lang_gradK=0.0004 lang_disp=7.5217 step=0.4505 sigma=0.0918
Running Evaluation...
Validation Result @ Iteration 2000; Milestone = 2 (Train)
---------  -------
mse_error  3.87484
---------  -------
Validation Result @ Iteration 2000; Milestone = 2 (ID: Validation)
---  -------
mse  3.77237
---  -------
[CD-DIAG step=2100] E_pos=0.3265 E_neg=1.8057 CD_raw=-1.4792 CD_wtd=-0.073960 MSE=1.001179 neg_dist=23.4676 lang_grad0=0.0009 lang_gradK=0.0005 lang_disp=7.4533 step=0.4413 sigma=0.0909
[CD-DIAG step=2200] E_pos=0.3045 E_neg=1.8386 CD_raw=-1.5341 CD_wtd=-0.076703 MSE=0.999784 neg_dist=23.3128 lang_grad0=0.0010 lang_gradK=0.0006 lang_disp=7.4515 step=0.4466 sigma=0.0913
[CD-DIAG step=2300] E_pos=0.2978 E_neg=1.8380 CD_raw=-1.5402 CD_wtd=-0.077010 MSE=0.999088 neg_dist=23.3041 lang_grad0=0.0010 lang_gradK=0.0006 lang_disp=7.4869 step=0.4502 sigma=0.0916
[CD-DIAG step=2400] E_pos=0.3075 E_neg=1.9340 CD_raw=-1.6265 CD_wtd=-0.081325 MSE=1.000232 neg_dist=23.1878 lang_grad0=0.0010 lang_gradK=0.0006 lang_disp=7.3599 step=0.4365 sigma=0.0904
[CD-DIAG step=2500] E_pos=0.2847 E_neg=1.8977 CD_raw=-1.6129 CD_wtd=-0.080647 MSE=1.002909 neg_dist=22.9598 lang_grad0=0.0011 lang_gradK=0.0006 lang_disp=7.3368 step=0.4377 sigma=0.0904
[CD-DIAG step=2600] E_pos=0.2718 E_neg=1.9509 CD_raw=-1.6790 CD_wtd=-0.083952 MSE=1.001651 neg_dist=23.2692 lang_grad0=0.0011 lang_gradK=0.0006 lang_disp=7.4686 step=0.4479 sigma=0.0914
[CD-DIAG step=2700] E_pos=0.2794 E_neg=1.9733 CD_raw=-1.6940 CD_wtd=-0.084698 MSE=1.000268 neg_dist=23.3784 lang_grad0=0.0011 lang_gradK=0.0006 lang_disp=7.4822 step=0.4477 sigma=0.0914
[CD-DIAG step=2800] E_pos=0.2674 E_neg=1.9591 CD_raw=-1.6917 CD_wtd=-0.084585 MSE=1.001202 neg_dist=23.3088 lang_grad0=0.0011 lang_gradK=0.0006 lang_disp=7.4192 step=0.4428 sigma=0.0910
[CD-DIAG step=2900] E_pos=0.2615 E_neg=1.9915 CD_raw=-1.7301 CD_wtd=-0.086503 MSE=0.999911 neg_dist=23.4316 lang_grad0=0.0012 lang_gradK=0.0006 lang_disp=7.4925 step=0.4463 sigma=0.0914
[CD-DIAG step=3000] E_pos=0.2652 E_neg=2.0305 CD_raw=-1.7654 CD_wtd=-0.088268 MSE=0.997852 neg_dist=23.1235 lang_grad0=0.0012 lang_gradK=0.0006 lang_disp=7.3635 step=0.4396 sigma=0.0906
Running Evaluation...
Validation Result @ Iteration 3000; Milestone = 3 (Train)
---------  -------
mse_error  3.85594
---------  -------
Validation Result @ Iteration 3000; Milestone = 3 (ID: Validation)
---  -------
mse  3.64997
---  -------
[CD-DIAG step=3100] E_pos=0.2452 E_neg=1.9711 CD_raw=-1.7259 CD_wtd=-0.086295 MSE=0.999425 neg_dist=23.4490 lang_grad0=0.0012 lang_gradK=0.0006 lang_disp=7.4886 step=0.4508 sigma=0.0917
[CD-DIAG step=3200] E_pos=0.2514 E_neg=2.0179 CD_raw=-1.7664 CD_wtd=-0.088322 MSE=0.998954 neg_dist=23.2996 lang_grad0=0.0012 lang_gradK=0.0006 lang_disp=7.4202 step=0.4433 sigma=0.0910
[CD-DIAG step=3300] E_pos=0.2521 E_neg=2.0806 CD_raw=-1.8285 CD_wtd=-0.091425 MSE=0.997846 neg_dist=23.4910 lang_grad0=0.0012 lang_gradK=0.0007 lang_disp=7.4844 step=0.4502 sigma=0.0917
[CD-DIAG step=3400] E_pos=0.2451 E_neg=1.9913 CD_raw=-1.7462 CD_wtd=-0.087310 MSE=1.001289 neg_dist=23.2520 lang_grad0=0.0012 lang_gradK=0.0006 lang_disp=7.4727 step=0.4463 sigma=0.0912
[CD-DIAG step=3500] E_pos=0.2566 E_neg=2.1002 CD_raw=-1.8436 CD_wtd=-0.092182 MSE=0.999192 neg_dist=23.6388 lang_grad0=0.0012 lang_gradK=0.0007 lang_disp=7.5458 step=0.4532 sigma=0.0920
[CD-DIAG step=3600] E_pos=0.2489 E_neg=2.0551 CD_raw=-1.8062 CD_wtd=-0.090310 MSE=0.997702 neg_dist=23.0145 lang_grad0=0.0012 lang_gradK=0.0007 lang_disp=7.3977 step=0.4461 sigma=0.0911
[CD-DIAG step=3700] E_pos=0.2560 E_neg=2.0779 CD_raw=-1.8219 CD_wtd=-0.091097 MSE=0.997786 neg_dist=23.4327 lang_grad0=0.0012 lang_gradK=0.0007 lang_disp=7.4900 step=0.4482 sigma=0.0915
[CD-DIAG step=3800] E_pos=0.2391 E_neg=2.0505 CD_raw=-1.8115 CD_wtd=-0.090573 MSE=1.003964 neg_dist=23.1553 lang_grad0=0.0012 lang_gradK=0.0007 lang_disp=7.3608 step=0.4385 sigma=0.0905
[CD-DIAG step=3900] E_pos=0.2348 E_neg=2.0854 CD_raw=-1.8507 CD_wtd=-0.092535 MSE=1.001643 neg_dist=23.1804 lang_grad0=0.0012 lang_gradK=0.0007 lang_disp=7.3952 step=0.4422 sigma=0.0908
[CD-DIAG step=4000] E_pos=0.2412 E_neg=2.0749 CD_raw=-1.8336 CD_wtd=-0.091682 MSE=1.000888 neg_dist=23.2446 lang_grad0=0.0012 lang_gradK=0.0007 lang_disp=7.4341 step=0.4472 sigma=0.0913
Running Evaluation...
Validation Result @ Iteration 4000; Milestone = 4 (Train)
---------  -------
mse_error  3.84417
---------  -------
Validation Result @ Iteration 4000; Milestone = 4 (ID: Validation)
---  -------
mse  3.55192
---  -------
[CD-DIAG step=4100] E_pos=0.4704 E_neg=3.3280 CD_raw=-2.8577 CD_wtd=-0.142885 MSE=0.998735 neg_dist=23.4987 lang_grad0=0.0016 lang_gradK=0.0009 lang_disp=7.5352 step=0.4533 sigma=0.0920
[CD-DIAG step=4200] E_pos=0.4744 E_neg=3.3411 CD_raw=-2.8668 CD_wtd=-0.143338 MSE=1.002327 neg_dist=23.3856 lang_grad0=0.0016 lang_gradK=0.0009 lang_disp=7.4784 step=0.4488 sigma=0.0915
[CD-DIAG step=4300] E_pos=0.4810 E_neg=3.2576 CD_raw=-2.7766 CD_wtd=-0.138831 MSE=1.000924 neg_dist=23.4170 lang_grad0=0.0016 lang_gradK=0.0009 lang_disp=7.5337 step=0.4559 sigma=0.0921
[CD-DIAG step=4400] E_pos=0.4990 E_neg=3.3754 CD_raw=-2.8764 CD_wtd=-0.143820 MSE=0.999205 neg_dist=23.2494 lang_grad0=0.0016 lang_gradK=0.0009 lang_disp=7.4825 step=0.4507 sigma=0.0916
[CD-DIAG step=4500] E_pos=0.5018 E_neg=3.3880 CD_raw=-2.8862 CD_wtd=-0.144310 MSE=1.000208 neg_dist=23.2558 lang_grad0=0.0016 lang_gradK=0.0010 lang_disp=7.4395 step=0.4463 sigma=0.0913
[CD-DIAG step=4600] E_pos=0.5163 E_neg=3.5109 CD_raw=-2.9946 CD_wtd=-0.149730 MSE=1.000833 neg_dist=23.2802 lang_grad0=0.0017 lang_gradK=0.0010 lang_disp=7.4282 step=0.4471 sigma=0.0913
[CD-DIAG step=4700] E_pos=0.4885 E_neg=3.4395 CD_raw=-2.9510 CD_wtd=-0.147551 MSE=1.000606 neg_dist=23.0945 lang_grad0=0.0017 lang_gradK=0.0010 lang_disp=7.4210 step=0.4439 sigma=0.0910
[CD-DIAG step=4800] E_pos=0.5247 E_neg=3.5449 CD_raw=-3.0202 CD_wtd=-0.151008 MSE=1.001286 neg_dist=23.1350 lang_grad0=0.0017 lang_gradK=0.0010 lang_disp=7.3928 step=0.4440 sigma=0.0910
[CD-DIAG step=4900] E_pos=0.5151 E_neg=3.5230 CD_raw=-3.0079 CD_wtd=-0.150396 MSE=0.997566 neg_dist=23.0978 lang_grad0=0.0017 lang_gradK=0.0010 lang_disp=7.3976 step=0.4428 sigma=0.0909
[CD-DIAG step=5000] E_pos=0.5243 E_neg=3.5840 CD_raw=-3.0596 CD_wtd=-0.152981 MSE=0.999257 neg_dist=23.0075 lang_grad0=0.0016 lang_gradK=0.0010 lang_disp=7.3240 step=0.4375 sigma=0.0903
Running Evaluation...
Validation Result @ Iteration 5000; Milestone = 5 (Train)
---------  -------
mse_error  3.83507
---------  -------
Validation Result @ Iteration 5000; Milestone = 5 (ID: Validation)
---  -------
mse  3.48433
---  -------
[CD-DIAG step=5100] E_pos=0.5437 E_neg=3.6407 CD_raw=-3.0970 CD_wtd=-0.154852 MSE=1.002384 neg_dist=23.4943 lang_grad0=0.0017 lang_gradK=0.0010 lang_disp=7.5239 step=0.4509 sigma=0.0918
[CD-DIAG step=5200] E_pos=0.5373 E_neg=3.6728 CD_raw=-3.1355 CD_wtd=-0.156775 MSE=1.001604 neg_dist=23.3399 lang_grad0=0.0017 lang_gradK=0.0010 lang_disp=7.4520 step=0.4454 sigma=0.0912
[CD-DIAG step=5300] E_pos=0.5242 E_neg=3.6594 CD_raw=-3.1352 CD_wtd=-0.156760 MSE=0.999987 neg_dist=23.3560 lang_grad0=0.0017 lang_gradK=0.0010 lang_disp=7.4523 step=0.4479 sigma=0.0914
[CD-DIAG step=5400] E_pos=0.5440 E_neg=3.7344 CD_raw=-3.1904 CD_wtd=-0.159519 MSE=0.999468 neg_dist=23.1281 lang_grad0=0.0017 lang_gradK=0.0010 lang_disp=7.3722 step=0.4401 sigma=0.0907
[CD-DIAG step=5500] E_pos=0.5454 E_neg=3.7018 CD_raw=-3.1564 CD_wtd=-0.157822 MSE=1.000276 neg_dist=23.0313 lang_grad0=0.0017 lang_gradK=0.0010 lang_disp=7.3325 step=0.4390 sigma=0.0905
[CD-DIAG step=5600] E_pos=0.5611 E_neg=3.7732 CD_raw=-3.2121 CD_wtd=-0.160603 MSE=1.000663 neg_dist=23.4796 lang_grad0=0.0018 lang_gradK=0.0010 lang_disp=7.5545 step=0.4558 sigma=0.0921
[CD-DIAG step=5700] E_pos=0.5642 E_neg=3.7411 CD_raw=-3.1769 CD_wtd=-0.158844 MSE=1.001049 neg_dist=23.0813 lang_grad0=0.0017 lang_gradK=0.0010 lang_disp=7.3881 step=0.4417 sigma=0.0907
[CD-DIAG step=5800] E_pos=0.5738 E_neg=3.8523 CD_raw=-3.2785 CD_wtd=-0.163927 MSE=0.998620 neg_dist=23.3905 lang_grad0=0.0017 lang_gradK=0.0010 lang_disp=7.4501 step=0.4443 sigma=0.0911
[CD-DIAG step=5900] E_pos=0.5733 E_neg=3.8748 CD_raw=-3.3015 CD_wtd=-0.165073 MSE=1.001053 neg_dist=23.2735 lang_grad0=0.0017 lang_gradK=0.0010 lang_disp=7.3756 step=0.4400 sigma=0.0907
[CD-DIAG step=6000] E_pos=0.5631 E_neg=3.9089 CD_raw=-3.3458 CD_wtd=-0.167290 MSE=0.999372 neg_dist=23.3811 lang_grad0=0.0017 lang_gradK=0.0010 lang_disp=7.4285 step=0.4466 sigma=0.0913
Running Evaluation...
Validation Result @ Iteration 6000; Milestone = 6 (Train)
---------  -------
mse_error  3.82854
---------  -------
Validation Result @ Iteration 6000; Milestone = 6 (ID: Validation)
---  -------
mse  3.44429
---  -------
[CD-DIAG step=6100] E_pos=0.4196 E_neg=3.3583 CD_raw=-2.9387 CD_wtd=-0.146934 MSE=1.002768 neg_dist=23.2099 lang_grad0=0.0017 lang_gradK=0.0010 lang_disp=7.4280 step=0.4462 sigma=0.0912
[CD-DIAG step=6200] E_pos=0.4319 E_neg=3.3906 CD_raw=-2.9587 CD_wtd=-0.147935 MSE=0.999030 neg_dist=23.1908 lang_grad0=0.0017 lang_gradK=0.0010 lang_disp=7.3824 step=0.4388 sigma=0.0906
[CD-DIAG step=6300] E_pos=0.4479 E_neg=3.5391 CD_raw=-3.0912 CD_wtd=-0.154561 MSE=1.001197 neg_dist=23.1051 lang_grad0=0.0017 lang_gradK=0.0010 lang_disp=7.3820 step=0.4404 sigma=0.0907
[CD-DIAG step=6400] E_pos=0.4543 E_neg=3.4819 CD_raw=-3.0275 CD_wtd=-0.151377 MSE=1.000795 neg_dist=23.2840 lang_grad0=0.0017 lang_gradK=0.0010 lang_disp=7.4554 step=0.4482 sigma=0.0914
[CD-DIAG step=6500] E_pos=0.4408 E_neg=3.6054 CD_raw=-3.1647 CD_wtd=-0.158233 MSE=0.999162 neg_dist=23.2959 lang_grad0=0.0018 lang_gradK=0.0010 lang_disp=7.4319 step=0.4451 sigma=0.0912
[CD-DIAG step=6600] E_pos=0.4544 E_neg=3.5405 CD_raw=-3.0861 CD_wtd=-0.154303 MSE=1.001285 neg_dist=23.1264 lang_grad0=0.0017 lang_gradK=0.0010 lang_disp=7.3833 step=0.4426 sigma=0.0909
[CD-DIAG step=6700] E_pos=0.4559 E_neg=3.6412 CD_raw=-3.1853 CD_wtd=-0.159267 MSE=1.002293 neg_dist=23.1582 lang_grad0=0.0018 lang_gradK=0.0010 lang_disp=7.4292 step=0.4469 sigma=0.0912
[CD-DIAG step=6800] E_pos=0.4398 E_neg=3.5745 CD_raw=-3.1347 CD_wtd=-0.156734 MSE=1.004016 neg_dist=23.1989 lang_grad0=0.0017 lang_gradK=0.0010 lang_disp=7.3596 step=0.4368 sigma=0.0904
[CD-DIAG step=6900] E_pos=0.4569 E_neg=3.6678 CD_raw=-3.2109 CD_wtd=-0.160546 MSE=0.998666 neg_dist=23.2249 lang_grad0=0.0017 lang_gradK=0.0010 lang_disp=7.3555 step=0.4391 sigma=0.0906
[CD-DIAG step=7000] E_pos=0.4592 E_neg=3.6333 CD_raw=-3.1741 CD_wtd=-0.158706 MSE=0.998846 neg_dist=23.1294 lang_grad0=0.0017 lang_gradK=0.0010 lang_disp=7.3711 step=0.4403 sigma=0.0907
Running Evaluation...
Validation Result @ Iteration 7000; Milestone = 7 (Train)
---------  -------
mse_error  3.82343
---------  -------
Validation Result @ Iteration 7000; Milestone = 7 (ID: Validation)
---  ------
mse  3.4106
---  ------
[CD-DIAG step=7100] E_pos=0.4845 E_neg=3.6921 CD_raw=-3.2076 CD_wtd=-0.160382 MSE=1.000779 neg_dist=23.3479 lang_grad0=0.0018 lang_gradK=0.0010 lang_disp=7.4521 step=0.4460 sigma=0.0912
[CD-DIAG step=7200] E_pos=0.4737 E_neg=3.7705 CD_raw=-3.2969 CD_wtd=-0.164844 MSE=0.998322 neg_dist=23.5926 lang_grad0=0.0018 lang_gradK=0.0011 lang_disp=7.5252 step=0.4535 sigma=0.0920
[CD-DIAG step=7300] E_pos=0.4717 E_neg=3.7588 CD_raw=-3.2871 CD_wtd=-0.164355 MSE=0.998386 neg_dist=23.3428 lang_grad0=0.0018 lang_gradK=0.0011 lang_disp=7.3918 step=0.4391 sigma=0.0907
[CD-DIAG step=7400] E_pos=0.4834 E_neg=3.7302 CD_raw=-3.2468 CD_wtd=-0.162338 MSE=1.000391 neg_dist=23.1061 lang_grad0=0.0018 lang_gradK=0.0010 lang_disp=7.4141 step=0.4435 sigma=0.0909
[CD-DIAG step=7500] E_pos=0.4818 E_neg=3.7832 CD_raw=-3.3014 CD_wtd=-0.165069 MSE=0.999568 neg_dist=23.2877 lang_grad0=0.0018 lang_gradK=0.0011 lang_disp=7.4848 step=0.4488 sigma=0.0914
[CD-DIAG step=7600] E_pos=0.4956 E_neg=3.8138 CD_raw=-3.3182 CD_wtd=-0.165912 MSE=1.000248 neg_dist=23.1257 lang_grad0=0.0017 lang_gradK=0.0011 lang_disp=7.3369 step=0.4395 sigma=0.0906
[CD-DIAG step=7700] E_pos=0.4958 E_neg=3.8618 CD_raw=-3.3660 CD_wtd=-0.168302 MSE=1.000975 neg_dist=23.5357 lang_grad0=0.0018 lang_gradK=0.0011 lang_disp=7.5560 step=0.4521 sigma=0.0919
[CD-DIAG step=7800] E_pos=0.4900 E_neg=3.7832 CD_raw=-3.2932 CD_wtd=-0.164661 MSE=1.001730 neg_dist=23.1515 lang_grad0=0.0018 lang_gradK=0.0011 lang_disp=7.4102 step=0.4453 sigma=0.0911
[CD-DIAG step=7900] E_pos=0.5021 E_neg=3.8075 CD_raw=-3.3053 CD_wtd=-0.165267 MSE=0.998391 neg_dist=23.4413 lang_grad0=0.0018 lang_gradK=0.0011 lang_disp=7.4770 step=0.4485 sigma=0.0915
[CD-DIAG step=8000] E_pos=0.5107 E_neg=3.8935 CD_raw=-3.3828 CD_wtd=-0.169142 MSE=1.000871 neg_dist=23.2620 lang_grad0=0.0018 lang_gradK=0.0011 lang_disp=7.3836 step=0.4430 sigma=0.0910
Running Evaluation...
Validation Result @ Iteration 8000; Milestone = 8 (Train)
---------  -------
mse_error  3.82034
---------  -------
Validation Result @ Iteration 8000; Milestone = 8 (ID: Validation)
---  ------
mse  3.3926
---  ------
[CD-DIAG step=8100] E_pos=0.4211 E_neg=3.4957 CD_raw=-3.0746 CD_wtd=-0.153731 MSE=1.002213 neg_dist=23.4484 lang_grad0=0.0017 lang_gradK=0.0010 lang_disp=7.4919 step=0.4513 sigma=0.0917
