Job started at Thu Feb 26 10:47:32 EST 2026
Running on host: holygpu7c26202.rc.fas.harvard.edu
Job ID: 62421044, Array Task ID: 0
Config: projects/ired/configs/q228_implied_noise.json
Git URL: https://github.com/mdkrasnow/research-repo.git
Git SHA: 3df659061abc17a20ada425d26fca738f278c5f5
Work directory: /tmp/ired-job-62421044
GPU info:
Thu Feb 26 10:47:33 2026       
+-----------------------------------------------------------------------------------------+
| NVIDIA-SMI 575.57.08              Driver Version: 575.57.08      CUDA Version: 12.9     |
|-----------------------------------------+------------------------+----------------------+
| GPU  Name                 Persistence-M | Bus-Id          Disp.A | Volatile Uncorr. ECC |
| Fan  Temp   Perf          Pwr:Usage/Cap |           Memory-Usage | GPU-Util  Compute M. |
|                                         |                        |               MIG M. |
|=========================================+========================+======================|
|   0  NVIDIA A100-SXM4-40GB          On  |   00000000:4B:00.0 Off |                   On |
| N/A   24C    P0             40W /  400W |     213MiB /  40960MiB |     N/A      Default |
|                                         |                        |              Enabled |
+-----------------------------------------+------------------------+----------------------+

+-----------------------------------------------------------------------------------------+
| MIG devices:                                                                            |
+------------------+----------------------------------+-----------+-----------------------+
| GPU  GI  CI  MIG |                     Memory-Usage |        Vol|        Shared         |
|      ID  ID  Dev |                       BAR1-Usage | SM     Unc| CE ENC  DEC  OFA  JPG |
|                  |                                  |        ECC|                       |
|==================+==================================+===========+=======================|
|  0    1   0   0  |             107MiB / 20096MiB    | 42      0 |  3   0    2    0    0 |
|                  |                 0MiB / 32767MiB  |           |                       |
+------------------+----------------------------------+-----------+-----------------------+
                                                                                         
+-----------------------------------------------------------------------------------------+
| Processes:                                                                              |
|  GPU   GI   CI              PID   Type   Process name                        GPU Memory |
|        ID   ID                                                               Usage      |
|=========================================================================================|
|  No running processes found                                                             |
+-----------------------------------------------------------------------------------------+
Cloning repository...
Repository cloned and checked out to: 3df6590
Repository info:
3df6590 Add q228-q231 10K-step ablation sbatch (gpu_test 0-1, seas_gpu 2-3)
Starting 10K-step run with config: projects/ired/configs/q228_implied_noise.json
Loading configuration from: projects/ired/configs/q228_implied_noise.json
Configuration saved to: projects/ired/results/ds_inverse/q228_implied_noise/experiment_config.json
Setting random seed: 0
Starting experiment with mining strategy: tam
Configuration: {
  "experiment_name": "q228_implied_noise",
  "description": "TAM-CTL v2 fix 1: implied noise target for recovery loss. Fixes off-manifold epsilon target.",
  "investigation": "ired-pgd",
  "ablation_stage": "tam_ctl_v2_implied_noise",
  "mining_strategy": "tam",
  "tam_anchor_step": 2,
  "pgd_delta": 1.5,
  "pgd_step_size": 0.5,
  "mining_opt_steps": 3,
  "use_recovery_loss": true,
  "recovery_steps": 1,
  "recovery_loss_weight": 0.1,
  "recovery_target": "implied_noise",
  "use_gradient_contrastive": false,
  "energy_loss_weight": 0.0,
  "use_scalar_energy": true,
  "rank": 20,
  "ood": false,
  "diffusion_steps": 10,
  "batch_size": 2048,
  "train_steps": 10000,
  "learning_rate": 0.0001,
  "adam_betas": [
    0.0,
    0.999
  ],
  "output_dir": "projects/ired/results/ds_inverse/q228_implied_noise",
  "notes": "Ablation ladder step 1: only change recovery_target to implied_noise. Everything else identical to q225.",
  "seed": 0
}
Dataset: Inverse matrices (20x20)
Input dimension: 400, Output dimension: 400
Trainer initialized. Output directory: projects/ired/results/ds_inverse/q228_implied_noise
Training for 10000 steps...
[TAM-CTL-DIAG step=100] mse_pos=1.000336 mse_neg=1.000336 mse_rec=1.000336 neg_vs_rec=0.000000 rec_dist=0.0000 anchor_dist=1.0731 dist_rec_pos=1.0731 eps_gap_rel=0.0578 cos_rec=-0.1946
[TAM-CTL-DIAG step=200] mse_pos=1.002561 mse_neg=1.002560 mse_rec=1.002560 neg_vs_rec=0.000000 rec_dist=0.0001 anchor_dist=6.3319 dist_rec_pos=6.3320 eps_gap_rel=0.3837 cos_rec=-0.0988
[TAM-CTL-DIAG step=300] mse_pos=0.997327 mse_neg=0.996989 mse_rec=0.996989 neg_vs_rec=-0.000000 rec_dist=0.0082 anchor_dist=0.8356 dist_rec_pos=0.8470 eps_gap_rel=0.0465 cos_rec=-0.2367
[TAM-CTL-DIAG step=400] mse_pos=0.998953 mse_neg=0.988702 mse_rec=0.988775 neg_vs_rec=-0.000073 rec_dist=0.1924 anchor_dist=3.1755 dist_rec_pos=3.7462 eps_gap_rel=0.2455 cos_rec=-0.2780
[TAM-CTL-DIAG step=500] mse_pos=1.032995 mse_neg=0.927866 mse_rec=0.934681 neg_vs_rec=-0.006815 rec_dist=1.1473 anchor_dist=4.5505 dist_rec_pos=6.3650 eps_gap_rel=0.4486 cos_rec=-0.5952
[TAM-CTL-DIAG step=600] mse_pos=1.239210 mse_neg=0.930342 mse_rec=0.939272 neg_vs_rec=-0.008930 rec_dist=1.2007 anchor_dist=7.7907 dist_rec_pos=9.5543 eps_gap_rel=0.6662 cos_rec=-0.4657
[TAM-CTL-DIAG step=700] mse_pos=1.384745 mse_neg=0.888532 mse_rec=0.900992 neg_vs_rec=-0.012461 rec_dist=1.5944 anchor_dist=7.8872 dist_rec_pos=9.8782 eps_gap_rel=0.6968 cos_rec=-0.4412
[TAM-CTL-DIAG step=800] mse_pos=1.432683 mse_neg=0.958304 mse_rec=0.922877 neg_vs_rec=0.035428 rec_dist=1.5839 anchor_dist=9.7899 dist_rec_pos=11.3479 eps_gap_rel=0.7960 cos_rec=-0.2074
[TAM-CTL-DIAG step=900] mse_pos=1.487504 mse_neg=0.931765 mse_rec=0.900241 neg_vs_rec=0.031525 rec_dist=1.7976 anchor_dist=9.4753 dist_rec_pos=11.1427 eps_gap_rel=0.7933 cos_rec=-0.2205
[TAM-CTL-DIAG step=1000] mse_pos=1.533021 mse_neg=0.925742 mse_rec=0.898414 neg_vs_rec=0.027328 rec_dist=1.9231 anchor_dist=9.2248 dist_rec_pos=10.9104 eps_gap_rel=0.8089 cos_rec=-0.1940
Running Evaluation...
Validation Result @ Iteration 1000; Milestone = 1 (Train)
---------  -------
mse_error  2.64403
---------  -------
Validation Result @ Iteration 1000; Milestone = 1 (ID: Validation)
---  -------
mse  2.64307
---  -------
[TAM-CTL-DIAG step=1100] mse_pos=1.599014 mse_neg=0.939642 mse_rec=0.907985 neg_vs_rec=0.031657 rec_dist=2.0388 anchor_dist=9.9212 dist_rec_pos=11.5582 eps_gap_rel=0.8307 cos_rec=-0.1409
[TAM-CTL-DIAG step=1200] mse_pos=1.620658 mse_neg=1.278055 mse_rec=1.038475 neg_vs_rec=0.239580 rec_dist=1.4567 anchor_dist=14.0380 dist_rec_pos=14.0880 eps_gap_rel=1.0526 cos_rec=0.8348
[TAM-CTL-DIAG step=1300] mse_pos=1.646934 mse_neg=1.101284 mse_rec=0.966640 neg_vs_rec=0.134644 rec_dist=1.5277 anchor_dist=11.9757 dist_rec_pos=12.8729 eps_gap_rel=0.9364 cos_rec=0.2460
[TAM-CTL-DIAG step=1400] mse_pos=1.675714 mse_neg=0.984016 mse_rec=0.911731 neg_vs_rec=0.072286 rec_dist=1.9300 anchor_dist=10.8009 dist_rec_pos=12.1367 eps_gap_rel=0.8781 cos_rec=-0.0193
[TAM-CTL-DIAG step=1500] mse_pos=1.706758 mse_neg=0.997122 mse_rec=0.916400 neg_vs_rec=0.080722 rec_dist=1.8889 anchor_dist=10.9062 dist_rec_pos=12.1883 eps_gap_rel=0.8875 cos_rec=0.0018
[TAM-CTL-DIAG step=1600] mse_pos=1.708561 mse_neg=0.996978 mse_rec=0.913690 neg_vs_rec=0.083288 rec_dist=1.9137 anchor_dist=11.2794 dist_rec_pos=12.5417 eps_gap_rel=0.8970 cos_rec=0.0044
[TAM-CTL-DIAG step=1700] mse_pos=1.752751 mse_neg=1.032380 mse_rec=0.922714 neg_vs_rec=0.109666 rec_dist=1.9367 anchor_dist=11.4847 dist_rec_pos=12.5866 eps_gap_rel=0.9112 cos_rec=0.0829
[TAM-CTL-DIAG step=1800] mse_pos=1.754970 mse_neg=1.037744 mse_rec=0.921932 neg_vs_rec=0.115812 rec_dist=1.8619 anchor_dist=11.4073 dist_rec_pos=12.4762 eps_gap_rel=0.9198 cos_rec=0.0969
[TAM-CTL-DIAG step=1900] mse_pos=1.786217 mse_neg=1.060598 mse_rec=0.926572 neg_vs_rec=0.134027 rec_dist=1.8976 anchor_dist=11.6981 dist_rec_pos=12.6678 eps_gap_rel=0.9276 cos_rec=0.1468
[TAM-CTL-DIAG step=2000] mse_pos=1.769451 mse_neg=1.346609 mse_rec=1.034124 neg_vs_rec=0.312485 rec_dist=1.4694 anchor_dist=14.0926 dist_rec_pos=14.1294 eps_gap_rel=1.0529 cos_rec=0.9049
Running Evaluation...
Validation Result @ Iteration 2000; Milestone = 2 (Train)
---------  -------
mse_error  1.27578
---------  -------
Validation Result @ Iteration 2000; Milestone = 2 (ID: Validation)
---  -------
mse  1.27352
---  -------
[TAM-CTL-DIAG step=2100] mse_pos=1.800513 mse_neg=1.123168 mse_rec=0.939529 neg_vs_rec=0.183639 rec_dist=1.8418 anchor_dist=12.4181 dist_rec_pos=13.1388 eps_gap_rel=0.9477 cos_rec=0.3007
[TAM-CTL-DIAG step=2200] mse_pos=1.800584 mse_neg=1.133309 mse_rec=0.940375 neg_vs_rec=0.192934 rec_dist=1.8242 anchor_dist=12.2473 dist_rec_pos=12.9234 eps_gap_rel=0.9537 cos_rec=0.3181
[TAM-CTL-DIAG step=2300] mse_pos=1.809194 mse_neg=1.093019 mse_rec=0.931282 neg_vs_rec=0.161737 rec_dist=1.9289 anchor_dist=11.9224 dist_rec_pos=12.7721 eps_gap_rel=0.9530 cos_rec=0.2150
[TAM-CTL-DIAG step=2400] mse_pos=1.795889 mse_neg=1.049140 mse_rec=0.919473 neg_vs_rec=0.129667 rec_dist=1.9426 anchor_dist=11.9711 dist_rec_pos=12.9779 eps_gap_rel=0.9500 cos_rec=0.1112
[TAM-CTL-DIAG step=2500] mse_pos=1.796404 mse_neg=1.049140 mse_rec=0.923069 neg_vs_rec=0.126071 rec_dist=1.9271 anchor_dist=11.9391 dist_rec_pos=12.9664 eps_gap_rel=0.9558 cos_rec=0.1117
[TAM-CTL-DIAG step=2600] mse_pos=1.842533 mse_neg=1.111521 mse_rec=0.928318 neg_vs_rec=0.183203 rec_dist=2.0066 anchor_dist=12.3715 dist_rec_pos=13.1305 eps_gap_rel=0.9632 cos_rec=0.2290
[TAM-CTL-DIAG step=2700] mse_pos=1.829816 mse_neg=1.109671 mse_rec=0.927434 neg_vs_rec=0.182237 rec_dist=1.9852 anchor_dist=12.2071 dist_rec_pos=12.9741 eps_gap_rel=0.9661 cos_rec=0.2224
[TAM-CTL-DIAG step=2800] mse_pos=1.823856 mse_neg=1.072146 mse_rec=0.925161 neg_vs_rec=0.146984 rec_dist=1.9413 anchor_dist=12.0417 dist_rec_pos=12.9725 eps_gap_rel=0.9655 cos_rec=0.1510
[TAM-CTL-DIAG step=2900] mse_pos=1.863108 mse_neg=1.128057 mse_rec=0.929184 neg_vs_rec=0.198873 rec_dist=2.0114 anchor_dist=12.4512 dist_rec_pos=13.1487 eps_gap_rel=0.9692 cos_rec=0.2588
[TAM-CTL-DIAG step=3000] mse_pos=1.944339 mse_neg=1.234188 mse_rec=0.941807 neg_vs_rec=0.292381 rec_dist=1.9962 anchor_dist=12.7758 dist_rec_pos=13.0672 eps_gap_rel=0.9791 cos_rec=0.4907
Running Evaluation...
Validation Result @ Iteration 3000; Milestone = 3 (Train)
---------  --------
mse_error  0.827515
---------  --------
Validation Result @ Iteration 3000; Milestone = 3 (ID: Validation)
---  --------
mse  0.827963
---  --------
[TAM-CTL-DIAG step=3100] mse_pos=1.831788 mse_neg=1.148011 mse_rec=0.939023 neg_vs_rec=0.208988 rec_dist=1.8299 anchor_dist=12.5844 dist_rec_pos=13.2034 eps_gap_rel=0.9771 cos_rec=0.3012
[TAM-CTL-DIAG step=3200] mse_pos=1.890694 mse_neg=1.168450 mse_rec=0.935998 neg_vs_rec=0.232451 rec_dist=2.0088 anchor_dist=12.4536 dist_rec_pos=13.0219 eps_gap_rel=0.9849 cos_rec=0.3093
[TAM-CTL-DIAG step=3300] mse_pos=1.830711 mse_neg=1.147514 mse_rec=0.935959 neg_vs_rec=0.211555 rec_dist=1.8248 anchor_dist=12.5988 dist_rec_pos=13.2060 eps_gap_rel=0.9805 cos_rec=0.2977
[TAM-CTL-DIAG step=3400] mse_pos=1.871754 mse_neg=1.147302 mse_rec=0.928231 neg_vs_rec=0.219071 rec_dist=2.0825 anchor_dist=12.5940 dist_rec_pos=13.2131 eps_gap_rel=0.9811 cos_rec=0.2741
[TAM-CTL-DIAG step=3500] mse_pos=1.873012 mse_neg=1.225175 mse_rec=0.941343 neg_vs_rec=0.283832 rec_dist=1.9404 anchor_dist=12.7373 dist_rec_pos=13.0617 eps_gap_rel=0.9908 cos_rec=0.4463
[TAM-CTL-DIAG step=3600] mse_pos=1.892673 mse_neg=1.178437 mse_rec=0.934498 neg_vs_rec=0.243939 rec_dist=2.0539 anchor_dist=12.5888 dist_rec_pos=13.1123 eps_gap_rel=0.9851 cos_rec=0.3117
[TAM-CTL-DIAG step=3700] mse_pos=1.900192 mse_neg=1.326731 mse_rec=0.955699 neg_vs_rec=0.371032 rec_dist=1.9734 anchor_dist=13.5571 dist_rec_pos=13.5243 eps_gap_rel=1.0001 cos_rec=0.7424
[TAM-CTL-DIAG step=3800] mse_pos=1.911434 mse_neg=1.180943 mse_rec=0.937761 neg_vs_rec=0.243182 rec_dist=2.0684 anchor_dist=12.5189 dist_rec_pos=13.0703 eps_gap_rel=0.9887 cos_rec=0.3201
[TAM-CTL-DIAG step=3900] mse_pos=1.926581 mse_neg=1.346961 mse_rec=0.955021 neg_vs_rec=0.391940 rec_dist=2.0522 anchor_dist=13.6852 dist_rec_pos=13.5723 eps_gap_rel=1.0041 cos_rec=0.7620
[TAM-CTL-DIAG step=4000] mse_pos=1.893436 mse_neg=1.139269 mse_rec=0.930304 neg_vs_rec=0.208965 rec_dist=2.0607 anchor_dist=12.5882 dist_rec_pos=13.2763 eps_gap_rel=0.9894 cos_rec=0.2186
Running Evaluation...
Validation Result @ Iteration 4000; Milestone = 4 (Train)
---------  --------
mse_error  0.522813
---------  --------
Validation Result @ Iteration 4000; Milestone = 4 (ID: Validation)
---  --------
mse  0.521884
---  --------
[TAM-CTL-DIAG step=4100] mse_pos=1.877557 mse_neg=1.145100 mse_rec=0.932568 neg_vs_rec=0.212532 rec_dist=2.0323 anchor_dist=12.5548 dist_rec_pos=13.2395 eps_gap_rel=0.9922 cos_rec=0.2472
[TAM-CTL-DIAG step=4200] mse_pos=1.898038 mse_neg=1.446218 mse_rec=1.032647 neg_vs_rec=0.413571 rec_dist=1.4922 anchor_dist=13.9583 dist_rec_pos=13.9697 eps_gap_rel=1.0506 cos_rec=0.9609
[TAM-CTL-DIAG step=4300] mse_pos=1.862678 mse_neg=1.189041 mse_rec=0.937204 neg_vs_rec=0.251837 rec_dist=1.9674 anchor_dist=12.8536 dist_rec_pos=13.3404 eps_gap_rel=0.9963 cos_rec=0.3341
[TAM-CTL-DIAG step=4400] mse_pos=1.878036 mse_neg=1.119326 mse_rec=0.927988 neg_vs_rec=0.191339 rec_dist=2.2018 anchor_dist=12.5562 dist_rec_pos=13.3464 eps_gap_rel=0.9923 cos_rec=0.1712
[TAM-CTL-DIAG step=4500] mse_pos=1.948082 mse_neg=1.385583 mse_rec=0.951519 neg_vs_rec=0.434064 rec_dist=2.1316 anchor_dist=13.7243 dist_rec_pos=13.4977 eps_gap_rel=1.0060 cos_rec=0.8054
[TAM-CTL-DIAG step=4600] mse_pos=1.857502 mse_neg=1.041692 mse_rec=0.924973 neg_vs_rec=0.116719 rec_dist=2.0285 anchor_dist=12.3551 dist_rec_pos=13.4504 eps_gap_rel=0.9915 cos_rec=0.0391
[TAM-CTL-DIAG step=4700] mse_pos=1.931390 mse_neg=1.389634 mse_rec=0.948557 neg_vs_rec=0.441077 rec_dist=2.1597 anchor_dist=13.8188 dist_rec_pos=13.5641 eps_gap_rel=1.0053 cos_rec=0.8095
[TAM-CTL-DIAG step=4800] mse_pos=1.920967 mse_neg=1.195040 mse_rec=0.926336 neg_vs_rec=0.268704 rec_dist=2.3061 anchor_dist=12.8718 dist_rec_pos=13.3634 eps_gap_rel=0.9963 cos_rec=0.2886
[TAM-CTL-DIAG step=4900] mse_pos=1.921953 mse_neg=1.210284 mse_rec=0.926751 neg_vs_rec=0.283533 rec_dist=2.2600 anchor_dist=12.7687 dist_rec_pos=13.1929 eps_gap_rel=0.9992 cos_rec=0.3282
[TAM-CTL-DIAG step=5000] mse_pos=1.859788 mse_neg=1.081268 mse_rec=0.936826 neg_vs_rec=0.144442 rec_dist=1.9978 anchor_dist=12.1595 dist_rec_pos=13.1579 eps_gap_rel=0.9987 cos_rec=0.1134
Running Evaluation...
Validation Result @ Iteration 5000; Milestone = 5 (Train)
---------  --------
mse_error  0.245837
---------  --------
Validation Result @ Iteration 5000; Milestone = 5 (ID: Validation)
---  --------
mse  0.245629
---  --------
[TAM-CTL-DIAG step=5100] mse_pos=1.874875 mse_neg=1.101822 mse_rec=0.930937 neg_vs_rec=0.170885 rec_dist=2.0276 anchor_dist=12.5558 dist_rec_pos=13.4301 eps_gap_rel=0.9962 cos_rec=0.1325
[TAM-CTL-DIAG step=5200] mse_pos=1.885198 mse_neg=1.080058 mse_rec=0.927960 neg_vs_rec=0.152098 rec_dist=2.0842 anchor_dist=12.6194 dist_rec_pos=13.5911 eps_gap_rel=0.9920 cos_rec=0.0957
[TAM-CTL-DIAG step=5300] mse_pos=1.863433 mse_neg=1.060358 mse_rec=0.927400 neg_vs_rec=0.132958 rec_dist=2.0147 anchor_dist=12.4581 dist_rec_pos=13.4984 eps_gap_rel=0.9949 cos_rec=0.0677
[TAM-CTL-DIAG step=5400] mse_pos=1.851154 mse_neg=1.050787 mse_rec=0.932773 neg_vs_rec=0.118014 rec_dist=1.9369 anchor_dist=12.2084 dist_rec_pos=13.3226 eps_gap_rel=0.9976 cos_rec=0.0570
[TAM-CTL-DIAG step=5500] mse_pos=1.901063 mse_neg=1.122455 mse_rec=0.935307 neg_vs_rec=0.187147 rec_dist=2.0874 anchor_dist=12.6102 dist_rec_pos=13.4443 eps_gap_rel=1.0007 cos_rec=0.1700
[TAM-CTL-DIAG step=5600] mse_pos=1.897216 mse_neg=1.151111 mse_rec=0.926675 neg_vs_rec=0.224435 rec_dist=2.2085 anchor_dist=12.6949 dist_rec_pos=13.3711 eps_gap_rel=1.0009 cos_rec=0.2040
[TAM-CTL-DIAG step=5700] mse_pos=1.974597 mse_neg=1.362353 mse_rec=0.927816 neg_vs_rec=0.434537 rec_dist=2.2975 anchor_dist=13.7215 dist_rec_pos=13.5326 eps_gap_rel=0.9997 cos_rec=0.6105
[TAM-CTL-DIAG step=5800] mse_pos=1.895796 mse_neg=1.135152 mse_rec=0.934385 neg_vs_rec=0.200767 rec_dist=2.0522 anchor_dist=12.5706 dist_rec_pos=13.3296 eps_gap_rel=1.0024 cos_rec=0.1990
[TAM-CTL-DIAG step=5900] mse_pos=1.888963 mse_neg=1.114684 mse_rec=0.939779 neg_vs_rec=0.174905 rec_dist=2.0208 anchor_dist=12.3495 dist_rec_pos=13.2398 eps_gap_rel=1.0058 cos_rec=0.1519
[TAM-CTL-DIAG step=6000] mse_pos=1.868242 mse_neg=1.073167 mse_rec=0.932410 neg_vs_rec=0.140757 rec_dist=1.9930 anchor_dist=12.4263 dist_rec_pos=13.4295 eps_gap_rel=0.9996 cos_rec=0.0831
Running Evaluation...
Validation Result @ Iteration 6000; Milestone = 6 (Train)
---------  ---------
mse_error  0.0771698
---------  ---------
Validation Result @ Iteration 6000; Milestone = 6 (ID: Validation)
---  ---------
mse  0.0745698
---  ---------
[TAM-CTL-DIAG step=6100] mse_pos=1.925477 mse_neg=1.154302 mse_rec=0.929461 neg_vs_rec=0.224841 rec_dist=2.2588 anchor_dist=12.8323 dist_rec_pos=13.5274 eps_gap_rel=0.9982 cos_rec=0.1943
[TAM-CTL-DIAG step=6200] mse_pos=1.891375 mse_neg=1.116367 mse_rec=0.931859 neg_vs_rec=0.184509 rec_dist=2.2094 anchor_dist=12.5743 dist_rec_pos=13.4267 eps_gap_rel=1.0033 cos_rec=0.1386
[TAM-CTL-DIAG step=6300] mse_pos=1.907970 mse_neg=1.398600 mse_rec=0.944685 neg_vs_rec=0.453915 rec_dist=2.1207 anchor_dist=13.8451 dist_rec_pos=13.5895 eps_gap_rel=1.0102 cos_rec=0.8066
[TAM-CTL-DIAG step=6400] mse_pos=1.915540 mse_neg=1.391320 mse_rec=0.948911 neg_vs_rec=0.442409 rec_dist=2.0713 anchor_dist=13.8291 dist_rec_pos=13.6230 eps_gap_rel=1.0084 cos_rec=0.7936
[TAM-CTL-DIAG step=6500] mse_pos=1.901620 mse_neg=1.141643 mse_rec=0.934056 neg_vs_rec=0.207587 rec_dist=2.2128 anchor_dist=12.6650 dist_rec_pos=13.4454 eps_gap_rel=1.0031 cos_rec=0.1662
[TAM-CTL-DIAG step=6600] mse_pos=1.889902 mse_neg=1.118470 mse_rec=0.934157 neg_vs_rec=0.184313 rec_dist=2.1852 anchor_dist=12.4657 dist_rec_pos=13.3469 eps_gap_rel=1.0051 cos_rec=0.1497
[TAM-CTL-DIAG step=6700] mse_pos=1.954953 mse_neg=1.492595 mse_rec=1.036186 neg_vs_rec=0.456410 rec_dist=1.5021 anchor_dist=13.9411 dist_rec_pos=13.9399 eps_gap_rel=1.0496 cos_rec=0.9725
[TAM-CTL-DIAG step=6800] mse_pos=1.892959 mse_neg=1.134496 mse_rec=0.938773 neg_vs_rec=0.195723 rec_dist=2.1230 anchor_dist=12.6858 dist_rec_pos=13.4830 eps_gap_rel=1.0058 cos_rec=0.1710
[TAM-CTL-DIAG step=6900] mse_pos=1.933710 mse_neg=1.439911 mse_rec=0.940819 neg_vs_rec=0.499093 rec_dist=2.2790 anchor_dist=13.9418 dist_rec_pos=13.5472 eps_gap_rel=1.0098 cos_rec=0.8328
[TAM-CTL-DIAG step=7000] mse_pos=1.906352 mse_neg=1.108596 mse_rec=0.939690 neg_vs_rec=0.168906 rec_dist=2.1150 anchor_dist=12.5974 dist_rec_pos=13.5581 eps_gap_rel=1.0043 cos_rec=0.1178
Running Evaluation...
Validation Result @ Iteration 7000; Milestone = 7 (Train)
---------  ---------
mse_error  0.0222513
---------  ---------
Validation Result @ Iteration 7000; Milestone = 7 (ID: Validation)
---  ---------
mse  0.0219648
---  ---------
[TAM-CTL-DIAG step=7100] mse_pos=1.962813 mse_neg=1.290645 mse_rec=0.959621 neg_vs_rec=0.331023 rec_dist=2.1794 anchor_dist=12.9830 dist_rec_pos=13.3403 eps_gap_rel=1.0135 cos_rec=0.3717
[TAM-CTL-DIAG step=7200] mse_pos=1.967055 mse_neg=1.291635 mse_rec=0.970962 neg_vs_rec=0.320673 rec_dist=2.0762 anchor_dist=13.1353 dist_rec_pos=13.5352 eps_gap_rel=1.0159 cos_rec=0.3573
[TAM-CTL-DIAG step=7300] mse_pos=1.909777 mse_neg=1.232606 mse_rec=0.945746 neg_vs_rec=0.286860 rec_dist=2.0229 anchor_dist=13.2855 dist_rec_pos=13.7108 eps_gap_rel=1.0081 cos_rec=0.3235
[TAM-CTL-DIAG step=7400] mse_pos=1.901345 mse_neg=1.141933 mse_rec=0.938839 neg_vs_rec=0.203094 rec_dist=2.1602 anchor_dist=12.6331 dist_rec_pos=13.4556 eps_gap_rel=1.0065 cos_rec=0.1768
[TAM-CTL-DIAG step=7500] mse_pos=1.966354 mse_neg=1.272435 mse_rec=0.972570 neg_vs_rec=0.299865 rec_dist=2.0392 anchor_dist=13.0174 dist_rec_pos=13.5089 eps_gap_rel=1.0171 cos_rec=0.3240
[TAM-CTL-DIAG step=7600] mse_pos=1.970906 mse_neg=1.400039 mse_rec=0.947394 neg_vs_rec=0.452645 rec_dist=2.2342 anchor_dist=13.7898 dist_rec_pos=13.6074 eps_gap_rel=1.0110 cos_rec=0.5876
[TAM-CTL-DIAG step=7700] mse_pos=1.916685 mse_neg=1.155414 mse_rec=0.940193 neg_vs_rec=0.215221 rec_dist=2.1423 anchor_dist=13.0791 dist_rec_pos=13.8262 eps_gap_rel=1.0044 cos_rec=0.1695
[TAM-CTL-DIAG step=7800] mse_pos=1.975373 mse_neg=1.312113 mse_rec=0.958948 neg_vs_rec=0.353165 rec_dist=2.2372 anchor_dist=13.4919 dist_rec_pos=13.7491 eps_gap_rel=1.0129 cos_rec=0.3752
[TAM-CTL-DIAG step=7900] mse_pos=1.877576 mse_neg=1.071308 mse_rec=0.944922 neg_vs_rec=0.126386 rec_dist=1.9509 anchor_dist=12.2355 dist_rec_pos=13.3554 eps_gap_rel=1.0092 cos_rec=0.0638
[TAM-CTL-DIAG step=8000] mse_pos=1.931017 mse_neg=1.211296 mse_rec=0.965029 neg_vs_rec=0.246267 rec_dist=2.0794 anchor_dist=12.6851 dist_rec_pos=13.3945 eps_gap_rel=1.0164 cos_rec=0.2328
Running Evaluation...
Validation Result @ Iteration 8000; Milestone = 8 (Train)
---------  ---------
mse_error  0.0123949
---------  ---------
Validation Result @ Iteration 8000; Milestone = 8 (ID: Validation)
---  --------
mse  0.012303
---  --------
[TAM-CTL-DIAG step=8100] mse_pos=1.956970 mse_neg=1.249641 mse_rec=0.978191 neg_vs_rec=0.271450 rec_dist=2.0915 anchor_dist=13.2956 dist_rec_pos=13.9185 eps_gap_rel=1.0162 cos_rec=0.2476
[TAM-CTL-DIAG step=8200] mse_pos=1.920418 mse_neg=1.186858 mse_rec=0.975597 neg_vs_rec=0.211260 rec_dist=2.0623 anchor_dist=12.8206 dist_rec_pos=13.6756 eps_gap_rel=1.0178 cos_rec=0.1831
[TAM-CTL-DIAG step=8300] mse_pos=1.970150 mse_neg=1.317225 mse_rec=1.004755 neg_vs_rec=0.312471 rec_dist=1.8321 anchor_dist=13.3459 dist_rec_pos=13.8290 eps_gap_rel=1.0231 cos_rec=0.3361
[TAM-CTL-DIAG step=8400] mse_pos=1.916458 mse_neg=1.153438 mse_rec=0.969957 neg_vs_rec=0.183481 rec_dist=2.0281 anchor_dist=12.5561 dist_rec_pos=13.5133 eps_gap_rel=1.0156 cos_rec=0.1435
[TAM-CTL-DIAG step=8500] mse_pos=1.935987 mse_neg=1.474090 mse_rec=0.940672 neg_vs_rec=0.533418 rec_dist=2.2980 anchor_dist=13.7591 dist_rec_pos=13.3217 eps_gap_rel=1.0117 cos_rec=0.8510
[TAM-CTL-DIAG step=8600] mse_pos=1.952647 mse_neg=1.255447 mse_rec=1.005870 neg_vs_rec=0.249577 rec_dist=1.8598 anchor_dist=12.9199 dist_rec_pos=13.6972 eps_gap_rel=1.0240 cos_rec=0.2502
[TAM-CTL-DIAG step=8700] mse_pos=1.969651 mse_neg=1.320916 mse_rec=1.007273 neg_vs_rec=0.313643 rec_dist=1.8405 anchor_dist=13.2996 dist_rec_pos=13.7942 eps_gap_rel=1.0253 cos_rec=0.3267
[TAM-CTL-DIAG step=8800] mse_pos=1.947766 mse_neg=1.273987 mse_rec=0.995645 neg_vs_rec=0.278342 rec_dist=1.9443 anchor_dist=13.1875 dist_rec_pos=13.8303 eps_gap_rel=1.0241 cos_rec=0.2682
[TAM-CTL-DIAG step=8900] mse_pos=1.943310 mse_neg=1.516480 mse_rec=1.041914 neg_vs_rec=0.474565 rec_dist=1.5091 anchor_dist=14.1377 dist_rec_pos=14.1301 eps_gap_rel=1.0449 cos_rec=0.9773
[TAM-CTL-DIAG step=9000] mse_pos=1.957475 mse_neg=1.259190 mse_rec=1.007609 neg_vs_rec=0.251581 rec_dist=1.8725 anchor_dist=12.8883 dist_rec_pos=13.6624 eps_gap_rel=1.0248 cos_rec=0.2399
Running Evaluation...
Validation Result @ Iteration 9000; Milestone = 9 (Train)
---------  ---------
mse_error  0.0105154
---------  ---------
Validation Result @ Iteration 9000; Milestone = 9 (ID: Validation)
---  ---------
mse  0.0104753
---  ---------
[TAM-CTL-DIAG step=9100] mse_pos=1.919975 mse_neg=1.154998 mse_rec=0.973482 neg_vs_rec=0.181516 rec_dist=2.0803 anchor_dist=12.8161 dist_rec_pos=13.8081 eps_gap_rel=1.0167 cos_rec=0.1247
[TAM-CTL-DIAG step=9200] mse_pos=1.957066 mse_neg=1.276446 mse_rec=0.996288 neg_vs_rec=0.280157 rec_dist=1.9510 anchor_dist=13.1176 dist_rec_pos=13.7640 eps_gap_rel=1.0225 cos_rec=0.2674
[TAM-CTL-DIAG step=9300] mse_pos=1.968921 mse_neg=1.273900 mse_rec=1.004217 neg_vs_rec=0.269682 rec_dist=1.8860 anchor_dist=12.9451 dist_rec_pos=13.6469 eps_gap_rel=1.0259 cos_rec=0.2696
[TAM-CTL-DIAG step=9400] mse_pos=1.963789 mse_neg=1.315850 mse_rec=1.010470 neg_vs_rec=0.305380 rec_dist=1.8553 anchor_dist=13.3244 dist_rec_pos=13.8674 eps_gap_rel=1.0263 cos_rec=0.3169
[TAM-CTL-DIAG step=9500] mse_pos=1.886187 mse_neg=1.047895 mse_rec=0.942093 neg_vs_rec=0.105802 rec_dist=1.9348 anchor_dist=12.6176 dist_rec_pos=13.8019 eps_gap_rel=1.0052 cos_rec=0.0209
[TAM-CTL-DIAG step=9600] mse_pos=1.923455 mse_neg=1.188493 mse_rec=0.983495 neg_vs_rec=0.204998 rec_dist=1.9371 anchor_dist=12.7987 dist_rec_pos=13.6917 eps_gap_rel=1.0190 cos_rec=0.1608
[TAM-CTL-DIAG step=9700] mse_pos=1.961687 mse_neg=1.256619 mse_rec=0.998522 neg_vs_rec=0.258098 rec_dist=1.9464 anchor_dist=13.3140 dist_rec_pos=14.0381 eps_gap_rel=1.0217 cos_rec=0.2262
[TAM-CTL-DIAG step=9800] mse_pos=1.950353 mse_neg=1.508786 mse_rec=0.934120 neg_vs_rec=0.574667 rec_dist=2.4216 anchor_dist=14.2188 dist_rec_pos=13.6339 eps_gap_rel=1.0083 cos_rec=0.8657
[TAM-CTL-DIAG step=9900] mse_pos=1.926437 mse_neg=1.170179 mse_rec=0.973966 neg_vs_rec=0.196213 rec_dist=2.0389 anchor_dist=12.7460 dist_rec_pos=13.6839 eps_gap_rel=1.0169 cos_rec=0.1440
[TAM-CTL-DIAG step=10000] mse_pos=1.943803 mse_neg=1.232030 mse_rec=0.986121 neg_vs_rec=0.245908 rec_dist=2.0171 anchor_dist=12.9588 dist_rec_pos=13.7392 eps_gap_rel=1.0215 cos_rec=0.2144
Running Evaluation...
Validation Result @ Iteration 10000; Milestone = 10 (Train)
---------  ---------
mse_error  0.0100132
---------  ---------
Validation Result @ Iteration 10000; Milestone = 10 (ID: Validation)
---  --------
mse  0.010046
---  --------
training complete
Training completed!
Saving final model checkpoint to: projects/ired/results/ds_inverse/q228_implied_noise/final_model.pt
Final model checkpoint saved successfully (0 EBM parameters)
Results saved to: projects/ired/results/ds_inverse/q228_implied_noise/results.json
Experiment completed at Thu Feb 26 11:00:12 EST 2026
Copying results to persistent storage...
sending incremental file list
./
summary.md
ds_inverse/
ds_inverse/q224_test_local/
ds_inverse/q224_test_local/experiment_config.json
ds_inverse/q228_implied_noise/
ds_inverse/q228_implied_noise/experiment_config.json
ds_inverse/q228_implied_noise/final_model.pt
ds_inverse/q228_implied_noise/model-1.pt
ds_inverse/q228_implied_noise/model-10.pt
ds_inverse/q228_implied_noise/model-2.pt
ds_inverse/q228_implied_noise/model-3.pt
ds_inverse/q228_implied_noise/model-4.pt
ds_inverse/q228_implied_noise/model-5.pt
ds_inverse/q228_implied_noise/model-6.pt
ds_inverse/q228_implied_noise/model-7.pt
ds_inverse/q228_implied_noise/model-8.pt
ds_inverse/q228_implied_noise/model-9.pt
ds_inverse/q228_implied_noise/results.json
test_run/
test_run/experiment_config.json

sent 214,192,110 bytes  received 351 bytes  85,676,984.40 bytes/sec
total size is 214,138,516  speedup is 1.00
Results copied to /n/home03/mkrasnow/research-repo/projects/ired/results/
Cleaning up work directory...
