Job started at Sun Feb 22 11:05:39 EST 2026
Running on host: holygpu8a16301.rc.fas.harvard.edu
Job ID: 61624839, Array Task ID: 17
GPU info:
Sun Feb 22 11:05:39 2026       
+-----------------------------------------------------------------------------------------+
| NVIDIA-SMI 575.57.08              Driver Version: 575.57.08      CUDA Version: 12.9     |
|-----------------------------------------+------------------------+----------------------+
| GPU  Name                 Persistence-M | Bus-Id          Disp.A | Volatile Uncorr. ECC |
| Fan  Temp   Perf          Pwr:Usage/Cap |           Memory-Usage | GPU-Util  Compute M. |
|                                         |                        |               MIG M. |
|=========================================+========================+======================|
|   0  NVIDIA H200                    On  |   00000000:A6:00.0 Off |                    0 |
| N/A   26C    P0             73W /  700W |       0MiB / 143771MiB |      0%      Default |
|                                         |                        |             Disabled |
+-----------------------------------------+------------------------+----------------------+
                                                                                         
+-----------------------------------------------------------------------------------------+
| Processes:                                                                              |
|  GPU   GI   CI              PID   Type   Process name                        GPU Memory |
|        ID   ID                                                               Usage      |
|=========================================================================================|
|  No running processes found                                                             |
+-----------------------------------------------------------------------------------------+
Cloning repository...
Repository cloned and checked out to: d0be063
d0be063 Fix q220 sweep performance: 4 workers + 32G mem + 12h time limit
Starting q220 TAM sweep config 17 (batch A: 0-22)...
Loading configuration from: projects/ired/configs/q220_sweep_17.json
Configuration saved to: results/ds_inverse/q220_sweep_17/experiment_config.json
Setting random seed: 0
Starting experiment with mining strategy: tam
Configuration: {
  "experiment_name": "q220_sweep_17",
  "description": "TAM mini-sweep: delta=1.0 pgd_steps=1 anchor=1 ctl=0.01 gc=False",
  "investigation": "ired-tam",
  "ablation_stage": "tam_sweep",
  "mining_strategy": "tam",
  "rank": 220,
  "ood": false,
  "diffusion_steps": 10,
  "batch_size": 2048,
  "train_steps": 20000,
  "learning_rate": 0.0001,
  "use_scalar_energy": true,
  "use_ired_contrastive_loss": false,
  "use_gradient_contrastive": false,
  "gc_temperature": 1.0,
  "use_pgd_negatives": true,
  "pgd_center_on_positive": false,
  "pgd_delta": 1.0,
  "pgd_step_size": 1.0,
  "mining_opt_steps": 1,
  "tam_trajectory_anchor_step": 1,
  "tam_ctl_weight": 0.01,
  "tam_recovery_steps": 3,
  "mining_noise_scale": 1.5,
  "use_replay_buffer": false,
  "use_cd_loss": false,
  "energy_loss_weight": 0.05,
  "energy_reg_weight": 0.0,
  "use_residual_filter": false,
  "use_energy_schedule": false,
  "adam_betas": [
    0.0,
    0.999
  ],
  "output_dir": "results/ds_inverse/q220_sweep_17",
  "notes": "TAM sweep config 17: delta=1.0, pgd_steps=1, anchor_step=1, ctl_weight=0.01, use_gc=False. 20k steps for compute-fair mini-sweep.",
  "seed": 0
}
Dataset: Inverse matrices (220x220)
Input dimension: 48400, Output dimension: 48400
Trainer initialized. Output directory: results/ds_inverse/q220_sweep_17
Training for 20000 steps...
[CD-DIAG step=100] E_pos=-0.1286 E_neg=-0.1286 margin=-0.0001 E_wtd=0.034659 MSE=1.000027 gradE=0.0011 pred_norm=0.0000 pred_std=0.0000 pred_abs=0.0000 tgt_std=0.9999 tgt_abs=0.7978 cos=-0.0000 neg_dist=23.0555 lang_grad0=0.0000 lang_gradK=0.0000 lang_disp=0.0000 step=0.0000 sigma=0.0000
[TAM-DIAG step=100] mse=1.000027 neg_dist=23.0555 anchor_dist=23.0555 pgd_disp=0.0000 mse_neg_init=0.9999 mse_neg_final=0.9999 recovery_mse_before=0.000000 recovery_mse_after=0.000000 pred_norm=0.0000 cos=-0.0000
[CD-DIAG step=200] E_pos=-0.0676 E_neg=-0.0677 margin=-0.0000 E_wtd=0.034658 MSE=1.000045 gradE=0.0006 pred_norm=0.0000 pred_std=0.0000 pred_abs=0.0000 tgt_std=1.0001 tgt_abs=0.7980 cos=0.0002 neg_dist=11.7212 lang_grad0=0.0000 lang_gradK=0.0000 lang_disp=0.0000 step=0.0000 sigma=0.0000
[TAM-DIAG step=200] mse=1.000045 neg_dist=11.7212 anchor_dist=11.7212 pgd_disp=0.0000 mse_neg_init=1.0002 mse_neg_final=1.0002 recovery_mse_before=0.000000 recovery_mse_after=0.000000 pred_norm=0.0000 cos=0.0002
[CD-DIAG step=300] E_pos=-0.2819 E_neg=-0.2820 margin=-0.0001 E_wtd=0.034660 MSE=1.000091 gradE=0.0005 pred_norm=0.0000 pred_std=0.0000 pred_abs=0.0000 tgt_std=0.9999 tgt_abs=0.7978 cos=0.0001 neg_dist=69.2712 lang_grad0=0.0000 lang_gradK=0.0000 lang_disp=0.0000 step=0.0000 sigma=0.0000
[TAM-DIAG step=300] mse=1.000091 neg_dist=69.2712 anchor_dist=69.2712 pgd_disp=0.0000 mse_neg_init=0.9998 mse_neg_final=0.9998 recovery_mse_before=0.000000 recovery_mse_after=0.000000 pred_norm=0.0000 cos=0.0001
[CD-DIAG step=400] E_pos=0.0287 E_neg=0.0287 margin=-0.0000 E_wtd=0.034658 MSE=1.000060 gradE=0.0004 pred_norm=0.0000 pred_std=0.0000 pred_abs=0.0000 tgt_std=1.0000 tgt_abs=0.7978 cos=-0.0000 neg_dist=8.4733 lang_grad0=0.0000 lang_gradK=0.0000 lang_disp=0.0000 step=0.0000 sigma=0.0000
[TAM-DIAG step=400] mse=1.000060 neg_dist=8.4733 anchor_dist=8.4733 pgd_disp=0.0000 mse_neg_init=0.9999 mse_neg_final=0.9999 recovery_mse_before=0.000000 recovery_mse_after=0.000000 pred_norm=0.0000 cos=-0.0000
[CD-DIAG step=500] E_pos=-0.0571 E_neg=-0.0571 margin=-0.0000 E_wtd=0.034658 MSE=0.999805 gradE=0.0004 pred_norm=0.0000 pred_std=0.0000 pred_abs=0.0000 tgt_std=1.0000 tgt_abs=0.7979 cos=-0.0001 neg_dist=4.5221 lang_grad0=0.0000 lang_gradK=0.0000 lang_disp=0.0000 step=0.0000 sigma=0.0000
[TAM-DIAG step=500] mse=0.999805 neg_dist=4.5221 anchor_dist=4.5221 pgd_disp=0.0000 mse_neg_init=1.0001 mse_neg_final=1.0001 recovery_mse_before=0.000000 recovery_mse_after=0.000000 pred_norm=0.0000 cos=-0.0001
[CD-DIAG step=600] E_pos=-0.1443 E_neg=-0.1443 margin=-0.0000 E_wtd=0.034658 MSE=1.000327 gradE=0.0003 pred_norm=0.0000 pred_std=0.0000 pred_abs=0.0000 tgt_std=1.0000 tgt_abs=0.7978 cos=-0.0002 neg_dist=8.1070 lang_grad0=0.0000 lang_gradK=0.0000 lang_disp=0.0000 step=0.0000 sigma=0.0000
[TAM-DIAG step=600] mse=1.000327 neg_dist=8.1070 anchor_dist=8.1070 pgd_disp=0.0000 mse_neg_init=1.0000 mse_neg_final=1.0000 recovery_mse_before=0.000000 recovery_mse_after=0.000000 pred_norm=0.0000 cos=-0.0002
[CD-DIAG step=700] E_pos=-0.0923 E_neg=-0.0923 margin=-0.0000 E_wtd=0.034658 MSE=0.999929 gradE=0.0004 pred_norm=0.0000 pred_std=0.0000 pred_abs=0.0000 tgt_std=1.0000 tgt_abs=0.7979 cos=0.0002 neg_dist=6.0856 lang_grad0=0.0000 lang_gradK=0.0000 lang_disp=0.0000 step=0.0000 sigma=0.0000
[TAM-DIAG step=700] mse=0.999929 neg_dist=6.0856 anchor_dist=6.0856 pgd_disp=0.0000 mse_neg_init=0.9999 mse_neg_final=0.9999 recovery_mse_before=0.000000 recovery_mse_after=0.000000 pred_norm=0.0000 cos=0.0002
[CD-DIAG step=800] E_pos=-0.1342 E_neg=-0.1343 margin=-0.0000 E_wtd=0.034658 MSE=1.000012 gradE=0.0003 pred_norm=0.0000 pred_std=0.0000 pred_abs=0.0000 tgt_std=1.0000 tgt_abs=0.7979 cos=0.0000 neg_dist=40.1883 lang_grad0=0.0000 lang_gradK=0.0000 lang_disp=0.0000 step=0.0000 sigma=0.0000
[TAM-DIAG step=800] mse=1.000012 neg_dist=40.1883 anchor_dist=40.1883 pgd_disp=0.0000 mse_neg_init=1.0001 mse_neg_final=1.0001 recovery_mse_before=0.000000 recovery_mse_after=0.000000 pred_norm=0.0000 cos=0.0000
