Job started at Thu Feb 19 10:54:49 EST 2026
Running on host: holygpu8a22406.rc.fas.harvard.edu
Job ID: 61183520
Git URL: https://github.com/mdkrasnow/research-repo.git
Git SHA: 68072879cec015022d527c62ad5800482c997026
Work directory: /tmp/ired-job-61183520
GPU info:
Thu Feb 19 10:54:49 2026       
+-----------------------------------------------------------------------------------------+
| NVIDIA-SMI 575.57.08              Driver Version: 575.57.08      CUDA Version: 12.9     |
|-----------------------------------------+------------------------+----------------------+
| GPU  Name                 Persistence-M | Bus-Id          Disp.A | Volatile Uncorr. ECC |
| Fan  Temp   Perf          Pwr:Usage/Cap |           Memory-Usage | GPU-Util  Compute M. |
|                                         |                        |               MIG M. |
|=========================================+========================+======================|
|   0  NVIDIA A100-SXM4-80GB          On  |   00000000:CA:00.0 Off |                    0 |
| N/A   28C    P0             61W /  500W |       0MiB /  81920MiB |      0%      Default |
|                                         |                        |             Disabled |
+-----------------------------------------+------------------------+----------------------+
                                                                                         
+-----------------------------------------------------------------------------------------+
| Processes:                                                                              |
|  GPU   GI   CI              PID   Type   Process name                        GPU Memory |
|        ID   ID                                                               Usage      |
|=========================================================================================|
|  No running processes found                                                             |
+-----------------------------------------------------------------------------------------+
Cloning repository...
Repository cloned and checked out to: 6807287
Repository info:
6807287 Add q214/q215: scalar energy + standard CD loss (no hinge), 100K steps
Starting q214: scalar energy + CD loss + Langevin...
Loading configuration from: projects/ired/configs/q214_scalar_cd_langevin.json
Configuration saved to: results/ds_inverse/q214_scalar_cd_langevin/experiment_config.json
Setting random seed: 1
Starting experiment with mining strategy: cd_langevin
Configuration: {
  "experiment_name": "q214_scalar_cd_langevin",
  "description": "Scalar energy head + standard CD loss + Langevin sampling. No contrastive/hinge.",
  "investigation": "ired-cd",
  "ablation_stage": "scalar_cd_langevin",
  "mining_strategy": "cd_langevin",
  "rank": 20,
  "ood": false,
  "diffusion_steps": 10,
  "batch_size": 2048,
  "train_steps": 100000,
  "learning_rate": 0.0001,
  "mining_opt_steps": 10,
  "energy_reg_weight": 0.1,
  "mining_noise_scale": 1.5,
  "langevin_sigma_multiplier": 0.1,
  "use_langevin": true,
  "use_replay_buffer": false,
  "use_cd_loss": true,
  "use_ired_contrastive_loss": false,
  "use_scalar_energy": true,
  "use_residual_filter": false,
  "use_energy_schedule": false,
  "energy_loss_weight": 0.05,
  "adam_betas": [
    0.0,
    0.999
  ],
  "output_dir": "results/ds_inverse/q214_scalar_cd_langevin",
  "notes": "Standard CD loss (E_neg - E_pos) with scalar energy head. Langevin sampling for negatives (k=10 steps). No hinge/contrastive. Tests whether CD loss works with scalar energy head that avoids gradient collapse.",
  "seed": 1
}
Dataset: Inverse matrices (20x20)
Input dimension: 400, Output dimension: 400
Trainer initialized. Output directory: results/ds_inverse/q214_scalar_cd_langevin
Training for 100000 steps...
[CD-DIAG step=100] E_pos=0.1594 E_neg=0.0796 margin=-0.0798 E_wtd=-0.003989 MSE=0.999041 gradE=0.1041 pred=0.0001 neg_dist=23.0994 lang_grad0=0.0001 lang_gradK=0.0001 lang_disp=7.3724 step=0.4393 sigma=0.0906
[CD-DIAG step=200] E_pos=0.2900 E_neg=0.1293 margin=-0.1607 E_wtd=-0.008034 MSE=0.999104 gradE=0.1913 pred=0.0001 neg_dist=23.1976 lang_grad0=0.0001 lang_gradK=0.0001 lang_disp=7.4010 step=0.4398 sigma=0.0907
[CD-DIAG step=300] E_pos=0.3823 E_neg=0.1365 margin=-0.2458 E_wtd=-0.012289 MSE=1.001063 gradE=0.2580 pred=0.0001 neg_dist=23.3160 lang_grad0=0.0001 lang_gradK=0.0001 lang_disp=7.4212 step=0.4426 sigma=0.0909
[CD-DIAG step=400] E_pos=0.4711 E_neg=0.1631 margin=-0.3080 E_wtd=-0.015400 MSE=0.998490 gradE=0.3065 pred=0.0001 neg_dist=23.3888 lang_grad0=0.0002 lang_gradK=0.0002 lang_disp=7.4724 step=0.4476 sigma=0.0914
[CD-DIAG step=500] E_pos=0.5428 E_neg=0.1775 margin=-0.3653 E_wtd=-0.018263 MSE=1.000899 gradE=0.3442 pred=0.0002 neg_dist=23.1698 lang_grad0=0.0002 lang_gradK=0.0002 lang_disp=7.4839 step=0.4530 sigma=0.0917
[CD-DIAG step=600] E_pos=0.6415 E_neg=0.2039 margin=-0.4376 E_wtd=-0.021879 MSE=1.000714 gradE=0.3832 pred=0.0002 neg_dist=23.5665 lang_grad0=0.0002 lang_gradK=0.0002 lang_disp=7.5301 step=0.4495 sigma=0.0917
[CD-DIAG step=700] E_pos=0.7234 E_neg=0.1935 margin=-0.5299 E_wtd=-0.026496 MSE=0.999948 gradE=0.4145 pred=0.0002 neg_dist=23.3018 lang_grad0=0.0002 lang_gradK=0.0002 lang_disp=7.4542 step=0.4490 sigma=0.0915
[CD-DIAG step=800] E_pos=0.8490 E_neg=0.2414 margin=-0.6076 E_wtd=-0.030378 MSE=1.000977 gradE=0.4526 pred=0.0002 neg_dist=23.2758 lang_grad0=0.0002 lang_gradK=0.0002 lang_disp=7.4561 step=0.4479 sigma=0.0914
[CD-DIAG step=900] E_pos=0.9002 E_neg=0.2058 margin=-0.6943 E_wtd=-0.034716 MSE=0.999795 gradE=0.4849 pred=0.0002 neg_dist=23.1095 lang_grad0=0.0003 lang_gradK=0.0002 lang_disp=7.3822 step=0.4410 sigma=0.0907
[CD-DIAG step=1000] E_pos=1.0517 E_neg=0.2609 margin=-0.7909 E_wtd=-0.039543 MSE=1.001855 gradE=0.5202 pred=0.0003 neg_dist=23.3875 lang_grad0=0.0003 lang_gradK=0.0003 lang_disp=7.5238 step=0.4547 sigma=0.0920
Running Evaluation...
Validation Result @ Iteration 1000; Milestone = 1 (Train)
---------  -------
mse_error  3.86917
---------  -------
Validation Result @ Iteration 1000; Milestone = 1 (ID: Validation)
---  -------
mse  3.73842
---  -------
[CD-DIAG step=1100] E_pos=1.1285 E_neg=0.2352 margin=-0.8933 E_wtd=-0.044665 MSE=0.998142 gradE=0.5590 pred=0.0003 neg_dist=23.1922 lang_grad0=0.0003 lang_gradK=0.0003 lang_disp=7.3881 step=0.4396 sigma=0.0907
[CD-DIAG step=1200] E_pos=1.2462 E_neg=0.2178 margin=-1.0284 E_wtd=-0.051419 MSE=1.001615 gradE=0.6064 pred=0.0003 neg_dist=23.4591 lang_grad0=0.0003 lang_gradK=0.0003 lang_disp=7.4953 step=0.4499 sigma=0.0916
[CD-DIAG step=1300] E_pos=1.3874 E_neg=0.2143 margin=-1.1732 E_wtd=-0.058658 MSE=1.000619 gradE=0.6476 pred=0.0003 neg_dist=23.2561 lang_grad0=0.0004 lang_gradK=0.0003 lang_disp=7.4222 step=0.4444 sigma=0.0910
[CD-DIAG step=1400] E_pos=1.5371 E_neg=0.2398 margin=-1.2972 E_wtd=-0.064861 MSE=1.000989 gradE=0.6939 pred=0.0003 neg_dist=23.2766 lang_grad0=0.0004 lang_gradK=0.0004 lang_disp=7.4395 step=0.4462 sigma=0.0912
[CD-DIAG step=1500] E_pos=1.6651 E_neg=0.2472 margin=-1.4179 E_wtd=-0.070894 MSE=1.000913 gradE=0.7435 pred=0.0004 neg_dist=23.3654 lang_grad0=0.0004 lang_gradK=0.0004 lang_disp=7.4435 step=0.4454 sigma=0.0912
[CD-DIAG step=1600] E_pos=1.8177 E_neg=0.1925 margin=-1.6253 E_wtd=-0.081264 MSE=0.999551 gradE=0.7945 pred=0.0004 neg_dist=23.5121 lang_grad0=0.0004 lang_gradK=0.0004 lang_disp=7.5406 step=0.4522 sigma=0.0918
[CD-DIAG step=1700] E_pos=1.9070 E_neg=0.1970 margin=-1.7100 E_wtd=-0.085499 MSE=1.000699 gradE=0.8396 pred=0.0004 neg_dist=23.1981 lang_grad0=0.0005 lang_gradK=0.0005 lang_disp=7.3974 step=0.4434 sigma=0.0910
[CD-DIAG step=1800] E_pos=1.9822 E_neg=0.1341 margin=-1.8482 E_wtd=-0.092409 MSE=1.000610 gradE=0.8905 pred=0.0004 neg_dist=23.0272 lang_grad0=0.0005 lang_gradK=0.0005 lang_disp=7.3537 step=0.4377 sigma=0.0904
[CD-DIAG step=1900] E_pos=2.2204 E_neg=0.1421 margin=-2.0782 E_wtd=-0.103911 MSE=1.002469 gradE=0.9457 pred=0.0005 neg_dist=23.5397 lang_grad0=0.0005 lang_gradK=0.0005 lang_disp=7.4882 step=0.4513 sigma=0.0918
[CD-DIAG step=2000] E_pos=2.3167 E_neg=0.0748 margin=-2.2419 E_wtd=-0.112096 MSE=0.997613 gradE=1.0023 pred=0.0005 neg_dist=23.6401 lang_grad0=0.0006 lang_gradK=0.0005 lang_disp=7.5212 step=0.4505 sigma=0.0918
Running Evaluation...
Validation Result @ Iteration 2000; Milestone = 2 (Train)
---------  -------
mse_error  3.85775
---------  -------
Validation Result @ Iteration 2000; Milestone = 2 (ID: Validation)
---  -------
mse  3.65335
---  -------
[CD-DIAG step=2100] E_pos=2.1799 E_neg=-0.4690 margin=-2.6489 E_wtd=-0.132443 MSE=1.001205 gradE=1.1528 pred=0.0006 neg_dist=23.4691 lang_grad0=0.0007 lang_gradK=0.0006 lang_disp=7.4531 step=0.4413 sigma=0.0909
[CD-DIAG step=2200] E_pos=2.4497 E_neg=-0.4117 margin=-2.8615 E_wtd=-0.143073 MSE=0.999812 gradE=1.2451 pred=0.0006 neg_dist=23.3149 lang_grad0=0.0007 lang_gradK=0.0007 lang_disp=7.4509 step=0.4466 sigma=0.0913
[CD-DIAG step=2300] E_pos=2.6401 E_neg=-0.4540 margin=-3.0941 E_wtd=-0.154707 MSE=0.999118 gradE=1.3119 pred=0.0006 neg_dist=23.3066 lang_grad0=0.0008 lang_gradK=0.0007 lang_disp=7.4855 step=0.4502 sigma=0.0916
[CD-DIAG step=2400] E_pos=2.7823 E_neg=-0.5408 margin=-3.3231 E_wtd=-0.166156 MSE=1.000263 gradE=1.3538 pred=0.0007 neg_dist=23.1895 lang_grad0=0.0008 lang_gradK=0.0008 lang_disp=7.3581 step=0.4365 sigma=0.0904
[CD-DIAG step=2500] E_pos=2.8807 E_neg=-0.4595 margin=-3.3402 E_wtd=-0.167008 MSE=1.002941 gradE=1.3854 pred=0.0007 neg_dist=22.9624 lang_grad0=0.0008 lang_gradK=0.0008 lang_disp=7.3367 step=0.4377 sigma=0.0904
[CD-DIAG step=2600] E_pos=2.9155 E_neg=-0.6364 margin=-3.5519 E_wtd=-0.177595 MSE=1.001684 gradE=1.4239 pred=0.0007 neg_dist=23.2702 lang_grad0=0.0008 lang_gradK=0.0008 lang_disp=7.4667 step=0.4479 sigma=0.0914
[CD-DIAG step=2700] E_pos=2.9235 E_neg=-0.6970 margin=-3.6205 E_wtd=-0.181027 MSE=1.000302 gradE=1.4578 pred=0.0007 neg_dist=23.3817 lang_grad0=0.0009 lang_gradK=0.0008 lang_disp=7.4798 step=0.4477 sigma=0.0914
[CD-DIAG step=2800] E_pos=3.0096 E_neg=-0.6587 margin=-3.6684 E_wtd=-0.183418 MSE=1.001236 gradE=1.4698 pred=0.0007 neg_dist=23.3097 lang_grad0=0.0009 lang_gradK=0.0008 lang_disp=7.4183 step=0.4428 sigma=0.0910
[CD-DIAG step=2900] E_pos=3.1280 E_neg=-0.6815 margin=-3.8095 E_wtd=-0.190474 MSE=0.999946 gradE=1.4878 pred=0.0007 neg_dist=23.4332 lang_grad0=0.0009 lang_gradK=0.0008 lang_disp=7.4925 step=0.4463 sigma=0.0914
[CD-DIAG step=3000] E_pos=3.0728 E_neg=-0.7900 margin=-3.8628 E_wtd=-0.193140 MSE=0.997887 gradE=1.4878 pred=0.0007 neg_dist=23.1254 lang_grad0=0.0009 lang_gradK=0.0008 lang_disp=7.3624 step=0.4396 sigma=0.0906
Running Evaluation...
Validation Result @ Iteration 3000; Milestone = 3 (Train)
---------  -------
mse_error  3.84365
---------  -------
Validation Result @ Iteration 3000; Milestone = 3 (ID: Validation)
---  -------
mse  3.55423
---  -------
[CD-DIAG step=3100] E_pos=3.1356 E_neg=-0.8133 margin=-3.9489 E_wtd=-0.197445 MSE=0.999461 gradE=1.5190 pred=0.0007 neg_dist=23.4512 lang_grad0=0.0009 lang_gradK=0.0009 lang_disp=7.4882 step=0.4508 sigma=0.0917
[CD-DIAG step=3200] E_pos=3.0694 E_neg=-0.8456 margin=-3.9150 E_wtd=-0.195752 MSE=0.998990 gradE=1.5213 pred=0.0007 neg_dist=23.3010 lang_grad0=0.0009 lang_gradK=0.0009 lang_disp=7.4203 step=0.4433 sigma=0.0910
