Job started at Wed Feb 18 14:22:54 EST 2026
Running on host: holygpu8a22405.rc.fas.harvard.edu
Job ID: 60998503
Git URL: https://github.com/mdkrasnow/research-repo.git
Git SHA: b4dc8f44962e76570545f4e364fcfc7d212b8094
Work directory: /tmp/ired-job-60998503
GPU info:
Wed Feb 18 14:22:55 2026       
+-----------------------------------------------------------------------------------------+
| NVIDIA-SMI 575.57.08              Driver Version: 575.57.08      CUDA Version: 12.9     |
|-----------------------------------------+------------------------+----------------------+
| GPU  Name                 Persistence-M | Bus-Id          Disp.A | Volatile Uncorr. ECC |
| Fan  Temp   Perf          Pwr:Usage/Cap |           Memory-Usage | GPU-Util  Compute M. |
|                                         |                        |               MIG M. |
|=========================================+========================+======================|
|   0  NVIDIA A100-SXM4-80GB          On  |   00000000:4B:00.0 Off |                    0 |
| N/A   28C    P0             58W /  500W |       0MiB /  81920MiB |      0%      Default |
|                                         |                        |             Disabled |
+-----------------------------------------+------------------------+----------------------+
                                                                                         
+-----------------------------------------------------------------------------------------+
| Processes:                                                                              |
|  GPU   GI   CI              PID   Type   Process name                        GPU Memory |
|        ID   ID                                                               Usage      |
|=========================================================================================|
|  No running processes found                                                             |
+-----------------------------------------------------------------------------------------+
Cloning repository...
Repository cloned and checked out to: b4dc8f4
Repository info:
b4dc8f4 Fix critical broadcasting bug in IRED-CD energy loss
Starting IRED-CD baseline (current NCE implementation)...
Loading configuration from: projects/ired/configs/q201_baseline.json
Configuration saved to: results/ds_inverse/q201_baseline/experiment_config.json
Setting random seed: 0
Starting experiment with mining strategy: adversarial
Configuration: {
  "experiment_name": "q201_baseline",
  "description": "IRED-CD Investigation - Baseline (current NCE implementation for comparison)",
  "investigation": "ired-cd",
  "ablation_stage": "baseline",
  "mining_strategy": "adversarial",
  "rank": 20,
  "ood": false,
  "diffusion_steps": 10,
  "batch_size": 2048,
  "train_steps": 100000,
  "learning_rate": 0.0001,
  "mining_opt_steps": 10,
  "mining_noise_scale": 1.5,
  "output_dir": "results/ds_inverse/q201_baseline",
  "notes": "Current implementation with NCE loss. Baseline for IRED-CD ablation study. Using k=10 steps, noise_scale=1.5 (reduced from 3.0).",
  "seed": 0
}
Dataset: Inverse matrices (20x20)
Input dimension: 400, Output dimension: 400
Trainer initialized. Output directory: results/ds_inverse/q201_baseline
Training for 100000 steps...
Running Evaluation...
Validation Result @ Iteration 1000; Milestone = 1 (Train)
---------  -------
mse_error  2.80981
---------  -------
Validation Result @ Iteration 1000; Milestone = 1 (ID: Validation)
---  ------
mse  3.2988
---  ------
Running Evaluation...
Validation Result @ Iteration 2000; Milestone = 2 (Train)
---------  -------
mse_error  3.17319
---------  -------
Validation Result @ Iteration 2000; Milestone = 2 (ID: Validation)
---  -------
mse  2.68989
---  -------
Running Evaluation...
Validation Result @ Iteration 3000; Milestone = 3 (Train)
---------  -------
mse_error  2.61028
---------  -------
Validation Result @ Iteration 3000; Milestone = 3 (ID: Validation)
---  -------
mse  2.22736
---  -------
Running Evaluation...
Validation Result @ Iteration 4000; Milestone = 4 (Train)
---------  ------
mse_error  1.8095
---------  ------
Validation Result @ Iteration 4000; Milestone = 4 (ID: Validation)
---  -------
mse  1.90372
---  -------
Running Evaluation...
Validation Result @ Iteration 5000; Milestone = 5 (Train)
---------  -------
mse_error  1.39544
---------  -------
Validation Result @ Iteration 5000; Milestone = 5 (ID: Validation)
---  -------
mse  1.60969
---  -------
Running Evaluation...
Validation Result @ Iteration 6000; Milestone = 6 (Train)
---------  -------
mse_error  1.11933
---------  -------
Validation Result @ Iteration 6000; Milestone = 6 (ID: Validation)
---  --------
mse  0.502979
---  --------
Running Evaluation...
Validation Result @ Iteration 7000; Milestone = 7 (Train)
---------  --------
mse_error  0.915201
---------  --------
Validation Result @ Iteration 7000; Milestone = 7 (ID: Validation)
---  --------
mse  0.157346
---  --------
Running Evaluation...
Validation Result @ Iteration 8000; Milestone = 8 (Train)
---------  --------
mse_error  0.757743
---------  --------
Validation Result @ Iteration 8000; Milestone = 8 (ID: Validation)
---  ---------
mse  0.0893456
---  ---------
Running Evaluation...
Validation Result @ Iteration 9000; Milestone = 9 (Train)
---------  --------
mse_error  0.641369
---------  --------
Validation Result @ Iteration 9000; Milestone = 9 (ID: Validation)
---  --------
mse  0.138185
---  --------
Running Evaluation...
Validation Result @ Iteration 10000; Milestone = 10 (Train)
---------  --------
mse_error  0.558989
---------  --------
Validation Result @ Iteration 10000; Milestone = 10 (ID: Validation)
---  --------
mse  0.239318
---  --------
Running Evaluation...
Validation Result @ Iteration 11000; Milestone = 11 (Train)
---------  --------
mse_error  0.501087
---------  --------
Validation Result @ Iteration 11000; Milestone = 11 (ID: Validation)
---  --------
mse  0.410025
---  --------
Running Evaluation...
Validation Result @ Iteration 12000; Milestone = 12 (Train)
---------  --------
mse_error  0.458712
---------  --------
Validation Result @ Iteration 12000; Milestone = 12 (ID: Validation)
---  --------
mse  0.584593
---  --------
Running Evaluation...
Validation Result @ Iteration 13000; Milestone = 13 (Train)
---------  --------
mse_error  0.429511
---------  --------
Validation Result @ Iteration 13000; Milestone = 13 (ID: Validation)
---  --------
mse  0.729735
---  --------
Running Evaluation...
Validation Result @ Iteration 14000; Milestone = 14 (Train)
---------  --------
mse_error  0.416009
---------  --------
Validation Result @ Iteration 14000; Milestone = 14 (ID: Validation)
---  --------
mse  0.846418
---  --------
Running Evaluation...
Validation Result @ Iteration 15000; Milestone = 15 (Train)
---------  -------
mse_error  0.40077
---------  -------
Validation Result @ Iteration 15000; Milestone = 15 (ID: Validation)
---  --------
mse  0.921054
---  --------
Running Evaluation...
Validation Result @ Iteration 16000; Milestone = 16 (Train)
---------  --------
mse_error  0.385755
---------  --------
Validation Result @ Iteration 16000; Milestone = 16 (ID: Validation)
---  --------
mse  0.960755
---  --------
Running Evaluation...
Validation Result @ Iteration 17000; Milestone = 17 (Train)
---------  --------
mse_error  0.377333
---------  --------
Validation Result @ Iteration 17000; Milestone = 17 (ID: Validation)
---  --------
mse  0.986962
---  --------
Running Evaluation...
Validation Result @ Iteration 18000; Milestone = 18 (Train)
---------  --------
mse_error  0.372995
---------  --------
Validation Result @ Iteration 18000; Milestone = 18 (ID: Validation)
---  -------
mse  1.00677
---  -------
Running Evaluation...
Validation Result @ Iteration 19000; Milestone = 19 (Train)
---------  --------
mse_error  0.368054
---------  --------
Validation Result @ Iteration 19000; Milestone = 19 (ID: Validation)
---  -------
mse  1.01473
---  -------
Running Evaluation...
Validation Result @ Iteration 20000; Milestone = 20 (Train)
---------  --------
mse_error  0.365605
---------  --------
Validation Result @ Iteration 20000; Milestone = 20 (ID: Validation)
---  -------
mse  1.01662
---  -------
Running Evaluation...
Validation Result @ Iteration 21000; Milestone = 21 (Train)
---------  --------
mse_error  0.366742
---------  --------
Validation Result @ Iteration 21000; Milestone = 21 (ID: Validation)
---  -------
mse  1.01803
---  -------
Running Evaluation...
Validation Result @ Iteration 22000; Milestone = 22 (Train)
---------  --------
mse_error  0.361362
---------  --------
Validation Result @ Iteration 22000; Milestone = 22 (ID: Validation)
---  -------
mse  1.01174
---  -------
Running Evaluation...
Validation Result @ Iteration 23000; Milestone = 23 (Train)
---------  --------
mse_error  0.359466
---------  --------
Validation Result @ Iteration 23000; Milestone = 23 (ID: Validation)
---  -------
mse  1.01754
---  -------
Running Evaluation...
Validation Result @ Iteration 24000; Milestone = 24 (Train)
---------  --------
mse_error  0.357625
---------  --------
Validation Result @ Iteration 24000; Milestone = 24 (ID: Validation)
---  -------
mse  1.01582
---  -------
Running Evaluation...
Validation Result @ Iteration 25000; Milestone = 25 (Train)
---------  --------
mse_error  0.356349
---------  --------
Validation Result @ Iteration 25000; Milestone = 25 (ID: Validation)
---  -------
mse  1.01214
---  -------
Running Evaluation...
Validation Result @ Iteration 26000; Milestone = 26 (Train)
---------  --------
mse_error  0.358625
---------  --------
Validation Result @ Iteration 26000; Milestone = 26 (ID: Validation)
---  -------
mse  1.00829
---  -------
Running Evaluation...
Validation Result @ Iteration 27000; Milestone = 27 (Train)
---------  -------
mse_error  0.36005
---------  -------
Validation Result @ Iteration 27000; Milestone = 27 (ID: Validation)
---  -------
mse  1.00842
---  -------
Running Evaluation...
Validation Result @ Iteration 28000; Milestone = 28 (Train)
---------  --------
mse_error  0.360039
---------  --------
Validation Result @ Iteration 28000; Milestone = 28 (ID: Validation)
---  -------
mse  1.00714
---  -------
Running Evaluation...
Validation Result @ Iteration 29000; Milestone = 29 (Train)
---------  --------
mse_error  0.360306
---------  --------
Validation Result @ Iteration 29000; Milestone = 29 (ID: Validation)
---  ------
mse  1.0015
---  ------
Running Evaluation...
Validation Result @ Iteration 30000; Milestone = 30 (Train)
---------  --------
mse_error  0.357021
---------  --------
Validation Result @ Iteration 30000; Milestone = 30 (ID: Validation)
---  -------
mse  1.00137
---  -------
Running Evaluation...
Validation Result @ Iteration 31000; Milestone = 31 (Train)
---------  --------
mse_error  0.359583
---------  --------
Validation Result @ Iteration 31000; Milestone = 31 (ID: Validation)
---  -------
mse  1.00115
---  -------
Running Evaluation...
Validation Result @ Iteration 32000; Milestone = 32 (Train)
---------  --------
mse_error  0.354204
---------  --------
Validation Result @ Iteration 32000; Milestone = 32 (ID: Validation)
---  -------
mse  1.00335
---  -------
Running Evaluation...
Validation Result @ Iteration 33000; Milestone = 33 (Train)
---------  --------
mse_error  0.354517
---------  --------
Validation Result @ Iteration 33000; Milestone = 33 (ID: Validation)
---  -------
mse  1.00417
---  -------
Running Evaluation...
Validation Result @ Iteration 34000; Milestone = 34 (Train)
---------  --------
mse_error  0.359293
---------  --------
Validation Result @ Iteration 34000; Milestone = 34 (ID: Validation)
---  -------
mse  1.00207
---  -------
Running Evaluation...
Validation Result @ Iteration 35000; Milestone = 35 (Train)
---------  --------
mse_error  0.359068
---------  --------
Validation Result @ Iteration 35000; Milestone = 35 (ID: Validation)
---  --------
mse  0.998703
---  --------
Running Evaluation...
Validation Result @ Iteration 36000; Milestone = 36 (Train)
---------  --------
mse_error  0.356176
---------  --------
Validation Result @ Iteration 36000; Milestone = 36 (ID: Validation)
---  -------
mse  1.00249
---  -------
Running Evaluation...
Validation Result @ Iteration 37000; Milestone = 37 (Train)
---------  --------
mse_error  0.356811
---------  --------
Validation Result @ Iteration 37000; Milestone = 37 (ID: Validation)
---  --------
mse  0.997862
---  --------
Running Evaluation...
Validation Result @ Iteration 38000; Milestone = 38 (Train)
---------  --------
mse_error  0.357584
---------  --------
Validation Result @ Iteration 38000; Milestone = 38 (ID: Validation)
---  -------
mse  1.00259
---  -------
Running Evaluation...
Validation Result @ Iteration 39000; Milestone = 39 (Train)
---------  --------
mse_error  0.355319
---------  --------
Validation Result @ Iteration 39000; Milestone = 39 (ID: Validation)
---  -------
mse  1.00354
---  -------
Running Evaluation...
Validation Result @ Iteration 40000; Milestone = 40 (Train)
---------  --------
mse_error  0.355767
---------  --------
Validation Result @ Iteration 40000; Milestone = 40 (ID: Validation)
---  -------
mse  1.00003
---  -------
Running Evaluation...
Validation Result @ Iteration 41000; Milestone = 41 (Train)
---------  --------
mse_error  0.355918
---------  --------
Validation Result @ Iteration 41000; Milestone = 41 (ID: Validation)
---  -------
mse  1.00416
---  -------
Running Evaluation...
Validation Result @ Iteration 42000; Milestone = 42 (Train)
---------  --------
mse_error  0.355677
---------  --------
Validation Result @ Iteration 42000; Milestone = 42 (ID: Validation)
---  -------
mse  1.00374
---  -------
Running Evaluation...
Validation Result @ Iteration 43000; Milestone = 43 (Train)
---------  --------
mse_error  0.356122
---------  --------
Validation Result @ Iteration 43000; Milestone = 43 (ID: Validation)
---  -------
mse  0.99776
---  -------
Running Evaluation...
Validation Result @ Iteration 44000; Milestone = 44 (Train)
---------  --------
mse_error  0.357938
---------  --------
Validation Result @ Iteration 44000; Milestone = 44 (ID: Validation)
---  -------
mse  1.00449
---  -------
Running Evaluation...
Validation Result @ Iteration 45000; Milestone = 45 (Train)
---------  --------
mse_error  0.357166
---------  --------
Validation Result @ Iteration 45000; Milestone = 45 (ID: Validation)
---  --------
mse  0.995237
---  --------
Running Evaluation...
Validation Result @ Iteration 46000; Milestone = 46 (Train)
---------  --------
mse_error  0.357312
---------  --------
Validation Result @ Iteration 46000; Milestone = 46 (ID: Validation)
---  --------
mse  0.999262
---  --------
Running Evaluation...
Validation Result @ Iteration 47000; Milestone = 47 (Train)
---------  --------
mse_error  0.358741
---------  --------
Validation Result @ Iteration 47000; Milestone = 47 (ID: Validation)
---  -------
mse  1.00215
---  -------
Running Evaluation...
Validation Result @ Iteration 48000; Milestone = 48 (Train)
---------  --------
mse_error  0.358748
---------  --------
Validation Result @ Iteration 48000; Milestone = 48 (ID: Validation)
---  --------
mse  0.996638
---  --------
Running Evaluation...
Validation Result @ Iteration 49000; Milestone = 49 (Train)
---------  --------
mse_error  0.359759
---------  --------
Validation Result @ Iteration 49000; Milestone = 49 (ID: Validation)
---  -------
mse  0.99547
---  -------
Running Evaluation...
Validation Result @ Iteration 50000; Milestone = 50 (Train)
---------  --------
mse_error  0.356213
---------  --------
Validation Result @ Iteration 50000; Milestone = 50 (ID: Validation)
---  -------
mse  1.00088
---  -------
Running Evaluation...
Validation Result @ Iteration 51000; Milestone = 51 (Train)
---------  --------
mse_error  0.354368
---------  --------
Validation Result @ Iteration 51000; Milestone = 51 (ID: Validation)
---  -------
mse  1.00237
---  -------
Running Evaluation...
Validation Result @ Iteration 52000; Milestone = 52 (Train)
---------  --------
mse_error  0.357184
---------  --------
Validation Result @ Iteration 52000; Milestone = 52 (ID: Validation)
---  -------
mse  1.00221
---  -------
Running Evaluation...
Validation Result @ Iteration 53000; Milestone = 53 (Train)
---------  --------
mse_error  0.358339
---------  --------
Validation Result @ Iteration 53000; Milestone = 53 (ID: Validation)
---  -------
mse  1.00564
---  -------
Running Evaluation...
Validation Result @ Iteration 54000; Milestone = 54 (Train)
---------  --------
mse_error  0.358011
---------  --------
Validation Result @ Iteration 54000; Milestone = 54 (ID: Validation)
---  -------
mse  1.00263
---  -------
Running Evaluation...
Validation Result @ Iteration 55000; Milestone = 55 (Train)
---------  --------
mse_error  0.358296
---------  --------
Validation Result @ Iteration 55000; Milestone = 55 (ID: Validation)
---  --------
mse  0.999753
---  --------
Running Evaluation...
Validation Result @ Iteration 56000; Milestone = 56 (Train)
---------  --------
mse_error  0.354888
---------  --------
Validation Result @ Iteration 56000; Milestone = 56 (ID: Validation)
---  -------
mse  1.00093
---  -------
Running Evaluation...
Validation Result @ Iteration 57000; Milestone = 57 (Train)
---------  --------
mse_error  0.354913
---------  --------
Validation Result @ Iteration 57000; Milestone = 57 (ID: Validation)
---  -------
mse  1.00057
---  -------
Running Evaluation...
Validation Result @ Iteration 58000; Milestone = 58 (Train)
---------  -------
mse_error  0.35804
---------  -------
Validation Result @ Iteration 58000; Milestone = 58 (ID: Validation)
---  -------
mse  0.99797
---  -------
Running Evaluation...
Validation Result @ Iteration 59000; Milestone = 59 (Train)
---------  --------
mse_error  0.353339
---------  --------
Validation Result @ Iteration 59000; Milestone = 59 (ID: Validation)
---  --------
mse  0.999837
---  --------
Running Evaluation...
Validation Result @ Iteration 60000; Milestone = 60 (Train)
---------  -------
mse_error  0.35807
---------  -------
Validation Result @ Iteration 60000; Milestone = 60 (ID: Validation)
---  --------
mse  0.999122
---  --------
Running Evaluation...
Validation Result @ Iteration 61000; Milestone = 61 (Train)
---------  --------
mse_error  0.357128
---------  --------
Validation Result @ Iteration 61000; Milestone = 61 (ID: Validation)
---  -------
mse  1.00133
---  -------
Running Evaluation...
Validation Result @ Iteration 62000; Milestone = 62 (Train)
---------  --------
mse_error  0.357137
---------  --------
Validation Result @ Iteration 62000; Milestone = 62 (ID: Validation)
---  --------
mse  0.996433
---  --------
Running Evaluation...
Validation Result @ Iteration 63000; Milestone = 63 (Train)
---------  --------
mse_error  0.357076
---------  --------
Validation Result @ Iteration 63000; Milestone = 63 (ID: Validation)
---  --------
mse  0.999444
---  --------
Running Evaluation...
Validation Result @ Iteration 64000; Milestone = 64 (Train)
---------  -------
mse_error  0.35747
---------  -------
Validation Result @ Iteration 64000; Milestone = 64 (ID: Validation)
---  --------
mse  0.997532
---  --------
Running Evaluation...
Validation Result @ Iteration 65000; Milestone = 65 (Train)
---------  --------
mse_error  0.354537
---------  --------
