Job started at Wed Feb 18 10:57:52 EST 2026
Running on host: holygpu8a22504.rc.fas.harvard.edu
Job ID: 60969484
Git URL: https://github.com/mdkrasnow/research-repo.git
Git SHA: b3eced0c80d0754126a051a68e2c680289909e0d
Work directory: /tmp/ired-job-60969484
GPU info:
Wed Feb 18 10:57:52 2026       
+-----------------------------------------------------------------------------------------+
| NVIDIA-SMI 575.57.08              Driver Version: 575.57.08      CUDA Version: 12.9     |
|-----------------------------------------+------------------------+----------------------+
| GPU  Name                 Persistence-M | Bus-Id          Disp.A | Volatile Uncorr. ECC |
| Fan  Temp   Perf          Pwr:Usage/Cap |           Memory-Usage | GPU-Util  Compute M. |
|                                         |                        |               MIG M. |
|=========================================+========================+======================|
|   0  NVIDIA A100-SXM4-80GB          On  |   00000000:E3:00.0 Off |                    0 |
| N/A   27C    P0             59W /  500W |       0MiB /  81920MiB |      0%      Default |
|                                         |                        |             Disabled |
+-----------------------------------------+------------------------+----------------------+
                                                                                         
+-----------------------------------------------------------------------------------------+
| Processes:                                                                              |
|  GPU   GI   CI              PID   Type   Process name                        GPU Memory |
|        ID   ID                                                               Usage      |
|=========================================================================================|
|  No running processes found                                                             |
+-----------------------------------------------------------------------------------------+
Cloning repository...
Repository cloned and checked out to: b3eced0
Repository info:
b3eced0 Add 5 literature-validated CD training fixes for IRED-CD
Starting IRED-CD baseline (current NCE implementation)...
Loading configuration from: projects/ired/configs/q201_baseline.json
Configuration saved to: results/ds_inverse/q201_baseline/experiment_config.json
Setting random seed: 0
Starting experiment with mining strategy: adversarial
Configuration: {
  "experiment_name": "q201_baseline",
  "description": "IRED-CD Investigation - Baseline (current NCE implementation for comparison)",
  "investigation": "ired-cd",
  "ablation_stage": "baseline",
  "mining_strategy": "adversarial",
  "rank": 20,
  "ood": false,
  "diffusion_steps": 10,
  "batch_size": 2048,
  "train_steps": 100000,
  "learning_rate": 0.0001,
  "mining_opt_steps": 10,
  "mining_noise_scale": 1.5,
  "output_dir": "results/ds_inverse/q201_baseline",
  "notes": "Current implementation with NCE loss. Baseline for IRED-CD ablation study. Using k=10 steps, noise_scale=1.5 (reduced from 3.0).",
  "seed": 0
}
Dataset: Inverse matrices (20x20)
Input dimension: 400, Output dimension: 400
Trainer initialized. Output directory: results/ds_inverse/q201_baseline
Training for 100000 steps...
Running Evaluation...
Validation Result @ Iteration 1000; Milestone = 1 (Train)
---------  -------
mse_error  2.80981
---------  -------
Validation Result @ Iteration 1000; Milestone = 1 (ID: Validation)
---  ------
mse  3.2988
---  ------
Running Evaluation...
Validation Result @ Iteration 2000; Milestone = 2 (Train)
---------  -------
mse_error  3.17319
---------  -------
Validation Result @ Iteration 2000; Milestone = 2 (ID: Validation)
---  -------
mse  2.68989
---  -------
Running Evaluation...
Validation Result @ Iteration 3000; Milestone = 3 (Train)
---------  -------
mse_error  2.61028
---------  -------
Validation Result @ Iteration 3000; Milestone = 3 (ID: Validation)
---  -------
mse  2.22736
---  -------
Running Evaluation...
Validation Result @ Iteration 4000; Milestone = 4 (Train)
---------  ------
mse_error  1.8095
---------  ------
Validation Result @ Iteration 4000; Milestone = 4 (ID: Validation)
---  -------
mse  1.90372
---  -------
Running Evaluation...
Validation Result @ Iteration 5000; Milestone = 5 (Train)
---------  -------
mse_error  1.39536
---------  -------
Validation Result @ Iteration 5000; Milestone = 5 (ID: Validation)
---  -------
mse  1.60967
---  -------
Running Evaluation...
Validation Result @ Iteration 6000; Milestone = 6 (Train)
---------  -------
mse_error  1.11914
---------  -------
Validation Result @ Iteration 6000; Milestone = 6 (ID: Validation)
---  --------
mse  0.504282
---  --------
Running Evaluation...
Validation Result @ Iteration 7000; Milestone = 7 (Train)
---------  --------
mse_error  0.914955
---------  --------
Validation Result @ Iteration 7000; Milestone = 7 (ID: Validation)
---  --------
mse  0.157904
---  --------
Running Evaluation...
Validation Result @ Iteration 8000; Milestone = 8 (Train)
---------  --------
mse_error  0.757615
---------  --------
Validation Result @ Iteration 8000; Milestone = 8 (ID: Validation)
---  --------
mse  0.089189
---  --------
Running Evaluation...
Validation Result @ Iteration 9000; Milestone = 9 (Train)
---------  --------
mse_error  0.638598
---------  --------
Validation Result @ Iteration 9000; Milestone = 9 (ID: Validation)
---  -------
mse  0.13971
---  -------
Running Evaluation...
Validation Result @ Iteration 10000; Milestone = 10 (Train)
---------  --------
mse_error  0.554767
---------  --------
Validation Result @ Iteration 10000; Milestone = 10 (ID: Validation)
---  -------
mse  0.24619
---  -------
Running Evaluation...
Validation Result @ Iteration 11000; Milestone = 11 (Train)
---------  --------
mse_error  0.495743
---------  --------
Validation Result @ Iteration 11000; Milestone = 11 (ID: Validation)
---  -------
mse  0.42486
---  -------
Running Evaluation...
Validation Result @ Iteration 12000; Milestone = 12 (Train)
---------  -------
mse_error  0.45238
---------  -------
Validation Result @ Iteration 12000; Milestone = 12 (ID: Validation)
---  --------
mse  0.604526
---  --------
Running Evaluation...
Validation Result @ Iteration 13000; Milestone = 13 (Train)
---------  --------
mse_error  0.424092
---------  --------
Validation Result @ Iteration 13000; Milestone = 13 (ID: Validation)
---  --------
mse  0.756711
---  --------
Running Evaluation...
Validation Result @ Iteration 14000; Milestone = 14 (Train)
---------  --------
mse_error  0.409907
---------  --------
Validation Result @ Iteration 14000; Milestone = 14 (ID: Validation)
---  --------
mse  0.869763
---  --------
Running Evaluation...
Validation Result @ Iteration 15000; Milestone = 15 (Train)
---------  --------
mse_error  0.396146
---------  --------
Validation Result @ Iteration 15000; Milestone = 15 (ID: Validation)
---  --------
mse  0.943635
---  --------
Running Evaluation...
Validation Result @ Iteration 16000; Milestone = 16 (Train)
---------  --------
mse_error  0.380884
---------  --------
Validation Result @ Iteration 16000; Milestone = 16 (ID: Validation)
---  --------
mse  0.982783
---  --------
Running Evaluation...
Validation Result @ Iteration 17000; Milestone = 17 (Train)
---------  --------
mse_error  0.373904
---------  --------
Validation Result @ Iteration 17000; Milestone = 17 (ID: Validation)
---  ------
mse  1.0073
---  ------
Running Evaluation...
Validation Result @ Iteration 18000; Milestone = 18 (Train)
---------  --------
mse_error  0.369546
---------  --------
Validation Result @ Iteration 18000; Milestone = 18 (ID: Validation)
---  -------
mse  1.02494
---  -------
Running Evaluation...
Validation Result @ Iteration 19000; Milestone = 19 (Train)
---------  --------
mse_error  0.363897
---------  --------
Validation Result @ Iteration 19000; Milestone = 19 (ID: Validation)
---  -------
mse  1.02914
---  -------
Running Evaluation...
Validation Result @ Iteration 20000; Milestone = 20 (Train)
---------  --------
mse_error  0.362445
---------  --------
Validation Result @ Iteration 20000; Milestone = 20 (ID: Validation)
---  -------
mse  1.03245
---  -------
Running Evaluation...
Validation Result @ Iteration 21000; Milestone = 21 (Train)
---------  --------
mse_error  0.362519
---------  --------
Validation Result @ Iteration 21000; Milestone = 21 (ID: Validation)
---  -------
mse  1.03541
---  -------
Running Evaluation...
Validation Result @ Iteration 22000; Milestone = 22 (Train)
---------  --------
mse_error  0.356885
---------  --------
Validation Result @ Iteration 22000; Milestone = 22 (ID: Validation)
---  -------
mse  1.03139
---  -------
Running Evaluation...
Validation Result @ Iteration 23000; Milestone = 23 (Train)
---------  --------
mse_error  0.355793
---------  --------
Validation Result @ Iteration 23000; Milestone = 23 (ID: Validation)
---  -------
mse  1.03352
---  -------
Running Evaluation...
Validation Result @ Iteration 24000; Milestone = 24 (Train)
---------  --------
mse_error  0.353879
---------  --------
Validation Result @ Iteration 24000; Milestone = 24 (ID: Validation)
---  ------
mse  1.0361
---  ------
Running Evaluation...
Validation Result @ Iteration 25000; Milestone = 25 (Train)
---------  --------
mse_error  0.353641
---------  --------
Validation Result @ Iteration 25000; Milestone = 25 (ID: Validation)
---  -------
mse  1.03258
---  -------
Running Evaluation...
Validation Result @ Iteration 26000; Milestone = 26 (Train)
---------  --------
mse_error  0.355726
---------  --------
Validation Result @ Iteration 26000; Milestone = 26 (ID: Validation)
---  -------
mse  1.02652
---  -------
Running Evaluation...
Validation Result @ Iteration 27000; Milestone = 27 (Train)
---------  --------
mse_error  0.356947
---------  --------
Validation Result @ Iteration 27000; Milestone = 27 (ID: Validation)
---  -------
mse  1.02779
---  -------
Running Evaluation...
Validation Result @ Iteration 28000; Milestone = 28 (Train)
---------  -------
mse_error  0.35592
---------  -------
Validation Result @ Iteration 28000; Milestone = 28 (ID: Validation)
---  -------
mse  1.02647
---  -------
Running Evaluation...
Validation Result @ Iteration 29000; Milestone = 29 (Train)
---------  --------
mse_error  0.356689
---------  --------
Validation Result @ Iteration 29000; Milestone = 29 (ID: Validation)
---  -------
mse  1.02083
---  -------
Running Evaluation...
Validation Result @ Iteration 30000; Milestone = 30 (Train)
---------  --------
mse_error  0.353939
---------  --------
Validation Result @ Iteration 30000; Milestone = 30 (ID: Validation)
---  ------
mse  1.0194
---  ------
Running Evaluation...
Validation Result @ Iteration 31000; Milestone = 31 (Train)
---------  --------
mse_error  0.355959
---------  --------
Validation Result @ Iteration 31000; Milestone = 31 (ID: Validation)
---  -------
mse  1.01928
---  -------
Running Evaluation...
Validation Result @ Iteration 32000; Milestone = 32 (Train)
---------  -------
mse_error  0.35079
---------  -------
Validation Result @ Iteration 32000; Milestone = 32 (ID: Validation)
---  -------
mse  1.01865
---  -------
Running Evaluation...
Validation Result @ Iteration 33000; Milestone = 33 (Train)
---------  --------
mse_error  0.351774
---------  --------
Validation Result @ Iteration 33000; Milestone = 33 (ID: Validation)
---  -------
mse  1.02287
---  -------
Running Evaluation...
Validation Result @ Iteration 34000; Milestone = 34 (Train)
---------  -------
mse_error  0.35666
---------  -------
Validation Result @ Iteration 34000; Milestone = 34 (ID: Validation)
---  -------
mse  1.01838
---  -------
Running Evaluation...
Validation Result @ Iteration 35000; Milestone = 35 (Train)
---------  --------
mse_error  0.356745
---------  --------
Validation Result @ Iteration 35000; Milestone = 35 (ID: Validation)
---  -------
mse  1.01638
---  -------
Running Evaluation...
Validation Result @ Iteration 36000; Milestone = 36 (Train)
---------  --------
mse_error  0.352968
---------  --------
Validation Result @ Iteration 36000; Milestone = 36 (ID: Validation)
---  ------
mse  1.0218
---  ------
Running Evaluation...
Validation Result @ Iteration 37000; Milestone = 37 (Train)
---------  -------
mse_error  0.35359
---------  -------
Validation Result @ Iteration 37000; Milestone = 37 (ID: Validation)
---  -------
mse  1.01691
---  -------
Running Evaluation...
Validation Result @ Iteration 38000; Milestone = 38 (Train)
---------  --------
mse_error  0.354295
---------  --------
Validation Result @ Iteration 38000; Milestone = 38 (ID: Validation)
---  -------
mse  1.01955
---  -------
Running Evaluation...
Validation Result @ Iteration 39000; Milestone = 39 (Train)
---------  --------
mse_error  0.352278
---------  --------
Validation Result @ Iteration 39000; Milestone = 39 (ID: Validation)
---  -------
mse  1.02229
---  -------
Running Evaluation...
Validation Result @ Iteration 40000; Milestone = 40 (Train)
---------  -------
mse_error  0.35209
---------  -------
Validation Result @ Iteration 40000; Milestone = 40 (ID: Validation)
---  -------
mse  1.01765
---  -------
Running Evaluation...
Validation Result @ Iteration 41000; Milestone = 41 (Train)
---------  --------
mse_error  0.351792
---------  --------
Validation Result @ Iteration 41000; Milestone = 41 (ID: Validation)
---  -------
mse  1.02074
---  -------
Running Evaluation...
Validation Result @ Iteration 42000; Milestone = 42 (Train)
---------  --------
mse_error  0.353062
---------  --------
Validation Result @ Iteration 42000; Milestone = 42 (ID: Validation)
---  -------
mse  1.01782
---  -------
Running Evaluation...
Validation Result @ Iteration 43000; Milestone = 43 (Train)
---------  --------
mse_error  0.353698
---------  --------
Validation Result @ Iteration 43000; Milestone = 43 (ID: Validation)
---  -------
mse  1.01593
---  -------
Running Evaluation...
Validation Result @ Iteration 44000; Milestone = 44 (Train)
---------  --------
mse_error  0.354722
---------  --------
Validation Result @ Iteration 44000; Milestone = 44 (ID: Validation)
---  -------
mse  1.02152
---  -------
Running Evaluation...
Validation Result @ Iteration 45000; Milestone = 45 (Train)
---------  --------
mse_error  0.354061
---------  --------
Validation Result @ Iteration 45000; Milestone = 45 (ID: Validation)
---  -------
mse  1.01249
---  -------
Running Evaluation...
Validation Result @ Iteration 46000; Milestone = 46 (Train)
---------  --------
mse_error  0.354685
---------  --------
Validation Result @ Iteration 46000; Milestone = 46 (ID: Validation)
---  ------
mse  1.0193
---  ------
Running Evaluation...
Validation Result @ Iteration 47000; Milestone = 47 (Train)
---------  -------
mse_error  0.35616
---------  -------
Validation Result @ Iteration 47000; Milestone = 47 (ID: Validation)
---  -------
mse  1.02085
---  -------
Running Evaluation...
Validation Result @ Iteration 48000; Milestone = 48 (Train)
---------  --------
mse_error  0.355096
---------  --------
Validation Result @ Iteration 48000; Milestone = 48 (ID: Validation)
---  -------
mse  1.01308
---  -------
Running Evaluation...
Validation Result @ Iteration 49000; Milestone = 49 (Train)
---------  --------
mse_error  0.356623
---------  --------
Validation Result @ Iteration 49000; Milestone = 49 (ID: Validation)
---  -------
mse  1.01584
---  -------
Running Evaluation...
Validation Result @ Iteration 50000; Milestone = 50 (Train)
---------  --------
mse_error  0.353754
---------  --------
Validation Result @ Iteration 50000; Milestone = 50 (ID: Validation)
---  -------
mse  1.01736
---  -------
Running Evaluation...
Validation Result @ Iteration 51000; Milestone = 51 (Train)
---------  --------
mse_error  0.351528
---------  --------
Validation Result @ Iteration 51000; Milestone = 51 (ID: Validation)
---  -------
mse  1.01706
---  -------
Running Evaluation...
Validation Result @ Iteration 52000; Milestone = 52 (Train)
---------  --------
mse_error  0.354235
---------  --------
Validation Result @ Iteration 52000; Milestone = 52 (ID: Validation)
---  -------
mse  1.01828
---  -------
Running Evaluation...
Validation Result @ Iteration 53000; Milestone = 53 (Train)
---------  --------
mse_error  0.355746
---------  --------
Validation Result @ Iteration 53000; Milestone = 53 (ID: Validation)
---  -------
mse  1.02303
---  -------
Running Evaluation...
Validation Result @ Iteration 54000; Milestone = 54 (Train)
---------  --------
mse_error  0.354887
---------  --------
Validation Result @ Iteration 54000; Milestone = 54 (ID: Validation)
---  ------
mse  1.0194
---  ------
Running Evaluation...
Validation Result @ Iteration 55000; Milestone = 55 (Train)
---------  --------
mse_error  0.355042
---------  --------
Validation Result @ Iteration 55000; Milestone = 55 (ID: Validation)
---  -------
mse  1.01922
---  -------
Running Evaluation...
Validation Result @ Iteration 56000; Milestone = 56 (Train)
---------  --------
mse_error  0.351789
---------  --------
Validation Result @ Iteration 56000; Milestone = 56 (ID: Validation)
---  -------
mse  1.01686
---  -------
Running Evaluation...
Validation Result @ Iteration 57000; Milestone = 57 (Train)
---------  --------
mse_error  0.350968
---------  --------
Validation Result @ Iteration 57000; Milestone = 57 (ID: Validation)
---  -------
mse  1.01772
---  -------
Running Evaluation...
Validation Result @ Iteration 58000; Milestone = 58 (Train)
---------  --------
mse_error  0.354852
---------  --------
Validation Result @ Iteration 58000; Milestone = 58 (ID: Validation)
---  -------
mse  1.01719
---  -------
Running Evaluation...
Validation Result @ Iteration 59000; Milestone = 59 (Train)
---------  --------
mse_error  0.349876
---------  --------
Validation Result @ Iteration 59000; Milestone = 59 (ID: Validation)
---  -------
mse  1.01679
---  -------
Running Evaluation...
Validation Result @ Iteration 60000; Milestone = 60 (Train)
---------  --------
mse_error  0.354197
---------  --------
Validation Result @ Iteration 60000; Milestone = 60 (ID: Validation)
---  -------
mse  1.01781
---  -------
Running Evaluation...
Validation Result @ Iteration 61000; Milestone = 61 (Train)
---------  --------
mse_error  0.354386
---------  --------
Validation Result @ Iteration 61000; Milestone = 61 (ID: Validation)
---  -------
mse  1.02137
---  -------
Running Evaluation...
Validation Result @ Iteration 62000; Milestone = 62 (Train)
---------  --------
mse_error  0.353273
---------  --------
Validation Result @ Iteration 62000; Milestone = 62 (ID: Validation)
---  -------
mse  1.01649
---  -------
Running Evaluation...
Validation Result @ Iteration 63000; Milestone = 63 (Train)
---------  --------
mse_error  0.354224
---------  --------
Validation Result @ Iteration 63000; Milestone = 63 (ID: Validation)
---  -------
mse  1.01607
---  -------
Running Evaluation...
Validation Result @ Iteration 64000; Milestone = 64 (Train)
---------  --------
mse_error  0.354496
---------  --------
Validation Result @ Iteration 64000; Milestone = 64 (ID: Validation)
---  -------
mse  1.01433
---  -------
Running Evaluation...
Validation Result @ Iteration 65000; Milestone = 65 (Train)
---------  --------
mse_error  0.351139
---------  --------
Validation Result @ Iteration 65000; Milestone = 65 (ID: Validation)
---  -------
mse  1.01984
---  -------
Running Evaluation...
Validation Result @ Iteration 66000; Milestone = 66 (Train)
---------  --------
mse_error  0.351045
---------  --------
Validation Result @ Iteration 66000; Milestone = 66 (ID: Validation)
---  -------
mse  1.01782
---  -------
Running Evaluation...
Validation Result @ Iteration 67000; Milestone = 67 (Train)
---------  --------
mse_error  0.354474
---------  --------
Validation Result @ Iteration 67000; Milestone = 67 (ID: Validation)
---  -------
mse  1.02225
---  -------
Running Evaluation...
Validation Result @ Iteration 68000; Milestone = 68 (Train)
---------  --------
mse_error  0.351742
---------  --------
Validation Result @ Iteration 68000; Milestone = 68 (ID: Validation)
---  -------
mse  1.01919
---  -------
Running Evaluation...
Validation Result @ Iteration 69000; Milestone = 69 (Train)
---------  -------
mse_error  0.35123
---------  -------
Validation Result @ Iteration 69000; Milestone = 69 (ID: Validation)
---  -------
mse  1.02535
---  -------
Running Evaluation...
Validation Result @ Iteration 70000; Milestone = 70 (Train)
---------  --------
mse_error  0.355285
---------  --------
Validation Result @ Iteration 70000; Milestone = 70 (ID: Validation)
---  -------
mse  1.01903
---  -------
Running Evaluation...
Validation Result @ Iteration 71000; Milestone = 71 (Train)
---------  --------
mse_error  0.355233
---------  --------
Validation Result @ Iteration 71000; Milestone = 71 (ID: Validation)
---  -------
mse  1.01645
---  -------
Running Evaluation...
Validation Result @ Iteration 72000; Milestone = 72 (Train)
---------  --------
mse_error  0.356229
---------  --------
Validation Result @ Iteration 72000; Milestone = 72 (ID: Validation)
---  -------
mse  1.02212
---  -------
Running Evaluation...
Validation Result @ Iteration 73000; Milestone = 73 (Train)
---------  --------
mse_error  0.355731
---------  --------
Validation Result @ Iteration 73000; Milestone = 73 (ID: Validation)
---  -------
mse  1.01741
---  -------
Running Evaluation...
Validation Result @ Iteration 74000; Milestone = 74 (Train)
---------  --------
mse_error  0.354454
---------  --------
Validation Result @ Iteration 74000; Milestone = 74 (ID: Validation)
---  -------
mse  1.01979
---  -------
Running Evaluation...
Validation Result @ Iteration 75000; Milestone = 75 (Train)
---------  --------
mse_error  0.352043
---------  --------
Validation Result @ Iteration 75000; Milestone = 75 (ID: Validation)
---  -------
mse  1.01497
---  -------
Running Evaluation...
Validation Result @ Iteration 76000; Milestone = 76 (Train)
---------  --------
mse_error  0.356037
---------  --------
Validation Result @ Iteration 76000; Milestone = 76 (ID: Validation)
---  -------
mse  1.01681
---  -------
Running Evaluation...
Validation Result @ Iteration 77000; Milestone = 77 (Train)
---------  --------
mse_error  0.354367
---------  --------
Validation Result @ Iteration 77000; Milestone = 77 (ID: Validation)
---  -------
mse  1.01905
---  -------
Running Evaluation...
Validation Result @ Iteration 78000; Milestone = 78 (Train)
---------  --------
mse_error  0.354134
---------  --------
Validation Result @ Iteration 78000; Milestone = 78 (ID: Validation)
---  ------
mse  1.0196
---  ------
Running Evaluation...
Validation Result @ Iteration 79000; Milestone = 79 (Train)
---------  --------
mse_error  0.351461
---------  --------
Validation Result @ Iteration 79000; Milestone = 79 (ID: Validation)
---  ------
mse  1.0247
---  ------
Running Evaluation...
Validation Result @ Iteration 80000; Milestone = 80 (Train)
---------  --------
mse_error  0.353791
---------  --------
Validation Result @ Iteration 80000; Milestone = 80 (ID: Validation)
---  -------
mse  1.02096
---  -------
Running Evaluation...
Validation Result @ Iteration 81000; Milestone = 81 (Train)
---------  --------
mse_error  0.355759
---------  --------
Validation Result @ Iteration 81000; Milestone = 81 (ID: Validation)
---  -------
mse  1.01954
---  -------
Running Evaluation...
Validation Result @ Iteration 82000; Milestone = 82 (Train)
---------  --------
mse_error  0.352569
---------  --------
Validation Result @ Iteration 82000; Milestone = 82 (ID: Validation)
---  -------
mse  1.01874
---  -------
Running Evaluation...
Validation Result @ Iteration 83000; Milestone = 83 (Train)
---------  --------
mse_error  0.351232
---------  --------
Validation Result @ Iteration 83000; Milestone = 83 (ID: Validation)
---  ------
mse  1.0199
---  ------
Running Evaluation...
Validation Result @ Iteration 84000; Milestone = 84 (Train)
---------  --------
mse_error  0.356062
---------  --------
Validation Result @ Iteration 84000; Milestone = 84 (ID: Validation)
---  ------
mse  1.0238
---  ------
Running Evaluation...
Validation Result @ Iteration 85000; Milestone = 85 (Train)
---------  --------
mse_error  0.352364
---------  --------
Validation Result @ Iteration 85000; Milestone = 85 (ID: Validation)
---  ------
mse  1.0157
---  ------
Running Evaluation...
Validation Result @ Iteration 86000; Milestone = 86 (Train)
---------  --------
mse_error  0.353557
---------  --------
Validation Result @ Iteration 86000; Milestone = 86 (ID: Validation)
---  -------
mse  1.02204
---  -------
Running Evaluation...
Validation Result @ Iteration 87000; Milestone = 87 (Train)
---------  --------
mse_error  0.354614
---------  --------
Validation Result @ Iteration 87000; Milestone = 87 (ID: Validation)
---  -------
mse  1.02292
---  -------
Running Evaluation...
Validation Result @ Iteration 88000; Milestone = 88 (Train)
---------  --------
mse_error  0.353732
---------  --------
Validation Result @ Iteration 88000; Milestone = 88 (ID: Validation)
---  -------
mse  1.01803
---  -------
Running Evaluation...
Validation Result @ Iteration 89000; Milestone = 89 (Train)
---------  --------
mse_error  0.355871
---------  --------
Validation Result @ Iteration 89000; Milestone = 89 (ID: Validation)
---  -------
mse  1.01969
---  -------
Running Evaluation...
Validation Result @ Iteration 90000; Milestone = 90 (Train)
---------  --------
mse_error  0.352871
---------  --------
Validation Result @ Iteration 90000; Milestone = 90 (ID: Validation)
---  -------
mse  1.01915
---  -------
Running Evaluation...
Validation Result @ Iteration 91000; Milestone = 91 (Train)
---------  --------
mse_error  0.351032
---------  --------
Validation Result @ Iteration 91000; Milestone = 91 (ID: Validation)
---  -------
mse  1.01609
---  -------
Running Evaluation...
Validation Result @ Iteration 92000; Milestone = 92 (Train)
---------  --------
mse_error  0.354853
---------  --------
Validation Result @ Iteration 92000; Milestone = 92 (ID: Validation)
---  ------
mse  1.0197
---  ------
Running Evaluation...
Validation Result @ Iteration 93000; Milestone = 93 (Train)
---------  --------
mse_error  0.351279
---------  --------
Validation Result @ Iteration 93000; Milestone = 93 (ID: Validation)
---  -------
mse  1.01715
---  -------
Running Evaluation...
Validation Result @ Iteration 94000; Milestone = 94 (Train)
---------  --------
mse_error  0.355031
---------  --------
Validation Result @ Iteration 94000; Milestone = 94 (ID: Validation)
---  -------
mse  1.01729
---  -------
Running Evaluation...
Validation Result @ Iteration 95000; Milestone = 95 (Train)
---------  --------
mse_error  0.353461
---------  --------
Validation Result @ Iteration 95000; Milestone = 95 (ID: Validation)
---  -------
mse  1.02047
---  -------
Running Evaluation...
Validation Result @ Iteration 96000; Milestone = 96 (Train)
---------  --------
mse_error  0.352641
---------  --------
Validation Result @ Iteration 96000; Milestone = 96 (ID: Validation)
---  -------
mse  1.01553
---  -------
Running Evaluation...
Validation Result @ Iteration 97000; Milestone = 97 (Train)
---------  --------
mse_error  0.351572
---------  --------
Validation Result @ Iteration 97000; Milestone = 97 (ID: Validation)
---  ------
mse  1.0203
---  ------
Running Evaluation...
Validation Result @ Iteration 98000; Milestone = 98 (Train)
---------  -------
mse_error  0.35352
---------  -------
Validation Result @ Iteration 98000; Milestone = 98 (ID: Validation)
---  -------
mse  1.01723
---  -------
Running Evaluation...
Validation Result @ Iteration 99000; Milestone = 99 (Train)
---------  --------
mse_error  0.353227
---------  --------
Validation Result @ Iteration 99000; Milestone = 99 (ID: Validation)
---  -------
mse  1.02136
---  -------
Running Evaluation...
Validation Result @ Iteration 100000; Milestone = 100 (Train)
---------  --------
mse_error  0.354605
---------  --------
Validation Result @ Iteration 100000; Milestone = 100 (ID: Validation)
---  -------
mse  1.01953
---  -------
training complete
Training completed!
Results saved to: results/ds_inverse/q201_baseline/results.json
Experiment completed at Wed Feb 18 12:52:08 EST 2026
Copying results to persistent storage...
sending incremental file list
./
ds_inverse/
ds_inverse/q201_baseline/
ds_inverse/q201_baseline/experiment_config.json
ds_inverse/q201_baseline/model-1.pt
ds_inverse/q201_baseline/model-10.pt
ds_inverse/q201_baseline/model-100.pt
ds_inverse/q201_baseline/model-11.pt
ds_inverse/q201_baseline/model-12.pt
ds_inverse/q201_baseline/model-13.pt
ds_inverse/q201_baseline/model-14.pt
ds_inverse/q201_baseline/model-15.pt
ds_inverse/q201_baseline/model-16.pt
ds_inverse/q201_baseline/model-17.pt
ds_inverse/q201_baseline/model-18.pt
ds_inverse/q201_baseline/model-19.pt
ds_inverse/q201_baseline/model-2.pt
ds_inverse/q201_baseline/model-20.pt
ds_inverse/q201_baseline/model-21.pt
ds_inverse/q201_baseline/model-22.pt
ds_inverse/q201_baseline/model-23.pt
ds_inverse/q201_baseline/model-24.pt
ds_inverse/q201_baseline/model-25.pt
ds_inverse/q201_baseline/model-26.pt
ds_inverse/q201_baseline/model-27.pt
ds_inverse/q201_baseline/model-28.pt
ds_inverse/q201_baseline/model-29.pt
ds_inverse/q201_baseline/model-3.pt
ds_inverse/q201_baseline/model-30.pt
ds_inverse/q201_baseline/model-31.pt
ds_inverse/q201_baseline/model-32.pt
ds_inverse/q201_baseline/model-33.pt
ds_inverse/q201_baseline/model-34.pt
ds_inverse/q201_baseline/model-35.pt
ds_inverse/q201_baseline/model-36.pt
ds_inverse/q201_baseline/model-37.pt
ds_inverse/q201_baseline/model-38.pt
ds_inverse/q201_baseline/model-39.pt
ds_inverse/q201_baseline/model-4.pt
ds_inverse/q201_baseline/model-40.pt
ds_inverse/q201_baseline/model-41.pt
ds_inverse/q201_baseline/model-42.pt
ds_inverse/q201_baseline/model-43.pt
ds_inverse/q201_baseline/model-44.pt
ds_inverse/q201_baseline/model-45.pt
ds_inverse/q201_baseline/model-46.pt
ds_inverse/q201_baseline/model-47.pt
ds_inverse/q201_baseline/model-48.pt
ds_inverse/q201_baseline/model-49.pt
ds_inverse/q201_baseline/model-5.pt
ds_inverse/q201_baseline/model-50.pt
ds_inverse/q201_baseline/model-51.pt
ds_inverse/q201_baseline/model-52.pt
ds_inverse/q201_baseline/model-53.pt
ds_inverse/q201_baseline/model-54.pt
ds_inverse/q201_baseline/model-55.pt
ds_inverse/q201_baseline/model-56.pt
ds_inverse/q201_baseline/model-57.pt
ds_inverse/q201_baseline/model-58.pt
ds_inverse/q201_baseline/model-59.pt
ds_inverse/q201_baseline/model-6.pt
ds_inverse/q201_baseline/model-60.pt
ds_inverse/q201_baseline/model-61.pt
ds_inverse/q201_baseline/model-62.pt
ds_inverse/q201_baseline/model-63.pt
ds_inverse/q201_baseline/model-64.pt
ds_inverse/q201_baseline/model-65.pt
ds_inverse/q201_baseline/model-66.pt
ds_inverse/q201_baseline/model-67.pt
ds_inverse/q201_baseline/model-68.pt
ds_inverse/q201_baseline/model-69.pt
ds_inverse/q201_baseline/model-7.pt
ds_inverse/q201_baseline/model-70.pt
ds_inverse/q201_baseline/model-71.pt
ds_inverse/q201_baseline/model-72.pt
ds_inverse/q201_baseline/model-73.pt
ds_inverse/q201_baseline/model-74.pt
ds_inverse/q201_baseline/model-75.pt
ds_inverse/q201_baseline/model-76.pt
ds_inverse/q201_baseline/model-77.pt
ds_inverse/q201_baseline/model-78.pt
ds_inverse/q201_baseline/model-79.pt
ds_inverse/q201_baseline/model-8.pt
ds_inverse/q201_baseline/model-80.pt
ds_inverse/q201_baseline/model-81.pt
ds_inverse/q201_baseline/model-82.pt
ds_inverse/q201_baseline/model-83.pt
ds_inverse/q201_baseline/model-84.pt
ds_inverse/q201_baseline/model-85.pt
ds_inverse/q201_baseline/model-86.pt
ds_inverse/q201_baseline/model-87.pt
ds_inverse/q201_baseline/model-88.pt
ds_inverse/q201_baseline/model-89.pt
ds_inverse/q201_baseline/model-9.pt
ds_inverse/q201_baseline/model-90.pt
ds_inverse/q201_baseline/model-91.pt
ds_inverse/q201_baseline/model-92.pt
ds_inverse/q201_baseline/model-93.pt
ds_inverse/q201_baseline/model-94.pt
ds_inverse/q201_baseline/model-95.pt
ds_inverse/q201_baseline/model-96.pt
ds_inverse/q201_baseline/model-97.pt
ds_inverse/q201_baseline/model-98.pt
ds_inverse/q201_baseline/model-99.pt
ds_inverse/q201_baseline/results.json

sent 2,305,076,824 bytes  received 1,969 bytes  61,468,767.81 bytes/sec
total size is 2,304,507,738  speedup is 1.00
Results copied to /n/home03/mkrasnow/research-repo/projects/ired/results/
Cleaning up work directory...
