Job started at Mon Jan 26 15:48:46 EST 2026
Running on host: holygpu8a22306.rc.fas.harvard.edu
Job ID: 57119198 (Array Job ID: 56602491, Task ID: 7)
Seed: 7
Git URL: https://github.com/mdkrasnow/research-repo.git
Git SHA: fef884935d71901bd0658b2ecc73b88b9a3f8ca3
Work directory: /tmp/ired-job-57119198
GPU info:
Mon Jan 26 15:48:46 2026       
+-----------------------------------------------------------------------------------------+
| NVIDIA-SMI 575.57.08              Driver Version: 575.57.08      CUDA Version: 12.9     |
|-----------------------------------------+------------------------+----------------------+
| GPU  Name                 Persistence-M | Bus-Id          Disp.A | Volatile Uncorr. ECC |
| Fan  Temp   Perf          Pwr:Usage/Cap |           Memory-Usage | GPU-Util  Compute M. |
|                                         |                        |               MIG M. |
|=========================================+========================+======================|
|   0  NVIDIA A100-SXM4-80GB          On  |   00000000:E3:00.0 Off |                    0 |
| N/A   27C    P0             62W /  500W |       0MiB /  81920MiB |      0%      Default |
|                                         |                        |             Disabled |
+-----------------------------------------+------------------------+----------------------+
                                                                                         
+-----------------------------------------------------------------------------------------+
| Processes:                                                                              |
|  GPU   GI   CI              PID   Type   Process name                        GPU Memory |
|        ID   ID                                                               Usage      |
|=========================================================================================|
|  No running processes found                                                             |
+-----------------------------------------------------------------------------------------+
Cloning repository...
Repository cloned and checked out to: fef8849
Repository info:
fef8849 reorg
Starting matrix inversion with adversarial mining and seed 7...
Loading configuration from: projects/ired/configs/q103_multiseed_adversarial.json
Configuration saved to: results/ds_inverse/q103_seed7/experiment_config.json
Setting random seed: 7
Starting experiment with mining strategy: adversarial
Configuration: {
  "experiment_name": "q103_multiseed_adversarial",
  "description": "Multi-seed adversarial mining validation - seeds 0-9",
  "mining_strategy": "adversarial",
  "rank": 20,
  "ood": false,
  "diffusion_steps": 10,
  "batch_size": 2048,
  "train_steps": 100000,
  "learning_rate": 0.0001,
  "mining_opt_steps": 2,
  "mining_noise_scale": 3.0,
  "seed": 7,
  "output_dir": "results/ds_inverse/q103_seed7",
  "notes": "Adversarial gradient-based negative mining with mining_opt_steps=2 and mining_noise_scale=3.0. This config will be used with SLURM array jobs where seed is overridden by SLURM_ARRAY_TASK_ID."
}
Dataset: Inverse matrices (20x20)
Input dimension: 400, Output dimension: 400
Trainer initialized. Output directory: results/ds_inverse/q103_seed7
Training for 100000 steps...
Running Evaluation...
Validation Result @ Iteration 1000; Milestone = 1 (Train)
---------  -------
mse_error  1.82127
---------  -------
Validation Result @ Iteration 1000; Milestone = 1 (ID: Validation)
---  -------
mse  1.81989
---  -------
Running Evaluation...
Validation Result @ Iteration 2000; Milestone = 2 (Train)
---------  -------
mse_error  1.19603
---------  -------
Validation Result @ Iteration 2000; Milestone = 2 (ID: Validation)
---  -------
mse  1.19586
---  -------
Running Evaluation...
Validation Result @ Iteration 3000; Milestone = 3 (Train)
---------  --------
mse_error  0.794515
---------  --------
Validation Result @ Iteration 3000; Milestone = 3 (ID: Validation)
---  --------
mse  0.791887
---  --------
Running Evaluation...
Validation Result @ Iteration 4000; Milestone = 4 (Train)
---------  --------
mse_error  0.466668
---------  --------
Validation Result @ Iteration 4000; Milestone = 4 (ID: Validation)
---  --------
mse  0.467566
---  --------
Running Evaluation...
Validation Result @ Iteration 5000; Milestone = 5 (Train)
---------  --------
mse_error  0.215228
---------  --------
Validation Result @ Iteration 5000; Milestone = 5 (ID: Validation)
---  --------
mse  0.219189
---  --------
Running Evaluation...
Validation Result @ Iteration 6000; Milestone = 6 (Train)
---------  ---------
mse_error  0.0653343
---------  ---------
Validation Result @ Iteration 6000; Milestone = 6 (ID: Validation)
---  ---------
mse  0.0618826
---  ---------
Running Evaluation...
Validation Result @ Iteration 7000; Milestone = 7 (Train)
---------  ---------
mse_error  0.0172395
---------  ---------
Validation Result @ Iteration 7000; Milestone = 7 (ID: Validation)
---  ---------
mse  0.0166316
---  ---------
Running Evaluation...
Validation Result @ Iteration 8000; Milestone = 8 (Train)
---------  ---------
mse_error  0.0115669
---------  ---------
Validation Result @ Iteration 8000; Milestone = 8 (ID: Validation)
---  ---------
mse  0.0116214
---  ---------
Running Evaluation...
Validation Result @ Iteration 9000; Milestone = 9 (Train)
---------  ---------
mse_error  0.0104316
---------  ---------
Validation Result @ Iteration 9000; Milestone = 9 (ID: Validation)
---  --------
mse  0.010394
---  --------
Running Evaluation...
Validation Result @ Iteration 10000; Milestone = 10 (Train)
---------  ---------
mse_error  0.0101011
---------  ---------
Validation Result @ Iteration 10000; Milestone = 10 (ID: Validation)
---  ---------
mse  0.0100705
---  ---------
Running Evaluation...
Validation Result @ Iteration 11000; Milestone = 11 (Train)
---------  ----------
mse_error  0.00986543
---------  ----------
Validation Result @ Iteration 11000; Milestone = 11 (ID: Validation)
---  ----------
mse  0.00992625
---  ----------
Running Evaluation...
Validation Result @ Iteration 12000; Milestone = 12 (Train)
---------  ----------
mse_error  0.00986033
---------  ----------
Validation Result @ Iteration 12000; Milestone = 12 (ID: Validation)
---  ----------
mse  0.00988476
---  ----------
Running Evaluation...
Validation Result @ Iteration 13000; Milestone = 13 (Train)
---------  ----------
mse_error  0.00989838
---------  ----------
Validation Result @ Iteration 13000; Milestone = 13 (ID: Validation)
---  ----------
mse  0.00987459
---  ----------
Running Evaluation...
Validation Result @ Iteration 14000; Milestone = 14 (Train)
---------  ----------
mse_error  0.00971918
---------  ----------
Validation Result @ Iteration 14000; Milestone = 14 (ID: Validation)
---  ----------
mse  0.00983107
---  ----------
Running Evaluation...
Validation Result @ Iteration 15000; Milestone = 15 (Train)
---------  ----------
mse_error  0.00982575
---------  ----------
Validation Result @ Iteration 15000; Milestone = 15 (ID: Validation)
---  ----------
mse  0.00979281
---  ----------
Running Evaluation...
Validation Result @ Iteration 16000; Milestone = 16 (Train)
---------  ----------
mse_error  0.00988789
---------  ----------
Validation Result @ Iteration 16000; Milestone = 16 (ID: Validation)
---  ----------
mse  0.00984744
---  ----------
Running Evaluation...
Validation Result @ Iteration 17000; Milestone = 17 (Train)
---------  ----------
mse_error  0.00980308
---------  ----------
Validation Result @ Iteration 17000; Milestone = 17 (ID: Validation)
---  ----------
mse  0.00979717
---  ----------
Running Evaluation...
Validation Result @ Iteration 18000; Milestone = 18 (Train)
---------  --------
mse_error  0.009861
---------  --------
Validation Result @ Iteration 18000; Milestone = 18 (ID: Validation)
---  ----------
mse  0.00980695
---  ----------
Running Evaluation...
Validation Result @ Iteration 19000; Milestone = 19 (Train)
---------  ----------
mse_error  0.00976704
---------  ----------
Validation Result @ Iteration 19000; Milestone = 19 (ID: Validation)
---  ----------
mse  0.00977168
---  ----------
Running Evaluation...
Validation Result @ Iteration 20000; Milestone = 20 (Train)
---------  ----------
mse_error  0.00974205
---------  ----------
Validation Result @ Iteration 20000; Milestone = 20 (ID: Validation)
---  ----------
mse  0.00976526
---  ----------
Running Evaluation...
Validation Result @ Iteration 21000; Milestone = 21 (Train)
---------  ----------
mse_error  0.00977129
---------  ----------
Validation Result @ Iteration 21000; Milestone = 21 (ID: Validation)
---  ----------
mse  0.00977961
---  ----------
Running Evaluation...
Validation Result @ Iteration 22000; Milestone = 22 (Train)
---------  ----------
mse_error  0.00974717
---------  ----------
Validation Result @ Iteration 22000; Milestone = 22 (ID: Validation)
---  ---------
mse  0.0098222
---  ---------
Running Evaluation...
Validation Result @ Iteration 23000; Milestone = 23 (Train)
---------  ----------
mse_error  0.00977602
---------  ----------
Validation Result @ Iteration 23000; Milestone = 23 (ID: Validation)
---  ----------
mse  0.00977508
---  ----------
Running Evaluation...
Validation Result @ Iteration 24000; Milestone = 24 (Train)
---------  ----------
mse_error  0.00979216
---------  ----------
Validation Result @ Iteration 24000; Milestone = 24 (ID: Validation)
---  ----------
mse  0.00983078
---  ----------
Running Evaluation...
Validation Result @ Iteration 25000; Milestone = 25 (Train)
---------  ----------
mse_error  0.00982004
---------  ----------
Validation Result @ Iteration 25000; Milestone = 25 (ID: Validation)
---  ---------
mse  0.0098346
---  ---------
Running Evaluation...
Validation Result @ Iteration 26000; Milestone = 26 (Train)
---------  ----------
mse_error  0.00979222
---------  ----------
Validation Result @ Iteration 26000; Milestone = 26 (ID: Validation)
---  ----------
mse  0.00980576
---  ----------
Running Evaluation...
Validation Result @ Iteration 27000; Milestone = 27 (Train)
---------  ----------
mse_error  0.00976239
---------  ----------
Validation Result @ Iteration 27000; Milestone = 27 (ID: Validation)
---  ---------
mse  0.0097757
---  ---------
Running Evaluation...
Validation Result @ Iteration 28000; Milestone = 28 (Train)
---------  ----------
mse_error  0.00983414
---------  ----------
Validation Result @ Iteration 28000; Milestone = 28 (ID: Validation)
---  ----------
mse  0.00978823
---  ----------
Running Evaluation...
Validation Result @ Iteration 29000; Milestone = 29 (Train)
---------  ----------
mse_error  0.00981487
---------  ----------
Validation Result @ Iteration 29000; Milestone = 29 (ID: Validation)
---  ----------
mse  0.00978051
---  ----------
Running Evaluation...
Validation Result @ Iteration 30000; Milestone = 30 (Train)
---------  ----------
mse_error  0.00980759
---------  ----------
Validation Result @ Iteration 30000; Milestone = 30 (ID: Validation)
---  ----------
mse  0.00978444
---  ----------
Running Evaluation...
Validation Result @ Iteration 31000; Milestone = 31 (Train)
---------  ----------
mse_error  0.00977977
---------  ----------
Validation Result @ Iteration 31000; Milestone = 31 (ID: Validation)
---  ----------
mse  0.00978579
---  ----------
Running Evaluation...
Validation Result @ Iteration 32000; Milestone = 32 (Train)
---------  ----------
mse_error  0.00970972
---------  ----------
Validation Result @ Iteration 32000; Milestone = 32 (ID: Validation)
---  ----------
mse  0.00974077
---  ----------
Running Evaluation...
Validation Result @ Iteration 33000; Milestone = 33 (Train)
---------  ----------
mse_error  0.00973895
---------  ----------
Validation Result @ Iteration 33000; Milestone = 33 (ID: Validation)
---  ----------
mse  0.00982917
---  ----------
Running Evaluation...
Validation Result @ Iteration 34000; Milestone = 34 (Train)
---------  ----------
mse_error  0.00982987
---------  ----------
Validation Result @ Iteration 34000; Milestone = 34 (ID: Validation)
---  ----------
mse  0.00980587
---  ----------
Running Evaluation...
Validation Result @ Iteration 35000; Milestone = 35 (Train)
---------  ----------
mse_error  0.00981592
---------  ----------
Validation Result @ Iteration 35000; Milestone = 35 (ID: Validation)
---  ----------
mse  0.00975893
---  ----------
Running Evaluation...
Validation Result @ Iteration 36000; Milestone = 36 (Train)
---------  ----------
mse_error  0.00972191
---------  ----------
Validation Result @ Iteration 36000; Milestone = 36 (ID: Validation)
---  ----------
mse  0.00978457
---  ----------
Running Evaluation...
Validation Result @ Iteration 37000; Milestone = 37 (Train)
---------  ----------
mse_error  0.00974923
---------  ----------
Validation Result @ Iteration 37000; Milestone = 37 (ID: Validation)
---  ----------
mse  0.00976165
---  ----------
Running Evaluation...
Validation Result @ Iteration 38000; Milestone = 38 (Train)
---------  ----------
mse_error  0.00984242
---------  ----------
Validation Result @ Iteration 38000; Milestone = 38 (ID: Validation)
---  ----------
mse  0.00979515
---  ----------
Running Evaluation...
Validation Result @ Iteration 39000; Milestone = 39 (Train)
---------  ----------
mse_error  0.00984147
---------  ----------
Validation Result @ Iteration 39000; Milestone = 39 (ID: Validation)
---  ----------
mse  0.00976873
---  ----------
Running Evaluation...
Validation Result @ Iteration 40000; Milestone = 40 (Train)
---------  ----------
mse_error  0.00971959
---------  ----------
Validation Result @ Iteration 40000; Milestone = 40 (ID: Validation)
---  ----------
mse  0.00973727
---  ----------
Running Evaluation...
Validation Result @ Iteration 41000; Milestone = 41 (Train)
---------  ----------
mse_error  0.00978554
---------  ----------
Validation Result @ Iteration 41000; Milestone = 41 (ID: Validation)
---  ---------
mse  0.0097777
---  ---------
Running Evaluation...
Validation Result @ Iteration 42000; Milestone = 42 (Train)
---------  --------
mse_error  0.009822
---------  --------
Validation Result @ Iteration 42000; Milestone = 42 (ID: Validation)
---  ----------
mse  0.00977372
---  ----------
Running Evaluation...
Validation Result @ Iteration 43000; Milestone = 43 (Train)
---------  ----------
mse_error  0.00994519
---------  ----------
Validation Result @ Iteration 43000; Milestone = 43 (ID: Validation)
---  ---------
mse  0.0097853
---  ---------
Running Evaluation...
Validation Result @ Iteration 44000; Milestone = 44 (Train)
---------  ----------
mse_error  0.00979227
---------  ----------
Validation Result @ Iteration 44000; Milestone = 44 (ID: Validation)
---  ---------
mse  0.0097746
---  ---------
Running Evaluation...
Validation Result @ Iteration 45000; Milestone = 45 (Train)
---------  ----------
mse_error  0.00980745
---------  ----------
Validation Result @ Iteration 45000; Milestone = 45 (ID: Validation)
---  ---------
mse  0.0098161
---  ---------
Running Evaluation...
Validation Result @ Iteration 46000; Milestone = 46 (Train)
---------  ----------
mse_error  0.00984543
---------  ----------
Validation Result @ Iteration 46000; Milestone = 46 (ID: Validation)
---  ----------
mse  0.00982968
---  ----------
Running Evaluation...
Validation Result @ Iteration 47000; Milestone = 47 (Train)
---------  ----------
mse_error  0.00978967
---------  ----------
Validation Result @ Iteration 47000; Milestone = 47 (ID: Validation)
---  ----------
mse  0.00981065
---  ----------
Running Evaluation...
Validation Result @ Iteration 48000; Milestone = 48 (Train)
---------  ----------
mse_error  0.00974017
---------  ----------
Validation Result @ Iteration 48000; Milestone = 48 (ID: Validation)
---  ---------
mse  0.0097913
---  ---------
Running Evaluation...
Validation Result @ Iteration 49000; Milestone = 49 (Train)
---------  ----------
mse_error  0.00977283
---------  ----------
Validation Result @ Iteration 49000; Milestone = 49 (ID: Validation)
---  ---------
mse  0.0097419
---  ---------
Running Evaluation...
Validation Result @ Iteration 50000; Milestone = 50 (Train)
---------  ----------
mse_error  0.00981665
---------  ----------
Validation Result @ Iteration 50000; Milestone = 50 (ID: Validation)
---  ----------
mse  0.00974636
---  ----------
Running Evaluation...
Validation Result @ Iteration 51000; Milestone = 51 (Train)
---------  ----------
mse_error  0.00979245
---------  ----------
Validation Result @ Iteration 51000; Milestone = 51 (ID: Validation)
---  ----------
mse  0.00980214
---  ----------
Running Evaluation...
Validation Result @ Iteration 52000; Milestone = 52 (Train)
---------  ----------
mse_error  0.00976213
---------  ----------
Validation Result @ Iteration 52000; Milestone = 52 (ID: Validation)
---  ----------
mse  0.00976836
---  ----------
Running Evaluation...
Validation Result @ Iteration 53000; Milestone = 53 (Train)
---------  ----------
mse_error  0.00983854
---------  ----------
Validation Result @ Iteration 53000; Milestone = 53 (ID: Validation)
---  ----------
mse  0.00977716
---  ----------
Running Evaluation...
Validation Result @ Iteration 54000; Milestone = 54 (Train)
---------  ---------
mse_error  0.0097948
---------  ---------
Validation Result @ Iteration 54000; Milestone = 54 (ID: Validation)
---  ----------
mse  0.00980728
---  ----------
Running Evaluation...
Validation Result @ Iteration 55000; Milestone = 55 (Train)
---------  ----------
mse_error  0.00988586
---------  ----------
Validation Result @ Iteration 55000; Milestone = 55 (ID: Validation)
---  ----------
mse  0.00978074
---  ----------
Running Evaluation...
Validation Result @ Iteration 56000; Milestone = 56 (Train)
---------  ----------
mse_error  0.00984473
---------  ----------
Validation Result @ Iteration 56000; Milestone = 56 (ID: Validation)
---  ----------
mse  0.00979398
---  ----------
Running Evaluation...
Validation Result @ Iteration 57000; Milestone = 57 (Train)
---------  ----------
mse_error  0.00981816
---------  ----------
Validation Result @ Iteration 57000; Milestone = 57 (ID: Validation)
---  ----------
mse  0.00979175
---  ----------
Running Evaluation...
Validation Result @ Iteration 58000; Milestone = 58 (Train)
---------  ----------
mse_error  0.00979005
---------  ----------
Validation Result @ Iteration 58000; Milestone = 58 (ID: Validation)
---  ----------
mse  0.00979431
---  ----------
Running Evaluation...
Validation Result @ Iteration 59000; Milestone = 59 (Train)
---------  ----------
mse_error  0.00980835
---------  ----------
Validation Result @ Iteration 59000; Milestone = 59 (ID: Validation)
---  ----------
mse  0.00977379
---  ----------
Running Evaluation...
Validation Result @ Iteration 60000; Milestone = 60 (Train)
---------  ----------
mse_error  0.00978691
---------  ----------
Validation Result @ Iteration 60000; Milestone = 60 (ID: Validation)
---  ----------
mse  0.00980584
---  ----------
Running Evaluation...
Validation Result @ Iteration 61000; Milestone = 61 (Train)
---------  ----------
mse_error  0.00971595
---------  ----------
Validation Result @ Iteration 61000; Milestone = 61 (ID: Validation)
---  ----------
mse  0.00975273
---  ----------
Running Evaluation...
Validation Result @ Iteration 62000; Milestone = 62 (Train)
---------  ----------
mse_error  0.00979376
---------  ----------
Validation Result @ Iteration 62000; Milestone = 62 (ID: Validation)
---  ----------
mse  0.00979004
---  ----------
Running Evaluation...
Validation Result @ Iteration 63000; Milestone = 63 (Train)
---------  ---------
mse_error  0.0098162
---------  ---------
Validation Result @ Iteration 63000; Milestone = 63 (ID: Validation)
---  ----------
mse  0.00979939
---  ----------
Running Evaluation...
Validation Result @ Iteration 64000; Milestone = 64 (Train)
---------  ----------
mse_error  0.00980117
---------  ----------
Validation Result @ Iteration 64000; Milestone = 64 (ID: Validation)
---  ----------
mse  0.00979985
---  ----------
Running Evaluation...
Validation Result @ Iteration 65000; Milestone = 65 (Train)
---------  ----------
mse_error  0.00984458
---------  ----------
Validation Result @ Iteration 65000; Milestone = 65 (ID: Validation)
---  ----------
mse  0.00975662
---  ----------
Running Evaluation...
Validation Result @ Iteration 66000; Milestone = 66 (Train)
---------  ----------
mse_error  0.00983579
---------  ----------
Validation Result @ Iteration 66000; Milestone = 66 (ID: Validation)
---  ----------
mse  0.00980428
---  ----------
Running Evaluation...
Validation Result @ Iteration 67000; Milestone = 67 (Train)
---------  ---------
mse_error  0.0097723
---------  ---------
Validation Result @ Iteration 67000; Milestone = 67 (ID: Validation)
---  ----------
mse  0.00975269
---  ----------
Running Evaluation...
Validation Result @ Iteration 68000; Milestone = 68 (Train)
---------  ----------
mse_error  0.00983696
---------  ----------
Validation Result @ Iteration 68000; Milestone = 68 (ID: Validation)
---  ----------
mse  0.00978696
---  ----------
Running Evaluation...
Validation Result @ Iteration 69000; Milestone = 69 (Train)
---------  ----------
mse_error  0.00976809
---------  ----------
Validation Result @ Iteration 69000; Milestone = 69 (ID: Validation)
---  ----------
mse  0.00977975
---  ----------
Running Evaluation...
Validation Result @ Iteration 70000; Milestone = 70 (Train)
---------  ----------
mse_error  0.00974004
---------  ----------
Validation Result @ Iteration 70000; Milestone = 70 (ID: Validation)
---  ----------
mse  0.00980784
---  ----------
Running Evaluation...
Validation Result @ Iteration 71000; Milestone = 71 (Train)
---------  ----------
mse_error  0.00973812
---------  ----------
Validation Result @ Iteration 71000; Milestone = 71 (ID: Validation)
---  ----------
mse  0.00981293
---  ----------
Running Evaluation...
Validation Result @ Iteration 72000; Milestone = 72 (Train)
---------  ----------
mse_error  0.00975898
---------  ----------
Validation Result @ Iteration 72000; Milestone = 72 (ID: Validation)
---  ----------
mse  0.00980772
---  ----------
Running Evaluation...
Validation Result @ Iteration 73000; Milestone = 73 (Train)
---------  ----------
mse_error  0.00972771
---------  ----------
Validation Result @ Iteration 73000; Milestone = 73 (ID: Validation)
---  ----------
mse  0.00976982
---  ----------
Running Evaluation...
Validation Result @ Iteration 74000; Milestone = 74 (Train)
---------  ----------
mse_error  0.00976217
---------  ----------
Validation Result @ Iteration 74000; Milestone = 74 (ID: Validation)
---  ----------
mse  0.00976461
---  ----------
Running Evaluation...
Validation Result @ Iteration 75000; Milestone = 75 (Train)
---------  ----------
mse_error  0.00976732
---------  ----------
Validation Result @ Iteration 75000; Milestone = 75 (ID: Validation)
---  ----------
mse  0.00975542
---  ----------
Running Evaluation...
Validation Result @ Iteration 76000; Milestone = 76 (Train)
---------  ----------
mse_error  0.00970171
---------  ----------
Validation Result @ Iteration 76000; Milestone = 76 (ID: Validation)
---  ----------
mse  0.00977673
---  ----------
Running Evaluation...
Validation Result @ Iteration 77000; Milestone = 77 (Train)
---------  ----------
mse_error  0.00978088
---------  ----------
Validation Result @ Iteration 77000; Milestone = 77 (ID: Validation)
---  ----------
mse  0.00980923
---  ----------
Running Evaluation...
Validation Result @ Iteration 78000; Milestone = 78 (Train)
---------  ---------
mse_error  0.0097978
---------  ---------
Validation Result @ Iteration 78000; Milestone = 78 (ID: Validation)
---  ----------
mse  0.00976778
---  ----------
Running Evaluation...
Validation Result @ Iteration 79000; Milestone = 79 (Train)
---------  ----------
mse_error  0.00981368
---------  ----------
Validation Result @ Iteration 79000; Milestone = 79 (ID: Validation)
---  ----------
mse  0.00979438
---  ----------
Running Evaluation...
Validation Result @ Iteration 80000; Milestone = 80 (Train)
---------  ----------
mse_error  0.00982393
---------  ----------
Validation Result @ Iteration 80000; Milestone = 80 (ID: Validation)
---  ----------
mse  0.00978468
---  ----------
Running Evaluation...
Validation Result @ Iteration 81000; Milestone = 81 (Train)
---------  ----------
mse_error  0.00981748
---------  ----------
Validation Result @ Iteration 81000; Milestone = 81 (ID: Validation)
---  ----------
mse  0.00980579
---  ----------
Running Evaluation...
Validation Result @ Iteration 82000; Milestone = 82 (Train)
---------  ----------
mse_error  0.00978624
---------  ----------
Validation Result @ Iteration 82000; Milestone = 82 (ID: Validation)
---  ----------
mse  0.00977267
---  ----------
Running Evaluation...
Validation Result @ Iteration 83000; Milestone = 83 (Train)
---------  ----------
mse_error  0.00978506
---------  ----------
Validation Result @ Iteration 83000; Milestone = 83 (ID: Validation)
---  ---------
mse  0.0097949
---  ---------
Running Evaluation...
Validation Result @ Iteration 84000; Milestone = 84 (Train)
---------  ----------
mse_error  0.00984006
---------  ----------
Validation Result @ Iteration 84000; Milestone = 84 (ID: Validation)
---  ----------
mse  0.00980053
---  ----------
Running Evaluation...
Validation Result @ Iteration 85000; Milestone = 85 (Train)
---------  ----------
mse_error  0.00978159
---------  ----------
Validation Result @ Iteration 85000; Milestone = 85 (ID: Validation)
---  ----------
mse  0.00981985
---  ----------
Running Evaluation...
Validation Result @ Iteration 86000; Milestone = 86 (Train)
---------  ----------
mse_error  0.00974874
---------  ----------
Validation Result @ Iteration 86000; Milestone = 86 (ID: Validation)
---  ----------
mse  0.00978892
---  ----------
Running Evaluation...
Validation Result @ Iteration 87000; Milestone = 87 (Train)
---------  ----------
mse_error  0.00976584
---------  ----------
Validation Result @ Iteration 87000; Milestone = 87 (ID: Validation)
---  ----------
mse  0.00977252
---  ----------
Running Evaluation...
Validation Result @ Iteration 88000; Milestone = 88 (Train)
---------  ----------
mse_error  0.00977331
---------  ----------
Validation Result @ Iteration 88000; Milestone = 88 (ID: Validation)
---  ----------
mse  0.00978932
---  ----------
Running Evaluation...
Validation Result @ Iteration 89000; Milestone = 89 (Train)
---------  ----------
mse_error  0.00981434
---------  ----------
Validation Result @ Iteration 89000; Milestone = 89 (ID: Validation)
---  ----------
mse  0.00977247
---  ----------
Running Evaluation...
Validation Result @ Iteration 90000; Milestone = 90 (Train)
---------  ----------
mse_error  0.00975617
---------  ----------
Validation Result @ Iteration 90000; Milestone = 90 (ID: Validation)
---  ----------
mse  0.00974084
---  ----------
Running Evaluation...
Validation Result @ Iteration 91000; Milestone = 91 (Train)
---------  ----------
mse_error  0.00980077
---------  ----------
Validation Result @ Iteration 91000; Milestone = 91 (ID: Validation)
---  ----------
mse  0.00981601
---  ----------
Running Evaluation...
Validation Result @ Iteration 92000; Milestone = 92 (Train)
---------  ----------
mse_error  0.00978409
---------  ----------
Validation Result @ Iteration 92000; Milestone = 92 (ID: Validation)
---  ----------
mse  0.00976788
---  ----------
Running Evaluation...
Validation Result @ Iteration 93000; Milestone = 93 (Train)
---------  ----------
mse_error  0.00972248
---------  ----------
Validation Result @ Iteration 93000; Milestone = 93 (ID: Validation)
---  ---------
mse  0.0097578
---  ---------
Running Evaluation...
Validation Result @ Iteration 94000; Milestone = 94 (Train)
---------  ----------
mse_error  0.00978051
---------  ----------
Validation Result @ Iteration 94000; Milestone = 94 (ID: Validation)
---  ----------
mse  0.00976222
---  ----------
Running Evaluation...
Validation Result @ Iteration 95000; Milestone = 95 (Train)
---------  ----------
mse_error  0.00977953
---------  ----------
Validation Result @ Iteration 95000; Milestone = 95 (ID: Validation)
---  ----------
mse  0.00976592
---  ----------
Running Evaluation...
Validation Result @ Iteration 96000; Milestone = 96 (Train)
---------  ----------
mse_error  0.00977449
---------  ----------
Validation Result @ Iteration 96000; Milestone = 96 (ID: Validation)
---  ----------
mse  0.00978922
---  ----------
Running Evaluation...
Validation Result @ Iteration 97000; Milestone = 97 (Train)
---------  ----------
mse_error  0.00985289
---------  ----------
Validation Result @ Iteration 97000; Milestone = 97 (ID: Validation)
---  ---------
mse  0.0097854
---  ---------
Running Evaluation...
Validation Result @ Iteration 98000; Milestone = 98 (Train)
---------  ----------
mse_error  0.00970175
---------  ----------
Validation Result @ Iteration 98000; Milestone = 98 (ID: Validation)
---  ----------
mse  0.00980087
---  ----------
Running Evaluation...
Validation Result @ Iteration 99000; Milestone = 99 (Train)
---------  ----------
mse_error  0.00977798
---------  ----------
Validation Result @ Iteration 99000; Milestone = 99 (ID: Validation)
---  ----------
mse  0.00978602
---  ----------
Running Evaluation...
Validation Result @ Iteration 100000; Milestone = 100 (Train)
---------  ----------
mse_error  0.00977832
---------  ----------
Validation Result @ Iteration 100000; Milestone = 100 (ID: Validation)
---  ----------
mse  0.00977357
---  ----------
training complete
Training completed!
Results saved to: results/ds_inverse/q103_seed7/results.json
Experiment completed at Mon Jan 26 17:28:49 EST 2026
Copying results to persistent storage...
sending incremental file list
./
summary.md
test_run/
test_run/experiment_config.json

sent 2,486 bytes  received 69 bytes  5,110.00 bytes/sec
total size is 2,227  speedup is 0.87
Results copied to /n/home03/mkrasnow/research-repo/projects/ired/results/
Cleaning up work directory...
