Sun Mar  1 17:26:49 2026       
+-----------------------------------------------------------------------------------------+
| NVIDIA-SMI 575.57.08              Driver Version: 575.57.08      CUDA Version: 12.9     |
|-----------------------------------------+------------------------+----------------------+
| GPU  Name                 Persistence-M | Bus-Id          Disp.A | Volatile Uncorr. ECC |
| Fan  Temp   Perf          Pwr:Usage/Cap |           Memory-Usage | GPU-Util  Compute M. |
|                                         |                        |               MIG M. |
|=========================================+========================+======================|
|   0  NVIDIA A100-SXM4-40GB          On  |   00000000:E3:00.0 Off |                   On |
| N/A   23C    P0             38W /  400W |     213MiB /  40960MiB |     N/A      Default |
|                                         |                        |              Enabled |
+-----------------------------------------+------------------------+----------------------+

+-----------------------------------------------------------------------------------------+
| MIG devices:                                                                            |
+------------------+----------------------------------+-----------+-----------------------+
| GPU  GI  CI  MIG |                     Memory-Usage |        Vol|        Shared         |
|      ID  ID  Dev |                       BAR1-Usage | SM     Unc| CE ENC  DEC  OFA  JPG |
|                  |                                  |        ECC|                       |
|==================+==================================+===========+=======================|
|  0    2   0   0  |             107MiB / 20096MiB    | 42      0 |  3   0    2    0    0 |
|                  |                 0MiB / 32767MiB  |           |                       |
+------------------+----------------------------------+-----------+-----------------------+
                                                                                         
+-----------------------------------------------------------------------------------------+
| Processes:                                                                              |
|  GPU   GI   CI              PID   Type   Process name                        GPU Memory |
|        ID   ID                                                               Usage      |
|=========================================================================================|
|  No running processes found                                                             |
+-----------------------------------------------------------------------------------------+
Loading configuration from: projects/ired/configs/q242_smoke_test.json
Configuration saved to: projects/ired/results/ds_inverse/q242_smoke_test/experiment_config.json
Setting random seed: 0
Starting experiment with mining strategy: tam
Configuration: {
  "experiment_name": "q242_smoke_test",
  "description": "Smoke test: 200 steps to verify hard-state sampling code runs without errors.",
  "investigation": "hard-state-sampling",
  "mining_strategy": "tam",
  "tam_anchor_step": 2,
  "pgd_delta": 1.5,
  "pgd_step_size": 0.5,
  "mining_opt_steps": 3,
  "use_recovery_loss": true,
  "recovery_steps": 1,
  "recovery_loss_weight": 0.1,
  "recovery_target": "implied_noise",
  "use_recovery_rank_loss": true,
  "recovery_rank_margin": 0.1,
  "recovery_rank_weight": 0.2,
  "hard_state_mode": "replay_uncertainty",
  "hard_state_aux_weight": 0.03,
  "hard_state_buffer_size": 1000,
  "hard_state_diagnostic_only": false,
  "use_gradient_contrastive": false,
  "energy_loss_weight": 0.0,
  "use_scalar_energy": true,
  "rank": 20,
  "ood": false,
  "diffusion_steps": 10,
  "batch_size": 2048,
  "train_steps": 200,
  "learning_rate": 0.0001,
  "adam_betas": [
    0.0,
    0.999
  ],
  "output_dir": "projects/ired/results/ds_inverse/q242_smoke_test",
  "notes": "200-step smoke test. Just verify no crashes and H_mean appears in logs.",
  "seed": 0
}
Dataset: Inverse matrices (20x20)
Input dimension: 400, Output dimension: 400
Trainer initialized. Output directory: projects/ired/results/ds_inverse/q242_smoke_test
Training for 200 steps...
[LOSS-DIAG step=100] mse=0.998072 energy_raw=0.694274 energy_wtd=0.000000 rec=0.115753 total=1.113824 H_raw=0.000000 H_mean=0.0000 H_std=0.0000 L_hard=0.000000
[TAM-CTL-DIAG step=100] mse_pos=0.998841 mse_neg=0.998841 mse_rec=0.998841 neg_vs_rec=0.000000 rec_gain=0.0000 rec_dist=0.0000 pgd_radius=0.0000 anchor_dist=0.9517 dist_rec_pos=0.9517 eps_gap_rel=0.0518 cos_rec=-0.1994 rank_raw=0.100000
[LOSS-DIAG step=200] mse=1.000768 energy_raw=0.703725 energy_wtd=0.000000 rec=0.116811 total=1.117579 H_raw=0.000000 H_mean=0.0000 H_std=0.0000 L_hard=0.000000
[TAM-CTL-DIAG step=200] mse_pos=1.000478 mse_neg=1.000476 mse_rec=1.000476 neg_vs_rec=0.000000 rec_gain=0.0000 rec_dist=0.0001 pgd_radius=0.0001 anchor_dist=0.8117 dist_rec_pos=0.8117 eps_gap_rel=0.0437 cos_rec=-0.2216 rank_raw=0.099999
training complete
Training completed!
Saving final model checkpoint to: projects/ired/results/ds_inverse/q242_smoke_test/final_model.pt
Final model checkpoint saved successfully (0 EBM parameters)
Results saved to: projects/ired/results/ds_inverse/q242_smoke_test/results.json
sending incremental file list
./
summary.md
ds_inverse/
ds_inverse/q224_test_local/
ds_inverse/q224_test_local/experiment_config.json
ds_inverse/q242_smoke_test/
ds_inverse/q242_smoke_test/experiment_config.json
ds_inverse/q242_smoke_test/final_model.pt
ds_inverse/q242_smoke_test/results.json
test_run/
test_run/experiment_config.json

sent 6,503 bytes  received 157 bytes  13,320.00 bytes/sec
total size is 5,790  speedup is 0.87
