Job started at Wed Feb 18 22:03:05 EST 2026
Running on host: holygpu8a22201.rc.fas.harvard.edu
Job ID: 61083603
Git URL: https://github.com/mdkrasnow/research-repo.git
Git SHA: 9125a0270f59e8930ae21028cf3fbfb301762a93
Work directory: /tmp/ired-job-61083603
GPU info:
Wed Feb 18 22:03:05 2026       
+-----------------------------------------------------------------------------------------+
| NVIDIA-SMI 575.57.08              Driver Version: 575.57.08      CUDA Version: 12.9     |
|-----------------------------------------+------------------------+----------------------+
| GPU  Name                 Persistence-M | Bus-Id          Disp.A | Volatile Uncorr. ECC |
| Fan  Temp   Perf          Pwr:Usage/Cap |           Memory-Usage | GPU-Util  Compute M. |
|                                         |                        |               MIG M. |
|=========================================+========================+======================|
|   0  NVIDIA A100-SXM4-80GB          On  |   00000000:CA:00.0 Off |                    0 |
| N/A   29C    P0             58W /  500W |       0MiB /  81920MiB |      0%      Default |
|                                         |                        |             Disabled |
+-----------------------------------------+------------------------+----------------------+
                                                                                         
+-----------------------------------------------------------------------------------------+
| Processes:                                                                              |
|  GPU   GI   CI              PID   Type   Process name                        GPU Memory |
|        ID   ID                                                               Usage      |
|=========================================================================================|
|  No running processes found                                                             |
+-----------------------------------------------------------------------------------------+
Cloning repository...
Repository cloned and checked out to: 9125a02
Repository info:
9125a02 Add CD diagnostic logging and Langevin displacement tracking
Starting IRED-CD Stage 1 (CD loss + Langevin sampling)...
Loading configuration from: projects/ired/configs/q202_cd_langevin.json
Configuration saved to: results/ds_inverse/q202_cd_langevin/experiment_config.json
Setting random seed: 3
Starting experiment with mining strategy: cd_langevin
Configuration: {
  "experiment_name": "q202_cd_langevin",
  "description": "IRED-CD Investigation - Stage 1: CD loss + Langevin sampling",
  "investigation": "ired-cd",
  "ablation_stage": "cd_langevin",
  "mining_strategy": "cd_langevin",
  "rank": 20,
  "ood": false,
  "diffusion_steps": 10,
  "batch_size": 2048,
  "train_steps": 20000,
  "learning_rate": 0.0001,
  "mining_opt_steps": 10,
  "energy_reg_weight": 0.1,
  "mining_noise_scale": 1.5,
  "langevin_sigma_multiplier": 0.1,
  "use_langevin": true,
  "use_replay_buffer": false,
  "use_cd_loss": true,
  "use_residual_filter": false,
  "use_energy_schedule": false,
  "energy_loss_weight": 0.05,
  "adam_betas": [
    0.0,
    0.999
  ],
  "output_dir": "results/ds_inverse/q202_cd_langevin",
  "notes": "Ablation 1: Corrected CD loss (detach x_neg, NOT energy_neg). Langevin noise sigma=sqrt(2*eta). k=10 steps. No replay buffer yet.",
  "seed": 3
}
Dataset: Inverse matrices (20x20)
Input dimension: 400, Output dimension: 400
Trainer initialized. Output directory: results/ds_inverse/q202_cd_langevin
Training for 20000 steps...
[CD-DIAG step=100] E_pos=0.2612 E_neg=0.3291 CD_raw=-0.0679 CD_wtd=-0.003393 MSE=0.999618 neg_dist=23.3562 lang_grad0=0.0000 lang_gradK=0.0000 lang_disp=7.5386 step=0.4544 sigma=0.0920
[CD-DIAG step=200] E_pos=0.3088 E_neg=0.4421 CD_raw=-0.1333 CD_wtd=-0.006665 MSE=0.998719 neg_dist=23.3483 lang_grad0=0.0001 lang_gradK=0.0001 lang_disp=7.3565 step=0.4396 sigma=0.0907
[CD-DIAG step=300] E_pos=0.3121 E_neg=0.4973 CD_raw=-0.1851 CD_wtd=-0.009257 MSE=0.997726 neg_dist=23.1891 lang_grad0=0.0001 lang_gradK=0.0001 lang_disp=7.3951 step=0.4442 sigma=0.0910
[CD-DIAG step=400] E_pos=0.3177 E_neg=0.5364 CD_raw=-0.2187 CD_wtd=-0.010933 MSE=1.000364 neg_dist=23.2392 lang_grad0=0.0002 lang_gradK=0.0001 lang_disp=7.3832 step=0.4407 sigma=0.0908
[CD-DIAG step=500] E_pos=0.3302 E_neg=0.5944 CD_raw=-0.2642 CD_wtd=-0.013211 MSE=0.999183 neg_dist=23.3051 lang_grad0=0.0002 lang_gradK=0.0001 lang_disp=7.4371 step=0.4450 sigma=0.0912
[CD-DIAG step=600] E_pos=0.3361 E_neg=0.6619 CD_raw=-0.3259 CD_wtd=-0.016294 MSE=1.001890 neg_dist=23.1399 lang_grad0=0.0002 lang_gradK=0.0002 lang_disp=7.4160 step=0.4437 sigma=0.0910
[CD-DIAG step=700] E_pos=0.3444 E_neg=0.7151 CD_raw=-0.3708 CD_wtd=-0.018538 MSE=0.998932 neg_dist=23.5470 lang_grad0=0.0003 lang_gradK=0.0002 lang_disp=7.5171 step=0.4506 sigma=0.0918
[CD-DIAG step=800] E_pos=0.3370 E_neg=0.7721 CD_raw=-0.4351 CD_wtd=-0.021754 MSE=1.001445 neg_dist=23.1061 lang_grad0=0.0003 lang_gradK=0.0002 lang_disp=7.4062 step=0.4427 sigma=0.0909
[CD-DIAG step=900] E_pos=0.3449 E_neg=0.8683 CD_raw=-0.5234 CD_wtd=-0.026171 MSE=0.999157 neg_dist=23.3989 lang_grad0=0.0003 lang_gradK=0.0002 lang_disp=7.5184 step=0.4523 sigma=0.0918
[CD-DIAG step=1000] E_pos=0.3286 E_neg=0.9148 CD_raw=-0.5862 CD_wtd=-0.029308 MSE=0.997626 neg_dist=23.2636 lang_grad0=0.0004 lang_gradK=0.0002 lang_disp=7.4108 step=0.4456 sigma=0.0912
Running Evaluation...
Validation Result @ Iteration 1000; Milestone = 1 (Train)
---------  -------
mse_error  3.88223
---------  -------
Validation Result @ Iteration 1000; Milestone = 1 (ID: Validation)
---  -------
mse  3.83394
---  -------
[CD-DIAG step=1100] E_pos=0.3150 E_neg=0.9873 CD_raw=-0.6724 CD_wtd=-0.033618 MSE=0.999852 neg_dist=23.6110 lang_grad0=0.0004 lang_gradK=0.0003 lang_disp=7.5743 step=0.4567 sigma=0.0923
[CD-DIAG step=1200] E_pos=0.3226 E_neg=1.0913 CD_raw=-0.7687 CD_wtd=-0.038433 MSE=0.999433 neg_dist=23.3900 lang_grad0=0.0005 lang_gradK=0.0003 lang_disp=7.4495 step=0.4468 sigma=0.0913
[CD-DIAG step=1300] E_pos=0.3163 E_neg=1.1357 CD_raw=-0.8194 CD_wtd=-0.040971 MSE=1.001801 neg_dist=23.1043 lang_grad0=0.0005 lang_gradK=0.0003 lang_disp=7.4477 step=0.4467 sigma=0.0912
[CD-DIAG step=1400] E_pos=0.3050 E_neg=1.1975 CD_raw=-0.8925 CD_wtd=-0.044623 MSE=0.996977 neg_dist=23.0080 lang_grad0=0.0005 lang_gradK=0.0003 lang_disp=7.3218 step=0.4358 sigma=0.0902
[CD-DIAG step=1500] E_pos=0.2988 E_neg=1.3078 CD_raw=-1.0090 CD_wtd=-0.050448 MSE=0.998851 neg_dist=23.4393 lang_grad0=0.0006 lang_gradK=0.0004 lang_disp=7.4759 step=0.4491 sigma=0.0915
[CD-DIAG step=1600] E_pos=0.2947 E_neg=1.3115 CD_raw=-1.0168 CD_wtd=-0.050839 MSE=0.998872 neg_dist=22.9964 lang_grad0=0.0006 lang_gradK=0.0004 lang_disp=7.3469 step=0.4363 sigma=0.0902
[CD-DIAG step=1700] E_pos=0.2869 E_neg=1.3731 CD_raw=-1.0862 CD_wtd=-0.054311 MSE=1.001165 neg_dist=23.4293 lang_grad0=0.0007 lang_gradK=0.0004 lang_disp=7.5037 step=0.4511 sigma=0.0917
[CD-DIAG step=1800] E_pos=0.2856 E_neg=1.4738 CD_raw=-1.1882 CD_wtd=-0.059412 MSE=0.997542 neg_dist=23.3545 lang_grad0=0.0008 lang_gradK=0.0004 lang_disp=7.4743 step=0.4471 sigma=0.0914
[CD-DIAG step=1900] E_pos=0.2661 E_neg=1.4908 CD_raw=-1.2247 CD_wtd=-0.061235 MSE=0.999899 neg_dist=23.2197 lang_grad0=0.0008 lang_gradK=0.0005 lang_disp=7.4467 step=0.4462 sigma=0.0912
[CD-DIAG step=2000] E_pos=0.2625 E_neg=1.5497 CD_raw=-1.2872 CD_wtd=-0.064359 MSE=1.001345 neg_dist=23.5081 lang_grad0=0.0009 lang_gradK=0.0005 lang_disp=7.5179 step=0.4536 sigma=0.0919
Running Evaluation...
Validation Result @ Iteration 2000; Milestone = 2 (Train)
---------  -------
mse_error  3.87146
---------  -------
Validation Result @ Iteration 2000; Milestone = 2 (ID: Validation)
---  -------
mse  3.75222
---  -------
[CD-DIAG step=2100] E_pos=0.5778 E_neg=2.7047 CD_raw=-2.1269 CD_wtd=-0.106344 MSE=0.999467 neg_dist=23.1650 lang_grad0=0.0012 lang_gradK=0.0007 lang_disp=7.4047 step=0.4425 sigma=0.0909
[CD-DIAG step=2200] E_pos=0.5480 E_neg=2.7981 CD_raw=-2.2501 CD_wtd=-0.112503 MSE=0.997084 neg_dist=23.0747 lang_grad0=0.0013 lang_gradK=0.0007 lang_disp=7.4009 step=0.4434 sigma=0.0909
[CD-DIAG step=2300] E_pos=0.5641 E_neg=2.9902 CD_raw=-2.4261 CD_wtd=-0.121305 MSE=1.003062 neg_dist=23.4759 lang_grad0=0.0014 lang_gradK=0.0008 lang_disp=7.5247 step=0.4516 sigma=0.0918
[CD-DIAG step=2400] E_pos=0.5783 E_neg=2.9693 CD_raw=-2.3910 CD_wtd=-0.119549 MSE=1.000462 neg_dist=23.3235 lang_grad0=0.0014 lang_gradK=0.0008 lang_disp=7.4646 step=0.4473 sigma=0.0914
[CD-DIAG step=2500] E_pos=0.5497 E_neg=3.1113 CD_raw=-2.5616 CD_wtd=-0.128078 MSE=1.000194 neg_dist=23.6298 lang_grad0=0.0014 lang_gradK=0.0008 lang_disp=7.5362 step=0.4511 sigma=0.0918
[CD-DIAG step=2600] E_pos=0.5858 E_neg=3.1754 CD_raw=-2.5896 CD_wtd=-0.129480 MSE=0.999253 neg_dist=23.2405 lang_grad0=0.0014 lang_gradK=0.0009 lang_disp=7.4005 step=0.4409 sigma=0.0908
[CD-DIAG step=2700] E_pos=0.5612 E_neg=3.2576 CD_raw=-2.6964 CD_wtd=-0.134820 MSE=0.998341 neg_dist=23.2080 lang_grad0=0.0014 lang_gradK=0.0009 lang_disp=7.3519 step=0.4393 sigma=0.0906
[CD-DIAG step=2800] E_pos=0.5832 E_neg=3.3193 CD_raw=-2.7361 CD_wtd=-0.136804 MSE=1.000777 neg_dist=23.6233 lang_grad0=0.0015 lang_gradK=0.0009 lang_disp=7.4503 step=0.4480 sigma=0.0915
[CD-DIAG step=2900] E_pos=0.5901 E_neg=3.3679 CD_raw=-2.7778 CD_wtd=-0.138890 MSE=1.002175 neg_dist=23.5018 lang_grad0=0.0015 lang_gradK=0.0009 lang_disp=7.4926 step=0.4495 sigma=0.0917
[CD-DIAG step=3000] E_pos=0.5882 E_neg=3.3960 CD_raw=-2.8078 CD_wtd=-0.140391 MSE=1.000939 neg_dist=23.4644 lang_grad0=0.0016 lang_gradK=0.0009 lang_disp=7.5322 step=0.4504 sigma=0.0917
Running Evaluation...
Validation Result @ Iteration 3000; Milestone = 3 (Train)
---------  -------
mse_error  3.85651
---------  -------
Validation Result @ Iteration 3000; Milestone = 3 (ID: Validation)
---  -------
mse  3.63582
---  -------
[CD-DIAG step=3100] E_pos=0.6209 E_neg=3.4078 CD_raw=-2.7869 CD_wtd=-0.139344 MSE=1.001364 neg_dist=23.2426 lang_grad0=0.0015 lang_gradK=0.0009 lang_disp=7.4006 step=0.4402 sigma=0.0907
[CD-DIAG step=3200] E_pos=0.5982 E_neg=3.4813 CD_raw=-2.8831 CD_wtd=-0.144153 MSE=1.000728 neg_dist=23.5692 lang_grad0=0.0016 lang_gradK=0.0009 lang_disp=7.5543 step=0.4551 sigma=0.0922
[CD-DIAG step=3300] E_pos=0.6175 E_neg=3.5414 CD_raw=-2.9240 CD_wtd=-0.146198 MSE=0.998482 neg_dist=23.0995 lang_grad0=0.0016 lang_gradK=0.0009 lang_disp=7.3576 step=0.4405 sigma=0.0907
[CD-DIAG step=3400] E_pos=0.6150 E_neg=3.5028 CD_raw=-2.8878 CD_wtd=-0.144390 MSE=0.998345 neg_dist=23.5705 lang_grad0=0.0016 lang_gradK=0.0009 lang_disp=7.5480 step=0.4525 sigma=0.0919
[CD-DIAG step=3500] E_pos=0.5962 E_neg=3.5231 CD_raw=-2.9268 CD_wtd=-0.146341 MSE=0.999068 neg_dist=23.4455 lang_grad0=0.0016 lang_gradK=0.0009 lang_disp=7.4833 step=0.4500 sigma=0.0916
[CD-DIAG step=3600] E_pos=0.6057 E_neg=3.6056 CD_raw=-3.0000 CD_wtd=-0.149999 MSE=1.001545 neg_dist=23.4231 lang_grad0=0.0016 lang_gradK=0.0010 lang_disp=7.5067 step=0.4504 sigma=0.0917
[CD-DIAG step=3700] E_pos=0.6335 E_neg=3.6183 CD_raw=-2.9848 CD_wtd=-0.149242 MSE=0.999333 neg_dist=22.9688 lang_grad0=0.0016 lang_gradK=0.0010 lang_disp=7.3450 step=0.4393 sigma=0.0905
[CD-DIAG step=3800] E_pos=0.6509 E_neg=3.6844 CD_raw=-3.0335 CD_wtd=-0.151673 MSE=0.999278 neg_dist=23.1996 lang_grad0=0.0016 lang_gradK=0.0010 lang_disp=7.3974 step=0.4426 sigma=0.0909
[CD-DIAG step=3900] E_pos=0.6522 E_neg=3.6413 CD_raw=-2.9891 CD_wtd=-0.149457 MSE=1.000599 neg_dist=23.1284 lang_grad0=0.0016 lang_gradK=0.0010 lang_disp=7.3894 step=0.4441 sigma=0.0909
[CD-DIAG step=4000] E_pos=0.6385 E_neg=3.8421 CD_raw=-3.2036 CD_wtd=-0.160181 MSE=0.998518 neg_dist=23.5716 lang_grad0=0.0017 lang_gradK=0.0010 lang_disp=7.5063 step=0.4508 sigma=0.0918
Running Evaluation...
Validation Result @ Iteration 4000; Milestone = 4 (Train)
---------  -------
mse_error  3.84349
---------  -------
Validation Result @ Iteration 4000; Milestone = 4 (ID: Validation)
---  -------
mse  3.54929
---  -------
[CD-DIAG step=4100] E_pos=0.4688 E_neg=3.2818 CD_raw=-2.8131 CD_wtd=-0.140653 MSE=1.000912 neg_dist=23.1789 lang_grad0=0.0016 lang_gradK=0.0009 lang_disp=7.4333 step=0.4468 sigma=0.0912
[CD-DIAG step=4200] E_pos=0.4744 E_neg=3.2694 CD_raw=-2.7951 CD_wtd=-0.139753 MSE=0.997082 neg_dist=23.1351 lang_grad0=0.0016 lang_gradK=0.0009 lang_disp=7.4127 step=0.4465 sigma=0.0912
[CD-DIAG step=4300] E_pos=0.4804 E_neg=3.3262 CD_raw=-2.8457 CD_wtd=-0.142285 MSE=0.997988 neg_dist=23.1470 lang_grad0=0.0017 lang_gradK=0.0009 lang_disp=7.4424 step=0.4461 sigma=0.0912
[CD-DIAG step=4400] E_pos=0.4999 E_neg=3.4221 CD_raw=-2.9221 CD_wtd=-0.146107 MSE=1.002133 neg_dist=22.8221 lang_grad0=0.0016 lang_gradK=0.0010 lang_disp=7.2705 step=0.4335 sigma=0.0899
[CD-DIAG step=4500] E_pos=0.4963 E_neg=3.4616 CD_raw=-2.9653 CD_wtd=-0.148265 MSE=0.999359 neg_dist=23.3208 lang_grad0=0.0017 lang_gradK=0.0010 lang_disp=7.5154 step=0.4516 sigma=0.0917
[CD-DIAG step=4600] E_pos=0.4873 E_neg=3.5620 CD_raw=-3.0746 CD_wtd=-0.153731 MSE=1.000629 neg_dist=23.6955 lang_grad0=0.0018 lang_gradK=0.0010 lang_disp=7.5742 step=0.4571 sigma=0.0924
[CD-DIAG step=4700] E_pos=0.4840 E_neg=3.4845 CD_raw=-3.0004 CD_wtd=-0.150021 MSE=1.002789 neg_dist=23.1509 lang_grad0=0.0017 lang_gradK=0.0010 lang_disp=7.4456 step=0.4463 sigma=0.0912
[CD-DIAG step=4800] E_pos=0.5020 E_neg=3.5404 CD_raw=-3.0385 CD_wtd=-0.151923 MSE=1.000686 neg_dist=23.2326 lang_grad0=0.0018 lang_gradK=0.0010 lang_disp=7.5244 step=0.4511 sigma=0.0917
[CD-DIAG step=4900] E_pos=0.4723 E_neg=3.5397 CD_raw=-3.0674 CD_wtd=-0.153369 MSE=1.001023 neg_dist=23.3153 lang_grad0=0.0017 lang_gradK=0.0010 lang_disp=7.4618 step=0.4472 sigma=0.0914
[CD-DIAG step=5000] E_pos=0.5093 E_neg=3.6726 CD_raw=-3.1633 CD_wtd=-0.158165 MSE=0.997206 neg_dist=23.4057 lang_grad0=0.0018 lang_gradK=0.0010 lang_disp=7.4953 step=0.4504 sigma=0.0916
Running Evaluation...
Validation Result @ Iteration 5000; Milestone = 5 (Train)
---------  -------
mse_error  3.83304
---------  -------
Validation Result @ Iteration 5000; Milestone = 5 (ID: Validation)
---  -------
mse  3.47657
---  -------
[CD-DIAG step=5100] E_pos=0.5171 E_neg=3.6169 CD_raw=-3.0998 CD_wtd=-0.154990 MSE=0.994418 neg_dist=23.0970 lang_grad0=0.0017 lang_gradK=0.0010 lang_disp=7.3394 step=0.4385 sigma=0.0905
[CD-DIAG step=5200] E_pos=0.5138 E_neg=3.6960 CD_raw=-3.1822 CD_wtd=-0.159110 MSE=0.998679 neg_dist=23.1811 lang_grad0=0.0017 lang_gradK=0.0010 lang_disp=7.3812 step=0.4401 sigma=0.0907
[CD-DIAG step=5300] E_pos=0.5462 E_neg=3.7021 CD_raw=-3.1559 CD_wtd=-0.157797 MSE=0.999162 neg_dist=23.3464 lang_grad0=0.0018 lang_gradK=0.0010 lang_disp=7.4599 step=0.4480 sigma=0.0914
[CD-DIAG step=5400] E_pos=0.5158 E_neg=3.7394 CD_raw=-3.2236 CD_wtd=-0.161181 MSE=1.002405 neg_dist=23.3056 lang_grad0=0.0018 lang_gradK=0.0010 lang_disp=7.4817 step=0.4504 sigma=0.0916
[CD-DIAG step=5500] E_pos=0.5550 E_neg=3.7557 CD_raw=-3.2007 CD_wtd=-0.160035 MSE=0.999678 neg_dist=23.0109 lang_grad0=0.0017 lang_gradK=0.0010 lang_disp=7.3729 step=0.4412 sigma=0.0907
[CD-DIAG step=5600] E_pos=0.5663 E_neg=3.8198 CD_raw=-3.2535 CD_wtd=-0.162676 MSE=1.000518 neg_dist=23.2595 lang_grad0=0.0017 lang_gradK=0.0010 lang_disp=7.3987 step=0.4429 sigma=0.0910
[CD-DIAG step=5700] E_pos=0.5663 E_neg=3.8579 CD_raw=-3.2916 CD_wtd=-0.164581 MSE=0.999070 neg_dist=23.1186 lang_grad0=0.0018 lang_gradK=0.0010 lang_disp=7.4190 step=0.4458 sigma=0.0911
[CD-DIAG step=5800] E_pos=0.5662 E_neg=3.9156 CD_raw=-3.3493 CD_wtd=-0.167466 MSE=1.001324 neg_dist=23.4160 lang_grad0=0.0018 lang_gradK=0.0011 lang_disp=7.5067 step=0.4530 sigma=0.0919
[CD-DIAG step=5900] E_pos=0.5697 E_neg=3.8812 CD_raw=-3.3115 CD_wtd=-0.165575 MSE=1.001018 neg_dist=23.0240 lang_grad0=0.0017 lang_gradK=0.0010 lang_disp=7.3582 step=0.4408 sigma=0.0906
[CD-DIAG step=6000] E_pos=0.5958 E_neg=3.9709 CD_raw=-3.3751 CD_wtd=-0.168754 MSE=1.001174 neg_dist=23.2046 lang_grad0=0.0018 lang_gradK=0.0011 lang_disp=7.3948 step=0.4444 sigma=0.0910
Running Evaluation...
Validation Result @ Iteration 6000; Milestone = 6 (Train)
---------  -------
mse_error  3.82672
---------  -------
Validation Result @ Iteration 6000; Milestone = 6 (ID: Validation)
---  -------
mse  3.43431
---  -------
[CD-DIAG step=6100] E_pos=0.4205 E_neg=3.4631 CD_raw=-3.0427 CD_wtd=-0.152133 MSE=1.001540 neg_dist=23.3911 lang_grad0=0.0017 lang_gradK=0.0010 lang_disp=7.4863 step=0.4489 sigma=0.0915
[CD-DIAG step=6200] E_pos=0.4365 E_neg=3.4626 CD_raw=-3.0260 CD_wtd=-0.151302 MSE=1.001525 neg_dist=23.2903 lang_grad0=0.0017 lang_gradK=0.0010 lang_disp=7.4595 step=0.4486 sigma=0.0914
[CD-DIAG step=6300] E_pos=0.4174 E_neg=3.5291 CD_raw=-3.1118 CD_wtd=-0.155588 MSE=1.000593 neg_dist=23.3594 lang_grad0=0.0018 lang_gradK=0.0010 lang_disp=7.4501 step=0.4469 sigma=0.0913
[CD-DIAG step=6400] E_pos=0.4382 E_neg=3.4779 CD_raw=-3.0397 CD_wtd=-0.151984 MSE=1.001270 neg_dist=22.9639 lang_grad0=0.0017 lang_gradK=0.0010 lang_disp=7.3843 step=0.4447 sigma=0.0909
[CD-DIAG step=6500] E_pos=0.4535 E_neg=3.5196 CD_raw=-3.0661 CD_wtd=-0.153305 MSE=0.996534 neg_dist=23.2133 lang_grad0=0.0018 lang_gradK=0.0010 lang_disp=7.4453 step=0.4475 sigma=0.0913
[CD-DIAG step=6600] E_pos=0.4300 E_neg=3.5603 CD_raw=-3.1304 CD_wtd=-0.156519 MSE=1.001585 neg_dist=23.2439 lang_grad0=0.0018 lang_gradK=0.0010 lang_disp=7.4090 step=0.4433 sigma=0.0910
[CD-DIAG step=6700] E_pos=0.4366 E_neg=3.5867 CD_raw=-3.1501 CD_wtd=-0.157504 MSE=0.999554 neg_dist=23.1076 lang_grad0=0.0018 lang_gradK=0.0010 lang_disp=7.3652 step=0.4403 sigma=0.0907
[CD-DIAG step=6800] E_pos=0.4344 E_neg=3.7122 CD_raw=-3.2778 CD_wtd=-0.163890 MSE=0.998281 neg_dist=23.3499 lang_grad0=0.0018 lang_gradK=0.0011 lang_disp=7.4464 step=0.4479 sigma=0.0914
[CD-DIAG step=6900] E_pos=0.4350 E_neg=3.6695 CD_raw=-3.2345 CD_wtd=-0.161727 MSE=1.001814 neg_dist=23.5220 lang_grad0=0.0018 lang_gradK=0.0010 lang_disp=7.5304 step=0.4540 sigma=0.0920
[CD-DIAG step=7000] E_pos=0.4534 E_neg=3.6224 CD_raw=-3.1690 CD_wtd=-0.158450 MSE=1.001395 neg_dist=23.2945 lang_grad0=0.0018 lang_gradK=0.0010 lang_disp=7.4034 step=0.4429 sigma=0.0909
Running Evaluation...
Validation Result @ Iteration 7000; Milestone = 7 (Train)
---------  -------
mse_error  3.82212
---------  -------
Validation Result @ Iteration 7000; Milestone = 7 (ID: Validation)
---  -------
mse  3.40105
---  -------
[CD-DIAG step=7100] E_pos=0.4675 E_neg=3.7316 CD_raw=-3.2641 CD_wtd=-0.163204 MSE=1.001185 neg_dist=23.3182 lang_grad0=0.0018 lang_gradK=0.0011 lang_disp=7.4042 step=0.4409 sigma=0.0908
[CD-DIAG step=7200] E_pos=0.4535 E_neg=3.7410 CD_raw=-3.2876 CD_wtd=-0.164378 MSE=0.998008 neg_dist=23.3476 lang_grad0=0.0018 lang_gradK=0.0011 lang_disp=7.4589 step=0.4463 sigma=0.0913
[CD-DIAG step=7300] E_pos=0.4643 E_neg=3.7477 CD_raw=-3.2835 CD_wtd=-0.164173 MSE=1.001488 neg_dist=22.9298 lang_grad0=0.0018 lang_gradK=0.0011 lang_disp=7.2836 step=0.4349 sigma=0.0901
[CD-DIAG step=7400] E_pos=0.4631 E_neg=3.7952 CD_raw=-3.3321 CD_wtd=-0.166606 MSE=0.998002 neg_dist=23.5990 lang_grad0=0.0019 lang_gradK=0.0011 lang_disp=7.5475 step=0.4499 sigma=0.0917
[CD-DIAG step=7500] E_pos=0.4636 E_neg=3.8183 CD_raw=-3.3547 CD_wtd=-0.167735 MSE=0.999947 neg_dist=23.2842 lang_grad0=0.0018 lang_gradK=0.0011 lang_disp=7.4236 step=0.4443 sigma=0.0911
[CD-DIAG step=7600] E_pos=0.5074 E_neg=3.9046 CD_raw=-3.3972 CD_wtd=-0.169860 MSE=1.001705 neg_dist=23.6514 lang_grad0=0.0019 lang_gradK=0.0011 lang_disp=7.5794 step=0.4586 sigma=0.0925
[CD-DIAG step=7700] E_pos=0.4844 E_neg=3.8118 CD_raw=-3.3274 CD_wtd=-0.166370 MSE=0.999560 neg_dist=23.2804 lang_grad0=0.0018 lang_gradK=0.0011 lang_disp=7.4540 step=0.4475 sigma=0.0913
[CD-DIAG step=7800] E_pos=0.4955 E_neg=3.8339 CD_raw=-3.3384 CD_wtd=-0.166919 MSE=0.999776 neg_dist=23.4867 lang_grad0=0.0018 lang_gradK=0.0011 lang_disp=7.5169 step=0.4538 sigma=0.0920
[CD-DIAG step=7900] E_pos=0.5046 E_neg=3.9275 CD_raw=-3.4229 CD_wtd=-0.171146 MSE=1.003326 neg_dist=23.1983 lang_grad0=0.0018 lang_gradK=0.0011 lang_disp=7.4061 step=0.4429 sigma=0.0909
[CD-DIAG step=8000] E_pos=0.5002 E_neg=3.9293 CD_raw=-3.4290 CD_wtd=-0.171452 MSE=0.998720 neg_dist=23.4520 lang_grad0=0.0019 lang_gradK=0.0011 lang_disp=7.4856 step=0.4469 sigma=0.0914
Running Evaluation...
Validation Result @ Iteration 8000; Milestone = 8 (Train)
---------  -------
mse_error  3.81815
---------  -------
Validation Result @ Iteration 8000; Milestone = 8 (ID: Validation)
---  -------
mse  3.38088
---  -------
[CD-DIAG step=8100] E_pos=0.3842 E_neg=3.4573 CD_raw=-3.0731 CD_wtd=-0.153655 MSE=0.998736 neg_dist=23.2393 lang_grad0=0.0018 lang_gradK=0.0010 lang_disp=7.4592 step=0.4473 sigma=0.0913
[CD-DIAG step=8200] E_pos=0.3761 E_neg=3.5314 CD_raw=-3.1553 CD_wtd=-0.157765 MSE=0.998387 neg_dist=23.2099 lang_grad0=0.0018 lang_gradK=0.0010 lang_disp=7.4675 step=0.4489 sigma=0.0914
[CD-DIAG step=8300] E_pos=0.3901 E_neg=3.4983 CD_raw=-3.1082 CD_wtd=-0.155408 MSE=1.001836 neg_dist=23.2755 lang_grad0=0.0018 lang_gradK=0.0010 lang_disp=7.4601 step=0.4441 sigma=0.0911
[CD-DIAG step=8400] E_pos=0.4232 E_neg=3.6273 CD_raw=-3.2041 CD_wtd=-0.160205 MSE=1.000600 neg_dist=23.0329 lang_grad0=0.0018 lang_gradK=0.0010 lang_disp=7.3700 step=0.4421 sigma=0.0907
[CD-DIAG step=8500] E_pos=0.3882 E_neg=3.5154 CD_raw=-3.1272 CD_wtd=-0.156360 MSE=1.000674 neg_dist=23.3862 lang_grad0=0.0018 lang_gradK=0.0010 lang_disp=7.4603 step=0.4455 sigma=0.0912
[CD-DIAG step=8600] E_pos=0.4204 E_neg=3.5544 CD_raw=-3.1340 CD_wtd=-0.156700 MSE=1.000878 neg_dist=22.9829 lang_grad0=0.0018 lang_gradK=0.0010 lang_disp=7.3645 step=0.4419 sigma=0.0907
[CD-DIAG step=8700] E_pos=0.4163 E_neg=3.6535 CD_raw=-3.2371 CD_wtd=-0.161856 MSE=0.996205 neg_dist=23.3411 lang_grad0=0.0018 lang_gradK=0.0011 lang_disp=7.4155 step=0.4450 sigma=0.0912
[CD-DIAG step=8800] E_pos=0.3929 E_neg=3.6843 CD_raw=-3.2914 CD_wtd=-0.164569 MSE=1.000413 neg_dist=23.3221 lang_grad0=0.0018 lang_gradK=0.0011 lang_disp=7.4053 step=0.4434 sigma=0.0910
[CD-DIAG step=8900] E_pos=0.4167 E_neg=3.7045 CD_raw=-3.2877 CD_wtd=-0.164386 MSE=1.000140 neg_dist=23.0743 lang_grad0=0.0018 lang_gradK=0.0011 lang_disp=7.4320 step=0.4466 sigma=0.0912
[CD-DIAG step=9000] E_pos=0.4247 E_neg=3.6689 CD_raw=-3.2442 CD_wtd=-0.162209 MSE=0.998509 neg_dist=23.2566 lang_grad0=0.0018 lang_gradK=0.0011 lang_disp=7.4562 step=0.4468 sigma=0.0913
Running Evaluation...
Validation Result @ Iteration 9000; Milestone = 9 (Train)
---------  -------
mse_error  3.81514
---------  -------
Validation Result @ Iteration 9000; Milestone = 9 (ID: Validation)
---  -------
mse  3.36573
---  -------
[CD-DIAG step=9100] E_pos=0.4122 E_neg=3.6188 CD_raw=-3.2067 CD_wtd=-0.160333 MSE=1.000845 neg_dist=23.1378 lang_grad0=0.0018 lang_gradK=0.0010 lang_disp=7.4313 step=0.4422 sigma=0.0909
[CD-DIAG step=9200] E_pos=0.4322 E_neg=3.7665 CD_raw=-3.3343 CD_wtd=-0.166714 MSE=0.999931 neg_dist=23.2422 lang_grad0=0.0019 lang_gradK=0.0011 lang_disp=7.4540 step=0.4493 sigma=0.0915
[CD-DIAG step=9300] E_pos=0.4129 E_neg=3.7779 CD_raw=-3.3650 CD_wtd=-0.168249 MSE=0.999977 neg_dist=23.3293 lang_grad0=0.0019 lang_gradK=0.0011 lang_disp=7.4488 step=0.4473 sigma=0.0913
[CD-DIAG step=9400] E_pos=0.4285 E_neg=3.6947 CD_raw=-3.2662 CD_wtd=-0.163312 MSE=1.000825 neg_dist=23.2875 lang_grad0=0.0018 lang_gradK=0.0011 lang_disp=7.4185 step=0.4414 sigma=0.0908
[CD-DIAG step=9500] E_pos=0.4301 E_neg=3.7798 CD_raw=-3.3497 CD_wtd=-0.167483 MSE=1.000590 neg_dist=23.2549 lang_grad0=0.0019 lang_gradK=0.0011 lang_disp=7.4301 step=0.4438 sigma=0.0910
[CD-DIAG step=9600] E_pos=0.4132 E_neg=3.6876 CD_raw=-3.2744 CD_wtd=-0.163721 MSE=0.999115 neg_dist=23.2953 lang_grad0=0.0018 lang_gradK=0.0011 lang_disp=7.4387 step=0.4448 sigma=0.0911
[CD-DIAG step=9700] E_pos=0.4483 E_neg=3.7771 CD_raw=-3.3288 CD_wtd=-0.166442 MSE=1.001335 neg_dist=23.3126 lang_grad0=0.0018 lang_gradK=0.0011 lang_disp=7.4246 step=0.4446 sigma=0.0911
[CD-DIAG step=9800] E_pos=0.4338 E_neg=3.7967 CD_raw=-3.3628 CD_wtd=-0.168142 MSE=1.001958 neg_dist=23.2216 lang_grad0=0.0019 lang_gradK=0.0011 lang_disp=7.4327 step=0.4449 sigma=0.0911
[CD-DIAG step=9900] E_pos=0.4222 E_neg=3.7966 CD_raw=-3.3744 CD_wtd=-0.168721 MSE=0.999212 neg_dist=23.4216 lang_grad0=0.0019 lang_gradK=0.0011 lang_disp=7.4956 step=0.4486 sigma=0.0915
[CD-DIAG step=10000] E_pos=0.4516 E_neg=3.7450 CD_raw=-3.2934 CD_wtd=-0.164670 MSE=0.998685 neg_dist=22.8387 lang_grad0=0.0018 lang_gradK=0.0011 lang_disp=7.2835 step=0.4332 sigma=0.0899
Running Evaluation...
Validation Result @ Iteration 10000; Milestone = 10 (Train)
---------  -------
mse_error  3.81284
---------  -------
Validation Result @ Iteration 10000; Milestone = 10 (ID: Validation)
---  -------
mse  3.35489
---  -------
[CD-DIAG step=10100] E_pos=0.3487 E_neg=3.5952 CD_raw=-3.2465 CD_wtd=-0.162327 MSE=0.998479 neg_dist=23.8701 lang_grad0=0.0019 lang_gradK=0.0011 lang_disp=7.5909 step=0.4567 sigma=0.0924
[CD-DIAG step=10200] E_pos=0.3684 E_neg=3.5423 CD_raw=-3.1739 CD_wtd=-0.158694 MSE=1.001160 neg_dist=23.3101 lang_grad0=0.0018 lang_gradK=0.0010 lang_disp=7.4396 step=0.4461 sigma=0.0912
[CD-DIAG step=10300] E_pos=0.3685 E_neg=3.4934 CD_raw=-3.1248 CD_wtd=-0.156242 MSE=1.000339 neg_dist=23.1522 lang_grad0=0.0018 lang_gradK=0.0010 lang_disp=7.3557 step=0.4398 sigma=0.0906
[CD-DIAG step=10400] E_pos=0.3571 E_neg=3.5092 CD_raw=-3.1521 CD_wtd=-0.157605 MSE=1.001395 neg_dist=23.3308 lang_grad0=0.0018 lang_gradK=0.0010 lang_disp=7.5196 step=0.4534 sigma=0.0919
[CD-DIAG step=10500] E_pos=0.3602 E_neg=3.5561 CD_raw=-3.1959 CD_wtd=-0.159796 MSE=1.000846 neg_dist=23.4989 lang_grad0=0.0018 lang_gradK=0.0011 lang_disp=7.4735 step=0.4488 sigma=0.0915
[CD-DIAG step=10600] E_pos=0.3581 E_neg=3.5690 CD_raw=-3.2109 CD_wtd=-0.160544 MSE=1.001872 neg_dist=23.3534 lang_grad0=0.0018 lang_gradK=0.0011 lang_disp=7.4257 step=0.4448 sigma=0.0912
[CD-DIAG step=10700] E_pos=0.3712 E_neg=3.5326 CD_raw=-3.1614 CD_wtd=-0.158070 MSE=1.001530 neg_dist=22.8802 lang_grad0=0.0018 lang_gradK=0.0010 lang_disp=7.3058 step=0.4373 sigma=0.0902
[CD-DIAG step=10800] E_pos=0.3576 E_neg=3.6368 CD_raw=-3.2791 CD_wtd=-0.163957 MSE=0.999561 neg_dist=23.7543 lang_grad0=0.0019 lang_gradK=0.0011 lang_disp=7.6236 step=0.4598 sigma=0.0927
[CD-DIAG step=10900] E_pos=0.3728 E_neg=3.5726 CD_raw=-3.1999 CD_wtd=-0.159994 MSE=0.999653 neg_dist=23.0805 lang_grad0=0.0018 lang_gradK=0.0011 lang_disp=7.3990 step=0.4443 sigma=0.0910
[CD-DIAG step=11000] E_pos=0.3653 E_neg=3.6944 CD_raw=-3.3291 CD_wtd=-0.166457 MSE=1.001218 neg_dist=23.4262 lang_grad0=0.0019 lang_gradK=0.0011 lang_disp=7.4407 step=0.4456 sigma=0.0912
Running Evaluation...
Validation Result @ Iteration 11000; Milestone = 11 (Train)
---------  -------
mse_error  3.81266
---------  -------
Validation Result @ Iteration 11000; Milestone = 11 (ID: Validation)
---  ------
mse  3.3461
---  ------
[CD-DIAG step=11100] E_pos=0.3722 E_neg=3.6011 CD_raw=-3.2289 CD_wtd=-0.161443 MSE=1.005106 neg_dist=23.3231 lang_grad0=0.0018 lang_gradK=0.0011 lang_disp=7.4713 step=0.4478 sigma=0.0914
[CD-DIAG step=11200] E_pos=0.3857 E_neg=3.6893 CD_raw=-3.3036 CD_wtd=-0.165180 MSE=0.999263 neg_dist=23.6478 lang_grad0=0.0019 lang_gradK=0.0011 lang_disp=7.5713 step=0.4549 sigma=0.0922
[CD-DIAG step=11300] E_pos=0.3738 E_neg=3.6166 CD_raw=-3.2428 CD_wtd=-0.162140 MSE=0.999670 neg_dist=23.1310 lang_grad0=0.0018 lang_gradK=0.0011 lang_disp=7.3503 step=0.4394 sigma=0.0906
[CD-DIAG step=11400] E_pos=0.3676 E_neg=3.6705 CD_raw=-3.3029 CD_wtd=-0.165147 MSE=0.997531 neg_dist=23.2494 lang_grad0=0.0018 lang_gradK=0.0011 lang_disp=7.4229 step=0.4444 sigma=0.0911
[CD-DIAG step=11500] E_pos=0.3880 E_neg=3.6909 CD_raw=-3.3029 CD_wtd=-0.165144 MSE=0.997723 neg_dist=23.2620 lang_grad0=0.0019 lang_gradK=0.0011 lang_disp=7.4576 step=0.4452 sigma=0.0912
[CD-DIAG step=11600] E_pos=0.3915 E_neg=3.6631 CD_raw=-3.2716 CD_wtd=-0.163580 MSE=1.001014 neg_dist=23.1952 lang_grad0=0.0018 lang_gradK=0.0011 lang_disp=7.3767 step=0.4452 sigma=0.0911
[CD-DIAG step=11700] E_pos=0.3860 E_neg=3.5954 CD_raw=-3.2094 CD_wtd=-0.160468 MSE=1.000201 neg_dist=22.9920 lang_grad0=0.0018 lang_gradK=0.0011 lang_disp=7.3547 step=0.4431 sigma=0.0908
[CD-DIAG step=11800] E_pos=0.3973 E_neg=3.6868 CD_raw=-3.2895 CD_wtd=-0.164474 MSE=1.001294 neg_dist=23.4598 lang_grad0=0.0019 lang_gradK=0.0011 lang_disp=7.5216 step=0.4496 sigma=0.0917
[CD-DIAG step=11900] E_pos=0.3967 E_neg=3.7201 CD_raw=-3.3234 CD_wtd=-0.166169 MSE=1.001198 neg_dist=23.1759 lang_grad0=0.0019 lang_gradK=0.0011 lang_disp=7.4054 step=0.4412 sigma=0.0908
[CD-DIAG step=12000] E_pos=0.3779 E_neg=3.7231 CD_raw=-3.3452 CD_wtd=-0.167259 MSE=1.000821 neg_dist=23.7122 lang_grad0=0.0019 lang_gradK=0.0011 lang_disp=7.5619 step=0.4574 sigma=0.0924
Running Evaluation...
Validation Result @ Iteration 12000; Milestone = 12 (Train)
---------  -------
mse_error  3.81186
---------  -------
Validation Result @ Iteration 12000; Milestone = 12 (ID: Validation)
---  -------
mse  3.33937
---  -------
[CD-DIAG step=12100] E_pos=0.3228 E_neg=3.4478 CD_raw=-3.1250 CD_wtd=-0.156249 MSE=0.999636 neg_dist=23.2999 lang_grad0=0.0018 lang_gradK=0.0010 lang_disp=7.4398 step=0.4429 sigma=0.0910
[CD-DIAG step=12200] E_pos=0.3336 E_neg=3.4966 CD_raw=-3.1630 CD_wtd=-0.158149 MSE=0.998943 neg_dist=23.3426 lang_grad0=0.0018 lang_gradK=0.0011 lang_disp=7.4894 step=0.4504 sigma=0.0916
[CD-DIAG step=12300] E_pos=0.3467 E_neg=3.4919 CD_raw=-3.1451 CD_wtd=-0.157257 MSE=0.997754 neg_dist=23.2211 lang_grad0=0.0018 lang_gradK=0.0010 lang_disp=7.4832 step=0.4511 sigma=0.0916
[CD-DIAG step=12400] E_pos=0.3338 E_neg=3.5378 CD_raw=-3.2040 CD_wtd=-0.160199 MSE=1.002442 neg_dist=23.6154 lang_grad0=0.0019 lang_gradK=0.0011 lang_disp=7.5874 step=0.4558 sigma=0.0923
[CD-DIAG step=12500] E_pos=0.3419 E_neg=3.4775 CD_raw=-3.1356 CD_wtd=-0.156780 MSE=0.998524 neg_dist=23.2901 lang_grad0=0.0018 lang_gradK=0.0010 lang_disp=7.4179 step=0.4449 sigma=0.0911
[CD-DIAG step=12600] E_pos=0.3258 E_neg=3.5065 CD_raw=-3.1808 CD_wtd=-0.159038 MSE=0.996418 neg_dist=23.3145 lang_grad0=0.0018 lang_gradK=0.0011 lang_disp=7.4274 step=0.4463 sigma=0.0912
[CD-DIAG step=12700] E_pos=0.3448 E_neg=3.5806 CD_raw=-3.2358 CD_wtd=-0.161788 MSE=1.002984 neg_dist=23.2699 lang_grad0=0.0018 lang_gradK=0.0011 lang_disp=7.4526 step=0.4485 sigma=0.0914
[CD-DIAG step=12800] E_pos=0.3374 E_neg=3.5116 CD_raw=-3.1742 CD_wtd=-0.158708 MSE=1.000746 neg_dist=23.2204 lang_grad0=0.0018 lang_gradK=0.0011 lang_disp=7.4375 step=0.4460 sigma=0.0912
[CD-DIAG step=12900] E_pos=0.3331 E_neg=3.4849 CD_raw=-3.1518 CD_wtd=-0.157592 MSE=0.999025 neg_dist=23.0643 lang_grad0=0.0018 lang_gradK=0.0010 lang_disp=7.3387 step=0.4366 sigma=0.0903
[CD-DIAG step=13000] E_pos=0.3530 E_neg=3.4704 CD_raw=-3.1175 CD_wtd=-0.155874 MSE=1.002367 neg_dist=23.0506 lang_grad0=0.0018 lang_gradK=0.0010 lang_disp=7.3847 step=0.4413 sigma=0.0907
Running Evaluation...
Validation Result @ Iteration 13000; Milestone = 13 (Train)
---------  -------
mse_error  3.81126
---------  -------
Validation Result @ Iteration 13000; Milestone = 13 (ID: Validation)
---  ------
mse  3.3353
---  ------
[CD-DIAG step=13100] E_pos=0.3395 E_neg=3.5639 CD_raw=-3.2244 CD_wtd=-0.161219 MSE=1.001180 neg_dist=23.0842 lang_grad0=0.0018 lang_gradK=0.0011 lang_disp=7.4019 step=0.4414 sigma=0.0908
[CD-DIAG step=13200] E_pos=0.3452 E_neg=3.5012 CD_raw=-3.1560 CD_wtd=-0.157798 MSE=0.999721 neg_dist=23.4357 lang_grad0=0.0018 lang_gradK=0.0011 lang_disp=7.5396 step=0.4573 sigma=0.0923
[CD-DIAG step=13300] E_pos=0.3237 E_neg=3.6553 CD_raw=-3.3316 CD_wtd=-0.166579 MSE=0.999523 neg_dist=23.2369 lang_grad0=0.0018 lang_gradK=0.0011 lang_disp=7.3876 step=0.4426 sigma=0.0909
[CD-DIAG step=13400] E_pos=0.3536 E_neg=3.5487 CD_raw=-3.1951 CD_wtd=-0.159753 MSE=0.996697 neg_dist=23.2545 lang_grad0=0.0018 lang_gradK=0.0011 lang_disp=7.4530 step=0.4464 sigma=0.0912
[CD-DIAG step=13500] E_pos=0.3530 E_neg=3.6852 CD_raw=-3.3322 CD_wtd=-0.166611 MSE=0.999062 neg_dist=23.2566 lang_grad0=0.0019 lang_gradK=0.0011 lang_disp=7.4527 step=0.4498 sigma=0.0916
[CD-DIAG step=13600] E_pos=0.3449 E_neg=3.5457 CD_raw=-3.2008 CD_wtd=-0.160039 MSE=1.000802 neg_dist=23.0508 lang_grad0=0.0018 lang_gradK=0.0011 lang_disp=7.3260 step=0.4382 sigma=0.0904
[CD-DIAG step=13700] E_pos=0.3421 E_neg=3.6526 CD_raw=-3.3105 CD_wtd=-0.165527 MSE=1.001079 neg_dist=23.4369 lang_grad0=0.0019 lang_gradK=0.0011 lang_disp=7.4840 step=0.4490 sigma=0.0915
[CD-DIAG step=13800] E_pos=0.3451 E_neg=3.5415 CD_raw=-3.1965 CD_wtd=-0.159823 MSE=0.998975 neg_dist=23.2918 lang_grad0=0.0018 lang_gradK=0.0011 lang_disp=7.4419 step=0.4464 sigma=0.0913
[CD-DIAG step=13900] E_pos=0.3423 E_neg=3.6818 CD_raw=-3.3394 CD_wtd=-0.166972 MSE=1.000602 neg_dist=23.1927 lang_grad0=0.0019 lang_gradK=0.0011 lang_disp=7.3397 step=0.4396 sigma=0.0907
[CD-DIAG step=14000] E_pos=0.3439 E_neg=3.6038 CD_raw=-3.2599 CD_wtd=-0.162997 MSE=0.999683 neg_dist=23.0944 lang_grad0=0.0018 lang_gradK=0.0011 lang_disp=7.3790 step=0.4429 sigma=0.0908
Running Evaluation...
Validation Result @ Iteration 14000; Milestone = 14 (Train)
---------  -------
mse_error  3.81034
---------  -------
Validation Result @ Iteration 14000; Milestone = 14 (ID: Validation)
---  -------
mse  3.33136
---  -------
[CD-DIAG step=14100] E_pos=0.2708 E_neg=3.2510 CD_raw=-2.9802 CD_wtd=-0.149009 MSE=0.999060 neg_dist=23.3124 lang_grad0=0.0018 lang_gradK=0.0010 lang_disp=7.4209 step=0.4439 sigma=0.0911
[CD-DIAG step=14200] E_pos=0.2679 E_neg=3.2858 CD_raw=-3.0179 CD_wtd=-0.150893 MSE=0.999901 neg_dist=23.0894 lang_grad0=0.0018 lang_gradK=0.0010 lang_disp=7.3108 step=0.4355 sigma=0.0902
[CD-DIAG step=14300] E_pos=0.3222 E_neg=3.4863 CD_raw=-3.1641 CD_wtd=-0.158203 MSE=1.001027 neg_dist=23.5974 lang_grad0=0.0019 lang_gradK=0.0011 lang_disp=7.5401 step=0.4536 sigma=0.0921
[CD-DIAG step=14400] E_pos=0.3185 E_neg=3.5232 CD_raw=-3.2047 CD_wtd=-0.160236 MSE=0.999470 neg_dist=23.2848 lang_grad0=0.0018 lang_gradK=0.0011 lang_disp=7.4078 step=0.4451 sigma=0.0911
[CD-DIAG step=14500] E_pos=0.2963 E_neg=3.4568 CD_raw=-3.1605 CD_wtd=-0.158025 MSE=1.000825 neg_dist=23.2344 lang_grad0=0.0018 lang_gradK=0.0011 lang_disp=7.4316 step=0.4475 sigma=0.0913
[CD-DIAG step=14600] E_pos=0.3084 E_neg=3.3790 CD_raw=-3.0706 CD_wtd=-0.153531 MSE=1.000502 neg_dist=23.2041 lang_grad0=0.0018 lang_gradK=0.0010 lang_disp=7.4214 step=0.4444 sigma=0.0910
[CD-DIAG step=14700] E_pos=0.3016 E_neg=3.5603 CD_raw=-3.2588 CD_wtd=-0.162938 MSE=1.001007 neg_dist=23.2463 lang_grad0=0.0019 lang_gradK=0.0011 lang_disp=7.4400 step=0.4472 sigma=0.0913
[CD-DIAG step=14800] E_pos=0.3118 E_neg=3.4347 CD_raw=-3.1230 CD_wtd=-0.156150 MSE=0.999906 neg_dist=23.3118 lang_grad0=0.0019 lang_gradK=0.0010 lang_disp=7.5396 step=0.4559 sigma=0.0921
[CD-DIAG step=14900] E_pos=0.2969 E_neg=3.4755 CD_raw=-3.1786 CD_wtd=-0.158928 MSE=0.998430 neg_dist=23.3461 lang_grad0=0.0018 lang_gradK=0.0011 lang_disp=7.4920 step=0.4487 sigma=0.0915
[CD-DIAG step=15000] E_pos=0.3055 E_neg=3.4500 CD_raw=-3.1445 CD_wtd=-0.157225 MSE=0.999550 neg_dist=23.3718 lang_grad0=0.0018 lang_gradK=0.0011 lang_disp=7.4829 step=0.4466 sigma=0.0913
Running Evaluation...
Validation Result @ Iteration 15000; Milestone = 15 (Train)
---------  ------
mse_error  3.8093
---------  ------
Validation Result @ Iteration 15000; Milestone = 15 (ID: Validation)
---  -------
mse  3.32824
---  -------
[CD-DIAG step=15100] E_pos=0.3107 E_neg=3.5424 CD_raw=-3.2317 CD_wtd=-0.161583 MSE=1.000582 neg_dist=23.5014 lang_grad0=0.0019 lang_gradK=0.0011 lang_disp=7.4950 step=0.4487 sigma=0.0916
[CD-DIAG step=15200] E_pos=0.3107 E_neg=3.3971 CD_raw=-3.0864 CD_wtd=-0.154322 MSE=0.999149 neg_dist=23.0775 lang_grad0=0.0018 lang_gradK=0.0010 lang_disp=7.4017 step=0.4438 sigma=0.0909
[CD-DIAG step=15300] E_pos=0.3108 E_neg=3.5907 CD_raw=-3.2799 CD_wtd=-0.163997 MSE=1.000385 neg_dist=23.5291 lang_grad0=0.0019 lang_gradK=0.0011 lang_disp=7.5198 step=0.4521 sigma=0.0918
[CD-DIAG step=15400] E_pos=0.3153 E_neg=3.4220 CD_raw=-3.1067 CD_wtd=-0.155334 MSE=0.997035 neg_dist=23.0444 lang_grad0=0.0018 lang_gradK=0.0010 lang_disp=7.4392 step=0.4481 sigma=0.0912
[CD-DIAG step=15500] E_pos=0.3152 E_neg=3.5531 CD_raw=-3.2379 CD_wtd=-0.161895 MSE=1.002793 neg_dist=23.3485 lang_grad0=0.0019 lang_gradK=0.0011 lang_disp=7.4293 step=0.4468 sigma=0.0913
[CD-DIAG step=15600] E_pos=0.3099 E_neg=3.5123 CD_raw=-3.2024 CD_wtd=-0.160118 MSE=1.002330 neg_dist=23.2069 lang_grad0=0.0018 lang_gradK=0.0011 lang_disp=7.3644 step=0.4414 sigma=0.0908
[CD-DIAG step=15700] E_pos=0.3074 E_neg=3.5615 CD_raw=-3.2541 CD_wtd=-0.162706 MSE=1.001067 neg_dist=23.4928 lang_grad0=0.0019 lang_gradK=0.0011 lang_disp=7.4932 step=0.4509 sigma=0.0918
[CD-DIAG step=15800] E_pos=0.3075 E_neg=3.4953 CD_raw=-3.1878 CD_wtd=-0.159388 MSE=1.002258 neg_dist=23.2700 lang_grad0=0.0018 lang_gradK=0.0011 lang_disp=7.4344 step=0.4445 sigma=0.0911
[CD-DIAG step=15900] E_pos=0.3284 E_neg=3.4915 CD_raw=-3.1631 CD_wtd=-0.158155 MSE=1.000453 neg_dist=23.2019 lang_grad0=0.0018 lang_gradK=0.0011 lang_disp=7.4339 step=0.4489 sigma=0.0914
[CD-DIAG step=16000] E_pos=0.3054 E_neg=3.5074 CD_raw=-3.2020 CD_wtd=-0.160100 MSE=0.997982 neg_dist=23.5458 lang_grad0=0.0019 lang_gradK=0.0011 lang_disp=7.5621 step=0.4571 sigma=0.0923
Running Evaluation...
Validation Result @ Iteration 16000; Milestone = 16 (Train)
---------  -------
mse_error  3.80778
---------  -------
Validation Result @ Iteration 16000; Milestone = 16 (ID: Validation)
---  -------
mse  3.32628
---  -------
[CD-DIAG step=16100] E_pos=0.2978 E_neg=3.3990 CD_raw=-3.1013 CD_wtd=-0.155063 MSE=0.998367 neg_dist=22.8741 lang_grad0=0.0018 lang_gradK=0.0010 lang_disp=7.2939 step=0.4374 sigma=0.0902
[CD-DIAG step=16200] E_pos=0.2940 E_neg=3.4628 CD_raw=-3.1687 CD_wtd=-0.158436 MSE=1.001820 neg_dist=23.3880 lang_grad0=0.0018 lang_gradK=0.0011 lang_disp=7.4619 step=0.4501 sigma=0.0916
[CD-DIAG step=16300] E_pos=0.2662 E_neg=3.3927 CD_raw=-3.1264 CD_wtd=-0.156322 MSE=0.999854 neg_dist=23.7026 lang_grad0=0.0019 lang_gradK=0.0011 lang_disp=7.5559 step=0.4544 sigma=0.0922
[CD-DIAG step=16400] E_pos=0.2916 E_neg=3.4803 CD_raw=-3.1887 CD_wtd=-0.159436 MSE=0.994495 neg_dist=23.5305 lang_grad0=0.0019 lang_gradK=0.0011 lang_disp=7.5082 step=0.4502 sigma=0.0918
[CD-DIAG step=16500] E_pos=0.3028 E_neg=3.4789 CD_raw=-3.1762 CD_wtd=-0.158809 MSE=0.999933 neg_dist=23.0573 lang_grad0=0.0018 lang_gradK=0.0011 lang_disp=7.3100 step=0.4363 sigma=0.0902
[CD-DIAG step=16600] E_pos=0.2861 E_neg=3.4138 CD_raw=-3.1277 CD_wtd=-0.156383 MSE=0.999942 neg_dist=23.5533 lang_grad0=0.0019 lang_gradK=0.0011 lang_disp=7.5610 step=0.4538 sigma=0.0921
[CD-DIAG step=16700] E_pos=0.2781 E_neg=3.3831 CD_raw=-3.1050 CD_wtd=-0.155248 MSE=0.999890 neg_dist=23.3692 lang_grad0=0.0018 lang_gradK=0.0010 lang_disp=7.4776 step=0.4500 sigma=0.0916
[CD-DIAG step=16800] E_pos=0.2810 E_neg=3.3499 CD_raw=-3.0689 CD_wtd=-0.153446 MSE=0.999260 neg_dist=23.2712 lang_grad0=0.0018 lang_gradK=0.0010 lang_disp=7.4917 step=0.4491 sigma=0.0915
[CD-DIAG step=16900] E_pos=0.2570 E_neg=3.2285 CD_raw=-2.9715 CD_wtd=-0.148575 MSE=0.999873 neg_dist=23.6287 lang_grad0=0.0018 lang_gradK=0.0010 lang_disp=7.5618 step=0.4538 sigma=0.0920
[CD-DIAG step=17000] E_pos=0.2976 E_neg=3.4492 CD_raw=-3.1516 CD_wtd=-0.157582 MSE=0.999723 neg_dist=23.5651 lang_grad0=0.0019 lang_gradK=0.0011 lang_disp=7.5493 step=0.4556 sigma=0.0922
Running Evaluation...
Validation Result @ Iteration 17000; Milestone = 17 (Train)
---------  -------
mse_error  3.80738
---------  -------
Validation Result @ Iteration 17000; Milestone = 17 (ID: Validation)
---  -------
mse  3.32278
---  -------
[CD-DIAG step=17100] E_pos=0.2645 E_neg=3.2418 CD_raw=-2.9772 CD_wtd=-0.148862 MSE=0.998840 neg_dist=23.2238 lang_grad0=0.0018 lang_gradK=0.0010 lang_disp=7.3959 step=0.4414 sigma=0.0908
[CD-DIAG step=17200] E_pos=0.2769 E_neg=3.3642 CD_raw=-3.0873 CD_wtd=-0.154364 MSE=1.000687 neg_dist=23.1453 lang_grad0=0.0018 lang_gradK=0.0010 lang_disp=7.4213 step=0.4463 sigma=0.0912
[CD-DIAG step=17300] E_pos=0.2963 E_neg=3.4689 CD_raw=-3.1725 CD_wtd=-0.158626 MSE=1.000524 neg_dist=23.1117 lang_grad0=0.0018 lang_gradK=0.0011 lang_disp=7.3494 step=0.4399 sigma=0.0906
[CD-DIAG step=17400] E_pos=0.3015 E_neg=3.4228 CD_raw=-3.1214 CD_wtd=-0.156068 MSE=1.000055 neg_dist=23.1423 lang_grad0=0.0018 lang_gradK=0.0010 lang_disp=7.3770 step=0.4406 sigma=0.0907
[CD-DIAG step=17500] E_pos=0.2967 E_neg=3.4113 CD_raw=-3.1147 CD_wtd=-0.155734 MSE=1.004217 neg_dist=23.3368 lang_grad0=0.0018 lang_gradK=0.0010 lang_disp=7.4794 step=0.4494 sigma=0.0916
[CD-DIAG step=17600] E_pos=0.3041 E_neg=3.4362 CD_raw=-3.1321 CD_wtd=-0.156607 MSE=0.999811 neg_dist=23.3366 lang_grad0=0.0018 lang_gradK=0.0011 lang_disp=7.4699 step=0.4490 sigma=0.0915
[CD-DIAG step=17700] E_pos=0.2654 E_neg=3.2687 CD_raw=-3.0033 CD_wtd=-0.150163 MSE=0.999880 neg_dist=23.3392 lang_grad0=0.0018 lang_gradK=0.0010 lang_disp=7.5018 step=0.4527 sigma=0.0918
[CD-DIAG step=17800] E_pos=0.2855 E_neg=3.2945 CD_raw=-3.0090 CD_wtd=-0.150448 MSE=0.999238 neg_dist=23.2934 lang_grad0=0.0018 lang_gradK=0.0010 lang_disp=7.4590 step=0.4503 sigma=0.0915
[CD-DIAG step=17900] E_pos=0.3074 E_neg=3.4470 CD_raw=-3.1396 CD_wtd=-0.156982 MSE=0.998167 neg_dist=23.0606 lang_grad0=0.0018 lang_gradK=0.0011 lang_disp=7.3525 step=0.4420 sigma=0.0907
[CD-DIAG step=18000] E_pos=0.2993 E_neg=3.4399 CD_raw=-3.1405 CD_wtd=-0.157026 MSE=1.000823 neg_dist=23.2117 lang_grad0=0.0018 lang_gradK=0.0011 lang_disp=7.3877 step=0.4408 sigma=0.0908
Running Evaluation...
Validation Result @ Iteration 18000; Milestone = 18 (Train)
---------  -------
mse_error  3.80854
---------  -------
Validation Result @ Iteration 18000; Milestone = 18 (ID: Validation)
---  ------
mse  3.3223
---  ------
[CD-DIAG step=18100] E_pos=0.2664 E_neg=3.3218 CD_raw=-3.0554 CD_wtd=-0.152772 MSE=0.999035 neg_dist=23.4145 lang_grad0=0.0018 lang_gradK=0.0010 lang_disp=7.4880 step=0.4506 sigma=0.0917
[CD-DIAG step=18200] E_pos=0.2818 E_neg=3.3814 CD_raw=-3.0995 CD_wtd=-0.154977 MSE=0.998836 neg_dist=22.9428 lang_grad0=0.0018 lang_gradK=0.0010 lang_disp=7.3536 step=0.4423 sigma=0.0907
[CD-DIAG step=18300] E_pos=0.2808 E_neg=3.4335 CD_raw=-3.1527 CD_wtd=-0.157635 MSE=1.001981 neg_dist=23.4022 lang_grad0=0.0019 lang_gradK=0.0011 lang_disp=7.4760 step=0.4500 sigma=0.0916
[CD-DIAG step=18400] E_pos=0.2899 E_neg=3.4298 CD_raw=-3.1398 CD_wtd=-0.156991 MSE=1.002316 neg_dist=23.1569 lang_grad0=0.0018 lang_gradK=0.0011 lang_disp=7.3984 step=0.4423 sigma=0.0908
[CD-DIAG step=18500] E_pos=0.2798 E_neg=3.4538 CD_raw=-3.1740 CD_wtd=-0.158698 MSE=1.000021 neg_dist=23.5359 lang_grad0=0.0019 lang_gradK=0.0011 lang_disp=7.5141 step=0.4506 sigma=0.0917
[CD-DIAG step=18600] E_pos=0.2922 E_neg=3.3979 CD_raw=-3.1057 CD_wtd=-0.155287 MSE=0.998155 neg_dist=23.0071 lang_grad0=0.0018 lang_gradK=0.0010 lang_disp=7.3708 step=0.4428 sigma=0.0908
[CD-DIAG step=18700] E_pos=0.2802 E_neg=3.3488 CD_raw=-3.0686 CD_wtd=-0.153428 MSE=0.998253 neg_dist=22.7160 lang_grad0=0.0018 lang_gradK=0.0010 lang_disp=7.2042 step=0.4252 sigma=0.0891
[CD-DIAG step=18800] E_pos=0.2828 E_neg=3.5285 CD_raw=-3.2456 CD_wtd=-0.162282 MSE=0.999163 neg_dist=23.4321 lang_grad0=0.0019 lang_gradK=0.0011 lang_disp=7.4657 step=0.4495 sigma=0.0916
[CD-DIAG step=18900] E_pos=0.2910 E_neg=3.4084 CD_raw=-3.1175 CD_wtd=-0.155874 MSE=0.999659 neg_dist=23.1562 lang_grad0=0.0018 lang_gradK=0.0011 lang_disp=7.3839 step=0.4413 sigma=0.0908
[CD-DIAG step=19000] E_pos=0.2817 E_neg=3.3911 CD_raw=-3.1094 CD_wtd=-0.155468 MSE=0.999483 neg_dist=23.0843 lang_grad0=0.0018 lang_gradK=0.0010 lang_disp=7.4027 step=0.4450 sigma=0.0910
Running Evaluation...
Validation Result @ Iteration 19000; Milestone = 19 (Train)
---------  -------
mse_error  3.80779
---------  -------
Validation Result @ Iteration 19000; Milestone = 19 (ID: Validation)
---  -------
mse  3.32206
---  -------
[CD-DIAG step=19100] E_pos=0.2837 E_neg=3.5042 CD_raw=-3.2206 CD_wtd=-0.161028 MSE=1.003755 neg_dist=23.7350 lang_grad0=0.0019 lang_gradK=0.0011 lang_disp=7.6206 step=0.4610 sigma=0.0927
[CD-DIAG step=19200] E_pos=0.2842 E_neg=3.4809 CD_raw=-3.1967 CD_wtd=-0.159833 MSE=0.998553 neg_dist=23.5632 lang_grad0=0.0019 lang_gradK=0.0011 lang_disp=7.5207 step=0.4499 sigma=0.0917
[CD-DIAG step=19300] E_pos=0.2627 E_neg=3.3066 CD_raw=-3.0440 CD_wtd=-0.152198 MSE=0.998322 neg_dist=23.3544 lang_grad0=0.0018 lang_gradK=0.0010 lang_disp=7.4602 step=0.4450 sigma=0.0912
[CD-DIAG step=19400] E_pos=0.2799 E_neg=3.3968 CD_raw=-3.1169 CD_wtd=-0.155846 MSE=1.000221 neg_dist=23.3217 lang_grad0=0.0019 lang_gradK=0.0010 lang_disp=7.5096 step=0.4490 sigma=0.0915
[CD-DIAG step=19500] E_pos=0.2807 E_neg=3.3595 CD_raw=-3.0789 CD_wtd=-0.153943 MSE=0.999009 neg_dist=23.0171 lang_grad0=0.0018 lang_gradK=0.0010 lang_disp=7.2878 step=0.4343 sigma=0.0901
[CD-DIAG step=19600] E_pos=0.3020 E_neg=3.4445 CD_raw=-3.1425 CD_wtd=-0.157123 MSE=0.999139 neg_dist=23.3141 lang_grad0=0.0018 lang_gradK=0.0011 lang_disp=7.4802 step=0.4475 sigma=0.0914
[CD-DIAG step=19700] E_pos=0.2708 E_neg=3.3949 CD_raw=-3.1241 CD_wtd=-0.156203 MSE=0.998360 neg_dist=23.5558 lang_grad0=0.0019 lang_gradK=0.0011 lang_disp=7.5662 step=0.4525 sigma=0.0919
[CD-DIAG step=19800] E_pos=0.2741 E_neg=3.3700 CD_raw=-3.0959 CD_wtd=-0.154794 MSE=0.997567 neg_dist=23.2444 lang_grad0=0.0018 lang_gradK=0.0010 lang_disp=7.4522 step=0.4477 sigma=0.0913
[CD-DIAG step=19900] E_pos=0.2718 E_neg=3.3879 CD_raw=-3.1162 CD_wtd=-0.155808 MSE=1.001692 neg_dist=23.0596 lang_grad0=0.0018 lang_gradK=0.0010 lang_disp=7.4137 step=0.4437 sigma=0.0909
[CD-DIAG step=20000] E_pos=0.2869 E_neg=3.4008 CD_raw=-3.1139 CD_wtd=-0.155694 MSE=1.002893 neg_dist=23.1625 lang_grad0=0.0019 lang_gradK=0.0011 lang_disp=7.4696 step=0.4487 sigma=0.0914
Running Evaluation...
Validation Result @ Iteration 20000; Milestone = 20 (Train)
---------  -------
mse_error  3.80822
---------  -------
Validation Result @ Iteration 20000; Milestone = 20 (ID: Validation)
---  ------
mse  3.3207
---  ------
training complete
Training completed!
Results saved to: results/ds_inverse/q202_cd_langevin/results.json
Experiment completed at Wed Feb 18 22:24:34 EST 2026
Copying results to persistent storage...
sending incremental file list
./
ds_inverse/
ds_inverse/q202_cd_langevin/
ds_inverse/q202_cd_langevin/experiment_config.json
ds_inverse/q202_cd_langevin/model-1.pt
ds_inverse/q202_cd_langevin/model-10.pt
ds_inverse/q202_cd_langevin/model-11.pt
ds_inverse/q202_cd_langevin/model-12.pt
ds_inverse/q202_cd_langevin/model-13.pt
ds_inverse/q202_cd_langevin/model-14.pt
ds_inverse/q202_cd_langevin/model-15.pt
ds_inverse/q202_cd_langevin/model-16.pt
ds_inverse/q202_cd_langevin/model-17.pt
ds_inverse/q202_cd_langevin/model-18.pt
ds_inverse/q202_cd_langevin/model-19.pt
ds_inverse/q202_cd_langevin/model-2.pt
ds_inverse/q202_cd_langevin/model-20.pt
ds_inverse/q202_cd_langevin/model-3.pt
ds_inverse/q202_cd_langevin/model-4.pt
ds_inverse/q202_cd_langevin/model-5.pt
ds_inverse/q202_cd_langevin/model-6.pt
ds_inverse/q202_cd_langevin/model-7.pt
ds_inverse/q202_cd_langevin/model-8.pt
ds_inverse/q202_cd_langevin/model-9.pt
ds_inverse/q202_cd_langevin/results.json

sent 461,015,636 bytes  received 449 bytes  70,925,551.54 bytes/sec
total size is 460,901,574  speedup is 1.00
Results copied to /n/home03/mkrasnow/research-repo/projects/ired/results/
Cleaning up work directory...
