Job started at Wed Feb 18 22:03:05 EST 2026
Running on host: holygpu8a22306.rc.fas.harvard.edu
Job ID: 61083606
Git URL: https://github.com/mdkrasnow/research-repo.git
Git SHA: 9125a0270f59e8930ae21028cf3fbfb301762a93
Work directory: /tmp/ired-job-61083606
GPU info:
Wed Feb 18 22:03:05 2026       
+-----------------------------------------------------------------------------------------+
| NVIDIA-SMI 575.57.08              Driver Version: 575.57.08      CUDA Version: 12.9     |
|-----------------------------------------+------------------------+----------------------+
| GPU  Name                 Persistence-M | Bus-Id          Disp.A | Volatile Uncorr. ECC |
| Fan  Temp   Perf          Pwr:Usage/Cap |           Memory-Usage | GPU-Util  Compute M. |
|                                         |                        |               MIG M. |
|=========================================+========================+======================|
|   0  NVIDIA A100-SXM4-80GB          On  |   00000000:E3:00.0 Off |                    0 |
| N/A   26C    P0             62W /  500W |       0MiB /  81920MiB |      0%      Default |
|                                         |                        |             Disabled |
+-----------------------------------------+------------------------+----------------------+
                                                                                         
+-----------------------------------------------------------------------------------------+
| Processes:                                                                              |
|  GPU   GI   CI              PID   Type   Process name                        GPU Memory |
|        ID   ID                                                               Usage      |
|=========================================================================================|
|  No running processes found                                                             |
+-----------------------------------------------------------------------------------------+
Cloning repository...
Repository cloned and checked out to: 9125a02
Repository info:
9125a02 Add CD diagnostic logging and Langevin displacement tracking
Starting IRED-CD baseline (current NCE implementation)...
Loading configuration from: projects/ired/configs/q201_baseline.json
Configuration saved to: results/ds_inverse/q201_baseline/experiment_config.json
Setting random seed: 3
Starting experiment with mining strategy: adversarial
Configuration: {
  "experiment_name": "q201_baseline",
  "description": "IRED-CD Investigation - Baseline (current NCE implementation for comparison)",
  "investigation": "ired-cd",
  "ablation_stage": "baseline",
  "mining_strategy": "adversarial",
  "rank": 20,
  "ood": false,
  "diffusion_steps": 10,
  "batch_size": 2048,
  "train_steps": 20000,
  "learning_rate": 0.0001,
  "mining_opt_steps": 10,
  "mining_noise_scale": 1.5,
  "output_dir": "results/ds_inverse/q201_baseline",
  "notes": "Current implementation with NCE loss. Baseline for IRED-CD ablation study. Using k=10 steps, noise_scale=1.5 (reduced from 3.0).",
  "seed": 3
}
Dataset: Inverse matrices (20x20)
Input dimension: 400, Output dimension: 400
Trainer initialized. Output directory: results/ds_inverse/q201_baseline
Training for 20000 steps...
[CD-DIAG step=100] E_pos=1017.9772 E_neg=1115.7367 CD_raw=-97.7595 CD_wtd=0.017276 MSE=0.998323 neg_dist=15.1798 lang_grad0=0.0000 lang_gradK=0.0000 lang_disp=0.0000 step=0.0000 sigma=0.0000
[CD-DIAG step=200] E_pos=2339.3337 E_neg=2563.8457 CD_raw=-224.5121 CD_wtd=0.017482 MSE=0.999528 neg_dist=15.1083 lang_grad0=0.0000 lang_gradK=0.0000 lang_disp=0.0000 step=0.0000 sigma=0.0000
[CD-DIAG step=300] E_pos=1720.8792 E_neg=1873.2615 CD_raw=-152.3824 CD_wtd=0.010201 MSE=0.997423 neg_dist=11.7311 lang_grad0=0.0000 lang_gradK=0.0000 lang_disp=0.0000 step=0.0000 sigma=0.0000
[CD-DIAG step=400] E_pos=1819.6191 E_neg=1948.5687 CD_raw=-128.9495 CD_wtd=0.007445 MSE=0.997869 neg_dist=9.2954 lang_grad0=0.0000 lang_gradK=0.0000 lang_disp=0.0000 step=0.0000 sigma=0.0000
[CD-DIAG step=500] E_pos=2355.2537 E_neg=2684.6216 CD_raw=-329.3679 CD_wtd=0.001764 MSE=1.001106 neg_dist=14.6004 lang_grad0=0.0000 lang_gradK=0.0000 lang_disp=0.0000 step=0.0000 sigma=0.0000
[CD-DIAG step=600] E_pos=3195.6531 E_neg=3428.1599 CD_raw=-232.5069 CD_wtd=0.003298 MSE=0.999572 neg_dist=9.1401 lang_grad0=0.0000 lang_gradK=0.0000 lang_disp=0.0000 step=0.0000 sigma=0.0000
[CD-DIAG step=700] E_pos=5722.4121 E_neg=5776.9595 CD_raw=-54.5476 CD_wtd=1.345280 MSE=1.000717 neg_dist=2.1187 lang_grad0=0.0000 lang_gradK=0.0000 lang_disp=0.0000 step=0.0000 sigma=0.0000
[CD-DIAG step=800] E_pos=8169.7964 E_neg=8256.9355 CD_raw=-87.1393 CD_wtd=1.766099 MSE=0.999580 neg_dist=2.0912 lang_grad0=0.0000 lang_gradK=0.0000 lang_disp=0.0000 step=0.0000 sigma=0.0000
[CD-DIAG step=900] E_pos=9895.4434 E_neg=11340.1387 CD_raw=-1444.6965 CD_wtd=0.006761 MSE=0.997311 neg_dist=15.3185 lang_grad0=0.0000 lang_gradK=0.0000 lang_disp=0.0000 step=0.0000 sigma=0.0000
[CD-DIAG step=1000] E_pos=8180.9961 E_neg=8465.3262 CD_raw=-284.3311 CD_wtd=0.005427 MSE=0.998969 neg_dist=5.2820 lang_grad0=0.0000 lang_gradK=0.0000 lang_disp=0.0000 step=0.0000 sigma=0.0000
Running Evaluation...
Validation Result @ Iteration 1000; Milestone = 1 (Train)
---------  -------
mse_error  2.86784
---------  -------
Validation Result @ Iteration 1000; Milestone = 1 (ID: Validation)
---  -------
mse  3.28948
---  -------
[CD-DIAG step=1100] E_pos=13605.5508 E_neg=15781.2549 CD_raw=-2175.7041 CD_wtd=0.005746 MSE=0.996509 neg_dist=15.3902 lang_grad0=0.0000 lang_gradK=0.0000 lang_disp=0.0000 step=0.0000 sigma=0.0000
[CD-DIAG step=1200] E_pos=20307.8359 E_neg=21375.5762 CD_raw=-1067.7390 CD_wtd=0.023937 MSE=0.989705 neg_dist=8.6699 lang_grad0=0.0000 lang_gradK=0.0000 lang_disp=0.0000 step=0.0000 sigma=0.0000
[CD-DIAG step=1300] E_pos=21525.1836 E_neg=22707.1172 CD_raw=-1181.9358 CD_wtd=0.024631 MSE=0.993014 neg_dist=8.6904 lang_grad0=0.0000 lang_gradK=0.0000 lang_disp=0.0000 step=0.0000 sigma=0.0000
[CD-DIAG step=1400] E_pos=34374.5391 E_neg=37034.8281 CD_raw=-2660.2913 CD_wtd=0.060331 MSE=0.988096 neg_dist=11.0890 lang_grad0=0.0000 lang_gradK=0.0000 lang_disp=0.0000 step=0.0000 sigma=0.0000
[CD-DIAG step=1500] E_pos=44516.6211 E_neg=50781.5195 CD_raw=-6264.8989 CD_wtd=0.129596 MSE=0.984823 neg_dist=14.7784 lang_grad0=0.0000 lang_gradK=0.0000 lang_disp=0.0000 step=0.0000 sigma=0.0000
[CD-DIAG step=1600] E_pos=32053.9141 E_neg=32267.5059 CD_raw=-213.5935 CD_wtd=45.848900 MSE=0.985547 neg_dist=4.7229 lang_grad0=0.0000 lang_gradK=0.0000 lang_disp=0.0000 step=0.0000 sigma=0.0000
[CD-DIAG step=1700] E_pos=45927.4492 E_neg=47654.0938 CD_raw=-1726.6470 CD_wtd=1.009307 MSE=0.980549 neg_dist=8.2510 lang_grad0=0.0000 lang_gradK=0.0000 lang_disp=0.0000 step=0.0000 sigma=0.0000
[CD-DIAG step=1800] E_pos=61478.7578 E_neg=70630.8594 CD_raw=-9152.1035 CD_wtd=0.088087 MSE=0.973940 neg_dist=14.6023 lang_grad0=0.0000 lang_gradK=0.0000 lang_disp=0.0000 step=0.0000 sigma=0.0000
[CD-DIAG step=1900] E_pos=77290.1953 E_neg=85191.2734 CD_raw=-7901.0791 CD_wtd=0.061020 MSE=0.967016 neg_dist=13.1739 lang_grad0=0.0000 lang_gradK=0.0000 lang_disp=0.0000 step=0.0000 sigma=0.0000
[CD-DIAG step=2000] E_pos=113107.3672 E_neg=113336.7266 CD_raw=-229.3578 CD_wtd=16.326012 MSE=0.950726 neg_dist=1.6949 lang_grad0=0.0000 lang_gradK=0.0000 lang_disp=0.0000 step=0.0000 sigma=0.0000
Running Evaluation...
Validation Result @ Iteration 2000; Milestone = 2 (Train)
---------  -------
mse_error  3.21319
---------  -------
Validation Result @ Iteration 2000; Milestone = 2 (ID: Validation)
---  -------
mse  2.67837
---  -------
[CD-DIAG step=2100] E_pos=126997.2891 E_neg=126521.8906 CD_raw=475.3993 CD_wtd=571.459961 MSE=0.943957 neg_dist=7.3813 lang_grad0=0.0000 lang_gradK=0.0000 lang_disp=0.0000 step=0.0000 sigma=0.0000
[CD-DIAG step=2200] E_pos=135799.4375 E_neg=148294.4062 CD_raw=-12494.9707 CD_wtd=0.031878 MSE=0.939020 neg_dist=13.6554 lang_grad0=0.0000 lang_gradK=0.0000 lang_disp=0.0000 step=0.0000 sigma=0.0000
[CD-DIAG step=2300] E_pos=164118.1562 E_neg=164314.6875 CD_raw=-196.5546 CD_wtd=28.185061 MSE=0.921720 neg_dist=1.6496 lang_grad0=0.0000 lang_gradK=0.0000 lang_disp=0.0000 step=0.0000 sigma=0.0000
[CD-DIAG step=2400] E_pos=205094.4688 E_neg=205206.3750 CD_raw=-111.9116 CD_wtd=48.477005 MSE=0.903573 neg_dist=1.7007 lang_grad0=0.0000 lang_gradK=0.0000 lang_disp=0.0000 step=0.0000 sigma=0.0000
[CD-DIAG step=2500] E_pos=217959.9219 E_neg=214288.1719 CD_raw=3671.7456 CD_wtd=1855.191406 MSE=0.893098 neg_dist=4.4093 lang_grad0=0.0000 lang_gradK=0.0000 lang_disp=0.0000 step=0.0000 sigma=0.0000
[CD-DIAG step=2600] E_pos=208972.3438 E_neg=209055.5625 CD_raw=-83.2014 CD_wtd=527.137817 MSE=0.892371 neg_dist=6.9178 lang_grad0=0.0000 lang_gradK=0.0000 lang_disp=0.0000 step=0.0000 sigma=0.0000
[CD-DIAG step=2700] E_pos=251245.0156 E_neg=265128.6875 CD_raw=-13883.6670 CD_wtd=0.013559 MSE=0.866348 neg_dist=12.0018 lang_grad0=0.0000 lang_gradK=0.0000 lang_disp=0.0000 step=0.0000 sigma=0.0000
[CD-DIAG step=2800] E_pos=266505.3438 E_neg=280758.5000 CD_raw=-14253.1367 CD_wtd=0.023400 MSE=0.857802 neg_dist=12.0059 lang_grad0=0.0000 lang_gradK=0.0000 lang_disp=0.0000 step=0.0000 sigma=0.0000
[CD-DIAG step=2900] E_pos=287969.5625 E_neg=291928.0000 CD_raw=-3958.4502 CD_wtd=62.062546 MSE=0.840600 neg_dist=8.3240 lang_grad0=0.0000 lang_gradK=0.0000 lang_disp=0.0000 step=0.0000 sigma=0.0000
[CD-DIAG step=3000] E_pos=323117.5625 E_neg=320564.1250 CD_raw=2553.4043 CD_wtd=1356.757812 MSE=0.822562 neg_dist=4.0848 lang_grad0=0.0000 lang_gradK=0.0000 lang_disp=0.0000 step=0.0000 sigma=0.0000
Running Evaluation...
Validation Result @ Iteration 3000; Milestone = 3 (Train)
---------  -------
mse_error  2.65866
---------  -------
Validation Result @ Iteration 3000; Milestone = 3 (ID: Validation)
---  -------
mse  2.24701
---  -------
[CD-DIAG step=3100] E_pos=342500.5312 E_neg=345056.4375 CD_raw=-2555.9148 CD_wtd=226.156708 MSE=0.813995 neg_dist=8.2717 lang_grad0=0.0000 lang_gradK=0.0000 lang_disp=0.0000 step=0.0000 sigma=0.0000
[CD-DIAG step=3200] E_pos=365478.7188 E_neg=380304.3125 CD_raw=-14825.5898 CD_wtd=0.007282 MSE=0.796517 neg_dist=11.3032 lang_grad0=0.0000 lang_gradK=0.0000 lang_disp=0.0000 step=0.0000 sigma=0.0000
[CD-DIAG step=3300] E_pos=423523.4062 E_neg=423225.8750 CD_raw=297.5237 CD_wtd=679.360596 MSE=0.774303 neg_dist=6.2400 lang_grad0=0.0000 lang_gradK=0.0000 lang_disp=0.0000 step=0.0000 sigma=0.0000
[CD-DIAG step=3400] E_pos=408275.3438 E_neg=408397.0625 CD_raw=-121.7475 CD_wtd=95.706726 MSE=0.773816 neg_dist=1.6657 lang_grad0=0.0000 lang_gradK=0.0000 lang_disp=0.0000 step=0.0000 sigma=0.0000
[CD-DIAG step=3500] E_pos=494408.0938 E_neg=500866.3438 CD_raw=-6458.2681 CD_wtd=10.718470 MSE=0.741452 neg_dist=8.9411 lang_grad0=0.0000 lang_gradK=0.0000 lang_disp=0.0000 step=0.0000 sigma=0.0000
[CD-DIAG step=3600] E_pos=461533.7812 E_neg=473715.9375 CD_raw=-12182.1504 CD_wtd=0.054076 MSE=0.748990 neg_dist=10.0811 lang_grad0=0.0000 lang_gradK=0.0000 lang_disp=0.0000 step=0.0000 sigma=0.0000
[CD-DIAG step=3700] E_pos=507217.3750 E_neg=506785.0000 CD_raw=432.3763 CD_wtd=292.063293 MSE=0.730055 neg_dist=1.6823 lang_grad0=0.0000 lang_gradK=0.0000 lang_disp=0.0000 step=0.0000 sigma=0.0000
[CD-DIAG step=3800] E_pos=540723.7500 E_neg=546609.7500 CD_raw=-5885.9985 CD_wtd=24.336622 MSE=0.716599 neg_dist=8.5164 lang_grad0=0.0000 lang_gradK=0.0000 lang_disp=0.0000 step=0.0000 sigma=0.0000
[CD-DIAG step=3900] E_pos=492561.0625 E_neg=491856.5000 CD_raw=704.5636 CD_wtd=395.644958 MSE=0.728736 neg_dist=1.6897 lang_grad0=0.0000 lang_gradK=0.0000 lang_disp=0.0000 step=0.0000 sigma=0.0000
[CD-DIAG step=4000] E_pos=524020.7500 E_neg=522295.4688 CD_raw=1725.2798 CD_wtd=947.560669 MSE=0.713193 neg_dist=3.7748 lang_grad0=0.0000 lang_gradK=0.0000 lang_disp=0.0000 step=0.0000 sigma=0.0000
Running Evaluation...
Validation Result @ Iteration 4000; Milestone = 4 (Train)
---------  -------
mse_error  1.89829
---------  -------
Validation Result @ Iteration 4000; Milestone = 4 (ID: Validation)
---  -------
mse  1.93683
---  -------
[CD-DIAG step=4100] E_pos=647728.6250 E_neg=654874.5625 CD_raw=-7145.8799 CD_wtd=2.170681 MSE=0.678282 neg_dist=8.1629 lang_grad0=0.0000 lang_gradK=0.0000 lang_disp=0.0000 step=0.0000 sigma=0.0000
[CD-DIAG step=4200] E_pos=665225.5000 E_neg=666139.6250 CD_raw=-914.1730 CD_wtd=294.550659 MSE=0.666863 neg_dist=5.4933 lang_grad0=0.0000 lang_gradK=0.0000 lang_disp=0.0000 step=0.0000 sigma=0.0000
[CD-DIAG step=4300] E_pos=693634.1875 E_neg=703540.3750 CD_raw=-9906.1973 CD_wtd=0.280342 MSE=0.661892 neg_dist=9.3282 lang_grad0=0.0000 lang_gradK=0.0000 lang_disp=0.0000 step=0.0000 sigma=0.0000
[CD-DIAG step=4400] E_pos=674202.9375 E_neg=686615.0625 CD_raw=-12412.1240 CD_wtd=0.007945 MSE=0.660098 neg_dist=9.6800 lang_grad0=0.0000 lang_gradK=0.0000 lang_disp=0.0000 step=0.0000 sigma=0.0000
[CD-DIAG step=4500] E_pos=672870.2500 E_neg=683386.8750 CD_raw=-10516.6230 CD_wtd=0.410782 MSE=0.664405 neg_dist=9.1500 lang_grad0=0.0000 lang_gradK=0.0000 lang_disp=0.0000 step=0.0000 sigma=0.0000
[CD-DIAG step=4600] E_pos=750475.2500 E_neg=754070.5000 CD_raw=-3595.2241 CD_wtd=58.040230 MSE=0.642157 neg_dist=6.7582 lang_grad0=0.0000 lang_gradK=0.0000 lang_disp=0.0000 step=0.0000 sigma=0.0000
[CD-DIAG step=4700] E_pos=756419.8125 E_neg=754228.1250 CD_raw=2191.6807 CD_wtd=1156.388306 MSE=0.631584 neg_dist=3.5665 lang_grad0=0.0000 lang_gradK=0.0000 lang_disp=0.0000 step=0.0000 sigma=0.0000
[CD-DIAG step=4800] E_pos=742281.1250 E_neg=745022.6875 CD_raw=-2741.5815 CD_wtd=104.941940 MSE=0.637068 neg_dist=6.8746 lang_grad0=0.0000 lang_gradK=0.0000 lang_disp=0.0000 step=0.0000 sigma=0.0000
[CD-DIAG step=4900] E_pos=737647.8125 E_neg=737949.5625 CD_raw=-301.7014 CD_wtd=133.015076 MSE=0.637669 neg_dist=1.6738 lang_grad0=0.0000 lang_gradK=0.0000 lang_disp=0.0000 step=0.0000 sigma=0.0000
[CD-DIAG step=5000] E_pos=817253.3125 E_neg=826878.5000 CD_raw=-9625.1367 CD_wtd=0.474929 MSE=0.617679 neg_dist=8.8511 lang_grad0=0.0000 lang_gradK=0.0000 lang_disp=0.0000 step=0.0000 sigma=0.0000
Running Evaluation...
Validation Result @ Iteration 5000; Milestone = 5 (Train)
---------  -------
mse_error  1.46668
---------  -------
Validation Result @ Iteration 5000; Milestone = 5 (ID: Validation)
---  -------
mse  1.65683
---  -------
[CD-DIAG step=5100] E_pos=738672.8750 E_neg=740247.5000 CD_raw=-1574.5553 CD_wtd=158.787384 MSE=0.631808 neg_dist=5.1784 lang_grad0=0.0000 lang_gradK=0.0000 lang_disp=0.0000 step=0.0000 sigma=0.0000
[CD-DIAG step=5200] E_pos=760478.6875 E_neg=771852.3750 CD_raw=-11373.6836 CD_wtd=0.123240 MSE=0.630568 neg_dist=9.3877 lang_grad0=0.0000 lang_gradK=0.0000 lang_disp=0.0000 step=0.0000 sigma=0.0000
[CD-DIAG step=5300] E_pos=791476.7500 E_neg=799624.5625 CD_raw=-8147.8696 CD_wtd=2.137821 MSE=0.620797 neg_dist=8.3736 lang_grad0=0.0000 lang_gradK=0.0000 lang_disp=0.0000 step=0.0000 sigma=0.0000
[CD-DIAG step=5400] E_pos=841894.1875 E_neg=842269.1250 CD_raw=-374.9051 CD_wtd=394.793518 MSE=0.604952 neg_dist=5.2090 lang_grad0=0.0000 lang_gradK=0.0000 lang_disp=0.0000 step=0.0000 sigma=0.0000
[CD-DIAG step=5500] E_pos=777975.8750 E_neg=777828.3750 CD_raw=147.5025 CD_wtd=270.520905 MSE=0.614864 neg_dist=1.6395 lang_grad0=0.0000 lang_gradK=0.0000 lang_disp=0.0000 step=0.0000 sigma=0.0000
[CD-DIAG step=5600] E_pos=803228.8750 E_neg=801011.3750 CD_raw=2217.5103 CD_wtd=1181.716431 MSE=0.615133 neg_dist=3.4891 lang_grad0=0.0000 lang_gradK=0.0000 lang_disp=0.0000 step=0.0000 sigma=0.0000
[CD-DIAG step=5700] E_pos=843633.3750 E_neg=847389.6875 CD_raw=-3756.3560 CD_wtd=33.909584 MSE=0.600096 neg_dist=6.4444 lang_grad0=0.0000 lang_gradK=0.0000 lang_disp=0.0000 step=0.0000 sigma=0.0000
[CD-DIAG step=5800] E_pos=798501.3750 E_neg=808811.7500 CD_raw=-10310.3848 CD_wtd=0.364809 MSE=0.615923 neg_dist=8.8552 lang_grad0=0.0000 lang_gradK=0.0000 lang_disp=0.0000 step=0.0000 sigma=0.0000
[CD-DIAG step=5900] E_pos=837404.3750 E_neg=836865.3750 CD_raw=538.9341 CD_wtd=477.501709 MSE=0.600270 neg_dist=3.2165 lang_grad0=0.0000 lang_gradK=0.0000 lang_disp=0.0000 step=0.0000 sigma=0.0000
[CD-DIAG step=6000] E_pos=884291.4375 E_neg=889991.2500 CD_raw=-5699.7227 CD_wtd=7.691598 MSE=0.588960 neg_dist=7.2184 lang_grad0=0.0000 lang_gradK=0.0000 lang_disp=0.0000 step=0.0000 sigma=0.0000
Running Evaluation...
Validation Result @ Iteration 6000; Milestone = 6 (Train)
---------  -------
mse_error  1.18462
---------  -------
Validation Result @ Iteration 6000; Milestone = 6 (ID: Validation)
---  --------
mse  0.567183
---  --------
[CD-DIAG step=6100] E_pos=905573.1250 E_neg=911756.7500 CD_raw=-6183.6523 CD_wtd=2.840637 MSE=0.581270 neg_dist=7.2855 lang_grad0=0.0000 lang_gradK=0.0000 lang_disp=0.0000 step=0.0000 sigma=0.0000
[CD-DIAG step=6200] E_pos=871955.1875 E_neg=883658.5000 CD_raw=-11703.2988 CD_wtd=0.209165 MSE=0.592990 neg_dist=9.0444 lang_grad0=0.0000 lang_gradK=0.0000 lang_disp=0.0000 step=0.0000 sigma=0.0000
[CD-DIAG step=6300] E_pos=855716.4375 E_neg=866414.2500 CD_raw=-10697.7715 CD_wtd=0.256886 MSE=0.594709 neg_dist=8.5092 lang_grad0=0.0000 lang_gradK=0.0000 lang_disp=0.0000 step=0.0000 sigma=0.0000
[CD-DIAG step=6400] E_pos=896234.3125 E_neg=905016.4375 CD_raw=-8782.1172 CD_wtd=0.087974 MSE=0.588285 neg_dist=7.8970 lang_grad0=0.0000 lang_gradK=0.0000 lang_disp=0.0000 step=0.0000 sigma=0.0000
[CD-DIAG step=6500] E_pos=975504.1250 E_neg=983365.9375 CD_raw=-7861.8716 CD_wtd=2.647361 MSE=0.571413 neg_dist=7.6571 lang_grad0=0.0000 lang_gradK=0.0000 lang_disp=0.0000 step=0.0000 sigma=0.0000
[CD-DIAG step=6600] E_pos=948105.2500 E_neg=955258.3750 CD_raw=-7153.0908 CD_wtd=1.067453 MSE=0.580811 neg_dist=7.8522 lang_grad0=0.0000 lang_gradK=0.0000 lang_disp=0.0000 step=0.0000 sigma=0.0000
[CD-DIAG step=6700] E_pos=922785.2500 E_neg=933595.8750 CD_raw=-10810.6133 CD_wtd=0.043608 MSE=0.574136 neg_dist=8.9866 lang_grad0=0.0000 lang_gradK=0.0000 lang_disp=0.0000 step=0.0000 sigma=0.0000
[CD-DIAG step=6800] E_pos=942290.2500 E_neg=945432.2500 CD_raw=-3142.0134 CD_wtd=60.835815 MSE=0.571668 neg_dist=5.9977 lang_grad0=0.0000 lang_gradK=0.0000 lang_disp=0.0000 step=0.0000 sigma=0.0000
[CD-DIAG step=6900] E_pos=951747.1250 E_neg=963209.0000 CD_raw=-11461.8799 CD_wtd=0.058856 MSE=0.565139 neg_dist=8.8031 lang_grad0=0.0000 lang_gradK=0.0000 lang_disp=0.0000 step=0.0000 sigma=0.0000
[CD-DIAG step=7000] E_pos=920875.4375 E_neg=921115.6875 CD_raw=-240.2748 CD_wtd=187.453094 MSE=0.573104 neg_dist=1.6413 lang_grad0=0.0000 lang_gradK=0.0000 lang_disp=0.0000 step=0.0000 sigma=0.0000
Running Evaluation...
Validation Result @ Iteration 7000; Milestone = 7 (Train)
---------  --------
mse_error  0.967324
---------  --------
Validation Result @ Iteration 7000; Milestone = 7 (ID: Validation)
---  --------
mse  0.169422
---  --------
[CD-DIAG step=7100] E_pos=923876.8750 E_neg=934795.8750 CD_raw=-10918.9883 CD_wtd=0.061492 MSE=0.577278 neg_dist=8.6883 lang_grad0=0.0000 lang_gradK=0.0000 lang_disp=0.0000 step=0.0000 sigma=0.0000
[CD-DIAG step=7200] E_pos=944823.3750 E_neg=954022.8125 CD_raw=-9199.3984 CD_wtd=0.237917 MSE=0.572662 neg_dist=8.2058 lang_grad0=0.0000 lang_gradK=0.0000 lang_disp=0.0000 step=0.0000 sigma=0.0000
[CD-DIAG step=7300] E_pos=931792.2500 E_neg=941097.1250 CD_raw=-9304.8594 CD_wtd=0.089767 MSE=0.573136 neg_dist=8.0730 lang_grad0=0.0000 lang_gradK=0.0000 lang_disp=0.0000 step=0.0000 sigma=0.0000
[CD-DIAG step=7400] E_pos=968699.2500 E_neg=975098.0000 CD_raw=-6398.7744 CD_wtd=3.491385 MSE=0.563671 neg_dist=6.9093 lang_grad0=0.0000 lang_gradK=0.0000 lang_disp=0.0000 step=0.0000 sigma=0.0000
[CD-DIAG step=7500] E_pos=968125.5000 E_neg=973588.7500 CD_raw=-5463.2202 CD_wtd=11.678259 MSE=0.565432 neg_dist=6.8189 lang_grad0=0.0000 lang_gradK=0.0000 lang_disp=0.0000 step=0.0000 sigma=0.0000
[CD-DIAG step=7600] E_pos=1003861.1875 E_neg=1005641.2500 CD_raw=-1780.1194 CD_wtd=108.127823 MSE=0.557445 neg_dist=4.6427 lang_grad0=0.0000 lang_gradK=0.0000 lang_disp=0.0000 step=0.0000 sigma=0.0000
[CD-DIAG step=7700] E_pos=937396.7500 E_neg=948449.6250 CD_raw=-11052.8848 CD_wtd=0.088810 MSE=0.569533 neg_dist=8.6197 lang_grad0=0.0000 lang_gradK=0.0000 lang_disp=0.0000 step=0.0000 sigma=0.0000
[CD-DIAG step=7800] E_pos=940155.6250 E_neg=947884.7500 CD_raw=-7729.0918 CD_wtd=0.976440 MSE=0.572418 neg_dist=7.4949 lang_grad0=0.0000 lang_gradK=0.0000 lang_disp=0.0000 step=0.0000 sigma=0.0000
[CD-DIAG step=7900] E_pos=981241.2500 E_neg=980684.3750 CD_raw=556.8425 CD_wtd=496.833069 MSE=0.560606 neg_dist=3.0163 lang_grad0=0.0000 lang_gradK=0.0000 lang_disp=0.0000 step=0.0000 sigma=0.0000
[CD-DIAG step=8000] E_pos=916803.8125 E_neg=927253.5000 CD_raw=-10449.6992 CD_wtd=0.138580 MSE=0.565870 neg_dist=8.3430 lang_grad0=0.0000 lang_gradK=0.0000 lang_disp=0.0000 step=0.0000 sigma=0.0000
Running Evaluation...
Validation Result @ Iteration 8000; Milestone = 8 (Train)
---------  --------
mse_error  0.795746
---------  --------
Validation Result @ Iteration 8000; Milestone = 8 (ID: Validation)
---  ---------
mse  0.0948702
---  ---------
[CD-DIAG step=8100] E_pos=981343.3125 E_neg=989179.3750 CD_raw=-7836.0566 CD_wtd=0.075160 MSE=0.556223 neg_dist=7.4883 lang_grad0=0.0000 lang_gradK=0.0000 lang_disp=0.0000 step=0.0000 sigma=0.0000
[CD-DIAG step=8200] E_pos=972083.3750 E_neg=974256.0000 CD_raw=-2172.6436 CD_wtd=61.654987 MSE=0.559316 neg_dist=4.4746 lang_grad0=0.0000 lang_gradK=0.0000 lang_disp=0.0000 step=0.0000 sigma=0.0000
[CD-DIAG step=8300] E_pos=1000555.5000 E_neg=1011090.2500 CD_raw=-10534.7910 CD_wtd=0.131671 MSE=0.556245 neg_dist=8.4549 lang_grad0=0.0000 lang_gradK=0.0000 lang_disp=0.0000 step=0.0000 sigma=0.0000
[CD-DIAG step=8400] E_pos=1042957.5625 E_neg=1042253.4375 CD_raw=704.1146 CD_wtd=501.223145 MSE=0.550352 neg_dist=1.6772 lang_grad0=0.0000 lang_gradK=0.0000 lang_disp=0.0000 step=0.0000 sigma=0.0000
[CD-DIAG step=8500] E_pos=990592.1875 E_neg=994656.3125 CD_raw=-4064.1738 CD_wtd=15.833815 MSE=0.558938 neg_dist=5.5880 lang_grad0=0.0000 lang_gradK=0.0000 lang_disp=0.0000 step=0.0000 sigma=0.0000
[CD-DIAG step=8600] E_pos=997141.5000 E_neg=1001546.6250 CD_raw=-4405.0723 CD_wtd=12.064727 MSE=0.550023 neg_dist=5.6568 lang_grad0=0.0000 lang_gradK=0.0000 lang_disp=0.0000 step=0.0000 sigma=0.0000
[CD-DIAG step=8700] E_pos=1022334.7500 E_neg=1025635.8750 CD_raw=-3301.1143 CD_wtd=42.945404 MSE=0.547231 neg_dist=5.6680 lang_grad0=0.0000 lang_gradK=0.0000 lang_disp=0.0000 step=0.0000 sigma=0.0000
[CD-DIAG step=8800] E_pos=1017574.9375 E_neg=1023953.7500 CD_raw=-6378.7939 CD_wtd=1.292847 MSE=0.550360 neg_dist=6.5955 lang_grad0=0.0000 lang_gradK=0.0000 lang_disp=0.0000 step=0.0000 sigma=0.0000
[CD-DIAG step=8900] E_pos=1020765.2500 E_neg=1026735.3750 CD_raw=-5970.1699 CD_wtd=3.060812 MSE=0.548414 neg_dist=6.6839 lang_grad0=0.0000 lang_gradK=0.0000 lang_disp=0.0000 step=0.0000 sigma=0.0000
[CD-DIAG step=9000] E_pos=1018340.7500 E_neg=1022961.0000 CD_raw=-4620.3535 CD_wtd=4.925593 MSE=0.548383 neg_dist=5.6416 lang_grad0=0.0000 lang_gradK=0.0000 lang_disp=0.0000 step=0.0000 sigma=0.0000
Running Evaluation...
Validation Result @ Iteration 9000; Milestone = 9 (Train)
---------  -------
mse_error  0.67453
---------  -------
Validation Result @ Iteration 9000; Milestone = 9 (ID: Validation)
---  ---------
mse  0.0744369
---  ---------
[CD-DIAG step=9100] E_pos=1040487.0625 E_neg=1051032.7500 CD_raw=-10545.6406 CD_wtd=0.167558 MSE=0.540640 neg_dist=8.2821 lang_grad0=0.0000 lang_gradK=0.0000 lang_disp=0.0000 step=0.0000 sigma=0.0000
[CD-DIAG step=9200] E_pos=1006877.7500 E_neg=1016993.1250 CD_raw=-10115.3301 CD_wtd=0.067884 MSE=0.545415 neg_dist=8.0820 lang_grad0=0.0000 lang_gradK=0.0000 lang_disp=0.0000 step=0.0000 sigma=0.0000
[CD-DIAG step=9300] E_pos=1048397.6250 E_neg=1048301.7500 CD_raw=95.7699 CD_wtd=344.664795 MSE=0.539693 neg_dist=2.7860 lang_grad0=0.0000 lang_gradK=0.0000 lang_disp=0.0000 step=0.0000 sigma=0.0000
[CD-DIAG step=9400] E_pos=1013007.5625 E_neg=1019776.1875 CD_raw=-6768.6504 CD_wtd=0.068165 MSE=0.546821 neg_dist=6.5438 lang_grad0=0.0000 lang_gradK=0.0000 lang_disp=0.0000 step=0.0000 sigma=0.0000
[CD-DIAG step=9500] E_pos=1025527.2500 E_neg=1028999.1250 CD_raw=-3471.7729 CD_wtd=34.180267 MSE=0.546155 neg_dist=5.5669 lang_grad0=0.0000 lang_gradK=0.0000 lang_disp=0.0000 step=0.0000 sigma=0.0000
[CD-DIAG step=9600] E_pos=1035460.6250 E_neg=1034676.4375 CD_raw=784.1689 CD_wtd=521.862427 MSE=0.543825 neg_dist=1.6453 lang_grad0=0.0000 lang_gradK=0.0000 lang_disp=0.0000 step=0.0000 sigma=0.0000
[CD-DIAG step=9700] E_pos=1029561.5000 E_neg=1029011.9375 CD_raw=549.5747 CD_wtd=435.035950 MSE=0.538676 neg_dist=1.6144 lang_grad0=0.0000 lang_gradK=0.0000 lang_disp=0.0000 step=0.0000 sigma=0.0000
[CD-DIAG step=9800] E_pos=1081167.7500 E_neg=1091057.0000 CD_raw=-9889.3184 CD_wtd=0.091704 MSE=0.535369 neg_dist=8.2802 lang_grad0=0.0000 lang_gradK=0.0000 lang_disp=0.0000 step=0.0000 sigma=0.0000
[CD-DIAG step=9900] E_pos=1048286.6250 E_neg=1058594.7500 CD_raw=-10308.2480 CD_wtd=0.043161 MSE=0.543417 neg_dist=8.0939 lang_grad0=0.0000 lang_gradK=0.0000 lang_disp=0.0000 step=0.0000 sigma=0.0000
[CD-DIAG step=10000] E_pos=1030466.2500 E_neg=1041004.3125 CD_raw=-10538.0879 CD_wtd=0.054114 MSE=0.544521 neg_dist=8.2572 lang_grad0=0.0000 lang_gradK=0.0000 lang_disp=0.0000 step=0.0000 sigma=0.0000
Running Evaluation...
Validation Result @ Iteration 10000; Milestone = 10 (Train)
---------  -------
mse_error  0.57986
---------  -------
Validation Result @ Iteration 10000; Milestone = 10 (ID: Validation)
---  --------
mse  0.137397
---  --------
[CD-DIAG step=10100] E_pos=1048559.1250 E_neg=1059160.8750 CD_raw=-10601.7383 CD_wtd=0.129032 MSE=0.542100 neg_dist=8.1139 lang_grad0=0.0000 lang_gradK=0.0000 lang_disp=0.0000 step=0.0000 sigma=0.0000
[CD-DIAG step=10200] E_pos=1085397.2500 E_neg=1093360.7500 CD_raw=-7963.4297 CD_wtd=0.914655 MSE=0.528534 neg_dist=7.2275 lang_grad0=0.0000 lang_gradK=0.0000 lang_disp=0.0000 step=0.0000 sigma=0.0000
[CD-DIAG step=10300] E_pos=1065872.5000 E_neg=1073623.5000 CD_raw=-7751.0352 CD_wtd=0.116595 MSE=0.527590 neg_dist=7.1162 lang_grad0=0.0000 lang_gradK=0.0000 lang_disp=0.0000 step=0.0000 sigma=0.0000
[CD-DIAG step=10400] E_pos=1053907.8750 E_neg=1064024.7500 CD_raw=-10116.8906 CD_wtd=0.180463 MSE=0.534813 neg_dist=7.9993 lang_grad0=0.0000 lang_gradK=0.0000 lang_disp=0.0000 step=0.0000 sigma=0.0000
[CD-DIAG step=10500] E_pos=1054136.5000 E_neg=1057885.5000 CD_raw=-3748.9456 CD_wtd=17.904057 MSE=0.535237 neg_dist=5.5136 lang_grad0=0.0000 lang_gradK=0.0000 lang_disp=0.0000 step=0.0000 sigma=0.0000
[CD-DIAG step=10600] E_pos=1054111.5000 E_neg=1063274.1250 CD_raw=-9162.6113 CD_wtd=0.076028 MSE=0.535048 neg_dist=7.5644 lang_grad0=0.0000 lang_gradK=0.0000 lang_disp=0.0000 step=0.0000 sigma=0.0000
[CD-DIAG step=10700] E_pos=1085767.3750 E_neg=1095457.7500 CD_raw=-9690.5156 CD_wtd=0.089843 MSE=0.532279 neg_dist=7.8472 lang_grad0=0.0000 lang_gradK=0.0000 lang_disp=0.0000 step=0.0000 sigma=0.0000
[CD-DIAG step=10800] E_pos=1062909.5000 E_neg=1073531.1250 CD_raw=-10621.6543 CD_wtd=0.040011 MSE=0.539373 neg_dist=8.0979 lang_grad0=0.0000 lang_gradK=0.0000 lang_disp=0.0000 step=0.0000 sigma=0.0000
[CD-DIAG step=10900] E_pos=1085838.5000 E_neg=1094833.5000 CD_raw=-8994.9336 CD_wtd=0.081351 MSE=0.531653 neg_dist=7.6274 lang_grad0=0.0000 lang_gradK=0.0000 lang_disp=0.0000 step=0.0000 sigma=0.0000
[CD-DIAG step=11000] E_pos=1073240.7500 E_neg=1083429.2500 CD_raw=-10188.4434 CD_wtd=0.181244 MSE=0.533872 neg_dist=8.0512 lang_grad0=0.0000 lang_gradK=0.0000 lang_disp=0.0000 step=0.0000 sigma=0.0000
Running Evaluation...
Validation Result @ Iteration 11000; Milestone = 11 (Train)
---------  --------
mse_error  0.512108
---------  --------
Validation Result @ Iteration 11000; Milestone = 11 (ID: Validation)
---  --------
mse  0.208649
---  --------
[CD-DIAG step=11100] E_pos=1091670.5000 E_neg=1101910.8750 CD_raw=-10240.2656 CD_wtd=0.787675 MSE=0.530655 neg_dist=8.0911 lang_grad0=0.0000 lang_gradK=0.0000 lang_disp=0.0000 step=0.0000 sigma=0.0000
[CD-DIAG step=11200] E_pos=1078636.2500 E_neg=1086842.0000 CD_raw=-8205.8398 CD_wtd=0.098875 MSE=0.534368 neg_dist=7.4366 lang_grad0=0.0000 lang_gradK=0.0000 lang_disp=0.0000 step=0.0000 sigma=0.0000
[CD-DIAG step=11300] E_pos=1096436.6250 E_neg=1096457.5000 CD_raw=-20.8297 CD_wtd=280.954773 MSE=0.534294 neg_dist=1.6697 lang_grad0=0.0000 lang_gradK=0.0000 lang_disp=0.0000 step=0.0000 sigma=0.0000
[CD-DIAG step=11400] E_pos=1098697.5000 E_neg=1098535.3750 CD_raw=162.2091 CD_wtd=362.811340 MSE=0.528335 neg_dist=2.7184 lang_grad0=0.0000 lang_gradK=0.0000 lang_disp=0.0000 step=0.0000 sigma=0.0000
[CD-DIAG step=11500] E_pos=1100735.5000 E_neg=1110182.1250 CD_raw=-9446.6426 CD_wtd=0.092063 MSE=0.528046 neg_dist=8.0397 lang_grad0=0.0000 lang_gradK=0.0000 lang_disp=0.0000 step=0.0000 sigma=0.0000
[CD-DIAG step=11600] E_pos=1071397.5000 E_neg=1075720.7500 CD_raw=-4323.2002 CD_wtd=4.073758 MSE=0.534609 neg_dist=5.3281 lang_grad0=0.0000 lang_gradK=0.0000 lang_disp=0.0000 step=0.0000 sigma=0.0000
[CD-DIAG step=11700] E_pos=1064769.1250 E_neg=1071032.7500 CD_raw=-6263.5410 CD_wtd=0.797425 MSE=0.535199 neg_dist=6.3229 lang_grad0=0.0000 lang_gradK=0.0000 lang_disp=0.0000 step=0.0000 sigma=0.0000
[CD-DIAG step=11800] E_pos=1092207.0000 E_neg=1100910.5000 CD_raw=-8703.6172 CD_wtd=0.323157 MSE=0.529101 neg_dist=7.5795 lang_grad0=0.0000 lang_gradK=0.0000 lang_disp=0.0000 step=0.0000 sigma=0.0000
[CD-DIAG step=11900] E_pos=1083809.5000 E_neg=1086091.2500 CD_raw=-2281.8057 CD_wtd=51.380341 MSE=0.533557 neg_dist=4.2027 lang_grad0=0.0000 lang_gradK=0.0000 lang_disp=0.0000 step=0.0000 sigma=0.0000
[CD-DIAG step=12000] E_pos=1095848.5000 E_neg=1105248.7500 CD_raw=-9400.4385 CD_wtd=0.171899 MSE=0.522055 neg_dist=7.8515 lang_grad0=0.0000 lang_gradK=0.0000 lang_disp=0.0000 step=0.0000 sigma=0.0000
Running Evaluation...
Validation Result @ Iteration 12000; Milestone = 12 (Train)
---------  --------
mse_error  0.464288
---------  --------
Validation Result @ Iteration 12000; Milestone = 12 (ID: Validation)
---  --------
mse  0.303557
---  --------
[CD-DIAG step=12100] E_pos=1090968.2500 E_neg=1099561.2500 CD_raw=-8592.8936 CD_wtd=0.070077 MSE=0.527328 neg_dist=7.3644 lang_grad0=0.0000 lang_gradK=0.0000 lang_disp=0.0000 step=0.0000 sigma=0.0000
[CD-DIAG step=12200] E_pos=1100857.1250 E_neg=1111060.0000 CD_raw=-10202.9121 CD_wtd=0.119759 MSE=0.527155 neg_dist=7.9738 lang_grad0=0.0000 lang_gradK=0.0000 lang_disp=0.0000 step=0.0000 sigma=0.0000
[CD-DIAG step=12300] E_pos=1091187.6250 E_neg=1095649.5000 CD_raw=-4461.8984 CD_wtd=4.692839 MSE=0.534367 neg_dist=5.3071 lang_grad0=0.0000 lang_gradK=0.0000 lang_disp=0.0000 step=0.0000 sigma=0.0000
[CD-DIAG step=12400] E_pos=1100098.5000 E_neg=1110649.2500 CD_raw=-10550.8359 CD_wtd=0.113796 MSE=0.526347 neg_dist=8.0669 lang_grad0=0.0000 lang_gradK=0.0000 lang_disp=0.0000 step=0.0000 sigma=0.0000
[CD-DIAG step=12500] E_pos=1125736.7500 E_neg=1135259.8750 CD_raw=-9523.2334 CD_wtd=0.074528 MSE=0.521093 neg_dist=7.7037 lang_grad0=0.0000 lang_gradK=0.0000 lang_disp=0.0000 step=0.0000 sigma=0.0000
[CD-DIAG step=12600] E_pos=1122812.7500 E_neg=1122806.5000 CD_raw=6.2270 CD_wtd=336.014038 MSE=0.527568 neg_dist=2.6055 lang_grad0=0.0000 lang_gradK=0.0000 lang_disp=0.0000 step=0.0000 sigma=0.0000
[CD-DIAG step=12700] E_pos=1087152.0000 E_neg=1093319.0000 CD_raw=-6167.0986 CD_wtd=0.109840 MSE=0.533193 neg_dist=6.1562 lang_grad0=0.0000 lang_gradK=0.0000 lang_disp=0.0000 step=0.0000 sigma=0.0000
[CD-DIAG step=12800] E_pos=1090529.7500 E_neg=1096734.6250 CD_raw=-6204.9258 CD_wtd=1.494786 MSE=0.530004 neg_dist=6.2229 lang_grad0=0.0000 lang_gradK=0.0000 lang_disp=0.0000 step=0.0000 sigma=0.0000
[CD-DIAG step=12900] E_pos=1079679.5000 E_neg=1089110.1250 CD_raw=-9430.6953 CD_wtd=0.092677 MSE=0.529144 neg_dist=7.5458 lang_grad0=0.0000 lang_gradK=0.0000 lang_disp=0.0000 step=0.0000 sigma=0.0000
[CD-DIAG step=13000] E_pos=1095458.2500 E_neg=1105186.8750 CD_raw=-9728.5566 CD_wtd=0.058922 MSE=0.523646 neg_dist=7.7084 lang_grad0=0.0000 lang_gradK=0.0000 lang_disp=0.0000 step=0.0000 sigma=0.0000
Running Evaluation...
Validation Result @ Iteration 13000; Milestone = 13 (Train)
---------  --------
mse_error  0.433854
---------  --------
Validation Result @ Iteration 13000; Milestone = 13 (ID: Validation)
---  --------
mse  0.402922
---  --------
[CD-DIAG step=13100] E_pos=1107329.7500 E_neg=1116962.2500 CD_raw=-9632.4717 CD_wtd=0.083839 MSE=0.529965 neg_dist=7.7198 lang_grad0=0.0000 lang_gradK=0.0000 lang_disp=0.0000 step=0.0000 sigma=0.0000
[CD-DIAG step=13200] E_pos=1103046.2500 E_neg=1107241.5000 CD_raw=-4195.2021 CD_wtd=8.163130 MSE=0.528695 neg_dist=5.3108 lang_grad0=0.0000 lang_gradK=0.0000 lang_disp=0.0000 step=0.0000 sigma=0.0000
[CD-DIAG step=13300] E_pos=1078770.0000 E_neg=1088314.3750 CD_raw=-9544.3809 CD_wtd=0.035998 MSE=0.530427 neg_dist=7.5672 lang_grad0=0.0000 lang_gradK=0.0000 lang_disp=0.0000 step=0.0000 sigma=0.0000
[CD-DIAG step=13400] E_pos=1106346.5000 E_neg=1116791.6250 CD_raw=-10445.0684 CD_wtd=0.085486 MSE=0.522181 neg_dist=7.9469 lang_grad0=0.0000 lang_gradK=0.0000 lang_disp=0.0000 step=0.0000 sigma=0.0000
[CD-DIAG step=13500] E_pos=1076403.5000 E_neg=1082609.0000 CD_raw=-6205.5132 CD_wtd=0.980991 MSE=0.527128 neg_dist=6.0928 lang_grad0=0.0000 lang_gradK=0.0000 lang_disp=0.0000 step=0.0000 sigma=0.0000
[CD-DIAG step=13600] E_pos=1080704.7500 E_neg=1088303.5000 CD_raw=-7598.5957 CD_wtd=0.125235 MSE=0.528513 neg_dist=6.8489 lang_grad0=0.0000 lang_gradK=0.0000 lang_disp=0.0000 step=0.0000 sigma=0.0000
[CD-DIAG step=13700] E_pos=1099760.3750 E_neg=1109238.6250 CD_raw=-9478.2695 CD_wtd=0.051083 MSE=0.527562 neg_dist=7.6490 lang_grad0=0.0000 lang_gradK=0.0000 lang_disp=0.0000 step=0.0000 sigma=0.0000
[CD-DIAG step=13800] E_pos=1100641.7500 E_neg=1109359.7500 CD_raw=-8718.0127 CD_wtd=0.056467 MSE=0.522277 neg_dist=7.3130 lang_grad0=0.0000 lang_gradK=0.0000 lang_disp=0.0000 step=0.0000 sigma=0.0000
[CD-DIAG step=13900] E_pos=1112676.3750 E_neg=1121263.0000 CD_raw=-8586.6094 CD_wtd=0.220570 MSE=0.526875 neg_dist=7.3114 lang_grad0=0.0000 lang_gradK=0.0000 lang_disp=0.0000 step=0.0000 sigma=0.0000
[CD-DIAG step=14000] E_pos=1104931.6250 E_neg=1115335.2500 CD_raw=-10403.7295 CD_wtd=0.086867 MSE=0.523595 neg_dist=7.9458 lang_grad0=0.0000 lang_gradK=0.0000 lang_disp=0.0000 step=0.0000 sigma=0.0000
Running Evaluation...
Validation Result @ Iteration 14000; Milestone = 14 (Train)
---------  --------
mse_error  0.405724
---------  --------
Validation Result @ Iteration 14000; Milestone = 14 (ID: Validation)
---  --------
mse  0.478688
---  --------
[CD-DIAG step=14100] E_pos=1100220.5000 E_neg=1104546.7500 CD_raw=-4326.2764 CD_wtd=3.307276 MSE=0.528323 neg_dist=5.2196 lang_grad0=0.0000 lang_gradK=0.0000 lang_disp=0.0000 step=0.0000 sigma=0.0000
[CD-DIAG step=14200] E_pos=1098279.7500 E_neg=1098204.0000 CD_raw=75.8568 CD_wtd=296.476135 MSE=0.528866 neg_dist=1.6167 lang_grad0=0.0000 lang_gradK=0.0000 lang_disp=0.0000 step=0.0000 sigma=0.0000
[CD-DIAG step=14300] E_pos=1085585.0000 E_neg=1095977.5000 CD_raw=-10392.5820 CD_wtd=0.045911 MSE=0.534184 neg_dist=7.8318 lang_grad0=0.0000 lang_gradK=0.0000 lang_disp=0.0000 step=0.0000 sigma=0.0000
[CD-DIAG step=14400] E_pos=1098542.5000 E_neg=1108817.2500 CD_raw=-10274.9043 CD_wtd=0.132521 MSE=0.526681 neg_dist=7.8852 lang_grad0=0.0000 lang_gradK=0.0000 lang_disp=0.0000 step=0.0000 sigma=0.0000
[CD-DIAG step=14500] E_pos=1104652.8750 E_neg=1104908.7500 CD_raw=-255.9132 CD_wtd=251.865112 MSE=0.522091 neg_dist=2.5950 lang_grad0=0.0000 lang_gradK=0.0000 lang_disp=0.0000 step=0.0000 sigma=0.0000
[CD-DIAG step=14600] E_pos=1094380.5000 E_neg=1104476.7500 CD_raw=-10096.1484 CD_wtd=0.021507 MSE=0.529115 neg_dist=7.7466 lang_grad0=0.0000 lang_gradK=0.0000 lang_disp=0.0000 step=0.0000 sigma=0.0000
[CD-DIAG step=14700] E_pos=1111295.0000 E_neg=1120902.2500 CD_raw=-9607.3994 CD_wtd=0.095017 MSE=0.522602 neg_dist=7.6449 lang_grad0=0.0000 lang_gradK=0.0000 lang_disp=0.0000 step=0.0000 sigma=0.0000
[CD-DIAG step=14800] E_pos=1120272.1250 E_neg=1120560.6250 CD_raw=-288.4758 CD_wtd=235.866074 MSE=0.522984 neg_dist=2.5879 lang_grad0=0.0000 lang_gradK=0.0000 lang_disp=0.0000 step=0.0000 sigma=0.0000
[CD-DIAG step=14900] E_pos=1119464.3750 E_neg=1127093.0000 CD_raw=-7628.7344 CD_wtd=0.095589 MSE=0.525847 neg_dist=6.8688 lang_grad0=0.0000 lang_gradK=0.0000 lang_disp=0.0000 step=0.0000 sigma=0.0000
[CD-DIAG step=15000] E_pos=1113131.5000 E_neg=1112747.2500 CD_raw=384.1778 CD_wtd=394.764526 MSE=0.521767 neg_dist=1.6428 lang_grad0=0.0000 lang_gradK=0.0000 lang_disp=0.0000 step=0.0000 sigma=0.0000
Running Evaluation...
Validation Result @ Iteration 15000; Milestone = 15 (Train)
---------  --------
mse_error  0.386885
---------  --------
Validation Result @ Iteration 15000; Milestone = 15 (ID: Validation)
---  --------
mse  0.538501
---  --------
[CD-DIAG step=15100] E_pos=1094666.7500 E_neg=1104048.8750 CD_raw=-9382.1426 CD_wtd=0.191859 MSE=0.524528 neg_dist=7.5272 lang_grad0=0.0000 lang_gradK=0.0000 lang_disp=0.0000 step=0.0000 sigma=0.0000
[CD-DIAG step=15200] E_pos=1099692.2500 E_neg=1109037.2500 CD_raw=-9345.0371 CD_wtd=0.114407 MSE=0.527727 neg_dist=7.5047 lang_grad0=0.0000 lang_gradK=0.0000 lang_disp=0.0000 step=0.0000 sigma=0.0000
[CD-DIAG step=15300] E_pos=1098832.5000 E_neg=1105033.7500 CD_raw=-6201.3247 CD_wtd=0.350531 MSE=0.529347 neg_dist=6.1064 lang_grad0=0.0000 lang_gradK=0.0000 lang_disp=0.0000 step=0.0000 sigma=0.0000
[CD-DIAG step=15400] E_pos=1110442.5000 E_neg=1119048.1250 CD_raw=-8605.6914 CD_wtd=0.035042 MSE=0.521266 neg_dist=7.3253 lang_grad0=0.0000 lang_gradK=0.0000 lang_disp=0.0000 step=0.0000 sigma=0.0000
[CD-DIAG step=15500] E_pos=1108865.2500 E_neg=1118323.6250 CD_raw=-9458.4434 CD_wtd=0.063853 MSE=0.526848 neg_dist=7.6208 lang_grad0=0.0000 lang_gradK=0.0000 lang_disp=0.0000 step=0.0000 sigma=0.0000
[CD-DIAG step=15600] E_pos=1106884.5000 E_neg=1107194.0000 CD_raw=-309.3257 CD_wtd=217.181702 MSE=0.521163 neg_dist=2.5507 lang_grad0=0.0000 lang_gradK=0.0000 lang_disp=0.0000 step=0.0000 sigma=0.0000
[CD-DIAG step=15700] E_pos=1115542.0000 E_neg=1125529.8750 CD_raw=-9987.9775 CD_wtd=0.043119 MSE=0.520005 neg_dist=7.7098 lang_grad0=0.0000 lang_gradK=0.0000 lang_disp=0.0000 step=0.0000 sigma=0.0000
[CD-DIAG step=15800] E_pos=1114250.3750 E_neg=1124476.7500 CD_raw=-10226.4746 CD_wtd=0.095615 MSE=0.527306 neg_dist=7.8179 lang_grad0=0.0000 lang_gradK=0.0000 lang_disp=0.0000 step=0.0000 sigma=0.0000
[CD-DIAG step=15900] E_pos=1124364.8750 E_neg=1132044.3750 CD_raw=-7679.5010 CD_wtd=0.115811 MSE=0.519205 neg_dist=6.8793 lang_grad0=0.0000 lang_gradK=0.0000 lang_disp=0.0000 step=0.0000 sigma=0.0000
[CD-DIAG step=16000] E_pos=1119941.7500 E_neg=1129915.7500 CD_raw=-9974.0166 CD_wtd=0.056406 MSE=0.524434 neg_dist=7.8073 lang_grad0=0.0000 lang_gradK=0.0000 lang_disp=0.0000 step=0.0000 sigma=0.0000
Running Evaluation...
Validation Result @ Iteration 16000; Milestone = 16 (Train)
---------  --------
mse_error  0.373669
---------  --------
Validation Result @ Iteration 16000; Milestone = 16 (ID: Validation)
---  --------
mse  0.581048
---  --------
[CD-DIAG step=16100] E_pos=1116244.8750 E_neg=1116491.3750 CD_raw=-246.3787 CD_wtd=251.176910 MSE=0.522193 neg_dist=2.5534 lang_grad0=0.0000 lang_gradK=0.0000 lang_disp=0.0000 step=0.0000 sigma=0.0000
[CD-DIAG step=16200] E_pos=1105997.1250 E_neg=1115955.5000 CD_raw=-9958.3604 CD_wtd=0.769350 MSE=0.522000 neg_dist=7.7167 lang_grad0=0.0000 lang_gradK=0.0000 lang_disp=0.0000 step=0.0000 sigma=0.0000
[CD-DIAG step=16300] E_pos=1125321.7500 E_neg=1131521.2500 CD_raw=-6199.5112 CD_wtd=0.447435 MSE=0.523720 neg_dist=6.2083 lang_grad0=0.0000 lang_gradK=0.0000 lang_disp=0.0000 step=0.0000 sigma=0.0000
[CD-DIAG step=16400] E_pos=1109014.2500 E_neg=1119253.5000 CD_raw=-10239.1660 CD_wtd=0.185472 MSE=0.530703 neg_dist=7.8109 lang_grad0=0.0000 lang_gradK=0.0000 lang_disp=0.0000 step=0.0000 sigma=0.0000
[CD-DIAG step=16500] E_pos=1106022.1250 E_neg=1106361.5000 CD_raw=-339.4608 CD_wtd=221.218323 MSE=0.518655 neg_dist=2.5108 lang_grad0=0.0000 lang_gradK=0.0000 lang_disp=0.0000 step=0.0000 sigma=0.0000
[CD-DIAG step=16600] E_pos=1116069.8750 E_neg=1115859.6250 CD_raw=210.2427 CD_wtd=337.353210 MSE=0.526108 neg_dist=1.6588 lang_grad0=0.0000 lang_gradK=0.0000 lang_disp=0.0000 step=0.0000 sigma=0.0000
[CD-DIAG step=16700] E_pos=1108742.0000 E_neg=1111215.3750 CD_raw=-2473.2852 CD_wtd=31.661530 MSE=0.529487 neg_dist=4.0275 lang_grad0=0.0000 lang_gradK=0.0000 lang_disp=0.0000 step=0.0000 sigma=0.0000
[CD-DIAG step=16800] E_pos=1128783.6250 E_neg=1134994.1250 CD_raw=-6210.4414 CD_wtd=1.183145 MSE=0.519967 neg_dist=6.1969 lang_grad0=0.0000 lang_gradK=0.0000 lang_disp=0.0000 step=0.0000 sigma=0.0000
[CD-DIAG step=16900] E_pos=1135082.2500 E_neg=1143923.3750 CD_raw=-8841.1201 CD_wtd=0.039498 MSE=0.521037 neg_dist=7.3955 lang_grad0=0.0000 lang_gradK=0.0000 lang_disp=0.0000 step=0.0000 sigma=0.0000
[CD-DIAG step=17000] E_pos=1105299.5000 E_neg=1115321.3750 CD_raw=-10021.7793 CD_wtd=0.096356 MSE=0.520295 neg_dist=7.6949 lang_grad0=0.0000 lang_gradK=0.0000 lang_disp=0.0000 step=0.0000 sigma=0.0000
Running Evaluation...
Validation Result @ Iteration 17000; Milestone = 17 (Train)
---------  --------
mse_error  0.363681
---------  --------
Validation Result @ Iteration 17000; Milestone = 17 (ID: Validation)
---  --------
mse  0.614861
---  --------
[CD-DIAG step=17100] E_pos=1127984.2500 E_neg=1138471.6250 CD_raw=-10487.4492 CD_wtd=0.118436 MSE=0.514795 neg_dist=7.9580 lang_grad0=0.0000 lang_gradK=0.0000 lang_disp=0.0000 step=0.0000 sigma=0.0000
[CD-DIAG step=17200] E_pos=1099569.7500 E_neg=1101960.5000 CD_raw=-2390.6470 CD_wtd=31.995113 MSE=0.525827 neg_dist=3.9323 lang_grad0=0.0000 lang_gradK=0.0000 lang_disp=0.0000 step=0.0000 sigma=0.0000
[CD-DIAG step=17300] E_pos=1124071.0000 E_neg=1134456.5000 CD_raw=-10385.5264 CD_wtd=0.059767 MSE=0.523213 neg_dist=7.9121 lang_grad0=0.0000 lang_gradK=0.0000 lang_disp=0.0000 step=0.0000 sigma=0.0000
[CD-DIAG step=17400] E_pos=1114448.7500 E_neg=1114722.5000 CD_raw=-273.6313 CD_wtd=239.085541 MSE=0.521008 neg_dist=2.5342 lang_grad0=0.0000 lang_gradK=0.0000 lang_disp=0.0000 step=0.0000 sigma=0.0000
[CD-DIAG step=17500] E_pos=1100019.5000 E_neg=1100313.0000 CD_raw=-293.4574 CD_wtd=222.197159 MSE=0.529037 neg_dist=2.5073 lang_grad0=0.0000 lang_gradK=0.0000 lang_disp=0.0000 step=0.0000 sigma=0.0000
[CD-DIAG step=17600] E_pos=1101689.5000 E_neg=1110250.5000 CD_raw=-8560.9551 CD_wtd=0.058127 MSE=0.524852 neg_dist=7.1534 lang_grad0=0.0000 lang_gradK=0.0000 lang_disp=0.0000 step=0.0000 sigma=0.0000
[CD-DIAG step=17700] E_pos=1115396.8750 E_neg=1115418.2500 CD_raw=-21.1977 CD_wtd=275.117554 MSE=0.518487 neg_dist=1.6340 lang_grad0=0.0000 lang_gradK=0.0000 lang_disp=0.0000 step=0.0000 sigma=0.0000
[CD-DIAG step=17800] E_pos=1116085.7500 E_neg=1115795.2500 CD_raw=290.6225 CD_wtd=361.928894 MSE=0.521208 neg_dist=1.6431 lang_grad0=0.0000 lang_gradK=0.0000 lang_disp=0.0000 step=0.0000 sigma=0.0000
[CD-DIAG step=17900] E_pos=1112627.5000 E_neg=1115068.7500 CD_raw=-2441.3162 CD_wtd=35.629601 MSE=0.516740 neg_dist=3.9637 lang_grad0=0.0000 lang_gradK=0.0000 lang_disp=0.0000 step=0.0000 sigma=0.0000
[CD-DIAG step=18000] E_pos=1114508.3750 E_neg=1121999.7500 CD_raw=-7491.4531 CD_wtd=0.052307 MSE=0.523929 neg_dist=6.7518 lang_grad0=0.0000 lang_gradK=0.0000 lang_disp=0.0000 step=0.0000 sigma=0.0000
Running Evaluation...
Validation Result @ Iteration 18000; Milestone = 18 (Train)
---------  --------
mse_error  0.351386
---------  --------
Validation Result @ Iteration 18000; Milestone = 18 (ID: Validation)
---  --------
mse  0.625961
---  --------
[CD-DIAG step=18100] E_pos=1102717.6250 E_neg=1102993.2500 CD_raw=-275.4952 CD_wtd=236.869247 MSE=0.529317 neg_dist=2.5695 lang_grad0=0.0000 lang_gradK=0.0000 lang_disp=0.0000 step=0.0000 sigma=0.0000
[CD-DIAG step=18200] E_pos=1114107.3750 E_neg=1120329.2500 CD_raw=-6221.9346 CD_wtd=0.720543 MSE=0.517269 neg_dist=6.1462 lang_grad0=0.0000 lang_gradK=0.0000 lang_disp=0.0000 step=0.0000 sigma=0.0000
[CD-DIAG step=18300] E_pos=1121620.5000 E_neg=1121961.5000 CD_raw=-341.0378 CD_wtd=225.726364 MSE=0.517871 neg_dist=2.5488 lang_grad0=0.0000 lang_gradK=0.0000 lang_disp=0.0000 step=0.0000 sigma=0.0000
[CD-DIAG step=18400] E_pos=1102985.0000 E_neg=1113127.5000 CD_raw=-10142.4170 CD_wtd=0.031232 MSE=0.522234 neg_dist=7.7225 lang_grad0=0.0000 lang_gradK=0.0000 lang_disp=0.0000 step=0.0000 sigma=0.0000
[CD-DIAG step=18500] E_pos=1115874.1250 E_neg=1125589.6250 CD_raw=-9715.5010 CD_wtd=0.048792 MSE=0.523006 neg_dist=7.6546 lang_grad0=0.0000 lang_gradK=0.0000 lang_disp=0.0000 step=0.0000 sigma=0.0000
[CD-DIAG step=18600] E_pos=1108067.3750 E_neg=1112690.0000 CD_raw=-4622.5762 CD_wtd=3.029119 MSE=0.525005 neg_dist=5.2437 lang_grad0=0.0000 lang_gradK=0.0000 lang_disp=0.0000 step=0.0000 sigma=0.0000
[CD-DIAG step=18700] E_pos=1105997.8750 E_neg=1113673.0000 CD_raw=-7675.0508 CD_wtd=0.225260 MSE=0.524246 neg_dist=6.8102 lang_grad0=0.0000 lang_gradK=0.0000 lang_disp=0.0000 step=0.0000 sigma=0.0000
[CD-DIAG step=18800] E_pos=1104874.2500 E_neg=1115014.6250 CD_raw=-10140.2998 CD_wtd=0.074147 MSE=0.522376 neg_dist=7.7417 lang_grad0=0.0000 lang_gradK=0.0000 lang_disp=0.0000 step=0.0000 sigma=0.0000
[CD-DIAG step=18900] E_pos=1108966.3750 E_neg=1109252.5000 CD_raw=-286.1663 CD_wtd=231.145721 MSE=0.521389 neg_dist=2.5077 lang_grad0=0.0000 lang_gradK=0.0000 lang_disp=0.0000 step=0.0000 sigma=0.0000
[CD-DIAG step=19000] E_pos=1100156.2500 E_neg=1107702.6250 CD_raw=-7546.4028 CD_wtd=0.116098 MSE=0.526288 neg_dist=6.7033 lang_grad0=0.0000 lang_gradK=0.0000 lang_disp=0.0000 step=0.0000 sigma=0.0000
Running Evaluation...
Validation Result @ Iteration 19000; Milestone = 19 (Train)
---------  --------
mse_error  0.349313
---------  --------
Validation Result @ Iteration 19000; Milestone = 19 (ID: Validation)
---  --------
mse  0.634292
---  --------
[CD-DIAG step=19100] E_pos=1110958.8750 E_neg=1110749.0000 CD_raw=209.8992 CD_wtd=333.380493 MSE=0.521635 neg_dist=1.6092 lang_grad0=0.0000 lang_gradK=0.0000 lang_disp=0.0000 step=0.0000 sigma=0.0000
[CD-DIAG step=19200] E_pos=1119672.0000 E_neg=1120013.0000 CD_raw=-340.9842 CD_wtd=216.032516 MSE=0.517645 neg_dist=2.5620 lang_grad0=0.0000 lang_gradK=0.0000 lang_disp=0.0000 step=0.0000 sigma=0.0000
[CD-DIAG step=19300] E_pos=1108222.7500 E_neg=1108483.6250 CD_raw=-260.8775 CD_wtd=250.136627 MSE=0.518964 neg_dist=2.5016 lang_grad0=0.0000 lang_gradK=0.0000 lang_disp=0.0000 step=0.0000 sigma=0.0000
[CD-DIAG step=19400] E_pos=1105106.6250 E_neg=1109586.3750 CD_raw=-4479.7852 CD_wtd=3.234719 MSE=0.520262 neg_dist=5.1903 lang_grad0=0.0000 lang_gradK=0.0000 lang_disp=0.0000 step=0.0000 sigma=0.0000
[CD-DIAG step=19500] E_pos=1100822.5000 E_neg=1110385.6250 CD_raw=-9563.0195 CD_wtd=0.056702 MSE=0.523725 neg_dist=7.5359 lang_grad0=0.0000 lang_gradK=0.0000 lang_disp=0.0000 step=0.0000 sigma=0.0000
[CD-DIAG step=19600] E_pos=1102047.5000 E_neg=1109750.5000 CD_raw=-7702.9297 CD_wtd=0.012426 MSE=0.518423 neg_dist=6.7914 lang_grad0=0.0000 lang_gradK=0.0000 lang_disp=0.0000 step=0.0000 sigma=0.0000
[CD-DIAG step=19700] E_pos=1110373.0000 E_neg=1120910.2500 CD_raw=-10537.2988 CD_wtd=0.100152 MSE=0.521049 neg_dist=7.9087 lang_grad0=0.0000 lang_gradK=0.0000 lang_disp=0.0000 step=0.0000 sigma=0.0000
[CD-DIAG step=19800] E_pos=1099570.5000 E_neg=1099377.5000 CD_raw=192.8809 CD_wtd=331.007874 MSE=0.526140 neg_dist=1.6363 lang_grad0=0.0000 lang_gradK=0.0000 lang_disp=0.0000 step=0.0000 sigma=0.0000
[CD-DIAG step=19900] E_pos=1113901.3750 E_neg=1122710.7500 CD_raw=-8809.4316 CD_wtd=0.051425 MSE=0.529767 neg_dist=7.2398 lang_grad0=0.0000 lang_gradK=0.0000 lang_disp=0.0000 step=0.0000 sigma=0.0000
[CD-DIAG step=20000] E_pos=1100537.2500 E_neg=1100891.0000 CD_raw=-353.8106 CD_wtd=221.612305 MSE=0.521319 neg_dist=2.5283 lang_grad0=0.0000 lang_gradK=0.0000 lang_disp=0.0000 step=0.0000 sigma=0.0000
Running Evaluation...
Validation Result @ Iteration 20000; Milestone = 20 (Train)
---------  --------
mse_error  0.341785
---------  --------
Validation Result @ Iteration 20000; Milestone = 20 (ID: Validation)
---  --------
mse  0.636533
---  --------
training complete
Training completed!
Results saved to: results/ds_inverse/q201_baseline/results.json
Experiment completed at Wed Feb 18 22:26:38 EST 2026
Copying results to persistent storage...
sending incremental file list
./
ds_inverse/
ds_inverse/q201_baseline/
ds_inverse/q201_baseline/experiment_config.json
ds_inverse/q201_baseline/model-1.pt
ds_inverse/q201_baseline/model-10.pt
ds_inverse/q201_baseline/model-11.pt
ds_inverse/q201_baseline/model-12.pt
ds_inverse/q201_baseline/model-13.pt
ds_inverse/q201_baseline/model-14.pt
ds_inverse/q201_baseline/model-15.pt
ds_inverse/q201_baseline/model-16.pt
ds_inverse/q201_baseline/model-17.pt
ds_inverse/q201_baseline/model-18.pt
ds_inverse/q201_baseline/model-19.pt
ds_inverse/q201_baseline/model-2.pt
ds_inverse/q201_baseline/model-20.pt
ds_inverse/q201_baseline/model-3.pt
ds_inverse/q201_baseline/model-4.pt
ds_inverse/q201_baseline/model-5.pt
ds_inverse/q201_baseline/model-6.pt
ds_inverse/q201_baseline/model-7.pt
ds_inverse/q201_baseline/model-8.pt
ds_inverse/q201_baseline/model-9.pt
ds_inverse/q201_baseline/results.json

sent 461,015,359 bytes  received 449 bytes  43,906,267.43 bytes/sec
total size is 460,901,300  speedup is 1.00
Results copied to /n/home03/mkrasnow/research-repo/projects/ired/results/
Cleaning up work directory...
