Job started at Tue Feb 17 23:49:51 EST 2026
Running on host: holygpu8a22302.rc.fas.harvard.edu
Job ID: 60902815
Git URL: https://github.com/mdkrasnow/research-repo.git
Git SHA: 2108323040df717bef9fb3274044f587d3e956b7
Work directory: /tmp/ired-job-60902815
GPU info:
Tue Feb 17 23:49:51 2026       
+-----------------------------------------------------------------------------------------+
| NVIDIA-SMI 575.57.08              Driver Version: 575.57.08      CUDA Version: 12.9     |
|-----------------------------------------+------------------------+----------------------+
| GPU  Name                 Persistence-M | Bus-Id          Disp.A | Volatile Uncorr. ECC |
| Fan  Temp   Perf          Pwr:Usage/Cap |           Memory-Usage | GPU-Util  Compute M. |
|                                         |                        |               MIG M. |
|=========================================+========================+======================|
|   0  NVIDIA A100-SXM4-80GB          On  |   00000000:CA:00.0 Off |                    0 |
| N/A   28C    P0             59W /  500W |       0MiB /  81920MiB |      0%      Default |
|                                         |                        |             Disabled |
+-----------------------------------------+------------------------+----------------------+
                                                                                         
+-----------------------------------------------------------------------------------------+
| Processes:                                                                              |
|  GPU   GI   CI              PID   Type   Process name                        GPU Memory |
|        ID   ID                                                               Usage      |
|=========================================================================================|
|  No running processes found                                                             |
+-----------------------------------------------------------------------------------------+
Cloning repository...
Repository cloned and checked out to: 2108323
Repository info:
2108323 Fix IRED-CD-005: Correct shape mismatch in CD loss combination
Starting IRED-CD Stage 3 (Full: CD + Langevin + Replay + Residual filter + Schedule)...
Loading configuration from: projects/ired/configs/q204_cd_full.json
Configuration saved to: results/ds_inverse/q204_cd_full/experiment_config.json
Setting random seed: 5
Starting experiment with mining strategy: cd_full
Configuration: {
  "experiment_name": "q204_cd_full",
  "description": "IRED-CD Investigation - Stage 3: Full implementation (CD + Langevin + Replay + Residual filter + Schedule)",
  "investigation": "ired-cd",
  "ablation_stage": "cd_full",
  "mining_strategy": "cd_full",
  "rank": 20,
  "ood": false,
  "diffusion_steps": 10,
  "batch_size": 2048,
  "train_steps": 100000,
  "learning_rate": 0.0001,
  "mining_opt_steps": 10,
  "mining_noise_scale": 1.5,
  "langevin_sigma_multiplier": 1.0,
  "use_langevin": true,
  "use_replay_buffer": true,
  "replay_buffer_size": 10000,
  "replay_buffer_buckets": 16,
  "replay_sample_prob": 0.95,
  "use_cd_loss": true,
  "use_residual_filter": true,
  "residual_filter_quantile": 0.3,
  "use_energy_schedule": true,
  "use_timestep_range": true,
  "energy_loss_warmup_steps": 20000,
  "energy_loss_max_weight": 0.05,
  "energy_loss_timestep_range": [
    0.2,
    0.8
  ],
  "output_dir": "results/ds_inverse/q204_cd_full",
  "notes": "Ablation 3 (FULL): All features enabled. Residual filtering (tau=30th percentile) prevents false negatives. Energy schedule (warmup 20K steps, max_weight=0.05). Timestep range filtering [0.2T, 0.8T]. Should have best shot at beating baseline MSE.",
  "seed": 5
}
Dataset: Inverse matrices (20x20)
Input dimension: 400, Output dimension: 400
Trainer initialized. Output directory: results/ds_inverse/q204_cd_full
Training for 100000 steps...
Running Evaluation...
Validation Result @ Iteration 1000; Milestone = 1 (Train)
---------  -------
mse_error  3.20199
---------  -------
Validation Result @ Iteration 1000; Milestone = 1 (ID: Validation)
---  -------
mse  3.19441
---  -------
Running Evaluation...
Validation Result @ Iteration 2000; Milestone = 2 (Train)
---------  -------
mse_error  3.88028
---------  -------
Validation Result @ Iteration 2000; Milestone = 2 (ID: Validation)
---  -------
mse  3.87989
---  -------
Running Evaluation...
Validation Result @ Iteration 3000; Milestone = 3 (Train)
---------  -------
mse_error  3.88047
---------  -------
Validation Result @ Iteration 3000; Milestone = 3 (ID: Validation)
---  -------
mse  3.88039
---  -------
Running Evaluation...
Validation Result @ Iteration 4000; Milestone = 4 (Train)
---------  ------
mse_error  3.8808
---------  ------
Validation Result @ Iteration 4000; Milestone = 4 (ID: Validation)
---  -------
mse  3.88066
---  -------
Running Evaluation...
Validation Result @ Iteration 5000; Milestone = 5 (Train)
---------  -------
mse_error  3.88062
---------  -------
Validation Result @ Iteration 5000; Milestone = 5 (ID: Validation)
---  -------
mse  3.87992
---  -------
Running Evaluation...
Validation Result @ Iteration 6000; Milestone = 6 (Train)
---------  -------
mse_error  3.87999
---------  -------
Validation Result @ Iteration 6000; Milestone = 6 (ID: Validation)
---  -------
mse  3.88007
---  -------
Running Evaluation...
Validation Result @ Iteration 7000; Milestone = 7 (Train)
---------  -------
mse_error  3.88065
---------  -------
Validation Result @ Iteration 7000; Milestone = 7 (ID: Validation)
---  -------
mse  3.88039
---  -------
Running Evaluation...
Validation Result @ Iteration 8000; Milestone = 8 (Train)
---------  -------
mse_error  3.88051
---------  -------
Validation Result @ Iteration 8000; Milestone = 8 (ID: Validation)
---  -------
mse  3.88041
---  -------
Running Evaluation...
Validation Result @ Iteration 9000; Milestone = 9 (Train)
---------  -------
mse_error  3.88066
---------  -------
Validation Result @ Iteration 9000; Milestone = 9 (ID: Validation)
---  -------
mse  3.88077
---  -------
Running Evaluation...
Validation Result @ Iteration 10000; Milestone = 10 (Train)
---------  -------
mse_error  3.88119
---------  -------
Validation Result @ Iteration 10000; Milestone = 10 (ID: Validation)
---  -------
mse  3.88042
---  -------
Running Evaluation...
Validation Result @ Iteration 11000; Milestone = 11 (Train)
---------  -------
mse_error  3.88136
---------  -------
