Job started at Thu Feb 19 09:44:39 EST 2026
Running on host: holygpu8a22305.rc.fas.harvard.edu
Job ID: 61173908
Git URL: https://github.com/mdkrasnow/research-repo.git
Git SHA: e86371c3133278ea28a341bda3dbe909dbee1fd9
Work directory: /tmp/ired-job-61173908
GPU info:
Thu Feb 19 09:44:39 2026       
+-----------------------------------------------------------------------------------------+
| NVIDIA-SMI 575.57.08              Driver Version: 575.57.08      CUDA Version: 12.9     |
|-----------------------------------------+------------------------+----------------------+
| GPU  Name                 Persistence-M | Bus-Id          Disp.A | Volatile Uncorr. ECC |
| Fan  Temp   Perf          Pwr:Usage/Cap |           Memory-Usage | GPU-Util  Compute M. |
|                                         |                        |               MIG M. |
|=========================================+========================+======================|
|   0  NVIDIA A100-SXM4-80GB          On  |   00000000:4B:00.0 Off |                    0 |
| N/A   28C    P0             62W /  500W |       0MiB /  81920MiB |      0%      Default |
|                                         |                        |             Disabled |
+-----------------------------------------+------------------------+----------------------+
                                                                                         
+-----------------------------------------------------------------------------------------+
| Processes:                                                                              |
|  GPU   GI   CI              PID   Type   Process name                        GPU Memory |
|        ID   ID                                                               Usage      |
|=========================================================================================|
|  No running processes found                                                             |
+-----------------------------------------------------------------------------------------+
Cloning repository...
Repository cloned and checked out to: e86371c
Repository info:
e86371c Add warmup/weight/timestep ablations for scalar contrastive (q209-q211)
Starting q209: scalar energy + contrastive with warmup...
Loading configuration from: projects/ired/configs/q209_scalar_cl_warmup.json
Configuration saved to: results/ds_inverse/q209_scalar_cl_warmup/experiment_config.json
Setting random seed: 2
Starting experiment with mining strategy: cd_langevin_replay
Configuration: {
  "experiment_name": "q209_scalar_cl_warmup",
  "description": "Scalar energy + contrastive with warmup: contrastive off for first 4K steps, ramps 0\u21920.05 from 4K\u21928K. Lets denoising form gradient field first.",
  "investigation": "ired-cd",
  "ablation_stage": "scalar_cl_warmup",
  "mining_strategy": "cd_langevin_replay",
  "rank": 20,
  "ood": false,
  "diffusion_steps": 10,
  "batch_size": 2048,
  "train_steps": 20000,
  "learning_rate": 0.0001,
  "mining_opt_steps": 10,
  "energy_reg_weight": 0.0,
  "mining_noise_scale": 1.5,
  "use_langevin": true,
  "use_replay_buffer": true,
  "replay_buffer_size": 10000,
  "replay_buffer_buckets": 16,
  "use_cd_loss": false,
  "use_ired_contrastive_loss": true,
  "contrastive_temperature": 1.0,
  "use_scalar_energy": true,
  "use_residual_filter": false,
  "use_energy_schedule": true,
  "energy_loss_warmup_steps": 8000,
  "energy_loss_max_weight": 0.05,
  "use_timestep_range": false,
  "energy_loss_weight": 0.05,
  "adam_betas": [
    0.0,
    0.999
  ],
  "output_dir": "results/ds_inverse/q209_scalar_cl_warmup",
  "notes": "Warmup ablation: contrastive loss ramps 0\u21920.05 over 8K steps. Hypothesis: letting denoising form gradient field first prevents contrastive from distorting geometry early. q208 showed contrastive saturated quickly (margin 55K) while gradE was 3x smaller than baseline.",
  "seed": 2
}
Dataset: Inverse matrices (20x20)
Input dimension: 400, Output dimension: 400
Trainer initialized. Output directory: results/ds_inverse/q209_scalar_cl_warmup
Training for 20000 steps...
[IRED-CL-DIAG step=100] E_pos=12.0064 E_neg=15.5409 margin=3.5345 E_wtd=0.000048 MSE=0.998885 gradE=0.8350 pred=0.0004 cl_mean=0.078256 frac_sat=0.000 neg_dist=31.5190 lang_grad0=0.0004 lang_gradK=0.0004 lang_disp=34.3769 step=0.4482 sigma=0.9143
[IRED-CL-DIAG step=200] E_pos=14.8504 E_neg=26.9362 margin=12.0858 E_wtd=0.000008 MSE=0.999123 gradE=2.3571 pred=0.0012 cl_mean=0.006365 frac_sat=0.704 neg_dist=31.4034 lang_grad0=0.0013 lang_gradK=0.0013 lang_disp=34.2636 step=0.4457 sigma=0.9107
[IRED-CL-DIAG step=300] E_pos=23.3378 E_neg=46.7052 margin=23.3674 E_wtd=0.000010 MSE=0.997634 gradE=4.4539 pred=0.0022 cl_mean=0.005153 frac_sat=0.956 neg_dist=31.4107 lang_grad0=0.0024 lang_gradK=0.0024 lang_disp=34.3120 step=0.4428 sigma=0.9089
[IRED-CL-DIAG step=400] E_pos=34.4772 E_neg=71.4564 margin=36.9792 E_wtd=0.000012 MSE=0.999344 gradE=7.1250 pred=0.0035 cl_mean=0.004769 frac_sat=0.983 neg_dist=31.5457 lang_grad0=0.0038 lang_gradK=0.0038 lang_disp=34.4435 step=0.4522 sigma=0.9180
[IRED-CL-DIAG step=500] E_pos=52.5026 E_neg=115.5105 margin=63.0079 E_wtd=0.000034 MSE=0.998268 gradE=12.0186 pred=0.0059 cl_mean=0.010969 frac_sat=0.995 neg_dist=31.6793 lang_grad0=0.0064 lang_gradK=0.0064 lang_disp=34.6024 step=0.4611 sigma=0.9274
[IRED-CL-DIAG step=600] E_pos=68.4777 E_neg=171.8099 margin=103.3322 E_wtd=0.000121 MSE=0.998453 gradE=19.2484 pred=0.0094 cl_mean=0.032315 frac_sat=0.997 neg_dist=31.3982 lang_grad0=0.0103 lang_gradK=0.0103 lang_disp=34.2616 step=0.4414 sigma=0.9073
[IRED-CL-DIAG step=700] E_pos=122.0022 E_neg=311.3249 margin=189.3226 E_wtd=0.000176 MSE=0.998406 gradE=35.4094 pred=0.0173 cl_mean=0.040387 frac_sat=0.997 neg_dist=31.5280 lang_grad0=0.0188 lang_gradK=0.0188 lang_disp=34.3591 step=0.4483 sigma=0.9144
[IRED-CL-DIAG step=800] E_pos=252.2993 E_neg=665.1532 margin=412.8539 E_wtd=0.000010 MSE=0.999497 gradE=75.9692 pred=0.0371 cl_mean=0.001995 frac_sat=0.999 neg_dist=31.4256 lang_grad0=0.0398 lang_gradK=0.0398 lang_disp=34.4097 step=0.4470 sigma=0.9126
[IRED-CL-DIAG step=900] E_pos=411.7620 E_neg=1231.6528 margin=819.8909 E_wtd=0.000218 MSE=0.998951 gradE=148.9695 pred=0.0727 cl_mean=0.038843 frac_sat=1.000 neg_dist=31.3795 lang_grad0=0.0787 lang_gradK=0.0788 lang_disp=34.2826 step=0.4374 sigma=0.9042
[IRED-CL-DIAG step=1000] E_pos=574.5441 E_neg=2039.9526 margin=1465.4085 E_wtd=0.002904 MSE=0.998258 gradE=270.2521 pred=0.1320 cl_mean=0.465157 frac_sat=0.997 neg_dist=31.4799 lang_grad0=0.1439 lang_gradK=0.1441 lang_disp=34.3488 step=0.4471 sigma=0.9135
Running Evaluation...
Validation Result @ Iteration 1000; Milestone = 1 (Train)
---------  -------
mse_error  3.21097
---------  -------
Validation Result @ Iteration 1000; Milestone = 1 (ID: Validation)
---  -------
mse  2.87134
---  -------
[IRED-CL-DIAG step=1100] E_pos=933.3703 E_neg=4072.6235 margin=3139.2532 E_wtd=0.011634 MSE=0.991945 gradE=554.4033 pred=0.2707 cl_mean=1.693694 frac_sat=0.998 neg_dist=31.2968 lang_grad0=0.2987 lang_gradK=0.2992 lang_disp=34.1077 step=0.4313 sigma=0.8978
[IRED-CL-DIAG step=1200] E_pos=2762.6479 E_neg=7923.8076 margin=5161.1597 E_wtd=0.002224 MSE=0.986445 gradE=953.5668 pred=0.4656 cl_mean=0.296737 frac_sat=1.000 neg_dist=31.3121 lang_grad0=0.4788 lang_gradK=0.4864 lang_disp=34.2293 step=0.4422 sigma=0.9073
[IRED-CL-DIAG step=1300] E_pos=819.5167 E_neg=7169.0410 margin=6349.5243 E_wtd=0.011950 MSE=0.982968 gradE=1140.5737 pred=0.5569 cl_mean=1.471867 frac_sat=0.997 neg_dist=31.3629 lang_grad0=0.6328 lang_gradK=0.6340 lang_disp=34.3185 step=0.4431 sigma=0.9093
[IRED-CL-DIAG step=1400] E_pos=4501.3154 E_neg=11171.9590 margin=6670.6436 E_wtd=0.020169 MSE=0.978602 gradE=1237.4167 pred=0.6042 cl_mean=2.306684 frac_sat=0.997 neg_dist=31.2754 lang_grad0=0.5812 lang_gradK=0.5922 lang_disp=34.2538 step=0.4379 sigma=0.9044
[IRED-CL-DIAG step=1500] E_pos=5212.6958 E_neg=13000.9434 margin=7788.2476 E_wtd=0.027520 MSE=0.977452 gradE=1452.1378 pred=0.7091 cl_mean=2.937393 frac_sat=0.997 neg_dist=31.4077 lang_grad0=0.6837 lang_gradK=0.7026 lang_disp=34.3866 step=0.4466 sigma=0.9131
[IRED-CL-DIAG step=1600] E_pos=-354.1132 E_neg=8893.8086 margin=9247.9218 E_wtd=0.029334 MSE=0.974760 gradE=1652.2981 pred=0.8068 cl_mean=2.935267 frac_sat=0.997 neg_dist=31.2388 lang_grad0=0.9593 lang_gradK=0.9544 lang_disp=34.2052 step=0.4353 sigma=0.9025
[IRED-CL-DIAG step=1700] E_pos=4739.7852 E_neg=14827.7695 margin=10087.9844 E_wtd=0.028981 MSE=0.968838 gradE=1868.1631 pred=0.9122 cl_mean=2.729227 frac_sat=0.998 neg_dist=31.2624 lang_grad0=0.9561 lang_gradK=0.9757 lang_disp=34.1942 step=0.4362 sigma=0.9036
[IRED-CL-DIAG step=1800] E_pos=2613.8555 E_neg=14000.0801 margin=11386.2246 E_wtd=0.051564 MSE=0.967021 gradE=2105.1636 pred=1.0279 cl_mean=4.586036 frac_sat=0.997 neg_dist=31.3591 lang_grad0=1.1501 lang_gradK=1.1645 lang_disp=34.4354 step=0.4558 sigma=0.9211
[IRED-CL-DIAG step=1900] E_pos=7033.3999 E_neg=18958.5762 margin=11925.1763 E_wtd=0.020036 MSE=0.961524 gradE=2174.1802 pred=1.0616 cl_mean=1.688116 frac_sat=0.999 neg_dist=31.2515 lang_grad0=1.0516 lang_gradK=1.0851 lang_disp=34.2404 step=0.4406 sigma=0.9072
[IRED-CL-DIAG step=2000] E_pos=3788.4192 E_neg=16127.0098 margin=12338.5906 E_wtd=0.061732 MSE=0.960834 gradE=2269.3486 pred=1.1081 cl_mean=4.941010 frac_sat=0.997 neg_dist=31.1496 lang_grad0=1.1461 lang_gradK=1.2369 lang_disp=32.8678 step=0.4438 sigma=0.9113
Running Evaluation...
Validation Result @ Iteration 2000; Milestone = 2 (Train)
---------  ------
mse_error  3.1347
---------  ------
Validation Result @ Iteration 2000; Milestone = 2 (ID: Validation)
---  ------
mse  2.7472
---  ------
[IRED-CL-DIAG step=2100] E_pos=5634.9004 E_neg=18974.5508 margin=13339.6504 E_wtd=0.049682 MSE=0.955459 gradE=2338.4309 pred=1.1418 cl_mean=3.787120 frac_sat=0.998 neg_dist=31.3304 lang_grad0=1.1975 lang_gradK=1.2323 lang_disp=34.4554 step=0.4506 sigma=0.9174
[IRED-CL-DIAG step=2200] E_pos=3817.4761 E_neg=18277.7910 margin=14460.3149 E_wtd=0.022696 MSE=0.955977 gradE=2481.4253 pred=1.2116 cl_mean=1.651334 frac_sat=0.999 neg_dist=31.2085 lang_grad0=1.3471 lang_gradK=1.3726 lang_disp=34.2216 step=0.4385 sigma=0.9055
[IRED-CL-DIAG step=2300] E_pos=1519.1566 E_neg=17803.5488 margin=16284.3922 E_wtd=0.009480 MSE=0.947377 gradE=2789.0732 pred=1.3619 cl_mean=0.659741 frac_sat=1.000 neg_dist=31.0873 lang_grad0=1.5937 lang_gradK=1.6091 lang_disp=34.1770 step=0.4403 sigma=0.9052
[IRED-CL-DIAG step=2400] E_pos=5719.8403 E_neg=22652.0977 margin=16932.2573 E_wtd=0.041369 MSE=0.943720 gradE=2939.8042 pred=1.4355 cl_mean=2.759054 frac_sat=0.999 neg_dist=31.1467 lang_grad0=1.5705 lang_gradK=1.6148 lang_disp=34.2660 step=0.4465 sigma=0.9127
[IRED-CL-DIAG step=2500] E_pos=5674.9863 E_neg=23105.6250 margin=17430.6387 E_wtd=0.101570 MSE=0.942507 gradE=3092.7253 pred=1.5101 cl_mean=6.503087 frac_sat=0.997 neg_dist=31.1764 lang_grad0=1.6508 lang_gradK=1.7038 lang_disp=34.2257 step=0.4406 sigma=0.9072
[IRED-CL-DIAG step=2600] E_pos=4438.7041 E_neg=23695.7031 margin=19256.9990 E_wtd=0.033755 MSE=0.935062 gradE=3397.6128 pred=1.6590 cl_mean=2.078047 frac_sat=0.999 neg_dist=31.1090 lang_grad0=1.8745 lang_gradK=1.9242 lang_disp=34.3235 step=0.4436 sigma=0.9102
[IRED-CL-DIAG step=2700] E_pos=17894.6953 E_neg=35984.5000 margin=18089.8047 E_wtd=0.033149 MSE=0.937230 gradE=3305.6924 pred=1.6141 cl_mean=1.965137 frac_sat=0.998 neg_dist=31.2634 lang_grad0=1.4216 lang_gradK=1.4722 lang_disp=34.3009 step=0.4470 sigma=0.9132
[IRED-CL-DIAG step=2800] E_pos=7495.1743 E_neg=27696.3711 margin=20201.1968 E_wtd=0.090917 MSE=0.935210 gradE=3545.9890 pred=1.7314 cl_mean=5.197137 frac_sat=0.999 neg_dist=31.0417 lang_grad0=1.8443 lang_gradK=1.9252 lang_disp=34.1515 step=0.4406 sigma=0.9055
[IRED-CL-DIAG step=2900] E_pos=14778.8086 E_neg=34471.5391 margin=19692.7305 E_wtd=0.022224 MSE=0.930178 gradE=3554.6990 pred=1.7357 cl_mean=1.226569 frac_sat=0.999 neg_dist=31.2227 lang_grad0=1.6027 lang_gradK=1.6785 lang_disp=34.3747 step=0.4520 sigma=0.9179
[IRED-CL-DIAG step=3000] E_pos=9838.4375 E_neg=30412.4219 margin=20573.9844 E_wtd=0.171445 MSE=0.933014 gradE=3553.2534 pred=1.7350 cl_mean=9.146767 frac_sat=0.996 neg_dist=31.0295 lang_grad0=1.7597 lang_gradK=1.8448 lang_disp=34.0955 step=0.4372 sigma=0.9028
Running Evaluation...
Validation Result @ Iteration 3000; Milestone = 3 (Train)
---------  -------
mse_error  2.89282
---------  -------
Validation Result @ Iteration 3000; Milestone = 3 (ID: Validation)
---  -------
mse  2.34969
---  -------
[IRED-CL-DIAG step=3100] E_pos=5194.3799 E_neg=25920.5176 margin=20726.1377 E_wtd=0.116410 MSE=0.930327 gradE=3633.7568 pred=1.7743 cl_mean=6.010174 frac_sat=0.998 neg_dist=31.1232 lang_grad0=1.9754 lang_gradK=2.0337 lang_disp=34.2838 step=0.4430 sigma=0.9095
[IRED-CL-DIAG step=3200] E_pos=9437.0479 E_neg=30614.6797 margin=21177.6318 E_wtd=0.211707 MSE=0.924474 gradE=3724.3130 pred=1.8185 cl_mean=10.588670 frac_sat=0.997 neg_dist=31.2421 lang_grad0=1.8708 lang_gradK=1.9645 lang_disp=34.3993 step=0.4515 sigma=0.9180
[IRED-CL-DIAG step=3300] E_pos=4830.2896 E_neg=27668.2617 margin=22837.9722 E_wtd=0.107712 MSE=0.922684 gradE=3904.1719 pred=1.9063 cl_mean=5.223983 frac_sat=0.997 neg_dist=31.0410 lang_grad0=2.1513 lang_gradK=2.2280 lang_disp=34.1592 step=0.4423 sigma=0.9084
[IRED-CL-DIAG step=3400] E_pos=8835.1455 E_neg=32622.6445 margin=23787.4990 E_wtd=0.133382 MSE=0.917607 gradE=4085.6067 pred=1.9949 cl_mean=6.278659 frac_sat=0.997 neg_dist=30.8101 lang_grad0=2.0178 lang_gradK=2.2351 lang_disp=32.6847 step=0.4355 sigma=0.9017
[IRED-CL-DIAG step=3500] E_pos=12611.2422 E_neg=36462.3516 margin=23851.1094 E_wtd=0.109888 MSE=0.918401 gradE=4065.0420 pred=1.9849 cl_mean=5.024885 frac_sat=0.998 neg_dist=31.0657 lang_grad0=1.9601 lang_gradK=2.0738 lang_disp=34.2045 step=0.4477 sigma=0.9124
[IRED-CL-DIAG step=3600] E_pos=2520.5044 E_neg=27010.9199 margin=24490.4155 E_wtd=0.205385 MSE=0.914438 gradE=4188.6953 pred=2.0453 cl_mean=9.130766 frac_sat=0.996 neg_dist=31.0267 lang_grad0=2.4024 lang_gradK=2.4613 lang_disp=34.2130 step=0.4402 sigma=0.9074
[IRED-CL-DIAG step=3700] E_pos=4247.2529 E_neg=29343.4512 margin=25096.1982 E_wtd=0.037283 MSE=0.908623 gradE=4266.6304 pred=2.0833 cl_mean=1.612655 frac_sat=0.999 neg_dist=31.1048 lang_grad0=2.4173 lang_gradK=2.4821 lang_disp=34.3173 step=0.4527 sigma=0.9188
[IRED-CL-DIAG step=3800] E_pos=3643.3623 E_neg=29977.4922 margin=26334.1299 E_wtd=0.139508 MSE=0.906996 gradE=4493.6558 pred=2.1942 cl_mean=5.875588 frac_sat=0.996 neg_dist=30.9106 lang_grad0=2.5874 lang_gradK=2.6487 lang_disp=34.1448 step=0.4406 sigma=0.9066
[IRED-CL-DIAG step=3900] E_pos=2726.6418 E_neg=30241.7500 margin=27515.1082 E_wtd=0.184907 MSE=0.905832 gradE=4498.3760 pred=2.1965 cl_mean=7.587870 frac_sat=0.998 neg_dist=30.9462 lang_grad0=2.6295 lang_gradK=2.6838 lang_disp=34.1915 step=0.4426 sigma=0.9085
[IRED-CL-DIAG step=4000] E_pos=6821.8506 E_neg=35247.3555 margin=28425.5049 E_wtd=0.134597 MSE=0.903505 gradE=4728.1812 pred=2.3087 cl_mean=5.385236 frac_sat=0.998 neg_dist=30.9169 lang_grad0=2.6339 lang_gradK=2.7185 lang_disp=34.1216 step=0.4432 sigma=0.9086
Running Evaluation...
Validation Result @ Iteration 4000; Milestone = 4 (Train)
---------  -------
mse_error  2.57352
---------  -------
Validation Result @ Iteration 4000; Milestone = 4 (ID: Validation)
---  -------
mse  2.20896
---  -------
[IRED-CL-DIAG step=4100] E_pos=12329.4697 E_neg=41137.3438 margin=28807.8740 E_wtd=0.209207 MSE=0.900904 gradE=4689.2393 pred=2.2897 cl_mean=8.166182 frac_sat=0.998 neg_dist=31.0454 lang_grad0=2.4358 lang_gradK=2.5475 lang_disp=34.1959 step=0.4483 sigma=0.9141
[IRED-CL-DIAG step=4200] E_pos=7707.9668 E_neg=37293.4453 margin=29585.4785 E_wtd=0.029989 MSE=0.892809 gradE=4977.8848 pred=2.4306 cl_mean=1.142718 frac_sat=0.999 neg_dist=30.9907 lang_grad0=2.7961 lang_gradK=2.8846 lang_disp=34.2445 step=0.4472 sigma=0.9140
[IRED-CL-DIAG step=4300] E_pos=11851.2080 E_neg=42212.6523 margin=30361.4443 E_wtd=0.129346 MSE=0.890265 gradE=5124.0728 pred=2.5020 cl_mean=4.813999 frac_sat=0.997 neg_dist=31.0790 lang_grad0=2.7146 lang_gradK=2.8528 lang_disp=34.3169 step=0.4540 sigma=0.9206
[IRED-CL-DIAG step=4400] E_pos=5661.2397 E_neg=36827.5234 margin=31166.2837 E_wtd=0.159490 MSE=0.890354 gradE=5158.3726 pred=2.5187 cl_mean=5.800960 frac_sat=0.998 neg_dist=30.8469 lang_grad0=2.9890 lang_gradK=3.0552 lang_disp=34.1313 step=0.4423 sigma=0.9080
[IRED-CL-DIAG step=4500] E_pos=7755.0864 E_neg=39336.8242 margin=31581.7378 E_wtd=0.081513 MSE=0.888515 gradE=5218.0884 pred=2.5479 cl_mean=2.898883 frac_sat=0.999 neg_dist=30.8926 lang_grad0=2.9625 lang_gradK=3.0625 lang_disp=34.1248 step=0.4458 sigma=0.9113
[IRED-CL-DIAG step=4600] E_pos=15360.0938 E_neg=47038.9453 margin=31678.8516 E_wtd=0.155191 MSE=0.883412 gradE=5326.6006 pred=2.6009 cl_mean=5.399123 frac_sat=0.998 neg_dist=31.0052 lang_grad0=2.7464 lang_gradK=2.8911 lang_disp=34.2942 step=0.4527 sigma=0.9191
[IRED-CL-DIAG step=4700] E_pos=5187.4062 E_neg=36826.9414 margin=31639.5352 E_wtd=0.431576 MSE=0.883249 gradE=5372.7197 pred=2.6234 cl_mean=14.695059 frac_sat=0.998 neg_dist=30.7194 lang_grad0=2.7907 lang_gradK=3.2232 lang_disp=32.8504 step=0.4479 sigma=0.9137
[IRED-CL-DIAG step=4800] E_pos=8419.5039 E_neg=40572.4609 margin=32152.9570 E_wtd=0.158518 MSE=0.880599 gradE=5372.4111 pred=2.6232 cl_mean=5.285035 frac_sat=0.998 neg_dist=30.9429 lang_grad0=3.0398 lang_gradK=3.1447 lang_disp=34.2315 step=0.4476 sigma=0.9149
[IRED-CL-DIAG step=4900] E_pos=8581.6895 E_neg=42371.9492 margin=33790.2598 E_wtd=0.005158 MSE=0.882198 gradE=5417.7300 pred=2.6454 cl_mean=0.168455 frac_sat=1.000 neg_dist=30.7463 lang_grad0=3.0901 lang_gradK=3.1860 lang_disp=34.0358 step=0.4361 sigma=0.9021
[IRED-CL-DIAG step=5000] E_pos=16285.2607 E_neg=51120.8203 margin=34835.5596 E_wtd=0.209504 MSE=0.876797 gradE=5611.8506 pred=2.7402 cl_mean=6.705479 frac_sat=0.998 neg_dist=30.8821 lang_grad0=2.9253 lang_gradK=3.0758 lang_disp=34.1096 step=0.4424 sigma=0.9090
Running Evaluation...
Validation Result @ Iteration 5000; Milestone = 5 (Train)
---------  -------
mse_error  2.33047
---------  -------
Validation Result @ Iteration 5000; Milestone = 5 (ID: Validation)
---  -------
mse  2.12332
---  -------
[IRED-CL-DIAG step=5100] E_pos=6818.6011 E_neg=41327.5391 margin=34508.9380 E_wtd=0.633276 MSE=0.872221 gradE=5724.8281 pred=2.7953 cl_mean=19.871387 frac_sat=0.995 neg_dist=30.7832 lang_grad0=3.3416 lang_gradK=3.4328 lang_disp=34.0591 step=0.4415 sigma=0.9077
[IRED-CL-DIAG step=5200] E_pos=9436.8799 E_neg=44222.0938 margin=34785.2139 E_wtd=0.127180 MSE=0.871962 gradE=5812.9189 pred=2.8383 cl_mean=3.913980 frac_sat=1.000 neg_dist=30.8540 lang_grad0=3.3256 lang_gradK=3.4181 lang_disp=34.0865 step=0.4428 sigma=0.9095
[IRED-CL-DIAG step=5300] E_pos=17086.5566 E_neg=52514.1172 margin=35427.5605 E_wtd=0.045493 MSE=0.871958 gradE=5714.3418 pred=2.7902 cl_mean=1.373640 frac_sat=0.999 neg_dist=30.8867 lang_grad0=2.9934 lang_gradK=3.1389 lang_disp=34.1246 step=0.4462 sigma=0.9118
[IRED-CL-DIAG step=5400] E_pos=6822.9893 E_neg=42656.4062 margin=35833.4170 E_wtd=0.160929 MSE=0.865168 gradE=5947.2861 pred=2.9039 cl_mean=4.769152 frac_sat=0.999 neg_dist=30.7828 lang_grad0=3.4916 lang_gradK=3.5837 lang_disp=34.0902 step=0.4432 sigma=0.9099
[IRED-CL-DIAG step=5500] E_pos=10170.2559 E_neg=46075.9844 margin=35905.7285 E_wtd=0.299119 MSE=0.866491 gradE=5932.6172 pred=2.8968 cl_mean=8.703216 frac_sat=0.998 neg_dist=30.9206 lang_grad0=3.3773 lang_gradK=3.4830 lang_disp=34.2674 step=0.4553 sigma=0.9214
[IRED-CL-DIAG step=5600] E_pos=7373.7344 E_neg=44234.7930 margin=36861.0586 E_wtd=0.142844 MSE=0.862533 gradE=6076.3179 pred=2.9670 cl_mean=4.081997 frac_sat=0.999 neg_dist=30.7236 lang_grad0=3.5721 lang_gradK=3.6509 lang_disp=34.0486 step=0.4431 sigma=0.9092
[IRED-CL-DIAG step=5700] E_pos=9864.7236 E_neg=47283.0469 margin=37418.3232 E_wtd=0.040906 MSE=0.860675 gradE=6126.4355 pred=2.9914 cl_mean=1.148446 frac_sat=0.999 neg_dist=30.7729 lang_grad0=3.5415 lang_gradK=3.6557 lang_disp=34.0645 step=0.4399 sigma=0.9068
[IRED-CL-DIAG step=5800] E_pos=5146.3135 E_neg=42300.2656 margin=37153.9521 E_wtd=0.051807 MSE=0.859483 gradE=6189.8594 pred=3.0224 cl_mean=1.429396 frac_sat=0.999 neg_dist=30.8358 lang_grad0=3.7218 lang_gradK=3.7781 lang_disp=34.2390 step=0.4568 sigma=0.9227
[IRED-CL-DIAG step=5900] E_pos=11521.8008 E_neg=49781.8516 margin=38260.0508 E_wtd=0.259761 MSE=0.856552 gradE=6256.8462 pred=3.0551 cl_mean=7.045570 frac_sat=0.999 neg_dist=30.7656 lang_grad0=3.5655 lang_gradK=3.6812 lang_disp=34.0113 step=0.4376 sigma=0.9044
[IRED-CL-DIAG step=6000] E_pos=14113.5547 E_neg=53041.8594 margin=38928.3047 E_wtd=0.257039 MSE=0.852597 gradE=6398.6982 pred=3.1244 cl_mean=6.855529 frac_sat=0.999 neg_dist=30.5898 lang_grad0=3.2279 lang_gradK=3.7428 lang_disp=32.7590 step=0.4408 sigma=0.9077
Running Evaluation...
Validation Result @ Iteration 6000; Milestone = 6 (Train)
---------  -------
mse_error  2.17042
---------  -------
Validation Result @ Iteration 6000; Milestone = 6 (ID: Validation)
---  -------
mse  2.05865
---  -------
[IRED-CL-DIAG step=6100] E_pos=8883.6973 E_neg=49039.8867 margin=40156.1895 E_wtd=0.220321 MSE=0.850305 gradE=6479.9746 pred=3.1641 cl_mean=5.779870 frac_sat=0.999 neg_dist=30.7450 lang_grad0=3.8274 lang_gradK=3.9249 lang_disp=34.1402 step=0.4513 sigma=0.9167
[IRED-CL-DIAG step=6200] E_pos=11450.2354 E_neg=52124.6523 margin=40674.4170 E_wtd=0.058096 MSE=0.846247 gradE=6473.8828 pred=3.1611 cl_mean=1.499495 frac_sat=0.999 neg_dist=30.7502 lang_grad0=3.7386 lang_gradK=3.8557 lang_disp=34.0803 step=0.4479 sigma=0.9143
[IRED-CL-DIAG step=6300] E_pos=12510.5088 E_neg=53262.5547 margin=40752.0459 E_wtd=0.195218 MSE=0.846251 gradE=6640.2041 pred=3.2423 cl_mean=4.958715 frac_sat=0.998 neg_dist=30.7874 lang_grad0=3.8234 lang_gradK=3.9370 lang_disp=34.0986 step=0.4511 sigma=0.9175
[IRED-CL-DIAG step=6400] E_pos=9919.6836 E_neg=52526.8672 margin=42607.1836 E_wtd=0.082664 MSE=0.841570 gradE=6829.4189 pred=3.3347 cl_mean=2.066927 frac_sat=0.998 neg_dist=30.5694 lang_grad0=4.0381 lang_gradK=4.1447 lang_disp=33.8535 step=0.4339 sigma=0.9006
[IRED-CL-DIAG step=6500] E_pos=14726.8008 E_neg=57649.9375 margin=42923.1367 E_wtd=0.093444 MSE=0.834860 gradE=7194.6196 pred=3.5130 cl_mean=2.300504 frac_sat=0.998 neg_dist=30.7332 lang_grad0=4.1162 lang_gradK=4.2693 lang_disp=34.0974 step=0.4504 sigma=0.9164
[IRED-CL-DIAG step=6600] E_pos=14191.7217 E_neg=57777.9883 margin=43586.2666 E_wtd=0.612542 MSE=0.832360 gradE=7173.2266 pred=3.5026 cl_mean=14.851753 frac_sat=0.997 neg_dist=30.6516 lang_grad0=4.1407 lang_gradK=4.2814 lang_disp=33.9487 step=0.4440 sigma=0.9099
[IRED-CL-DIAG step=6700] E_pos=22092.0820 E_neg=64974.1328 margin=42882.0508 E_wtd=0.717025 MSE=0.830589 gradE=7260.1191 pred=3.5450 cl_mean=17.125546 frac_sat=0.997 neg_dist=30.8354 lang_grad0=3.8960 lang_gradK=4.0941 lang_disp=34.1837 step=0.4554 sigma=0.9228
[IRED-CL-DIAG step=6800] E_pos=15309.4209 E_neg=59185.1914 margin=43875.7705 E_wtd=0.903119 MSE=0.827659 gradE=7257.8389 pred=3.5439 cl_mean=21.252983 frac_sat=0.997 neg_dist=30.6182 lang_grad0=4.1440 lang_gradK=4.2978 lang_disp=34.0328 step=0.4460 sigma=0.9124
[IRED-CL-DIAG step=6900] E_pos=14064.4512 E_neg=57719.6680 margin=43655.2168 E_wtd=0.348662 MSE=0.830787 gradE=7270.9590 pred=3.5503 cl_mean=8.086079 frac_sat=0.998 neg_dist=30.7132 lang_grad0=4.2065 lang_gradK=4.3424 lang_disp=34.0447 step=0.4463 sigma=0.9129
[IRED-CL-DIAG step=7000] E_pos=19116.2773 E_neg=63871.6172 margin=44755.3398 E_wtd=0.203846 MSE=0.831443 gradE=7217.8760 pred=3.5244 cl_mean=4.660009 frac_sat=1.000 neg_dist=30.6752 lang_grad0=3.9935 lang_gradK=4.1775 lang_disp=34.0529 step=0.4438 sigma=0.9110
Running Evaluation...
Validation Result @ Iteration 7000; Milestone = 7 (Train)
---------  -------
mse_error  2.06549
---------  -------
Validation Result @ Iteration 7000; Milestone = 7 (ID: Validation)
---  -------
mse  2.00235
---  -------
[IRED-CL-DIAG step=7100] E_pos=13172.1797 E_neg=58397.4922 margin=45225.3125 E_wtd=0.775457 MSE=0.828543 gradE=7196.8735 pred=3.5141 cl_mean=17.477551 frac_sat=0.997 neg_dist=30.4668 lang_grad0=4.2104 lang_gradK=4.3511 lang_disp=33.8846 step=0.4376 sigma=0.9033
[IRED-CL-DIAG step=7200] E_pos=18850.4434 E_neg=64583.0312 margin=45732.5879 E_wtd=0.294396 MSE=0.830423 gradE=7234.1973 pred=3.5323 cl_mean=6.543047 frac_sat=0.998 neg_dist=30.5515 lang_grad0=4.0026 lang_gradK=4.1924 lang_disp=33.9169 step=0.4376 sigma=0.9043
[IRED-CL-DIAG step=7300] E_pos=17072.0039 E_neg=61332.5391 margin=44260.5352 E_wtd=0.204201 MSE=0.825737 gradE=7340.2803 pred=3.5841 cl_mean=4.476242 frac_sat=0.999 neg_dist=30.6057 lang_grad0=3.6752 lang_gradK=4.3135 lang_disp=32.9072 step=0.4484 sigma=0.9156
[IRED-CL-DIAG step=7400] E_pos=14843.9961 E_neg=59874.3594 margin=45030.3633 E_wtd=0.926380 MSE=0.826232 gradE=7288.8774 pred=3.5590 cl_mean=20.032553 frac_sat=0.996 neg_dist=30.5868 lang_grad0=4.2176 lang_gradK=4.3420 lang_disp=33.9419 step=0.4428 sigma=0.9092
[IRED-CL-DIAG step=7500] E_pos=14465.8184 E_neg=59648.3281 margin=45182.5098 E_wtd=0.542878 MSE=0.824309 gradE=7454.6816 pred=3.6400 cl_mean=11.582939 frac_sat=0.997 neg_dist=30.6927 lang_grad0=4.3249 lang_gradK=4.4606 lang_disp=34.0925 step=0.4550 sigma=0.9207
[IRED-CL-DIAG step=7600] E_pos=13978.7637 E_neg=60510.2891 margin=46531.5254 E_wtd=0.148159 MSE=0.822457 gradE=7581.8169 pred=3.7021 cl_mean=3.119555 frac_sat=0.999 neg_dist=30.6232 lang_grad0=4.4630 lang_gradK=4.5576 lang_disp=33.9904 step=0.4417 sigma=0.9088
[IRED-CL-DIAG step=7700] E_pos=15071.8242 E_neg=62558.4766 margin=47486.6523 E_wtd=0.924145 MSE=0.820132 gradE=7587.0957 pred=3.7046 cl_mean=19.205498 frac_sat=0.997 neg_dist=30.5671 lang_grad0=4.4164 lang_gradK=4.5560 lang_disp=33.9892 step=0.4454 sigma=0.9116
[IRED-CL-DIAG step=7800] E_pos=12751.4492 E_neg=60217.4375 margin=47465.9883 E_wtd=0.680779 MSE=0.816079 gradE=7686.7104 pred=3.7533 cl_mean=13.966486 frac_sat=0.998 neg_dist=30.5126 lang_grad0=4.5604 lang_gradK=4.6568 lang_disp=33.9183 step=0.4488 sigma=0.9135
[IRED-CL-DIAG step=7900] E_pos=12366.6426 E_neg=59853.2188 margin=47486.5762 E_wtd=0.556593 MSE=0.814977 gradE=7681.8281 pred=3.7509 cl_mean=11.274199 frac_sat=0.998 neg_dist=30.5010 lang_grad0=4.5816 lang_gradK=4.6987 lang_disp=33.8440 step=0.4428 sigma=0.9083
[IRED-CL-DIAG step=8000] E_pos=18702.8965 E_neg=67140.6250 margin=48437.7285 E_wtd=0.130884 MSE=0.820566 gradE=7616.2559 pred=3.7189 cl_mean=2.618010 frac_sat=1.000 neg_dist=30.2312 lang_grad0=3.8302 lang_gradK=4.5124 lang_disp=32.3410 step=0.4277 sigma=0.8938
Running Evaluation...
Validation Result @ Iteration 8000; Milestone = 8 (Train)
---------  -------
mse_error  1.99983
---------  -------
Validation Result @ Iteration 8000; Milestone = 8 (ID: Validation)
---  -------
mse  1.95016
---  -------
[IRED-CL-DIAG step=8100] E_pos=11042.2988 E_neg=59209.4375 margin=48167.1387 E_wtd=0.198057 MSE=0.812355 gradE=7714.8936 pred=3.7670 cl_mean=3.961133 frac_sat=0.998 neg_dist=30.5372 lang_grad0=4.6759 lang_gradK=4.7572 lang_disp=34.0556 step=0.4506 sigma=0.9159
[IRED-CL-DIAG step=8200] E_pos=9100.0801 E_neg=58241.8359 margin=49141.7559 E_wtd=0.403901 MSE=0.812488 gradE=7721.9102 pred=3.7705 cl_mean=8.078018 frac_sat=0.999 neg_dist=30.3229 lang_grad0=4.7701 lang_gradK=4.8576 lang_disp=33.6876 step=0.4309 sigma=0.8971
[IRED-CL-DIAG step=8300] E_pos=14599.0137 E_neg=63560.6250 margin=48961.6113 E_wtd=0.000000 MSE=0.808781 gradE=7869.9180 pred=3.8427 cl_mean=0.000000 frac_sat=1.000 neg_dist=30.5317 lang_grad0=4.6416 lang_gradK=4.7643 lang_disp=33.8659 step=0.4411 sigma=0.9076
[IRED-CL-DIAG step=8400] E_pos=13132.0176 E_neg=61979.9648 margin=48847.9473 E_wtd=0.325537 MSE=0.808797 gradE=7896.1592 pred=3.8555 cl_mean=6.510736 frac_sat=0.999 neg_dist=30.5480 lang_grad0=4.7303 lang_gradK=4.8380 lang_disp=33.9740 step=0.4483 sigma=0.9140
[IRED-CL-DIAG step=8500] E_pos=12598.6240 E_neg=61337.1016 margin=48738.4775 E_wtd=0.290845 MSE=0.804450 gradE=7975.5693 pred=3.8943 cl_mean=5.816904 frac_sat=0.998 neg_dist=30.6118 lang_grad0=4.7885 lang_gradK=4.8966 lang_disp=33.9663 step=0.4514 sigma=0.9177
[IRED-CL-DIAG step=8600] E_pos=15354.8848 E_neg=65143.4258 margin=49788.5410 E_wtd=0.425379 MSE=0.809373 gradE=7996.2432 pred=3.9044 cl_mean=8.507574 frac_sat=0.998 neg_dist=30.5365 lang_grad0=4.7329 lang_gradK=4.8514 lang_disp=33.9140 step=0.4443 sigma=0.9101
[IRED-CL-DIAG step=8700] E_pos=17719.8594 E_neg=67070.6250 margin=49350.7656 E_wtd=0.332394 MSE=0.802692 gradE=8106.6426 pred=3.9583 cl_mean=6.647877 frac_sat=0.999 neg_dist=30.6680 lang_grad0=4.7118 lang_gradK=4.8418 lang_disp=34.0160 step=0.4536 sigma=0.9200
[IRED-CL-DIAG step=8800] E_pos=16936.8848 E_neg=68189.4375 margin=51252.5527 E_wtd=0.187366 MSE=0.809597 gradE=7896.4648 pred=3.8557 cl_mean=3.747328 frac_sat=0.999 neg_dist=30.2718 lang_grad0=4.6465 lang_gradK=4.7929 lang_disp=33.5750 step=0.4247 sigma=0.8905
[IRED-CL-DIAG step=8900] E_pos=23542.1328 E_neg=73381.3047 margin=49839.1719 E_wtd=0.000000 MSE=0.800770 gradE=8172.3760 pred=3.9904 cl_mean=0.000000 frac_sat=1.000 neg_dist=30.7169 lang_grad0=4.4924 lang_gradK=4.6922 lang_disp=34.0904 step=0.4566 sigma=0.9233
[IRED-CL-DIAG step=9000] E_pos=11760.8701 E_neg=62140.8594 margin=50379.9893 E_wtd=0.708504 MSE=0.806029 gradE=8058.9590 pred=3.9350 cl_mean=14.170074 frac_sat=0.998 neg_dist=30.3776 lang_grad0=4.9233 lang_gradK=5.0085 lang_disp=33.7298 step=0.4393 sigma=0.9042
Running Evaluation...
Validation Result @ Iteration 9000; Milestone = 9 (Train)
---------  -------
mse_error  1.95038
---------  -------
Validation Result @ Iteration 9000; Milestone = 9 (ID: Validation)
---  -------
mse  1.89622
---  -------
[IRED-CL-DIAG step=9100] E_pos=14258.6328 E_neg=64673.7422 margin=50415.1094 E_wtd=0.425074 MSE=0.799570 gradE=8211.5781 pred=4.0096 cl_mean=8.501488 frac_sat=0.998 neg_dist=30.4234 lang_grad0=4.2034 lang_gradK=5.0228 lang_disp=32.7937 step=0.4520 sigma=0.9181
[IRED-CL-DIAG step=9200] E_pos=16455.2539 E_neg=67412.1406 margin=50956.8867 E_wtd=0.308474 MSE=0.795602 gradE=8356.5508 pred=4.0803 cl_mean=6.169483 frac_sat=0.998 neg_dist=30.5792 lang_grad0=4.9216 lang_gradK=5.0656 lang_disp=34.0286 step=0.4523 sigma=0.9186
[IRED-CL-DIAG step=9300] E_pos=17165.7051 E_neg=70210.2109 margin=53044.5059 E_wtd=0.594872 MSE=0.801228 gradE=8155.0444 pred=3.9820 cl_mean=11.897432 frac_sat=0.997 neg_dist=30.3025 lang_grad0=4.8096 lang_gradK=4.9584 lang_disp=33.6949 step=0.4322 sigma=0.8978
[IRED-CL-DIAG step=9400] E_pos=17774.9727 E_neg=71184.5938 margin=53409.6211 E_wtd=0.381718 MSE=0.800876 gradE=8288.9863 pred=4.0474 cl_mean=7.634354 frac_sat=0.998 neg_dist=30.3869 lang_grad0=4.8931 lang_gradK=5.0412 lang_disp=33.7525 step=0.4382 sigma=0.9035
[IRED-CL-DIAG step=9500] E_pos=12795.3086 E_neg=64739.7383 margin=51944.4297 E_wtd=0.014412 MSE=0.793165 gradE=8485.2607 pred=4.1432 cl_mean=0.288235 frac_sat=1.000 neg_dist=30.4690 lang_grad0=5.1592 lang_gradK=5.2587 lang_disp=33.8172 step=0.4442 sigma=0.9103
[IRED-CL-DIAG step=9600] E_pos=17860.0312 E_neg=70902.4609 margin=53042.4297 E_wtd=0.569032 MSE=0.794946 gradE=8463.9316 pred=4.1328 cl_mean=11.380630 frac_sat=0.998 neg_dist=30.4489 lang_grad0=4.9938 lang_gradK=5.1611 lang_disp=33.7887 step=0.4414 sigma=0.9070
[IRED-CL-DIAG step=9700] E_pos=20554.5781 E_neg=73844.1875 margin=53289.6094 E_wtd=0.583108 MSE=0.794819 gradE=8466.1113 pred=4.1338 cl_mean=11.662157 frac_sat=0.997 neg_dist=30.4929 lang_grad0=4.8779 lang_gradK=5.0408 lang_disp=33.8919 step=0.4481 sigma=0.9135
[IRED-CL-DIAG step=9800] E_pos=15096.5059 E_neg=67706.1016 margin=52609.5957 E_wtd=0.739672 MSE=0.787919 gradE=8603.9697 pred=4.2012 cl_mean=14.793444 frac_sat=0.995 neg_dist=30.5119 lang_grad0=5.1601 lang_gradK=5.2801 lang_disp=33.9338 step=0.4479 sigma=0.9150
[IRED-CL-DIAG step=9900] E_pos=17808.7402 E_neg=71213.0312 margin=53404.2910 E_wtd=0.241973 MSE=0.792379 gradE=8449.3604 pred=4.1257 cl_mean=4.839460 frac_sat=0.998 neg_dist=30.4072 lang_grad0=5.0080 lang_gradK=5.1340 lang_disp=33.8462 step=0.4452 sigma=0.9106
[IRED-CL-DIAG step=10000] E_pos=15326.1523 E_neg=68029.4844 margin=52703.3320 E_wtd=0.429222 MSE=0.789511 gradE=8620.5957 pred=4.2093 cl_mean=8.584450 frac_sat=0.999 neg_dist=30.5053 lang_grad0=5.1738 lang_gradK=5.2773 lang_disp=33.9673 step=0.4500 sigma=0.9169
Running Evaluation...
Validation Result @ Iteration 10000; Milestone = 10 (Train)
---------  -------
mse_error  1.91382
---------  -------
Validation Result @ Iteration 10000; Milestone = 10 (ID: Validation)
---  -------
mse  1.80362
---  -------
[IRED-CL-DIAG step=10100] E_pos=13773.3174 E_neg=67080.4688 margin=53307.1514 E_wtd=0.450271 MSE=0.788657 gradE=8540.4229 pred=4.1701 cl_mean=9.005424 frac_sat=0.999 neg_dist=30.4573 lang_grad0=5.2085 lang_gradK=5.3089 lang_disp=33.8847 step=0.4490 sigma=0.9152
[IRED-CL-DIAG step=10200] E_pos=16782.8730 E_neg=71118.4219 margin=54335.5488 E_wtd=0.199030 MSE=0.791946 gradE=8531.6562 pred=4.1658 cl_mean=3.980600 frac_sat=0.999 neg_dist=30.3947 lang_grad0=5.1143 lang_gradK=5.2395 lang_disp=33.7501 step=0.4416 sigma=0.9071
[IRED-CL-DIAG step=10300] E_pos=16756.5430 E_neg=70653.6953 margin=53897.1523 E_wtd=1.003973 MSE=0.789498 gradE=8590.8926 pred=4.1948 cl_mean=20.079454 frac_sat=0.996 neg_dist=30.3889 lang_grad0=5.1683 lang_gradK=5.2842 lang_disp=33.7710 step=0.4382 sigma=0.9046
[IRED-CL-DIAG step=10400] E_pos=19741.8027 E_neg=74258.2500 margin=54516.4473 E_wtd=0.045964 MSE=0.786040 gradE=8723.5723 pred=4.2596 cl_mean=0.919287 frac_sat=0.999 neg_dist=30.4974 lang_grad0=5.1263 lang_gradK=5.2567 lang_disp=33.9112 step=0.4491 sigma=0.9155
[IRED-CL-DIAG step=10500] E_pos=17263.7930 E_neg=71973.1172 margin=54709.3242 E_wtd=0.264382 MSE=0.785910 gradE=8700.7891 pred=4.2484 cl_mean=5.287636 frac_sat=0.998 neg_dist=30.2981 lang_grad0=5.2389 lang_gradK=5.3590 lang_disp=33.6785 step=0.4353 sigma=0.9012
[IRED-CL-DIAG step=10600] E_pos=17614.6660 E_neg=72472.9609 margin=54858.2949 E_wtd=0.086460 MSE=0.781920 gradE=8834.8945 pred=4.3139 cl_mean=1.729202 frac_sat=1.000 neg_dist=30.4540 lang_grad0=5.2752 lang_gradK=5.4044 lang_disp=33.8842 step=0.4488 sigma=0.9153
[IRED-CL-DIAG step=10700] E_pos=19445.1328 E_neg=74022.4219 margin=54577.2891 E_wtd=0.787647 MSE=0.781867 gradE=8906.3447 pred=4.3488 cl_mean=15.752947 frac_sat=0.997 neg_dist=30.5291 lang_grad0=5.2628 lang_gradK=5.4136 lang_disp=33.8938 step=0.4463 sigma=0.9134
[IRED-CL-DIAG step=10800] E_pos=14605.7666 E_neg=69107.5312 margin=54501.7646 E_wtd=0.460808 MSE=0.781397 gradE=8865.4873 pred=4.3289 cl_mean=9.216167 frac_sat=0.998 neg_dist=30.4458 lang_grad0=5.3991 lang_gradK=5.5004 lang_disp=33.9083 step=0.4497 sigma=0.9159
[IRED-CL-DIAG step=10900] E_pos=17611.6250 E_neg=71483.3125 margin=53871.6875 E_wtd=0.725588 MSE=0.776470 gradE=9012.5527 pred=4.4007 cl_mean=14.511755 frac_sat=0.998 neg_dist=30.4664 lang_grad0=4.5835 lang_gradK=5.5087 lang_disp=33.0011 step=0.4612 sigma=0.9271
[IRED-CL-DIAG step=11000] E_pos=17870.6543 E_neg=72897.5312 margin=55026.8770 E_wtd=0.299640 MSE=0.786004 gradE=8802.9688 pred=4.2983 cl_mean=5.992800 frac_sat=0.999 neg_dist=30.3427 lang_grad0=5.3041 lang_gradK=5.4036 lang_disp=33.6952 step=0.4412 sigma=0.9063
Running Evaluation...
Validation Result @ Iteration 11000; Milestone = 11 (Train)
---------  -------
mse_error  1.89093
---------  -------
Validation Result @ Iteration 11000; Milestone = 11 (ID: Validation)
---  -------
mse  1.72709
---  -------
[IRED-CL-DIAG step=11100] E_pos=17268.3945 E_neg=71972.3828 margin=54703.9883 E_wtd=0.886468 MSE=0.780095 gradE=8912.3594 pred=4.3517 cl_mean=17.729353 frac_sat=0.997 neg_dist=30.3728 lang_grad0=5.3677 lang_gradK=5.4811 lang_disp=33.7906 step=0.4431 sigma=0.9095
[IRED-CL-DIAG step=11200] E_pos=16652.8086 E_neg=72380.6094 margin=55727.8008 E_wtd=0.265177 MSE=0.781003 gradE=8878.3740 pred=4.3351 cl_mean=5.303533 frac_sat=0.998 neg_dist=30.3160 lang_grad0=5.3851 lang_gradK=5.4946 lang_disp=33.7266 step=0.4383 sigma=0.9048
[IRED-CL-DIAG step=11300] E_pos=17352.7090 E_neg=72727.6250 margin=55374.9160 E_wtd=0.007670 MSE=0.776993 gradE=8982.3398 pred=4.3859 cl_mean=0.153397 frac_sat=1.000 neg_dist=30.3868 lang_grad0=5.4164 lang_gradK=5.5226 lang_disp=33.8393 step=0.4420 sigma=0.9094
[IRED-CL-DIAG step=11400] E_pos=20422.4199 E_neg=75866.1875 margin=55443.7676 E_wtd=0.470997 MSE=0.772893 gradE=9005.1289 pred=4.3970 cl_mean=9.419933 frac_sat=0.997 neg_dist=30.4161 lang_grad0=5.3390 lang_gradK=5.4737 lang_disp=33.8098 step=0.4443 sigma=0.9112
[IRED-CL-DIAG step=11500] E_pos=17359.9570 E_neg=73775.5000 margin=56415.5430 E_wtd=0.069575 MSE=0.777769 gradE=8922.9512 pred=4.3569 cl_mean=1.391494 frac_sat=0.999 neg_dist=30.3157 lang_grad0=5.4068 lang_gradK=5.5206 lang_disp=33.7760 step=0.4430 sigma=0.9085
[IRED-CL-DIAG step=11600] E_pos=21045.4824 E_neg=77544.6406 margin=56499.1582 E_wtd=0.401220 MSE=0.778870 gradE=8979.7695 pred=4.3847 cl_mean=8.024403 frac_sat=0.999 neg_dist=30.3529 lang_grad0=5.2876 lang_gradK=5.4353 lang_disp=33.7823 step=0.4430 sigma=0.9091
[IRED-CL-DIAG step=11700] E_pos=19512.2344 E_neg=75103.6328 margin=55591.3984 E_wtd=0.000000 MSE=0.774732 gradE=9114.5234 pred=4.4505 cl_mean=0.000000 frac_sat=1.000 neg_dist=30.4115 lang_grad0=5.4426 lang_gradK=5.5601 lang_disp=33.8312 step=0.4467 sigma=0.9133
[IRED-CL-DIAG step=11800] E_pos=21496.3398 E_neg=78282.2031 margin=56785.8633 E_wtd=0.676071 MSE=0.776205 gradE=9112.4932 pred=4.4495 cl_mean=13.521429 frac_sat=0.998 neg_dist=30.3933 lang_grad0=5.3904 lang_gradK=5.5497 lang_disp=33.8138 step=0.4470 sigma=0.9129
[IRED-CL-DIAG step=11900] E_pos=23638.6562 E_neg=80007.5312 margin=56368.8750 E_wtd=0.158788 MSE=0.771506 gradE=9190.5430 pred=4.4876 cl_mean=3.175751 frac_sat=0.999 neg_dist=30.4227 lang_grad0=5.3394 lang_gradK=5.4951 lang_disp=33.9250 step=0.4494 sigma=0.9161
[IRED-CL-DIAG step=12000] E_pos=18826.4688 E_neg=75554.6875 margin=56728.2188 E_wtd=0.381556 MSE=0.771807 gradE=9175.4893 pred=4.4802 cl_mean=7.631117 frac_sat=0.999 neg_dist=30.3713 lang_grad0=5.5203 lang_gradK=5.6361 lang_disp=33.7917 step=0.4445 sigma=0.9112
Running Evaluation...
Validation Result @ Iteration 12000; Milestone = 12 (Train)
---------  -------
mse_error  1.86814
---------  -------
Validation Result @ Iteration 12000; Milestone = 12 (ID: Validation)
---  -------
mse  1.69715
---  -------
[IRED-CL-DIAG step=12100] E_pos=19181.3770 E_neg=76985.9375 margin=57804.5605 E_wtd=0.452980 MSE=0.776649 gradE=9013.2891 pred=4.4010 cl_mean=9.059591 frac_sat=0.999 neg_dist=30.2563 lang_grad0=5.4190 lang_gradK=5.5412 lang_disp=33.7121 step=0.4401 sigma=0.9053
[IRED-CL-DIAG step=12200] E_pos=18429.3125 E_neg=75951.7969 margin=57522.4844 E_wtd=0.228748 MSE=0.770408 gradE=9217.2461 pred=4.5006 cl_mean=4.574968 frac_sat=0.998 neg_dist=30.3987 lang_grad0=5.5592 lang_gradK=5.6699 lang_disp=33.8148 step=0.4462 sigma=0.9127
[IRED-CL-DIAG step=12300] E_pos=19677.7383 E_neg=77607.9062 margin=57930.1680 E_wtd=0.125530 MSE=0.772264 gradE=9144.1387 pred=4.4649 cl_mean=2.510607 frac_sat=0.999 neg_dist=30.3157 lang_grad0=5.4860 lang_gradK=5.6273 lang_disp=33.7120 step=0.4362 sigma=0.9035
[IRED-CL-DIAG step=12400] E_pos=19267.1465 E_neg=76361.5781 margin=57094.4316 E_wtd=0.460686 MSE=0.770052 gradE=9276.8955 pred=4.5297 cl_mean=9.213715 frac_sat=0.999 neg_dist=30.3829 lang_grad0=5.5515 lang_gradK=5.6910 lang_disp=33.7902 step=0.4445 sigma=0.9113
[IRED-CL-DIAG step=12500] E_pos=22504.1602 E_neg=80469.7109 margin=57965.5508 E_wtd=0.483528 MSE=0.772225 gradE=9211.6211 pred=4.4979 cl_mean=9.670553 frac_sat=0.996 neg_dist=30.3367 lang_grad0=5.4341 lang_gradK=5.5745 lang_disp=33.7894 step=0.4446 sigma=0.9108
[IRED-CL-DIAG step=12600] E_pos=22907.7832 E_neg=80351.7422 margin=57443.9590 E_wtd=1.488430 MSE=0.767784 gradE=9304.4521 pred=4.5432 cl_mean=29.768593 frac_sat=0.997 neg_dist=30.4146 lang_grad0=5.4985 lang_gradK=5.6383 lang_disp=33.8486 step=0.4465 sigma=0.9133
[IRED-CL-DIAG step=12700] E_pos=25894.8672 E_neg=83812.0000 margin=57917.1328 E_wtd=0.961712 MSE=0.771036 gradE=9245.6035 pred=4.5145 cl_mean=19.234245 frac_sat=0.997 neg_dist=30.3707 lang_grad0=5.3203 lang_gradK=5.5126 lang_disp=33.7214 step=0.4441 sigma=0.9098
[IRED-CL-DIAG step=12800] E_pos=24869.2227 E_neg=83824.2578 margin=58955.0352 E_wtd=0.475145 MSE=0.769253 gradE=9221.2578 pred=4.5026 cl_mean=9.502897 frac_sat=0.999 neg_dist=30.3107 lang_grad0=5.3612 lang_gradK=5.5325 lang_disp=33.7166 step=0.4406 sigma=0.9067
[IRED-CL-DIAG step=12900] E_pos=27419.8633 E_neg=85520.8594 margin=58100.9961 E_wtd=0.128140 MSE=0.769508 gradE=9245.3750 pred=4.5143 cl_mean=2.562794 frac_sat=0.999 neg_dist=30.1612 lang_grad0=4.6249 lang_gradK=5.5017 lang_disp=32.5040 step=0.4415 sigma=0.9077
[IRED-CL-DIAG step=13000] E_pos=22249.7617 E_neg=80665.8359 margin=58416.0742 E_wtd=0.154117 MSE=0.770102 gradE=9267.4150 pred=4.5251 cl_mean=3.082348 frac_sat=0.999 neg_dist=30.3632 lang_grad0=5.4948 lang_gradK=5.6372 lang_disp=33.7715 step=0.4462 sigma=0.9115
Running Evaluation...
Validation Result @ Iteration 13000; Milestone = 13 (Train)
---------  -------
mse_error  1.85058
---------  -------
Validation Result @ Iteration 13000; Milestone = 13 (ID: Validation)
---  -------
mse  1.65407
---  -------
[IRED-CL-DIAG step=13100] E_pos=22484.0547 E_neg=80035.1250 margin=57551.0703 E_wtd=0.618230 MSE=0.764695 gradE=9391.3809 pred=4.5856 cl_mean=12.364609 frac_sat=0.997 neg_dist=30.3936 lang_grad0=5.5427 lang_gradK=5.6906 lang_disp=33.8213 step=0.4500 sigma=0.9163
[IRED-CL-DIAG step=13200] E_pos=18956.9434 E_neg=76691.2969 margin=57734.3535 E_wtd=0.452825 MSE=0.762426 gradE=9490.8770 pred=4.6342 cl_mean=9.056499 frac_sat=0.998 neg_dist=30.3743 lang_grad0=5.7300 lang_gradK=5.8450 lang_disp=33.8307 step=0.4467 sigma=0.9144
[IRED-CL-DIAG step=13300] E_pos=20628.9473 E_neg=79419.3672 margin=58790.4199 E_wtd=0.489245 MSE=0.766630 gradE=9386.8965 pred=4.5834 cl_mean=9.784899 frac_sat=0.998 neg_dist=30.2829 lang_grad0=5.6415 lang_gradK=5.7599 lang_disp=33.7001 step=0.4383 sigma=0.9051
[IRED-CL-DIAG step=13400] E_pos=19129.6426 E_neg=77796.0781 margin=58666.4355 E_wtd=0.467301 MSE=0.767872 gradE=9340.2607 pred=4.5607 cl_mean=9.346022 frac_sat=0.998 neg_dist=30.2716 lang_grad0=5.6409 lang_gradK=5.7774 lang_disp=33.6847 step=0.4434 sigma=0.9085
[IRED-CL-DIAG step=13500] E_pos=17945.0391 E_neg=75937.7109 margin=57992.6719 E_wtd=0.138525 MSE=0.767089 gradE=9380.8721 pred=4.5805 cl_mean=2.770494 frac_sat=0.999 neg_dist=30.2801 lang_grad0=5.7218 lang_gradK=5.8275 lang_disp=33.7027 step=0.4428 sigma=0.9087
[IRED-CL-DIAG step=13600] E_pos=20353.1562 E_neg=78822.5312 margin=58469.3750 E_wtd=0.730728 MSE=0.766601 gradE=9376.2461 pred=4.5782 cl_mean=14.614559 frac_sat=0.999 neg_dist=30.2944 lang_grad0=5.6319 lang_gradK=5.7510 lang_disp=33.7989 step=0.4470 sigma=0.9128
[IRED-CL-DIAG step=13700] E_pos=20351.5156 E_neg=78640.4688 margin=58288.9531 E_wtd=0.981412 MSE=0.765570 gradE=9420.4824 pred=4.5998 cl_mean=19.628248 frac_sat=0.999 neg_dist=30.3241 lang_grad0=5.6489 lang_gradK=5.7840 lang_disp=33.7587 step=0.4478 sigma=0.9139
[IRED-CL-DIAG step=13800] E_pos=23331.4297 E_neg=82321.1016 margin=58989.6719 E_wtd=0.250500 MSE=0.765817 gradE=9364.4434 pred=4.5725 cl_mean=5.010004 frac_sat=0.999 neg_dist=30.2825 lang_grad0=5.5295 lang_gradK=5.6746 lang_disp=33.7218 step=0.4420 sigma=0.9080
[IRED-CL-DIAG step=13900] E_pos=24788.9629 E_neg=84865.0156 margin=60076.0527 E_wtd=0.317838 MSE=0.770588 gradE=9262.7373 pred=4.5228 cl_mean=6.356764 frac_sat=0.999 neg_dist=30.2502 lang_grad0=5.4157 lang_gradK=5.5843 lang_disp=33.6371 step=0.4353 sigma=0.9009
[IRED-CL-DIAG step=14000] E_pos=23795.2344 E_neg=83523.0312 margin=59727.7969 E_wtd=0.429173 MSE=0.769095 gradE=9251.0205 pred=4.5171 cl_mean=8.583464 frac_sat=0.997 neg_dist=30.2419 lang_grad0=5.4461 lang_gradK=5.6117 lang_disp=33.6910 step=0.4446 sigma=0.9091
Running Evaluation...
Validation Result @ Iteration 14000; Milestone = 14 (Train)
---------  -------
mse_error  1.83778
---------  -------
Validation Result @ Iteration 14000; Milestone = 14 (ID: Validation)
---  -----
mse  1.609
---  -----
[IRED-CL-DIAG step=14100] E_pos=23316.1797 E_neg=82900.4219 margin=59584.2422 E_wtd=0.414052 MSE=0.764327 gradE=9358.2598 pred=4.5695 cl_mean=8.281044 frac_sat=0.998 neg_dist=30.3072 lang_grad0=5.5441 lang_gradK=5.6869 lang_disp=33.7728 step=0.4460 sigma=0.9119
[IRED-CL-DIAG step=14200] E_pos=23089.7461 E_neg=81918.0703 margin=58828.3242 E_wtd=0.737098 MSE=0.763242 gradE=9416.4727 pred=4.5979 cl_mean=14.741955 frac_sat=0.997 neg_dist=30.3682 lang_grad0=5.5589 lang_gradK=5.6955 lang_disp=33.7789 step=0.4479 sigma=0.9140
[IRED-CL-DIAG step=14300] E_pos=24072.0391 E_neg=82618.8984 margin=58546.8594 E_wtd=0.506197 MSE=0.761955 gradE=9432.8340 pred=4.6059 cl_mean=10.123945 frac_sat=0.998 neg_dist=30.3691 lang_grad0=5.5517 lang_gradK=5.6984 lang_disp=33.7746 step=0.4468 sigma=0.9128
[IRED-CL-DIAG step=14400] E_pos=24353.7363 E_neg=83521.8281 margin=59168.0918 E_wtd=0.208869 MSE=0.765107 gradE=9371.8516 pred=4.5761 cl_mean=4.177380 frac_sat=1.000 neg_dist=30.3088 lang_grad0=5.4998 lang_gradK=5.6678 lang_disp=33.7355 step=0.4461 sigma=0.9113
[IRED-CL-DIAG step=14500] E_pos=25157.9062 E_neg=84701.7188 margin=59543.8125 E_wtd=0.295259 MSE=0.764970 gradE=9370.8301 pred=4.5756 cl_mean=5.905176 frac_sat=0.999 neg_dist=30.2698 lang_grad0=5.4773 lang_gradK=5.6714 lang_disp=33.7663 step=0.4403 sigma=0.9070
[IRED-CL-DIAG step=14600] E_pos=25738.4609 E_neg=86017.3750 margin=60278.9141 E_wtd=0.226728 MSE=0.770240 gradE=9242.0449 pred=4.5127 cl_mean=4.534557 frac_sat=0.999 neg_dist=30.2560 lang_grad0=5.3669 lang_gradK=5.5332 lang_disp=33.6715 step=0.4427 sigma=0.9069
[IRED-CL-DIAG step=14700] E_pos=25773.2422 E_neg=85966.7969 margin=60193.5547 E_wtd=0.162471 MSE=0.762880 gradE=9392.2412 pred=4.5861 cl_mean=3.249424 frac_sat=0.999 neg_dist=30.3052 lang_grad0=5.4893 lang_gradK=5.6478 lang_disp=33.7158 step=0.4402 sigma=0.9074
[IRED-CL-DIAG step=14800] E_pos=23567.9609 E_neg=82539.2656 margin=58971.3047 E_wtd=0.158714 MSE=0.764711 gradE=9402.4199 pred=4.5910 cl_mean=3.174286 frac_sat=0.998 neg_dist=30.3539 lang_grad0=5.5574 lang_gradK=5.7089 lang_disp=33.8240 step=0.4504 sigma=0.9160
[IRED-CL-DIAG step=14900] E_pos=23761.4375 E_neg=82654.6953 margin=58893.2578 E_wtd=0.921068 MSE=0.761572 gradE=9480.0264 pred=4.6289 cl_mean=18.421360 frac_sat=0.998 neg_dist=30.3706 lang_grad0=5.5977 lang_gradK=5.7598 lang_disp=33.8384 step=0.4472 sigma=0.9144
[IRED-CL-DIAG step=15000] E_pos=25640.3125 E_neg=84397.7812 margin=58757.4688 E_wtd=0.321385 MSE=0.760154 gradE=9571.2363 pred=4.6735 cl_mean=6.427696 frac_sat=0.999 neg_dist=30.4372 lang_grad0=5.5515 lang_gradK=5.7230 lang_disp=33.8956 step=0.4500 sigma=0.9174
Running Evaluation...
Validation Result @ Iteration 15000; Milestone = 15 (Train)
---------  -------
mse_error  1.83288
---------  -------
Validation Result @ Iteration 15000; Milestone = 15 (ID: Validation)
---  -------
mse  1.57078
---  -------
[IRED-CL-DIAG step=15100] E_pos=23696.3125 E_neg=83225.2109 margin=59528.8984 E_wtd=0.463966 MSE=0.764674 gradE=9404.0498 pred=4.5918 cl_mean=9.279314 frac_sat=0.998 neg_dist=30.3199 lang_grad0=5.5497 lang_gradK=5.6924 lang_disp=33.7534 step=0.4480 sigma=0.9131
[IRED-CL-DIAG step=15200] E_pos=22375.9844 E_neg=81101.5000 margin=58725.5156 E_wtd=0.115818 MSE=0.762271 gradE=9526.1797 pred=4.6515 cl_mean=2.316357 frac_sat=0.999 neg_dist=30.3738 lang_grad0=5.6809 lang_gradK=5.8197 lang_disp=33.8837 step=0.4532 sigma=0.9190
[IRED-CL-DIAG step=15300] E_pos=21677.7129 E_neg=81545.4844 margin=59867.7715 E_wtd=0.621829 MSE=0.761105 gradE=9466.7539 pred=4.6224 cl_mean=12.436581 frac_sat=0.996 neg_dist=30.3027 lang_grad0=5.6771 lang_gradK=5.8151 lang_disp=33.7440 step=0.4428 sigma=0.9093
[IRED-CL-DIAG step=15400] E_pos=23670.8672 E_neg=83419.8281 margin=59748.9609 E_wtd=0.382681 MSE=0.760189 gradE=9519.2930 pred=4.6481 cl_mean=7.653625 frac_sat=0.998 neg_dist=30.3237 lang_grad0=5.6288 lang_gradK=5.7892 lang_disp=33.7871 step=0.4417 sigma=0.9087
[IRED-CL-DIAG step=15500] E_pos=23741.4336 E_neg=82610.9844 margin=58869.5508 E_wtd=0.793749 MSE=0.759617 gradE=9600.9697 pred=4.6880 cl_mean=15.874987 frac_sat=0.998 neg_dist=30.2554 lang_grad0=4.8652 lang_gradK=5.8488 lang_disp=32.7277 step=0.4504 sigma=0.9176
[IRED-CL-DIAG step=15600] E_pos=21151.9297 E_neg=81663.0781 margin=60511.1484 E_wtd=0.543762 MSE=0.766591 gradE=9361.0889 pred=4.5708 cl_mean=10.875250 frac_sat=0.998 neg_dist=30.1481 lang_grad0=5.6827 lang_gradK=5.8151 lang_disp=33.5106 step=0.4300 sigma=0.8958
[IRED-CL-DIAG step=15700] E_pos=23365.0801 E_neg=82211.3750 margin=58846.2949 E_wtd=0.741919 MSE=0.759398 gradE=9614.1992 pred=4.6944 cl_mean=14.838379 frac_sat=0.997 neg_dist=30.4507 lang_grad0=5.6842 lang_gradK=5.8389 lang_disp=33.8867 step=0.4540 sigma=0.9201
[IRED-CL-DIAG step=15800] E_pos=23630.1992 E_neg=83753.5391 margin=60123.3398 E_wtd=0.023318 MSE=0.762527 gradE=9464.0430 pred=4.6211 cl_mean=0.466364 frac_sat=1.000 neg_dist=30.3439 lang_grad0=5.6033 lang_gradK=5.7513 lang_disp=33.7738 step=0.4528 sigma=0.9174
[IRED-CL-DIAG step=15900] E_pos=21260.7383 E_neg=80757.0391 margin=59496.3008 E_wtd=0.372667 MSE=0.757949 gradE=9565.0762 pred=4.6704 cl_mean=7.453346 frac_sat=0.998 neg_dist=30.2955 lang_grad0=5.7469 lang_gradK=5.8878 lang_disp=33.7875 step=0.4482 sigma=0.9144
[IRED-CL-DIAG step=16000] E_pos=20512.9785 E_neg=79408.4062 margin=58895.4277 E_wtd=0.904813 MSE=0.758467 gradE=9594.5098 pred=4.6848 cl_mean=18.096252 frac_sat=0.997 neg_dist=30.3268 lang_grad0=5.7954 lang_gradK=5.9031 lang_disp=33.8067 step=0.4479 sigma=0.9147
Running Evaluation...
Validation Result @ Iteration 16000; Milestone = 16 (Train)
---------  -------
mse_error  1.82411
---------  -------
Validation Result @ Iteration 16000; Milestone = 16 (ID: Validation)
---  -------
mse  1.54659
---  -------
[IRED-CL-DIAG step=16100] E_pos=20971.9688 E_neg=80398.8594 margin=59426.8906 E_wtd=0.476548 MSE=0.762836 gradE=9498.6953 pred=4.6380 cl_mean=9.530962 frac_sat=0.998 neg_dist=30.1184 lang_grad0=4.8524 lang_gradK=5.8592 lang_disp=32.5328 step=0.4458 sigma=0.9108
[IRED-CL-DIAG step=16200] E_pos=22111.2559 E_neg=80890.5234 margin=58779.2676 E_wtd=0.083108 MSE=0.756377 gradE=9679.1895 pred=4.7262 cl_mean=1.662155 frac_sat=1.000 neg_dist=30.4098 lang_grad0=5.7777 lang_gradK=5.9080 lang_disp=33.9387 step=0.4543 sigma=0.9209
[IRED-CL-DIAG step=16300] E_pos=21032.8223 E_neg=80393.1562 margin=59360.3340 E_wtd=0.319608 MSE=0.763916 gradE=9520.0859 pred=4.6485 cl_mean=6.392160 frac_sat=0.998 neg_dist=30.3014 lang_grad0=5.7338 lang_gradK=5.8756 lang_disp=33.7137 step=0.4479 sigma=0.9131
[IRED-CL-DIAG step=16400] E_pos=20365.3984 E_neg=81060.5234 margin=60695.1250 E_wtd=0.296712 MSE=0.761428 gradE=9486.8506 pred=4.6323 cl_mean=5.934240 frac_sat=1.000 neg_dist=30.2044 lang_grad0=5.7491 lang_gradK=5.8639 lang_disp=33.6521 step=0.4384 sigma=0.9042
[IRED-CL-DIAG step=16500] E_pos=20230.9609 E_neg=80296.2344 margin=60065.2734 E_wtd=0.780186 MSE=0.764552 gradE=9501.3799 pred=4.6393 cl_mean=15.603712 frac_sat=0.997 neg_dist=30.2093 lang_grad0=5.7630 lang_gradK=5.8951 lang_disp=33.5840 step=0.4392 sigma=0.9050
[IRED-CL-DIAG step=16600] E_pos=22377.3262 E_neg=82119.1484 margin=59741.8223 E_wtd=0.787823 MSE=0.761373 gradE=9556.9229 pred=4.6665 cl_mean=15.756451 frac_sat=0.998 neg_dist=30.3328 lang_grad0=5.7004 lang_gradK=5.8463 lang_disp=33.7827 step=0.4480 sigma=0.9139
[IRED-CL-DIAG step=16700] E_pos=21074.7793 E_neg=81586.0469 margin=60511.2676 E_wtd=0.016621 MSE=0.760627 gradE=9517.2148 pred=4.6471 cl_mean=0.332417 frac_sat=1.000 neg_dist=30.2670 lang_grad0=5.7479 lang_gradK=5.8783 lang_disp=33.6823 step=0.4417 sigma=0.9075
[IRED-CL-DIAG step=16800] E_pos=21504.7754 E_neg=81070.9219 margin=59566.1465 E_wtd=1.214521 MSE=0.757850 gradE=9629.4004 pred=4.7019 cl_mean=24.290419 frac_sat=0.997 neg_dist=30.3596 lang_grad0=5.7806 lang_gradK=5.9147 lang_disp=33.7806 step=0.4473 sigma=0.9141
[IRED-CL-DIAG step=16900] E_pos=21610.4648 E_neg=80830.3438 margin=59219.8789 E_wtd=0.828760 MSE=0.755855 gradE=9672.4912 pred=4.7229 cl_mean=16.575193 frac_sat=0.997 neg_dist=30.4123 lang_grad0=5.8012 lang_gradK=5.9141 lang_disp=33.8325 step=0.4524 sigma=0.9183
[IRED-CL-DIAG step=17000] E_pos=20705.5645 E_neg=80576.1406 margin=59870.5762 E_wtd=0.746471 MSE=0.757878 gradE=9620.9062 pred=4.6977 cl_mean=14.929417 frac_sat=0.998 neg_dist=30.3514 lang_grad0=5.8082 lang_gradK=5.9278 lang_disp=33.7586 step=0.4486 sigma=0.9147
Running Evaluation...
Validation Result @ Iteration 17000; Milestone = 17 (Train)
---------  -------
mse_error  1.81577
---------  -------
Validation Result @ Iteration 17000; Milestone = 17 (ID: Validation)
---  -------
mse  1.52998
---  -------
[IRED-CL-DIAG step=17100] E_pos=18451.9141 E_neg=78930.5469 margin=60478.6328 E_wtd=0.113362 MSE=0.763310 gradE=9524.7969 pred=4.6508 cl_mean=2.267239 frac_sat=1.000 neg_dist=30.1582 lang_grad0=5.8467 lang_gradK=5.9501 lang_disp=33.5418 step=0.4330 sigma=0.8991
[IRED-CL-DIAG step=17200] E_pos=20078.5156 E_neg=79497.2344 margin=59418.7188 E_wtd=0.393485 MSE=0.755041 gradE=9731.0820 pred=4.7515 cl_mean=7.869694 frac_sat=0.998 neg_dist=30.2081 lang_grad0=5.0029 lang_gradK=6.0151 lang_disp=32.6798 step=0.4484 sigma=0.9159
[IRED-CL-DIAG step=17300] E_pos=20383.7773 E_neg=79965.2344 margin=59581.4570 E_wtd=0.583048 MSE=0.759368 gradE=9663.8564 pred=4.7187 cl_mean=11.660970 frac_sat=0.999 neg_dist=30.1697 lang_grad0=4.9410 lang_gradK=5.9844 lang_disp=32.5656 step=0.4451 sigma=0.9118
[IRED-CL-DIAG step=17400] E_pos=20855.6133 E_neg=80244.3594 margin=59388.7461 E_wtd=0.624963 MSE=0.755610 gradE=9698.0947 pred=4.7354 cl_mean=12.499268 frac_sat=0.998 neg_dist=30.3568 lang_grad0=5.8558 lang_gradK=5.9744 lang_disp=33.7804 step=0.4473 sigma=0.9140
[IRED-CL-DIAG step=17500] E_pos=18744.9883 E_neg=78785.6641 margin=60040.6758 E_wtd=0.213143 MSE=0.757776 gradE=9664.9756 pred=4.7192 cl_mean=4.262866 frac_sat=0.998 neg_dist=30.3357 lang_grad0=5.8929 lang_gradK=5.9968 lang_disp=33.7745 step=0.4501 sigma=0.9161
[IRED-CL-DIAG step=17600] E_pos=17467.9219 E_neg=78260.7109 margin=60792.7891 E_wtd=0.246706 MSE=0.759462 gradE=9580.4531 pred=4.6780 cl_mean=4.934118 frac_sat=0.998 neg_dist=30.2179 lang_grad0=5.9126 lang_gradK=6.0109 lang_disp=33.7135 step=0.4451 sigma=0.9107
[IRED-CL-DIAG step=17700] E_pos=19051.8984 E_neg=78886.6406 margin=59834.7422 E_wtd=1.518870 MSE=0.758893 gradE=9661.3086 pred=4.7174 cl_mean=30.377396 frac_sat=0.997 neg_dist=30.2393 lang_grad0=5.9061 lang_gradK=6.0220 lang_disp=33.6856 step=0.4411 sigma=0.9078
[IRED-CL-DIAG step=17800] E_pos=20404.1055 E_neg=80510.5234 margin=60106.4180 E_wtd=0.000000 MSE=0.759995 gradE=9652.1152 pred=4.7129 cl_mean=0.000000 frac_sat=1.000 neg_dist=30.3141 lang_grad0=5.8529 lang_gradK=5.9630 lang_disp=33.7493 step=0.4460 sigma=0.9118
[IRED-CL-DIAG step=17900] E_pos=21504.3535 E_neg=81221.6562 margin=59717.3027 E_wtd=0.613042 MSE=0.755885 gradE=9685.0449 pred=4.7290 cl_mean=12.260847 frac_sat=0.998 neg_dist=30.3158 lang_grad0=5.8314 lang_gradK=5.9498 lang_disp=33.7385 step=0.4485 sigma=0.9145
[IRED-CL-DIAG step=18000] E_pos=20810.3750 E_neg=80522.7969 margin=59712.4219 E_wtd=0.936162 MSE=0.756345 gradE=9651.5322 pred=4.7127 cl_mean=18.723246 frac_sat=0.996 neg_dist=30.1515 lang_grad0=4.9463 lang_gradK=5.9811 lang_disp=32.6636 step=0.4508 sigma=0.9159
Running Evaluation...
Validation Result @ Iteration 18000; Milestone = 18 (Train)
---------  -------
mse_error  1.81958
---------  -------
Validation Result @ Iteration 18000; Milestone = 18 (ID: Validation)
---  -------
mse  1.52575
---  -------
[IRED-CL-DIAG step=18100] E_pos=20429.5430 E_neg=81448.2812 margin=61018.7383 E_wtd=0.244487 MSE=0.760160 gradE=9571.5176 pred=4.6736 cl_mean=4.889744 frac_sat=0.999 neg_dist=30.2064 lang_grad0=5.7776 lang_gradK=5.9119 lang_disp=33.6854 step=0.4423 sigma=0.9077
[IRED-CL-DIAG step=18200] E_pos=20334.4688 E_neg=80879.9609 margin=60545.4922 E_wtd=0.263662 MSE=0.757355 gradE=9616.2676 pred=4.6954 cl_mean=5.273245 frac_sat=0.999 neg_dist=30.2005 lang_grad0=5.8559 lang_gradK=5.9877 lang_disp=33.6330 step=0.4371 sigma=0.9039
[IRED-CL-DIAG step=18300] E_pos=22657.2969 E_neg=82567.4375 margin=59910.1406 E_wtd=0.755709 MSE=0.755850 gradE=9745.0176 pred=4.7583 cl_mean=15.114170 frac_sat=0.997 neg_dist=30.3649 lang_grad0=5.8177 lang_gradK=5.9405 lang_disp=33.8277 step=0.4522 sigma=0.9185
[IRED-CL-DIAG step=18400] E_pos=23031.9102 E_neg=83115.8359 margin=60083.9258 E_wtd=0.298042 MSE=0.757011 gradE=9687.9961 pred=4.7305 cl_mean=5.960831 frac_sat=0.999 neg_dist=30.3031 lang_grad0=5.7801 lang_gradK=5.9212 lang_disp=33.7153 step=0.4427 sigma=0.9096
[IRED-CL-DIAG step=18500] E_pos=21924.1953 E_neg=82901.1250 margin=60976.9297 E_wtd=0.244992 MSE=0.758844 gradE=9600.2480 pred=4.6876 cl_mean=4.899837 frac_sat=0.999 neg_dist=30.0668 lang_grad0=4.9167 lang_gradK=5.9263 lang_disp=32.4897 step=0.4429 sigma=0.9089
[IRED-CL-DIAG step=18600] E_pos=22018.7188 E_neg=82643.3281 margin=60624.6094 E_wtd=0.727331 MSE=0.757774 gradE=9622.5986 pred=4.6985 cl_mean=14.546616 frac_sat=0.997 neg_dist=30.0659 lang_grad0=4.9329 lang_gradK=5.9326 lang_disp=32.4210 step=0.4397 sigma=0.9062
[IRED-CL-DIAG step=18700] E_pos=23109.4453 E_neg=83576.4531 margin=60467.0078 E_wtd=0.412198 MSE=0.757308 gradE=9605.1797 pred=4.6900 cl_mean=8.243952 frac_sat=0.997 neg_dist=30.2781 lang_grad0=5.7531 lang_gradK=5.8895 lang_disp=33.6939 step=0.4445 sigma=0.9105
[IRED-CL-DIAG step=18800] E_pos=22118.3750 E_neg=82867.9219 margin=60749.5469 E_wtd=0.352303 MSE=0.761734 gradE=9539.3418 pred=4.6579 cl_mean=7.046059 frac_sat=1.000 neg_dist=30.1926 lang_grad0=5.7670 lang_gradK=5.8852 lang_disp=33.6840 step=0.4408 sigma=0.9060
[IRED-CL-DIAG step=18900] E_pos=23232.0586 E_neg=84226.5625 margin=60994.5039 E_wtd=0.767609 MSE=0.756872 gradE=9663.8457 pred=4.7187 cl_mean=15.352177 frac_sat=0.999 neg_dist=30.2961 lang_grad0=5.7676 lang_gradK=5.8986 lang_disp=33.7304 step=0.4445 sigma=0.9109
[IRED-CL-DIAG step=19000] E_pos=24377.6816 E_neg=84476.1953 margin=60098.5137 E_wtd=0.675784 MSE=0.754555 gradE=9731.3740 pred=4.7516 cl_mean=13.515678 frac_sat=0.999 neg_dist=30.3603 lang_grad0=5.7459 lang_gradK=5.9184 lang_disp=33.7371 step=0.4456 sigma=0.9125
Running Evaluation...
Validation Result @ Iteration 19000; Milestone = 19 (Train)
---------  -------
mse_error  1.81525
---------  -------
Validation Result @ Iteration 19000; Milestone = 19 (ID: Validation)
---  -------
mse  1.51912
---  -------
[IRED-CL-DIAG step=19100] E_pos=22568.7617 E_neg=83970.5156 margin=61401.7539 E_wtd=0.849248 MSE=0.756883 gradE=9635.8672 pred=4.7050 cl_mean=16.984964 frac_sat=0.998 neg_dist=30.2553 lang_grad0=5.7844 lang_gradK=5.9139 lang_disp=33.6756 step=0.4404 sigma=0.9073
[IRED-CL-DIAG step=19200] E_pos=23204.0371 E_neg=83609.6094 margin=60405.5723 E_wtd=0.922336 MSE=0.758688 gradE=9659.9717 pred=4.7168 cl_mean=18.446720 frac_sat=0.998 neg_dist=30.2780 lang_grad0=5.7908 lang_gradK=5.9138 lang_disp=33.6764 step=0.4376 sigma=0.9046
[IRED-CL-DIAG step=19300] E_pos=21022.6426 E_neg=81970.6328 margin=60947.9902 E_wtd=0.000000 MSE=0.759384 gradE=9583.8896 pred=4.6796 cl_mean=0.000000 frac_sat=1.000 neg_dist=30.1293 lang_grad0=5.8141 lang_gradK=5.9361 lang_disp=33.4730 step=0.4319 sigma=0.8983
[IRED-CL-DIAG step=19400] E_pos=23686.2734 E_neg=83431.5469 margin=59745.2734 E_wtd=0.687139 MSE=0.753550 gradE=9755.5752 pred=4.7635 cl_mean=13.742786 frac_sat=0.997 neg_dist=30.3565 lang_grad0=5.8024 lang_gradK=5.9555 lang_disp=33.7803 step=0.4488 sigma=0.9154
[IRED-CL-DIAG step=19500] E_pos=22751.4062 E_neg=82372.1016 margin=59620.6953 E_wtd=0.338291 MSE=0.755862 gradE=9736.2031 pred=4.7540 cl_mean=6.765812 frac_sat=0.999 neg_dist=30.3775 lang_grad0=5.8002 lang_gradK=5.9434 lang_disp=33.8807 step=0.4534 sigma=0.9192
[IRED-CL-DIAG step=19600] E_pos=22119.4453 E_neg=82495.3516 margin=60375.9062 E_wtd=0.790638 MSE=0.753911 gradE=9721.8906 pred=4.7470 cl_mean=15.812754 frac_sat=0.998 neg_dist=30.2864 lang_grad0=5.8507 lang_gradK=5.9763 lang_disp=33.7311 step=0.4433 sigma=0.9104
[IRED-CL-DIAG step=19700] E_pos=22803.1211 E_neg=83476.7266 margin=60673.6055 E_wtd=0.610610 MSE=0.754994 gradE=9703.9023 pred=4.7382 cl_mean=12.212210 frac_sat=0.999 neg_dist=30.2572 lang_grad0=5.8310 lang_gradK=5.9516 lang_disp=33.7027 step=0.4425 sigma=0.9096
[IRED-CL-DIAG step=19800] E_pos=20697.9336 E_neg=81469.4375 margin=60771.5039 E_wtd=0.506865 MSE=0.759160 gradE=9530.6055 pred=4.6536 cl_mean=10.137302 frac_sat=0.998 neg_dist=30.1816 lang_grad0=5.8081 lang_gradK=5.9405 lang_disp=33.6050 step=0.4426 sigma=0.9073
[IRED-CL-DIAG step=19900] E_pos=21503.9375 E_neg=81991.6172 margin=60487.6797 E_wtd=0.655045 MSE=0.757588 gradE=9691.7100 pred=4.7323 cl_mean=13.100893 frac_sat=0.998 neg_dist=30.2769 lang_grad0=5.8289 lang_gradK=5.9621 lang_disp=33.7592 step=0.4439 sigma=0.9103
[IRED-CL-DIAG step=20000] E_pos=20522.5469 E_neg=81839.6641 margin=61317.1172 E_wtd=0.781948 MSE=0.759040 gradE=9577.0801 pred=4.6763 cl_mean=15.638958 frac_sat=0.997 neg_dist=30.1870 lang_grad0=5.8258 lang_gradK=5.9631 lang_disp=33.6071 step=0.4369 sigma=0.9027
Running Evaluation...
Validation Result @ Iteration 20000; Milestone = 20 (Train)
---------  -------
mse_error  1.81135
---------  -------
Validation Result @ Iteration 20000; Milestone = 20 (ID: Validation)
---  -------
mse  1.51588
---  -------
training complete
Training completed!
Results saved to: results/ds_inverse/q209_scalar_cl_warmup/results.json
Experiment completed at Thu Feb 19 10:18:18 EST 2026
Copying results to persistent storage...
sending incremental file list
./
ds_inverse/
ds_inverse/q209_scalar_cl_warmup/
ds_inverse/q209_scalar_cl_warmup/experiment_config.json
ds_inverse/q209_scalar_cl_warmup/model-1.pt
ds_inverse/q209_scalar_cl_warmup/model-10.pt
ds_inverse/q209_scalar_cl_warmup/model-11.pt
ds_inverse/q209_scalar_cl_warmup/model-12.pt
ds_inverse/q209_scalar_cl_warmup/model-13.pt
ds_inverse/q209_scalar_cl_warmup/model-14.pt
ds_inverse/q209_scalar_cl_warmup/model-15.pt
ds_inverse/q209_scalar_cl_warmup/model-16.pt
ds_inverse/q209_scalar_cl_warmup/model-17.pt
ds_inverse/q209_scalar_cl_warmup/model-18.pt
ds_inverse/q209_scalar_cl_warmup/model-19.pt
ds_inverse/q209_scalar_cl_warmup/model-2.pt
ds_inverse/q209_scalar_cl_warmup/model-20.pt
ds_inverse/q209_scalar_cl_warmup/model-3.pt
ds_inverse/q209_scalar_cl_warmup/model-4.pt
ds_inverse/q209_scalar_cl_warmup/model-5.pt
ds_inverse/q209_scalar_cl_warmup/model-6.pt
ds_inverse/q209_scalar_cl_warmup/model-7.pt
ds_inverse/q209_scalar_cl_warmup/model-8.pt
ds_inverse/q209_scalar_cl_warmup/model-9.pt
ds_inverse/q209_scalar_cl_warmup/results.json

sent 428,374,421 bytes  received 449 bytes  77,886,340.00 bytes/sec
total size is 428,268,354  speedup is 1.00
Results copied to /n/home03/mkrasnow/research-repo/projects/ired/results/
Cleaning up work directory...
