Job started at Thu Feb 26 15:43:08 EST 2026
Running on host: holygpu8a25305.rc.fas.harvard.edu
Job ID: 62475833, Array Task ID: 0
Config: projects/ired/configs/q234_recovery_2step.json
Git URL: https://github.com/mdkrasnow/research-repo.git
Git SHA: 9c7f2b3fe199659cea4cc4e411f56a6a9f8e4bb7
Work directory: /tmp/ired-job-62475833
GPU info:
Thu Feb 26 15:43:09 2026       
+-----------------------------------------------------------------------------------------+
| NVIDIA-SMI 575.57.08              Driver Version: 575.57.08      CUDA Version: 12.9     |
|-----------------------------------------+------------------------+----------------------+
| GPU  Name                 Persistence-M | Bus-Id          Disp.A | Volatile Uncorr. ECC |
| Fan  Temp   Perf          Pwr:Usage/Cap |           Memory-Usage | GPU-Util  Compute M. |
|                                         |                        |               MIG M. |
|=========================================+========================+======================|
|   0  NVIDIA A100-SXM4-80GB          On  |   00000000:4B:00.0 Off |                    0 |
| N/A   27C    P0             60W /  500W |       0MiB /  81920MiB |      0%      Default |
|                                         |                        |             Disabled |
+-----------------------------------------+------------------------+----------------------+
                                                                                         
+-----------------------------------------------------------------------------------------+
| Processes:                                                                              |
|  GPU   GI   CI              PID   Type   Process name                        GPU Memory |
|        ID   ID                                                               Usage      |
|=========================================================================================|
|  No running processes found                                                             |
+-----------------------------------------------------------------------------------------+
Cloning repository...
Repository cloned and checked out to: 9c7f2b3
Starting 10K-step probe with config: projects/ired/configs/q234_recovery_2step.json
Loading configuration from: projects/ired/configs/q234_recovery_2step.json
Configuration saved to: projects/ired/results/ds_inverse/q234_recovery_2step/experiment_config.json
Setting random seed: 0
Starting experiment with mining strategy: tam
Configuration: {
  "experiment_name": "q234_recovery_2step",
  "description": "q232 base + recovery_steps=2. Tests deeper trajectory consistency.",
  "investigation": "ired-pgd",
  "ablation_stage": "tam_ctl_v2_recovery_depth",
  "mining_strategy": "tam",
  "tam_anchor_step": 2,
  "pgd_delta": 1.5,
  "pgd_step_size": 0.5,
  "mining_opt_steps": 3,
  "use_recovery_loss": true,
  "recovery_steps": 2,
  "recovery_loss_weight": 0.1,
  "recovery_target": "implied_noise",
  "use_recovery_rank_loss": true,
  "recovery_rank_margin": 0.1,
  "recovery_rank_weight": 0.2,
  "use_gradient_contrastive": false,
  "energy_loss_weight": 0.0,
  "use_scalar_energy": true,
  "rank": 20,
  "ood": false,
  "diffusion_steps": 10,
  "batch_size": 2048,
  "train_steps": 10000,
  "learning_rate": 0.0001,
  "adam_betas": [
    0.0,
    0.999
  ],
  "output_dir": "projects/ired/results/ds_inverse/q234_recovery_2step",
  "notes": "q232 + recovery_steps=2. Single variable change: deeper recovery trajectory.",
  "seed": 0
}
Dataset: Inverse matrices (20x20)
Input dimension: 400, Output dimension: 400
Trainer initialized. Output directory: projects/ired/results/ds_inverse/q234_recovery_2step
Training for 10000 steps...
[LOSS-DIAG step=100] mse=0.999259 energy_raw=0.695495 energy_wtd=0.000000 rec=0.109598 total=1.108857
[TAM-CTL-DIAG step=100] mse_pos=0.999908 mse_neg=0.999907 mse_rec=0.999907 neg_vs_rec=0.000000 rec_gain=0.0000 rec_dist=0.0000 pgd_radius=0.0000 anchor_dist=1.8908 dist_rec_pos=1.8908 eps_gap_rel=0.1047 cos_rec=-0.1495 rank_raw=0.100000
[LOSS-DIAG step=200] mse=1.002301 energy_raw=0.891563 energy_wtd=0.000000 rec=0.044246 total=1.046546
[TAM-CTL-DIAG step=200] mse_pos=0.998231 mse_neg=0.998231 mse_rec=0.998231 neg_vs_rec=0.000000 rec_gain=0.0000 rec_dist=0.0001 pgd_radius=0.0001 anchor_dist=12.0861 dist_rec_pos=12.0862 eps_gap_rel=0.8172 cos_rec=-0.1898 rank_raw=0.100001
[LOSS-DIAG step=300] mse=0.998160 energy_raw=4.360787 energy_wtd=0.000000 rec=0.115903 total=1.114063
[TAM-CTL-DIAG step=300] mse_pos=1.000477 mse_neg=1.000151 mse_rec=1.000151 neg_vs_rec=-0.000000 rec_gain=-0.0000 rec_dist=0.0159 pgd_radius=0.0205 anchor_dist=0.9374 dist_rec_pos=0.9496 eps_gap_rel=0.0522 cos_rec=-0.2099 rank_raw=0.099619
[LOSS-DIAG step=400] mse=0.988664 energy_raw=2201.538574 energy_wtd=0.000000 rec=0.039657 total=1.028321
[TAM-CTL-DIAG step=400] mse_pos=1.001488 mse_neg=0.998314 mse_rec=0.998296 neg_vs_rec=0.000018 rec_gain=0.0000 rec_dist=0.3532 pgd_radius=0.8707 anchor_dist=9.6168 dist_rec_pos=10.2646 eps_gap_rel=0.6972 cos_rec=-0.1397 rank_raw=0.096878
[LOSS-DIAG step=500] mse=0.881932 energy_raw=25188.132812 energy_wtd=0.000000 rec=0.070563 total=0.952495
[TAM-CTL-DIAG step=500] mse_pos=1.026446 mse_neg=0.949535 mse_rec=0.962090 neg_vs_rec=-0.012555 rec_gain=-0.0132 rec_dist=1.6884 pgd_radius=1.4999 anchor_dist=5.6224 dist_rec_pos=7.7015 eps_gap_rel=0.5226 cos_rec=-0.5097 rank_raw=0.107620
[LOSS-DIAG step=600] mse=0.743254 energy_raw=62760.207031 energy_wtd=0.000000 rec=0.074560 total=0.817814
[TAM-CTL-DIAG step=600] mse_pos=1.129285 mse_neg=0.945586 mse_rec=0.960809 neg_vs_rec=-0.015223 rec_gain=-0.0161 rec_dist=1.1928 pgd_radius=1.5000 anchor_dist=5.8385 dist_rec_pos=7.8598 eps_gap_rel=0.5415 cos_rec=-0.6333 rank_raw=0.103727
[LOSS-DIAG step=700] mse=0.652148 energy_raw=102406.484375 energy_wtd=0.000000 rec=0.032516 total=0.684664
[TAM-CTL-DIAG step=700] mse_pos=1.254728 mse_neg=1.150777 mse_rec=1.049301 neg_vs_rec=0.101476 rec_gain=0.0882 rec_dist=1.4743 pgd_radius=1.5000 anchor_dist=13.9916 dist_rec_pos=14.0206 eps_gap_rel=1.0474 cos_rec=0.7048 rank_raw=0.085613
[LOSS-DIAG step=800] mse=0.568272 energy_raw=144584.031250 energy_wtd=0.000000 rec=0.074400 total=0.642672
[TAM-CTL-DIAG step=800] mse_pos=1.385878 mse_neg=0.895360 mse_rec=0.926453 neg_vs_rec=-0.031094 rec_gain=-0.0347 rec_dist=2.2957 pgd_radius=1.5000 anchor_dist=7.9415 dist_rec_pos=10.4652 eps_gap_rel=0.7365 cos_rec=-0.4811 rank_raw=0.133550
[LOSS-DIAG step=900] mse=0.503093 energy_raw=169760.031250 energy_wtd=0.000000 rec=0.070815 total=0.573908
[TAM-CTL-DIAG step=900] mse_pos=1.453088 mse_neg=0.888464 mse_rec=0.917480 neg_vs_rec=-0.029017 rec_gain=-0.0327 rec_dist=2.6312 pgd_radius=1.5000 anchor_dist=8.5262 dist_rec_pos=11.1529 eps_gap_rel=0.7966 cos_rec=-0.4420 rank_raw=0.142711
[LOSS-DIAG step=1000] mse=0.455006 energy_raw=189313.656250 energy_wtd=0.000000 rec=0.061934 total=0.516940
[TAM-CTL-DIAG step=1000] mse_pos=1.497506 mse_neg=0.894724 mse_rec=0.914140 neg_vs_rec=-0.019416 rec_gain=-0.0217 rec_dist=2.6264 pgd_radius=1.5000 anchor_dist=8.9310 dist_rec_pos=11.4017 eps_gap_rel=0.8267 cos_rec=-0.3706 rank_raw=0.132456
Running Evaluation...
Validation Result @ Iteration 1000; Milestone = 1 (Train)
---------  -------
mse_error  2.74521
---------  -------
Validation Result @ Iteration 1000; Milestone = 1 (ID: Validation)
---  -------
mse  2.74496
---  -------
[LOSS-DIAG step=1100] mse=0.412834 energy_raw=212448.000000 energy_wtd=0.000000 rec=0.054185 total=0.467019
[TAM-CTL-DIAG step=1100] mse_pos=1.537665 mse_neg=0.944091 mse_rec=0.932832 neg_vs_rec=0.011260 rec_gain=0.0119 rec_dist=2.4553 pgd_radius=1.5000 anchor_dist=9.7995 dist_rec_pos=11.9459 eps_gap_rel=0.8640 cos_rec=-0.2705 rank_raw=0.128999
[LOSS-DIAG step=1200] mse=0.384124 energy_raw=230752.031250 energy_wtd=0.000000 rec=0.047728 total=0.431852
[TAM-CTL-DIAG step=1200] mse_pos=1.592280 mse_neg=0.997058 mse_rec=0.952767 neg_vs_rec=0.044291 rec_gain=0.0444 rec_dist=2.1481 pgd_radius=1.5000 anchor_dist=10.4678 dist_rec_pos=12.2609 eps_gap_rel=0.8985 cos_rec=-0.1620 rank_raw=0.126533
[LOSS-DIAG step=1300] mse=0.354595 energy_raw=237547.062500 energy_wtd=0.000000 rec=0.048000 total=0.402596
[TAM-CTL-DIAG step=1300] mse_pos=1.630739 mse_neg=0.953809 mse_rec=0.935383 neg_vs_rec=0.018425 rec_gain=0.0193 rec_dist=2.3525 pgd_radius=1.5000 anchor_dist=10.0838 dist_rec_pos=12.0573 eps_gap_rel=0.8856 cos_rec=-0.1998 rank_raw=0.116491
[LOSS-DIAG step=1400] mse=0.317664 energy_raw=261016.125000 energy_wtd=0.000000 rec=0.039333 total=0.356997
[TAM-CTL-DIAG step=1400] mse_pos=1.676859 mse_neg=1.020559 mse_rec=0.961374 neg_vs_rec=0.059184 rec_gain=0.0580 rec_dist=2.0168 pgd_radius=1.5000 anchor_dist=11.2483 dist_rec_pos=12.8687 eps_gap_rel=0.9137 cos_rec=-0.0814 rank_raw=0.112282
[LOSS-DIAG step=1500] mse=0.308555 energy_raw=262575.625000 energy_wtd=0.000000 rec=0.035664 total=0.344219
[TAM-CTL-DIAG step=1500] mse_pos=1.682394 mse_neg=1.109406 mse_rec=0.993777 neg_vs_rec=0.115629 rec_gain=0.1042 rec_dist=1.6297 pgd_radius=1.5000 anchor_dist=12.0197 dist_rec_pos=13.1786 eps_gap_rel=0.9641 cos_rec=0.1490 rank_raw=0.115388
[LOSS-DIAG step=1600] mse=0.284311 energy_raw=273642.875000 energy_wtd=0.000000 rec=0.036879 total=0.321190
[TAM-CTL-DIAG step=1600] mse_pos=1.710318 mse_neg=1.045838 mse_rec=0.969996 neg_vs_rec=0.075841 rec_gain=0.0725 rec_dist=1.8914 pgd_radius=1.5000 anchor_dist=11.5222 dist_rec_pos=12.9840 eps_gap_rel=0.9331 cos_rec=-0.0088 rank_raw=0.109365
[LOSS-DIAG step=1700] mse=0.270667 energy_raw=271835.625000 energy_wtd=0.000000 rec=0.027514 total=0.298181
[TAM-CTL-DIAG step=1700] mse_pos=1.721520 mse_neg=1.313081 mse_rec=1.026996 neg_vs_rec=0.286084 rec_gain=0.2179 rec_dist=1.4862 pgd_radius=1.5000 anchor_dist=13.9432 dist_rec_pos=13.9626 eps_gap_rel=1.0494 cos_rec=0.8832 rank_raw=0.084510
[LOSS-DIAG step=1800] mse=0.252383 energy_raw=285987.062500 energy_wtd=0.000000 rec=0.031510 total=0.283893
[TAM-CTL-DIAG step=1800] mse_pos=1.740229 mse_neg=1.147156 mse_rec=1.003433 neg_vs_rec=0.143723 rec_gain=0.1253 rec_dist=1.5187 pgd_radius=1.5000 anchor_dist=12.4615 dist_rec_pos=13.4613 eps_gap_rel=0.9763 cos_rec=0.2720 rank_raw=0.107812
[LOSS-DIAG step=1900] mse=0.238866 energy_raw=276088.218750 energy_wtd=0.000000 rec=0.034917 total=0.273783
[TAM-CTL-DIAG step=1900] mse_pos=1.741194 mse_neg=1.033796 mse_rec=0.972914 neg_vs_rec=0.060882 rec_gain=0.0589 rec_dist=1.9427 pgd_radius=1.5000 anchor_dist=11.1796 dist_rec_pos=12.7003 eps_gap_rel=0.9446 cos_rec=-0.0036 rank_raw=0.101661
[LOSS-DIAG step=2000] mse=0.223705 energy_raw=283765.093750 energy_wtd=0.000000 rec=0.026738 total=0.250444
[TAM-CTL-DIAG step=2000] mse_pos=1.759181 mse_neg=1.341341 mse_rec=1.025413 neg_vs_rec=0.315929 rec_gain=0.2355 rec_dist=1.4881 pgd_radius=1.5000 anchor_dist=13.9016 dist_rec_pos=13.9184 eps_gap_rel=1.0474 cos_rec=0.9032 rank_raw=0.085168
Running Evaluation...
Validation Result @ Iteration 2000; Milestone = 2 (Train)
---------  -------
mse_error  1.31717
---------  -------
Validation Result @ Iteration 2000; Milestone = 2 (ID: Validation)
---  ------
mse  1.3151
---  ------
[LOSS-DIAG step=2100] mse=0.209042 energy_raw=292121.500000 energy_wtd=0.000000 rec=0.032261 total=0.241303
[TAM-CTL-DIAG step=2100] mse_pos=1.781050 mse_neg=1.067382 mse_rec=0.987417 neg_vs_rec=0.079965 rec_gain=0.0749 rec_dist=1.9063 pgd_radius=1.5000 anchor_dist=11.7477 dist_rec_pos=13.1590 eps_gap_rel=0.9581 cos_rec=0.0679 rank_raw=0.099149
[LOSS-DIAG step=2200] mse=0.194041 energy_raw=306473.250000 energy_wtd=0.000000 rec=0.025132 total=0.219173
[TAM-CTL-DIAG step=2200] mse_pos=1.813694 mse_neg=1.355984 mse_rec=1.021797 neg_vs_rec=0.334187 rec_gain=0.2465 rec_dist=1.4884 pgd_radius=1.5000 anchor_dist=14.1606 dist_rec_pos=14.1773 eps_gap_rel=1.0424 cos_rec=0.9167 rank_raw=0.086181
[LOSS-DIAG step=2300] mse=0.189825 energy_raw=305474.343750 energy_wtd=0.000000 rec=0.031057 total=0.220882
[TAM-CTL-DIAG step=2300] mse_pos=1.821972 mse_neg=1.112873 mse_rec=0.997913 neg_vs_rec=0.114960 rec_gain=0.1033 rec_dist=1.8204 pgd_radius=1.5000 anchor_dist=12.0137 dist_rec_pos=13.2480 eps_gap_rel=0.9701 cos_rec=0.1609 rank_raw=0.098324
[LOSS-DIAG step=2400] mse=0.184187 energy_raw=296810.843750 energy_wtd=0.000000 rec=0.030194 total=0.214381
[TAM-CTL-DIAG step=2400] mse_pos=1.796840 mse_neg=1.095287 mse_rec=1.002630 neg_vs_rec=0.092657 rec_gain=0.0846 rec_dist=1.8128 pgd_radius=1.5000 anchor_dist=11.8697 dist_rec_pos=13.2101 eps_gap_rel=0.9743 cos_rec=0.1252 rank_raw=0.097082
[LOSS-DIAG step=2500] mse=0.175718 energy_raw=305899.875000 energy_wtd=0.000000 rec=0.028340 total=0.204058
[TAM-CTL-DIAG step=2500] mse_pos=1.819375 mse_neg=1.235013 mse_rec=1.020696 neg_vs_rec=0.214317 rec_gain=0.1735 rec_dist=1.4418 pgd_radius=1.5000 anchor_dist=12.7717 dist_rec_pos=13.5121 eps_gap_rel=1.0000 cos_rec=0.4864 rank_raw=0.101505
[LOSS-DIAG step=2600] mse=0.168899 energy_raw=294991.250000 energy_wtd=0.000000 rec=0.028741 total=0.197641
[TAM-CTL-DIAG step=2600] mse_pos=1.789813 mse_neg=1.053125 mse_rec=1.007588 neg_vs_rec=0.045537 rec_gain=0.0432 rec_dist=1.8124 pgd_radius=1.5000 anchor_dist=11.8705 dist_rec_pos=13.4290 eps_gap_rel=0.9784 cos_rec=0.0303 rank_raw=0.095407
[LOSS-DIAG step=2700] mse=0.165832 energy_raw=302429.718750 energy_wtd=0.000000 rec=0.025804 total=0.191636
[TAM-CTL-DIAG step=2700] mse_pos=1.815526 mse_neg=1.390510 mse_rec=1.024253 neg_vs_rec=0.366257 rec_gain=0.2634 rec_dist=1.4897 pgd_radius=1.5000 anchor_dist=13.8759 dist_rec_pos=13.8901 eps_gap_rel=1.0482 cos_rec=0.9317 rank_raw=0.085487
[LOSS-DIAG step=2800] mse=0.158950 energy_raw=304926.375000 energy_wtd=0.000000 rec=0.028245 total=0.187194
[TAM-CTL-DIAG step=2800] mse_pos=1.805844 mse_neg=1.162722 mse_rec=1.024748 neg_vs_rec=0.137974 rec_gain=0.1187 rec_dist=1.5703 pgd_radius=1.5000 anchor_dist=12.5142 dist_rec_pos=13.6171 eps_gap_rel=0.9928 cos_rec=0.2445 rank_raw=0.098116
[LOSS-DIAG step=2900] mse=0.155501 energy_raw=317039.812500 energy_wtd=0.000000 rec=0.028466 total=0.183967
[TAM-CTL-DIAG step=2900] mse_pos=1.879388 mse_neg=1.188167 mse_rec=1.028994 neg_vs_rec=0.159173 rec_gain=0.1340 rec_dist=1.7012 pgd_radius=1.5000 anchor_dist=12.2438 dist_rec_pos=13.2998 eps_gap_rel=0.9937 cos_rec=0.2854 rank_raw=0.095456
[LOSS-DIAG step=3000] mse=0.144817 energy_raw=317355.625000 energy_wtd=0.000000 rec=0.027588 total=0.172404
[TAM-CTL-DIAG step=3000] mse_pos=1.860275 mse_neg=1.153966 mse_rec=1.029952 neg_vs_rec=0.124014 rec_gain=0.1075 rec_dist=1.7252 pgd_radius=1.5000 anchor_dist=12.3833 dist_rec_pos=13.6005 eps_gap_rel=0.9951 cos_rec=0.2142 rank_raw=0.094120
Running Evaluation...
Validation Result @ Iteration 3000; Milestone = 3 (Train)
---------  --------
mse_error  0.876894
---------  --------
Validation Result @ Iteration 3000; Milestone = 3 (ID: Validation)
---  --------
mse  0.876021
---  --------
[LOSS-DIAG step=3100] mse=0.142465 energy_raw=304926.562500 energy_wtd=0.000000 rec=0.027778 total=0.170244
[TAM-CTL-DIAG step=3100] mse_pos=1.815689 mse_neg=1.071960 mse_rec=1.026452 neg_vs_rec=0.045509 rec_gain=0.0425 rec_dist=1.7411 pgd_radius=1.5000 anchor_dist=12.0917 dist_rec_pos=13.6506 eps_gap_rel=0.9961 cos_rec=0.0558 rank_raw=0.095372
[LOSS-DIAG step=3200] mse=0.140934 energy_raw=312414.468750 energy_wtd=0.000000 rec=0.028555 total=0.169489
[TAM-CTL-DIAG step=3200] mse_pos=1.849020 mse_neg=1.135640 mse_rec=1.031453 neg_vs_rec=0.104187 rec_gain=0.0917 rec_dist=1.7202 pgd_radius=1.5000 anchor_dist=12.2550 dist_rec_pos=13.5696 eps_gap_rel=1.0032 cos_rec=0.1669 rank_raw=0.096623
[LOSS-DIAG step=3300] mse=0.134200 energy_raw=324448.437500 energy_wtd=0.000000 rec=0.028208 total=0.162408
[TAM-CTL-DIAG step=3300] mse_pos=1.863604 mse_neg=1.230987 mse_rec=1.045908 neg_vs_rec=0.185079 rec_gain=0.1503 rec_dist=1.5777 pgd_radius=1.5000 anchor_dist=13.0593 dist_rec_pos=13.9970 eps_gap_rel=1.0098 cos_rec=0.3367 rank_raw=0.098630
[LOSS-DIAG step=3400] mse=0.129768 energy_raw=314883.437500 energy_wtd=0.000000 rec=0.025820 total=0.155588
[TAM-CTL-DIAG step=3400] mse_pos=1.840762 mse_neg=1.281511 mse_rec=1.047744 neg_vs_rec=0.233768 rec_gain=0.1824 rec_dist=1.3516 pgd_radius=1.5000 anchor_dist=13.3369 dist_rec_pos=14.0172 eps_gap_rel=1.0136 cos_rec=0.5595 rank_raw=0.097551
[LOSS-DIAG step=3500] mse=0.128788 energy_raw=343300.125000 energy_wtd=0.000000 rec=0.025642 total=0.154430
[TAM-CTL-DIAG step=3500] mse_pos=1.922328 mse_neg=1.340171 mse_rec=1.054151 neg_vs_rec=0.286020 rec_gain=0.2134 rec_dist=1.4243 pgd_radius=1.5000 anchor_dist=13.4240 dist_rec_pos=13.9436 eps_gap_rel=1.0184 cos_rec=0.6515 rank_raw=0.095641
[LOSS-DIAG step=3600] mse=0.126347 energy_raw=309958.250000 energy_wtd=0.000000 rec=0.026539 total=0.152886
[TAM-CTL-DIAG step=3600] mse_pos=1.829669 mse_neg=1.264097 mse_rec=1.040590 neg_vs_rec=0.223507 rec_gain=0.1768 rec_dist=1.3195 pgd_radius=1.5000 anchor_dist=13.1883 dist_rec_pos=13.8997 eps_gap_rel=1.0168 cos_rec=0.5401 rank_raw=0.099356
[LOSS-DIAG step=3700] mse=0.123777 energy_raw=303417.312500 energy_wtd=0.000000 rec=0.026913 total=0.150690
[TAM-CTL-DIAG step=3700] mse_pos=1.821993 mse_neg=1.048397 mse_rec=1.027855 neg_vs_rec=0.020542 rec_gain=0.0196 rec_dist=1.6787 pgd_radius=1.5000 anchor_dist=12.1576 dist_rec_pos=13.8107 eps_gap_rel=1.0038 cos_rec=0.0022 rank_raw=0.096575
[LOSS-DIAG step=3800] mse=0.116177 energy_raw=315693.062500 energy_wtd=0.000000 rec=0.026177 total=0.142354
[TAM-CTL-DIAG step=3800] mse_pos=1.859581 mse_neg=1.132998 mse_rec=1.046353 neg_vs_rec=0.086645 rec_gain=0.0765 rec_dist=1.6661 pgd_radius=1.5000 anchor_dist=12.4000 dist_rec_pos=13.8019 eps_gap_rel=1.0099 cos_rec=0.1474 rank_raw=0.093768
[LOSS-DIAG step=3900] mse=0.119114 energy_raw=308895.375000 energy_wtd=0.000000 rec=0.026130 total=0.145244
[TAM-CTL-DIAG step=3900] mse_pos=1.827611 mse_neg=1.248975 mse_rec=1.039122 neg_vs_rec=0.209852 rec_gain=0.1680 rec_dist=1.2774 pgd_radius=1.5000 anchor_dist=13.1647 dist_rec_pos=13.9138 eps_gap_rel=1.0170 cos_rec=0.5257 rank_raw=0.099302
[LOSS-DIAG step=4000] mse=0.113353 energy_raw=319662.906250 energy_wtd=0.000000 rec=0.026582 total=0.139935
[TAM-CTL-DIAG step=4000] mse_pos=1.869078 mse_neg=1.140100 mse_rec=1.045792 neg_vs_rec=0.094308 rec_gain=0.0827 rec_dist=1.6274 pgd_radius=1.5000 anchor_dist=12.4745 dist_rec_pos=13.8288 eps_gap_rel=1.0138 cos_rec=0.1533 rank_raw=0.095366
Running Evaluation...
Validation Result @ Iteration 4000; Milestone = 4 (Train)
---------  --------
mse_error  0.600586
---------  --------
Validation Result @ Iteration 4000; Milestone = 4 (ID: Validation)
---  --------
mse  0.597659
---  --------
[LOSS-DIAG step=4100] mse=0.106514 energy_raw=320215.125000 energy_wtd=0.000000 rec=0.025995 total=0.132509
[TAM-CTL-DIAG step=4100] mse_pos=1.881706 mse_neg=1.176908 mse_rec=1.058878 neg_vs_rec=0.118031 rec_gain=0.1003 rec_dist=1.6198 pgd_radius=1.5000 anchor_dist=12.4438 dist_rec_pos=13.7226 eps_gap_rel=1.0174 cos_rec=0.2125 rank_raw=0.093519
[LOSS-DIAG step=4200] mse=0.107469 energy_raw=318074.906250 energy_wtd=0.000000 rec=0.026065 total=0.133534
[TAM-CTL-DIAG step=4200] mse_pos=1.868245 mse_neg=1.146240 mse_rec=1.056349 neg_vs_rec=0.089892 rec_gain=0.0784 rec_dist=1.7171 pgd_radius=1.5000 anchor_dist=12.4448 dist_rec_pos=13.8374 eps_gap_rel=1.0182 cos_rec=0.1494 rank_raw=0.093450
[LOSS-DIAG step=4300] mse=0.100962 energy_raw=330730.062500 energy_wtd=0.000000 rec=0.025363 total=0.126325
[TAM-CTL-DIAG step=4300] mse_pos=1.888905 mse_neg=1.201142 mse_rec=1.067812 neg_vs_rec=0.133331 rec_gain=0.1110 rec_dist=1.7205 pgd_radius=1.5000 anchor_dist=12.8552 dist_rec_pos=14.0805 eps_gap_rel=1.0196 cos_rec=0.2231 rank_raw=0.091800
[LOSS-DIAG step=4400] mse=0.103274 energy_raw=336924.750000 energy_wtd=0.000000 rec=0.025376 total=0.128650
[TAM-CTL-DIAG step=4400] mse_pos=1.928123 mse_neg=1.271101 mse_rec=1.068099 neg_vs_rec=0.203003 rec_gain=0.1597 rec_dist=1.7057 pgd_radius=1.5000 anchor_dist=12.9666 dist_rec_pos=13.9281 eps_gap_rel=1.0217 cos_rec=0.3354 rank_raw=0.091012
[LOSS-DIAG step=4500] mse=0.103616 energy_raw=312081.437500 energy_wtd=0.000000 rec=0.025773 total=0.129389
[TAM-CTL-DIAG step=4500] mse_pos=1.853588 mse_neg=1.092932 mse_rec=1.049942 neg_vs_rec=0.042989 rec_gain=0.0393 rec_dist=1.6678 pgd_radius=1.5000 anchor_dist=12.2036 dist_rec_pos=13.7987 eps_gap_rel=1.0180 cos_rec=0.0598 rank_raw=0.093889
[LOSS-DIAG step=4600] mse=0.098554 energy_raw=332399.531250 energy_wtd=0.000000 rec=0.024577 total=0.123132
[TAM-CTL-DIAG step=4600] mse_pos=1.917909 mse_neg=1.476911 mse_rec=1.035059 neg_vs_rec=0.441852 rec_gain=0.2992 rec_dist=1.4923 pgd_radius=1.5000 anchor_dist=13.9463 dist_rec_pos=13.9536 eps_gap_rel=1.0455 cos_rec=0.9584 rank_raw=0.084673
[LOSS-DIAG step=4700] mse=0.098510 energy_raw=339479.812500 energy_wtd=0.000000 rec=0.025773 total=0.124283
[TAM-CTL-DIAG step=4700] mse_pos=1.923482 mse_neg=1.269651 mse_rec=1.084469 neg_vs_rec=0.185181 rec_gain=0.1459 rec_dist=1.5904 pgd_radius=1.5000 anchor_dist=13.0289 dist_rec_pos=14.0775 eps_gap_rel=1.0283 cos_rec=0.3046 rank_raw=0.091983
[LOSS-DIAG step=4800] mse=0.093490 energy_raw=335967.500000 energy_wtd=0.000000 rec=0.024970 total=0.118460
[TAM-CTL-DIAG step=4800] mse_pos=1.918364 mse_neg=1.326363 mse_rec=1.076703 neg_vs_rec=0.249660 rec_gain=0.1882 rec_dist=1.4280 pgd_radius=1.5000 anchor_dist=13.2092 dist_rec_pos=13.9758 eps_gap_rel=1.0261 cos_rec=0.4504 rank_raw=0.092367
[LOSS-DIAG step=4900] mse=0.094689 energy_raw=339714.812500 energy_wtd=0.000000 rec=0.024653 total=0.119342
[TAM-CTL-DIAG step=4900] mse_pos=1.922514 mse_neg=1.433209 mse_rec=1.072952 neg_vs_rec=0.360257 rec_gain=0.2514 rec_dist=1.5147 pgd_radius=1.5000 anchor_dist=13.7997 dist_rec_pos=14.1337 eps_gap_rel=1.0306 cos_rec=0.7360 rank_raw=0.092217
[LOSS-DIAG step=5000] mse=0.093600 energy_raw=323559.593750 energy_wtd=0.000000 rec=0.024572 total=0.118173
[TAM-CTL-DIAG step=5000] mse_pos=1.877844 mse_neg=1.457326 mse_rec=1.031637 neg_vs_rec=0.425689 rec_gain=0.2921 rec_dist=1.4917 pgd_radius=1.5000 anchor_dist=14.2014 dist_rec_pos=14.2084 eps_gap_rel=1.0441 cos_rec=0.9606 rank_raw=0.085552
Running Evaluation...
Validation Result @ Iteration 5000; Milestone = 5 (Train)
---------  --------
mse_error  0.363139
---------  --------
Validation Result @ Iteration 5000; Milestone = 5 (ID: Validation)
---  --------
mse  0.364031
---  --------
[LOSS-DIAG step=5100] mse=0.094557 energy_raw=320931.343750 energy_wtd=0.000000 rec=0.025431 total=0.119988
[TAM-CTL-DIAG step=5100] mse_pos=1.872597 mse_neg=1.146762 mse_rec=1.069439 neg_vs_rec=0.077322 rec_gain=0.0674 rec_dist=1.6147 pgd_radius=1.5000 anchor_dist=12.4979 dist_rec_pos=13.9676 eps_gap_rel=1.0265 cos_rec=0.1247 rank_raw=0.092624
[LOSS-DIAG step=5200] mse=0.087933 energy_raw=337486.750000 energy_wtd=0.000000 rec=0.024588 total=0.112521
[TAM-CTL-DIAG step=5200] mse_pos=1.923110 mse_neg=1.266169 mse_rec=1.085542 neg_vs_rec=0.180627 rec_gain=0.1427 rec_dist=1.4752 pgd_radius=1.5000 anchor_dist=12.9932 dist_rec_pos=14.0726 eps_gap_rel=1.0290 cos_rec=0.2996 rank_raw=0.090850
[LOSS-DIAG step=5300] mse=0.093488 energy_raw=322332.468750 energy_wtd=0.000000 rec=0.025810 total=0.119298
[TAM-CTL-DIAG step=5300] mse_pos=1.870853 mse_neg=1.228729 mse_rec=1.076533 neg_vs_rec=0.152196 rec_gain=0.1239 rec_dist=1.3675 pgd_radius=1.5000 anchor_dist=12.9268 dist_rec_pos=14.0481 eps_gap_rel=1.0301 cos_rec=0.2670 rank_raw=0.095402
[LOSS-DIAG step=5400] mse=0.090895 energy_raw=317520.375000 energy_wtd=0.000000 rec=0.025106 total=0.116001
[TAM-CTL-DIAG step=5400] mse_pos=1.862488 mse_neg=1.105376 mse_rec=1.063232 neg_vs_rec=0.042144 rec_gain=0.0381 rec_dist=1.5696 pgd_radius=1.5000 anchor_dist=12.4620 dist_rec_pos=14.0566 eps_gap_rel=1.0258 cos_rec=0.0600 rank_raw=0.093234
[LOSS-DIAG step=5500] mse=0.094076 energy_raw=353280.812500 energy_wtd=0.000000 rec=0.024795 total=0.118871
[TAM-CTL-DIAG step=5500] mse_pos=1.983866 mse_neg=1.374225 mse_rec=1.117158 neg_vs_rec=0.257067 rec_gain=0.1871 rec_dist=1.4971 pgd_radius=1.5000 anchor_dist=13.3469 dist_rec_pos=14.1791 eps_gap_rel=1.0381 cos_rec=0.4174 rank_raw=0.089115
[LOSS-DIAG step=5600] mse=0.089203 energy_raw=341167.750000 energy_wtd=0.000000 rec=0.025006 total=0.114209
[TAM-CTL-DIAG step=5600] mse_pos=1.939475 mse_neg=1.259173 mse_rec=1.092990 neg_vs_rec=0.166184 rec_gain=0.1320 rec_dist=1.5107 pgd_radius=1.5000 anchor_dist=12.9410 dist_rec_pos=14.1129 eps_gap_rel=1.0349 cos_rec=0.2689 rank_raw=0.090324
[LOSS-DIAG step=5700] mse=0.089969 energy_raw=345771.750000 energy_wtd=0.000000 rec=0.024856 total=0.114825
[TAM-CTL-DIAG step=5700] mse_pos=1.956782 mse_neg=1.320196 mse_rec=1.107342 neg_vs_rec=0.212854 rec_gain=0.1612 rec_dist=1.4376 pgd_radius=1.5000 anchor_dist=13.0670 dist_rec_pos=14.0619 eps_gap_rel=1.0376 cos_rec=0.3471 rank_raw=0.090224
[LOSS-DIAG step=5800] mse=0.083023 energy_raw=325791.500000 energy_wtd=0.000000 rec=0.024631 total=0.107654
[TAM-CTL-DIAG step=5800] mse_pos=1.879829 mse_neg=1.111599 mse_rec=1.063391 neg_vs_rec=0.048208 rec_gain=0.0434 rec_dist=1.5581 pgd_radius=1.5000 anchor_dist=12.7236 dist_rec_pos=14.2811 eps_gap_rel=1.0257 cos_rec=0.0705 rank_raw=0.093278
[LOSS-DIAG step=5900] mse=0.085021 energy_raw=332786.250000 energy_wtd=0.000000 rec=0.025005 total=0.110025
[TAM-CTL-DIAG step=5900] mse_pos=1.906056 mse_neg=1.203423 mse_rec=1.086871 neg_vs_rec=0.116552 rec_gain=0.0969 rec_dist=1.5381 pgd_radius=1.5000 anchor_dist=12.8666 dist_rec_pos=14.1931 eps_gap_rel=1.0330 cos_rec=0.1911 rank_raw=0.091974
[LOSS-DIAG step=6000] mse=0.088366 energy_raw=323158.406250 energy_wtd=0.000000 rec=0.025330 total=0.113696
[TAM-CTL-DIAG step=6000] mse_pos=1.888411 mse_neg=1.464451 mse_rec=1.037455 neg_vs_rec=0.426995 rec_gain=0.2916 rec_dist=1.4881 pgd_radius=1.5000 anchor_dist=14.0763 dist_rec_pos=14.0836 eps_gap_rel=1.0469 cos_rec=0.9612 rank_raw=0.085314
Running Evaluation...
Validation Result @ Iteration 6000; Milestone = 6 (Train)
---------  --------
mse_error  0.157288
---------  --------
Validation Result @ Iteration 6000; Milestone = 6 (ID: Validation)
---  --------
mse  0.155908
---  --------
[LOSS-DIAG step=6100] mse=0.081197 energy_raw=345764.625000 energy_wtd=0.000000 rec=0.024484 total=0.105681
[TAM-CTL-DIAG step=6100] mse_pos=1.944903 mse_neg=1.284206 mse_rec=1.105338 neg_vs_rec=0.178869 rec_gain=0.1393 rec_dist=1.4403 pgd_radius=1.5000 anchor_dist=13.1229 dist_rec_pos=14.2522 eps_gap_rel=1.0381 cos_rec=0.2860 rank_raw=0.089967
[LOSS-DIAG step=6200] mse=0.078509 energy_raw=329391.593750 energy_wtd=0.000000 rec=0.024246 total=0.102755
[TAM-CTL-DIAG step=6200] mse_pos=1.895175 mse_neg=1.154114 mse_rec=1.085593 neg_vs_rec=0.068522 rec_gain=0.0594 rec_dist=1.5326 pgd_radius=1.5000 anchor_dist=12.7001 dist_rec_pos=14.2241 eps_gap_rel=1.0329 cos_rec=0.1151 rank_raw=0.090549
[LOSS-DIAG step=6300] mse=0.080023 energy_raw=318531.687500 energy_wtd=0.000000 rec=0.024585 total=0.104608
[TAM-CTL-DIAG step=6300] mse_pos=1.884443 mse_neg=1.481162 mse_rec=1.037012 neg_vs_rec=0.444150 rec_gain=0.2999 rec_dist=1.4875 pgd_radius=1.5000 anchor_dist=13.9886 dist_rec_pos=13.9951 eps_gap_rel=1.0453 cos_rec=0.9608 rank_raw=0.085519
[LOSS-DIAG step=6400] mse=0.075412 energy_raw=333243.937500 energy_wtd=0.000000 rec=0.023863 total=0.099275
[TAM-CTL-DIAG step=6400] mse_pos=1.905528 mse_neg=1.172849 mse_rec=1.094219 neg_vs_rec=0.078630 rec_gain=0.0670 rec_dist=1.5352 pgd_radius=1.5000 anchor_dist=12.9311 dist_rec_pos=14.4124 eps_gap_rel=1.0327 cos_rec=0.1312 rank_raw=0.089782
[LOSS-DIAG step=6500] mse=0.076508 energy_raw=337720.500000 energy_wtd=0.000000 rec=0.024065 total=0.100573
[TAM-CTL-DIAG step=6500] mse_pos=1.923573 mse_neg=1.224939 mse_rec=1.098606 neg_vs_rec=0.126333 rec_gain=0.1031 rec_dist=1.4889 pgd_radius=1.5000 anchor_dist=12.8737 dist_rec_pos=14.2061 eps_gap_rel=1.0353 cos_rec=0.1909 rank_raw=0.088968
[LOSS-DIAG step=6600] mse=0.079730 energy_raw=355256.281250 energy_wtd=0.000000 rec=0.023903 total=0.103633
[TAM-CTL-DIAG step=6600] mse_pos=1.979701 mse_neg=1.396676 mse_rec=1.125361 neg_vs_rec=0.271315 rec_gain=0.1943 rec_dist=1.4031 pgd_radius=1.5000 anchor_dist=13.5062 dist_rec_pos=14.3288 eps_gap_rel=1.0413 cos_rec=0.4243 rank_raw=0.087356
[LOSS-DIAG step=6700] mse=0.077274 energy_raw=356971.250000 energy_wtd=0.000000 rec=0.023567 total=0.100841
[TAM-CTL-DIAG step=6700] mse_pos=1.979702 mse_neg=1.368873 mse_rec=1.129676 neg_vs_rec=0.239197 rec_gain=0.1747 rec_dist=1.4467 pgd_radius=1.5000 anchor_dist=13.4979 dist_rec_pos=14.4509 eps_gap_rel=1.0401 cos_rec=0.3636 rank_raw=0.086540
[LOSS-DIAG step=6800] mse=0.078258 energy_raw=355091.593750 energy_wtd=0.000000 rec=0.024014 total=0.102272
[TAM-CTL-DIAG step=6800] mse_pos=1.971349 mse_neg=1.338512 mse_rec=1.115445 neg_vs_rec=0.223067 rec_gain=0.1667 rec_dist=1.4559 pgd_radius=1.5000 anchor_dist=13.3073 dist_rec_pos=14.3257 eps_gap_rel=1.0397 cos_rec=0.3405 rank_raw=0.087179
[LOSS-DIAG step=6900] mse=0.077768 energy_raw=317746.687500 energy_wtd=0.000000 rec=0.024265 total=0.102033
[TAM-CTL-DIAG step=6900] mse_pos=1.876724 mse_neg=1.104295 mse_rec=1.065173 neg_vs_rec=0.039123 rec_gain=0.0354 rec_dist=1.5621 pgd_radius=1.5000 anchor_dist=12.3680 dist_rec_pos=14.0015 eps_gap_rel=1.0294 cos_rec=0.0646 rank_raw=0.091661
[LOSS-DIAG step=7000] mse=0.073513 energy_raw=337279.406250 energy_wtd=0.000000 rec=0.023688 total=0.097201
[TAM-CTL-DIAG step=7000] mse_pos=1.922484 mse_neg=1.196933 mse_rec=1.090301 neg_vs_rec=0.106632 rec_gain=0.0891 rec_dist=1.5236 pgd_radius=1.5000 anchor_dist=12.7750 dist_rec_pos=14.1991 eps_gap_rel=1.0338 cos_rec=0.1608 rank_raw=0.088141
Running Evaluation...
Validation Result @ Iteration 7000; Milestone = 7 (Train)
---------  ---------
mse_error  0.0635839
---------  ---------
Validation Result @ Iteration 7000; Milestone = 7 (ID: Validation)
---  ---------
mse  0.0629663
---  ---------
[LOSS-DIAG step=7100] mse=0.079816 energy_raw=323512.156250 energy_wtd=0.000000 rec=0.024731 total=0.104547
[TAM-CTL-DIAG step=7100] mse_pos=1.879074 mse_neg=1.131432 mse_rec=1.077046 neg_vs_rec=0.054386 rec_gain=0.0481 rec_dist=1.5348 pgd_radius=1.5000 anchor_dist=12.6524 dist_rec_pos=14.2116 eps_gap_rel=1.0341 cos_rec=0.0888 rank_raw=0.092218
[LOSS-DIAG step=7200] mse=0.076744 energy_raw=355756.187500 energy_wtd=0.000000 rec=0.023320 total=0.100064
[TAM-CTL-DIAG step=7200] mse_pos=1.974185 mse_neg=1.574961 mse_rec=1.110529 neg_vs_rec=0.464432 rec_gain=0.2949 rec_dist=1.5808 pgd_radius=1.5000 anchor_dist=14.2336 dist_rec_pos=14.3598 eps_gap_rel=1.0420 cos_rec=0.8023 rank_raw=0.085758
[LOSS-DIAG step=7300] mse=0.076069 energy_raw=358278.968750 energy_wtd=0.000000 rec=0.023286 total=0.099355
[TAM-CTL-DIAG step=7300] mse_pos=1.997228 mse_neg=1.383833 mse_rec=1.123305 neg_vs_rec=0.260528 rec_gain=0.1883 rec_dist=1.4630 pgd_radius=1.5000 anchor_dist=13.4270 dist_rec_pos=14.3348 eps_gap_rel=1.0397 cos_rec=0.3936 rank_raw=0.085216
[LOSS-DIAG step=7400] mse=0.073912 energy_raw=335338.750000 energy_wtd=0.000000 rec=0.024395 total=0.098307
[TAM-CTL-DIAG step=7400] mse_pos=1.899222 mse_neg=1.280360 mse_rec=1.100258 neg_vs_rec=0.180102 rec_gain=0.1407 rec_dist=1.3417 pgd_radius=1.5000 anchor_dist=13.3524 dist_rec_pos=14.4107 eps_gap_rel=1.0375 cos_rec=0.3104 rank_raw=0.091839
[LOSS-DIAG step=7500] mse=0.073692 energy_raw=335230.250000 energy_wtd=0.000000 rec=0.024233 total=0.097926
[TAM-CTL-DIAG step=7500] mse_pos=1.905382 mse_neg=1.439497 mse_rec=1.091747 neg_vs_rec=0.347751 rec_gain=0.2416 rec_dist=1.3682 pgd_radius=1.5000 anchor_dist=13.9758 dist_rec_pos=14.4005 eps_gap_rel=1.0389 cos_rec=0.7166 rank_raw=0.091976
[LOSS-DIAG step=7600] mse=0.075264 energy_raw=322791.437500 energy_wtd=0.000000 rec=0.024246 total=0.099511
[TAM-CTL-DIAG step=7600] mse_pos=1.888970 mse_neg=1.104046 mse_rec=1.066194 neg_vs_rec=0.037852 rec_gain=0.0343 rec_dist=1.5739 pgd_radius=1.5000 anchor_dist=12.4585 dist_rec_pos=14.0937 eps_gap_rel=1.0310 cos_rec=0.0548 rank_raw=0.091728
[LOSS-DIAG step=7700] mse=0.073963 energy_raw=318489.062500 energy_wtd=0.000000 rec=0.024065 total=0.098029
[TAM-CTL-DIAG step=7700] mse_pos=1.876435 mse_neg=1.065441 mse_rec=1.056565 neg_vs_rec=0.008876 rec_gain=0.0083 rec_dist=1.5538 pgd_radius=1.5000 anchor_dist=12.3584 dist_rec_pos=14.0876 eps_gap_rel=1.0276 cos_rec=0.0043 rank_raw=0.092828
[LOSS-DIAG step=7800] mse=0.077467 energy_raw=354639.750000 energy_wtd=0.000000 rec=0.024026 total=0.101492
[TAM-CTL-DIAG step=7800] mse_pos=1.973387 mse_neg=1.357318 mse_rec=1.119380 neg_vs_rec=0.237938 rec_gain=0.1753 rec_dist=1.4094 pgd_radius=1.5000 anchor_dist=13.2629 dist_rec_pos=14.2444 eps_gap_rel=1.0424 cos_rec=0.3618 rank_raw=0.086825
[LOSS-DIAG step=7900] mse=0.074141 energy_raw=359449.031250 energy_wtd=0.000000 rec=0.023364 total=0.097504
[TAM-CTL-DIAG step=7900] mse_pos=1.985521 mse_neg=1.359115 mse_rec=1.114578 neg_vs_rec=0.244536 rec_gain=0.1799 rec_dist=1.4405 pgd_radius=1.5000 anchor_dist=13.3910 dist_rec_pos=14.3570 eps_gap_rel=1.0393 cos_rec=0.3598 rank_raw=0.085539
[LOSS-DIAG step=8000] mse=0.073559 energy_raw=351658.343750 energy_wtd=0.000000 rec=0.023638 total=0.097197
[TAM-CTL-DIAG step=8000] mse_pos=1.974910 mse_neg=1.325066 mse_rec=1.114679 neg_vs_rec=0.210387 rec_gain=0.1588 rec_dist=1.4648 pgd_radius=1.5000 anchor_dist=13.1585 dist_rec_pos=14.2512 eps_gap_rel=1.0398 cos_rec=0.3089 rank_raw=0.086213
Running Evaluation...
Validation Result @ Iteration 8000; Milestone = 8 (Train)
---------  ---------
mse_error  0.0310655
---------  ---------
Validation Result @ Iteration 8000; Milestone = 8 (ID: Validation)
---  ---------
mse  0.0307341
---  ---------
[LOSS-DIAG step=8100] mse=0.069875 energy_raw=334268.562500 energy_wtd=0.000000 rec=0.023611 total=0.093487
[TAM-CTL-DIAG step=8100] mse_pos=1.911906 mse_neg=1.187605 mse_rec=1.088743 neg_vs_rec=0.098862 rec_gain=0.0832 rec_dist=1.5379 pgd_radius=1.5000 anchor_dist=12.7404 dist_rec_pos=14.1949 eps_gap_rel=1.0356 cos_rec=0.1598 rank_raw=0.087806
[LOSS-DIAG step=8200] mse=0.072803 energy_raw=344836.812500 energy_wtd=0.000000 rec=0.024291 total=0.097095
[TAM-CTL-DIAG step=8200] mse_pos=1.957481 mse_neg=1.558477 mse_rec=1.046791 neg_vs_rec=0.511687 rec_gain=0.3283 rec_dist=1.4969 pgd_radius=1.5000 anchor_dist=13.8594 dist_rec_pos=13.8632 eps_gap_rel=1.0482 cos_rec=0.9714 rank_raw=0.081740
[LOSS-DIAG step=8300] mse=0.071188 energy_raw=345068.218750 energy_wtd=0.000000 rec=0.023699 total=0.094887
[TAM-CTL-DIAG step=8300] mse_pos=1.964558 mse_neg=1.361135 mse_rec=1.118111 neg_vs_rec=0.243024 rec_gain=0.1785 rec_dist=1.3787 pgd_radius=1.5000 anchor_dist=13.0124 dist_rec_pos=14.0166 eps_gap_rel=1.0407 cos_rec=0.3520 rank_raw=0.086173
[LOSS-DIAG step=8400] mse=0.070172 energy_raw=351355.906250 energy_wtd=0.000000 rec=0.023503 total=0.093675
[TAM-CTL-DIAG step=8400] mse_pos=1.960701 mse_neg=1.337959 mse_rec=1.128331 neg_vs_rec=0.209627 rec_gain=0.1567 rec_dist=1.4320 pgd_radius=1.5000 anchor_dist=13.2323 dist_rec_pos=14.3522 eps_gap_rel=1.0415 cos_rec=0.2984 rank_raw=0.085170
[LOSS-DIAG step=8500] mse=0.069344 energy_raw=356998.437500 energy_wtd=0.000000 rec=0.023460 total=0.092804
[TAM-CTL-DIAG step=8500] mse_pos=1.966460 mse_neg=1.322238 mse_rec=1.121070 neg_vs_rec=0.201169 rec_gain=0.1521 rec_dist=1.4375 pgd_radius=1.5000 anchor_dist=13.2604 dist_rec_pos=14.4093 eps_gap_rel=1.0398 cos_rec=0.2753 rank_raw=0.085223
[LOSS-DIAG step=8600] mse=0.067807 energy_raw=339195.500000 energy_wtd=0.000000 rec=0.023353 total=0.091160
[TAM-CTL-DIAG step=8600] mse_pos=1.924041 mse_neg=1.210310 mse_rec=1.094685 neg_vs_rec=0.115625 rec_gain=0.0955 rec_dist=1.5141 pgd_radius=1.5000 anchor_dist=12.7880 dist_rec_pos=14.2258 eps_gap_rel=1.0358 cos_rec=0.1562 rank_raw=0.086184
[LOSS-DIAG step=8700] mse=0.066526 energy_raw=334271.250000 energy_wtd=0.000000 rec=0.023266 total=0.089792
[TAM-CTL-DIAG step=8700] mse_pos=1.917628 mse_neg=1.171685 mse_rec=1.084503 neg_vs_rec=0.087183 rec_gain=0.0744 rec_dist=1.4968 pgd_radius=1.5000 anchor_dist=12.6486 dist_rec_pos=14.1575 eps_gap_rel=1.0339 cos_rec=0.1180 rank_raw=0.087063
[LOSS-DIAG step=8800] mse=0.069759 energy_raw=350656.187500 energy_wtd=0.000000 rec=0.023547 total=0.093306
[TAM-CTL-DIAG step=8800] mse_pos=1.958343 mse_neg=1.346903 mse_rec=1.130138 neg_vs_rec=0.216765 rec_gain=0.1609 rec_dist=1.4473 pgd_radius=1.5000 anchor_dist=13.1828 dist_rec_pos=14.2926 eps_gap_rel=1.0436 cos_rec=0.3013 rank_raw=0.084485
[LOSS-DIAG step=8900] mse=0.068209 energy_raw=334039.531250 energy_wtd=0.000000 rec=0.023689 total=0.091898
[TAM-CTL-DIAG step=8900] mse_pos=1.916791 mse_neg=1.515945 mse_rec=1.108114 neg_vs_rec=0.407830 rec_gain=0.2690 rec_dist=1.3937 pgd_radius=1.5000 anchor_dist=13.8419 dist_rec_pos=14.1776 eps_gap_rel=1.0412 cos_rec=0.7492 rank_raw=0.088077
[LOSS-DIAG step=9000] mse=0.071070 energy_raw=353008.187500 energy_wtd=0.000000 rec=0.023543 total=0.094613
[TAM-CTL-DIAG step=9000] mse_pos=1.968623 mse_neg=1.344986 mse_rec=1.122043 neg_vs_rec=0.222943 rec_gain=0.1658 rec_dist=1.4322 pgd_radius=1.5000 anchor_dist=13.1361 dist_rec_pos=14.2281 eps_gap_rel=1.0415 cos_rec=0.3062 rank_raw=0.084940
Running Evaluation...
Validation Result @ Iteration 9000; Milestone = 9 (Train)
---------  ---------
mse_error  0.0176749
---------  ---------
Validation Result @ Iteration 9000; Milestone = 9 (ID: Validation)
---  ---------
mse  0.0176942
---  ---------
[LOSS-DIAG step=9100] mse=0.066135 energy_raw=333171.625000 energy_wtd=0.000000 rec=0.023385 total=0.089521
[TAM-CTL-DIAG step=9100] mse_pos=1.909751 mse_neg=1.157960 mse_rec=1.084717 neg_vs_rec=0.073243 rec_gain=0.0633 rec_dist=1.5270 pgd_radius=1.5000 anchor_dist=12.7043 dist_rec_pos=14.2555 eps_gap_rel=1.0333 cos_rec=0.1036 rank_raw=0.087725
[LOSS-DIAG step=9200] mse=0.071762 energy_raw=352581.312500 energy_wtd=0.000000 rec=0.023652 total=0.095414
[TAM-CTL-DIAG step=9200] mse_pos=1.974706 mse_neg=1.362542 mse_rec=1.130969 neg_vs_rec=0.231573 rec_gain=0.1700 rec_dist=1.4301 pgd_radius=1.5000 anchor_dist=13.1305 dist_rec_pos=14.1962 eps_gap_rel=1.0436 cos_rec=0.3164 rank_raw=0.084544
[LOSS-DIAG step=9300] mse=0.066268 energy_raw=344563.468750 energy_wtd=0.000000 rec=0.023394 total=0.089662
[TAM-CTL-DIAG step=9300] mse_pos=1.937712 mse_neg=1.251551 mse_rec=1.113357 neg_vs_rec=0.138194 rec_gain=0.1104 rec_dist=1.4757 pgd_radius=1.5000 anchor_dist=12.9685 dist_rec_pos=14.3396 eps_gap_rel=1.0398 cos_rec=0.1878 rank_raw=0.085274
[LOSS-DIAG step=9400] mse=0.065613 energy_raw=353240.375000 energy_wtd=0.000000 rec=0.022960 total=0.088574
[TAM-CTL-DIAG step=9400] mse_pos=1.964252 mse_neg=1.313578 mse_rec=1.120005 neg_vs_rec=0.193573 rec_gain=0.1474 rec_dist=1.4395 pgd_radius=1.5000 anchor_dist=13.1378 dist_rec_pos=14.3231 eps_gap_rel=1.0400 cos_rec=0.2624 rank_raw=0.084320
[LOSS-DIAG step=9500] mse=0.069937 energy_raw=352690.187500 energy_wtd=0.000000 rec=0.023750 total=0.093687
[TAM-CTL-DIAG step=9500] mse_pos=1.973805 mse_neg=1.483255 mse_rec=1.134088 neg_vs_rec=0.349167 rec_gain=0.2354 rec_dist=1.3061 pgd_radius=1.5000 anchor_dist=13.5620 dist_rec_pos=14.1988 eps_gap_rel=1.0446 cos_rec=0.5372 rank_raw=0.085593
[LOSS-DIAG step=9600] mse=0.065471 energy_raw=334845.812500 energy_wtd=0.000000 rec=0.023449 total=0.088921
[TAM-CTL-DIAG step=9600] mse_pos=1.917342 mse_neg=1.215906 mse_rec=1.092967 neg_vs_rec=0.122940 rec_gain=0.1011 rec_dist=1.4482 pgd_radius=1.5000 anchor_dist=12.7659 dist_rec_pos=14.1485 eps_gap_rel=1.0366 cos_rec=0.1716 rank_raw=0.087488
[LOSS-DIAG step=9700] mse=0.068793 energy_raw=359025.812500 energy_wtd=0.000000 rec=0.022955 total=0.091747
[TAM-CTL-DIAG step=9700] mse_pos=1.990104 mse_neg=1.385115 mse_rec=1.131863 neg_vs_rec=0.253252 rec_gain=0.1828 rec_dist=1.4515 pgd_radius=1.5000 anchor_dist=13.2937 dist_rec_pos=14.3066 eps_gap_rel=1.0409 cos_rec=0.3455 rank_raw=0.083280
[LOSS-DIAG step=9800] mse=0.063919 energy_raw=338722.375000 energy_wtd=0.000000 rec=0.023798 total=0.087717
[TAM-CTL-DIAG step=9800] mse_pos=1.917687 mse_neg=1.262891 mse_rec=1.098594 neg_vs_rec=0.164297 rec_gain=0.1301 rec_dist=1.2912 pgd_radius=1.5000 anchor_dist=13.2547 dist_rec_pos=14.4096 eps_gap_rel=1.0364 cos_rec=0.2573 rank_raw=0.090440
[LOSS-DIAG step=9900] mse=0.064669 energy_raw=338611.250000 energy_wtd=0.000000 rec=0.023155 total=0.087824
[TAM-CTL-DIAG step=9900] mse_pos=1.923260 mse_neg=1.195389 mse_rec=1.090272 neg_vs_rec=0.105117 rec_gain=0.0879 rec_dist=1.5126 pgd_radius=1.5000 anchor_dist=12.7776 dist_rec_pos=14.2380 eps_gap_rel=1.0359 cos_rec=0.1374 rank_raw=0.086314
[LOSS-DIAG step=10000] mse=0.068959 energy_raw=348069.781250 energy_wtd=0.000000 rec=0.023530 total=0.092490
[TAM-CTL-DIAG step=10000] mse_pos=1.962101 mse_neg=1.335760 mse_rec=1.120051 neg_vs_rec=0.215709 rec_gain=0.1615 rec_dist=1.4489 pgd_radius=1.5000 anchor_dist=12.9432 dist_rec_pos=14.0743 eps_gap_rel=1.0419 cos_rec=0.2987 rank_raw=0.084579
Running Evaluation...
Validation Result @ Iteration 10000; Milestone = 10 (Train)
---------  ---------
mse_error  0.0131152
---------  ---------
Validation Result @ Iteration 10000; Milestone = 10 (ID: Validation)
---  ---------
mse  0.0131742
---  ---------
training complete
Training completed!
Saving final model checkpoint to: projects/ired/results/ds_inverse/q234_recovery_2step/final_model.pt
Final model checkpoint saved successfully (0 EBM parameters)
Results saved to: projects/ired/results/ds_inverse/q234_recovery_2step/results.json
Experiment completed at Thu Feb 26 15:55:05 EST 2026
sending incremental file list
ds_inverse/q234_recovery_2step/
ds_inverse/q234_recovery_2step/experiment_config.json
ds_inverse/q234_recovery_2step/final_model.pt
ds_inverse/q234_recovery_2step/model-1.pt
ds_inverse/q234_recovery_2step/model-10.pt
ds_inverse/q234_recovery_2step/model-2.pt
ds_inverse/q234_recovery_2step/model-3.pt
ds_inverse/q234_recovery_2step/model-4.pt
ds_inverse/q234_recovery_2step/model-5.pt
ds_inverse/q234_recovery_2step/model-6.pt
ds_inverse/q234_recovery_2step/model-7.pt
ds_inverse/q234_recovery_2step/model-8.pt
ds_inverse/q234_recovery_2step/model-9.pt
ds_inverse/q234_recovery_2step/results.json

sent 214,188,982 bytes  received 270 bytes  61,196,929.14 bytes/sec
total size is 214,138,563  speedup is 1.00
Results copied
