Job started at Wed Feb 18 21:41:15 EST 2026
Running on host: holygpu8a22105.rc.fas.harvard.edu
Job ID: 61080052
Git URL: https://github.com/mdkrasnow/research-repo.git
Git SHA: 9125a0270f59e8930ae21028cf3fbfb301762a93
Work directory: /tmp/ired-job-61080052
GPU info:
Wed Feb 18 21:41:15 2026       
+-----------------------------------------------------------------------------------------+
| NVIDIA-SMI 575.57.08              Driver Version: 575.57.08      CUDA Version: 12.9     |
|-----------------------------------------+------------------------+----------------------+
| GPU  Name                 Persistence-M | Bus-Id          Disp.A | Volatile Uncorr. ECC |
| Fan  Temp   Perf          Pwr:Usage/Cap |           Memory-Usage | GPU-Util  Compute M. |
|                                         |                        |               MIG M. |
|=========================================+========================+======================|
|   0  NVIDIA A100-SXM4-80GB          On  |   00000000:31:00.0 Off |                    0 |
| N/A   29C    P0             62W /  500W |       0MiB /  81920MiB |      0%      Default |
|                                         |                        |             Disabled |
+-----------------------------------------+------------------------+----------------------+
                                                                                         
+-----------------------------------------------------------------------------------------+
| Processes:                                                                              |
|  GPU   GI   CI              PID   Type   Process name                        GPU Memory |
|        ID   ID                                                               Usage      |
|=========================================================================================|
|  No running processes found                                                             |
+-----------------------------------------------------------------------------------------+
Cloning repository...
Repository cloned and checked out to: 9125a02
Repository info:
9125a02 Add CD diagnostic logging and Langevin displacement tracking
Starting IRED-CD Stage 1 (CD loss + Langevin sampling)...
Loading configuration from: projects/ired/configs/q202_cd_langevin.json
Configuration saved to: results/ds_inverse/q202_cd_langevin/experiment_config.json
Setting random seed: 0
Starting experiment with mining strategy: cd_langevin
Configuration: {
  "experiment_name": "q202_cd_langevin",
  "description": "IRED-CD Investigation - Stage 1: CD loss + Langevin sampling",
  "investigation": "ired-cd",
  "ablation_stage": "cd_langevin",
  "mining_strategy": "cd_langevin",
  "rank": 20,
  "ood": false,
  "diffusion_steps": 10,
  "batch_size": 2048,
  "train_steps": 20000,
  "learning_rate": 0.0001,
  "mining_opt_steps": 10,
  "energy_reg_weight": 0.1,
  "mining_noise_scale": 1.5,
  "langevin_sigma_multiplier": 0.1,
  "use_langevin": true,
  "use_replay_buffer": false,
  "use_cd_loss": true,
  "use_residual_filter": false,
  "use_energy_schedule": false,
  "energy_loss_weight": 0.05,
  "adam_betas": [
    0.0,
    0.999
  ],
  "output_dir": "results/ds_inverse/q202_cd_langevin",
  "notes": "Ablation 1: Corrected CD loss (detach x_neg, NOT energy_neg). Langevin noise sigma=sqrt(2*eta). k=10 steps. No replay buffer yet.",
  "seed": 0
}
Dataset: Inverse matrices (20x20)
Input dimension: 400, Output dimension: 400
Trainer initialized. Output directory: results/ds_inverse/q202_cd_langevin
Training for 20000 steps...
[CD-DIAG step=100] E_pos=0.2450 E_neg=0.3033 CD_raw=-0.0583 CD_wtd=-0.002915 MSE=1.001786 neg_dist=23.3926 lang_grad0=0.0000 lang_gradK=0.0000 lang_disp=7.4929 step=0.4534 sigma=0.0919
[CD-DIAG step=200] E_pos=0.2965 E_neg=0.4234 CD_raw=-0.1269 CD_wtd=-0.006343 MSE=0.998085 neg_dist=23.4215 lang_grad0=0.0001 lang_gradK=0.0001 lang_disp=7.4600 step=0.4468 sigma=0.0914
[CD-DIAG step=300] E_pos=0.3075 E_neg=0.4715 CD_raw=-0.1639 CD_wtd=-0.008195 MSE=0.999424 neg_dist=23.1636 lang_grad0=0.0001 lang_gradK=0.0001 lang_disp=7.4116 step=0.4461 sigma=0.0912
[CD-DIAG step=400] E_pos=0.3193 E_neg=0.5322 CD_raw=-0.2129 CD_wtd=-0.010644 MSE=0.999499 neg_dist=23.4703 lang_grad0=0.0001 lang_gradK=0.0001 lang_disp=7.4582 step=0.4458 sigma=0.0913
[CD-DIAG step=500] E_pos=0.3188 E_neg=0.5855 CD_raw=-0.2667 CD_wtd=-0.013333 MSE=0.999735 neg_dist=23.1156 lang_grad0=0.0002 lang_gradK=0.0001 lang_disp=7.3901 step=0.4438 sigma=0.0910
[CD-DIAG step=600] E_pos=0.3206 E_neg=0.6147 CD_raw=-0.2940 CD_wtd=-0.014702 MSE=0.998182 neg_dist=23.1889 lang_grad0=0.0002 lang_gradK=0.0002 lang_disp=7.4466 step=0.4431 sigma=0.0909
[CD-DIAG step=700] E_pos=0.3237 E_neg=0.6766 CD_raw=-0.3529 CD_wtd=-0.017645 MSE=1.002186 neg_dist=23.3161 lang_grad0=0.0002 lang_gradK=0.0002 lang_disp=7.4178 step=0.4448 sigma=0.0911
[CD-DIAG step=800] E_pos=0.3361 E_neg=0.7541 CD_raw=-0.4181 CD_wtd=-0.020903 MSE=1.002036 neg_dist=23.2806 lang_grad0=0.0003 lang_gradK=0.0002 lang_disp=7.4653 step=0.4491 sigma=0.0915
[CD-DIAG step=900] E_pos=0.3471 E_neg=0.8195 CD_raw=-0.4724 CD_wtd=-0.023622 MSE=0.997598 neg_dist=23.2114 lang_grad0=0.0003 lang_gradK=0.0002 lang_disp=7.4200 step=0.4420 sigma=0.0909
[CD-DIAG step=1000] E_pos=0.3424 E_neg=0.9106 CD_raw=-0.5682 CD_wtd=-0.028412 MSE=1.002253 neg_dist=23.0849 lang_grad0=0.0004 lang_gradK=0.0002 lang_disp=7.3756 step=0.4415 sigma=0.0907
Running Evaluation...
Validation Result @ Iteration 1000; Milestone = 1 (Train)
---------  -----
mse_error  3.882
---------  -----
Validation Result @ Iteration 1000; Milestone = 1 (ID: Validation)
---  -------
mse  3.83689
---  -------
[CD-DIAG step=1100] E_pos=0.3465 E_neg=0.9945 CD_raw=-0.6480 CD_wtd=-0.032399 MSE=0.999718 neg_dist=23.2738 lang_grad0=0.0004 lang_gradK=0.0003 lang_disp=7.4243 step=0.4454 sigma=0.0911
[CD-DIAG step=1200] E_pos=0.3174 E_neg=1.0161 CD_raw=-0.6987 CD_wtd=-0.034937 MSE=0.999102 neg_dist=23.2496 lang_grad0=0.0004 lang_gradK=0.0003 lang_disp=7.4189 step=0.4429 sigma=0.0909
[CD-DIAG step=1300] E_pos=0.3264 E_neg=1.1000 CD_raw=-0.7736 CD_wtd=-0.038678 MSE=1.000720 neg_dist=23.3227 lang_grad0=0.0005 lang_gradK=0.0003 lang_disp=7.4382 step=0.4454 sigma=0.0912
[CD-DIAG step=1400] E_pos=0.3122 E_neg=1.1452 CD_raw=-0.8330 CD_wtd=-0.041649 MSE=1.002676 neg_dist=23.1356 lang_grad0=0.0005 lang_gradK=0.0003 lang_disp=7.4066 step=0.4419 sigma=0.0908
[CD-DIAG step=1500] E_pos=0.2954 E_neg=1.2236 CD_raw=-0.9282 CD_wtd=-0.046411 MSE=0.998547 neg_dist=23.3258 lang_grad0=0.0006 lang_gradK=0.0003 lang_disp=7.4274 step=0.4447 sigma=0.0911
[CD-DIAG step=1600] E_pos=0.2831 E_neg=1.2685 CD_raw=-0.9854 CD_wtd=-0.049269 MSE=1.001882 neg_dist=23.0952 lang_grad0=0.0006 lang_gradK=0.0004 lang_disp=7.3436 step=0.4416 sigma=0.0907
[CD-DIAG step=1700] E_pos=0.2954 E_neg=1.3469 CD_raw=-1.0515 CD_wtd=-0.052576 MSE=1.000805 neg_dist=23.2997 lang_grad0=0.0007 lang_gradK=0.0004 lang_disp=7.4363 step=0.4441 sigma=0.0911
[CD-DIAG step=1800] E_pos=0.2557 E_neg=1.3274 CD_raw=-1.0717 CD_wtd=-0.053587 MSE=1.000978 neg_dist=23.0768 lang_grad0=0.0007 lang_gradK=0.0004 lang_disp=7.3615 step=0.4403 sigma=0.0906
[CD-DIAG step=1900] E_pos=0.2623 E_neg=1.4926 CD_raw=-1.2303 CD_wtd=-0.061513 MSE=1.001798 neg_dist=23.4278 lang_grad0=0.0008 lang_gradK=0.0004 lang_disp=7.5196 step=0.4522 sigma=0.0919
[CD-DIAG step=2000] E_pos=0.2620 E_neg=1.4526 CD_raw=-1.1906 CD_wtd=-0.059531 MSE=0.997574 neg_dist=23.0861 lang_grad0=0.0008 lang_gradK=0.0004 lang_disp=7.3167 step=0.4370 sigma=0.0903
Running Evaluation...
Validation Result @ Iteration 2000; Milestone = 2 (Train)
---------  -------
mse_error  3.87322
---------  -------
Validation Result @ Iteration 2000; Milestone = 2 (ID: Validation)
---  -------
mse  3.76344
---  -------
[CD-DIAG step=2100] E_pos=0.5708 E_neg=2.6749 CD_raw=-2.1041 CD_wtd=-0.105207 MSE=0.998691 neg_dist=23.3942 lang_grad0=0.0012 lang_gradK=0.0007 lang_disp=7.4926 step=0.4489 sigma=0.0915
[CD-DIAG step=2200] E_pos=0.5710 E_neg=2.7934 CD_raw=-2.2224 CD_wtd=-0.111122 MSE=1.002204 neg_dist=23.3364 lang_grad0=0.0013 lang_gradK=0.0008 lang_disp=7.4550 step=0.4490 sigma=0.0915
[CD-DIAG step=2300] E_pos=0.5773 E_neg=2.9528 CD_raw=-2.3755 CD_wtd=-0.118775 MSE=1.000293 neg_dist=23.2901 lang_grad0=0.0013 lang_gradK=0.0008 lang_disp=7.4058 step=0.4419 sigma=0.0909
[CD-DIAG step=2400] E_pos=0.5698 E_neg=2.9618 CD_raw=-2.3920 CD_wtd=-0.119598 MSE=1.001109 neg_dist=23.3608 lang_grad0=0.0014 lang_gradK=0.0008 lang_disp=7.4631 step=0.4466 sigma=0.0913
[CD-DIAG step=2500] E_pos=0.5697 E_neg=3.0366 CD_raw=-2.4669 CD_wtd=-0.123347 MSE=0.999384 neg_dist=23.0079 lang_grad0=0.0014 lang_gradK=0.0008 lang_disp=7.3021 step=0.4358 sigma=0.0902
[CD-DIAG step=2600] E_pos=0.5841 E_neg=3.1496 CD_raw=-2.5654 CD_wtd=-0.128272 MSE=1.001818 neg_dist=23.3365 lang_grad0=0.0014 lang_gradK=0.0009 lang_disp=7.4362 step=0.4442 sigma=0.0911
[CD-DIAG step=2700] E_pos=0.5852 E_neg=3.1286 CD_raw=-2.5434 CD_wtd=-0.127168 MSE=1.000918 neg_dist=23.5273 lang_grad0=0.0015 lang_gradK=0.0009 lang_disp=7.5033 step=0.4486 sigma=0.0916
[CD-DIAG step=2800] E_pos=0.5999 E_neg=3.1698 CD_raw=-2.5698 CD_wtd=-0.128492 MSE=1.000209 neg_dist=23.2911 lang_grad0=0.0015 lang_gradK=0.0009 lang_disp=7.4715 step=0.4469 sigma=0.0913
[CD-DIAG step=2900] E_pos=0.6014 E_neg=3.3099 CD_raw=-2.7085 CD_wtd=-0.135426 MSE=0.996375 neg_dist=23.2924 lang_grad0=0.0015 lang_gradK=0.0009 lang_disp=7.4521 step=0.4506 sigma=0.0916
[CD-DIAG step=3000] E_pos=0.6207 E_neg=3.4136 CD_raw=-2.7929 CD_wtd=-0.139645 MSE=0.999553 neg_dist=23.5362 lang_grad0=0.0016 lang_gradK=0.0009 lang_disp=7.5314 step=0.4544 sigma=0.0921
Running Evaluation...
Validation Result @ Iteration 3000; Milestone = 3 (Train)
---------  -------
mse_error  3.85808
---------  -------
Validation Result @ Iteration 3000; Milestone = 3 (ID: Validation)
---  -------
mse  3.65237
---  -------
[CD-DIAG step=3100] E_pos=0.6043 E_neg=3.3676 CD_raw=-2.7632 CD_wtd=-0.138162 MSE=0.999184 neg_dist=23.1632 lang_grad0=0.0015 lang_gradK=0.0009 lang_disp=7.4443 step=0.4480 sigma=0.0913
[CD-DIAG step=3200] E_pos=0.6259 E_neg=3.4843 CD_raw=-2.8584 CD_wtd=-0.142920 MSE=0.999156 neg_dist=23.2489 lang_grad0=0.0016 lang_gradK=0.0009 lang_disp=7.4075 step=0.4407 sigma=0.0907
[CD-DIAG step=3300] E_pos=0.6267 E_neg=3.4965 CD_raw=-2.8697 CD_wtd=-0.143487 MSE=0.999560 neg_dist=23.1792 lang_grad0=0.0016 lang_gradK=0.0009 lang_disp=7.4120 step=0.4447 sigma=0.0910
[CD-DIAG step=3400] E_pos=0.6268 E_neg=3.4913 CD_raw=-2.8645 CD_wtd=-0.143227 MSE=1.000266 neg_dist=23.2214 lang_grad0=0.0016 lang_gradK=0.0009 lang_disp=7.3605 step=0.4355 sigma=0.0903
[CD-DIAG step=3500] E_pos=0.6339 E_neg=3.6018 CD_raw=-2.9679 CD_wtd=-0.148397 MSE=1.002964 neg_dist=23.2796 lang_grad0=0.0016 lang_gradK=0.0010 lang_disp=7.4853 step=0.4490 sigma=0.0915
[CD-DIAG step=3600] E_pos=0.6666 E_neg=3.6565 CD_raw=-2.9899 CD_wtd=-0.149495 MSE=1.002201 neg_dist=23.5158 lang_grad0=0.0016 lang_gradK=0.0010 lang_disp=7.4747 step=0.4497 sigma=0.0917
[CD-DIAG step=3700] E_pos=0.6482 E_neg=3.6676 CD_raw=-3.0194 CD_wtd=-0.150972 MSE=1.002062 neg_dist=23.1659 lang_grad0=0.0016 lang_gradK=0.0010 lang_disp=7.4197 step=0.4444 sigma=0.0910
[CD-DIAG step=3800] E_pos=0.6739 E_neg=3.7028 CD_raw=-3.0289 CD_wtd=-0.151446 MSE=1.001152 neg_dist=23.1587 lang_grad0=0.0016 lang_gradK=0.0010 lang_disp=7.3615 step=0.4400 sigma=0.0907
[CD-DIAG step=3900] E_pos=0.6725 E_neg=3.6753 CD_raw=-3.0028 CD_wtd=-0.150139 MSE=1.001857 neg_dist=23.1855 lang_grad0=0.0016 lang_gradK=0.0010 lang_disp=7.4223 step=0.4415 sigma=0.0908
[CD-DIAG step=4000] E_pos=0.6755 E_neg=3.7774 CD_raw=-3.1019 CD_wtd=-0.155097 MSE=0.998328 neg_dist=23.4307 lang_grad0=0.0017 lang_gradK=0.0010 lang_disp=7.5525 step=0.4583 sigma=0.0923
Running Evaluation...
Validation Result @ Iteration 4000; Milestone = 4 (Train)
---------  -------
mse_error  3.84538
---------  -------
Validation Result @ Iteration 4000; Milestone = 4 (ID: Validation)
---  -------
mse  3.56773
---  -------
[CD-DIAG step=4100] E_pos=0.4793 E_neg=3.2872 CD_raw=-2.8078 CD_wtd=-0.140391 MSE=1.001510 neg_dist=23.3846 lang_grad0=0.0016 lang_gradK=0.0009 lang_disp=7.4609 step=0.4467 sigma=0.0913
[CD-DIAG step=4200] E_pos=0.4886 E_neg=3.4369 CD_raw=-2.9483 CD_wtd=-0.147414 MSE=0.998944 neg_dist=23.4217 lang_grad0=0.0017 lang_gradK=0.0010 lang_disp=7.4604 step=0.4480 sigma=0.0914
[CD-DIAG step=4300] E_pos=0.4736 E_neg=3.3604 CD_raw=-2.8869 CD_wtd=-0.144345 MSE=0.999151 neg_dist=23.0892 lang_grad0=0.0016 lang_gradK=0.0010 lang_disp=7.3113 step=0.4367 sigma=0.0903
[CD-DIAG step=4400] E_pos=0.4881 E_neg=3.4426 CD_raw=-2.9545 CD_wtd=-0.147723 MSE=1.000865 neg_dist=23.3312 lang_grad0=0.0017 lang_gradK=0.0010 lang_disp=7.3986 step=0.4429 sigma=0.0910
[CD-DIAG step=4500] E_pos=0.4922 E_neg=3.3782 CD_raw=-2.8860 CD_wtd=-0.144300 MSE=1.000134 neg_dist=22.9361 lang_grad0=0.0017 lang_gradK=0.0010 lang_disp=7.3985 step=0.4449 sigma=0.0910
[CD-DIAG step=4600] E_pos=0.5045 E_neg=3.4627 CD_raw=-2.9582 CD_wtd=-0.147911 MSE=0.999976 neg_dist=23.2125 lang_grad0=0.0017 lang_gradK=0.0010 lang_disp=7.3918 step=0.4437 sigma=0.0910
[CD-DIAG step=4700] E_pos=0.5005 E_neg=3.5864 CD_raw=-3.0859 CD_wtd=-0.154296 MSE=0.996912 neg_dist=23.3978 lang_grad0=0.0018 lang_gradK=0.0010 lang_disp=7.4927 step=0.4495 sigma=0.0916
[CD-DIAG step=4800] E_pos=0.5038 E_neg=3.6083 CD_raw=-3.1045 CD_wtd=-0.155226 MSE=0.998830 neg_dist=23.1054 lang_grad0=0.0017 lang_gradK=0.0010 lang_disp=7.3612 step=0.4425 sigma=0.0908
[CD-DIAG step=4900] E_pos=0.5156 E_neg=3.6214 CD_raw=-3.1059 CD_wtd=-0.155293 MSE=1.002184 neg_dist=23.3778 lang_grad0=0.0018 lang_gradK=0.0010 lang_disp=7.4345 step=0.4450 sigma=0.0911
[CD-DIAG step=5000] E_pos=0.5090 E_neg=3.6042 CD_raw=-3.0952 CD_wtd=-0.154762 MSE=0.999004 neg_dist=23.2404 lang_grad0=0.0018 lang_gradK=0.0010 lang_disp=7.4169 step=0.4441 sigma=0.0911
Running Evaluation...
Validation Result @ Iteration 5000; Milestone = 5 (Train)
---------  -------
mse_error  3.83755
---------  -------
Validation Result @ Iteration 5000; Milestone = 5 (ID: Validation)
---  -------
mse  3.49652
---  -------
[CD-DIAG step=5100] E_pos=0.5153 E_neg=3.5861 CD_raw=-3.0707 CD_wtd=-0.153536 MSE=1.000267 neg_dist=23.1424 lang_grad0=0.0018 lang_gradK=0.0010 lang_disp=7.4074 step=0.4423 sigma=0.0908
[CD-DIAG step=5200] E_pos=0.5386 E_neg=3.6854 CD_raw=-3.1468 CD_wtd=-0.157338 MSE=1.002741 neg_dist=23.2771 lang_grad0=0.0018 lang_gradK=0.0010 lang_disp=7.4306 step=0.4448 sigma=0.0911
[CD-DIAG step=5300] E_pos=0.5429 E_neg=3.7058 CD_raw=-3.1628 CD_wtd=-0.158142 MSE=1.004299 neg_dist=23.3239 lang_grad0=0.0018 lang_gradK=0.0010 lang_disp=7.4815 step=0.4524 sigma=0.0918
[CD-DIAG step=5400] E_pos=0.5384 E_neg=3.7573 CD_raw=-3.2189 CD_wtd=-0.160945 MSE=1.000981 neg_dist=23.0675 lang_grad0=0.0018 lang_gradK=0.0010 lang_disp=7.4080 step=0.4404 sigma=0.0906
[CD-DIAG step=5500] E_pos=0.5805 E_neg=3.8111 CD_raw=-3.2306 CD_wtd=-0.161528 MSE=0.998582 neg_dist=23.3619 lang_grad0=0.0018 lang_gradK=0.0010 lang_disp=7.4487 step=0.4447 sigma=0.0912
[CD-DIAG step=5600] E_pos=0.5479 E_neg=3.7476 CD_raw=-3.1997 CD_wtd=-0.159986 MSE=1.000137 neg_dist=23.3396 lang_grad0=0.0018 lang_gradK=0.0010 lang_disp=7.4593 step=0.4485 sigma=0.0914
[CD-DIAG step=5700] E_pos=0.5350 E_neg=3.7388 CD_raw=-3.2039 CD_wtd=-0.160193 MSE=0.999674 neg_dist=23.4664 lang_grad0=0.0018 lang_gradK=0.0010 lang_disp=7.4976 step=0.4507 sigma=0.0917
[CD-DIAG step=5800] E_pos=0.5510 E_neg=3.9126 CD_raw=-3.3615 CD_wtd=-0.168077 MSE=1.000847 neg_dist=23.3923 lang_grad0=0.0018 lang_gradK=0.0011 lang_disp=7.4438 step=0.4443 sigma=0.0911
[CD-DIAG step=5900] E_pos=0.5683 E_neg=3.9308 CD_raw=-3.3625 CD_wtd=-0.168124 MSE=0.997619 neg_dist=23.1850 lang_grad0=0.0018 lang_gradK=0.0011 lang_disp=7.4008 step=0.4418 sigma=0.0908
[CD-DIAG step=6000] E_pos=0.5791 E_neg=3.9448 CD_raw=-3.3657 CD_wtd=-0.168286 MSE=1.001829 neg_dist=23.5001 lang_grad0=0.0018 lang_gradK=0.0011 lang_disp=7.5178 step=0.4494 sigma=0.0917
Running Evaluation...
Validation Result @ Iteration 6000; Milestone = 6 (Train)
---------  -------
mse_error  3.82983
---------  -------
Validation Result @ Iteration 6000; Milestone = 6 (ID: Validation)
---  -------
mse  3.45542
---  -------
[CD-DIAG step=6100] E_pos=0.4194 E_neg=3.3469 CD_raw=-2.9275 CD_wtd=-0.146373 MSE=1.000758 neg_dist=23.3312 lang_grad0=0.0017 lang_gradK=0.0010 lang_disp=7.5297 step=0.4546 sigma=0.0920
[CD-DIAG step=6200] E_pos=0.4259 E_neg=3.4855 CD_raw=-3.0596 CD_wtd=-0.152980 MSE=1.002851 neg_dist=23.3359 lang_grad0=0.0018 lang_gradK=0.0010 lang_disp=7.4345 step=0.4451 sigma=0.0912
[CD-DIAG step=6300] E_pos=0.4393 E_neg=3.4454 CD_raw=-3.0061 CD_wtd=-0.150306 MSE=1.000626 neg_dist=22.9752 lang_grad0=0.0017 lang_gradK=0.0010 lang_disp=7.3504 step=0.4364 sigma=0.0903
[CD-DIAG step=6400] E_pos=0.4271 E_neg=3.5348 CD_raw=-3.1077 CD_wtd=-0.155384 MSE=1.000406 neg_dist=23.5748 lang_grad0=0.0018 lang_gradK=0.0010 lang_disp=7.5048 step=0.4508 sigma=0.0918
[CD-DIAG step=6500] E_pos=0.4485 E_neg=3.5702 CD_raw=-3.1217 CD_wtd=-0.156087 MSE=0.999968 neg_dist=23.4704 lang_grad0=0.0018 lang_gradK=0.0010 lang_disp=7.5147 step=0.4519 sigma=0.0918
[CD-DIAG step=6600] E_pos=0.4332 E_neg=3.6302 CD_raw=-3.1971 CD_wtd=-0.159855 MSE=1.000848 neg_dist=23.3345 lang_grad0=0.0018 lang_gradK=0.0010 lang_disp=7.3927 step=0.4400 sigma=0.0908
[CD-DIAG step=6700] E_pos=0.4507 E_neg=3.6885 CD_raw=-3.2378 CD_wtd=-0.161892 MSE=0.998885 neg_dist=23.6040 lang_grad0=0.0018 lang_gradK=0.0011 lang_disp=7.5094 step=0.4533 sigma=0.0920
[CD-DIAG step=6800] E_pos=0.4570 E_neg=3.6551 CD_raw=-3.1981 CD_wtd=-0.159904 MSE=0.998416 neg_dist=23.3294 lang_grad0=0.0018 lang_gradK=0.0011 lang_disp=7.4537 step=0.4481 sigma=0.0914
[CD-DIAG step=6900] E_pos=0.4661 E_neg=3.6377 CD_raw=-3.1715 CD_wtd=-0.158577 MSE=1.000032 neg_dist=23.4912 lang_grad0=0.0018 lang_gradK=0.0011 lang_disp=7.5005 step=0.4515 sigma=0.0918
[CD-DIAG step=7000] E_pos=0.4731 E_neg=3.6119 CD_raw=-3.1388 CD_wtd=-0.156941 MSE=1.001047 neg_dist=23.0922 lang_grad0=0.0018 lang_gradK=0.0010 lang_disp=7.4034 step=0.4451 sigma=0.0910
Running Evaluation...
Validation Result @ Iteration 7000; Milestone = 7 (Train)
---------  -------
mse_error  3.82523
---------  -------
Validation Result @ Iteration 7000; Milestone = 7 (ID: Validation)
---  -------
mse  3.42277
---  -------
[CD-DIAG step=7100] E_pos=0.4876 E_neg=3.6431 CD_raw=-3.1555 CD_wtd=-0.157773 MSE=0.999568 neg_dist=23.3140 lang_grad0=0.0018 lang_gradK=0.0010 lang_disp=7.4241 step=0.4432 sigma=0.0910
[CD-DIAG step=7200] E_pos=0.4662 E_neg=3.7396 CD_raw=-3.2735 CD_wtd=-0.163673 MSE=1.000019 neg_dist=23.2282 lang_grad0=0.0018 lang_gradK=0.0011 lang_disp=7.4255 step=0.4440 sigma=0.0910
[CD-DIAG step=7300] E_pos=0.4885 E_neg=3.7338 CD_raw=-3.2453 CD_wtd=-0.162267 MSE=0.999632 neg_dist=23.0426 lang_grad0=0.0018 lang_gradK=0.0011 lang_disp=7.3814 step=0.4418 sigma=0.0907
[CD-DIAG step=7400] E_pos=0.4837 E_neg=3.7702 CD_raw=-3.2865 CD_wtd=-0.164327 MSE=1.001361 neg_dist=23.4750 lang_grad0=0.0019 lang_gradK=0.0011 lang_disp=7.4779 step=0.4471 sigma=0.0914
[CD-DIAG step=7500] E_pos=0.4995 E_neg=3.8133 CD_raw=-3.3138 CD_wtd=-0.165691 MSE=0.998645 neg_dist=23.4255 lang_grad0=0.0019 lang_gradK=0.0011 lang_disp=7.5504 step=0.4544 sigma=0.0920
[CD-DIAG step=7600] E_pos=0.4955 E_neg=3.7970 CD_raw=-3.3014 CD_wtd=-0.165071 MSE=1.000952 neg_dist=23.3288 lang_grad0=0.0019 lang_gradK=0.0011 lang_disp=7.4873 step=0.4494 sigma=0.0915
[CD-DIAG step=7700] E_pos=0.4960 E_neg=3.8137 CD_raw=-3.3177 CD_wtd=-0.165883 MSE=1.001218 neg_dist=23.2493 lang_grad0=0.0019 lang_gradK=0.0011 lang_disp=7.4567 step=0.4493 sigma=0.0915
[CD-DIAG step=7800] E_pos=0.4872 E_neg=3.8140 CD_raw=-3.3267 CD_wtd=-0.166336 MSE=1.001122 neg_dist=23.6038 lang_grad0=0.0019 lang_gradK=0.0011 lang_disp=7.5054 step=0.4507 sigma=0.0918
[CD-DIAG step=7900] E_pos=0.4894 E_neg=3.8382 CD_raw=-3.3488 CD_wtd=-0.167440 MSE=1.001836 neg_dist=23.0104 lang_grad0=0.0018 lang_gradK=0.0011 lang_disp=7.3483 step=0.4391 sigma=0.0905
[CD-DIAG step=8000] E_pos=0.5033 E_neg=3.8953 CD_raw=-3.3920 CD_wtd=-0.169601 MSE=1.002249 neg_dist=23.3472 lang_grad0=0.0019 lang_gradK=0.0011 lang_disp=7.4770 step=0.4500 sigma=0.0916
Running Evaluation...
Validation Result @ Iteration 8000; Milestone = 8 (Train)
---------  ------
mse_error  3.8222
---------  ------
Validation Result @ Iteration 8000; Milestone = 8 (ID: Validation)
---  -------
mse  3.40216
---  -------
[CD-DIAG step=8100] E_pos=0.3890 E_neg=3.4740 CD_raw=-3.0850 CD_wtd=-0.154251 MSE=0.999665 neg_dist=23.3082 lang_grad0=0.0018 lang_gradK=0.0010 lang_disp=7.4415 step=0.4463 sigma=0.0913
[CD-DIAG step=8200] E_pos=0.4010 E_neg=3.4888 CD_raw=-3.0879 CD_wtd=-0.154393 MSE=1.001307 neg_dist=23.1943 lang_grad0=0.0018 lang_gradK=0.0010 lang_disp=7.4505 step=0.4471 sigma=0.0913
[CD-DIAG step=8300] E_pos=0.4114 E_neg=3.5665 CD_raw=-3.1551 CD_wtd=-0.157757 MSE=1.000633 neg_dist=23.4172 lang_grad0=0.0018 lang_gradK=0.0010 lang_disp=7.5375 step=0.4562 sigma=0.0922
