Cloning into '/tmp/ired-job-56582657'...
Note: switching to 'c11bf8dabf1b991cdf33f3f6118123c518299b17'.

You are in 'detached HEAD' state. You can look around, make experimental
changes and commit them, and you can discard any commits you make in this
state without impacting any branches by switching back to a branch.

If you want to create a new branch to retain commits you create, you may
do so (now or later) by using -c with the switch command. Example:

  git switch -c <new-branch-name>

Or undo this operation with:

  git switch -

Turn off this advice by setting config variable advice.detachedHead to false

HEAD is now at c11bf8d Add --seed parameter support to matrix_inversion_mining.py
Traceback (most recent call last):
  File "/tmp/ired-job-56582657/projects/ired/experiments/matrix_inversion_mining.py", line 255, in <module>
    main()
  File "/tmp/ired-job-56582657/projects/ired/experiments/matrix_inversion_mining.py", line 207, in main
    config = load_config(args.config)
  File "/tmp/ired-job-56582657/projects/ired/experiments/matrix_inversion_mining.py", line 46, in load_config
    with open(config_path) as f:
FileNotFoundError: [Errno 2] No such file or directory: 'projects/ired/configs/q103_multiseed_adversarial.json'
