Job started at Thu Feb 19 08:36:22 EST 2026
Running on host: holygpu8a22303.rc.fas.harvard.edu
Job ID: 61166867
Git URL: https://github.com/mdkrasnow/research-repo.git
Git SHA: 306783adacaff7d72c877ac887f1c5177230c072
Work directory: /tmp/ired-job-61166867
GPU info:
Thu Feb 19 08:36:22 2026       
+-----------------------------------------------------------------------------------------+
| NVIDIA-SMI 575.57.08              Driver Version: 575.57.08      CUDA Version: 12.9     |
|-----------------------------------------+------------------------+----------------------+
| GPU  Name                 Persistence-M | Bus-Id          Disp.A | Volatile Uncorr. ECC |
| Fan  Temp   Perf          Pwr:Usage/Cap |           Memory-Usage | GPU-Util  Compute M. |
|                                         |                        |               MIG M. |
|=========================================+========================+======================|
|   0  NVIDIA A100-SXM4-80GB          On  |   00000000:4B:00.0 Off |                    0 |
| N/A   28C    P0             62W /  500W |       0MiB /  81920MiB |      0%      Default |
|                                         |                        |             Disabled |
+-----------------------------------------+------------------------+----------------------+
                                                                                         
+-----------------------------------------------------------------------------------------+
| Processes:                                                                              |
|  GPU   GI   CI              PID   Type   Process name                        GPU Memory |
|        ID   ID                                                               Usage      |
|=========================================================================================|
|  No running processes found                                                             |
+-----------------------------------------------------------------------------------------+
Cloning repository...
Repository cloned and checked out to: 306783a
Repository info:
306783a Submit q206 IRED contrastive (job 61166742, gpu partition, 10 seeds)
Starting IRED-CD baseline (current NCE implementation)...
Loading configuration from: projects/ired/configs/q201_baseline.json
Configuration saved to: results/ds_inverse/q201_baseline/experiment_config.json
Setting random seed: 0
Starting experiment with mining strategy: adversarial
Configuration: {
  "experiment_name": "q201_baseline",
  "description": "IRED-CD Investigation - Baseline (current NCE implementation for comparison)",
  "investigation": "ired-cd",
  "ablation_stage": "baseline",
  "mining_strategy": "adversarial",
  "rank": 20,
  "ood": false,
  "diffusion_steps": 10,
  "batch_size": 2048,
  "train_steps": 20000,
  "learning_rate": 0.0001,
  "mining_opt_steps": 10,
  "mining_noise_scale": 1.5,
  "output_dir": "results/ds_inverse/q201_baseline",
  "notes": "Current implementation with NCE loss. Baseline for IRED-CD ablation study. Using k=10 steps, noise_scale=1.5 (reduced from 3.0).",
  "seed": 0
}
Dataset: Inverse matrices (20x20)
Input dimension: 400, Output dimension: 400
Trainer initialized. Output directory: results/ds_inverse/q201_baseline
Training for 20000 steps...
[CD-DIAG step=100] E_pos=982.8027 E_neg=1069.1506 margin=86.3479 E_wtd=0.002074 MSE=0.999072 neg_dist=14.6223 lang_grad0=0.0000 lang_gradK=0.0000 lang_disp=0.0000 step=0.0000 sigma=0.0000
[CD-DIAG step=200] E_pos=2483.4136 E_neg=2498.9871 margin=15.5735 E_wtd=0.043188 MSE=1.001802 neg_dist=2.0213 lang_grad0=0.0000 lang_gradK=0.0000 lang_disp=0.0000 step=0.0000 sigma=0.0000
[CD-DIAG step=300] E_pos=2075.4275 E_neg=2318.6951 margin=243.2676 E_wtd=0.000863 MSE=0.997979 neg_dist=15.2602 lang_grad0=0.0000 lang_gradK=0.0000 lang_disp=0.0000 step=0.0000 sigma=0.0000
[CD-DIAG step=400] E_pos=3050.8589 E_neg=3148.8965 margin=98.0376 E_wtd=0.000115 MSE=1.000875 neg_dist=5.4895 lang_grad0=0.0000 lang_gradK=0.0000 lang_disp=0.0000 step=0.0000 sigma=0.0000
[CD-DIAG step=500] E_pos=5491.3984 E_neg=5929.2949 margin=437.8965 E_wtd=0.000988 MSE=0.999086 neg_dist=11.7589 lang_grad0=0.0000 lang_gradK=0.0000 lang_disp=0.0000 step=0.0000 sigma=0.0000
[CD-DIAG step=600] E_pos=4759.5547 E_neg=5314.2959 margin=554.7412 E_wtd=0.000023 MSE=0.999922 neg_dist=13.5101 lang_grad0=0.0000 lang_gradK=0.0000 lang_disp=0.0000 step=0.0000 sigma=0.0000
[CD-DIAG step=700] E_pos=8011.3140 E_neg=8065.4473 margin=54.1333 E_wtd=0.189667 MSE=0.999104 neg_dist=1.9226 lang_grad0=0.0000 lang_gradK=0.0000 lang_disp=0.0000 step=0.0000 sigma=0.0000
[CD-DIAG step=800] E_pos=11953.6035 E_neg=13522.2783 margin=1568.6748 E_wtd=0.001863 MSE=0.994930 neg_dist=15.1257 lang_grad0=0.0000 lang_gradK=0.0000 lang_disp=0.0000 step=0.0000 sigma=0.0000
[CD-DIAG step=900] E_pos=7734.7910 E_neg=9062.1660 margin=1327.3750 E_wtd=0.000162 MSE=0.994520 neg_dist=15.2810 lang_grad0=0.0000 lang_gradK=0.0000 lang_disp=0.0000 step=0.0000 sigma=0.0000
[CD-DIAG step=1000] E_pos=13614.5273 E_neg=15739.8760 margin=2125.3486 E_wtd=0.004347 MSE=0.994182 neg_dist=15.2989 lang_grad0=0.0000 lang_gradK=0.0000 lang_disp=0.0000 step=0.0000 sigma=0.0000
Running Evaluation...
Validation Result @ Iteration 1000; Milestone = 1 (Train)
---------  -------
mse_error  2.89704
---------  -------
Validation Result @ Iteration 1000; Milestone = 1 (ID: Validation)
---  -------
mse  3.23256
---  -------
[CD-DIAG step=1100] E_pos=25885.5312 E_neg=27929.1016 margin=2043.5703 E_wtd=0.014354 MSE=0.992981 neg_dist=11.5987 lang_grad0=0.0000 lang_gradK=0.0000 lang_disp=0.0000 step=0.0000 sigma=0.0000
[CD-DIAG step=1200] E_pos=18509.6445 E_neg=19669.8594 margin=1160.2148 E_wtd=0.000026 MSE=0.993425 neg_dist=8.7808 lang_grad0=0.0000 lang_gradK=0.0000 lang_disp=0.0000 step=0.0000 sigma=0.0000
[CD-DIAG step=1300] E_pos=19401.7852 E_neg=23002.7617 margin=3600.9766 E_wtd=0.000000 MSE=0.990878 neg_dist=14.8008 lang_grad0=0.0000 lang_gradK=0.0000 lang_disp=0.0000 step=0.0000 sigma=0.0000
[CD-DIAG step=1400] E_pos=30487.9258 E_neg=31976.9805 margin=1489.0547 E_wtd=0.000678 MSE=0.986256 neg_dist=8.5206 lang_grad0=0.0000 lang_gradK=0.0000 lang_disp=0.0000 step=0.0000 sigma=0.0000
[CD-DIAG step=1500] E_pos=43551.0078 E_neg=43237.5156 margin=-313.4922 E_wtd=22.117054 MSE=0.984141 neg_dist=4.6259 lang_grad0=0.0000 lang_gradK=0.0000 lang_disp=0.0000 step=0.0000 sigma=0.0000
[CD-DIAG step=1600] E_pos=41522.6016 E_neg=43112.3477 margin=1589.7461 E_wtd=0.143632 MSE=0.982045 neg_dist=8.0735 lang_grad0=0.0000 lang_gradK=0.0000 lang_disp=0.0000 step=0.0000 sigma=0.0000
[CD-DIAG step=1700] E_pos=51334.6016 E_neg=51629.3125 margin=294.7109 E_wtd=0.401801 MSE=0.978279 neg_dist=1.6985 lang_grad0=0.0000 lang_gradK=0.0000 lang_disp=0.0000 step=0.0000 sigma=0.0000
[CD-DIAG step=1800] E_pos=86570.8438 E_neg=85017.4297 margin=-1553.4141 E_wtd=81.616516 MSE=0.962864 neg_dist=4.4879 lang_grad0=0.0000 lang_gradK=0.0000 lang_disp=0.0000 step=0.0000 sigma=0.0000
[CD-DIAG step=1900] E_pos=129723.8125 E_neg=142078.1250 margin=12354.3125 E_wtd=0.008481 MSE=0.944052 neg_dist=13.9762 lang_grad0=0.0000 lang_gradK=0.0000 lang_disp=0.0000 step=0.0000 sigma=0.0000
[CD-DIAG step=2000] E_pos=125125.5625 E_neg=125873.9375 margin=748.3750 E_wtd=0.516319 MSE=0.942330 neg_dist=1.6815 lang_grad0=0.0000 lang_gradK=0.0000 lang_disp=0.0000 step=0.0000 sigma=0.0000
Running Evaluation...
Validation Result @ Iteration 2000; Milestone = 2 (Train)
---------  -------
mse_error  3.10514
---------  -------
Validation Result @ Iteration 2000; Milestone = 2 (ID: Validation)
---  -------
mse  2.58482
---  -------
[CD-DIAG step=2100] E_pos=174642.5938 E_neg=187566.2344 margin=12923.6406 E_wtd=0.010757 MSE=0.919610 neg_dist=12.9780 lang_grad0=0.0000 lang_gradK=0.0000 lang_disp=0.0000 step=0.0000 sigma=0.0000
[CD-DIAG step=2200] E_pos=211194.4219 E_neg=211613.0625 margin=418.6406 E_wtd=1.424727 MSE=0.901452 neg_dist=1.6475 lang_grad0=0.0000 lang_gradK=0.0000 lang_disp=0.0000 step=0.0000 sigma=0.0000
[CD-DIAG step=2300] E_pos=269549.7500 E_neg=271963.6875 margin=2413.9375 E_wtd=48.601078 MSE=0.877935 neg_dist=10.3925 lang_grad0=0.0000 lang_gradK=0.0000 lang_disp=0.0000 step=0.0000 sigma=0.0000
[CD-DIAG step=2400] E_pos=284169.6250 E_neg=291968.0000 margin=7798.3750 E_wtd=2.665254 MSE=0.867356 neg_dist=10.8832 lang_grad0=0.0000 lang_gradK=0.0000 lang_disp=0.0000 step=0.0000 sigma=0.0000
[CD-DIAG step=2500] E_pos=307473.7500 E_neg=304046.7188 margin=-3427.0312 E_wtd=173.698059 MSE=0.851152 neg_dist=4.2769 lang_grad0=0.0000 lang_gradK=0.0000 lang_disp=0.0000 step=0.0000 sigma=0.0000
[CD-DIAG step=2600] E_pos=389157.6875 E_neg=396090.6875 margin=6933.0000 E_wtd=3.544107 MSE=0.818760 neg_dist=10.4152 lang_grad0=0.0000 lang_gradK=0.0000 lang_disp=0.0000 step=0.0000 sigma=0.0000
[CD-DIAG step=2700] E_pos=470372.5000 E_neg=471388.0000 margin=1015.5000 E_wtd=1.882855 MSE=0.792345 neg_dist=1.6735 lang_grad0=0.0000 lang_gradK=0.0000 lang_disp=0.0000 step=0.0000 sigma=0.0000
[CD-DIAG step=2800] E_pos=540636.0000 E_neg=538566.5625 margin=-2069.4375 E_wtd=135.026505 MSE=0.758821 neg_dist=6.1252 lang_grad0=0.0000 lang_gradK=0.0000 lang_disp=0.0000 step=0.0000 sigma=0.0000
[CD-DIAG step=2900] E_pos=711421.3750 E_neg=720090.6875 margin=8669.3125 E_wtd=1.536023 MSE=0.714313 neg_dist=10.8771 lang_grad0=0.0000 lang_gradK=0.0000 lang_disp=0.0000 step=0.0000 sigma=0.0000
[CD-DIAG step=3000] E_pos=679169.6250 E_neg=691254.2500 margin=12084.6250 E_wtd=0.002447 MSE=0.706883 neg_dist=10.6050 lang_grad0=0.0000 lang_gradK=0.0000 lang_disp=0.0000 step=0.0000 sigma=0.0000
Running Evaluation...
Validation Result @ Iteration 3000; Milestone = 3 (Train)
---------  -------
mse_error  2.37255
---------  -------
Validation Result @ Iteration 3000; Milestone = 3 (ID: Validation)
---  -------
mse  2.14928
---  -------
[CD-DIAG step=3100] E_pos=772371.7500 E_neg=783161.5625 margin=10789.8125 E_wtd=0.137488 MSE=0.678737 neg_dist=10.3448 lang_grad0=0.0000 lang_gradK=0.0000 lang_disp=0.0000 step=0.0000 sigma=0.0000
[CD-DIAG step=3200] E_pos=851766.6875 E_neg=860975.0000 margin=9208.3125 E_wtd=0.495278 MSE=0.657396 neg_dist=9.9379 lang_grad0=0.0000 lang_gradK=0.0000 lang_disp=0.0000 step=0.0000 sigma=0.0000
[CD-DIAG step=3300] E_pos=991132.5000 E_neg=987992.6250 margin=-3139.8750 E_wtd=170.000778 MSE=0.626793 neg_dist=5.5660 lang_grad0=0.0000 lang_gradK=0.0000 lang_disp=0.0000 step=0.0000 sigma=0.0000
[CD-DIAG step=3400] E_pos=839276.6250 E_neg=836864.1875 margin=-2412.4375 E_wtd=124.333160 MSE=0.645717 neg_dist=3.6232 lang_grad0=0.0000 lang_gradK=0.0000 lang_disp=0.0000 step=0.0000 sigma=0.0000
[CD-DIAG step=3500] E_pos=870765.7500 E_neg=868171.3750 margin=-2594.3750 E_wtd=133.242310 MSE=0.636806 neg_dist=3.5732 lang_grad0=0.0000 lang_gradK=0.0000 lang_disp=0.0000 step=0.0000 sigma=0.0000
[CD-DIAG step=3600] E_pos=990710.5625 E_neg=988693.0000 margin=-2017.5625 E_wtd=106.194664 MSE=0.611542 neg_dist=3.4799 lang_grad0=0.0000 lang_gradK=0.0000 lang_disp=0.0000 step=0.0000 sigma=0.0000
[CD-DIAG step=3700] E_pos=1035954.0000 E_neg=1043574.1250 margin=7620.1250 E_wtd=0.345404 MSE=0.599764 neg_dist=8.7870 lang_grad0=0.0000 lang_gradK=0.0000 lang_disp=0.0000 step=0.0000 sigma=0.0000
[CD-DIAG step=3800] E_pos=943448.8750 E_neg=950560.3750 margin=7111.5000 E_wtd=0.371016 MSE=0.612077 neg_dist=8.5243 lang_grad0=0.0000 lang_gradK=0.0000 lang_disp=0.0000 step=0.0000 sigma=0.0000
[CD-DIAG step=3900] E_pos=938858.7500 E_neg=937279.2500 margin=-1579.5000 E_wtd=88.403862 MSE=0.608120 neg_dist=3.3898 lang_grad0=0.0000 lang_gradK=0.0000 lang_disp=0.0000 step=0.0000 sigma=0.0000
[CD-DIAG step=4000] E_pos=1045507.5000 E_neg=1046989.3750 margin=1481.8750 E_wtd=34.567986 MSE=0.591772 neg_dist=7.6139 lang_grad0=0.0000 lang_gradK=0.0000 lang_disp=0.0000 step=0.0000 sigma=0.0000
Running Evaluation...
Validation Result @ Iteration 4000; Milestone = 4 (Train)
---------  -------
mse_error  1.65651
---------  -------
Validation Result @ Iteration 4000; Milestone = 4 (ID: Validation)
---  -------
mse  1.82075
---  -------
[CD-DIAG step=4100] E_pos=1040413.4375 E_neg=1045987.8750 margin=5574.4375 E_wtd=1.150452 MSE=0.589204 neg_dist=7.4256 lang_grad0=0.0000 lang_gradK=0.0000 lang_disp=0.0000 step=0.0000 sigma=0.0000
[CD-DIAG step=4200] E_pos=1094201.5000 E_neg=1103536.2500 margin=9334.7500 E_wtd=0.195777 MSE=0.581224 neg_dist=8.9461 lang_grad0=0.0000 lang_gradK=0.0000 lang_disp=0.0000 step=0.0000 sigma=0.0000
[CD-DIAG step=4300] E_pos=1055483.0000 E_neg=1067272.0000 margin=11789.0000 E_wtd=0.031944 MSE=0.578663 neg_dist=9.1352 lang_grad0=0.0000 lang_gradK=0.0000 lang_disp=0.0000 step=0.0000 sigma=0.0000
[CD-DIAG step=4400] E_pos=994029.3750 E_neg=1003633.4375 margin=9604.0625 E_wtd=0.088026 MSE=0.591169 neg_dist=9.0509 lang_grad0=0.0000 lang_gradK=0.0000 lang_disp=0.0000 step=0.0000 sigma=0.0000
[CD-DIAG step=4500] E_pos=1015444.8125 E_neg=1025826.7500 margin=10381.9375 E_wtd=0.085207 MSE=0.588508 neg_dist=9.2531 lang_grad0=0.0000 lang_gradK=0.0000 lang_disp=0.0000 step=0.0000 sigma=0.0000
[CD-DIAG step=4600] E_pos=1080300.2500 E_neg=1079798.8750 margin=-501.3750 E_wtd=42.275383 MSE=0.574838 neg_dist=1.6613 lang_grad0=0.0000 lang_gradK=0.0000 lang_disp=0.0000 step=0.0000 sigma=0.0000
[CD-DIAG step=4700] E_pos=1070057.7500 E_neg=1080681.2500 margin=10623.5000 E_wtd=0.027661 MSE=0.572643 neg_dist=9.0336 lang_grad0=0.0000 lang_gradK=0.0000 lang_disp=0.0000 step=0.0000 sigma=0.0000
[CD-DIAG step=4800] E_pos=1102924.3750 E_neg=1103631.0000 margin=706.6250 E_wtd=27.949060 MSE=0.565864 neg_dist=4.9723 lang_grad0=0.0000 lang_gradK=0.0000 lang_disp=0.0000 step=0.0000 sigma=0.0000
[CD-DIAG step=4900] E_pos=1046505.2500 E_neg=1044496.0000 margin=-2009.2500 E_wtd=105.347977 MSE=0.572190 neg_dist=3.4184 lang_grad0=0.0000 lang_gradK=0.0000 lang_disp=0.0000 step=0.0000 sigma=0.0000
[CD-DIAG step=5000] E_pos=1181357.2500 E_neg=1180160.5000 margin=-1196.7500 E_wtd=71.501183 MSE=0.553099 neg_dist=1.6160 lang_grad0=0.0000 lang_gradK=0.0000 lang_disp=0.0000 step=0.0000 sigma=0.0000
Running Evaluation...
Validation Result @ Iteration 5000; Milestone = 5 (Train)
---------  -------
mse_error  1.28747
---------  -------
Validation Result @ Iteration 5000; Milestone = 5 (ID: Validation)
---  -------
mse  1.24434
---  -------
[CD-DIAG step=5100] E_pos=1062171.2500 E_neg=1073540.1250 margin=11368.8750 E_wtd=0.044550 MSE=0.567031 neg_dist=8.9640 lang_grad0=0.0000 lang_gradK=0.0000 lang_disp=0.0000 step=0.0000 sigma=0.0000
[CD-DIAG step=5200] E_pos=1083812.2500 E_neg=1086630.2500 margin=2818.0000 E_wtd=5.971859 MSE=0.560403 neg_dist=6.2947 lang_grad0=0.0000 lang_gradK=0.0000 lang_disp=0.0000 step=0.0000 sigma=0.0000
[CD-DIAG step=5300] E_pos=1145645.2500 E_neg=1145076.8750 margin=-568.3750 E_wtd=57.622780 MSE=0.554816 neg_dist=4.9975 lang_grad0=0.0000 lang_gradK=0.0000 lang_disp=0.0000 step=0.0000 sigma=0.0000
[CD-DIAG step=5400] E_pos=1134796.5000 E_neg=1142424.8750 margin=7628.3750 E_wtd=0.246426 MSE=0.553532 neg_dist=8.2197 lang_grad0=0.0000 lang_gradK=0.0000 lang_disp=0.0000 step=0.0000 sigma=0.0000
[CD-DIAG step=5500] E_pos=1168242.7500 E_neg=1172410.2500 margin=4167.5000 E_wtd=3.650728 MSE=0.549948 neg_dist=7.0451 lang_grad0=0.0000 lang_gradK=0.0000 lang_disp=0.0000 step=0.0000 sigma=0.0000
[CD-DIAG step=5600] E_pos=1153864.7500 E_neg=1163114.7500 margin=9250.0000 E_wtd=0.019639 MSE=0.546665 neg_dist=8.5554 lang_grad0=0.0000 lang_gradK=0.0000 lang_disp=0.0000 step=0.0000 sigma=0.0000
[CD-DIAG step=5700] E_pos=1112296.0000 E_neg=1120363.7500 margin=8067.7500 E_wtd=0.160697 MSE=0.554926 neg_dist=8.1447 lang_grad0=0.0000 lang_gradK=0.0000 lang_disp=0.0000 step=0.0000 sigma=0.0000
[CD-DIAG step=5800] E_pos=1120282.3750 E_neg=1129015.7500 margin=8733.3750 E_wtd=0.094259 MSE=0.544717 neg_dist=8.3766 lang_grad0=0.0000 lang_gradK=0.0000 lang_disp=0.0000 step=0.0000 sigma=0.0000
[CD-DIAG step=5900] E_pos=1075488.7500 E_neg=1082741.0000 margin=7252.2500 E_wtd=0.423405 MSE=0.552741 neg_dist=7.5077 lang_grad0=0.0000 lang_gradK=0.0000 lang_disp=0.0000 step=0.0000 sigma=0.0000
[CD-DIAG step=6000] E_pos=1080791.2500 E_neg=1081305.0000 margin=513.7500 E_wtd=15.264303 MSE=0.551928 neg_dist=1.6248 lang_grad0=0.0000 lang_gradK=0.0000 lang_disp=0.0000 step=0.0000 sigma=0.0000
Running Evaluation...
Validation Result @ Iteration 6000; Milestone = 6 (Train)
---------  -------
mse_error  1.00941
---------  -------
Validation Result @ Iteration 6000; Milestone = 6 (ID: Validation)
---  --------
mse  0.244341
---  --------
[CD-DIAG step=6100] E_pos=1194634.7500 E_neg=1202438.2500 margin=7803.5000 E_wtd=0.419916 MSE=0.537527 neg_dist=8.2776 lang_grad0=0.0000 lang_gradK=0.0000 lang_disp=0.0000 step=0.0000 sigma=0.0000
[CD-DIAG step=6200] E_pos=1185320.8750 E_neg=1195177.0000 margin=9856.1250 E_wtd=0.028406 MSE=0.532532 neg_dist=8.4387 lang_grad0=0.0000 lang_gradK=0.0000 lang_disp=0.0000 step=0.0000 sigma=0.0000
[CD-DIAG step=6300] E_pos=1201022.5000 E_neg=1200367.0000 margin=-655.5000 E_wtd=50.258858 MSE=0.531925 neg_dist=1.6420 lang_grad0=0.0000 lang_gradK=0.0000 lang_disp=0.0000 step=0.0000 sigma=0.0000
[CD-DIAG step=6400] E_pos=1172484.2500 E_neg=1180814.1250 margin=8329.8750 E_wtd=0.161227 MSE=0.532622 neg_dist=8.1179 lang_grad0=0.0000 lang_gradK=0.0000 lang_disp=0.0000 step=0.0000 sigma=0.0000
[CD-DIAG step=6500] E_pos=1150205.3750 E_neg=1156099.7500 margin=5894.3750 E_wtd=0.283397 MSE=0.534981 neg_dist=6.6733 lang_grad0=0.0000 lang_gradK=0.0000 lang_disp=0.0000 step=0.0000 sigma=0.0000
[CD-DIAG step=6600] E_pos=1179071.0000 E_neg=1182805.0000 margin=3734.0000 E_wtd=1.618895 MSE=0.531326 neg_dist=5.6708 lang_grad0=0.0000 lang_gradK=0.0000 lang_disp=0.0000 step=0.0000 sigma=0.0000
[CD-DIAG step=6700] E_pos=1276039.2500 E_neg=1280051.8750 margin=4012.6250 E_wtd=3.263534 MSE=0.518095 neg_dist=6.6760 lang_grad0=0.0000 lang_gradK=0.0000 lang_disp=0.0000 step=0.0000 sigma=0.0000
[CD-DIAG step=6800] E_pos=1231927.5000 E_neg=1238204.6250 margin=6277.1250 E_wtd=0.338163 MSE=0.524241 neg_dist=7.2661 lang_grad0=0.0000 lang_gradK=0.0000 lang_disp=0.0000 step=0.0000 sigma=0.0000
[CD-DIAG step=6900] E_pos=1202487.2500 E_neg=1211583.7500 margin=9096.5000 E_wtd=0.086469 MSE=0.527274 neg_dist=8.4939 lang_grad0=0.0000 lang_gradK=0.0000 lang_disp=0.0000 step=0.0000 sigma=0.0000
[CD-DIAG step=7000] E_pos=1201010.0000 E_neg=1210703.7500 margin=9693.7500 E_wtd=0.108661 MSE=0.523094 neg_dist=8.4074 lang_grad0=0.0000 lang_gradK=0.0000 lang_disp=0.0000 step=0.0000 sigma=0.0000
Running Evaluation...
Validation Result @ Iteration 7000; Milestone = 7 (Train)
---------  --------
mse_error  0.793607
---------  --------
Validation Result @ Iteration 7000; Milestone = 7 (ID: Validation)
---  --------
mse  0.112621
---  --------
[CD-DIAG step=7100] E_pos=1163294.1250 E_neg=1167958.7500 margin=4664.6250 E_wtd=0.723366 MSE=0.531651 neg_dist=6.5800 lang_grad0=0.0000 lang_gradK=0.0000 lang_disp=0.0000 step=0.0000 sigma=0.0000
[CD-DIAG step=7200] E_pos=1240740.2500 E_neg=1239900.2500 margin=-840.0000 E_wtd=58.823517 MSE=0.518400 neg_dist=2.9563 lang_grad0=0.0000 lang_gradK=0.0000 lang_disp=0.0000 step=0.0000 sigma=0.0000
[CD-DIAG step=7300] E_pos=1248093.0000 E_neg=1257623.5000 margin=9530.5000 E_wtd=0.131269 MSE=0.517607 neg_dist=8.1148 lang_grad0=0.0000 lang_gradK=0.0000 lang_disp=0.0000 step=0.0000 sigma=0.0000
[CD-DIAG step=7400] E_pos=1167737.0000 E_neg=1168201.0000 margin=464.0000 E_wtd=27.536030 MSE=0.527212 neg_dist=4.6104 lang_grad0=0.0000 lang_gradK=0.0000 lang_disp=0.0000 step=0.0000 sigma=0.0000
[CD-DIAG step=7500] E_pos=1172635.5000 E_neg=1172177.5000 margin=-458.0000 E_wtd=45.678932 MSE=0.522485 neg_dist=2.8217 lang_grad0=0.0000 lang_gradK=0.0000 lang_disp=0.0000 step=0.0000 sigma=0.0000
[CD-DIAG step=7600] E_pos=1152644.5000 E_neg=1160258.7500 margin=7614.2500 E_wtd=0.112583 MSE=0.526720 neg_dist=7.1810 lang_grad0=0.0000 lang_gradK=0.0000 lang_disp=0.0000 step=0.0000 sigma=0.0000
[CD-DIAG step=7700] E_pos=1250134.8750 E_neg=1257531.1250 margin=7396.2500 E_wtd=0.159894 MSE=0.512913 neg_dist=7.6284 lang_grad0=0.0000 lang_gradK=0.0000 lang_disp=0.0000 step=0.0000 sigma=0.0000
[CD-DIAG step=7800] E_pos=1211324.2500 E_neg=1220987.8750 margin=9663.6250 E_wtd=0.082826 MSE=0.521202 neg_dist=7.8807 lang_grad0=0.0000 lang_gradK=0.0000 lang_disp=0.0000 step=0.0000 sigma=0.0000
[CD-DIAG step=7900] E_pos=1176354.7500 E_neg=1183820.0000 margin=7465.2500 E_wtd=0.187261 MSE=0.520592 neg_dist=7.6272 lang_grad0=0.0000 lang_gradK=0.0000 lang_disp=0.0000 step=0.0000 sigma=0.0000
[CD-DIAG step=8000] E_pos=1214335.2500 E_neg=1223189.5000 margin=8854.2500 E_wtd=0.147297 MSE=0.518855 neg_dist=8.1516 lang_grad0=0.0000 lang_gradK=0.0000 lang_disp=0.0000 step=0.0000 sigma=0.0000
Running Evaluation...
Validation Result @ Iteration 8000; Milestone = 8 (Train)
---------  --------
mse_error  0.630392
---------  --------
