Job started at Wed Feb 18 10:58:58 EST 2026
Running on host: holygpu8a22606.rc.fas.harvard.edu
Job ID: 60969626
Git URL: https://github.com/mdkrasnow/research-repo.git
Git SHA: b3eced0c80d0754126a051a68e2c680289909e0d
Work directory: /tmp/ired-job-60969626
GPU info:
Wed Feb 18 10:58:59 2026       
+-----------------------------------------------------------------------------------------+
| NVIDIA-SMI 575.57.08              Driver Version: 575.57.08      CUDA Version: 12.9     |
|-----------------------------------------+------------------------+----------------------+
| GPU  Name                 Persistence-M | Bus-Id          Disp.A | Volatile Uncorr. ECC |
| Fan  Temp   Perf          Pwr:Usage/Cap |           Memory-Usage | GPU-Util  Compute M. |
|                                         |                        |               MIG M. |
|=========================================+========================+======================|
|   0  NVIDIA A100-SXM4-80GB          On  |   00000000:CA:00.0 Off |                    0 |
| N/A   26C    P0             59W /  500W |       0MiB /  81920MiB |      0%      Default |
|                                         |                        |             Disabled |
+-----------------------------------------+------------------------+----------------------+
                                                                                         
+-----------------------------------------------------------------------------------------+
| Processes:                                                                              |
|  GPU   GI   CI              PID   Type   Process name                        GPU Memory |
|        ID   ID                                                               Usage      |
|=========================================================================================|
|  No running processes found                                                             |
+-----------------------------------------------------------------------------------------+
Cloning repository...
Repository cloned and checked out to: b3eced0
Repository info:
b3eced0 Add 5 literature-validated CD training fixes for IRED-CD
Starting IRED-CD Stage 1 (CD loss + Langevin sampling)...
Loading configuration from: projects/ired/configs/q202_cd_langevin.json
Configuration saved to: results/ds_inverse/q202_cd_langevin/experiment_config.json
Setting random seed: 0
Starting experiment with mining strategy: cd_langevin
Configuration: {
  "experiment_name": "q202_cd_langevin",
  "description": "IRED-CD Investigation - Stage 1: CD loss + Langevin sampling",
  "investigation": "ired-cd",
  "ablation_stage": "cd_langevin",
  "mining_strategy": "cd_langevin",
  "rank": 20,
  "ood": false,
  "diffusion_steps": 10,
  "batch_size": 2048,
  "train_steps": 100000,
  "learning_rate": 0.0001,
  "mining_opt_steps": 30,
  "energy_reg_weight": 0.1,
  "mining_noise_scale": 1.5,
  "langevin_sigma_multiplier": 1.0,
  "langevin_grad_clip": 0.01,
  "use_langevin": true,
  "use_replay_buffer": false,
  "use_cd_loss": true,
  "use_residual_filter": false,
  "use_energy_schedule": false,
  "energy_loss_weight": 0.05,
  "adam_betas": [
    0.0,
    0.999
  ],
  "output_dir": "results/ds_inverse/q202_cd_langevin",
  "notes": "Ablation 1: Corrected CD loss (detach x_neg, NOT energy_neg). Langevin noise sigma=sqrt(2*eta). k=10 steps. No replay buffer yet.",
  "seed": 0
}
Dataset: Inverse matrices (20x20)
Input dimension: 400, Output dimension: 400
Trainer initialized. Output directory: results/ds_inverse/q202_cd_langevin
Training for 100000 steps...
Running Evaluation...
Validation Result @ Iteration 1000; Milestone = 1 (Train)
---------  -------
mse_error  3.83512
---------  -------
Validation Result @ Iteration 1000; Milestone = 1 (ID: Validation)
---  -------
mse  3.51256
---  -------
Running Evaluation...
Validation Result @ Iteration 2000; Milestone = 2 (Train)
---------  -------
mse_error  3.81304
---------  -------
Validation Result @ Iteration 2000; Milestone = 2 (ID: Validation)
---  -------
mse  3.37579
---  -------
Running Evaluation...
Validation Result @ Iteration 3000; Milestone = 3 (Train)
---------  -------
mse_error  3.80257
---------  -------
Validation Result @ Iteration 3000; Milestone = 3 (ID: Validation)
---  -------
mse  3.30533
---  -------
Running Evaluation...
Validation Result @ Iteration 4000; Milestone = 4 (Train)
---------  ------
mse_error  3.8003
---------  ------
Validation Result @ Iteration 4000; Milestone = 4 (ID: Validation)
---  -------
mse  3.28238
---  -------
Running Evaluation...
Validation Result @ Iteration 5000; Milestone = 5 (Train)
---------  -------
mse_error  3.80329
---------  -------
Validation Result @ Iteration 5000; Milestone = 5 (ID: Validation)
---  -------
mse  3.29011
---  -------
Running Evaluation...
Validation Result @ Iteration 6000; Milestone = 6 (Train)
---------  -------
mse_error  3.80599
---------  -------
Validation Result @ Iteration 6000; Milestone = 6 (ID: Validation)
---  -------
mse  3.30946
---  -------
Running Evaluation...
Validation Result @ Iteration 7000; Milestone = 7 (Train)
---------  -------
mse_error  3.80874
---------  -------
Validation Result @ Iteration 7000; Milestone = 7 (ID: Validation)
---  -------
mse  3.32117
---  -------
Running Evaluation...
Validation Result @ Iteration 8000; Milestone = 8 (Train)
---------  -------
mse_error  3.80974
---------  -------
Validation Result @ Iteration 8000; Milestone = 8 (ID: Validation)
---  -------
mse  3.33744
---  -------
Running Evaluation...
Validation Result @ Iteration 9000; Milestone = 9 (Train)
---------  -------
mse_error  3.81238
---------  -------
Validation Result @ Iteration 9000; Milestone = 9 (ID: Validation)
---  -------
mse  3.34674
---  -------
Running Evaluation...
Validation Result @ Iteration 10000; Milestone = 10 (Train)
---------  -------
mse_error  3.81307
---------  -------
Validation Result @ Iteration 10000; Milestone = 10 (ID: Validation)
---  -------
mse  3.35921
---  -------
Running Evaluation...
Validation Result @ Iteration 11000; Milestone = 11 (Train)
---------  -------
mse_error  3.81463
---------  -------
Validation Result @ Iteration 11000; Milestone = 11 (ID: Validation)
---  -------
mse  3.36586
---  -------
Running Evaluation...
Validation Result @ Iteration 12000; Milestone = 12 (Train)
---------  -------
mse_error  3.81707
---------  -------
Validation Result @ Iteration 12000; Milestone = 12 (ID: Validation)
---  -------
mse  3.37328
---  -------
Running Evaluation...
Validation Result @ Iteration 13000; Milestone = 13 (Train)
---------  -------
mse_error  3.81639
---------  -------
Validation Result @ Iteration 13000; Milestone = 13 (ID: Validation)
---  -------
mse  3.37766
---  -------
Running Evaluation...
Validation Result @ Iteration 14000; Milestone = 14 (Train)
---------  -------
mse_error  3.81797
---------  -------
Validation Result @ Iteration 14000; Milestone = 14 (ID: Validation)
---  -------
mse  3.38322
---  -------
Running Evaluation...
Validation Result @ Iteration 15000; Milestone = 15 (Train)
---------  -------
mse_error  3.81855
---------  -------
Validation Result @ Iteration 15000; Milestone = 15 (ID: Validation)
---  -------
mse  3.38483
---  -------
Running Evaluation...
Validation Result @ Iteration 16000; Milestone = 16 (Train)
---------  -------
mse_error  3.81842
---------  -------
Validation Result @ Iteration 16000; Milestone = 16 (ID: Validation)
---  -------
mse  3.38792
---  -------
Running Evaluation...
Validation Result @ Iteration 17000; Milestone = 17 (Train)
---------  -------
mse_error  3.81862
---------  -------
Validation Result @ Iteration 17000; Milestone = 17 (ID: Validation)
---  -------
mse  3.39234
---  -------
Running Evaluation...
Validation Result @ Iteration 18000; Milestone = 18 (Train)
---------  -------
mse_error  3.82157
---------  -------
Validation Result @ Iteration 18000; Milestone = 18 (ID: Validation)
---  ------
mse  3.3965
---  ------
Running Evaluation...
Validation Result @ Iteration 19000; Milestone = 19 (Train)
---------  -------
mse_error  3.82041
---------  -------
Validation Result @ Iteration 19000; Milestone = 19 (ID: Validation)
---  -------
mse  3.39956
---  -------
Running Evaluation...
Validation Result @ Iteration 20000; Milestone = 20 (Train)
---------  -------
mse_error  3.82229
---------  -------
Validation Result @ Iteration 20000; Milestone = 20 (ID: Validation)
---  -------
mse  3.40441
---  -------
Running Evaluation...
Validation Result @ Iteration 21000; Milestone = 21 (Train)
---------  -------
mse_error  3.82098
---------  -------
Validation Result @ Iteration 21000; Milestone = 21 (ID: Validation)
---  -------
mse  3.40798
---  -------
Running Evaluation...
Validation Result @ Iteration 22000; Milestone = 22 (Train)
---------  -------
mse_error  3.82089
---------  -------
Validation Result @ Iteration 22000; Milestone = 22 (ID: Validation)
---  -------
mse  3.40901
---  -------
Running Evaluation...
Validation Result @ Iteration 23000; Milestone = 23 (Train)
---------  -------
mse_error  3.82117
---------  -------
Validation Result @ Iteration 23000; Milestone = 23 (ID: Validation)
---  -------
mse  3.40966
---  -------
Running Evaluation...
Validation Result @ Iteration 24000; Milestone = 24 (Train)
---------  -------
mse_error  3.82232
---------  -------
Validation Result @ Iteration 24000; Milestone = 24 (ID: Validation)
---  -------
mse  3.41251
---  -------
Running Evaluation...
Validation Result @ Iteration 25000; Milestone = 25 (Train)
---------  ------
mse_error  3.8227
---------  ------
Validation Result @ Iteration 25000; Milestone = 25 (ID: Validation)
---  -------
mse  3.41366
---  -------
Running Evaluation...
Validation Result @ Iteration 26000; Milestone = 26 (Train)
---------  -------
mse_error  3.82154
---------  -------
Validation Result @ Iteration 26000; Milestone = 26 (ID: Validation)
---  -------
mse  3.41248
---  -------
Running Evaluation...
Validation Result @ Iteration 27000; Milestone = 27 (Train)
---------  -------
mse_error  3.82136
---------  -------
Validation Result @ Iteration 27000; Milestone = 27 (ID: Validation)
---  -------
mse  3.41456
---  -------
Running Evaluation...
Validation Result @ Iteration 28000; Milestone = 28 (Train)
---------  -------
mse_error  3.82357
---------  -------
Validation Result @ Iteration 28000; Milestone = 28 (ID: Validation)
---  -------
mse  3.41436
---  -------
Running Evaluation...
Validation Result @ Iteration 29000; Milestone = 29 (Train)
---------  -------
mse_error  3.82164
---------  -------
Validation Result @ Iteration 29000; Milestone = 29 (ID: Validation)
---  -------
mse  3.41443
---  -------
Running Evaluation...
Validation Result @ Iteration 30000; Milestone = 30 (Train)
---------  -------
mse_error  3.82289
---------  -------
Validation Result @ Iteration 30000; Milestone = 30 (ID: Validation)
---  ------
mse  3.4144
---  ------
Running Evaluation...
Validation Result @ Iteration 31000; Milestone = 31 (Train)
---------  -------
mse_error  3.82405
---------  -------
Validation Result @ Iteration 31000; Milestone = 31 (ID: Validation)
---  -------
mse  3.41461
---  -------
Running Evaluation...
Validation Result @ Iteration 32000; Milestone = 32 (Train)
---------  -------
mse_error  3.82327
---------  -------
Validation Result @ Iteration 32000; Milestone = 32 (ID: Validation)
---  -------
mse  3.41514
---  -------
Running Evaluation...
Validation Result @ Iteration 33000; Milestone = 33 (Train)
---------  -------
mse_error  3.82284
---------  -------
Validation Result @ Iteration 33000; Milestone = 33 (ID: Validation)
---  -------
mse  3.41435
---  -------
Running Evaluation...
Validation Result @ Iteration 34000; Milestone = 34 (Train)
---------  ------
mse_error  3.8224
---------  ------
Validation Result @ Iteration 34000; Milestone = 34 (ID: Validation)
---  -------
mse  3.41582
---  -------
Running Evaluation...
Validation Result @ Iteration 35000; Milestone = 35 (Train)
---------  -------
mse_error  3.82167
---------  -------
Validation Result @ Iteration 35000; Milestone = 35 (ID: Validation)
---  ------
mse  3.4157
---  ------
Running Evaluation...
Validation Result @ Iteration 36000; Milestone = 36 (Train)
---------  -------
mse_error  3.82287
---------  -------
Validation Result @ Iteration 36000; Milestone = 36 (ID: Validation)
---  -------
mse  3.41543
---  -------
Running Evaluation...
Validation Result @ Iteration 37000; Milestone = 37 (Train)
---------  -------
mse_error  3.82319
---------  -------
Validation Result @ Iteration 37000; Milestone = 37 (ID: Validation)
---  -------
mse  3.41599
---  -------
Running Evaluation...
Validation Result @ Iteration 38000; Milestone = 38 (Train)
---------  -------
mse_error  3.82304
---------  -------
Validation Result @ Iteration 38000; Milestone = 38 (ID: Validation)
---  -------
mse  3.41604
---  -------
Running Evaluation...
Validation Result @ Iteration 39000; Milestone = 39 (Train)
---------  -------
mse_error  3.82422
---------  -------
Validation Result @ Iteration 39000; Milestone = 39 (ID: Validation)
---  -------
mse  3.41517
---  -------
Running Evaluation...
Validation Result @ Iteration 40000; Milestone = 40 (Train)
---------  -------
mse_error  3.82292
---------  -------
Validation Result @ Iteration 40000; Milestone = 40 (ID: Validation)
---  -------
mse  3.41529
---  -------
Running Evaluation...
Validation Result @ Iteration 41000; Milestone = 41 (Train)
---------  -------
mse_error  3.82359
---------  -------
Validation Result @ Iteration 41000; Milestone = 41 (ID: Validation)
---  -------
mse  3.41513
---  -------
Running Evaluation...
Validation Result @ Iteration 42000; Milestone = 42 (Train)
---------  -------
mse_error  3.82426
---------  -------
Validation Result @ Iteration 42000; Milestone = 42 (ID: Validation)
---  -------
mse  3.41576
---  -------
Running Evaluation...
Validation Result @ Iteration 43000; Milestone = 43 (Train)
---------  -------
mse_error  3.82261
---------  -------
Validation Result @ Iteration 43000; Milestone = 43 (ID: Validation)
---  -------
mse  3.41552
---  -------
Running Evaluation...
Validation Result @ Iteration 44000; Milestone = 44 (Train)
---------  -------
mse_error  3.82294
---------  -------
Validation Result @ Iteration 44000; Milestone = 44 (ID: Validation)
---  -------
mse  3.41525
---  -------
Running Evaluation...
Validation Result @ Iteration 45000; Milestone = 45 (Train)
---------  -------
mse_error  3.82377
---------  -------
Validation Result @ Iteration 45000; Milestone = 45 (ID: Validation)
---  -------
mse  3.41577
---  -------
Running Evaluation...
Validation Result @ Iteration 46000; Milestone = 46 (Train)
---------  -------
mse_error  3.82324
---------  -------
Validation Result @ Iteration 46000; Milestone = 46 (ID: Validation)
---  -------
mse  3.41481
---  -------
Running Evaluation...
Validation Result @ Iteration 47000; Milestone = 47 (Train)
---------  -------
mse_error  3.82288
---------  -------
Validation Result @ Iteration 47000; Milestone = 47 (ID: Validation)
---  -------
mse  3.41577
---  -------
Running Evaluation...
Validation Result @ Iteration 48000; Milestone = 48 (Train)
---------  ------
mse_error  3.8231
---------  ------
Validation Result @ Iteration 48000; Milestone = 48 (ID: Validation)
---  -------
mse  3.41642
---  -------
Running Evaluation...
Validation Result @ Iteration 49000; Milestone = 49 (Train)
---------  -------
mse_error  3.82276
---------  -------
Validation Result @ Iteration 49000; Milestone = 49 (ID: Validation)
---  -------
mse  3.41574
---  -------
Running Evaluation...
Validation Result @ Iteration 50000; Milestone = 50 (Train)
---------  -------
mse_error  3.82219
---------  -------
Validation Result @ Iteration 50000; Milestone = 50 (ID: Validation)
---  -------
mse  3.41509
---  -------
Running Evaluation...
Validation Result @ Iteration 51000; Milestone = 51 (Train)
---------  -------
mse_error  3.82384
---------  -------
Validation Result @ Iteration 51000; Milestone = 51 (ID: Validation)
---  -------
mse  3.41472
---  -------
Running Evaluation...
Validation Result @ Iteration 52000; Milestone = 52 (Train)
---------  -------
mse_error  3.82294
---------  -------
Validation Result @ Iteration 52000; Milestone = 52 (ID: Validation)
---  ------
mse  3.4173
---  ------
Running Evaluation...
Validation Result @ Iteration 53000; Milestone = 53 (Train)
---------  -------
mse_error  3.82364
---------  -------
Validation Result @ Iteration 53000; Milestone = 53 (ID: Validation)
---  -------
mse  3.41649
---  -------
Running Evaluation...
Validation Result @ Iteration 54000; Milestone = 54 (Train)
---------  -------
mse_error  3.82384
---------  -------
Validation Result @ Iteration 54000; Milestone = 54 (ID: Validation)
---  -------
mse  3.41651
---  -------
Running Evaluation...
Validation Result @ Iteration 55000; Milestone = 55 (Train)
---------  -------
mse_error  3.82372
---------  -------
Validation Result @ Iteration 55000; Milestone = 55 (ID: Validation)
---  -------
mse  3.41469
---  -------
Running Evaluation...
Validation Result @ Iteration 56000; Milestone = 56 (Train)
---------  -------
mse_error  3.82317
---------  -------
Validation Result @ Iteration 56000; Milestone = 56 (ID: Validation)
---  -------
mse  3.41429
---  -------
Running Evaluation...
Validation Result @ Iteration 57000; Milestone = 57 (Train)
---------  -------
mse_error  3.82309
---------  -------
Validation Result @ Iteration 57000; Milestone = 57 (ID: Validation)
---  -------
mse  3.41631
---  -------
Running Evaluation...
Validation Result @ Iteration 58000; Milestone = 58 (Train)
---------  -------
mse_error  3.82394
---------  -------
Validation Result @ Iteration 58000; Milestone = 58 (ID: Validation)
---  -------
mse  3.41595
---  -------
Running Evaluation...
Validation Result @ Iteration 59000; Milestone = 59 (Train)
---------  -------
mse_error  3.82442
---------  -------
Validation Result @ Iteration 59000; Milestone = 59 (ID: Validation)
---  -------
mse  3.41563
---  -------
Running Evaluation...
Validation Result @ Iteration 60000; Milestone = 60 (Train)
---------  -------
mse_error  3.82333
---------  -------
Validation Result @ Iteration 60000; Milestone = 60 (ID: Validation)
---  -------
mse  3.41632
---  -------
Running Evaluation...
Validation Result @ Iteration 61000; Milestone = 61 (Train)
---------  -------
mse_error  3.82302
---------  -------
Validation Result @ Iteration 61000; Milestone = 61 (ID: Validation)
---  -------
mse  3.41651
---  -------
Running Evaluation...
Validation Result @ Iteration 62000; Milestone = 62 (Train)
---------  -------
mse_error  3.82213
---------  -------
Validation Result @ Iteration 62000; Milestone = 62 (ID: Validation)
---  -------
mse  3.41592
---  -------
Running Evaluation...
Validation Result @ Iteration 63000; Milestone = 63 (Train)
---------  -------
mse_error  3.82503
---------  -------
Validation Result @ Iteration 63000; Milestone = 63 (ID: Validation)
---  -------
mse  3.41621
---  -------
Running Evaluation...
Validation Result @ Iteration 64000; Milestone = 64 (Train)
---------  -------
mse_error  3.82219
---------  -------
Validation Result @ Iteration 64000; Milestone = 64 (ID: Validation)
---  -------
mse  3.41601
---  -------
Running Evaluation...
Validation Result @ Iteration 65000; Milestone = 65 (Train)
---------  -------
mse_error  3.82238
---------  -------
Validation Result @ Iteration 65000; Milestone = 65 (ID: Validation)
---  -------
mse  3.41489
---  -------
Running Evaluation...
Validation Result @ Iteration 66000; Milestone = 66 (Train)
---------  -------
mse_error  3.82301
---------  -------
Validation Result @ Iteration 66000; Milestone = 66 (ID: Validation)
---  -------
mse  3.41597
---  -------
Running Evaluation...
Validation Result @ Iteration 67000; Milestone = 67 (Train)
---------  -------
mse_error  3.82255
---------  -------
Validation Result @ Iteration 67000; Milestone = 67 (ID: Validation)
---  -------
mse  3.41566
---  -------
Running Evaluation...
Validation Result @ Iteration 68000; Milestone = 68 (Train)
---------  -------
mse_error  3.82365
---------  -------
Validation Result @ Iteration 68000; Milestone = 68 (ID: Validation)
---  -------
mse  3.41541
---  -------
Running Evaluation...
Validation Result @ Iteration 69000; Milestone = 69 (Train)
---------  -------
mse_error  3.82282
---------  -------
Validation Result @ Iteration 69000; Milestone = 69 (ID: Validation)
---  -------
mse  3.41562
---  -------
Running Evaluation...
Validation Result @ Iteration 70000; Milestone = 70 (Train)
---------  -------
mse_error  3.82381
---------  -------
Validation Result @ Iteration 70000; Milestone = 70 (ID: Validation)
---  -------
mse  3.41591
---  -------
Running Evaluation...
Validation Result @ Iteration 71000; Milestone = 71 (Train)
---------  -------
mse_error  3.82296
---------  -------
Validation Result @ Iteration 71000; Milestone = 71 (ID: Validation)
---  -------
mse  3.41476
---  -------
Running Evaluation...
Validation Result @ Iteration 72000; Milestone = 72 (Train)
---------  -------
mse_error  3.82412
---------  -------
Validation Result @ Iteration 72000; Milestone = 72 (ID: Validation)
---  -------
mse  3.41591
---  -------
Running Evaluation...
Validation Result @ Iteration 73000; Milestone = 73 (Train)
---------  -------
mse_error  3.82259
---------  -------
Validation Result @ Iteration 73000; Milestone = 73 (ID: Validation)
---  -------
mse  3.41675
---  -------
Running Evaluation...
Validation Result @ Iteration 74000; Milestone = 74 (Train)
---------  -------
mse_error  3.82218
---------  -------
Validation Result @ Iteration 74000; Milestone = 74 (ID: Validation)
---  -------
mse  3.41499
---  -------
Running Evaluation...
Validation Result @ Iteration 75000; Milestone = 75 (Train)
---------  -----
mse_error  3.823
---------  -----
Validation Result @ Iteration 75000; Milestone = 75 (ID: Validation)
---  -------
mse  3.41571
---  -------
Running Evaluation...
Validation Result @ Iteration 76000; Milestone = 76 (Train)
---------  -------
mse_error  3.82277
---------  -------
Validation Result @ Iteration 76000; Milestone = 76 (ID: Validation)
---  -------
mse  3.41524
---  -------
Running Evaluation...
Validation Result @ Iteration 77000; Milestone = 77 (Train)
---------  -------
mse_error  3.82284
---------  -------
Validation Result @ Iteration 77000; Milestone = 77 (ID: Validation)
---  -------
mse  3.41533
---  -------
Running Evaluation...
Validation Result @ Iteration 78000; Milestone = 78 (Train)
---------  -------
mse_error  3.82284
---------  -------
Validation Result @ Iteration 78000; Milestone = 78 (ID: Validation)
---  -------
mse  3.41662
---  -------
Running Evaluation...
Validation Result @ Iteration 79000; Milestone = 79 (Train)
---------  -------
mse_error  3.82273
---------  -------
Validation Result @ Iteration 79000; Milestone = 79 (ID: Validation)
---  -------
mse  3.41578
---  -------
Running Evaluation...
Validation Result @ Iteration 80000; Milestone = 80 (Train)
---------  -------
mse_error  3.82269
---------  -------
Validation Result @ Iteration 80000; Milestone = 80 (ID: Validation)
---  ------
mse  3.4168
---  ------
Running Evaluation...
Validation Result @ Iteration 81000; Milestone = 81 (Train)
---------  ------
mse_error  3.8231
---------  ------
Validation Result @ Iteration 81000; Milestone = 81 (ID: Validation)
---  -------
mse  3.41571
---  -------
Running Evaluation...
Validation Result @ Iteration 82000; Milestone = 82 (Train)
---------  ------
mse_error  3.8221
---------  ------
Validation Result @ Iteration 82000; Milestone = 82 (ID: Validation)
---  -----
mse  3.417
---  -----
Running Evaluation...
Validation Result @ Iteration 83000; Milestone = 83 (Train)
---------  -------
mse_error  3.82375
---------  -------
Validation Result @ Iteration 83000; Milestone = 83 (ID: Validation)
---  -------
mse  3.41533
---  -------
Running Evaluation...
Validation Result @ Iteration 84000; Milestone = 84 (Train)
---------  -------
mse_error  3.82281
---------  -------
Validation Result @ Iteration 84000; Milestone = 84 (ID: Validation)
---  -------
mse  3.41579
---  -------
Running Evaluation...
Validation Result @ Iteration 85000; Milestone = 85 (Train)
---------  -------
mse_error  3.82333
---------  -------
Validation Result @ Iteration 85000; Milestone = 85 (ID: Validation)
---  -------
mse  3.41563
---  -------
Running Evaluation...
Validation Result @ Iteration 86000; Milestone = 86 (Train)
---------  -------
mse_error  3.82263
---------  -------
Validation Result @ Iteration 86000; Milestone = 86 (ID: Validation)
---  -------
mse  3.41629
---  -------
Running Evaluation...
Validation Result @ Iteration 87000; Milestone = 87 (Train)
---------  -------
mse_error  3.82378
---------  -------
Validation Result @ Iteration 87000; Milestone = 87 (ID: Validation)
---  -------
mse  3.41488
---  -------
Running Evaluation...
Validation Result @ Iteration 88000; Milestone = 88 (Train)
---------  -------
mse_error  3.82233
---------  -------
Validation Result @ Iteration 88000; Milestone = 88 (ID: Validation)
---  -----
mse  3.417
---  -----
Running Evaluation...
Validation Result @ Iteration 89000; Milestone = 89 (Train)
---------  -------
mse_error  3.82344
---------  -------
Validation Result @ Iteration 89000; Milestone = 89 (ID: Validation)
---  -------
mse  3.41596
---  -------
Running Evaluation...
Validation Result @ Iteration 90000; Milestone = 90 (Train)
---------  -------
mse_error  3.82289
---------  -------
Validation Result @ Iteration 90000; Milestone = 90 (ID: Validation)
---  -------
mse  3.41611
---  -------
Running Evaluation...
Validation Result @ Iteration 91000; Milestone = 91 (Train)
---------  -------
mse_error  3.82383
---------  -------
Validation Result @ Iteration 91000; Milestone = 91 (ID: Validation)
---  -------
mse  3.41626
---  -------
Running Evaluation...
Validation Result @ Iteration 92000; Milestone = 92 (Train)
---------  -------
mse_error  3.82358
---------  -------
Validation Result @ Iteration 92000; Milestone = 92 (ID: Validation)
---  -------
mse  3.41671
---  -------
Running Evaluation...
Validation Result @ Iteration 93000; Milestone = 93 (Train)
---------  -------
mse_error  3.82321
---------  -------
Validation Result @ Iteration 93000; Milestone = 93 (ID: Validation)
---  -------
mse  3.41599
---  -------
Running Evaluation...
Validation Result @ Iteration 94000; Milestone = 94 (Train)
---------  -------
mse_error  3.82341
---------  -------
Validation Result @ Iteration 94000; Milestone = 94 (ID: Validation)
---  -------
mse  3.41539
---  -------
Running Evaluation...
Validation Result @ Iteration 95000; Milestone = 95 (Train)
---------  -------
mse_error  3.82188
---------  -------
Validation Result @ Iteration 95000; Milestone = 95 (ID: Validation)
---  -------
mse  3.41653
---  -------
Running Evaluation...
Validation Result @ Iteration 96000; Milestone = 96 (Train)
---------  -------
mse_error  3.82297
---------  -------
Validation Result @ Iteration 96000; Milestone = 96 (ID: Validation)
---  -------
mse  3.41635
---  -------
Running Evaluation...
Validation Result @ Iteration 97000; Milestone = 97 (Train)
---------  -------
mse_error  3.82365
---------  -------
Validation Result @ Iteration 97000; Milestone = 97 (ID: Validation)
---  -------
mse  3.41612
---  -------
Running Evaluation...
Validation Result @ Iteration 98000; Milestone = 98 (Train)
---------  -------
mse_error  3.82372
---------  -------
Validation Result @ Iteration 98000; Milestone = 98 (ID: Validation)
---  -------
mse  3.41524
---  -------
Running Evaluation...
Validation Result @ Iteration 99000; Milestone = 99 (Train)
---------  ------
mse_error  3.8232
---------  ------
Validation Result @ Iteration 99000; Milestone = 99 (ID: Validation)
---  -------
mse  3.41598
---  -------
Running Evaluation...
Validation Result @ Iteration 100000; Milestone = 100 (Train)
---------  -------
mse_error  3.82209
---------  -------
Validation Result @ Iteration 100000; Milestone = 100 (ID: Validation)
---  -------
mse  3.41517
---  -------
training complete
Training completed!
Results saved to: results/ds_inverse/q202_cd_langevin/results.json
Experiment completed at Wed Feb 18 13:05:26 EST 2026
Copying results to persistent storage...
sending incremental file list
./
ds_inverse/
ds_inverse/q202_cd_langevin/
ds_inverse/q202_cd_langevin/experiment_config.json
ds_inverse/q202_cd_langevin/model-1.pt
ds_inverse/q202_cd_langevin/model-10.pt
ds_inverse/q202_cd_langevin/model-100.pt
ds_inverse/q202_cd_langevin/model-11.pt
ds_inverse/q202_cd_langevin/model-12.pt
ds_inverse/q202_cd_langevin/model-13.pt
ds_inverse/q202_cd_langevin/model-14.pt
ds_inverse/q202_cd_langevin/model-15.pt
ds_inverse/q202_cd_langevin/model-16.pt
ds_inverse/q202_cd_langevin/model-17.pt
ds_inverse/q202_cd_langevin/model-18.pt
ds_inverse/q202_cd_langevin/model-19.pt
ds_inverse/q202_cd_langevin/model-2.pt
ds_inverse/q202_cd_langevin/model-20.pt
ds_inverse/q202_cd_langevin/model-21.pt
ds_inverse/q202_cd_langevin/model-22.pt
ds_inverse/q202_cd_langevin/model-23.pt
ds_inverse/q202_cd_langevin/model-24.pt
ds_inverse/q202_cd_langevin/model-25.pt
ds_inverse/q202_cd_langevin/model-26.pt
ds_inverse/q202_cd_langevin/model-27.pt
ds_inverse/q202_cd_langevin/model-28.pt
ds_inverse/q202_cd_langevin/model-29.pt
ds_inverse/q202_cd_langevin/model-3.pt
ds_inverse/q202_cd_langevin/model-30.pt
ds_inverse/q202_cd_langevin/model-31.pt
ds_inverse/q202_cd_langevin/model-32.pt
ds_inverse/q202_cd_langevin/model-33.pt
ds_inverse/q202_cd_langevin/model-34.pt
ds_inverse/q202_cd_langevin/model-35.pt
ds_inverse/q202_cd_langevin/model-36.pt
ds_inverse/q202_cd_langevin/model-37.pt
ds_inverse/q202_cd_langevin/model-38.pt
ds_inverse/q202_cd_langevin/model-39.pt
ds_inverse/q202_cd_langevin/model-4.pt
ds_inverse/q202_cd_langevin/model-40.pt
ds_inverse/q202_cd_langevin/model-41.pt
ds_inverse/q202_cd_langevin/model-42.pt
ds_inverse/q202_cd_langevin/model-43.pt
ds_inverse/q202_cd_langevin/model-44.pt
ds_inverse/q202_cd_langevin/model-45.pt
ds_inverse/q202_cd_langevin/model-46.pt
ds_inverse/q202_cd_langevin/model-47.pt
ds_inverse/q202_cd_langevin/model-48.pt
ds_inverse/q202_cd_langevin/model-49.pt
ds_inverse/q202_cd_langevin/model-5.pt
ds_inverse/q202_cd_langevin/model-50.pt
ds_inverse/q202_cd_langevin/model-51.pt
ds_inverse/q202_cd_langevin/model-52.pt
ds_inverse/q202_cd_langevin/model-53.pt
ds_inverse/q202_cd_langevin/model-54.pt
ds_inverse/q202_cd_langevin/model-55.pt
ds_inverse/q202_cd_langevin/model-56.pt
ds_inverse/q202_cd_langevin/model-57.pt
ds_inverse/q202_cd_langevin/model-58.pt
ds_inverse/q202_cd_langevin/model-59.pt
ds_inverse/q202_cd_langevin/model-6.pt
ds_inverse/q202_cd_langevin/model-60.pt
ds_inverse/q202_cd_langevin/model-61.pt
ds_inverse/q202_cd_langevin/model-62.pt
ds_inverse/q202_cd_langevin/model-63.pt
ds_inverse/q202_cd_langevin/model-64.pt
ds_inverse/q202_cd_langevin/model-65.pt
ds_inverse/q202_cd_langevin/model-66.pt
ds_inverse/q202_cd_langevin/model-67.pt
ds_inverse/q202_cd_langevin/model-68.pt
ds_inverse/q202_cd_langevin/model-69.pt
ds_inverse/q202_cd_langevin/model-7.pt
ds_inverse/q202_cd_langevin/model-70.pt
ds_inverse/q202_cd_langevin/model-71.pt
ds_inverse/q202_cd_langevin/model-72.pt
ds_inverse/q202_cd_langevin/model-73.pt
ds_inverse/q202_cd_langevin/model-74.pt
ds_inverse/q202_cd_langevin/model-75.pt
ds_inverse/q202_cd_langevin/model-76.pt
ds_inverse/q202_cd_langevin/model-77.pt
ds_inverse/q202_cd_langevin/model-78.pt
ds_inverse/q202_cd_langevin/model-79.pt
ds_inverse/q202_cd_langevin/model-8.pt
ds_inverse/q202_cd_langevin/model-80.pt
ds_inverse/q202_cd_langevin/model-81.pt
ds_inverse/q202_cd_langevin/model-82.pt
ds_inverse/q202_cd_langevin/model-83.pt
ds_inverse/q202_cd_langevin/model-84.pt
ds_inverse/q202_cd_langevin/model-85.pt
ds_inverse/q202_cd_langevin/model-86.pt
ds_inverse/q202_cd_langevin/model-87.pt
ds_inverse/q202_cd_langevin/model-88.pt
ds_inverse/q202_cd_langevin/model-89.pt
ds_inverse/q202_cd_langevin/model-9.pt
ds_inverse/q202_cd_langevin/model-90.pt
ds_inverse/q202_cd_langevin/model-91.pt
ds_inverse/q202_cd_langevin/model-92.pt
ds_inverse/q202_cd_langevin/model-93.pt
ds_inverse/q202_cd_langevin/model-94.pt
ds_inverse/q202_cd_langevin/model-95.pt
ds_inverse/q202_cd_langevin/model-96.pt
ds_inverse/q202_cd_langevin/model-97.pt
ds_inverse/q202_cd_langevin/model-98.pt
ds_inverse/q202_cd_langevin/model-99.pt
ds_inverse/q202_cd_langevin/results.json

sent 2,305,077,135 bytes  received 1,969 bytes  78,138,274.71 bytes/sec
total size is 2,304,508,042  speedup is 1.00
Results copied to /n/home03/mkrasnow/research-repo/projects/ired/results/
Cleaning up work directory...
