Job started at Tue Jan 20 03:43:53 EST 2026
Running on host: holygpu7c26105.rc.fas.harvard.edu
Job ID: 56017480
Git URL: https://github.com/mdkrasnow/research-repo.git
Git SHA: 75df3cf948d3c2f55a88339bba0c402af27b0413
Work directory: /tmp/ired-job-56017480
GPU info:
Tue Jan 20 03:43:53 2026       
+-----------------------------------------------------------------------------------------+
| NVIDIA-SMI 575.57.08              Driver Version: 575.57.08      CUDA Version: 12.9     |
|-----------------------------------------+------------------------+----------------------+
| GPU  Name                 Persistence-M | Bus-Id          Disp.A | Volatile Uncorr. ECC |
| Fan  Temp   Perf          Pwr:Usage/Cap |           Memory-Usage | GPU-Util  Compute M. |
|                                         |                        |               MIG M. |
|=========================================+========================+======================|
|   0  NVIDIA A100-SXM4-40GB          On  |   00000000:E3:00.0 Off |                   On |
| N/A   36C    P0            178W /  400W |   17898MiB /  40960MiB |     N/A      Default |
|                                         |                        |              Enabled |
+-----------------------------------------+------------------------+----------------------+

+-----------------------------------------------------------------------------------------+
| MIG devices:                                                                            |
+------------------+----------------------------------+-----------+-----------------------+
| GPU  GI  CI  MIG |                     Memory-Usage |        Vol|        Shared         |
|      ID  ID  Dev |                       BAR1-Usage | SM     Unc| CE ENC  DEC  OFA  JPG |
|                  |                                  |        ECC|                       |
|==================+==================================+===========+=======================|
|  0    2   0   0  |             107MiB / 20096MiB    | 42      0 |  3   0    2    0    0 |
|                  |                 0MiB / 32767MiB  |           |                       |
+------------------+----------------------------------+-----------+-----------------------+
                                                                                         
+-----------------------------------------------------------------------------------------+
| Processes:                                                                              |
|  GPU   GI   CI              PID   Type   Process name                        GPU Memory |
|        ID   ID                                                               Usage      |
|=========================================================================================|
|  No running processes found                                                             |
+-----------------------------------------------------------------------------------------+
Cloning repository...
Repository cloned and checked out to: 75df3cf
Repository info:
75df3cf Merge branch 'main' of https://github.com/mdkrasnow/research-repo
Starting matrix inversion with random negative mining...
Loading configuration from: projects/ired/configs/q002_random.json
Configuration saved to: results/ds_inverse/model_mlp_random/experiment_config.json
Starting experiment with mining strategy: random
Configuration: {
  "experiment_name": "q002_random",
  "description": "Matrix inversion with random negative mining",
  "mining_strategy": "random",
  "rank": 20,
  "ood": false,
  "diffusion_steps": 10,
  "batch_size": 2048,
  "train_steps": 100000,
  "learning_rate": 0.0001,
  "mining_opt_steps": 2,
  "mining_noise_scale": 3.0,
  "output_dir": "results/ds_inverse/model_mlp_random",
  "notes": "Random negative matrices sampled from uniform distribution."
}
Dataset: Inverse matrices (20x20)
Input dimension: 400, Output dimension: 400
Trainer initialized. Output directory: results/ds_inverse/model_mlp_random
Training for 100000 steps...
Running Evaluation...
Validation Result @ Iteration 1000; Milestone = 1 (Train)
---------  ------
mse_error  1.9229
---------  ------
