Job started at Thu Feb 19 10:56:52 EST 2026
Running on host: holygpu8a22406.rc.fas.harvard.edu
Job ID: 61183690
Git URL: https://github.com/mdkrasnow/research-repo.git
Git SHA: 68072879cec015022d527c62ad5800482c997026
Work directory: /tmp/ired-job-61183690
GPU info:
Thu Feb 19 10:56:52 2026       
+-----------------------------------------------------------------------------------------+
| NVIDIA-SMI 575.57.08              Driver Version: 575.57.08      CUDA Version: 12.9     |
|-----------------------------------------+------------------------+----------------------+
| GPU  Name                 Persistence-M | Bus-Id          Disp.A | Volatile Uncorr. ECC |
| Fan  Temp   Perf          Pwr:Usage/Cap |           Memory-Usage | GPU-Util  Compute M. |
|                                         |                        |               MIG M. |
|=========================================+========================+======================|
|   0  NVIDIA A100-SXM4-80GB          On  |   00000000:E3:00.0 Off |                    0 |
| N/A   26C    P0             58W /  500W |       0MiB /  81920MiB |      0%      Default |
|                                         |                        |             Disabled |
+-----------------------------------------+------------------------+----------------------+
                                                                                         
+-----------------------------------------------------------------------------------------+
| Processes:                                                                              |
|  GPU   GI   CI              PID   Type   Process name                        GPU Memory |
|        ID   ID                                                               Usage      |
|=========================================================================================|
|  No running processes found                                                             |
+-----------------------------------------------------------------------------------------+
Cloning repository...
Repository cloned and checked out to: 6807287
Repository info:
6807287 Add q214/q215: scalar energy + standard CD loss (no hinge), 100K steps
Starting q215: scalar energy + CD loss + Langevin + replay buffer...
Loading configuration from: projects/ired/configs/q215_scalar_cd_replay.json
Configuration saved to: results/ds_inverse/q215_scalar_cd_replay/experiment_config.json
Setting random seed: 0
Starting experiment with mining strategy: cd_langevin_replay
Configuration: {
  "experiment_name": "q215_scalar_cd_replay",
  "description": "Scalar energy head + CD loss + Langevin + replay buffer.",
  "investigation": "ired-cd",
  "ablation_stage": "scalar_cd_replay",
  "mining_strategy": "cd_langevin_replay",
  "rank": 20,
  "ood": false,
  "diffusion_steps": 10,
  "batch_size": 2048,
  "train_steps": 100000,
  "learning_rate": 0.0001,
  "mining_opt_steps": 10,
  "energy_reg_weight": 0.1,
  "mining_noise_scale": 1.5,
  "langevin_sigma_multiplier": 0.1,
  "use_langevin": true,
  "use_replay_buffer": true,
  "replay_buffer_size": 10000,
  "replay_buffer_buckets": 16,
  "replay_sample_prob": 0.95,
  "use_cd_loss": true,
  "use_ired_contrastive_loss": false,
  "use_scalar_energy": true,
  "use_residual_filter": false,
  "use_energy_schedule": false,
  "energy_loss_weight": 0.05,
  "adam_betas": [
    0.0,
    0.999
  ],
  "output_dir": "results/ds_inverse/q215_scalar_cd_replay",
  "notes": "CD loss + Langevin + replay buffer with scalar energy head. Replay buffer stores persistent Langevin chains for better mixing. Tests full CD pipeline without hinge/contrastive overhead.",
  "seed": 0
}
Dataset: Inverse matrices (20x20)
Input dimension: 400, Output dimension: 400
Trainer initialized. Output directory: results/ds_inverse/q215_scalar_cd_replay
Training for 100000 steps...
[CD-DIAG step=100] E_pos=0.2860 E_neg=0.0400 margin=-0.2460 E_wtd=-0.012298 MSE=0.998589 gradE=0.3385 pred=0.0002 neg_dist=24.7561 lang_grad0=0.0002 lang_gradK=0.0002 lang_disp=5.5799 step=0.4505 sigma=0.0916
[CD-DIAG step=200] E_pos=0.4522 E_neg=-0.0522 margin=-0.5044 E_wtd=-0.025220 MSE=1.001361 gradE=0.7369 pred=0.0004 neg_dist=25.0679 lang_grad0=0.0004 lang_gradK=0.0004 lang_disp=5.5374 step=0.4432 sigma=0.0909
[CD-DIAG step=300] E_pos=0.5436 E_neg=-0.1627 margin=-0.7063 E_wtd=-0.035313 MSE=1.000047 gradE=0.9645 pred=0.0005 neg_dist=25.3585 lang_grad0=0.0005 lang_gradK=0.0005 lang_disp=5.5349 step=0.4434 sigma=0.0910
[CD-DIAG step=400] E_pos=0.6086 E_neg=-0.3021 margin=-0.9107 E_wtd=-0.045535 MSE=1.000132 gradE=1.0245 pred=0.0005 neg_dist=25.1385 lang_grad0=0.0005 lang_gradK=0.0005 lang_disp=5.4919 step=0.4360 sigma=0.0901
[CD-DIAG step=500] E_pos=0.7342 E_neg=-0.2345 margin=-0.9686 E_wtd=-0.048432 MSE=0.999050 gradE=1.0209 pred=0.0005 neg_dist=25.5636 lang_grad0=0.0005 lang_gradK=0.0005 lang_disp=5.5273 step=0.4422 sigma=0.0909
[CD-DIAG step=600] E_pos=0.7771 E_neg=-0.3276 margin=-1.1047 E_wtd=-0.055237 MSE=1.000992 gradE=1.0072 pred=0.0005 neg_dist=25.3671 lang_grad0=0.0005 lang_gradK=0.0005 lang_disp=5.5179 step=0.4415 sigma=0.0907
[CD-DIAG step=700] E_pos=0.9088 E_neg=-0.3607 margin=-1.2696 E_wtd=-0.063479 MSE=0.999416 gradE=0.9998 pred=0.0005 neg_dist=25.6205 lang_grad0=0.0005 lang_gradK=0.0005 lang_disp=5.5579 step=0.4471 sigma=0.0914
