Job started at Thu Feb 19 10:58:19 EST 2026
Running on host: holygpu8a22305.rc.fas.harvard.edu
Job ID: 61183830
Git URL: https://github.com/mdkrasnow/research-repo.git
Git SHA: 68072879cec015022d527c62ad5800482c997026
Work directory: /tmp/ired-job-61183830
GPU info:
Thu Feb 19 10:58:19 2026       
+-----------------------------------------------------------------------------------------+
| NVIDIA-SMI 575.57.08              Driver Version: 575.57.08      CUDA Version: 12.9     |
|-----------------------------------------+------------------------+----------------------+
| GPU  Name                 Persistence-M | Bus-Id          Disp.A | Volatile Uncorr. ECC |
| Fan  Temp   Perf          Pwr:Usage/Cap |           Memory-Usage | GPU-Util  Compute M. |
|                                         |                        |               MIG M. |
|=========================================+========================+======================|
|   0  NVIDIA A100-SXM4-80GB          On  |   00000000:4B:00.0 Off |                    0 |
| N/A   27C    P0             62W /  500W |       0MiB /  81920MiB |      0%      Default |
|                                         |                        |             Disabled |
+-----------------------------------------+------------------------+----------------------+
                                                                                         
+-----------------------------------------------------------------------------------------+
| Processes:                                                                              |
|  GPU   GI   CI              PID   Type   Process name                        GPU Memory |
|        ID   ID                                                               Usage      |
|=========================================================================================|
|  No running processes found                                                             |
+-----------------------------------------------------------------------------------------+
Cloning repository...
Repository cloned and checked out to: 6807287
Repository info:
6807287 Add q214/q215: scalar energy + standard CD loss (no hinge), 100K steps
Starting q215: scalar energy + CD loss + Langevin + replay buffer...
Loading configuration from: projects/ired/configs/q215_scalar_cd_replay.json
Configuration saved to: results/ds_inverse/q215_scalar_cd_replay/experiment_config.json
Setting random seed: 1
Starting experiment with mining strategy: cd_langevin_replay
Configuration: {
  "experiment_name": "q215_scalar_cd_replay",
  "description": "Scalar energy head + CD loss + Langevin + replay buffer.",
  "investigation": "ired-cd",
  "ablation_stage": "scalar_cd_replay",
  "mining_strategy": "cd_langevin_replay",
  "rank": 20,
  "ood": false,
  "diffusion_steps": 10,
  "batch_size": 2048,
  "train_steps": 100000,
  "learning_rate": 0.0001,
  "mining_opt_steps": 10,
  "energy_reg_weight": 0.1,
  "mining_noise_scale": 1.5,
  "langevin_sigma_multiplier": 0.1,
  "use_langevin": true,
  "use_replay_buffer": true,
  "replay_buffer_size": 10000,
  "replay_buffer_buckets": 16,
  "replay_sample_prob": 0.95,
  "use_cd_loss": true,
  "use_ired_contrastive_loss": false,
  "use_scalar_energy": true,
  "use_residual_filter": false,
  "use_energy_schedule": false,
  "energy_loss_weight": 0.05,
  "adam_betas": [
    0.0,
    0.999
  ],
  "output_dir": "results/ds_inverse/q215_scalar_cd_replay",
  "notes": "CD loss + Langevin + replay buffer with scalar energy head. Replay buffer stores persistent Langevin chains for better mixing. Tests full CD pipeline without hinge/contrastive overhead.",
  "seed": 1
}
Dataset: Inverse matrices (20x20)
Input dimension: 400, Output dimension: 400
Trainer initialized. Output directory: results/ds_inverse/q215_scalar_cd_replay
Training for 100000 steps...
