Job started at Sun Feb 22 10:51:19 EST 2026
Running on host: holygpu8a16302.rc.fas.harvard.edu
Job ID: 61624477, Array Task ID: 9
GPU info:
Sun Feb 22 10:51:19 2026       
+-----------------------------------------------------------------------------------------+
| NVIDIA-SMI 575.57.08              Driver Version: 575.57.08      CUDA Version: 12.9     |
|-----------------------------------------+------------------------+----------------------+
| GPU  Name                 Persistence-M | Bus-Id          Disp.A | Volatile Uncorr. ECC |
| Fan  Temp   Perf          Pwr:Usage/Cap |           Memory-Usage | GPU-Util  Compute M. |
|                                         |                        |               MIG M. |
|=========================================+========================+======================|
|   0  NVIDIA H200                    On  |   00000000:06:00.0 Off |                    0 |
| N/A   26C    P0             75W /  700W |       0MiB / 143771MiB |      0%      Default |
|                                         |                        |             Disabled |
+-----------------------------------------+------------------------+----------------------+
                                                                                         
+-----------------------------------------------------------------------------------------+
| Processes:                                                                              |
|  GPU   GI   CI              PID   Type   Process name                        GPU Memory |
|        ID   ID                                                               Usage      |
|=========================================================================================|
|  No running processes found                                                             |
+-----------------------------------------------------------------------------------------+
Cloning repository...
Repository cloned and checked out to: 8e05da6
8e05da6 Add TAM experiment suite (q220): trajectory-anchored negative mining
Starting q220 TAM sweep config 32 (batch B: 23-44)...
Loading configuration from: projects/ired/configs/q220_sweep_32.json
Configuration saved to: results/ds_inverse/q220_sweep_32/experiment_config.json
Setting random seed: 0
Starting experiment with mining strategy: tam
Configuration: {
  "experiment_name": "q220_sweep_32",
  "description": "TAM mini-sweep: delta=1.5 pgd_steps=1 anchor=1 ctl=0.01 gc=False",
  "investigation": "ired-tam",
  "ablation_stage": "tam_sweep",
  "mining_strategy": "tam",
  "rank": 220,
  "ood": false,
  "diffusion_steps": 10,
  "batch_size": 2048,
  "train_steps": 20000,
  "learning_rate": 0.0001,
  "use_scalar_energy": true,
  "use_ired_contrastive_loss": false,
  "use_gradient_contrastive": false,
  "gc_temperature": 1.0,
  "use_pgd_negatives": true,
  "pgd_center_on_positive": false,
  "pgd_delta": 1.5,
  "pgd_step_size": 1.5,
  "mining_opt_steps": 1,
  "tam_trajectory_anchor_step": 1,
  "tam_ctl_weight": 0.01,
  "tam_recovery_steps": 3,
  "mining_noise_scale": 1.5,
  "use_replay_buffer": false,
  "use_cd_loss": false,
  "energy_loss_weight": 0.05,
  "energy_reg_weight": 0.0,
  "use_residual_filter": false,
  "use_energy_schedule": false,
  "adam_betas": [
    0.0,
    0.999
  ],
  "output_dir": "results/ds_inverse/q220_sweep_32",
  "notes": "TAM sweep config 32: delta=1.5, pgd_steps=1, anchor_step=1, ctl_weight=0.01, use_gc=False. 20k steps for compute-fair mini-sweep.",
  "seed": 0
}
Dataset: Inverse matrices (220x220)
Input dimension: 48400, Output dimension: 48400
Trainer initialized. Output directory: results/ds_inverse/q220_sweep_32
Training for 20000 steps...
