Job started at Mon Feb 16 15:20:54 EST 2026
Running on host: holygpu8a22406.rc.fas.harvard.edu
Job ID: 60620273
Git URL: https://github.com/mdkrasnow/research-repo.git
Git SHA: d2b8bc4a101998b3d7061762abd7248cbe4e15a7
Work directory: /tmp/ired-job-60620273
GPU info:
Mon Feb 16 15:20:54 2026       
+-----------------------------------------------------------------------------------------+
| NVIDIA-SMI 575.57.08              Driver Version: 575.57.08      CUDA Version: 12.9     |
|-----------------------------------------+------------------------+----------------------+
| GPU  Name                 Persistence-M | Bus-Id          Disp.A | Volatile Uncorr. ECC |
| Fan  Temp   Perf          Pwr:Usage/Cap |           Memory-Usage | GPU-Util  Compute M. |
|                                         |                        |               MIG M. |
|=========================================+========================+======================|
|   0  NVIDIA A100-SXM4-80GB          On  |   00000000:CA:00.0 Off |                    0 |
| N/A   27C    P0             60W /  500W |       0MiB /  81920MiB |      0%      Default |
|                                         |                        |             Disabled |
+-----------------------------------------+------------------------+----------------------+
                                                                                         
+-----------------------------------------------------------------------------------------+
| Processes:                                                                              |
|  GPU   GI   CI              PID   Type   Process name                        GPU Memory |
|        ID   ID                                                               Usage      |
|=========================================================================================|
|  No running processes found                                                             |
+-----------------------------------------------------------------------------------------+
Cloning repository...
Repository cloned and checked out to: d2b8bc4
Repository info:
d2b8bc4 Switch all q20x sbatch to gpu partition (gpu_test MaxSubmitPU=2 limit)
Starting IRED-CD baseline (current NCE implementation)...
Loading configuration from: projects/ired/configs/q201_baseline.json
Configuration saved to: results/ds_inverse/q201_baseline/experiment_config.json
Setting random seed: 0
Starting experiment with mining strategy: adversarial
Configuration: {
  "experiment_name": "q201_baseline",
  "description": "IRED-CD Investigation - Baseline (current NCE implementation for comparison)",
  "investigation": "ired-cd",
  "ablation_stage": "baseline",
  "mining_strategy": "adversarial",
  "rank": 20,
  "ood": false,
  "diffusion_steps": 10,
  "batch_size": 2048,
  "train_steps": 100000,
  "learning_rate": 0.0001,
  "mining_opt_steps": 10,
  "mining_noise_scale": 1.5,
  "output_dir": "results/ds_inverse/q201_baseline",
  "notes": "Current implementation with NCE loss. Baseline for IRED-CD ablation study. Using k=10 steps, noise_scale=1.5 (reduced from 3.0).",
  "seed": 0
}
Dataset: Inverse matrices (20x20)
Input dimension: 400, Output dimension: 400
Trainer initialized. Output directory: results/ds_inverse/q201_baseline
Training for 100000 steps...
Running Evaluation...
Validation Result @ Iteration 1000; Milestone = 1 (Train)
---------  -------
mse_error  1.68295
---------  -------
Validation Result @ Iteration 1000; Milestone = 1 (ID: Validation)
---  -------
mse  1.68038
---  -------
Running Evaluation...
Validation Result @ Iteration 2000; Milestone = 2 (Train)
---------  -------
mse_error  1.04557
---------  -------
Validation Result @ Iteration 2000; Milestone = 2 (ID: Validation)
---  -------
mse  1.04783
---  -------
Running Evaluation...
Validation Result @ Iteration 3000; Milestone = 3 (Train)
---------  --------
mse_error  0.644198
---------  --------
Validation Result @ Iteration 3000; Milestone = 3 (ID: Validation)
---  --------
mse  0.641899
---  --------
Running Evaluation...
Validation Result @ Iteration 4000; Milestone = 4 (Train)
---------  --------
mse_error  0.373893
---------  --------
Validation Result @ Iteration 4000; Milestone = 4 (ID: Validation)
---  --------
mse  0.371232
---  --------
Running Evaluation...
Validation Result @ Iteration 5000; Milestone = 5 (Train)
---------  --------
mse_error  0.234804
---------  --------
Validation Result @ Iteration 5000; Milestone = 5 (ID: Validation)
---  -------
mse  0.23244
---  -------
Running Evaluation...
Validation Result @ Iteration 6000; Milestone = 6 (Train)
---------  --------
mse_error  0.191726
---------  --------
Validation Result @ Iteration 6000; Milestone = 6 (ID: Validation)
---  --------
mse  0.186244
---  --------
Running Evaluation...
Validation Result @ Iteration 7000; Milestone = 7 (Train)
---------  -------
mse_error  0.14348
---------  -------
Validation Result @ Iteration 7000; Milestone = 7 (ID: Validation)
---  --------
mse  0.143058
---  --------
Running Evaluation...
Validation Result @ Iteration 8000; Milestone = 8 (Train)
---------  ---------
mse_error  0.0911759
---------  ---------
Validation Result @ Iteration 8000; Milestone = 8 (ID: Validation)
---  ---------
mse  0.0889848
---  ---------
Running Evaluation...
Validation Result @ Iteration 9000; Milestone = 9 (Train)
---------  --------
mse_error  0.023505
---------  --------
Validation Result @ Iteration 9000; Milestone = 9 (ID: Validation)
---  ---------
mse  0.0231115
---  ---------
Running Evaluation...
Validation Result @ Iteration 10000; Milestone = 10 (Train)
---------  ---------
mse_error  0.0122259
---------  ---------
Validation Result @ Iteration 10000; Milestone = 10 (ID: Validation)
---  ---------
mse  0.0126875
---  ---------
Running Evaluation...
Validation Result @ Iteration 11000; Milestone = 11 (Train)
---------  ---------
mse_error  0.0108011
---------  ---------
Validation Result @ Iteration 11000; Milestone = 11 (ID: Validation)
---  ---------
mse  0.0107594
---  ---------
Running Evaluation...
Validation Result @ Iteration 12000; Milestone = 12 (Train)
---------  ---------
mse_error  0.0102477
---------  ---------
Validation Result @ Iteration 12000; Milestone = 12 (ID: Validation)
---  ---------
mse  0.0103523
---  ---------
Running Evaluation...
Validation Result @ Iteration 13000; Milestone = 13 (Train)
---------  ---------
mse_error  0.0101759
---------  ---------
Validation Result @ Iteration 13000; Milestone = 13 (ID: Validation)
---  ---------
mse  0.0102594
---  ---------
Running Evaluation...
Validation Result @ Iteration 14000; Milestone = 14 (Train)
---------  ---------
mse_error  0.0101787
---------  ---------
Validation Result @ Iteration 14000; Milestone = 14 (ID: Validation)
---  ---------
mse  0.0101325
---  ---------
Running Evaluation...
Validation Result @ Iteration 15000; Milestone = 15 (Train)
---------  ---------
mse_error  0.0101235
---------  ---------
Validation Result @ Iteration 15000; Milestone = 15 (ID: Validation)
---  ---------
mse  0.0101797
---  ---------
Running Evaluation...
Validation Result @ Iteration 16000; Milestone = 16 (Train)
---------  ---------
mse_error  0.0101309
---------  ---------
Validation Result @ Iteration 16000; Milestone = 16 (ID: Validation)
---  ---------
mse  0.0100977
---  ---------
Running Evaluation...
Validation Result @ Iteration 17000; Milestone = 17 (Train)
---------  ---------
mse_error  0.0101604
---------  ---------
Validation Result @ Iteration 17000; Milestone = 17 (ID: Validation)
---  ---------
mse  0.0101272
---  ---------
Running Evaluation...
Validation Result @ Iteration 18000; Milestone = 18 (Train)
---------  ---------
mse_error  0.0100979
---------  ---------
Validation Result @ Iteration 18000; Milestone = 18 (ID: Validation)
---  --------
mse  0.010137
---  --------
Running Evaluation...
Validation Result @ Iteration 19000; Milestone = 19 (Train)
---------  ---------
mse_error  0.0101624
---------  ---------
Validation Result @ Iteration 19000; Milestone = 19 (ID: Validation)
---  ---------
mse  0.0101543
---  ---------
Running Evaluation...
Validation Result @ Iteration 20000; Milestone = 20 (Train)
---------  ---------
mse_error  0.0100403
---------  ---------
Validation Result @ Iteration 20000; Milestone = 20 (ID: Validation)
---  ---------
mse  0.0101376
---  ---------
Running Evaluation...
Validation Result @ Iteration 21000; Milestone = 21 (Train)
---------  ---------
mse_error  0.0101197
---------  ---------
Validation Result @ Iteration 21000; Milestone = 21 (ID: Validation)
---  ---------
mse  0.0101337
---  ---------
Running Evaluation...
Validation Result @ Iteration 22000; Milestone = 22 (Train)
---------  ---------
mse_error  0.0100726
---------  ---------
Validation Result @ Iteration 22000; Milestone = 22 (ID: Validation)
---  ---------
mse  0.0101009
---  ---------
Running Evaluation...
Validation Result @ Iteration 23000; Milestone = 23 (Train)
---------  ------
mse_error  0.0101
---------  ------
Validation Result @ Iteration 23000; Milestone = 23 (ID: Validation)
---  ---------
mse  0.0101223
---  ---------
Running Evaluation...
Validation Result @ Iteration 24000; Milestone = 24 (Train)
---------  ---------
mse_error  0.0101565
---------  ---------
Validation Result @ Iteration 24000; Milestone = 24 (ID: Validation)
---  ---------
mse  0.0101374
---  ---------
Running Evaluation...
Validation Result @ Iteration 25000; Milestone = 25 (Train)
---------  ---------
mse_error  0.0100883
---------  ---------
Validation Result @ Iteration 25000; Milestone = 25 (ID: Validation)
---  ---------
mse  0.0101661
---  ---------
Running Evaluation...
Validation Result @ Iteration 26000; Milestone = 26 (Train)
---------  --------
mse_error  0.010131
---------  --------
Validation Result @ Iteration 26000; Milestone = 26 (ID: Validation)
---  ---------
mse  0.0100887
---  ---------
Running Evaluation...
Validation Result @ Iteration 27000; Milestone = 27 (Train)
---------  ---------
mse_error  0.0101033
---------  ---------
Validation Result @ Iteration 27000; Milestone = 27 (ID: Validation)
---  ---------
mse  0.0101318
---  ---------
Running Evaluation...
Validation Result @ Iteration 28000; Milestone = 28 (Train)
---------  ---------
mse_error  0.0100185
---------  ---------
Validation Result @ Iteration 28000; Milestone = 28 (ID: Validation)
---  ---------
mse  0.0100715
---  ---------
Running Evaluation...
Validation Result @ Iteration 29000; Milestone = 29 (Train)
---------  --------
mse_error  0.010073
---------  --------
Validation Result @ Iteration 29000; Milestone = 29 (ID: Validation)
---  ---------
mse  0.0101008
---  ---------
Running Evaluation...
Validation Result @ Iteration 30000; Milestone = 30 (Train)
---------  ---------
mse_error  0.0102241
---------  ---------
Validation Result @ Iteration 30000; Milestone = 30 (ID: Validation)
---  ---------
mse  0.0100687
---  ---------
Running Evaluation...
Validation Result @ Iteration 31000; Milestone = 31 (Train)
---------  ---------
mse_error  0.0100598
---------  ---------
Validation Result @ Iteration 31000; Milestone = 31 (ID: Validation)
---  ---------
mse  0.0101159
---  ---------
Running Evaluation...
Validation Result @ Iteration 32000; Milestone = 32 (Train)
---------  ---------
mse_error  0.0100644
---------  ---------
Validation Result @ Iteration 32000; Milestone = 32 (ID: Validation)
---  --------
mse  0.010127
---  --------
Running Evaluation...
Validation Result @ Iteration 33000; Milestone = 33 (Train)
---------  ---------
mse_error  0.0100804
---------  ---------
Validation Result @ Iteration 33000; Milestone = 33 (ID: Validation)
---  ---------
mse  0.0100914
---  ---------
Running Evaluation...
Validation Result @ Iteration 34000; Milestone = 34 (Train)
---------  ---------
mse_error  0.0101657
---------  ---------
Validation Result @ Iteration 34000; Milestone = 34 (ID: Validation)
---  ---------
mse  0.0101205
---  ---------
Running Evaluation...
Validation Result @ Iteration 35000; Milestone = 35 (Train)
---------  ---------
mse_error  0.0100914
---------  ---------
Validation Result @ Iteration 35000; Milestone = 35 (ID: Validation)
---  ---------
mse  0.0101499
---  ---------
Running Evaluation...
Validation Result @ Iteration 36000; Milestone = 36 (Train)
---------  ---------
mse_error  0.0101063
---------  ---------
Validation Result @ Iteration 36000; Milestone = 36 (ID: Validation)
---  ---------
mse  0.0100919
---  ---------
Running Evaluation...
Validation Result @ Iteration 37000; Milestone = 37 (Train)
---------  ---------
mse_error  0.0101438
---------  ---------
Validation Result @ Iteration 37000; Milestone = 37 (ID: Validation)
---  ---------
mse  0.0100958
---  ---------
Running Evaluation...
Validation Result @ Iteration 38000; Milestone = 38 (Train)
---------  ---------
mse_error  0.0102654
---------  ---------
Validation Result @ Iteration 38000; Milestone = 38 (ID: Validation)
---  ---------
mse  0.0100907
---  ---------
Running Evaluation...
Validation Result @ Iteration 39000; Milestone = 39 (Train)
---------  ---------
mse_error  0.0101074
---------  ---------
Validation Result @ Iteration 39000; Milestone = 39 (ID: Validation)
---  ---------
mse  0.0100837
---  ---------
Running Evaluation...
Validation Result @ Iteration 40000; Milestone = 40 (Train)
---------  ---------
mse_error  0.0100791
---------  ---------
Validation Result @ Iteration 40000; Milestone = 40 (ID: Validation)
---  ---------
mse  0.0101167
---  ---------
Running Evaluation...
Validation Result @ Iteration 41000; Milestone = 41 (Train)
---------  ---------
mse_error  0.0101456
---------  ---------
Validation Result @ Iteration 41000; Milestone = 41 (ID: Validation)
---  --------
mse  0.010078
---  --------
Running Evaluation...
Validation Result @ Iteration 42000; Milestone = 42 (Train)
---------  ---------
mse_error  0.0101998
---------  ---------
Validation Result @ Iteration 42000; Milestone = 42 (ID: Validation)
---  --------
mse  0.010143
---  --------
Running Evaluation...
Validation Result @ Iteration 43000; Milestone = 43 (Train)
---------  ---------
mse_error  0.0101137
---------  ---------
Validation Result @ Iteration 43000; Milestone = 43 (ID: Validation)
---  ---------
mse  0.0100953
---  ---------
Running Evaluation...
Validation Result @ Iteration 44000; Milestone = 44 (Train)
---------  --------
mse_error  0.010137
---------  --------
Validation Result @ Iteration 44000; Milestone = 44 (ID: Validation)
---  ---------
mse  0.0101217
---  ---------
Running Evaluation...
Validation Result @ Iteration 45000; Milestone = 45 (Train)
---------  ---------
mse_error  0.0100911
---------  ---------
Validation Result @ Iteration 45000; Milestone = 45 (ID: Validation)
---  ---------
mse  0.0101373
---  ---------
Running Evaluation...
Validation Result @ Iteration 46000; Milestone = 46 (Train)
---------  ---------
mse_error  0.0101235
---------  ---------
Validation Result @ Iteration 46000; Milestone = 46 (ID: Validation)
---  ---------
mse  0.0101578
---  ---------
Running Evaluation...
Validation Result @ Iteration 47000; Milestone = 47 (Train)
---------  ---------
mse_error  0.0100969
---------  ---------
Validation Result @ Iteration 47000; Milestone = 47 (ID: Validation)
---  ---------
mse  0.0101206
---  ---------
Running Evaluation...
Validation Result @ Iteration 48000; Milestone = 48 (Train)
---------  ---------
mse_error  0.0101501
---------  ---------
Validation Result @ Iteration 48000; Milestone = 48 (ID: Validation)
---  ---------
mse  0.0101286
---  ---------
Running Evaluation...
Validation Result @ Iteration 49000; Milestone = 49 (Train)
---------  ---------
mse_error  0.0101343
---------  ---------
Validation Result @ Iteration 49000; Milestone = 49 (ID: Validation)
---  --------
mse  0.010094
---  --------
Running Evaluation...
Validation Result @ Iteration 50000; Milestone = 50 (Train)
---------  ---------
mse_error  0.0100963
---------  ---------
Validation Result @ Iteration 50000; Milestone = 50 (ID: Validation)
---  ---------
mse  0.0101014
---  ---------
Running Evaluation...
Validation Result @ Iteration 51000; Milestone = 51 (Train)
---------  ---------
mse_error  0.0101542
---------  ---------
Validation Result @ Iteration 51000; Milestone = 51 (ID: Validation)
---  ---------
mse  0.0101009
---  ---------
Running Evaluation...
Validation Result @ Iteration 52000; Milestone = 52 (Train)
---------  ---------
mse_error  0.0101334
---------  ---------
Validation Result @ Iteration 52000; Milestone = 52 (ID: Validation)
---  ---------
mse  0.0101125
---  ---------
Running Evaluation...
Validation Result @ Iteration 53000; Milestone = 53 (Train)
---------  ---------
mse_error  0.0100521
---------  ---------
Validation Result @ Iteration 53000; Milestone = 53 (ID: Validation)
---  ---------
mse  0.0100925
---  ---------
Running Evaluation...
Validation Result @ Iteration 54000; Milestone = 54 (Train)
---------  ---------
mse_error  0.0100542
---------  ---------
Validation Result @ Iteration 54000; Milestone = 54 (ID: Validation)
---  ---------
mse  0.0100986
---  ---------
Running Evaluation...
Validation Result @ Iteration 55000; Milestone = 55 (Train)
---------  ---------
mse_error  0.0100843
---------  ---------
Validation Result @ Iteration 55000; Milestone = 55 (ID: Validation)
---  ---------
mse  0.0101043
---  ---------
Running Evaluation...
Validation Result @ Iteration 56000; Milestone = 56 (Train)
---------  ---------
mse_error  0.0101742
---------  ---------
Validation Result @ Iteration 56000; Milestone = 56 (ID: Validation)
---  ---------
mse  0.0101146
---  ---------
Running Evaluation...
Validation Result @ Iteration 57000; Milestone = 57 (Train)
---------  -------
mse_error  0.01008
---------  -------
Validation Result @ Iteration 57000; Milestone = 57 (ID: Validation)
---  ---------
mse  0.0101306
---  ---------
Running Evaluation...
Validation Result @ Iteration 58000; Milestone = 58 (Train)
---------  ---------
mse_error  0.0101306
---------  ---------
Validation Result @ Iteration 58000; Milestone = 58 (ID: Validation)
---  ---------
mse  0.0101071
---  ---------
Running Evaluation...
Validation Result @ Iteration 59000; Milestone = 59 (Train)
---------  ---------
mse_error  0.0101983
---------  ---------
Validation Result @ Iteration 59000; Milestone = 59 (ID: Validation)
---  ---------
mse  0.0101029
---  ---------
Running Evaluation...
Validation Result @ Iteration 60000; Milestone = 60 (Train)
---------  ---------
mse_error  0.0101251
---------  ---------
Validation Result @ Iteration 60000; Milestone = 60 (ID: Validation)
---  ---------
mse  0.0101984
---  ---------
Running Evaluation...
Validation Result @ Iteration 61000; Milestone = 61 (Train)
---------  ---------
mse_error  0.0100843
---------  ---------
Validation Result @ Iteration 61000; Milestone = 61 (ID: Validation)
---  ---------
mse  0.0100986
---  ---------
Running Evaluation...
Validation Result @ Iteration 62000; Milestone = 62 (Train)
---------  ---------
mse_error  0.0101112
---------  ---------
Validation Result @ Iteration 62000; Milestone = 62 (ID: Validation)
---  ---------
mse  0.0100925
---  ---------
Running Evaluation...
Validation Result @ Iteration 63000; Milestone = 63 (Train)
---------  ---------
mse_error  0.0101332
---------  ---------
Validation Result @ Iteration 63000; Milestone = 63 (ID: Validation)
---  ---------
mse  0.0101135
---  ---------
Running Evaluation...
Validation Result @ Iteration 64000; Milestone = 64 (Train)
---------  ---------
mse_error  0.0100769
---------  ---------
Validation Result @ Iteration 64000; Milestone = 64 (ID: Validation)
---  ---------
mse  0.0101488
---  ---------
Running Evaluation...
Validation Result @ Iteration 65000; Milestone = 65 (Train)
---------  ---------
mse_error  0.0101214
---------  ---------
Validation Result @ Iteration 65000; Milestone = 65 (ID: Validation)
---  ---------
mse  0.0101055
---  ---------
Running Evaluation...
Validation Result @ Iteration 66000; Milestone = 66 (Train)
---------  ---------
mse_error  0.0100717
---------  ---------
Validation Result @ Iteration 66000; Milestone = 66 (ID: Validation)
---  ---------
mse  0.0101527
---  ---------
Running Evaluation...
Validation Result @ Iteration 67000; Milestone = 67 (Train)
---------  ---------
mse_error  0.0100692
---------  ---------
Validation Result @ Iteration 67000; Milestone = 67 (ID: Validation)
---  ---------
mse  0.0101554
---  ---------
Running Evaluation...
Validation Result @ Iteration 68000; Milestone = 68 (Train)
---------  ---------
mse_error  0.0101381
---------  ---------
Validation Result @ Iteration 68000; Milestone = 68 (ID: Validation)
---  ---------
mse  0.0101097
---  ---------
Running Evaluation...
Validation Result @ Iteration 69000; Milestone = 69 (Train)
---------  ---------
mse_error  0.0101384
---------  ---------
Validation Result @ Iteration 69000; Milestone = 69 (ID: Validation)
---  ---------
mse  0.0101157
---  ---------
Running Evaluation...
Validation Result @ Iteration 70000; Milestone = 70 (Train)
---------  ---------
mse_error  0.0101164
---------  ---------
Validation Result @ Iteration 70000; Milestone = 70 (ID: Validation)
---  ---------
mse  0.0101043
---  ---------
Running Evaluation...
Validation Result @ Iteration 71000; Milestone = 71 (Train)
---------  --------
mse_error  0.010144
---------  --------
Validation Result @ Iteration 71000; Milestone = 71 (ID: Validation)
---  ---------
mse  0.0101438
---  ---------
Running Evaluation...
Validation Result @ Iteration 72000; Milestone = 72 (Train)
---------  ---------
mse_error  0.0100836
---------  ---------
Validation Result @ Iteration 72000; Milestone = 72 (ID: Validation)
---  ---------
mse  0.0101165
---  ---------
Running Evaluation...
Validation Result @ Iteration 73000; Milestone = 73 (Train)
---------  ----------
mse_error  0.00999743
---------  ----------
Validation Result @ Iteration 73000; Milestone = 73 (ID: Validation)
---  ---------
mse  0.0100605
---  ---------
Running Evaluation...
Validation Result @ Iteration 74000; Milestone = 74 (Train)
---------  ---------
mse_error  0.0101983
---------  ---------
Validation Result @ Iteration 74000; Milestone = 74 (ID: Validation)
---  ---------
mse  0.0100974
---  ---------
Running Evaluation...
Validation Result @ Iteration 75000; Milestone = 75 (Train)
---------  --------
mse_error  0.010066
---------  --------
Validation Result @ Iteration 75000; Milestone = 75 (ID: Validation)
---  ---------
mse  0.0101226
---  ---------
Running Evaluation...
Validation Result @ Iteration 76000; Milestone = 76 (Train)
---------  ---------
mse_error  0.0101769
---------  ---------
Validation Result @ Iteration 76000; Milestone = 76 (ID: Validation)
---  --------
mse  0.010107
---  --------
Running Evaluation...
Validation Result @ Iteration 77000; Milestone = 77 (Train)
---------  ---------
mse_error  0.0101195
---------  ---------
Validation Result @ Iteration 77000; Milestone = 77 (ID: Validation)
---  ---------
mse  0.0100752
---  ---------
Running Evaluation...
Validation Result @ Iteration 78000; Milestone = 78 (Train)
---------  ---------
mse_error  0.0101749
---------  ---------
Validation Result @ Iteration 78000; Milestone = 78 (ID: Validation)
---  ---------
mse  0.0101412
---  ---------
Running Evaluation...
Validation Result @ Iteration 79000; Milestone = 79 (Train)
---------  --------
mse_error  0.010074
---------  --------
Validation Result @ Iteration 79000; Milestone = 79 (ID: Validation)
---  ---------
mse  0.0100711
---  ---------
Running Evaluation...
Validation Result @ Iteration 80000; Milestone = 80 (Train)
---------  ---------
mse_error  0.0101513
---------  ---------
Validation Result @ Iteration 80000; Milestone = 80 (ID: Validation)
---  ---------
mse  0.0101061
---  ---------
Running Evaluation...
Validation Result @ Iteration 81000; Milestone = 81 (Train)
---------  ---------
mse_error  0.0101409
---------  ---------
Validation Result @ Iteration 81000; Milestone = 81 (ID: Validation)
---  ---------
mse  0.0100465
---  ---------
Running Evaluation...
Validation Result @ Iteration 82000; Milestone = 82 (Train)
---------  ---------
mse_error  0.0100486
---------  ---------
Validation Result @ Iteration 82000; Milestone = 82 (ID: Validation)
---  ---------
mse  0.0101205
---  ---------
Running Evaluation...
Validation Result @ Iteration 83000; Milestone = 83 (Train)
---------  ---------
mse_error  0.0100283
---------  ---------
Validation Result @ Iteration 83000; Milestone = 83 (ID: Validation)
---  ---------
mse  0.0101187
---  ---------
Running Evaluation...
Validation Result @ Iteration 84000; Milestone = 84 (Train)
---------  ---------
mse_error  0.0101751
---------  ---------
Validation Result @ Iteration 84000; Milestone = 84 (ID: Validation)
---  ---------
mse  0.0101048
---  ---------
Running Evaluation...
Validation Result @ Iteration 85000; Milestone = 85 (Train)
---------  ---------
mse_error  0.0100997
---------  ---------
Validation Result @ Iteration 85000; Milestone = 85 (ID: Validation)
---  ---------
mse  0.0101264
---  ---------
Running Evaluation...
Validation Result @ Iteration 86000; Milestone = 86 (Train)
---------  --------
mse_error  0.010052
---------  --------
Validation Result @ Iteration 86000; Milestone = 86 (ID: Validation)
---  ---------
mse  0.0101053
---  ---------
Running Evaluation...
Validation Result @ Iteration 87000; Milestone = 87 (Train)
---------  ---------
mse_error  0.0101698
---------  ---------
Validation Result @ Iteration 87000; Milestone = 87 (ID: Validation)
---  ---------
mse  0.0101461
---  ---------
Running Evaluation...
Validation Result @ Iteration 88000; Milestone = 88 (Train)
---------  ---------
mse_error  0.0100976
---------  ---------
Validation Result @ Iteration 88000; Milestone = 88 (ID: Validation)
---  ---------
mse  0.0100772
---  ---------
Running Evaluation...
Validation Result @ Iteration 89000; Milestone = 89 (Train)
---------  ---------
mse_error  0.0100771
---------  ---------
Validation Result @ Iteration 89000; Milestone = 89 (ID: Validation)
---  ---------
mse  0.0101175
---  ---------
Running Evaluation...
Validation Result @ Iteration 90000; Milestone = 90 (Train)
---------  ---------
mse_error  0.0101189
---------  ---------
Validation Result @ Iteration 90000; Milestone = 90 (ID: Validation)
---  --------
mse  0.010079
---  --------
Running Evaluation...
Validation Result @ Iteration 91000; Milestone = 91 (Train)
---------  ---------
mse_error  0.0101078
---------  ---------
Validation Result @ Iteration 91000; Milestone = 91 (ID: Validation)
---  ---------
mse  0.0101088
---  ---------
Running Evaluation...
Validation Result @ Iteration 92000; Milestone = 92 (Train)
---------  ---------
mse_error  0.0100855
---------  ---------
Validation Result @ Iteration 92000; Milestone = 92 (ID: Validation)
---  ---------
mse  0.0101399
---  ---------
Running Evaluation...
Validation Result @ Iteration 93000; Milestone = 93 (Train)
---------  ---------
mse_error  0.0101043
---------  ---------
Validation Result @ Iteration 93000; Milestone = 93 (ID: Validation)
---  ---------
mse  0.0101308
---  ---------
Running Evaluation...
Validation Result @ Iteration 94000; Milestone = 94 (Train)
---------  --------
mse_error  0.010139
---------  --------
Validation Result @ Iteration 94000; Milestone = 94 (ID: Validation)
---  ---------
mse  0.0101142
---  ---------
Running Evaluation...
Validation Result @ Iteration 95000; Milestone = 95 (Train)
---------  ---------
mse_error  0.0100712
---------  ---------
Validation Result @ Iteration 95000; Milestone = 95 (ID: Validation)
---  ---------
mse  0.0101618
---  ---------
Running Evaluation...
Validation Result @ Iteration 96000; Milestone = 96 (Train)
---------  ---------
mse_error  0.0101136
---------  ---------
Validation Result @ Iteration 96000; Milestone = 96 (ID: Validation)
---  ---------
mse  0.0100874
---  ---------
Running Evaluation...
Validation Result @ Iteration 97000; Milestone = 97 (Train)
---------  ---------
mse_error  0.0101402
---------  ---------
Validation Result @ Iteration 97000; Milestone = 97 (ID: Validation)
---  ---------
mse  0.0100914
---  ---------
Running Evaluation...
Validation Result @ Iteration 98000; Milestone = 98 (Train)
---------  --------
mse_error  0.010071
---------  --------
Validation Result @ Iteration 98000; Milestone = 98 (ID: Validation)
---  ---------
mse  0.0101111
---  ---------
Running Evaluation...
Validation Result @ Iteration 99000; Milestone = 99 (Train)
---------  ---------
mse_error  0.0101337
---------  ---------
Validation Result @ Iteration 99000; Milestone = 99 (ID: Validation)
---  ---------
mse  0.0100988
---  ---------
Running Evaluation...
Validation Result @ Iteration 100000; Milestone = 100 (Train)
---------  ---------
mse_error  0.0100968
---------  ---------
Validation Result @ Iteration 100000; Milestone = 100 (ID: Validation)
---  ---------
mse  0.0100994
---  ---------
training complete
Training completed!
Results saved to: results/ds_inverse/q201_baseline/results.json
Experiment completed at Mon Feb 16 17:21:41 EST 2026
Copying results to persistent storage...
sending incremental file list
./
summary.md
test_run/
test_run/experiment_config.json

sent 2,490 bytes  received 69 bytes  5,118.00 bytes/sec
total size is 2,227  speedup is 0.87
Results copied to /n/home03/mkrasnow/research-repo/projects/ired/results/
Cleaning up work directory...
