Job started at Thu Feb 19 08:53:39 EST 2026
Running on host: holygpu8a22106.rc.fas.harvard.edu
Job ID: 61169134
Git URL: https://github.com/mdkrasnow/research-repo.git
Git SHA: ba81ab6d425c7ae6cfddbfef94c456ec29102ff8
Work directory: /tmp/ired-job-61169134
GPU info:
Thu Feb 19 08:53:40 2026       
+-----------------------------------------------------------------------------------------+
| NVIDIA-SMI 575.57.08              Driver Version: 575.57.08      CUDA Version: 12.9     |
|-----------------------------------------+------------------------+----------------------+
| GPU  Name                 Persistence-M | Bus-Id          Disp.A | Volatile Uncorr. ECC |
| Fan  Temp   Perf          Pwr:Usage/Cap |           Memory-Usage | GPU-Util  Compute M. |
|                                         |                        |               MIG M. |
|=========================================+========================+======================|
|   0  NVIDIA A100-SXM4-80GB          On  |   00000000:CA:00.0 Off |                    0 |
| N/A   26C    P0             57W /  500W |       0MiB /  81920MiB |      0%      Default |
|                                         |                        |             Disabled |
+-----------------------------------------+------------------------+----------------------+
                                                                                         
+-----------------------------------------------------------------------------------------+
| Processes:                                                                              |
|  GPU   GI   CI              PID   Type   Process name                        GPU Memory |
|        ID   ID                                                               Usage      |
|=========================================================================================|
|  No running processes found                                                             |
+-----------------------------------------------------------------------------------------+
Cloning repository...
Repository cloned and checked out to: ba81ab6
Repository info:
ba81ab6 Add gradE and pred_norm diagnostics to confirm gradient collapse hypothesis
Starting IRED-CD baseline (current NCE implementation)...
Loading configuration from: projects/ired/configs/q201_baseline.json
Configuration saved to: results/ds_inverse/q201_baseline/experiment_config.json
Setting random seed: 0
Starting experiment with mining strategy: adversarial
Configuration: {
  "experiment_name": "q201_baseline",
  "description": "IRED-CD Investigation - Baseline (current NCE implementation for comparison)",
  "investigation": "ired-cd",
  "ablation_stage": "baseline",
  "mining_strategy": "adversarial",
  "rank": 20,
  "ood": false,
  "diffusion_steps": 10,
  "batch_size": 2048,
  "train_steps": 20000,
  "learning_rate": 0.0001,
  "mining_opt_steps": 10,
  "mining_noise_scale": 1.5,
  "output_dir": "results/ds_inverse/q201_baseline",
  "notes": "Current implementation with NCE loss. Baseline for IRED-CD ablation study. Using k=10 steps, noise_scale=1.5 (reduced from 3.0).",
  "seed": 0
}
Dataset: Inverse matrices (20x20)
Input dimension: 400, Output dimension: 400
Trainer initialized. Output directory: results/ds_inverse/q201_baseline
Training for 20000 steps...
[CD-DIAG step=100] E_pos=982.8027 E_neg=1069.1506 margin=86.3479 E_wtd=0.002074 MSE=0.999072 gradE=22.8620 pred=0.0112 neg_dist=14.6223 lang_grad0=0.0000 lang_gradK=0.0000 lang_disp=0.0000 step=0.0000 sigma=0.0000
[CD-DIAG step=200] E_pos=2483.4136 E_neg=2498.9871 margin=15.5735 E_wtd=0.043188 MSE=1.001802 gradE=55.8820 pred=0.0273 neg_dist=2.0213 lang_grad0=0.0000 lang_gradK=0.0000 lang_disp=0.0000 step=0.0000 sigma=0.0000
[CD-DIAG step=300] E_pos=2075.4275 E_neg=2318.6951 margin=243.2676 E_wtd=0.000863 MSE=0.997979 gradE=54.3141 pred=0.0265 neg_dist=15.2602 lang_grad0=0.0000 lang_gradK=0.0000 lang_disp=0.0000 step=0.0000 sigma=0.0000
[CD-DIAG step=400] E_pos=3050.8589 E_neg=3148.8965 margin=98.0376 E_wtd=0.000115 MSE=1.000875 gradE=83.1889 pred=0.0406 neg_dist=5.4895 lang_grad0=0.0000 lang_gradK=0.0000 lang_disp=0.0000 step=0.0000 sigma=0.0000
[CD-DIAG step=500] E_pos=5491.3984 E_neg=5929.2949 margin=437.8965 E_wtd=0.000988 MSE=0.999086 gradE=142.2923 pred=0.0695 neg_dist=11.7589 lang_grad0=0.0000 lang_gradK=0.0000 lang_disp=0.0000 step=0.0000 sigma=0.0000
[CD-DIAG step=600] E_pos=4759.5547 E_neg=5314.2959 margin=554.7412 E_wtd=0.000023 MSE=0.999922 gradE=136.3416 pred=0.0665 neg_dist=13.5101 lang_grad0=0.0000 lang_gradK=0.0000 lang_disp=0.0000 step=0.0000 sigma=0.0000
[CD-DIAG step=700] E_pos=8011.3140 E_neg=8065.4473 margin=54.1333 E_wtd=0.189667 MSE=0.999104 gradE=223.0832 pred=0.1088 neg_dist=1.9226 lang_grad0=0.0000 lang_gradK=0.0000 lang_disp=0.0000 step=0.0000 sigma=0.0000
[CD-DIAG step=800] E_pos=11953.6035 E_neg=13522.2783 margin=1568.6748 E_wtd=0.001863 MSE=0.994930 gradE=315.7051 pred=0.1540 neg_dist=15.1257 lang_grad0=0.0000 lang_gradK=0.0000 lang_disp=0.0000 step=0.0000 sigma=0.0000
[CD-DIAG step=900] E_pos=7734.7910 E_neg=9062.1660 margin=1327.3750 E_wtd=0.000162 MSE=0.994520 gradE=254.1850 pred=0.1240 neg_dist=15.2810 lang_grad0=0.0000 lang_gradK=0.0000 lang_disp=0.0000 step=0.0000 sigma=0.0000
[CD-DIAG step=1000] E_pos=13614.5273 E_neg=15739.8760 margin=2125.3486 E_wtd=0.004347 MSE=0.994182 gradE=404.9634 pred=0.1978 neg_dist=15.2989 lang_grad0=0.0000 lang_gradK=0.0000 lang_disp=0.0000 step=0.0000 sigma=0.0000
Running Evaluation...
Validation Result @ Iteration 1000; Milestone = 1 (Train)
---------  -------
mse_error  2.89704
---------  -------
Validation Result @ Iteration 1000; Milestone = 1 (ID: Validation)
---  -------
mse  3.23256
---  -------
[CD-DIAG step=1100] E_pos=25885.5312 E_neg=27929.1016 margin=2043.5703 E_wtd=0.014354 MSE=0.992981 gradE=634.2687 pred=0.3099 neg_dist=11.5987 lang_grad0=0.0000 lang_gradK=0.0000 lang_disp=0.0000 step=0.0000 sigma=0.0000
[CD-DIAG step=1200] E_pos=18509.6445 E_neg=19669.8594 margin=1160.2148 E_wtd=0.000026 MSE=0.993425 gradE=543.1972 pred=0.2649 neg_dist=8.7808 lang_grad0=0.0000 lang_gradK=0.0000 lang_disp=0.0000 step=0.0000 sigma=0.0000
[CD-DIAG step=1300] E_pos=19401.7852 E_neg=23002.7617 margin=3600.9766 E_wtd=0.000000 MSE=0.990878 gradE=609.7096 pred=0.2977 neg_dist=14.8008 lang_grad0=0.0000 lang_gradK=0.0000 lang_disp=0.0000 step=0.0000 sigma=0.0000
[CD-DIAG step=1400] E_pos=30487.9258 E_neg=31976.9805 margin=1489.0547 E_wtd=0.000678 MSE=0.986256 gradE=865.0560 pred=0.4210 neg_dist=8.5206 lang_grad0=0.0000 lang_gradK=0.0000 lang_disp=0.0000 step=0.0000 sigma=0.0000
[CD-DIAG step=1500] E_pos=43551.0078 E_neg=43237.5156 margin=-313.4922 E_wtd=22.117054 MSE=0.984141 gradE=1160.9220 pred=0.5669 neg_dist=4.6259 lang_grad0=0.0000 lang_gradK=0.0000 lang_disp=0.0000 step=0.0000 sigma=0.0000
[CD-DIAG step=1600] E_pos=41522.6016 E_neg=43112.3477 margin=1589.7461 E_wtd=0.143632 MSE=0.982045 gradE=1131.9270 pred=0.5524 neg_dist=8.0735 lang_grad0=0.0000 lang_gradK=0.0000 lang_disp=0.0000 step=0.0000 sigma=0.0000
[CD-DIAG step=1700] E_pos=51334.6016 E_neg=51629.3125 margin=294.7109 E_wtd=0.401801 MSE=0.978279 gradE=1288.7477 pred=0.6290 neg_dist=1.6985 lang_grad0=0.0000 lang_gradK=0.0000 lang_disp=0.0000 step=0.0000 sigma=0.0000
[CD-DIAG step=1800] E_pos=86570.8438 E_neg=85017.4297 margin=-1553.4141 E_wtd=81.616516 MSE=0.962864 gradE=1923.2646 pred=0.9368 neg_dist=4.4879 lang_grad0=0.0000 lang_gradK=0.0000 lang_disp=0.0000 step=0.0000 sigma=0.0000
[CD-DIAG step=1900] E_pos=129723.8125 E_neg=142078.1250 margin=12354.3125 E_wtd=0.008481 MSE=0.944052 gradE=2634.5737 pred=1.2899 neg_dist=13.9762 lang_grad0=0.0000 lang_gradK=0.0000 lang_disp=0.0000 step=0.0000 sigma=0.0000
[CD-DIAG step=2000] E_pos=125125.5625 E_neg=125873.9375 margin=748.3750 E_wtd=0.516319 MSE=0.942330 gradE=2674.6772 pred=1.3080 neg_dist=1.6815 lang_grad0=0.0000 lang_gradK=0.0000 lang_disp=0.0000 step=0.0000 sigma=0.0000
Running Evaluation...
Validation Result @ Iteration 2000; Milestone = 2 (Train)
---------  -------
mse_error  3.10514
---------  -------
