Job started at Wed Feb 18 21:41:41 EST 2026
Running on host: holygpu8a22602.rc.fas.harvard.edu
Job ID: 61080105
Git URL: https://github.com/mdkrasnow/research-repo.git
Git SHA: 9125a0270f59e8930ae21028cf3fbfb301762a93
Work directory: /tmp/ired-job-61080105
GPU info:
Wed Feb 18 21:41:41 2026       
+-----------------------------------------------------------------------------------------+
| NVIDIA-SMI 575.57.08              Driver Version: 575.57.08      CUDA Version: 12.9     |
|-----------------------------------------+------------------------+----------------------+
| GPU  Name                 Persistence-M | Bus-Id          Disp.A | Volatile Uncorr. ECC |
| Fan  Temp   Perf          Pwr:Usage/Cap |           Memory-Usage | GPU-Util  Compute M. |
|                                         |                        |               MIG M. |
|=========================================+========================+======================|
|   0  NVIDIA A100-SXM4-80GB          On  |   00000000:31:00.0 Off |                    0 |
| N/A   27C    P0             58W /  500W |       0MiB /  81920MiB |      0%      Default |
|                                         |                        |             Disabled |
+-----------------------------------------+------------------------+----------------------+
                                                                                         
+-----------------------------------------------------------------------------------------+
| Processes:                                                                              |
|  GPU   GI   CI              PID   Type   Process name                        GPU Memory |
|        ID   ID                                                               Usage      |
|=========================================================================================|
|  No running processes found                                                             |
+-----------------------------------------------------------------------------------------+
Cloning repository...
Repository cloned and checked out to: 9125a02
Repository info:
9125a02 Add CD diagnostic logging and Langevin displacement tracking
Starting IRED-CD baseline (current NCE implementation)...
Loading configuration from: projects/ired/configs/q201_baseline.json
Configuration saved to: results/ds_inverse/q201_baseline/experiment_config.json
Setting random seed: 0
Starting experiment with mining strategy: adversarial
Configuration: {
  "experiment_name": "q201_baseline",
  "description": "IRED-CD Investigation - Baseline (current NCE implementation for comparison)",
  "investigation": "ired-cd",
  "ablation_stage": "baseline",
  "mining_strategy": "adversarial",
  "rank": 20,
  "ood": false,
  "diffusion_steps": 10,
  "batch_size": 2048,
  "train_steps": 20000,
  "learning_rate": 0.0001,
  "mining_opt_steps": 10,
  "mining_noise_scale": 1.5,
  "output_dir": "results/ds_inverse/q201_baseline",
  "notes": "Current implementation with NCE loss. Baseline for IRED-CD ablation study. Using k=10 steps, noise_scale=1.5 (reduced from 3.0).",
  "seed": 0
}
Dataset: Inverse matrices (20x20)
Input dimension: 400, Output dimension: 400
Trainer initialized. Output directory: results/ds_inverse/q201_baseline
Training for 20000 steps...
[CD-DIAG step=100] E_pos=922.0701 E_neg=1004.0630 CD_raw=-81.9929 CD_wtd=0.021444 MSE=0.999082 neg_dist=14.6228 lang_grad0=0.0000 lang_gradK=0.0000 lang_disp=0.0000 step=0.0000 sigma=0.0000
[CD-DIAG step=200] E_pos=2207.9932 E_neg=2222.7412 CD_raw=-14.7479 CD_wtd=0.379270 MSE=1.001848 neg_dist=2.0434 lang_grad0=0.0000 lang_gradK=0.0000 lang_disp=0.0000 step=0.0000 sigma=0.0000
[CD-DIAG step=300] E_pos=1576.7910 E_neg=1772.4227 CD_raw=-195.6316 CD_wtd=0.009784 MSE=0.998077 neg_dist=15.2625 lang_grad0=0.0000 lang_gradK=0.0000 lang_disp=0.0000 step=0.0000 sigma=0.0000
[CD-DIAG step=400] E_pos=2689.8843 E_neg=2778.9910 CD_raw=-89.1069 CD_wtd=0.002593 MSE=1.000954 neg_dist=5.5153 lang_grad0=0.0000 lang_gradK=0.0000 lang_disp=0.0000 step=0.0000 sigma=0.0000
[CD-DIAG step=500] E_pos=3398.5991 E_neg=3703.3071 CD_raw=-304.7081 CD_wtd=0.005838 MSE=0.999519 neg_dist=11.7939 lang_grad0=0.0000 lang_gradK=0.0000 lang_disp=0.0000 step=0.0000 sigma=0.0000
[CD-DIAG step=600] E_pos=3166.7925 E_neg=3562.6182 CD_raw=-395.8256 CD_wtd=0.000480 MSE=1.000316 neg_dist=13.5384 lang_grad0=0.0000 lang_gradK=0.0000 lang_disp=0.0000 step=0.0000 sigma=0.0000
[CD-DIAG step=700] E_pos=4396.9023 E_neg=4433.9531 CD_raw=-37.0514 CD_wtd=1.208390 MSE=1.000008 neg_dist=1.9424 lang_grad0=0.0000 lang_gradK=0.0000 lang_disp=0.0000 step=0.0000 sigma=0.0000
[CD-DIAG step=800] E_pos=8781.3662 E_neg=9916.4912 CD_raw=-1135.1250 CD_wtd=0.009309 MSE=0.995830 neg_dist=15.1507 lang_grad0=0.0000 lang_gradK=0.0000 lang_disp=0.0000 step=0.0000 sigma=0.0000
[CD-DIAG step=900] E_pos=5278.1514 E_neg=6177.0322 CD_raw=-898.8807 CD_wtd=0.000021 MSE=0.995363 neg_dist=15.3064 lang_grad0=0.0000 lang_gradK=0.0000 lang_disp=0.0000 step=0.0000 sigma=0.0000
[CD-DIAG step=1000] E_pos=11855.6074 E_neg=13532.0400 CD_raw=-1676.4329 CD_wtd=0.018492 MSE=0.995017 neg_dist=15.3248 lang_grad0=0.0000 lang_gradK=0.0000 lang_disp=0.0000 step=0.0000 sigma=0.0000
Running Evaluation...
Validation Result @ Iteration 1000; Milestone = 1 (Train)
---------  -------
mse_error  2.80981
---------  -------
Validation Result @ Iteration 1000; Milestone = 1 (ID: Validation)
---  ------
mse  3.2988
---  ------
[CD-DIAG step=1100] E_pos=19694.0410 E_neg=21311.7227 CD_raw=-1617.6824 CD_wtd=0.120763 MSE=0.995106 neg_dist=11.7604 lang_grad0=0.0000 lang_gradK=0.0000 lang_disp=0.0000 step=0.0000 sigma=0.0000
[CD-DIAG step=1200] E_pos=13392.8066 E_neg=14323.3467 CD_raw=-930.5403 CD_wtd=0.000001 MSE=0.995367 neg_dist=8.9436 lang_grad0=0.0000 lang_gradK=0.0000 lang_disp=0.0000 step=0.0000 sigma=0.0000
[CD-DIAG step=1300] E_pos=18616.9004 E_neg=21652.3438 CD_raw=-3035.4402 CD_wtd=0.000002 MSE=0.991756 neg_dist=14.8529 lang_grad0=0.0000 lang_gradK=0.0000 lang_disp=0.0000 step=0.0000 sigma=0.0000
[CD-DIAG step=1400] E_pos=27701.6387 E_neg=29147.4062 CD_raw=-1445.7690 CD_wtd=0.100834 MSE=0.988084 neg_dist=8.6557 lang_grad0=0.0000 lang_gradK=0.0000 lang_disp=0.0000 step=0.0000 sigma=0.0000
[CD-DIAG step=1500] E_pos=32784.5195 E_neg=32943.7812 CD_raw=-159.2637 CD_wtd=42.495476 MSE=0.988503 neg_dist=4.7395 lang_grad0=0.0000 lang_gradK=0.0000 lang_disp=0.0000 step=0.0000 sigma=0.0000
[CD-DIAG step=1600] E_pos=38477.0469 E_neg=40080.1641 CD_raw=-1603.1150 CD_wtd=0.167847 MSE=0.984471 neg_dist=8.1948 lang_grad0=0.0000 lang_gradK=0.0000 lang_disp=0.0000 step=0.0000 sigma=0.0000
[CD-DIAG step=1700] E_pos=41395.0352 E_neg=41633.9453 CD_raw=-238.9082 CD_wtd=4.937898 MSE=0.983575 neg_dist=1.7173 lang_grad0=0.0000 lang_gradK=0.0000 lang_disp=0.0000 step=0.0000 sigma=0.0000
[CD-DIAG step=1800] E_pos=54574.3203 E_neg=54192.0859 CD_raw=382.2330 CD_wtd=264.070190 MSE=0.976344 neg_dist=4.5332 lang_grad0=0.0000 lang_gradK=0.0000 lang_disp=0.0000 step=0.0000 sigma=0.0000
[CD-DIAG step=1900] E_pos=94615.7656 E_neg=106169.2031 CD_raw=-11553.4375 CD_wtd=0.023979 MSE=0.960507 neg_dist=14.4850 lang_grad0=0.0000 lang_gradK=0.0000 lang_disp=0.0000 step=0.0000 sigma=0.0000
[CD-DIAG step=2000] E_pos=99960.0078 E_neg=100587.8438 CD_raw=-627.8390 CD_wtd=6.350780 MSE=0.957728 neg_dist=1.6835 lang_grad0=0.0000 lang_gradK=0.0000 lang_disp=0.0000 step=0.0000 sigma=0.0000
Running Evaluation...
Validation Result @ Iteration 2000; Milestone = 2 (Train)
---------  -------
mse_error  3.17319
---------  -------
Validation Result @ Iteration 2000; Milestone = 2 (ID: Validation)
---  -------
mse  2.68989
---  -------
[CD-DIAG step=2100] E_pos=133383.3125 E_neg=145567.5938 CD_raw=-12184.2812 CD_wtd=0.453522 MSE=0.942286 neg_dist=13.5448 lang_grad0=0.0000 lang_gradK=0.0000 lang_disp=0.0000 step=0.0000 sigma=0.0000
[CD-DIAG step=2200] E_pos=159148.8438 E_neg=159470.8125 CD_raw=-321.9568 CD_wtd=14.884021 MSE=0.930517 neg_dist=1.6509 lang_grad0=0.0000 lang_gradK=0.0000 lang_disp=0.0000 step=0.0000 sigma=0.0000
[CD-DIAG step=2300] E_pos=178029.8906 E_neg=183278.2031 CD_raw=-5248.3179 CD_wtd=45.209015 MSE=0.920470 neg_dist=11.0110 lang_grad0=0.0000 lang_gradK=0.0000 lang_disp=0.0000 step=0.0000 sigma=0.0000
[CD-DIAG step=2400] E_pos=213409.4375 E_neg=221028.4375 CD_raw=-7619.0107 CD_wtd=17.962029 MSE=0.906011 neg_dist=11.5262 lang_grad0=0.0000 lang_gradK=0.0000 lang_disp=0.0000 step=0.0000 sigma=0.0000
[CD-DIAG step=2500] E_pos=224125.1875 E_neg=220534.9375 CD_raw=3590.2622 CD_wtd=1811.647705 MSE=0.894488 neg_dist=4.3981 lang_grad0=0.0000 lang_gradK=0.0000 lang_disp=0.0000 step=0.0000 sigma=0.0000
[CD-DIAG step=2600] E_pos=297688.6875 E_neg=304833.0938 CD_raw=-7144.3843 CD_wtd=28.778057 MSE=0.865646 neg_dist=11.0109 lang_grad0=0.0000 lang_gradK=0.0000 lang_disp=0.0000 step=0.0000 sigma=0.0000
[CD-DIAG step=2700] E_pos=363013.7500 E_neg=364023.5625 CD_raw=-1009.8300 CD_wtd=14.229496 MSE=0.842114 neg_dist=1.6746 lang_grad0=0.0000 lang_gradK=0.0000 lang_disp=0.0000 step=0.0000 sigma=0.0000
[CD-DIAG step=2800] E_pos=357394.6875 E_neg=356683.7500 CD_raw=710.9150 CD_wtd=850.834961 MSE=0.829248 neg_dist=6.4427 lang_grad0=0.0000 lang_gradK=0.0000 lang_disp=0.0000 step=0.0000 sigma=0.0000
[CD-DIAG step=2900] E_pos=531728.0000 E_neg=541714.6250 CD_raw=-9986.7031 CD_wtd=8.134036 MSE=0.776734 neg_dist=11.4631 lang_grad0=0.0000 lang_gradK=0.0000 lang_disp=0.0000 step=0.0000 sigma=0.0000
[CD-DIAG step=3000] E_pos=455737.6250 E_neg=470220.9375 CD_raw=-14483.3184 CD_wtd=0.000000 MSE=0.783641 neg_dist=11.3113 lang_grad0=0.0000 lang_gradK=0.0000 lang_disp=0.0000 step=0.0000 sigma=0.0000
Running Evaluation...
Validation Result @ Iteration 3000; Milestone = 3 (Train)
---------  -------
mse_error  2.61028
---------  -------
Validation Result @ Iteration 3000; Milestone = 3 (ID: Validation)
---  -------
mse  2.22736
---  -------
[CD-DIAG step=3100] E_pos=590634.0000 E_neg=602552.7500 CD_raw=-11918.7891 CD_wtd=0.083682 MSE=0.740140 neg_dist=10.8901 lang_grad0=0.0000 lang_gradK=0.0000 lang_disp=0.0000 step=0.0000 sigma=0.0000
[CD-DIAG step=3200] E_pos=566701.6875 E_neg=578403.6250 CD_raw=-11701.8984 CD_wtd=0.079815 MSE=0.741572 neg_dist=10.6235 lang_grad0=0.0000 lang_gradK=0.0000 lang_disp=0.0000 step=0.0000 sigma=0.0000
[CD-DIAG step=3300] E_pos=624522.7500 E_neg=622607.1250 CD_raw=1915.5701 CD_wtd=1240.664429 MSE=0.719261 neg_dist=5.8893 lang_grad0=0.0000 lang_gradK=0.0000 lang_disp=0.0000 step=0.0000 sigma=0.0000
[CD-DIAG step=3400] E_pos=650589.3750 E_neg=648049.6875 CD_raw=2539.6646 CD_wtd=1303.349487 MSE=0.706825 neg_dist=3.8144 lang_grad0=0.0000 lang_gradK=0.0000 lang_disp=0.0000 step=0.0000 sigma=0.0000
[CD-DIAG step=3500] E_pos=604263.0000 E_neg=602192.5000 CD_raw=2070.4736 CD_wtd=1099.141235 MSE=0.716047 neg_dist=3.7430 lang_grad0=0.0000 lang_gradK=0.0000 lang_disp=0.0000 step=0.0000 sigma=0.0000
[CD-DIAG step=3600] E_pos=704274.3750 E_neg=702370.9375 CD_raw=1903.3955 CD_wtd=1016.641724 MSE=0.686697 neg_dist=3.6643 lang_grad0=0.0000 lang_gradK=0.0000 lang_disp=0.0000 step=0.0000 sigma=0.0000
[CD-DIAG step=3700] E_pos=725188.0625 E_neg=734765.5625 CD_raw=-9577.4980 CD_wtd=0.985258 MSE=0.677300 neg_dist=9.3467 lang_grad0=0.0000 lang_gradK=0.0000 lang_disp=0.0000 step=0.0000 sigma=0.0000
[CD-DIAG step=3800] E_pos=696737.6250 E_neg=705292.3750 CD_raw=-8554.7363 CD_wtd=1.169542 MSE=0.682329 neg_dist=9.0658 lang_grad0=0.0000 lang_gradK=0.0000 lang_disp=0.0000 step=0.0000 sigma=0.0000
[CD-DIAG step=3900] E_pos=690130.7500 E_neg=688951.3125 CD_raw=1179.4596 CD_wtd=712.807922 MSE=0.678215 neg_dist=3.5676 lang_grad0=0.0000 lang_gradK=0.0000 lang_disp=0.0000 step=0.0000 sigma=0.0000
[CD-DIAG step=4000] E_pos=757651.2500 E_neg=762307.7500 CD_raw=-4656.5786 CD_wtd=46.070736 MSE=0.660341 neg_dist=8.0272 lang_grad0=0.0000 lang_gradK=0.0000 lang_disp=0.0000 step=0.0000 sigma=0.0000
Running Evaluation...
Validation Result @ Iteration 4000; Milestone = 4 (Train)
---------  ------
mse_error  1.8095
---------  ------
Validation Result @ Iteration 4000; Milestone = 4 (ID: Validation)
---  -------
mse  1.90372
---  -------
[CD-DIAG step=4100] E_pos=810499.9375 E_neg=816887.8750 CD_raw=-6388.0078 CD_wtd=5.462207 MSE=0.649499 neg_dist=7.8874 lang_grad0=0.0000 lang_gradK=0.0000 lang_disp=0.0000 step=0.0000 sigma=0.0000
[CD-DIAG step=4200] E_pos=798016.1875 E_neg=809450.1250 CD_raw=-11433.9473 CD_wtd=0.129919 MSE=0.650946 neg_dist=9.5042 lang_grad0=0.0000 lang_gradK=0.0000 lang_disp=0.0000 step=0.0000 sigma=0.0000
[CD-DIAG step=4300] E_pos=821689.6875 E_neg=834710.3125 CD_raw=-13020.6426 CD_wtd=0.027196 MSE=0.638775 neg_dist=9.6797 lang_grad0=0.0000 lang_gradK=0.0000 lang_disp=0.0000 step=0.0000 sigma=0.0000
[CD-DIAG step=4400] E_pos=774351.5000 E_neg=785127.4375 CD_raw=-10775.9004 CD_wtd=0.089395 MSE=0.653056 neg_dist=9.5605 lang_grad0=0.0000 lang_gradK=0.0000 lang_disp=0.0000 step=0.0000 sigma=0.0000
[CD-DIAG step=4500] E_pos=832819.1250 E_neg=843491.1250 CD_raw=-10672.0547 CD_wtd=0.268237 MSE=0.641328 neg_dist=9.7974 lang_grad0=0.0000 lang_gradK=0.0000 lang_disp=0.0000 step=0.0000 sigma=0.0000
[CD-DIAG step=4600] E_pos=864807.7500 E_neg=864102.5000 CD_raw=705.2463 CD_wtd=452.557312 MSE=0.630569 neg_dist=1.6709 lang_grad0=0.0000 lang_gradK=0.0000 lang_disp=0.0000 step=0.0000 sigma=0.0000
[CD-DIAG step=4700] E_pos=882223.8750 E_neg=894542.2500 CD_raw=-12318.3936 CD_wtd=0.036475 MSE=0.622968 neg_dist=9.4659 lang_grad0=0.0000 lang_gradK=0.0000 lang_disp=0.0000 step=0.0000 sigma=0.0000
[CD-DIAG step=4800] E_pos=943379.3125 E_neg=944120.3750 CD_raw=-741.0476 CD_wtd=311.138092 MSE=0.609767 neg_dist=5.2112 lang_grad0=0.0000 lang_gradK=0.0000 lang_disp=0.0000 step=0.0000 sigma=0.0000
[CD-DIAG step=4900] E_pos=880530.6250 E_neg=878021.6250 CD_raw=2508.8945 CD_wtd=1278.464233 MSE=0.619888 neg_dist=3.6537 lang_grad0=0.0000 lang_gradK=0.0000 lang_disp=0.0000 step=0.0000 sigma=0.0000
[CD-DIAG step=5000] E_pos=919955.6875 E_neg=918809.0625 CD_raw=1146.5896 CD_wtd=649.677795 MSE=0.610900 neg_dist=1.6293 lang_grad0=0.0000 lang_gradK=0.0000 lang_disp=0.0000 step=0.0000 sigma=0.0000
Running Evaluation...
Validation Result @ Iteration 5000; Milestone = 5 (Train)
---------  -------
mse_error  1.39544
---------  -------
Validation Result @ Iteration 5000; Milestone = 5 (ID: Validation)
---  -------
mse  1.60969
---  -------
[CD-DIAG step=5100] E_pos=871740.1250 E_neg=884234.7500 CD_raw=-12494.6670 CD_wtd=0.051149 MSE=0.618403 neg_dist=9.4840 lang_grad0=0.0000 lang_gradK=0.0000 lang_disp=0.0000 step=0.0000 sigma=0.0000
[CD-DIAG step=5200] E_pos=928383.5000 E_neg=931175.6875 CD_raw=-2792.1707 CD_wtd=72.887283 MSE=0.604663 neg_dist=6.6724 lang_grad0=0.0000 lang_gradK=0.0000 lang_disp=0.0000 step=0.0000 sigma=0.0000
[CD-DIAG step=5300] E_pos=936070.8750 E_neg=936618.6250 CD_raw=-547.8129 CD_wtd=305.321411 MSE=0.604341 neg_dist=5.0998 lang_grad0=0.0000 lang_gradK=0.0000 lang_disp=0.0000 step=0.0000 sigma=0.0000
[CD-DIAG step=5400] E_pos=924416.1250 E_neg=932360.8750 CD_raw=-7944.6821 CD_wtd=2.296114 MSE=0.605719 neg_dist=8.7143 lang_grad0=0.0000 lang_gradK=0.0000 lang_disp=0.0000 step=0.0000 sigma=0.0000
[CD-DIAG step=5500] E_pos=982130.8750 E_neg=987043.2500 CD_raw=-4912.4385 CD_wtd=19.158104 MSE=0.595227 neg_dist=7.4060 lang_grad0=0.0000 lang_gradK=0.0000 lang_disp=0.0000 step=0.0000 sigma=0.0000
[CD-DIAG step=5600] E_pos=979710.1875 E_neg=989387.2500 CD_raw=-9677.0244 CD_wtd=0.466537 MSE=0.591299 neg_dist=9.0496 lang_grad0=0.0000 lang_gradK=0.0000 lang_disp=0.0000 step=0.0000 sigma=0.0000
[CD-DIAG step=5700] E_pos=1002387.3750 E_neg=1011450.3750 CD_raw=-9063.0430 CD_wtd=0.093773 MSE=0.589808 neg_dist=8.4910 lang_grad0=0.0000 lang_gradK=0.0000 lang_disp=0.0000 step=0.0000 sigma=0.0000
[CD-DIAG step=5800] E_pos=945726.3750 E_neg=956228.0625 CD_raw=-10501.7441 CD_wtd=0.033061 MSE=0.590756 neg_dist=8.7750 lang_grad0=0.0000 lang_gradK=0.0000 lang_disp=0.0000 step=0.0000 sigma=0.0000
[CD-DIAG step=5900] E_pos=877003.7500 E_neg=884944.6250 CD_raw=-7940.8770 CD_wtd=2.849762 MSE=0.606729 neg_dist=7.9681 lang_grad0=0.0000 lang_gradK=0.0000 lang_disp=0.0000 step=0.0000 sigma=0.0000
[CD-DIAG step=6000] E_pos=966249.2500 E_neg=966787.0000 CD_raw=-537.6990 CD_wtd=123.072083 MSE=0.589572 neg_dist=1.6286 lang_grad0=0.0000 lang_gradK=0.0000 lang_disp=0.0000 step=0.0000 sigma=0.0000
Running Evaluation...
Validation Result @ Iteration 6000; Milestone = 6 (Train)
---------  -------
mse_error  1.11933
---------  -------
Validation Result @ Iteration 6000; Milestone = 6 (ID: Validation)
---  --------
mse  0.502979
---  --------
[CD-DIAG step=6100] E_pos=1000283.6250 E_neg=1009874.2500 CD_raw=-9590.6582 CD_wtd=0.036186 MSE=0.583203 neg_dist=8.7254 lang_grad0=0.0000 lang_gradK=0.0000 lang_disp=0.0000 step=0.0000 sigma=0.0000
[CD-DIAG step=6200] E_pos=1025359.2500 E_neg=1035693.6875 CD_raw=-10334.4639 CD_wtd=0.014789 MSE=0.574704 neg_dist=8.9426 lang_grad0=0.0000 lang_gradK=0.0000 lang_disp=0.0000 step=0.0000 sigma=0.0000
[CD-DIAG step=6300] E_pos=1021539.9375 E_neg=1021233.7500 CD_raw=306.2149 CD_wtd=347.335327 MSE=0.576288 neg_dist=1.6445 lang_grad0=0.0000 lang_gradK=0.0000 lang_disp=0.0000 step=0.0000 sigma=0.0000
[CD-DIAG step=6400] E_pos=1018091.6250 E_neg=1026964.3750 CD_raw=-8872.7734 CD_wtd=0.360301 MSE=0.574974 neg_dist=8.5833 lang_grad0=0.0000 lang_gradK=0.0000 lang_disp=0.0000 step=0.0000 sigma=0.0000
[CD-DIAG step=6500] E_pos=1022779.8125 E_neg=1029022.6250 CD_raw=-6242.8486 CD_wtd=1.243007 MSE=0.573189 neg_dist=7.0544 lang_grad0=0.0000 lang_gradK=0.0000 lang_disp=0.0000 step=0.0000 sigma=0.0000
[CD-DIAG step=6600] E_pos=991235.9375 E_neg=994397.5000 CD_raw=-3161.6443 CD_wtd=36.014992 MSE=0.579195 neg_dist=6.1907 lang_grad0=0.0000 lang_gradK=0.0000 lang_disp=0.0000 step=0.0000 sigma=0.0000
[CD-DIAG step=6700] E_pos=1034049.7500 E_neg=1039343.5625 CD_raw=-5293.8286 CD_wtd=6.636523 MSE=0.569307 neg_dist=7.0384 lang_grad0=0.0000 lang_gradK=0.0000 lang_disp=0.0000 step=0.0000 sigma=0.0000
[CD-DIAG step=6800] E_pos=1051039.7500 E_neg=1057544.7500 CD_raw=-6505.0864 CD_wtd=3.083276 MSE=0.568806 neg_dist=7.7064 lang_grad0=0.0000 lang_gradK=0.0000 lang_disp=0.0000 step=0.0000 sigma=0.0000
[CD-DIAG step=6900] E_pos=1030678.8750 E_neg=1040144.1875 CD_raw=-9465.3242 CD_wtd=0.411620 MSE=0.571382 neg_dist=9.0393 lang_grad0=0.0000 lang_gradK=0.0000 lang_disp=0.0000 step=0.0000 sigma=0.0000
[CD-DIAG step=7000] E_pos=1038660.1875 E_neg=1049386.7500 CD_raw=-10726.5635 CD_wtd=1.133959 MSE=0.565155 neg_dist=8.8981 lang_grad0=0.0000 lang_gradK=0.0000 lang_disp=0.0000 step=0.0000 sigma=0.0000
Running Evaluation...
Validation Result @ Iteration 7000; Milestone = 7 (Train)
---------  --------
mse_error  0.915201
---------  --------
