Job started at Sun Feb 22 13:21:58 EST 2026
Running on host: holygpu8a25405.rc.fas.harvard.edu
Job ID: 61637452
GPU info:
Sun Feb 22 13:21:58 2026       
+-----------------------------------------------------------------------------------------+
| NVIDIA-SMI 575.57.08              Driver Version: 575.57.08      CUDA Version: 12.9     |
|-----------------------------------------+------------------------+----------------------+
| GPU  Name                 Persistence-M | Bus-Id          Disp.A | Volatile Uncorr. ECC |
| Fan  Temp   Perf          Pwr:Usage/Cap |           Memory-Usage | GPU-Util  Compute M. |
|                                         |                        |               MIG M. |
|=========================================+========================+======================|
|   0  NVIDIA A100-SXM4-80GB          On  |   00000000:CA:00.0 Off |                    0 |
| N/A   27C    P0             57W /  500W |       0MiB /  81920MiB |      0%      Default |
|                                         |                        |             Disabled |
+-----------------------------------------+------------------------+----------------------+
                                                                                         
+-----------------------------------------------------------------------------------------+
| Processes:                                                                              |
|  GPU   GI   CI              PID   Type   Process name                        GPU Memory |
|        ID   ID                                                               Usage      |
|=========================================================================================|
|  No running processes found                                                             |
+-----------------------------------------------------------------------------------------+
Cloning repository...
Repository cloned and checked out to: e0a551c
e0a551c Resubmit q220 after force push (job 61628694)
Starting q211: Baseline (no mining, scalar energy, no energy loss) — 8 seeds for paired comparison...
Loading configuration from: projects/ired/configs/q211_scalar_baseline_newcode.json
Configuration saved to: results/ds_inverse/q211_scalar_baseline_newcode/experiment_config.json
Setting random seed: 1
Starting experiment with mining strategy: none
Configuration: {
  "experiment_name": "q211_scalar_baseline_newcode",
  "description": "SANITY CHECK: Scalar energy head, no mining, using current codebase (q210 code path with grad_norm_ref=2048). Should reproduce q209 val MSE ~0.0097. If it fails, the new code path itself is broken independent of contrastive changes.",
  "investigation": "ired-cd",
  "ablation_stage": "sanity_check_new_code",
  "mining_strategy": "none",
  "rank": 20,
  "ood": false,
  "diffusion_steps": 10,
  "batch_size": 2048,
  "train_steps": 100000,
  "learning_rate": 0.0001,
  "use_scalar_energy": true,
  "use_ired_contrastive_loss": false,
  "use_cd_loss": false,
  "use_langevin": false,
  "use_replay_buffer": false,
  "energy_loss_weight": 0.0,
  "energy_reg_weight": 0.0,
  "use_residual_filter": false,
  "use_energy_schedule": false,
  "adam_betas": [
    0.0,
    0.999
  ],
  "output_dir": "results/ds_inverse/q211_scalar_baseline_newcode",
  "notes": "Sanity check q211: if val MSE converges to ~0.0097 => new code fine. Check MSE-DIAG pred_norm/tgt_norm/cos to verify pred grows with training. pred_norm at 100k should be ~19-20 (matching tgt_norm ~ sqrt(400)).",
  "seed": 1
}
Dataset: Inverse matrices (20x20)
Input dimension: 400, Output dimension: 400
Trainer initialized. Output directory: results/ds_inverse/q211_scalar_baseline_newcode
Training for 100000 steps...
[CD-DIAG step=100] E_pos=0.4387 E_neg=0.4387 margin=0.0000 E_wtd=0.000000 MSE=1.001085 gradE=0.0294 pred_norm=0.0000 pred_std=0.0000 pred_abs=0.0000 tgt_std=1.0009 tgt_abs=0.7986 cos=-0.0006 neg_dist=0.0000 lang_grad0=0.0000 lang_gradK=0.0000 lang_disp=0.0000 step=0.0000 sigma=0.0000
[CD-DIAG step=200] E_pos=5.6285 E_neg=5.6285 margin=0.0000 E_wtd=0.000000 MSE=1.000092 gradE=0.2178 pred_norm=0.0001 pred_std=0.0000 pred_abs=0.0000 tgt_std=0.9992 tgt_abs=0.7970 cos=0.0013 neg_dist=0.0000 lang_grad0=0.0000 lang_gradK=0.0000 lang_disp=0.0000 step=0.0000 sigma=0.0000
[CD-DIAG step=300] E_pos=39.4111 E_neg=39.4111 margin=0.0000 E_wtd=0.000000 MSE=0.999785 gradE=19.8636 pred_norm=0.0097 pred_std=0.0005 pred_abs=0.0004 tgt_std=0.9998 tgt_abs=0.7972 cos=0.0000 neg_dist=0.0000 lang_grad0=0.0000 lang_gradK=0.0000 lang_disp=0.0000 step=0.0000 sigma=0.0000
[CD-DIAG step=400] E_pos=1520.8088 E_neg=1520.8088 margin=0.0000 E_wtd=0.000000 MSE=0.991983 gradE=695.5576 pred_norm=0.3397 pred_std=0.0173 pred_abs=0.0136 tgt_std=0.9998 tgt_abs=0.7971 cos=0.0008 neg_dist=0.0000 lang_grad0=0.0000 lang_gradK=0.0000 lang_disp=0.0000 step=0.0000 sigma=0.0000
[CD-DIAG step=500] E_pos=16212.9141 E_neg=16212.9141 margin=0.0000 E_wtd=0.000000 MSE=0.894681 gradE=5920.6152 pred_norm=2.8860 pred_std=0.1484 pred_abs=0.1152 tgt_std=0.9987 tgt_abs=0.7968 cos=0.0000 neg_dist=0.0000 lang_grad0=0.0000 lang_gradK=0.0000 lang_disp=0.0000 step=0.0000 sigma=0.0000
[CD-DIAG step=600] E_pos=60470.7227 E_neg=60470.7227 margin=0.0000 E_wtd=0.000000 MSE=0.674136 gradE=18444.5430 pred_norm=8.9864 pred_std=0.4738 pred_abs=0.3590 tgt_std=1.0004 tgt_abs=0.7982 cos=0.0003 neg_dist=0.0000 lang_grad0=0.0000 lang_gradK=0.0000 lang_disp=0.0000 step=0.0000 sigma=0.0000
[CD-DIAG step=700] E_pos=84468.7031 E_neg=84468.7031 margin=0.0000 E_wtd=0.000000 MSE=0.579242 gradE=23599.3750 pred_norm=11.5125 pred_std=0.6129 pred_abs=0.4599 tgt_std=1.0008 tgt_abs=0.7986 cos=0.0003 neg_dist=0.0000 lang_grad0=0.0000 lang_gradK=0.0000 lang_disp=0.0000 step=0.0000 sigma=0.0000
[CD-DIAG step=800] E_pos=123737.8281 E_neg=123737.8281 margin=0.0000 E_wtd=0.000000 MSE=0.512017 gradE=25902.8281 pred_norm=12.6148 pred_std=0.6687 pred_abs=0.5037 tgt_std=1.0009 tgt_abs=0.7987 cos=0.0017 neg_dist=0.0000 lang_grad0=0.0000 lang_gradK=0.0000 lang_disp=0.0000 step=0.0000 sigma=0.0000
[CD-DIAG step=900] E_pos=207578.3750 E_neg=207578.3750 margin=0.0000 E_wtd=0.000000 MSE=0.453968 gradE=27706.3633 pred_norm=13.5439 pred_std=0.7080 pred_abs=0.5406 tgt_std=1.0002 tgt_abs=0.7980 cos=-0.0014 neg_dist=0.0000 lang_grad0=0.0000 lang_gradK=0.0000 lang_disp=0.0000 step=0.0000 sigma=0.0000
[CD-DIAG step=1000] E_pos=266028.8750 E_neg=266028.8750 margin=0.0000 E_wtd=0.000000 MSE=0.416189 gradE=28702.8301 pred_norm=14.0257 pred_std=0.7314 pred_abs=0.5601 tgt_std=0.9989 tgt_abs=0.7973 cos=0.0005 neg_dist=0.0000 lang_grad0=0.0000 lang_gradK=0.0000 lang_disp=0.0000 step=0.0000 sigma=0.0000
Running Evaluation...
Validation Result @ Iteration 1000; Milestone = 1 (Train)
---------  -------
mse_error  2.81602
---------  -------
Validation Result @ Iteration 1000; Milestone = 1 (ID: Validation)
---  -------
mse  2.81613
---  -------
[CD-DIAG step=1100] E_pos=351986.9688 E_neg=351986.9688 margin=0.0000 E_wtd=0.000000 MSE=0.379315 gradE=29508.2617 pred_norm=14.4354 pred_std=0.7473 pred_abs=0.5761 tgt_std=1.0001 tgt_abs=0.7977 cos=0.0012 neg_dist=0.0000 lang_grad0=0.0000 lang_gradK=0.0000 lang_disp=0.0000 step=0.0000 sigma=0.0000
[CD-DIAG step=1200] E_pos=354698.9375 E_neg=354698.9375 margin=0.0000 E_wtd=0.000000 MSE=0.347665 gradE=31297.8750 pred_norm=15.2670 pred_std=0.7883 pred_abs=0.6097 tgt_std=0.9993 tgt_abs=0.7971 cos=0.0012 neg_dist=0.0000 lang_grad0=0.0000 lang_gradK=0.0000 lang_disp=0.0000 step=0.0000 sigma=0.0000
[CD-DIAG step=1300] E_pos=391094.3438 E_neg=391094.3438 margin=0.0000 E_wtd=0.000000 MSE=0.318649 gradE=32364.0566 pred_norm=15.8061 pred_std=0.8131 pred_abs=0.6311 tgt_std=1.0003 tgt_abs=0.7983 cos=0.0007 neg_dist=0.0000 lang_grad0=0.0000 lang_gradK=0.0000 lang_disp=0.0000 step=0.0000 sigma=0.0000
[CD-DIAG step=1400] E_pos=389743.2188 E_neg=389743.2188 margin=0.0000 E_wtd=0.000000 MSE=0.301681 gradE=33148.8047 pred_norm=16.1807 pred_std=0.8331 pred_abs=0.6459 tgt_std=1.0002 tgt_abs=0.7980 cos=0.0012 neg_dist=0.0000 lang_grad0=0.0000 lang_gradK=0.0000 lang_disp=0.0000 step=0.0000 sigma=0.0000
[CD-DIAG step=1500] E_pos=425147.0625 E_neg=425147.0625 margin=0.0000 E_wtd=0.000000 MSE=0.270713 gradE=32975.4141 pred_norm=16.1047 pred_std=0.8264 pred_abs=0.6427 tgt_std=1.0006 tgt_abs=0.7983 cos=0.0006 neg_dist=0.0000 lang_grad0=0.0000 lang_gradK=0.0000 lang_disp=0.0000 step=0.0000 sigma=0.0000
[CD-DIAG step=1600] E_pos=426711.4375 E_neg=426711.4375 margin=0.0000 E_wtd=0.000000 MSE=0.251642 gradE=33959.6641 pred_norm=16.5839 pred_std=0.8476 pred_abs=0.6620 tgt_std=1.0001 tgt_abs=0.7983 cos=0.0011 neg_dist=0.0000 lang_grad0=0.0000 lang_gradK=0.0000 lang_disp=0.0000 step=0.0000 sigma=0.0000
[CD-DIAG step=1700] E_pos=387912.6250 E_neg=387912.6250 margin=0.0000 E_wtd=0.000000 MSE=0.238698 gradE=35150.5234 pred_norm=17.1387 pred_std=0.8766 pred_abs=0.6842 tgt_std=1.0009 tgt_abs=0.7984 cos=-0.0012 neg_dist=0.0000 lang_grad0=0.0000 lang_gradK=0.0000 lang_disp=0.0000 step=0.0000 sigma=0.0000
[CD-DIAG step=1800] E_pos=370803.1250 E_neg=370803.1250 margin=0.0000 E_wtd=0.000000 MSE=0.223605 gradE=35848.5078 pred_norm=17.5009 pred_std=0.8969 pred_abs=0.6989 tgt_std=0.9999 tgt_abs=0.7980 cos=0.0014 neg_dist=0.0000 lang_grad0=0.0000 lang_gradK=0.0000 lang_disp=0.0000 step=0.0000 sigma=0.0000
[CD-DIAG step=1900] E_pos=391638.8750 E_neg=391638.8750 margin=0.0000 E_wtd=0.000000 MSE=0.208281 gradE=36235.0703 pred_norm=17.6857 pred_std=0.9020 pred_abs=0.7062 tgt_std=0.9995 tgt_abs=0.7974 cos=-0.0006 neg_dist=0.0000 lang_grad0=0.0000 lang_gradK=0.0000 lang_disp=0.0000 step=0.0000 sigma=0.0000
[CD-DIAG step=2000] E_pos=428363.8750 E_neg=428363.8750 margin=0.0000 E_wtd=0.000000 MSE=0.197056 gradE=34930.2891 pred_norm=17.0683 pred_std=0.8714 pred_abs=0.6814 tgt_std=0.9987 tgt_abs=0.7969 cos=-0.0005 neg_dist=0.0000 lang_grad0=0.0000 lang_gradK=0.0000 lang_disp=0.0000 step=0.0000 sigma=0.0000
Running Evaluation...
Validation Result @ Iteration 2000; Milestone = 2 (Train)
---------  -------
mse_error  1.24083
---------  -------
Validation Result @ Iteration 2000; Milestone = 2 (ID: Validation)
---  -------
mse  1.24035
---  -------
[CD-DIAG step=2100] E_pos=406074.6875 E_neg=406074.6875 margin=0.0000 E_wtd=0.000000 MSE=0.179628 gradE=36638.1953 pred_norm=17.8963 pred_std=0.9109 pred_abs=0.7140 tgt_std=1.0005 tgt_abs=0.7983 cos=0.0005 neg_dist=0.0000 lang_grad0=0.0000 lang_gradK=0.0000 lang_disp=0.0000 step=0.0000 sigma=0.0000
[CD-DIAG step=2200] E_pos=409781.5938 E_neg=409781.5938 margin=0.0000 E_wtd=0.000000 MSE=0.174906 gradE=36451.3828 pred_norm=17.7775 pred_std=0.9051 pred_abs=0.7095 tgt_std=0.9994 tgt_abs=0.7975 cos=-0.0013 neg_dist=0.0000 lang_grad0=0.0000 lang_gradK=0.0000 lang_disp=0.0000 step=0.0000 sigma=0.0000
[CD-DIAG step=2300] E_pos=423193.9062 E_neg=423193.9062 margin=0.0000 E_wtd=0.000000 MSE=0.159398 gradE=37355.1133 pred_norm=18.2254 pred_std=0.9254 pred_abs=0.7274 tgt_std=1.0013 tgt_abs=0.7993 cos=-0.0004 neg_dist=0.0000 lang_grad0=0.0000 lang_gradK=0.0000 lang_disp=0.0000 step=0.0000 sigma=0.0000
[CD-DIAG step=2400] E_pos=447633.6875 E_neg=447633.6875 margin=0.0000 E_wtd=0.000000 MSE=0.152753 gradE=36496.0156 pred_norm=17.8238 pred_std=0.9051 pred_abs=0.7113 tgt_std=1.0009 tgt_abs=0.7988 cos=0.0023 neg_dist=0.0000 lang_grad0=0.0000 lang_gradK=0.0000 lang_disp=0.0000 step=0.0000 sigma=0.0000
[CD-DIAG step=2500] E_pos=469465.2812 E_neg=469465.2812 margin=0.0000 E_wtd=0.000000 MSE=0.145837 gradE=36481.9180 pred_norm=17.8272 pred_std=0.9050 pred_abs=0.7112 tgt_std=1.0001 tgt_abs=0.7980 cos=-0.0004 neg_dist=0.0000 lang_grad0=0.0000 lang_gradK=0.0000 lang_disp=0.0000 step=0.0000 sigma=0.0000
[CD-DIAG step=2600] E_pos=420872.5312 E_neg=420872.5312 margin=0.0000 E_wtd=0.000000 MSE=0.142355 gradE=37672.0742 pred_norm=18.4163 pred_std=0.9351 pred_abs=0.7352 tgt_std=0.9999 tgt_abs=0.7977 cos=-0.0007 neg_dist=0.0000 lang_grad0=0.0000 lang_gradK=0.0000 lang_disp=0.0000 step=0.0000 sigma=0.0000
[CD-DIAG step=2700] E_pos=403988.3125 E_neg=403988.3125 margin=0.0000 E_wtd=0.000000 MSE=0.138999 gradE=37743.9922 pred_norm=18.4587 pred_std=0.9379 pred_abs=0.7365 tgt_std=1.0000 tgt_abs=0.7984 cos=-0.0013 neg_dist=0.0000 lang_grad0=0.0000 lang_gradK=0.0000 lang_disp=0.0000 step=0.0000 sigma=0.0000
[CD-DIAG step=2800] E_pos=457118.0625 E_neg=457118.0625 margin=0.0000 E_wtd=0.000000 MSE=0.134315 gradE=37019.6094 pred_norm=18.0346 pred_std=0.9148 pred_abs=0.7198 tgt_std=1.0011 tgt_abs=0.7989 cos=0.0010 neg_dist=0.0000 lang_grad0=0.0000 lang_gradK=0.0000 lang_disp=0.0000 step=0.0000 sigma=0.0000
[CD-DIAG step=2900] E_pos=473979.1875 E_neg=473979.1875 margin=0.0000 E_wtd=0.000000 MSE=0.132038 gradE=36437.4297 pred_norm=17.8045 pred_std=0.9047 pred_abs=0.7106 tgt_std=0.9989 tgt_abs=0.7971 cos=0.0017 neg_dist=0.0000 lang_grad0=0.0000 lang_gradK=0.0000 lang_disp=0.0000 step=0.0000 sigma=0.0000
[CD-DIAG step=3000] E_pos=382764.8750 E_neg=382764.8750 margin=0.0000 E_wtd=0.000000 MSE=0.126944 gradE=39002.4297 pred_norm=19.0641 pred_std=0.9682 pred_abs=0.7612 tgt_std=0.9993 tgt_abs=0.7971 cos=-0.0012 neg_dist=0.0000 lang_grad0=0.0000 lang_gradK=0.0000 lang_disp=0.0000 step=0.0000 sigma=0.0000
Running Evaluation...
Validation Result @ Iteration 3000; Milestone = 3 (Train)
---------  --------
mse_error  0.766658
---------  --------
Validation Result @ Iteration 3000; Milestone = 3 (ID: Validation)
---  --------
mse  0.765683
---  --------
[CD-DIAG step=3100] E_pos=433955.1250 E_neg=433955.1250 margin=0.0000 E_wtd=0.000000 MSE=0.119024 gradE=37968.0156 pred_norm=18.5549 pred_std=0.9401 pred_abs=0.7401 tgt_std=0.9988 tgt_abs=0.7970 cos=0.0002 neg_dist=0.0000 lang_grad0=0.0000 lang_gradK=0.0000 lang_disp=0.0000 step=0.0000 sigma=0.0000
[CD-DIAG step=3200] E_pos=494135.1562 E_neg=494135.1562 margin=0.0000 E_wtd=0.000000 MSE=0.121585 gradE=36042.5391 pred_norm=17.5868 pred_std=0.8948 pred_abs=0.7022 tgt_std=0.9988 tgt_abs=0.7971 cos=0.0010 neg_dist=0.0000 lang_grad0=0.0000 lang_gradK=0.0000 lang_disp=0.0000 step=0.0000 sigma=0.0000
[CD-DIAG step=3300] E_pos=414611.4062 E_neg=414611.4062 margin=0.0000 E_wtd=0.000000 MSE=0.109943 gradE=38821.3086 pred_norm=18.9667 pred_std=0.9603 pred_abs=0.7569 tgt_std=0.9988 tgt_abs=0.7969 cos=-0.0009 neg_dist=0.0000 lang_grad0=0.0000 lang_gradK=0.0000 lang_disp=0.0000 step=0.0000 sigma=0.0000
