Job started at Wed Jan 21 16:15:24 EST 2026
Running on host: holygpu8a22305.rc.fas.harvard.edu
Job ID: 56241066 (Array Job ID: 56216358, Task ID: 0)
Seed: 0
Git URL: https://github.com/mdkrasnow/research-repo.git
Git SHA: 294cd74015bf00320797fd389966e96c8b340c99
Work directory: /tmp/ired-job-56241066
GPU info:
Wed Jan 21 16:15:24 2026       
+-----------------------------------------------------------------------------------------+
| NVIDIA-SMI 575.57.08              Driver Version: 575.57.08      CUDA Version: 12.9     |
|-----------------------------------------+------------------------+----------------------+
| GPU  Name                 Persistence-M | Bus-Id          Disp.A | Volatile Uncorr. ECC |
| Fan  Temp   Perf          Pwr:Usage/Cap |           Memory-Usage | GPU-Util  Compute M. |
|                                         |                        |               MIG M. |
|=========================================+========================+======================|
|   0  NVIDIA A100-SXM4-80GB          On  |   00000000:4B:00.0 Off |                    0 |
| N/A   27C    P0             62W /  500W |       0MiB /  81920MiB |      0%      Default |
|                                         |                        |             Disabled |
+-----------------------------------------+------------------------+----------------------+
                                                                                         
+-----------------------------------------------------------------------------------------+
| Processes:                                                                              |
|  GPU   GI   CI              PID   Type   Process name                        GPU Memory |
|        ID   ID                                                               Usage      |
|=========================================================================================|
|  No running processes found                                                             |
+-----------------------------------------------------------------------------------------+
Cloning repository...
Repository cloned and checked out to: 294cd74
Repository info:
294cd74 Fix PyHessian eigenvalue return format - extract first element
Starting matrix inversion with random mining and seed 0...
