Job started at Wed Feb 18 00:10:59 EST 2026
Running on host: holygpu8a22201.rc.fas.harvard.edu
Job ID: 60906244
Git URL: https://github.com/mdkrasnow/research-repo.git
Git SHA: 2108323040df717bef9fb3274044f587d3e956b7
Work directory: /tmp/ired-job-60906244
GPU info:
Wed Feb 18 00:11:00 2026       
+-----------------------------------------------------------------------------------------+
| NVIDIA-SMI 575.57.08              Driver Version: 575.57.08      CUDA Version: 12.9     |
|-----------------------------------------+------------------------+----------------------+
| GPU  Name                 Persistence-M | Bus-Id          Disp.A | Volatile Uncorr. ECC |
| Fan  Temp   Perf          Pwr:Usage/Cap |           Memory-Usage | GPU-Util  Compute M. |
|                                         |                        |               MIG M. |
|=========================================+========================+======================|
|   0  NVIDIA A100-SXM4-80GB          On  |   00000000:CA:00.0 Off |                    0 |
| N/A   28C    P0             58W /  500W |       0MiB /  81920MiB |      0%      Default |
|                                         |                        |             Disabled |
+-----------------------------------------+------------------------+----------------------+
                                                                                         
+-----------------------------------------------------------------------------------------+
| Processes:                                                                              |
|  GPU   GI   CI              PID   Type   Process name                        GPU Memory |
|        ID   ID                                                               Usage      |
|=========================================================================================|
|  No running processes found                                                             |
+-----------------------------------------------------------------------------------------+
Cloning repository...
Repository cloned and checked out to: 2108323
Repository info:
2108323 Fix IRED-CD-005: Correct shape mismatch in CD loss combination
Starting IRED-CD Stage 3 (Full: CD + Langevin + Replay + Residual filter + Schedule)...
Loading configuration from: projects/ired/configs/q204_cd_full.json
Configuration saved to: results/ds_inverse/q204_cd_full/experiment_config.json
Setting random seed: 6
Starting experiment with mining strategy: cd_full
Configuration: {
  "experiment_name": "q204_cd_full",
  "description": "IRED-CD Investigation - Stage 3: Full implementation (CD + Langevin + Replay + Residual filter + Schedule)",
  "investigation": "ired-cd",
  "ablation_stage": "cd_full",
  "mining_strategy": "cd_full",
  "rank": 20,
  "ood": false,
  "diffusion_steps": 10,
  "batch_size": 2048,
  "train_steps": 100000,
  "learning_rate": 0.0001,
  "mining_opt_steps": 10,
  "mining_noise_scale": 1.5,
  "langevin_sigma_multiplier": 1.0,
  "use_langevin": true,
  "use_replay_buffer": true,
  "replay_buffer_size": 10000,
  "replay_buffer_buckets": 16,
  "replay_sample_prob": 0.95,
  "use_cd_loss": true,
  "use_residual_filter": true,
  "residual_filter_quantile": 0.3,
  "use_energy_schedule": true,
  "use_timestep_range": true,
  "energy_loss_warmup_steps": 20000,
  "energy_loss_max_weight": 0.05,
  "energy_loss_timestep_range": [
    0.2,
    0.8
  ],
  "output_dir": "results/ds_inverse/q204_cd_full",
  "notes": "Ablation 3 (FULL): All features enabled. Residual filtering (tau=30th percentile) prevents false negatives. Energy schedule (warmup 20K steps, max_weight=0.05). Timestep range filtering [0.2T, 0.8T]. Should have best shot at beating baseline MSE.",
  "seed": 6
}
Dataset: Inverse matrices (20x20)
Input dimension: 400, Output dimension: 400
Trainer initialized. Output directory: results/ds_inverse/q204_cd_full
Training for 100000 steps...
Running Evaluation...
Validation Result @ Iteration 1000; Milestone = 1 (Train)
---------  -------
mse_error  3.76471
---------  -------
Validation Result @ Iteration 1000; Milestone = 1 (ID: Validation)
---  -------
mse  3.75551
---  -------
Running Evaluation...
Validation Result @ Iteration 2000; Milestone = 2 (Train)
---------  -------
mse_error  3.90817
---------  -------
Validation Result @ Iteration 2000; Milestone = 2 (ID: Validation)
---  -------
mse  3.90968
---  -------
Running Evaluation...
Validation Result @ Iteration 3000; Milestone = 3 (Train)
---------  -------
mse_error  3.90885
---------  -------
Validation Result @ Iteration 3000; Milestone = 3 (ID: Validation)
---  -------
mse  3.90904
---  -------
Running Evaluation...
Validation Result @ Iteration 4000; Milestone = 4 (Train)
---------  -------
mse_error  3.90903
---------  -------
Validation Result @ Iteration 4000; Milestone = 4 (ID: Validation)
---  -------
mse  3.90921
---  -------
Running Evaluation...
Validation Result @ Iteration 5000; Milestone = 5 (Train)
---------  -------
mse_error  3.90889
---------  -------
Validation Result @ Iteration 5000; Milestone = 5 (ID: Validation)
---  ------
mse  3.9091
---  ------
Running Evaluation...
Validation Result @ Iteration 6000; Milestone = 6 (Train)
---------  -------
mse_error  3.90919
---------  -------
Validation Result @ Iteration 6000; Milestone = 6 (ID: Validation)
---  -------
mse  3.90908
---  -------
Running Evaluation...
Validation Result @ Iteration 7000; Milestone = 7 (Train)
---------  -------
mse_error  3.90957
---------  -------
Validation Result @ Iteration 7000; Milestone = 7 (ID: Validation)
---  -------
mse  3.90884
---  -------
Running Evaluation...
Validation Result @ Iteration 8000; Milestone = 8 (Train)
---------  ------
mse_error  3.9091
---------  ------
Validation Result @ Iteration 8000; Milestone = 8 (ID: Validation)
---  -------
mse  3.90934
---  -------
Running Evaluation...
Validation Result @ Iteration 9000; Milestone = 9 (Train)
---------  -------
mse_error  3.90976
---------  -------
Validation Result @ Iteration 9000; Milestone = 9 (ID: Validation)
---  -------
mse  3.90876
---  -------
Running Evaluation...
Validation Result @ Iteration 10000; Milestone = 10 (Train)
---------  -------
mse_error  3.90882
---------  -------
Validation Result @ Iteration 10000; Milestone = 10 (ID: Validation)
---  -------
mse  3.90908
---  -------
Running Evaluation...
Validation Result @ Iteration 11000; Milestone = 11 (Train)
---------  -------
mse_error  3.90903
---------  -------
Validation Result @ Iteration 11000; Milestone = 11 (ID: Validation)
---  -------
mse  3.90897
---  -------
Running Evaluation...
Validation Result @ Iteration 12000; Milestone = 12 (Train)
---------  -------
mse_error  3.90814
---------  -------
Validation Result @ Iteration 12000; Milestone = 12 (ID: Validation)
---  -------
mse  3.90914
---  -------
Running Evaluation...
Validation Result @ Iteration 13000; Milestone = 13 (Train)
---------  -------
mse_error  3.90896
---------  -------
Validation Result @ Iteration 13000; Milestone = 13 (ID: Validation)
---  -----
mse  3.909
---  -----
Running Evaluation...
Validation Result @ Iteration 14000; Milestone = 14 (Train)
---------  ------
mse_error  3.9096
---------  ------
Validation Result @ Iteration 14000; Milestone = 14 (ID: Validation)
---  -------
mse  3.90841
---  -------
Running Evaluation...
Validation Result @ Iteration 15000; Milestone = 15 (Train)
---------  -------
mse_error  3.90903
---------  -------
Validation Result @ Iteration 15000; Milestone = 15 (ID: Validation)
---  -------
mse  3.90917
---  -------
Running Evaluation...
Validation Result @ Iteration 16000; Milestone = 16 (Train)
---------  -------
mse_error  3.90884
---------  -------
Validation Result @ Iteration 16000; Milestone = 16 (ID: Validation)
---  -------
mse  3.90909
---  -------
Running Evaluation...
Validation Result @ Iteration 17000; Milestone = 17 (Train)
---------  -------
mse_error  3.90941
---------  -------
Validation Result @ Iteration 17000; Milestone = 17 (ID: Validation)
---  -------
mse  3.90908
---  -------
Running Evaluation...
Validation Result @ Iteration 18000; Milestone = 18 (Train)
---------  -------
mse_error  3.91004
---------  -------
Validation Result @ Iteration 18000; Milestone = 18 (ID: Validation)
---  -------
mse  3.90923
---  -------
Running Evaluation...
Validation Result @ Iteration 19000; Milestone = 19 (Train)
---------  -------
mse_error  3.90877
---------  -------
Validation Result @ Iteration 19000; Milestone = 19 (ID: Validation)
---  -------
mse  3.90873
---  -------
Running Evaluation...
Validation Result @ Iteration 20000; Milestone = 20 (Train)
---------  -------
mse_error  3.90849
---------  -------
Validation Result @ Iteration 20000; Milestone = 20 (ID: Validation)
---  -------
mse  3.90895
---  -------
Running Evaluation...
Validation Result @ Iteration 21000; Milestone = 21 (Train)
---------  -------
mse_error  3.90896
---------  -------
Validation Result @ Iteration 21000; Milestone = 21 (ID: Validation)
---  -------
mse  3.90917
---  -------
Running Evaluation...
Validation Result @ Iteration 22000; Milestone = 22 (Train)
---------  -------
mse_error  3.90917
---------  -------
Validation Result @ Iteration 22000; Milestone = 22 (ID: Validation)
---  -------
mse  3.90848
---  -------
Running Evaluation...
Validation Result @ Iteration 23000; Milestone = 23 (Train)
---------  -------
mse_error  3.90889
---------  -------
Validation Result @ Iteration 23000; Milestone = 23 (ID: Validation)
---  -------
mse  3.90911
---  -------
Running Evaluation...
Validation Result @ Iteration 24000; Milestone = 24 (Train)
---------  -------
mse_error  3.90972
---------  -------
Validation Result @ Iteration 24000; Milestone = 24 (ID: Validation)
---  ------
mse  3.9093
---  ------
Running Evaluation...
Validation Result @ Iteration 25000; Milestone = 25 (Train)
---------  -------
mse_error  3.90928
---------  -------
Validation Result @ Iteration 25000; Milestone = 25 (ID: Validation)
---  -------
mse  3.90888
---  -------
Running Evaluation...
Validation Result @ Iteration 26000; Milestone = 26 (Train)
---------  -------
mse_error  3.90822
---------  -------
Validation Result @ Iteration 26000; Milestone = 26 (ID: Validation)
---  -------
mse  3.90905
---  -------
Running Evaluation...
Validation Result @ Iteration 27000; Milestone = 27 (Train)
---------  -------
mse_error  3.90883
---------  -------
Validation Result @ Iteration 27000; Milestone = 27 (ID: Validation)
---  -------
mse  3.90884
---  -------
Running Evaluation...
Validation Result @ Iteration 28000; Milestone = 28 (Train)
---------  -------
mse_error  3.90938
---------  -------
Validation Result @ Iteration 28000; Milestone = 28 (ID: Validation)
---  -------
mse  3.90941
---  -------
Running Evaluation...
Validation Result @ Iteration 29000; Milestone = 29 (Train)
---------  -------
mse_error  3.90843
---------  -------
Validation Result @ Iteration 29000; Milestone = 29 (ID: Validation)
---  -------
mse  3.90934
---  -------
Running Evaluation...
Validation Result @ Iteration 30000; Milestone = 30 (Train)
---------  -------
mse_error  3.90921
---------  -------
Validation Result @ Iteration 30000; Milestone = 30 (ID: Validation)
---  -------
mse  3.90862
---  -------
Running Evaluation...
Validation Result @ Iteration 31000; Milestone = 31 (Train)
---------  -------
mse_error  3.90908
---------  -------
Validation Result @ Iteration 31000; Milestone = 31 (ID: Validation)
---  -------
mse  3.90895
---  -------
Running Evaluation...
Validation Result @ Iteration 32000; Milestone = 32 (Train)
---------  ------
mse_error  3.9092
---------  ------
Validation Result @ Iteration 32000; Milestone = 32 (ID: Validation)
---  -------
mse  3.90917
---  -------
Running Evaluation...
Validation Result @ Iteration 33000; Milestone = 33 (Train)
---------  -------
mse_error  3.90899
---------  -------
Validation Result @ Iteration 33000; Milestone = 33 (ID: Validation)
---  -----
mse  3.909
---  -----
Running Evaluation...
Validation Result @ Iteration 34000; Milestone = 34 (Train)
---------  -------
mse_error  3.90881
---------  -------
Validation Result @ Iteration 34000; Milestone = 34 (ID: Validation)
---  -------
mse  3.90876
---  -------
Running Evaluation...
Validation Result @ Iteration 35000; Milestone = 35 (Train)
---------  -------
mse_error  3.90862
---------  -------
Validation Result @ Iteration 35000; Milestone = 35 (ID: Validation)
---  -------
mse  3.90904
---  -------
Running Evaluation...
Validation Result @ Iteration 36000; Milestone = 36 (Train)
---------  -------
mse_error  3.90896
---------  -------
Validation Result @ Iteration 36000; Milestone = 36 (ID: Validation)
---  -------
mse  3.90921
---  -------
Running Evaluation...
Validation Result @ Iteration 37000; Milestone = 37 (Train)
---------  ------
mse_error  3.9094
---------  ------
Validation Result @ Iteration 37000; Milestone = 37 (ID: Validation)
---  ------
mse  3.9094
---  ------
Running Evaluation...
Validation Result @ Iteration 38000; Milestone = 38 (Train)
---------  ------
mse_error  3.9093
---------  ------
Validation Result @ Iteration 38000; Milestone = 38 (ID: Validation)
---  -------
mse  3.90877
---  -------
Running Evaluation...
Validation Result @ Iteration 39000; Milestone = 39 (Train)
---------  -------
mse_error  3.90926
---------  -------
Validation Result @ Iteration 39000; Milestone = 39 (ID: Validation)
---  -------
mse  3.90883
---  -------
Running Evaluation...
Validation Result @ Iteration 40000; Milestone = 40 (Train)
---------  -------
mse_error  3.90885
---------  -------
Validation Result @ Iteration 40000; Milestone = 40 (ID: Validation)
---  -------
mse  3.90936
---  -------
Running Evaluation...
Validation Result @ Iteration 41000; Milestone = 41 (Train)
---------  -------
mse_error  3.90886
---------  -------
Validation Result @ Iteration 41000; Milestone = 41 (ID: Validation)
---  -------
mse  3.90886
---  -------
Running Evaluation...
Validation Result @ Iteration 42000; Milestone = 42 (Train)
---------  -------
mse_error  3.90835
---------  -------
Validation Result @ Iteration 42000; Milestone = 42 (ID: Validation)
---  -------
mse  3.90863
---  -------
Running Evaluation...
Validation Result @ Iteration 43000; Milestone = 43 (Train)
---------  -------
mse_error  3.90847
---------  -------
Validation Result @ Iteration 43000; Milestone = 43 (ID: Validation)
---  -------
mse  3.90887
---  -------
Running Evaluation...
Validation Result @ Iteration 44000; Milestone = 44 (Train)
---------  -------
mse_error  3.90951
---------  -------
Validation Result @ Iteration 44000; Milestone = 44 (ID: Validation)
---  ------
mse  3.9089
---  ------
Running Evaluation...
Validation Result @ Iteration 45000; Milestone = 45 (Train)
---------  -------
mse_error  3.90898
---------  -------
Validation Result @ Iteration 45000; Milestone = 45 (ID: Validation)
---  -------
mse  3.90852
---  -------
Running Evaluation...
Validation Result @ Iteration 46000; Milestone = 46 (Train)
---------  -------
mse_error  3.90965
---------  -------
Validation Result @ Iteration 46000; Milestone = 46 (ID: Validation)
---  -------
mse  3.90946
---  -------
Running Evaluation...
Validation Result @ Iteration 47000; Milestone = 47 (Train)
---------  -------
mse_error  3.90874
---------  -------
