Job started at Wed Feb 18 10:57:51 EST 2026
Running on host: holygpu8a22504.rc.fas.harvard.edu
Job ID: 60969485
Git URL: https://github.com/mdkrasnow/research-repo.git
Git SHA: b3eced0c80d0754126a051a68e2c680289909e0d
Work directory: /tmp/ired-job-60969485
GPU info:
Wed Feb 18 10:57:51 2026       
+-----------------------------------------------------------------------------------------+
| NVIDIA-SMI 575.57.08              Driver Version: 575.57.08      CUDA Version: 12.9     |
|-----------------------------------------+------------------------+----------------------+
| GPU  Name                 Persistence-M | Bus-Id          Disp.A | Volatile Uncorr. ECC |
| Fan  Temp   Perf          Pwr:Usage/Cap |           Memory-Usage | GPU-Util  Compute M. |
|                                         |                        |               MIG M. |
|=========================================+========================+======================|
|   0  NVIDIA A100-SXM4-80GB          On  |   00000000:31:00.0 Off |                    0 |
| N/A   27C    P0             59W /  500W |       0MiB /  81920MiB |      0%      Default |
|                                         |                        |             Disabled |
+-----------------------------------------+------------------------+----------------------+
                                                                                         
+-----------------------------------------------------------------------------------------+
| Processes:                                                                              |
|  GPU   GI   CI              PID   Type   Process name                        GPU Memory |
|        ID   ID                                                               Usage      |
|=========================================================================================|
|  No running processes found                                                             |
+-----------------------------------------------------------------------------------------+
Cloning repository...
Repository cloned and checked out to: b3eced0
Repository info:
b3eced0 Add 5 literature-validated CD training fixes for IRED-CD
Starting IRED-CD baseline (current NCE implementation)...
Loading configuration from: projects/ired/configs/q201_baseline.json
Configuration saved to: results/ds_inverse/q201_baseline/experiment_config.json
Setting random seed: 1
Starting experiment with mining strategy: adversarial
Configuration: {
  "experiment_name": "q201_baseline",
  "description": "IRED-CD Investigation - Baseline (current NCE implementation for comparison)",
  "investigation": "ired-cd",
  "ablation_stage": "baseline",
  "mining_strategy": "adversarial",
  "rank": 20,
  "ood": false,
  "diffusion_steps": 10,
  "batch_size": 2048,
  "train_steps": 100000,
  "learning_rate": 0.0001,
  "mining_opt_steps": 10,
  "mining_noise_scale": 1.5,
  "output_dir": "results/ds_inverse/q201_baseline",
  "notes": "Current implementation with NCE loss. Baseline for IRED-CD ablation study. Using k=10 steps, noise_scale=1.5 (reduced from 3.0).",
  "seed": 1
}
Dataset: Inverse matrices (20x20)
Input dimension: 400, Output dimension: 400
Trainer initialized. Output directory: results/ds_inverse/q201_baseline
Training for 100000 steps...
Running Evaluation...
Validation Result @ Iteration 1000; Milestone = 1 (Train)
---------  -------
mse_error  2.85925
---------  -------
Validation Result @ Iteration 1000; Milestone = 1 (ID: Validation)
---  -------
mse  3.27588
---  -------
Running Evaluation...
Validation Result @ Iteration 2000; Milestone = 2 (Train)
---------  -------
mse_error  3.18763
---------  -------
Validation Result @ Iteration 2000; Milestone = 2 (ID: Validation)
---  -------
mse  2.60774
---  -------
Running Evaluation...
Validation Result @ Iteration 3000; Milestone = 3 (Train)
---------  -------
mse_error  2.48027
---------  -------
Validation Result @ Iteration 3000; Milestone = 3 (ID: Validation)
---  -------
mse  2.17482
---  -------
Running Evaluation...
Validation Result @ Iteration 4000; Milestone = 4 (Train)
---------  -------
mse_error  1.76235
---------  -------
Validation Result @ Iteration 4000; Milestone = 4 (ID: Validation)
---  -------
mse  1.86142
---  -------
Running Evaluation...
Validation Result @ Iteration 5000; Milestone = 5 (Train)
---------  -------
mse_error  1.37419
---------  -------
Validation Result @ Iteration 5000; Milestone = 5 (ID: Validation)
---  -------
mse  1.56148
---  -------
Running Evaluation...
Validation Result @ Iteration 6000; Milestone = 6 (Train)
---------  -------
mse_error  1.10952
---------  -------
Validation Result @ Iteration 6000; Milestone = 6 (ID: Validation)
---  --------
mse  0.428633
---  --------
Running Evaluation...
Validation Result @ Iteration 7000; Milestone = 7 (Train)
---------  --------
mse_error  0.909471
---------  --------
Validation Result @ Iteration 7000; Milestone = 7 (ID: Validation)
---  --------
mse  0.141172
---  --------
Running Evaluation...
Validation Result @ Iteration 8000; Milestone = 8 (Train)
---------  --------
mse_error  0.756255
---------  --------
Validation Result @ Iteration 8000; Milestone = 8 (ID: Validation)
---  ---------
mse  0.0824111
---  ---------
Running Evaluation...
Validation Result @ Iteration 9000; Milestone = 9 (Train)
---------  --------
mse_error  0.648426
---------  --------
Validation Result @ Iteration 9000; Milestone = 9 (ID: Validation)
---  ---------
mse  0.0706895
---  ---------
Running Evaluation...
Validation Result @ Iteration 10000; Milestone = 10 (Train)
---------  --------
mse_error  0.564278
---------  --------
Validation Result @ Iteration 10000; Milestone = 10 (ID: Validation)
---  --------
mse  0.129557
---  --------
Running Evaluation...
Validation Result @ Iteration 11000; Milestone = 11 (Train)
---------  --------
mse_error  0.510009
---------  --------
Validation Result @ Iteration 11000; Milestone = 11 (ID: Validation)
---  --------
mse  0.189512
---  --------
Running Evaluation...
Validation Result @ Iteration 12000; Milestone = 12 (Train)
---------  --------
mse_error  0.463414
---------  --------
Validation Result @ Iteration 12000; Milestone = 12 (ID: Validation)
---  --------
mse  0.261799
---  --------
Running Evaluation...
Validation Result @ Iteration 13000; Milestone = 13 (Train)
---------  --------
mse_error  0.432106
---------  --------
Validation Result @ Iteration 13000; Milestone = 13 (ID: Validation)
---  --------
mse  0.329307
---  --------
Running Evaluation...
Validation Result @ Iteration 14000; Milestone = 14 (Train)
---------  --------
mse_error  0.410499
---------  --------
Validation Result @ Iteration 14000; Milestone = 14 (ID: Validation)
---  --------
mse  0.373092
---  --------
Running Evaluation...
Validation Result @ Iteration 15000; Milestone = 15 (Train)
---------  --------
mse_error  0.392901
---------  --------
Validation Result @ Iteration 15000; Milestone = 15 (ID: Validation)
---  --------
mse  0.417372
---  --------
Running Evaluation...
Validation Result @ Iteration 16000; Milestone = 16 (Train)
---------  --------
mse_error  0.381454
---------  --------
Validation Result @ Iteration 16000; Milestone = 16 (ID: Validation)
---  --------
mse  0.445333
---  --------
Running Evaluation...
Validation Result @ Iteration 17000; Milestone = 17 (Train)
---------  --------
mse_error  0.368823
---------  --------
Validation Result @ Iteration 17000; Milestone = 17 (ID: Validation)
---  --------
mse  0.463162
---  --------
Running Evaluation...
Validation Result @ Iteration 18000; Milestone = 18 (Train)
---------  --------
mse_error  0.361726
---------  --------
Validation Result @ Iteration 18000; Milestone = 18 (ID: Validation)
---  --------
mse  0.469364
---  --------
Running Evaluation...
Validation Result @ Iteration 19000; Milestone = 19 (Train)
---------  --------
mse_error  0.357327
---------  --------
Validation Result @ Iteration 19000; Milestone = 19 (ID: Validation)
---  --------
mse  0.472366
---  --------
Running Evaluation...
Validation Result @ Iteration 20000; Milestone = 20 (Train)
---------  --------
mse_error  0.357973
---------  --------
Validation Result @ Iteration 20000; Milestone = 20 (ID: Validation)
---  --------
mse  0.476009
---  --------
Running Evaluation...
Validation Result @ Iteration 21000; Milestone = 21 (Train)
---------  -------
mse_error  0.35006
---------  -------
Validation Result @ Iteration 21000; Milestone = 21 (ID: Validation)
---  --------
mse  0.473087
---  --------
Running Evaluation...
Validation Result @ Iteration 22000; Milestone = 22 (Train)
---------  --------
mse_error  0.349102
---------  --------
Validation Result @ Iteration 22000; Milestone = 22 (ID: Validation)
---  --------
mse  0.472671
---  --------
Running Evaluation...
Validation Result @ Iteration 23000; Milestone = 23 (Train)
---------  -------
mse_error  0.34895
---------  -------
Validation Result @ Iteration 23000; Milestone = 23 (ID: Validation)
---  --------
mse  0.466688
---  --------
Running Evaluation...
Validation Result @ Iteration 24000; Milestone = 24 (Train)
---------  --------
mse_error  0.349774
---------  --------
Validation Result @ Iteration 24000; Milestone = 24 (ID: Validation)
---  --------
mse  0.464541
---  --------
Running Evaluation...
Validation Result @ Iteration 25000; Milestone = 25 (Train)
---------  --------
mse_error  0.346243
---------  --------
Validation Result @ Iteration 25000; Milestone = 25 (ID: Validation)
---  --------
mse  0.466439
---  --------
Running Evaluation...
Validation Result @ Iteration 26000; Milestone = 26 (Train)
---------  --------
mse_error  0.345051
---------  --------
Validation Result @ Iteration 26000; Milestone = 26 (ID: Validation)
---  --------
mse  0.464594
---  --------
Running Evaluation...
Validation Result @ Iteration 27000; Milestone = 27 (Train)
---------  --------
mse_error  0.345525
---------  --------
Validation Result @ Iteration 27000; Milestone = 27 (ID: Validation)
---  --------
mse  0.461444
---  --------
Running Evaluation...
Validation Result @ Iteration 28000; Milestone = 28 (Train)
---------  --------
mse_error  0.346441
---------  --------
Validation Result @ Iteration 28000; Milestone = 28 (ID: Validation)
---  --------
mse  0.461015
---  --------
Running Evaluation...
Validation Result @ Iteration 29000; Milestone = 29 (Train)
---------  --------
mse_error  0.342897
---------  --------
Validation Result @ Iteration 29000; Milestone = 29 (ID: Validation)
---  --------
mse  0.462971
---  --------
Running Evaluation...
Validation Result @ Iteration 30000; Milestone = 30 (Train)
---------  --------
mse_error  0.345541
---------  --------
Validation Result @ Iteration 30000; Milestone = 30 (ID: Validation)
---  --------
mse  0.460226
---  --------
Running Evaluation...
Validation Result @ Iteration 31000; Milestone = 31 (Train)
---------  --------
mse_error  0.345094
---------  --------
Validation Result @ Iteration 31000; Milestone = 31 (ID: Validation)
---  --------
mse  0.460223
---  --------
Running Evaluation...
Validation Result @ Iteration 32000; Milestone = 32 (Train)
---------  --------
mse_error  0.345385
---------  --------
Validation Result @ Iteration 32000; Milestone = 32 (ID: Validation)
---  --------
mse  0.461346
---  --------
Running Evaluation...
Validation Result @ Iteration 33000; Milestone = 33 (Train)
---------  --------
mse_error  0.341878
---------  --------
Validation Result @ Iteration 33000; Milestone = 33 (ID: Validation)
---  --------
mse  0.459302
---  --------
Running Evaluation...
Validation Result @ Iteration 34000; Milestone = 34 (Train)
---------  --------
mse_error  0.340907
---------  --------
Validation Result @ Iteration 34000; Milestone = 34 (ID: Validation)
---  --------
mse  0.462202
---  --------
Running Evaluation...
Validation Result @ Iteration 35000; Milestone = 35 (Train)
---------  --------
mse_error  0.342503
---------  --------
Validation Result @ Iteration 35000; Milestone = 35 (ID: Validation)
---  --------
mse  0.462391
---  --------
Running Evaluation...
Validation Result @ Iteration 36000; Milestone = 36 (Train)
---------  -------
mse_error  0.34376
---------  -------
Validation Result @ Iteration 36000; Milestone = 36 (ID: Validation)
---  --------
mse  0.461225
---  --------
Running Evaluation...
Validation Result @ Iteration 37000; Milestone = 37 (Train)
---------  -------
mse_error  0.34002
---------  -------
Validation Result @ Iteration 37000; Milestone = 37 (ID: Validation)
---  --------
mse  0.463242
---  --------
Running Evaluation...
Validation Result @ Iteration 38000; Milestone = 38 (Train)
---------  --------
mse_error  0.343819
---------  --------
Validation Result @ Iteration 38000; Milestone = 38 (ID: Validation)
---  --------
mse  0.460045
---  --------
Running Evaluation...
Validation Result @ Iteration 39000; Milestone = 39 (Train)
---------  --------
mse_error  0.341448
---------  --------
Validation Result @ Iteration 39000; Milestone = 39 (ID: Validation)
---  --------
mse  0.462057
---  --------
Running Evaluation...
Validation Result @ Iteration 40000; Milestone = 40 (Train)
---------  --------
mse_error  0.346485
---------  --------
Validation Result @ Iteration 40000; Milestone = 40 (ID: Validation)
---  -------
mse  0.46041
---  -------
Running Evaluation...
Validation Result @ Iteration 41000; Milestone = 41 (Train)
---------  --------
mse_error  0.343455
---------  --------
Validation Result @ Iteration 41000; Milestone = 41 (ID: Validation)
---  --------
mse  0.460582
---  --------
Running Evaluation...
Validation Result @ Iteration 42000; Milestone = 42 (Train)
---------  -------
mse_error  0.34601
---------  -------
Validation Result @ Iteration 42000; Milestone = 42 (ID: Validation)
---  --------
mse  0.461593
---  --------
Running Evaluation...
Validation Result @ Iteration 43000; Milestone = 43 (Train)
---------  --------
mse_error  0.342419
---------  --------
Validation Result @ Iteration 43000; Milestone = 43 (ID: Validation)
---  --------
mse  0.457942
---  --------
Running Evaluation...
Validation Result @ Iteration 44000; Milestone = 44 (Train)
---------  --------
mse_error  0.344071
---------  --------
Validation Result @ Iteration 44000; Milestone = 44 (ID: Validation)
---  --------
mse  0.460455
---  --------
Running Evaluation...
Validation Result @ Iteration 45000; Milestone = 45 (Train)
---------  --------
mse_error  0.344503
---------  --------
Validation Result @ Iteration 45000; Milestone = 45 (ID: Validation)
---  --------
mse  0.461491
---  --------
Running Evaluation...
Validation Result @ Iteration 46000; Milestone = 46 (Train)
---------  --------
mse_error  0.343329
---------  --------
Validation Result @ Iteration 46000; Milestone = 46 (ID: Validation)
---  --------
mse  0.461226
---  --------
Running Evaluation...
Validation Result @ Iteration 47000; Milestone = 47 (Train)
---------  --------
mse_error  0.345045
---------  --------
Validation Result @ Iteration 47000; Milestone = 47 (ID: Validation)
---  --------
mse  0.461993
---  --------
Running Evaluation...
Validation Result @ Iteration 48000; Milestone = 48 (Train)
---------  --------
mse_error  0.340372
---------  --------
Validation Result @ Iteration 48000; Milestone = 48 (ID: Validation)
---  --------
mse  0.460157
---  --------
Running Evaluation...
Validation Result @ Iteration 49000; Milestone = 49 (Train)
---------  --------
mse_error  0.344688
---------  --------
Validation Result @ Iteration 49000; Milestone = 49 (ID: Validation)
---  --------
mse  0.461968
---  --------
Running Evaluation...
Validation Result @ Iteration 50000; Milestone = 50 (Train)
---------  --------
mse_error  0.344835
---------  --------
Validation Result @ Iteration 50000; Milestone = 50 (ID: Validation)
---  --------
mse  0.458882
---  --------
Running Evaluation...
Validation Result @ Iteration 51000; Milestone = 51 (Train)
---------  --------
mse_error  0.340598
---------  --------
Validation Result @ Iteration 51000; Milestone = 51 (ID: Validation)
---  -------
mse  0.45991
---  -------
Running Evaluation...
Validation Result @ Iteration 52000; Milestone = 52 (Train)
---------  --------
mse_error  0.344369
---------  --------
Validation Result @ Iteration 52000; Milestone = 52 (ID: Validation)
---  --------
mse  0.457963
---  --------
Running Evaluation...
Validation Result @ Iteration 53000; Milestone = 53 (Train)
---------  --------
mse_error  0.343222
---------  --------
Validation Result @ Iteration 53000; Milestone = 53 (ID: Validation)
---  --------
mse  0.461662
---  --------
Running Evaluation...
Validation Result @ Iteration 54000; Milestone = 54 (Train)
---------  --------
mse_error  0.344118
---------  --------
Validation Result @ Iteration 54000; Milestone = 54 (ID: Validation)
---  --------
mse  0.462122
---  --------
Running Evaluation...
Validation Result @ Iteration 55000; Milestone = 55 (Train)
---------  -------
mse_error  0.34231
---------  -------
Validation Result @ Iteration 55000; Milestone = 55 (ID: Validation)
---  --------
mse  0.460638
---  --------
Running Evaluation...
Validation Result @ Iteration 56000; Milestone = 56 (Train)
---------  --------
mse_error  0.343867
---------  --------
Validation Result @ Iteration 56000; Milestone = 56 (ID: Validation)
---  --------
mse  0.461713
---  --------
Running Evaluation...
Validation Result @ Iteration 57000; Milestone = 57 (Train)
---------  --------
mse_error  0.342679
---------  --------
Validation Result @ Iteration 57000; Milestone = 57 (ID: Validation)
---  --------
mse  0.461125
---  --------
Running Evaluation...
Validation Result @ Iteration 58000; Milestone = 58 (Train)
---------  -------
mse_error  0.34069
---------  -------
Validation Result @ Iteration 58000; Milestone = 58 (ID: Validation)
---  --------
mse  0.460183
---  --------
Running Evaluation...
Validation Result @ Iteration 59000; Milestone = 59 (Train)
---------  --------
mse_error  0.341529
---------  --------
Validation Result @ Iteration 59000; Milestone = 59 (ID: Validation)
---  -------
mse  0.45887
---  -------
Running Evaluation...
Validation Result @ Iteration 60000; Milestone = 60 (Train)
---------  --------
mse_error  0.342714
---------  --------
Validation Result @ Iteration 60000; Milestone = 60 (ID: Validation)
---  -------
mse  0.46093
---  -------
Running Evaluation...
Validation Result @ Iteration 61000; Milestone = 61 (Train)
---------  --------
mse_error  0.342465
---------  --------
Validation Result @ Iteration 61000; Milestone = 61 (ID: Validation)
---  --------
mse  0.458961
---  --------
Running Evaluation...
Validation Result @ Iteration 62000; Milestone = 62 (Train)
---------  --------
mse_error  0.339479
---------  --------
Validation Result @ Iteration 62000; Milestone = 62 (ID: Validation)
---  --------
mse  0.460401
---  --------
Running Evaluation...
Validation Result @ Iteration 63000; Milestone = 63 (Train)
---------  --------
mse_error  0.342815
---------  --------
Validation Result @ Iteration 63000; Milestone = 63 (ID: Validation)
---  --------
mse  0.459507
---  --------
Running Evaluation...
Validation Result @ Iteration 64000; Milestone = 64 (Train)
---------  --------
mse_error  0.340329
---------  --------
Validation Result @ Iteration 64000; Milestone = 64 (ID: Validation)
---  --------
mse  0.461579
---  --------
Running Evaluation...
Validation Result @ Iteration 65000; Milestone = 65 (Train)
---------  -------
mse_error  0.34661
---------  -------
Validation Result @ Iteration 65000; Milestone = 65 (ID: Validation)
---  --------
mse  0.460075
---  --------
Running Evaluation...
Validation Result @ Iteration 66000; Milestone = 66 (Train)
---------  --------
mse_error  0.342393
---------  --------
Validation Result @ Iteration 66000; Milestone = 66 (ID: Validation)
---  --------
mse  0.465327
---  --------
Running Evaluation...
Validation Result @ Iteration 67000; Milestone = 67 (Train)
---------  --------
mse_error  0.341407
---------  --------
Validation Result @ Iteration 67000; Milestone = 67 (ID: Validation)
---  --------
mse  0.458092
---  --------
Running Evaluation...
Validation Result @ Iteration 68000; Milestone = 68 (Train)
---------  --------
mse_error  0.340824
---------  --------
Validation Result @ Iteration 68000; Milestone = 68 (ID: Validation)
---  --------
mse  0.458805
---  --------
Running Evaluation...
Validation Result @ Iteration 69000; Milestone = 69 (Train)
---------  --------
mse_error  0.341938
---------  --------
Validation Result @ Iteration 69000; Milestone = 69 (ID: Validation)
---  --------
mse  0.460861
---  --------
Running Evaluation...
Validation Result @ Iteration 70000; Milestone = 70 (Train)
---------  --------
mse_error  0.342689
---------  --------
Validation Result @ Iteration 70000; Milestone = 70 (ID: Validation)
---  --------
mse  0.457702
---  --------
Running Evaluation...
Validation Result @ Iteration 71000; Milestone = 71 (Train)
---------  --------
mse_error  0.346904
---------  --------
Validation Result @ Iteration 71000; Milestone = 71 (ID: Validation)
---  --------
mse  0.460472
---  --------
Running Evaluation...
Validation Result @ Iteration 72000; Milestone = 72 (Train)
---------  --------
mse_error  0.339949
---------  --------
Validation Result @ Iteration 72000; Milestone = 72 (ID: Validation)
---  --------
mse  0.456939
---  --------
Running Evaluation...
Validation Result @ Iteration 73000; Milestone = 73 (Train)
---------  --------
mse_error  0.342236
---------  --------
Validation Result @ Iteration 73000; Milestone = 73 (ID: Validation)
---  --------
mse  0.460296
---  --------
Running Evaluation...
Validation Result @ Iteration 74000; Milestone = 74 (Train)
---------  -------
mse_error  0.34424
---------  -------
Validation Result @ Iteration 74000; Milestone = 74 (ID: Validation)
---  --------
mse  0.463671
---  --------
Running Evaluation...
Validation Result @ Iteration 75000; Milestone = 75 (Train)
---------  --------
mse_error  0.343412
---------  --------
Validation Result @ Iteration 75000; Milestone = 75 (ID: Validation)
---  --------
mse  0.459372
---  --------
Running Evaluation...
Validation Result @ Iteration 76000; Milestone = 76 (Train)
---------  --------
mse_error  0.342625
---------  --------
Validation Result @ Iteration 76000; Milestone = 76 (ID: Validation)
---  --------
mse  0.456729
---  --------
Running Evaluation...
Validation Result @ Iteration 77000; Milestone = 77 (Train)
---------  --------
mse_error  0.341484
---------  --------
Validation Result @ Iteration 77000; Milestone = 77 (ID: Validation)
---  --------
mse  0.462126
---  --------
Running Evaluation...
Validation Result @ Iteration 78000; Milestone = 78 (Train)
---------  --------
mse_error  0.344054
---------  --------
Validation Result @ Iteration 78000; Milestone = 78 (ID: Validation)
---  --------
mse  0.459925
---  --------
Running Evaluation...
Validation Result @ Iteration 79000; Milestone = 79 (Train)
---------  -------
mse_error  0.34368
---------  -------
Validation Result @ Iteration 79000; Milestone = 79 (ID: Validation)
---  --------
mse  0.462705
---  --------
Running Evaluation...
Validation Result @ Iteration 80000; Milestone = 80 (Train)
---------  --------
mse_error  0.342015
---------  --------
Validation Result @ Iteration 80000; Milestone = 80 (ID: Validation)
---  ------
mse  0.4614
---  ------
Running Evaluation...
Validation Result @ Iteration 81000; Milestone = 81 (Train)
---------  --------
mse_error  0.341568
---------  --------
Validation Result @ Iteration 81000; Milestone = 81 (ID: Validation)
---  --------
mse  0.459388
---  --------
Running Evaluation...
Validation Result @ Iteration 82000; Milestone = 82 (Train)
---------  --------
mse_error  0.341546
---------  --------
Validation Result @ Iteration 82000; Milestone = 82 (ID: Validation)
---  --------
mse  0.459688
---  --------
Running Evaluation...
Validation Result @ Iteration 83000; Milestone = 83 (Train)
---------  -------
mse_error  0.34284
---------  -------
Validation Result @ Iteration 83000; Milestone = 83 (ID: Validation)
---  -------
mse  0.46062
---  -------
Running Evaluation...
Validation Result @ Iteration 84000; Milestone = 84 (Train)
---------  --------
mse_error  0.341659
---------  --------
Validation Result @ Iteration 84000; Milestone = 84 (ID: Validation)
---  --------
mse  0.460494
---  --------
Running Evaluation...
Validation Result @ Iteration 85000; Milestone = 85 (Train)
---------  --------
mse_error  0.342764
---------  --------
Validation Result @ Iteration 85000; Milestone = 85 (ID: Validation)
---  --------
mse  0.461606
---  --------
Running Evaluation...
Validation Result @ Iteration 86000; Milestone = 86 (Train)
---------  --------
mse_error  0.343006
---------  --------
Validation Result @ Iteration 86000; Milestone = 86 (ID: Validation)
---  --------
mse  0.462189
---  --------
Running Evaluation...
Validation Result @ Iteration 87000; Milestone = 87 (Train)
---------  --------
mse_error  0.345211
---------  --------
Validation Result @ Iteration 87000; Milestone = 87 (ID: Validation)
---  --------
mse  0.461369
---  --------
Running Evaluation...
Validation Result @ Iteration 88000; Milestone = 88 (Train)
---------  --------
mse_error  0.348129
---------  --------
Validation Result @ Iteration 88000; Milestone = 88 (ID: Validation)
---  -------
mse  0.45683
---  -------
Running Evaluation...
Validation Result @ Iteration 89000; Milestone = 89 (Train)
---------  --------
mse_error  0.340727
---------  --------
Validation Result @ Iteration 89000; Milestone = 89 (ID: Validation)
---  -------
mse  0.46151
---  -------
Running Evaluation...
Validation Result @ Iteration 90000; Milestone = 90 (Train)
---------  --------
mse_error  0.340665
---------  --------
Validation Result @ Iteration 90000; Milestone = 90 (ID: Validation)
---  --------
mse  0.461246
---  --------
Running Evaluation...
Validation Result @ Iteration 91000; Milestone = 91 (Train)
---------  --------
mse_error  0.344228
---------  --------
Validation Result @ Iteration 91000; Milestone = 91 (ID: Validation)
---  --------
mse  0.461908
---  --------
Running Evaluation...
Validation Result @ Iteration 92000; Milestone = 92 (Train)
---------  --------
mse_error  0.339739
---------  --------
Validation Result @ Iteration 92000; Milestone = 92 (ID: Validation)
---  --------
mse  0.461045
---  --------
Running Evaluation...
Validation Result @ Iteration 93000; Milestone = 93 (Train)
---------  --------
mse_error  0.340006
---------  --------
Validation Result @ Iteration 93000; Milestone = 93 (ID: Validation)
---  --------
mse  0.460858
---  --------
Running Evaluation...
Validation Result @ Iteration 94000; Milestone = 94 (Train)
---------  --------
mse_error  0.341583
---------  --------
Validation Result @ Iteration 94000; Milestone = 94 (ID: Validation)
---  --------
mse  0.463192
---  --------
Running Evaluation...
Validation Result @ Iteration 95000; Milestone = 95 (Train)
---------  --------
mse_error  0.341964
---------  --------
Validation Result @ Iteration 95000; Milestone = 95 (ID: Validation)
---  --------
mse  0.459698
---  --------
Running Evaluation...
Validation Result @ Iteration 96000; Milestone = 96 (Train)
---------  --------
mse_error  0.342751
---------  --------
Validation Result @ Iteration 96000; Milestone = 96 (ID: Validation)
---  --------
mse  0.460298
---  --------
Running Evaluation...
Validation Result @ Iteration 97000; Milestone = 97 (Train)
---------  --------
mse_error  0.346907
---------  --------
Validation Result @ Iteration 97000; Milestone = 97 (ID: Validation)
---  --------
mse  0.463437
---  --------
Running Evaluation...
Validation Result @ Iteration 98000; Milestone = 98 (Train)
---------  --------
mse_error  0.344116
---------  --------
Validation Result @ Iteration 98000; Milestone = 98 (ID: Validation)
---  --------
mse  0.459638
---  --------
Running Evaluation...
Validation Result @ Iteration 99000; Milestone = 99 (Train)
---------  --------
mse_error  0.341397
---------  --------
Validation Result @ Iteration 99000; Milestone = 99 (ID: Validation)
---  -------
mse  0.45964
---  -------
Running Evaluation...
Validation Result @ Iteration 100000; Milestone = 100 (Train)
---------  --------
mse_error  0.344526
---------  --------
Validation Result @ Iteration 100000; Milestone = 100 (ID: Validation)
---  --------
mse  0.461168
---  --------
training complete
Training completed!
Results saved to: results/ds_inverse/q201_baseline/results.json
Experiment completed at Wed Feb 18 12:52:22 EST 2026
Copying results to persistent storage...
sending incremental file list
ds_inverse/q201_baseline/model-100.pt
ds_inverse/q201_baseline/model-11.pt
ds_inverse/q201_baseline/model-12.pt
ds_inverse/q201_baseline/model-13.pt
ds_inverse/q201_baseline/model-14.pt
ds_inverse/q201_baseline/model-15.pt
ds_inverse/q201_baseline/model-16.pt
ds_inverse/q201_baseline/model-17.pt
ds_inverse/q201_baseline/model-18.pt
ds_inverse/q201_baseline/model-19.pt
ds_inverse/q201_baseline/model-2.pt
ds_inverse/q201_baseline/model-20.pt
ds_inverse/q201_baseline/model-21.pt
ds_inverse/q201_baseline/model-22.pt
ds_inverse/q201_baseline/model-23.pt
ds_inverse/q201_baseline/model-24.pt
ds_inverse/q201_baseline/model-25.pt
ds_inverse/q201_baseline/model-26.pt
ds_inverse/q201_baseline/model-27.pt
ds_inverse/q201_baseline/model-28.pt
ds_inverse/q201_baseline/model-29.pt
ds_inverse/q201_baseline/model-30.pt
ds_inverse/q201_baseline/model-31.pt
ds_inverse/q201_baseline/model-32.pt
ds_inverse/q201_baseline/model-33.pt
ds_inverse/q201_baseline/model-34.pt
ds_inverse/q201_baseline/model-35.pt
ds_inverse/q201_baseline/model-36.pt
ds_inverse/q201_baseline/model-37.pt
ds_inverse/q201_baseline/model-38.pt
ds_inverse/q201_baseline/model-39.pt
ds_inverse/q201_baseline/model-4.pt
ds_inverse/q201_baseline/model-40.pt
ds_inverse/q201_baseline/model-41.pt
ds_inverse/q201_baseline/model-42.pt
ds_inverse/q201_baseline/model-43.pt
ds_inverse/q201_baseline/model-44.pt
ds_inverse/q201_baseline/model-45.pt
ds_inverse/q201_baseline/model-46.pt
ds_inverse/q201_baseline/model-47.pt
ds_inverse/q201_baseline/model-48.pt
ds_inverse/q201_baseline/model-49.pt
ds_inverse/q201_baseline/model-5.pt
ds_inverse/q201_baseline/model-50.pt
ds_inverse/q201_baseline/model-51.pt
ds_inverse/q201_baseline/model-52.pt
ds_inverse/q201_baseline/model-53.pt
ds_inverse/q201_baseline/model-54.pt
ds_inverse/q201_baseline/model-55.pt
ds_inverse/q201_baseline/model-56.pt
ds_inverse/q201_baseline/model-57.pt
ds_inverse/q201_baseline/model-58.pt
ds_inverse/q201_baseline/model-59.pt
ds_inverse/q201_baseline/model-6.pt
ds_inverse/q201_baseline/model-60.pt
ds_inverse/q201_baseline/model-61.pt
ds_inverse/q201_baseline/model-62.pt
ds_inverse/q201_baseline/model-63.pt
ds_inverse/q201_baseline/model-64.pt
ds_inverse/q201_baseline/model-65.pt
ds_inverse/q201_baseline/model-66.pt
ds_inverse/q201_baseline/model-67.pt
ds_inverse/q201_baseline/model-68.pt
ds_inverse/q201_baseline/model-69.pt
ds_inverse/q201_baseline/model-7.pt
ds_inverse/q201_baseline/model-70.pt
ds_inverse/q201_baseline/model-71.pt
ds_inverse/q201_baseline/model-72.pt
ds_inverse/q201_baseline/model-73.pt
ds_inverse/q201_baseline/model-74.pt
ds_inverse/q201_baseline/model-75.pt
ds_inverse/q201_baseline/model-76.pt
ds_inverse/q201_baseline/model-77.pt
ds_inverse/q201_baseline/model-78.pt
ds_inverse/q201_baseline/model-79.pt
ds_inverse/q201_baseline/model-8.pt
ds_inverse/q201_baseline/model-80.pt
ds_inverse/q201_baseline/model-81.pt
ds_inverse/q201_baseline/model-82.pt
ds_inverse/q201_baseline/model-83.pt
ds_inverse/q201_baseline/model-84.pt
ds_inverse/q201_baseline/model-85.pt
ds_inverse/q201_baseline/model-86.pt
ds_inverse/q201_baseline/model-87.pt
ds_inverse/q201_baseline/model-88.pt
ds_inverse/q201_baseline/model-89.pt
ds_inverse/q201_baseline/model-9.pt
ds_inverse/q201_baseline/model-90.pt
ds_inverse/q201_baseline/model-91.pt
ds_inverse/q201_baseline/model-92.pt
ds_inverse/q201_baseline/model-93.pt
ds_inverse/q201_baseline/model-94.pt
ds_inverse/q201_baseline/model-95.pt
ds_inverse/q201_baseline/model-96.pt
ds_inverse/q201_baseline/model-97.pt
ds_inverse/q201_baseline/model-98.pt
ds_inverse/q201_baseline/model-99.pt
ds_inverse/q201_baseline/results.json

sent 2,235,924,130 bytes  received 1,880 bytes  59,624,693.60 bytes/sec
total size is 2,304,507,738  speedup is 1.03
Results copied to /n/home03/mkrasnow/research-repo/projects/ired/results/
Cleaning up work directory...
