Cloning into '/tmp/ired-job-61767772'...
Note: switching to '4e30151b7ea741213d54520099256603cacdf7df'.

You are in 'detached HEAD' state. You can look around, make experimental
changes and commit them, and you can discard any commits you make in this
state without impacting any branches by switching back to a branch.

If you want to create a new branch to retain commits you create, you may
do so (now or later) by using -c with the switch command. Example:

  git switch -c <new-branch-name>

Or undo this operation with:

  git switch -

Turn off this advice by setting config variable advice.detachedHead to false

HEAD is now at 4e30151 Fix TAM-CTL: add recovery loss params to mining_config in experiment
Detected kernel version 4.18.0, which is below the recommended minimum of 5.5.0; this can cause the process to hang. It is recommended to upgrade the kernel to the minimum version or higher.
  0%|          | 0/100000 [00:00<?, ?it/s]/tmp/ired-job-61767772/projects/ired/diffusion_lib/denoising_diffusion_pytorch_1d.py:1193: UserWarning: Using a target size (torch.Size([2048])) that is different to the input size (torch.Size([2048, 400])). This will likely lead to incorrect results due to broadcasting. Please ensure they have the same size.
  loss_rec = F.mse_loss(pred_rec, target, reduction='none')  # [B, seq_len]
  0%|          | 0/100000 [00:00<?, ?it/s]
Traceback (most recent call last):
  File "/tmp/ired-job-61767772/projects/ired/experiments/matrix_inversion_mining.py", line 326, in <module>
    main()
  File "/tmp/ired-job-61767772/projects/ired/experiments/matrix_inversion_mining.py", line 316, in main
    results = run_experiment(config)
  File "/tmp/ired-job-61767772/projects/ired/experiments/matrix_inversion_mining.py", line 214, in run_experiment
    trainer.train()
  File "/tmp/ired-job-61767772/projects/ired/diffusion_lib/denoising_diffusion_pytorch_1d.py", line 1601, in train
    loss, (loss_denoise, loss_energy, loss_opt) = self.model(inp, label, mask)
  File "/n/home03/mkrasnow/.local/lib/python3.10/site-packages/torch/nn/modules/module.py", line 1775, in _wrapped_call_impl
    return self._call_impl(*args, **kwargs)
  File "/n/home03/mkrasnow/.local/lib/python3.10/site-packages/torch/nn/modules/module.py", line 1786, in _call_impl
    return forward_call(*args, **kwargs)
  File "/tmp/ired-job-61767772/projects/ired/diffusion_lib/denoising_diffusion_pytorch_1d.py", line 1396, in forward
    return self.p_losses(inp, target, mask, t, *args, **kwargs)
  File "/tmp/ired-job-61767772/projects/ired/diffusion_lib/denoising_diffusion_pytorch_1d.py", line 1193, in p_losses
    loss_rec = F.mse_loss(pred_rec, target, reduction='none')  # [B, seq_len]
  File "/n/home03/mkrasnow/.local/lib/python3.10/site-packages/torch/nn/functional.py", line 3864, in mse_loss
    expanded_input, expanded_target = torch.broadcast_tensors(input, target)
  File "/n/home03/mkrasnow/.local/lib/python3.10/site-packages/torch/functional.py", line 77, in broadcast_tensors
    return _VF.broadcast_tensors(tensors)  # type: ignore[attr-defined]
RuntimeError: The size of tensor a (400) must match the size of tensor b (2048) at non-singleton dimension 1
