Job started at Thu Feb 26 10:48:14 EST 2026
Running on host: holygpu8a16103.rc.fas.harvard.edu
Job ID: 62421114, Array Task ID: 2
Config: projects/ired/configs/q230_energy_ranking.json
Git URL: https://github.com/mdkrasnow/research-repo.git
Git SHA: 3df659061abc17a20ada425d26fca738f278c5f5
Work directory: /tmp/ired-job-62421114
GPU info:
Thu Feb 26 10:48:15 2026       
+-----------------------------------------------------------------------------------------+
| NVIDIA-SMI 575.57.08              Driver Version: 575.57.08      CUDA Version: 12.9     |
|-----------------------------------------+------------------------+----------------------+
| GPU  Name                 Persistence-M | Bus-Id          Disp.A | Volatile Uncorr. ECC |
| Fan  Temp   Perf          Pwr:Usage/Cap |           Memory-Usage | GPU-Util  Compute M. |
|                                         |                        |               MIG M. |
|=========================================+========================+======================|
|   0  NVIDIA H200                    On  |   00000000:06:00.0 Off |                    0 |
| N/A   27C    P0             73W /  700W |       0MiB / 143771MiB |      0%      Default |
|                                         |                        |             Disabled |
+-----------------------------------------+------------------------+----------------------+
                                                                                         
+-----------------------------------------------------------------------------------------+
| Processes:                                                                              |
|  GPU   GI   CI              PID   Type   Process name                        GPU Memory |
|        ID   ID                                                               Usage      |
|=========================================================================================|
|  No running processes found                                                             |
+-----------------------------------------------------------------------------------------+
Cloning repository...
Repository cloned and checked out to: 3df6590
Repository info:
3df6590 Add q228-q231 10K-step ablation sbatch (gpu_test 0-1, seas_gpu 2-3)
Starting 10K-step run with config: projects/ired/configs/q230_energy_ranking.json
Loading configuration from: projects/ired/configs/q230_energy_ranking.json
Configuration saved to: projects/ired/results/ds_inverse/q230_energy_ranking/experiment_config.json
Setting random seed: 0
Starting experiment with mining strategy: tam
Configuration: {
  "experiment_name": "q230_energy_ranking",
  "description": "TAM-CTL v2 fix 3: implied noise + ranking + energy shaping via CD loss.",
  "investigation": "ired-pgd",
  "ablation_stage": "tam_ctl_v2_energy_ranking",
  "mining_strategy": "tam",
  "tam_anchor_step": 2,
  "pgd_delta": 1.5,
  "pgd_step_size": 0.5,
  "mining_opt_steps": 3,
  "use_recovery_loss": true,
  "recovery_steps": 1,
  "recovery_loss_weight": 0.1,
  "recovery_target": "implied_noise",
  "use_recovery_rank_loss": true,
  "recovery_rank_margin": 0.1,
  "recovery_rank_weight": 0.1,
  "use_gradient_contrastive": false,
  "energy_loss_weight": 0.03,
  "use_cd_loss": true,
  "use_scalar_energy": true,
  "rank": 20,
  "ood": false,
  "diffusion_steps": 10,
  "batch_size": 2048,
  "train_steps": 10000,
  "learning_rate": 0.0001,
  "adam_betas": [
    0.0,
    0.999
  ],
  "output_dir": "projects/ired/results/ds_inverse/q230_energy_ranking",
  "notes": "Ablation ladder step 3: q229 + energy shaping (CD loss weight=0.03). Adds landscape pressure.",
  "seed": 0
}
Dataset: Inverse matrices (20x20)
Input dimension: 400, Output dimension: 400
Trainer initialized. Output directory: projects/ired/results/ds_inverse/q230_energy_ranking
Training for 10000 steps...
[TAM-CTL-DIAG step=100] mse_pos=1.000711 mse_neg=1.000710 mse_rec=1.000710 neg_vs_rec=0.000000 rec_dist=0.0000 anchor_dist=1.8170 dist_rec_pos=1.8170 eps_gap_rel=0.1018 cos_rec=-0.1990
[TAM-CTL-DIAG step=200] mse_pos=0.998372 mse_neg=0.998372 mse_rec=0.998372 neg_vs_rec=0.000000 rec_dist=0.0001 anchor_dist=12.6179 dist_rec_pos=12.6180 eps_gap_rel=0.9636 cos_rec=-0.2648
[TAM-CTL-DIAG step=300] mse_pos=1.000432 mse_neg=1.000432 mse_rec=1.000432 neg_vs_rec=0.000000 rec_dist=0.0001 anchor_dist=0.7330 dist_rec_pos=0.7331 eps_gap_rel=0.0398 cos_rec=-0.2963
[TAM-CTL-DIAG step=400] mse_pos=1.001125 mse_neg=1.001124 mse_rec=1.001124 neg_vs_rec=0.000000 rec_dist=0.0001 anchor_dist=8.6384 dist_rec_pos=8.6384 eps_gap_rel=0.5982 cos_rec=-0.1999
[TAM-CTL-DIAG step=500] mse_pos=1.001932 mse_neg=1.001931 mse_rec=1.001931 neg_vs_rec=0.000000 rec_dist=0.0002 anchor_dist=4.1486 dist_rec_pos=4.1487 eps_gap_rel=0.2461 cos_rec=-0.1449
[TAM-CTL-DIAG step=600] mse_pos=1.001608 mse_neg=1.001606 mse_rec=1.001606 neg_vs_rec=0.000000 rec_dist=0.0002 anchor_dist=2.7531 dist_rec_pos=2.7532 eps_gap_rel=0.1579 cos_rec=-0.1726
[TAM-CTL-DIAG step=700] mse_pos=1.000634 mse_neg=1.000633 mse_rec=1.000633 neg_vs_rec=0.000000 rec_dist=0.0002 anchor_dist=12.3579 dist_rec_pos=12.3580 eps_gap_rel=0.9530 cos_rec=-0.2283
[TAM-CTL-DIAG step=800] mse_pos=1.000199 mse_neg=1.000197 mse_rec=1.000197 neg_vs_rec=0.000000 rec_dist=0.0002 anchor_dist=1.0299 dist_rec_pos=1.0300 eps_gap_rel=0.0563 cos_rec=-0.2682
[TAM-CTL-DIAG step=900] mse_pos=0.999818 mse_neg=0.999816 mse_rec=0.999816 neg_vs_rec=0.000000 rec_dist=0.0002 anchor_dist=1.0164 dist_rec_pos=1.0165 eps_gap_rel=0.0556 cos_rec=-0.2688
[TAM-CTL-DIAG step=1000] mse_pos=0.998348 mse_neg=0.998345 mse_rec=0.998345 neg_vs_rec=0.000000 rec_dist=0.0002 anchor_dist=0.9889 dist_rec_pos=0.9890 eps_gap_rel=0.0544 cos_rec=-0.2737
Running Evaluation...
Validation Result @ Iteration 1000; Milestone = 1 (Train)
---------  -------
mse_error  3.86578
---------  -------
Validation Result @ Iteration 1000; Milestone = 1 (ID: Validation)
---  -------
mse  3.86538
---  -------
[TAM-CTL-DIAG step=1100] mse_pos=1.001463 mse_neg=1.001461 mse_rec=1.001461 neg_vs_rec=0.000000 rec_dist=0.0002 anchor_dist=4.1305 dist_rec_pos=4.1306 eps_gap_rel=0.2466 cos_rec=-0.1462
[TAM-CTL-DIAG step=1200] mse_pos=1.000289 mse_neg=1.000287 mse_rec=1.000287 neg_vs_rec=0.000000 rec_dist=0.0002 anchor_dist=6.1390 dist_rec_pos=6.1391 eps_gap_rel=0.3878 cos_rec=-0.1552
[TAM-CTL-DIAG step=1300] mse_pos=1.002343 mse_neg=1.002340 mse_rec=1.002340 neg_vs_rec=0.000000 rec_dist=0.0002 anchor_dist=1.3843 dist_rec_pos=1.3844 eps_gap_rel=0.0766 cos_rec=-0.2407
[TAM-CTL-DIAG step=1400] mse_pos=1.002843 mse_neg=1.002841 mse_rec=1.002841 neg_vs_rec=0.000000 rec_dist=0.0002 anchor_dist=6.4911 dist_rec_pos=6.4913 eps_gap_rel=0.4050 cos_rec=-0.1584
[TAM-CTL-DIAG step=1500] mse_pos=1.000875 mse_neg=1.000874 mse_rec=1.000874 neg_vs_rec=0.000000 rec_dist=0.0002 anchor_dist=9.2060 dist_rec_pos=9.2062 eps_gap_rel=0.6274 cos_rec=-0.2132
[TAM-CTL-DIAG step=1600] mse_pos=1.000682 mse_neg=1.000679 mse_rec=1.000679 neg_vs_rec=0.000000 rec_dist=0.0003 anchor_dist=6.5480 dist_rec_pos=6.5482 eps_gap_rel=0.4064 cos_rec=-0.1657
[TAM-CTL-DIAG step=1700] mse_pos=1.002211 mse_neg=1.002211 mse_rec=1.002211 neg_vs_rec=0.000000 rec_dist=0.0003 anchor_dist=13.3224 dist_rec_pos=13.3227 eps_gap_rel=1.0094 cos_rec=-0.2357
[TAM-CTL-DIAG step=1800] mse_pos=1.000982 mse_neg=1.000980 mse_rec=1.000980 neg_vs_rec=0.000000 rec_dist=0.0003 anchor_dist=9.5534 dist_rec_pos=9.5537 eps_gap_rel=0.6398 cos_rec=-0.2245
[TAM-CTL-DIAG step=1900] mse_pos=1.000012 mse_neg=1.000007 mse_rec=1.000007 neg_vs_rec=0.000000 rec_dist=0.0002 anchor_dist=0.7621 dist_rec_pos=0.7623 eps_gap_rel=0.0413 cos_rec=-0.2681
[TAM-CTL-DIAG step=2000] mse_pos=0.999295 mse_neg=0.999295 mse_rec=0.999295 neg_vs_rec=0.000000 rec_dist=0.0003 anchor_dist=13.3996 dist_rec_pos=13.3999 eps_gap_rel=1.0133 cos_rec=-0.2391
Running Evaluation...
Validation Result @ Iteration 2000; Milestone = 2 (Train)
---------  -------
mse_error  3.85996
---------  -------
Validation Result @ Iteration 2000; Milestone = 2 (ID: Validation)
---  -------
mse  3.86119
---  -------
[TAM-CTL-DIAG step=2100] mse_pos=0.999760 mse_neg=0.999753 mse_rec=0.999753 neg_vs_rec=0.000000 rec_dist=0.0003 anchor_dist=0.8269 dist_rec_pos=0.8272 eps_gap_rel=0.0444 cos_rec=-0.2572
[TAM-CTL-DIAG step=2200] mse_pos=1.000972 mse_neg=1.000972 mse_rec=1.000972 neg_vs_rec=0.000000 rec_dist=0.0003 anchor_dist=13.9264 dist_rec_pos=13.9267 eps_gap_rel=1.0227 cos_rec=-0.2387
[TAM-CTL-DIAG step=2300] mse_pos=0.999347 mse_neg=0.999341 mse_rec=0.999341 neg_vs_rec=0.000000 rec_dist=0.0002 anchor_dist=3.1173 dist_rec_pos=3.1175 eps_gap_rel=0.1786 cos_rec=-0.1843
[TAM-CTL-DIAG step=2400] mse_pos=0.999444 mse_neg=0.999437 mse_rec=0.999437 neg_vs_rec=0.000000 rec_dist=0.0002 anchor_dist=2.1683 dist_rec_pos=2.1686 eps_gap_rel=0.1210 cos_rec=-0.1927
[TAM-CTL-DIAG step=2500] mse_pos=0.996163 mse_neg=0.996160 mse_rec=0.996160 neg_vs_rec=0.000000 rec_dist=0.0002 anchor_dist=9.5683 dist_rec_pos=9.5687 eps_gap_rel=0.6489 cos_rec=-0.2571
[TAM-CTL-DIAG step=2600] mse_pos=1.001016 mse_neg=1.001007 mse_rec=1.001007 neg_vs_rec=0.000000 rec_dist=0.0003 anchor_dist=2.2310 dist_rec_pos=2.2314 eps_gap_rel=0.1246 cos_rec=-0.1924
[TAM-CTL-DIAG step=2700] mse_pos=0.999915 mse_neg=0.999915 mse_rec=0.999915 neg_vs_rec=0.000000 rec_dist=0.0004 anchor_dist=13.7391 dist_rec_pos=13.7396 eps_gap_rel=1.0340 cos_rec=-0.2438
[TAM-CTL-DIAG step=2800] mse_pos=0.998639 mse_neg=0.998632 mse_rec=0.998632 neg_vs_rec=0.000000 rec_dist=0.0003 anchor_dist=6.7365 dist_rec_pos=6.7370 eps_gap_rel=0.4155 cos_rec=-0.2311
[TAM-CTL-DIAG step=2900] mse_pos=1.000554 mse_neg=1.000542 mse_rec=1.000542 neg_vs_rec=0.000000 rec_dist=0.0003 anchor_dist=0.8121 dist_rec_pos=0.8126 eps_gap_rel=0.0440 cos_rec=-0.2335
[TAM-CTL-DIAG step=3000] mse_pos=0.997429 mse_neg=0.997416 mse_rec=0.997416 neg_vs_rec=0.000000 rec_dist=0.0003 anchor_dist=0.8319 dist_rec_pos=0.8323 eps_gap_rel=0.0449 cos_rec=-0.2333
Running Evaluation...
Validation Result @ Iteration 3000; Milestone = 3 (Train)
---------  -------
mse_error  3.85348
---------  -------
Validation Result @ Iteration 3000; Milestone = 3 (ID: Validation)
---  -------
mse  3.85373
---  -------
[TAM-CTL-DIAG step=3100] mse_pos=1.000228 mse_neg=1.000215 mse_rec=1.000215 neg_vs_rec=0.000000 rec_dist=0.0003 anchor_dist=0.8543 dist_rec_pos=0.8548 eps_gap_rel=0.0461 cos_rec=-0.2346
[TAM-CTL-DIAG step=3200] mse_pos=1.000016 mse_neg=1.000002 mse_rec=1.000002 neg_vs_rec=0.000000 rec_dist=0.0003 anchor_dist=1.1783 dist_rec_pos=1.1788 eps_gap_rel=0.0643 cos_rec=-0.2215
[TAM-CTL-DIAG step=3300] mse_pos=0.997502 mse_neg=0.997492 mse_rec=0.997492 neg_vs_rec=0.000000 rec_dist=0.0003 anchor_dist=6.8207 dist_rec_pos=6.8214 eps_gap_rel=0.4200 cos_rec=-0.2501
[TAM-CTL-DIAG step=3400] mse_pos=1.002172 mse_neg=1.002166 mse_rec=1.002166 neg_vs_rec=0.000000 rec_dist=0.0004 anchor_dist=9.8632 dist_rec_pos=9.8640 eps_gap_rel=0.6554 cos_rec=-0.2662
[TAM-CTL-DIAG step=3500] mse_pos=1.000082 mse_neg=1.000076 mse_rec=1.000076 neg_vs_rec=0.000000 rec_dist=0.0004 anchor_dist=9.7491 dist_rec_pos=9.7499 eps_gap_rel=0.6536 cos_rec=-0.2695
[TAM-CTL-DIAG step=3600] mse_pos=0.998857 mse_neg=0.998850 mse_rec=0.998850 neg_vs_rec=0.000000 rec_dist=0.0004 anchor_dist=9.7557 dist_rec_pos=9.7565 eps_gap_rel=0.6532 cos_rec=-0.2700
[TAM-CTL-DIAG step=3700] mse_pos=0.998175 mse_neg=0.998157 mse_rec=0.998157 neg_vs_rec=0.000000 rec_dist=0.0003 anchor_dist=1.6292 dist_rec_pos=1.6298 eps_gap_rel=0.0894 cos_rec=-0.2234
[TAM-CTL-DIAG step=3800] mse_pos=1.000969 mse_neg=1.000952 mse_rec=1.000952 neg_vs_rec=0.000000 rec_dist=0.0003 anchor_dist=2.2044 dist_rec_pos=2.2050 eps_gap_rel=0.1233 cos_rec=-0.2240
[TAM-CTL-DIAG step=3900] mse_pos=1.000125 mse_neg=1.000118 mse_rec=1.000118 neg_vs_rec=0.000000 rec_dist=0.0005 anchor_dist=9.7769 dist_rec_pos=9.7779 eps_gap_rel=0.6532 cos_rec=-0.2712
[TAM-CTL-DIAG step=4000] mse_pos=1.001086 mse_neg=1.001067 mse_rec=1.001067 neg_vs_rec=0.000000 rec_dist=0.0003 anchor_dist=3.1309 dist_rec_pos=3.1316 eps_gap_rel=0.1792 cos_rec=-0.2379
Running Evaluation...
Validation Result @ Iteration 4000; Milestone = 4 (Train)
---------  -------
mse_error  3.84277
---------  -------
Validation Result @ Iteration 4000; Milestone = 4 (ID: Validation)
---  -------
mse  3.84381
---  -------
[TAM-CTL-DIAG step=4100] mse_pos=0.999953 mse_neg=0.999934 mse_rec=0.999934 neg_vs_rec=0.000000 rec_dist=0.0003 anchor_dist=3.0458 dist_rec_pos=3.0466 eps_gap_rel=0.1749 cos_rec=-0.2391
[TAM-CTL-DIAG step=4200] mse_pos=1.002720 mse_neg=1.002698 mse_rec=1.002698 neg_vs_rec=0.000000 rec_dist=0.0003 anchor_dist=1.2187 dist_rec_pos=1.2195 eps_gap_rel=0.0664 cos_rec=-0.2427
[TAM-CTL-DIAG step=4300] mse_pos=0.999955 mse_neg=0.999932 mse_rec=0.999932 neg_vs_rec=0.000000 rec_dist=0.0003 anchor_dist=0.8959 dist_rec_pos=0.8967 eps_gap_rel=0.0483 cos_rec=-0.2575
[TAM-CTL-DIAG step=4400] mse_pos=0.999564 mse_neg=0.999541 mse_rec=0.999541 neg_vs_rec=0.000000 rec_dist=0.0003 anchor_dist=1.2155 dist_rec_pos=1.2163 eps_gap_rel=0.0664 cos_rec=-0.2561
[TAM-CTL-DIAG step=4500] mse_pos=1.001894 mse_neg=1.001870 mse_rec=1.001870 neg_vs_rec=0.000000 rec_dist=0.0003 anchor_dist=0.9748 dist_rec_pos=0.9757 eps_gap_rel=0.0530 cos_rec=-0.2687
[TAM-CTL-DIAG step=4600] mse_pos=0.998740 mse_neg=0.998740 mse_rec=0.998740 neg_vs_rec=0.000000 rec_dist=0.0008 anchor_dist=13.7953 dist_rec_pos=13.7965 eps_gap_rel=1.0324 cos_rec=-0.2367
[TAM-CTL-DIAG step=4700] mse_pos=0.997289 mse_neg=0.997264 mse_rec=0.997264 neg_vs_rec=0.000000 rec_dist=0.0003 anchor_dist=0.8772 dist_rec_pos=0.8781 eps_gap_rel=0.0473 cos_rec=-0.2808
[TAM-CTL-DIAG step=4800] mse_pos=0.997684 mse_neg=0.997669 mse_rec=0.997669 neg_vs_rec=0.000000 rec_dist=0.0004 anchor_dist=6.5874 dist_rec_pos=6.5883 eps_gap_rel=0.4132 cos_rec=-0.2784
[TAM-CTL-DIAG step=4900] mse_pos=1.000145 mse_neg=1.000137 mse_rec=1.000137 neg_vs_rec=0.000000 rec_dist=0.0006 anchor_dist=9.7969 dist_rec_pos=9.7981 eps_gap_rel=0.6546 cos_rec=-0.2674
[TAM-CTL-DIAG step=5000] mse_pos=0.999837 mse_neg=0.999837 mse_rec=0.999837 neg_vs_rec=0.000000 rec_dist=0.0008 anchor_dist=14.0673 dist_rec_pos=14.0686 eps_gap_rel=1.0314 cos_rec=-0.2346
Running Evaluation...
Validation Result @ Iteration 5000; Milestone = 5 (Train)
---------  -------
mse_error  3.83421
---------  -------
Validation Result @ Iteration 5000; Milestone = 5 (ID: Validation)
---  -------
mse  3.83408
---  -------
[TAM-CTL-DIAG step=5100] mse_pos=1.000535 mse_neg=1.000509 mse_rec=1.000509 neg_vs_rec=0.000000 rec_dist=0.0003 anchor_dist=0.8544 dist_rec_pos=0.8553 eps_gap_rel=0.0462 cos_rec=-0.2748
[TAM-CTL-DIAG step=5200] mse_pos=0.998767 mse_neg=0.998747 mse_rec=0.998747 neg_vs_rec=0.000000 rec_dist=0.0004 anchor_dist=4.5118 dist_rec_pos=4.5127 eps_gap_rel=0.2684 cos_rec=-0.2646
[TAM-CTL-DIAG step=5300] mse_pos=0.999221 mse_neg=0.999205 mse_rec=0.999205 neg_vs_rec=0.000000 rec_dist=0.0004 anchor_dist=6.6678 dist_rec_pos=6.6688 eps_gap_rel=0.4126 cos_rec=-0.2812
[TAM-CTL-DIAG step=5400] mse_pos=0.997979 mse_neg=0.997953 mse_rec=0.997953 neg_vs_rec=0.000000 rec_dist=0.0003 anchor_dist=1.6227 dist_rec_pos=1.6236 eps_gap_rel=0.0895 cos_rec=-0.2615
[TAM-CTL-DIAG step=5500] mse_pos=1.001821 mse_neg=1.001797 mse_rec=1.001797 neg_vs_rec=0.000000 rec_dist=0.0004 anchor_dist=3.1333 dist_rec_pos=3.1343 eps_gap_rel=0.1791 cos_rec=-0.2630
[TAM-CTL-DIAG step=5600] mse_pos=0.998784 mse_neg=0.998755 mse_rec=0.998755 neg_vs_rec=0.000000 rec_dist=0.0004 anchor_dist=1.2080 dist_rec_pos=1.2090 eps_gap_rel=0.0661 cos_rec=-0.2785
[TAM-CTL-DIAG step=5700] mse_pos=0.997730 mse_neg=0.997703 mse_rec=0.997703 neg_vs_rec=0.000000 rec_dist=0.0004 anchor_dist=1.5707 dist_rec_pos=1.5717 eps_gap_rel=0.0870 cos_rec=-0.2661
[TAM-CTL-DIAG step=5800] mse_pos=0.999766 mse_neg=0.999736 mse_rec=0.999736 neg_vs_rec=0.000000 rec_dist=0.0004 anchor_dist=1.2685 dist_rec_pos=1.2695 eps_gap_rel=0.0692 cos_rec=-0.2682
[TAM-CTL-DIAG step=5900] mse_pos=1.000542 mse_neg=1.000513 mse_rec=1.000513 neg_vs_rec=0.000000 rec_dist=0.0004 anchor_dist=2.2253 dist_rec_pos=2.2263 eps_gap_rel=0.1244 cos_rec=-0.2612
[TAM-CTL-DIAG step=6000] mse_pos=1.001703 mse_neg=1.001703 mse_rec=1.001703 neg_vs_rec=0.000000 rec_dist=0.0009 anchor_dist=13.9278 dist_rec_pos=13.9293 eps_gap_rel=1.0338 cos_rec=-0.2342
Running Evaluation...
Validation Result @ Iteration 6000; Milestone = 6 (Train)
---------  -------
mse_error  3.82781
---------  -------
Validation Result @ Iteration 6000; Milestone = 6 (ID: Validation)
---  -------
mse  3.82781
---  -------
[TAM-CTL-DIAG step=6100] mse_pos=0.996918 mse_neg=0.996889 mse_rec=0.996889 neg_vs_rec=0.000000 rec_dist=0.0004 anchor_dist=1.2367 dist_rec_pos=1.2377 eps_gap_rel=0.0676 cos_rec=-0.2726
[TAM-CTL-DIAG step=6200] mse_pos=0.999606 mse_neg=0.999576 mse_rec=0.999576 neg_vs_rec=0.000000 rec_dist=0.0004 anchor_dist=0.9833 dist_rec_pos=0.9844 eps_gap_rel=0.0534 cos_rec=-0.2884
[TAM-CTL-DIAG step=6300] mse_pos=0.999961 mse_neg=0.999961 mse_rec=0.999961 neg_vs_rec=0.000000 rec_dist=0.0010 anchor_dist=13.8517 dist_rec_pos=13.8532 eps_gap_rel=1.0324 cos_rec=-0.2299
[TAM-CTL-DIAG step=6400] mse_pos=1.000068 mse_neg=1.000037 mse_rec=1.000037 neg_vs_rec=0.000000 rec_dist=0.0004 anchor_dist=1.2705 dist_rec_pos=1.2715 eps_gap_rel=0.0693 cos_rec=-0.2777
[TAM-CTL-DIAG step=6500] mse_pos=1.000844 mse_neg=1.000819 mse_rec=1.000819 neg_vs_rec=0.000000 rec_dist=0.0004 anchor_dist=3.1494 dist_rec_pos=3.1504 eps_gap_rel=0.1803 cos_rec=-0.2739
[TAM-CTL-DIAG step=6600] mse_pos=0.999342 mse_neg=0.999319 mse_rec=0.999319 neg_vs_rec=0.000000 rec_dist=0.0004 anchor_dist=4.5873 dist_rec_pos=4.5884 eps_gap_rel=0.2705 cos_rec=-0.2788
[TAM-CTL-DIAG step=6700] mse_pos=1.002364 mse_neg=1.002337 mse_rec=1.002337 neg_vs_rec=0.000000 rec_dist=0.0004 anchor_dist=3.2063 dist_rec_pos=3.2074 eps_gap_rel=0.1827 cos_rec=-0.2744
[TAM-CTL-DIAG step=6800] mse_pos=1.000741 mse_neg=1.000712 mse_rec=1.000712 neg_vs_rec=0.000000 rec_dist=0.0004 anchor_dist=2.2562 dist_rec_pos=2.2573 eps_gap_rel=0.1263 cos_rec=-0.2700
[TAM-CTL-DIAG step=6900] mse_pos=1.002555 mse_neg=1.002523 mse_rec=1.002523 neg_vs_rec=0.000000 rec_dist=0.0004 anchor_dist=0.8485 dist_rec_pos=0.8496 eps_gap_rel=0.0459 cos_rec=-0.3093
[TAM-CTL-DIAG step=7000] mse_pos=1.000970 mse_neg=1.000939 mse_rec=1.000939 neg_vs_rec=0.000000 rec_dist=0.0004 anchor_dist=0.9931 dist_rec_pos=0.9942 eps_gap_rel=0.0541 cos_rec=-0.3040
Running Evaluation...
Validation Result @ Iteration 7000; Milestone = 7 (Train)
---------  -------
mse_error  3.82416
---------  -------
Validation Result @ Iteration 7000; Milestone = 7 (ID: Validation)
---  -------
mse  3.82451
---  -------
[TAM-CTL-DIAG step=7100] mse_pos=1.001253 mse_neg=1.001226 mse_rec=1.001226 neg_vs_rec=0.000000 rec_dist=0.0004 anchor_dist=3.2218 dist_rec_pos=3.2230 eps_gap_rel=0.1827 cos_rec=-0.2851
[TAM-CTL-DIAG step=7200] mse_pos=0.998911 mse_neg=0.998900 mse_rec=0.998900 neg_vs_rec=0.000000 rec_dist=0.0007 anchor_dist=9.8357 dist_rec_pos=9.8372 eps_gap_rel=0.6550 cos_rec=-0.2654
[TAM-CTL-DIAG step=7300] mse_pos=0.999481 mse_neg=0.999449 mse_rec=0.999449 neg_vs_rec=0.000000 rec_dist=0.0004 anchor_dist=1.0073 dist_rec_pos=1.0084 eps_gap_rel=0.0545 cos_rec=-0.3025
[TAM-CTL-DIAG step=7400] mse_pos=1.000572 mse_neg=1.000553 mse_rec=1.000553 neg_vs_rec=0.000000 rec_dist=0.0005 anchor_dist=6.8458 dist_rec_pos=6.8470 eps_gap_rel=0.4193 cos_rec=-0.2905
[TAM-CTL-DIAG step=7500] mse_pos=1.003236 mse_neg=1.003225 mse_rec=1.003225 neg_vs_rec=0.000000 rec_dist=0.0007 anchor_dist=9.9180 dist_rec_pos=9.9194 eps_gap_rel=0.6562 cos_rec=-0.2659
[TAM-CTL-DIAG step=7600] mse_pos=1.000775 mse_neg=1.000746 mse_rec=1.000746 neg_vs_rec=0.000000 rec_dist=0.0004 anchor_dist=2.2139 dist_rec_pos=2.2150 eps_gap_rel=0.1245 cos_rec=-0.2692
[TAM-CTL-DIAG step=7700] mse_pos=0.999750 mse_neg=0.999719 mse_rec=0.999719 neg_vs_rec=-0.000000 rec_dist=0.0004 anchor_dist=1.5838 dist_rec_pos=1.5849 eps_gap_rel=0.0878 cos_rec=-0.2825
[TAM-CTL-DIAG step=7800] mse_pos=0.998753 mse_neg=0.998721 mse_rec=0.998721 neg_vs_rec=0.000000 rec_dist=0.0004 anchor_dist=1.0013 dist_rec_pos=1.0024 eps_gap_rel=0.0544 cos_rec=-0.3000
[TAM-CTL-DIAG step=7900] mse_pos=0.997254 mse_neg=0.997222 mse_rec=0.997222 neg_vs_rec=0.000000 rec_dist=0.0004 anchor_dist=1.6240 dist_rec_pos=1.6251 eps_gap_rel=0.0897 cos_rec=-0.2758
[TAM-CTL-DIAG step=8000] mse_pos=1.002675 mse_neg=1.002642 mse_rec=1.002642 neg_vs_rec=0.000000 rec_dist=0.0004 anchor_dist=0.8663 dist_rec_pos=0.8675 eps_gap_rel=0.0468 cos_rec=-0.3156
Running Evaluation...
Validation Result @ Iteration 8000; Milestone = 8 (Train)
---------  -------
mse_error  3.82248
---------  -------
Validation Result @ Iteration 8000; Milestone = 8 (ID: Validation)
---  ------
mse  3.8223
---  ------
[TAM-CTL-DIAG step=8100] mse_pos=0.998446 mse_neg=0.998413 mse_rec=0.998413 neg_vs_rec=0.000000 rec_dist=0.0004 anchor_dist=0.9868 dist_rec_pos=0.9880 eps_gap_rel=0.0535 cos_rec=-0.3086
[TAM-CTL-DIAG step=8200] mse_pos=1.000823 mse_neg=1.000823 mse_rec=1.000823 neg_vs_rec=0.000000 rec_dist=0.0010 anchor_dist=13.7102 dist_rec_pos=13.7117 eps_gap_rel=1.0350 cos_rec=-0.2269
[TAM-CTL-DIAG step=8300] mse_pos=1.003613 mse_neg=1.003590 mse_rec=1.003590 neg_vs_rec=0.000000 rec_dist=0.0004 anchor_dist=4.4398 dist_rec_pos=4.4410 eps_gap_rel=0.2633 cos_rec=-0.2825
[TAM-CTL-DIAG step=8400] mse_pos=1.001592 mse_neg=1.001560 mse_rec=1.001560 neg_vs_rec=0.000000 rec_dist=0.0004 anchor_dist=1.0201 dist_rec_pos=1.0213 eps_gap_rel=0.0550 cos_rec=-0.3085
[TAM-CTL-DIAG step=8500] mse_pos=1.000332 mse_neg=1.000300 mse_rec=1.000300 neg_vs_rec=0.000000 rec_dist=0.0004 anchor_dist=1.0166 dist_rec_pos=1.0177 eps_gap_rel=0.0551 cos_rec=-0.3039
[TAM-CTL-DIAG step=8600] mse_pos=1.000798 mse_neg=1.000767 mse_rec=1.000767 neg_vs_rec=0.000000 rec_dist=0.0004 anchor_dist=1.2268 dist_rec_pos=1.2278 eps_gap_rel=0.0671 cos_rec=-0.2954
[TAM-CTL-DIAG step=8700] mse_pos=1.000193 mse_neg=1.000164 mse_rec=1.000164 neg_vs_rec=0.000000 rec_dist=0.0004 anchor_dist=3.1443 dist_rec_pos=3.1454 eps_gap_rel=0.1802 cos_rec=-0.2861
[TAM-CTL-DIAG step=8800] mse_pos=0.999168 mse_neg=0.999138 mse_rec=0.999138 neg_vs_rec=0.000000 rec_dist=0.0004 anchor_dist=2.2236 dist_rec_pos=2.2247 eps_gap_rel=0.1241 cos_rec=-0.2859
[TAM-CTL-DIAG step=8900] mse_pos=1.002407 mse_neg=1.002396 mse_rec=1.002396 neg_vs_rec=0.000000 rec_dist=0.0007 anchor_dist=9.6821 dist_rec_pos=9.6835 eps_gap_rel=0.6507 cos_rec=-0.2608
[TAM-CTL-DIAG step=9000] mse_pos=1.000753 mse_neg=1.000723 mse_rec=1.000723 neg_vs_rec=0.000000 rec_dist=0.0004 anchor_dist=1.6126 dist_rec_pos=1.6137 eps_gap_rel=0.0890 cos_rec=-0.2962
Running Evaluation...
Validation Result @ Iteration 9000; Milestone = 9 (Train)
---------  -------
mse_error  3.82291
---------  -------
Validation Result @ Iteration 9000; Milestone = 9 (ID: Validation)
---  -------
mse  3.82319
---  -------
[TAM-CTL-DIAG step=9100] mse_pos=1.000939 mse_neg=1.000907 mse_rec=1.000907 neg_vs_rec=0.000000 rec_dist=0.0004 anchor_dist=1.0024 dist_rec_pos=1.0035 eps_gap_rel=0.0543 cos_rec=-0.3117
[TAM-CTL-DIAG step=9200] mse_pos=0.999465 mse_neg=0.999433 mse_rec=0.999433 neg_vs_rec=0.000000 rec_dist=0.0004 anchor_dist=1.2085 dist_rec_pos=1.2096 eps_gap_rel=0.0662 cos_rec=-0.3022
[TAM-CTL-DIAG step=9300] mse_pos=1.002675 mse_neg=1.002642 mse_rec=1.002642 neg_vs_rec=0.000000 rec_dist=0.0004 anchor_dist=0.8830 dist_rec_pos=0.8841 eps_gap_rel=0.0478 cos_rec=-0.3109
[TAM-CTL-DIAG step=9400] mse_pos=0.996876 mse_neg=0.996844 mse_rec=0.996844 neg_vs_rec=0.000000 rec_dist=0.0004 anchor_dist=0.9806 dist_rec_pos=0.9817 eps_gap_rel=0.0534 cos_rec=-0.3172
[TAM-CTL-DIAG step=9500] mse_pos=0.999419 mse_neg=0.999400 mse_rec=0.999400 neg_vs_rec=0.000000 rec_dist=0.0005 anchor_dist=6.5994 dist_rec_pos=6.6007 eps_gap_rel=0.4124 cos_rec=-0.2862
[TAM-CTL-DIAG step=9600] mse_pos=0.999591 mse_neg=0.999567 mse_rec=0.999567 neg_vs_rec=0.000000 rec_dist=0.0004 anchor_dist=4.5326 dist_rec_pos=4.5338 eps_gap_rel=0.2679 cos_rec=-0.2880
[TAM-CTL-DIAG step=9700] mse_pos=1.001446 mse_neg=1.001415 mse_rec=1.001415 neg_vs_rec=0.000000 rec_dist=0.0004 anchor_dist=1.6187 dist_rec_pos=1.6198 eps_gap_rel=0.0895 cos_rec=-0.2878
[TAM-CTL-DIAG step=9800] mse_pos=0.999710 mse_neg=0.999691 mse_rec=0.999691 neg_vs_rec=0.000000 rec_dist=0.0005 anchor_dist=6.8058 dist_rec_pos=6.8071 eps_gap_rel=0.4211 cos_rec=-0.2901
[TAM-CTL-DIAG step=9900] mse_pos=0.998085 mse_neg=0.998056 mse_rec=0.998056 neg_vs_rec=0.000000 rec_dist=0.0004 anchor_dist=3.1777 dist_rec_pos=3.1788 eps_gap_rel=0.1822 cos_rec=-0.2905
[TAM-CTL-DIAG step=10000] mse_pos=1.001653 mse_neg=1.001623 mse_rec=1.001623 neg_vs_rec=0.000000 rec_dist=0.0004 anchor_dist=2.1562 dist_rec_pos=2.1574 eps_gap_rel=0.1212 cos_rec=-0.2909
Running Evaluation...
Validation Result @ Iteration 10000; Milestone = 10 (Train)
---------  -------
mse_error  3.82367
---------  -------
Validation Result @ Iteration 10000; Milestone = 10 (ID: Validation)
---  -------
mse  3.82303
---  -------
training complete
Training completed!
Saving final model checkpoint to: projects/ired/results/ds_inverse/q230_energy_ranking/final_model.pt
Final model checkpoint saved successfully (0 EBM parameters)
Results saved to: projects/ired/results/ds_inverse/q230_energy_ranking/results.json
Experiment completed at Thu Feb 26 10:56:14 EST 2026
Copying results to persistent storage...
sending incremental file list
./
summary.md
ds_inverse/
ds_inverse/q224_test_local/
ds_inverse/q224_test_local/experiment_config.json
ds_inverse/q230_energy_ranking/
ds_inverse/q230_energy_ranking/experiment_config.json
ds_inverse/q230_energy_ranking/final_model.pt
ds_inverse/q230_energy_ranking/model-1.pt
ds_inverse/q230_energy_ranking/model-10.pt
ds_inverse/q230_energy_ranking/model-2.pt
ds_inverse/q230_energy_ranking/model-3.pt
ds_inverse/q230_energy_ranking/model-4.pt
ds_inverse/q230_energy_ranking/model-5.pt
ds_inverse/q230_energy_ranking/model-6.pt
ds_inverse/q230_energy_ranking/model-7.pt
ds_inverse/q230_energy_ranking/model-8.pt
ds_inverse/q230_energy_ranking/model-9.pt
ds_inverse/q230_energy_ranking/results.json
test_run/
test_run/experiment_config.json

sent 214,192,218 bytes  received 351 bytes  47,598,348.67 bytes/sec
total size is 214,138,609  speedup is 1.00
Results copied to /n/home03/mkrasnow/research-repo/projects/ired/results/
Cleaning up work directory...
