Job started at Fri Jan 23 18:47:44 EST 2026
Running on host: holygpu8a22305.rc.fas.harvard.edu
Job ID: 56582653 (Array Job ID: 56540906, Task ID: 4)
Seed: 4
Git URL: https://github.com/mdkrasnow/research-repo.git
Git SHA: c11bf8dabf1b991cdf33f3f6118123c518299b17
Work directory: /tmp/ired-job-56582653
GPU info:
Fri Jan 23 18:47:45 2026       
+-----------------------------------------------------------------------------------------+
| NVIDIA-SMI 575.57.08              Driver Version: 575.57.08      CUDA Version: 12.9     |
|-----------------------------------------+------------------------+----------------------+
| GPU  Name                 Persistence-M | Bus-Id          Disp.A | Volatile Uncorr. ECC |
| Fan  Temp   Perf          Pwr:Usage/Cap |           Memory-Usage | GPU-Util  Compute M. |
|                                         |                        |               MIG M. |
|=========================================+========================+======================|
|   0  NVIDIA A100-SXM4-80GB          On  |   00000000:CA:00.0 Off |                    0 |
| N/A   26C    P0             61W /  500W |       0MiB /  81920MiB |      0%      Default |
|                                         |                        |             Disabled |
+-----------------------------------------+------------------------+----------------------+
                                                                                         
+-----------------------------------------------------------------------------------------+
| Processes:                                                                              |
|  GPU   GI   CI              PID   Type   Process name                        GPU Memory |
|        ID   ID                                                               Usage      |
|=========================================================================================|
|  No running processes found                                                             |
+-----------------------------------------------------------------------------------------+
Cloning repository...
Repository cloned and checked out to: c11bf8d
Repository info:
c11bf8d Add --seed parameter support to matrix_inversion_mining.py
Starting matrix inversion baseline (no mining) with seed 4...
Loading configuration from: projects/ired/configs/q101_multiseed_baseline.json
