Job started at Wed Feb 18 21:41:40 EST 2026
Running on host: holygpu8a22602.rc.fas.harvard.edu
Job ID: 61080106
Git URL: https://github.com/mdkrasnow/research-repo.git
Git SHA: 9125a0270f59e8930ae21028cf3fbfb301762a93
Work directory: /tmp/ired-job-61080106
GPU info:
Wed Feb 18 21:41:41 2026       
+-----------------------------------------------------------------------------------------+
| NVIDIA-SMI 575.57.08              Driver Version: 575.57.08      CUDA Version: 12.9     |
|-----------------------------------------+------------------------+----------------------+
| GPU  Name                 Persistence-M | Bus-Id          Disp.A | Volatile Uncorr. ECC |
| Fan  Temp   Perf          Pwr:Usage/Cap |           Memory-Usage | GPU-Util  Compute M. |
|                                         |                        |               MIG M. |
|=========================================+========================+======================|
|   0  NVIDIA A100-SXM4-80GB          On  |   00000000:4B:00.0 Off |                    0 |
| N/A   27C    P0             64W /  500W |       0MiB /  81920MiB |      0%      Default |
|                                         |                        |             Disabled |
+-----------------------------------------+------------------------+----------------------+
                                                                                         
+-----------------------------------------------------------------------------------------+
| Processes:                                                                              |
|  GPU   GI   CI              PID   Type   Process name                        GPU Memory |
|        ID   ID                                                               Usage      |
|=========================================================================================|
|  No running processes found                                                             |
+-----------------------------------------------------------------------------------------+
Cloning repository...
Repository cloned and checked out to: 9125a02
Repository info:
9125a02 Add CD diagnostic logging and Langevin displacement tracking
Starting IRED-CD baseline (current NCE implementation)...
Loading configuration from: projects/ired/configs/q201_baseline.json
Configuration saved to: results/ds_inverse/q201_baseline/experiment_config.json
Setting random seed: 1
Starting experiment with mining strategy: adversarial
Configuration: {
  "experiment_name": "q201_baseline",
  "description": "IRED-CD Investigation - Baseline (current NCE implementation for comparison)",
  "investigation": "ired-cd",
  "ablation_stage": "baseline",
  "mining_strategy": "adversarial",
  "rank": 20,
  "ood": false,
  "diffusion_steps": 10,
  "batch_size": 2048,
  "train_steps": 20000,
  "learning_rate": 0.0001,
  "mining_opt_steps": 10,
  "mining_noise_scale": 1.5,
  "output_dir": "results/ds_inverse/q201_baseline",
  "notes": "Current implementation with NCE loss. Baseline for IRED-CD ablation study. Using k=10 steps, noise_scale=1.5 (reduced from 3.0).",
  "seed": 1
}
Dataset: Inverse matrices (20x20)
Input dimension: 400, Output dimension: 400
Trainer initialized. Output directory: results/ds_inverse/q201_baseline
Training for 20000 steps...
[CD-DIAG step=100] E_pos=950.4006 E_neg=994.9036 CD_raw=-44.5030 CD_wtd=0.021225 MSE=1.000895 neg_dist=9.1619 lang_grad0=0.0000 lang_gradK=0.0000 lang_disp=0.0000 step=0.0000 sigma=0.0000
[CD-DIAG step=200] E_pos=1513.7422 E_neg=1679.1202 CD_raw=-165.3781 CD_wtd=0.007728 MSE=0.999745 neg_dist=15.2885 lang_grad0=0.0000 lang_gradK=0.0000 lang_disp=0.0000 step=0.0000 sigma=0.0000
[CD-DIAG step=300] E_pos=1310.0608 E_neg=1431.2886 CD_raw=-121.2277 CD_wtd=0.007728 MSE=0.999579 neg_dist=11.7767 lang_grad0=0.0000 lang_gradK=0.0000 lang_disp=0.0000 step=0.0000 sigma=0.0000
[CD-DIAG step=400] E_pos=1650.7255 E_neg=1853.6952 CD_raw=-202.9698 CD_wtd=0.004033 MSE=1.000496 neg_dist=13.6229 lang_grad0=0.0000 lang_gradK=0.0000 lang_disp=0.0000 step=0.0000 sigma=0.0000
[CD-DIAG step=500] E_pos=2501.1387 E_neg=2868.3911 CD_raw=-367.2526 CD_wtd=0.001117 MSE=0.998097 neg_dist=15.2454 lang_grad0=0.0000 lang_gradK=0.0000 lang_disp=0.0000 step=0.0000 sigma=0.0000
[CD-DIAG step=600] E_pos=3947.4546 E_neg=4480.8804 CD_raw=-533.4253 CD_wtd=0.006404 MSE=0.997175 neg_dist=14.5276 lang_grad0=0.0000 lang_gradK=0.0000 lang_disp=0.0000 step=0.0000 sigma=0.0000
[CD-DIAG step=700] E_pos=6938.9805 E_neg=7709.8672 CD_raw=-770.8864 CD_wtd=0.016228 MSE=0.998918 neg_dist=13.5360 lang_grad0=0.0000 lang_gradK=0.0000 lang_disp=0.0000 step=0.0000 sigma=0.0000
[CD-DIAG step=800] E_pos=7825.2002 E_neg=8067.4136 CD_raw=-242.2129 CD_wtd=0.005014 MSE=0.994925 neg_dist=5.2541 lang_grad0=0.0000 lang_gradK=0.0000 lang_disp=0.0000 step=0.0000 sigma=0.0000
[CD-DIAG step=900] E_pos=9865.2637 E_neg=9964.2920 CD_raw=-99.0272 CD_wtd=2.113474 MSE=0.995868 neg_dist=1.9467 lang_grad0=0.0000 lang_gradK=0.0000 lang_disp=0.0000 step=0.0000 sigma=0.0000
[CD-DIAG step=1000] E_pos=15817.5576 E_neg=18044.4629 CD_raw=-2226.9062 CD_wtd=0.022196 MSE=0.993587 neg_dist=15.3533 lang_grad0=0.0000 lang_gradK=0.0000 lang_disp=0.0000 step=0.0000 sigma=0.0000
Running Evaluation...
Validation Result @ Iteration 1000; Milestone = 1 (Train)
---------  -------
mse_error  2.85925
---------  -------
Validation Result @ Iteration 1000; Milestone = 1 (ID: Validation)
---  -------
mse  3.27588
---  -------
[CD-DIAG step=1100] E_pos=19684.8145 E_neg=22413.1367 CD_raw=-2728.3208 CD_wtd=0.025798 MSE=0.996903 neg_dist=14.7437 lang_grad0=0.0000 lang_gradK=0.0000 lang_disp=0.0000 step=0.0000 sigma=0.0000
[CD-DIAG step=1200] E_pos=18291.2305 E_neg=21027.9414 CD_raw=-2736.7104 CD_wtd=0.008610 MSE=0.993160 neg_dist=14.4555 lang_grad0=0.0000 lang_gradK=0.0000 lang_disp=0.0000 step=0.0000 sigma=0.0000
[CD-DIAG step=1300] E_pos=24129.9297 E_neg=27758.9023 CD_raw=-3628.9719 CD_wtd=0.028066 MSE=0.991831 neg_dist=14.3940 lang_grad0=0.0000 lang_gradK=0.0000 lang_disp=0.0000 step=0.0000 sigma=0.0000
[CD-DIAG step=1400] E_pos=30670.4434 E_neg=34342.4062 CD_raw=-3671.9634 CD_wtd=0.027956 MSE=0.991427 neg_dist=12.8283 lang_grad0=0.0000 lang_gradK=0.0000 lang_disp=0.0000 step=0.0000 sigma=0.0000
[CD-DIAG step=1500] E_pos=42063.2969 E_neg=48343.9141 CD_raw=-6280.6191 CD_wtd=0.080464 MSE=0.982254 neg_dist=14.5192 lang_grad0=0.0000 lang_gradK=0.0000 lang_disp=0.0000 step=0.0000 sigma=0.0000
[CD-DIAG step=1600] E_pos=60802.6328 E_neg=59982.0469 CD_raw=820.5868 CD_wtd=443.973022 MSE=0.977390 neg_dist=4.5719 lang_grad0=0.0000 lang_gradK=0.0000 lang_disp=0.0000 step=0.0000 sigma=0.0000
[CD-DIAG step=1700] E_pos=62630.6758 E_neg=68452.3594 CD_raw=-5821.6846 CD_wtd=0.042653 MSE=0.973038 neg_dist=12.4498 lang_grad0=0.0000 lang_gradK=0.0000 lang_disp=0.0000 step=0.0000 sigma=0.0000
[CD-DIAG step=1800] E_pos=85243.9531 E_neg=88615.7422 CD_raw=-3371.7927 CD_wtd=6.714898 MSE=0.962687 neg_dist=10.2006 lang_grad0=0.0000 lang_gradK=0.0000 lang_disp=0.0000 step=0.0000 sigma=0.0000
[CD-DIAG step=1900] E_pos=86712.9297 E_neg=93463.8750 CD_raw=-6750.9458 CD_wtd=0.106581 MSE=0.959501 neg_dist=11.7083 lang_grad0=0.0000 lang_gradK=0.0000 lang_disp=0.0000 step=0.0000 sigma=0.0000
[CD-DIAG step=2000] E_pos=117453.2422 E_neg=126955.5312 CD_raw=-9502.2910 CD_wtd=0.000000 MSE=0.944879 neg_dist=12.6941 lang_grad0=0.0000 lang_gradK=0.0000 lang_disp=0.0000 step=0.0000 sigma=0.0000
Running Evaluation...
Validation Result @ Iteration 2000; Milestone = 2 (Train)
---------  -------
mse_error  3.18763
---------  -------
Validation Result @ Iteration 2000; Milestone = 2 (ID: Validation)
---  -------
mse  2.60774
---  -------
[CD-DIAG step=2100] E_pos=160604.0000 E_neg=169311.0938 CD_raw=-8707.0879 CD_wtd=0.820054 MSE=0.925287 neg_dist=11.9597 lang_grad0=0.0000 lang_gradK=0.0000 lang_disp=0.0000 step=0.0000 sigma=0.0000
[CD-DIAG step=2200] E_pos=184257.2500 E_neg=195137.1875 CD_raw=-10879.9336 CD_wtd=0.000560 MSE=0.911124 neg_dist=12.6694 lang_grad0=0.0000 lang_gradK=0.0000 lang_disp=0.0000 step=0.0000 sigma=0.0000
[CD-DIAG step=2300] E_pos=219733.7500 E_neg=217945.1875 CD_raw=1788.5531 CD_wtd=1237.129028 MSE=0.888488 neg_dist=7.0164 lang_grad0=0.0000 lang_gradK=0.0000 lang_disp=0.0000 step=0.0000 sigma=0.0000
[CD-DIAG step=2400] E_pos=235590.0625 E_neg=235979.4688 CD_raw=-389.4242 CD_wtd=23.771097 MSE=0.878724 neg_dist=1.6550 lang_grad0=0.0000 lang_gradK=0.0000 lang_disp=0.0000 step=0.0000 sigma=0.0000
[CD-DIAG step=2500] E_pos=258605.9062 E_neg=274064.5938 CD_raw=-15458.6836 CD_wtd=0.013687 MSE=0.862008 neg_dist=12.3153 lang_grad0=0.0000 lang_gradK=0.0000 lang_disp=0.0000 step=0.0000 sigma=0.0000
[CD-DIAG step=2600] E_pos=245886.4844 E_neg=244220.4844 CD_raw=1665.9954 CD_wtd=951.507324 MSE=0.862880 neg_dist=4.1729 lang_grad0=0.0000 lang_gradK=0.0000 lang_disp=0.0000 step=0.0000 sigma=0.0000
[CD-DIAG step=2700] E_pos=303869.5312 E_neg=307057.9062 CD_raw=-3188.3804 CD_wtd=150.918579 MSE=0.838371 neg_dist=8.4882 lang_grad0=0.0000 lang_gradK=0.0000 lang_disp=0.0000 step=0.0000 sigma=0.0000
[CD-DIAG step=2800] E_pos=354677.7188 E_neg=368671.8125 CD_raw=-13994.1172 CD_wtd=0.006398 MSE=0.809439 neg_dist=11.3780 lang_grad0=0.0000 lang_gradK=0.0000 lang_disp=0.0000 step=0.0000 sigma=0.0000
[CD-DIAG step=2900] E_pos=373357.7500 E_neg=387487.4688 CD_raw=-14129.7148 CD_wtd=0.021359 MSE=0.799294 neg_dist=11.3362 lang_grad0=0.0000 lang_gradK=0.0000 lang_disp=0.0000 step=0.0000 sigma=0.0000
[CD-DIAG step=3000] E_pos=367230.5312 E_neg=375409.7500 CD_raw=-8179.2236 CD_wtd=2.543167 MSE=0.797763 neg_dist=9.3302 lang_grad0=0.0000 lang_gradK=0.0000 lang_disp=0.0000 step=0.0000 sigma=0.0000
Running Evaluation...
Validation Result @ Iteration 3000; Milestone = 3 (Train)
---------  -------
mse_error  2.48027
---------  -------
Validation Result @ Iteration 3000; Milestone = 3 (ID: Validation)
---  -------
mse  2.17482
---  -------
[CD-DIAG step=3100] E_pos=397180.2812 E_neg=402097.4375 CD_raw=-4917.1602 CD_wtd=21.527491 MSE=0.779070 neg_dist=7.9002 lang_grad0=0.0000 lang_gradK=0.0000 lang_disp=0.0000 step=0.0000 sigma=0.0000
[CD-DIAG step=3200] E_pos=464580.1562 E_neg=477937.0625 CD_raw=-13356.8965 CD_wtd=0.028586 MSE=0.752131 neg_dist=10.5140 lang_grad0=0.0000 lang_gradK=0.0000 lang_disp=0.0000 step=0.0000 sigma=0.0000
[CD-DIAG step=3300] E_pos=491795.0625 E_neg=489755.5312 CD_raw=2039.5249 CD_wtd=1097.455078 MSE=0.737121 neg_dist=3.8729 lang_grad0=0.0000 lang_gradK=0.0000 lang_disp=0.0000 step=0.0000 sigma=0.0000
[CD-DIAG step=3400] E_pos=523647.0625 E_neg=529200.6875 CD_raw=-5553.6787 CD_wtd=38.726219 MSE=0.726099 neg_dist=8.5631 lang_grad0=0.0000 lang_gradK=0.0000 lang_disp=0.0000 step=0.0000 sigma=0.0000
[CD-DIAG step=3500] E_pos=544743.1250 E_neg=547937.1875 CD_raw=-3194.0532 CD_wtd=121.046921 MSE=0.717333 neg_dist=7.3366 lang_grad0=0.0000 lang_gradK=0.0000 lang_disp=0.0000 step=0.0000 sigma=0.0000
[CD-DIAG step=3600] E_pos=510169.4062 E_neg=516908.6250 CD_raw=-6739.2466 CD_wtd=6.151580 MSE=0.720308 neg_dist=8.5032 lang_grad0=0.0000 lang_gradK=0.0000 lang_disp=0.0000 step=0.0000 sigma=0.0000
[CD-DIAG step=3700] E_pos=585203.9375 E_neg=593703.0000 CD_raw=-8499.1094 CD_wtd=2.215786 MSE=0.694107 neg_dist=9.2482 lang_grad0=0.0000 lang_gradK=0.0000 lang_disp=0.0000 step=0.0000 sigma=0.0000
[CD-DIAG step=3800] E_pos=508466.4375 E_neg=510476.1250 CD_raw=-2009.7041 CD_wtd=123.866234 MSE=0.716624 neg_dist=5.6883 lang_grad0=0.0000 lang_gradK=0.0000 lang_disp=0.0000 step=0.0000 sigma=0.0000
[CD-DIAG step=3900] E_pos=587369.3750 E_neg=587842.5625 CD_raw=-473.1896 CD_wtd=78.181656 MSE=0.690430 neg_dist=1.6854 lang_grad0=0.0000 lang_gradK=0.0000 lang_disp=0.0000 step=0.0000 sigma=0.0000
[CD-DIAG step=4000] E_pos=624056.3750 E_neg=635030.8750 CD_raw=-10974.5215 CD_wtd=0.056098 MSE=0.675942 neg_dist=9.4656 lang_grad0=0.0000 lang_gradK=0.0000 lang_disp=0.0000 step=0.0000 sigma=0.0000
Running Evaluation...
Validation Result @ Iteration 4000; Milestone = 4 (Train)
---------  -------
mse_error  1.76235
---------  -------
Validation Result @ Iteration 4000; Milestone = 4 (ID: Validation)
---  -------
mse  1.86142
---  -------
[CD-DIAG step=4100] E_pos=706215.4375 E_neg=715572.1250 CD_raw=-9356.6143 CD_wtd=0.256191 MSE=0.652769 neg_dist=8.7338 lang_grad0=0.0000 lang_gradK=0.0000 lang_disp=0.0000 step=0.0000 sigma=0.0000
[CD-DIAG step=4200] E_pos=702581.0000 E_neg=703861.7500 CD_raw=-1280.7917 CD_wtd=217.018158 MSE=0.650941 neg_dist=5.2660 lang_grad0=0.0000 lang_gradK=0.0000 lang_disp=0.0000 step=0.0000 sigma=0.0000
[CD-DIAG step=4300] E_pos=720090.5000 E_neg=720004.5000 CD_raw=86.0255 CD_wtd=234.491913 MSE=0.648592 neg_dist=1.6775 lang_grad0=0.0000 lang_gradK=0.0000 lang_disp=0.0000 step=0.0000 sigma=0.0000
[CD-DIAG step=4400] E_pos=651249.6250 E_neg=658493.1250 CD_raw=-7243.5137 CD_wtd=2.800201 MSE=0.663800 neg_dist=7.9228 lang_grad0=0.0000 lang_gradK=0.0000 lang_disp=0.0000 step=0.0000 sigma=0.0000
[CD-DIAG step=4500] E_pos=682758.5000 E_neg=695815.1250 CD_raw=-13056.7070 CD_wtd=0.078890 MSE=0.659815 neg_dist=9.6369 lang_grad0=0.0000 lang_gradK=0.0000 lang_disp=0.0000 step=0.0000 sigma=0.0000
[CD-DIAG step=4600] E_pos=746608.1250 E_neg=757438.6250 CD_raw=-10830.5430 CD_wtd=0.127195 MSE=0.633263 neg_dist=9.3732 lang_grad0=0.0000 lang_gradK=0.0000 lang_disp=0.0000 step=0.0000 sigma=0.0000
[CD-DIAG step=4700] E_pos=773342.2500 E_neg=786275.2500 CD_raw=-12932.9727 CD_wtd=0.223279 MSE=0.626692 neg_dist=9.7138 lang_grad0=0.0000 lang_gradK=0.0000 lang_disp=0.0000 step=0.0000 sigma=0.0000
[CD-DIAG step=4800] E_pos=752815.6250 E_neg=764571.7500 CD_raw=-11756.0605 CD_wtd=0.137823 MSE=0.631351 neg_dist=9.5357 lang_grad0=0.0000 lang_gradK=0.0000 lang_disp=0.0000 step=0.0000 sigma=0.0000
[CD-DIAG step=4900] E_pos=789811.2500 E_neg=790047.8125 CD_raw=-236.5542 CD_wtd=161.451706 MSE=0.623283 neg_dist=1.6629 lang_grad0=0.0000 lang_gradK=0.0000 lang_disp=0.0000 step=0.0000 sigma=0.0000
[CD-DIAG step=5000] E_pos=751061.6875 E_neg=755335.8750 CD_raw=-4274.1899 CD_wtd=27.242323 MSE=0.628692 neg_dist=6.6268 lang_grad0=0.0000 lang_gradK=0.0000 lang_disp=0.0000 step=0.0000 sigma=0.0000
Running Evaluation...
Validation Result @ Iteration 5000; Milestone = 5 (Train)
---------  -------
mse_error  1.37417
---------  -------
Validation Result @ Iteration 5000; Milestone = 5 (ID: Validation)
---  -------
mse  1.56146
---  -------
[CD-DIAG step=5100] E_pos=726941.3750 E_neg=725466.1250 CD_raw=1475.2319 CD_wtd=766.194336 MSE=0.632493 neg_dist=1.6995 lang_grad0=0.0000 lang_gradK=0.0000 lang_disp=0.0000 step=0.0000 sigma=0.0000
[CD-DIAG step=5200] E_pos=767162.3750 E_neg=779184.7500 CD_raw=-12022.3926 CD_wtd=0.016289 MSE=0.621174 neg_dist=9.1030 lang_grad0=0.0000 lang_gradK=0.0000 lang_disp=0.0000 step=0.0000 sigma=0.0000
[CD-DIAG step=5300] E_pos=808983.5000 E_neg=811181.7500 CD_raw=-2198.3120 CD_wtd=73.243042 MSE=0.609471 neg_dist=5.0028 lang_grad0=0.0000 lang_gradK=0.0000 lang_disp=0.0000 step=0.0000 sigma=0.0000
[CD-DIAG step=5400] E_pos=812137.1875 E_neg=818490.5000 CD_raw=-6353.2783 CD_wtd=1.830456 MSE=0.605533 neg_dist=7.4225 lang_grad0=0.0000 lang_gradK=0.0000 lang_disp=0.0000 step=0.0000 sigma=0.0000
[CD-DIAG step=5500] E_pos=813867.5000 E_neg=813521.0000 CD_raw=346.4471 CD_wtd=333.372986 MSE=0.602989 neg_dist=1.6452 lang_grad0=0.0000 lang_gradK=0.0000 lang_disp=0.0000 step=0.0000 sigma=0.0000
[CD-DIAG step=5600] E_pos=824659.7500 E_neg=830943.0625 CD_raw=-6283.3027 CD_wtd=4.581248 MSE=0.600358 neg_dist=7.3183 lang_grad0=0.0000 lang_gradK=0.0000 lang_disp=0.0000 step=0.0000 sigma=0.0000
[CD-DIAG step=5700] E_pos=813164.5000 E_neg=824562.0625 CD_raw=-11397.6328 CD_wtd=0.565413 MSE=0.603932 neg_dist=9.2246 lang_grad0=0.0000 lang_gradK=0.0000 lang_disp=0.0000 step=0.0000 sigma=0.0000
[CD-DIAG step=5800] E_pos=825712.7500 E_neg=837043.0000 CD_raw=-11330.2432 CD_wtd=0.019573 MSE=0.598906 neg_dist=8.8252 lang_grad0=0.0000 lang_gradK=0.0000 lang_disp=0.0000 step=0.0000 sigma=0.0000
[CD-DIAG step=5900] E_pos=820511.0625 E_neg=822108.0000 CD_raw=-1596.9009 CD_wtd=132.225937 MSE=0.600169 neg_dist=4.9699 lang_grad0=0.0000 lang_gradK=0.0000 lang_disp=0.0000 step=0.0000 sigma=0.0000
[CD-DIAG step=6000] E_pos=849958.0000 E_neg=854884.6250 CD_raw=-4926.5898 CD_wtd=47.065777 MSE=0.597724 neg_dist=7.9902 lang_grad0=0.0000 lang_gradK=0.0000 lang_disp=0.0000 step=0.0000 sigma=0.0000
Running Evaluation...
Validation Result @ Iteration 6000; Milestone = 6 (Train)
---------  -------
mse_error  1.10923
---------  -------
Validation Result @ Iteration 6000; Milestone = 6 (ID: Validation)
---  --------
mse  0.428932
---  --------
[CD-DIAG step=6100] E_pos=915131.7500 E_neg=926439.4375 CD_raw=-11307.6650 CD_wtd=0.066093 MSE=0.581049 neg_dist=8.8463 lang_grad0=0.0000 lang_gradK=0.0000 lang_disp=0.0000 step=0.0000 sigma=0.0000
[CD-DIAG step=6200] E_pos=876577.7500 E_neg=881231.1250 CD_raw=-4653.4155 CD_wtd=16.585587 MSE=0.585939 neg_dist=6.0751 lang_grad0=0.0000 lang_gradK=0.0000 lang_disp=0.0000 step=0.0000 sigma=0.0000
[CD-DIAG step=6300] E_pos=907327.8125 E_neg=917152.0000 CD_raw=-9824.1660 CD_wtd=0.128514 MSE=0.578923 neg_dist=8.8607 lang_grad0=0.0000 lang_gradK=0.0000 lang_disp=0.0000 step=0.0000 sigma=0.0000
[CD-DIAG step=6400] E_pos=923680.3750 E_neg=926525.0000 CD_raw=-2844.5933 CD_wtd=70.019760 MSE=0.574864 neg_dist=6.2724 lang_grad0=0.0000 lang_gradK=0.0000 lang_disp=0.0000 step=0.0000 sigma=0.0000
[CD-DIAG step=6500] E_pos=889270.0000 E_neg=896259.8750 CD_raw=-6989.7891 CD_wtd=0.148856 MSE=0.579177 neg_dist=7.0868 lang_grad0=0.0000 lang_gradK=0.0000 lang_disp=0.0000 step=0.0000 sigma=0.0000
[CD-DIAG step=6600] E_pos=913732.6250 E_neg=924812.5000 CD_raw=-11079.9014 CD_wtd=0.101553 MSE=0.574365 neg_dist=9.0037 lang_grad0=0.0000 lang_gradK=0.0000 lang_disp=0.0000 step=0.0000 sigma=0.0000
[CD-DIAG step=6700] E_pos=936511.7500 E_neg=944090.6250 CD_raw=-7578.8564 CD_wtd=1.580586 MSE=0.570743 neg_dist=7.8335 lang_grad0=0.0000 lang_gradK=0.0000 lang_disp=0.0000 step=0.0000 sigma=0.0000
[CD-DIAG step=6800] E_pos=934433.5625 E_neg=940869.8125 CD_raw=-6436.2949 CD_wtd=8.318129 MSE=0.574003 neg_dist=7.8536 lang_grad0=0.0000 lang_gradK=0.0000 lang_disp=0.0000 step=0.0000 sigma=0.0000
[CD-DIAG step=6900] E_pos=920184.2500 E_neg=925529.6250 CD_raw=-5345.3174 CD_wtd=7.032941 MSE=0.573498 neg_dist=7.0117 lang_grad0=0.0000 lang_gradK=0.0000 lang_disp=0.0000 step=0.0000 sigma=0.0000
[CD-DIAG step=7000] E_pos=872388.6250 E_neg=877595.3750 CD_raw=-5206.8301 CD_wtd=9.250349 MSE=0.585989 neg_dist=7.0099 lang_grad0=0.0000 lang_gradK=0.0000 lang_disp=0.0000 step=0.0000 sigma=0.0000
Running Evaluation...
Validation Result @ Iteration 7000; Milestone = 7 (Train)
---------  --------
mse_error  0.909937
---------  --------
