Job started at Wed Feb 18 12:52:51 EST 2026
Running on host: holygpu8a22504.rc.fas.harvard.edu
Job ID: 60988454
Git URL: https://github.com/mdkrasnow/research-repo.git
Git SHA: b3eced0c80d0754126a051a68e2c680289909e0d
Work directory: /tmp/ired-job-60988454
GPU info:
Wed Feb 18 12:52:52 2026       
+-----------------------------------------------------------------------------------------+
| NVIDIA-SMI 575.57.08              Driver Version: 575.57.08      CUDA Version: 12.9     |
|-----------------------------------------+------------------------+----------------------+
| GPU  Name                 Persistence-M | Bus-Id          Disp.A | Volatile Uncorr. ECC |
| Fan  Temp   Perf          Pwr:Usage/Cap |           Memory-Usage | GPU-Util  Compute M. |
|                                         |                        |               MIG M. |
|=========================================+========================+======================|
|   0  NVIDIA A100-SXM4-80GB          On  |   00000000:E3:00.0 Off |                    0 |
| N/A   28C    P0             59W /  500W |       0MiB /  81920MiB |      0%      Default |
|                                         |                        |             Disabled |
+-----------------------------------------+------------------------+----------------------+
                                                                                         
+-----------------------------------------------------------------------------------------+
| Processes:                                                                              |
|  GPU   GI   CI              PID   Type   Process name                        GPU Memory |
|        ID   ID                                                               Usage      |
|=========================================================================================|
|  No running processes found                                                             |
+-----------------------------------------------------------------------------------------+
Cloning repository...
Repository cloned and checked out to: b3eced0
Repository info:
b3eced0 Add 5 literature-validated CD training fixes for IRED-CD
Starting IRED-CD baseline (current NCE implementation)...
Loading configuration from: projects/ired/configs/q201_baseline.json
Configuration saved to: results/ds_inverse/q201_baseline/experiment_config.json
Setting random seed: 2
Starting experiment with mining strategy: adversarial
Configuration: {
  "experiment_name": "q201_baseline",
  "description": "IRED-CD Investigation - Baseline (current NCE implementation for comparison)",
  "investigation": "ired-cd",
  "ablation_stage": "baseline",
  "mining_strategy": "adversarial",
  "rank": 20,
  "ood": false,
  "diffusion_steps": 10,
  "batch_size": 2048,
  "train_steps": 100000,
  "learning_rate": 0.0001,
  "mining_opt_steps": 10,
  "mining_noise_scale": 1.5,
  "output_dir": "results/ds_inverse/q201_baseline",
  "notes": "Current implementation with NCE loss. Baseline for IRED-CD ablation study. Using k=10 steps, noise_scale=1.5 (reduced from 3.0).",
  "seed": 2
}
Dataset: Inverse matrices (20x20)
Input dimension: 400, Output dimension: 400
Trainer initialized. Output directory: results/ds_inverse/q201_baseline
Training for 100000 steps...
Running Evaluation...
Validation Result @ Iteration 1000; Milestone = 1 (Train)
---------  -------
mse_error  2.88785
---------  -------
Validation Result @ Iteration 1000; Milestone = 1 (ID: Validation)
---  -------
mse  3.27044
---  -------
Running Evaluation...
Validation Result @ Iteration 2000; Milestone = 2 (Train)
---------  -------
mse_error  3.19601
---------  -------
Validation Result @ Iteration 2000; Milestone = 2 (ID: Validation)
---  -------
mse  2.60756
---  -------
Running Evaluation...
Validation Result @ Iteration 3000; Milestone = 3 (Train)
---------  -------
mse_error  2.52256
---------  -------
Validation Result @ Iteration 3000; Milestone = 3 (ID: Validation)
---  -------
mse  2.20889
---  -------
Running Evaluation...
Validation Result @ Iteration 4000; Milestone = 4 (Train)
---------  -------
mse_error  1.82376
---------  -------
Validation Result @ Iteration 4000; Milestone = 4 (ID: Validation)
---  -------
mse  1.90311
---  -------
Running Evaluation...
Validation Result @ Iteration 5000; Milestone = 5 (Train)
---------  -------
mse_error  1.42887
---------  -------
Validation Result @ Iteration 5000; Milestone = 5 (ID: Validation)
---  -------
mse  1.62221
---  -------
Running Evaluation...
Validation Result @ Iteration 6000; Milestone = 6 (Train)
---------  -------
mse_error  1.15553
---------  -------
Validation Result @ Iteration 6000; Milestone = 6 (ID: Validation)
---  --------
mse  0.471434
---  --------
Running Evaluation...
Validation Result @ Iteration 7000; Milestone = 7 (Train)
---------  --------
mse_error  0.955289
---------  --------
Validation Result @ Iteration 7000; Milestone = 7 (ID: Validation)
---  --------
mse  0.148081
---  --------
Running Evaluation...
Validation Result @ Iteration 8000; Milestone = 8 (Train)
---------  --------
mse_error  0.797746
---------  --------
Validation Result @ Iteration 8000; Milestone = 8 (ID: Validation)
---  ---------
mse  0.0860679
---  ---------
Running Evaluation...
Validation Result @ Iteration 9000; Milestone = 9 (Train)
---------  --------
mse_error  0.679215
---------  --------
Validation Result @ Iteration 9000; Milestone = 9 (ID: Validation)
---  ---------
mse  0.0689744
---  ---------
Running Evaluation...
Validation Result @ Iteration 10000; Milestone = 10 (Train)
---------  --------
mse_error  0.589025
---------  --------
Validation Result @ Iteration 10000; Milestone = 10 (ID: Validation)
---  --------
mse  0.126531
---  --------
Running Evaluation...
Validation Result @ Iteration 11000; Milestone = 11 (Train)
---------  --------
mse_error  0.524487
---------  --------
Validation Result @ Iteration 11000; Milestone = 11 (ID: Validation)
---  --------
mse  0.199196
---  --------
Running Evaluation...
Validation Result @ Iteration 12000; Milestone = 12 (Train)
---------  --------
mse_error  0.482208
---------  --------
Validation Result @ Iteration 12000; Milestone = 12 (ID: Validation)
---  --------
mse  0.279093
---  --------
Running Evaluation...
Validation Result @ Iteration 13000; Milestone = 13 (Train)
---------  --------
mse_error  0.449699
---------  --------
Validation Result @ Iteration 13000; Milestone = 13 (ID: Validation)
---  --------
mse  0.362034
---  --------
Running Evaluation...
Validation Result @ Iteration 14000; Milestone = 14 (Train)
---------  --------
mse_error  0.427713
---------  --------
Validation Result @ Iteration 14000; Milestone = 14 (ID: Validation)
---  ------
mse  0.4371
---  ------
Running Evaluation...
Validation Result @ Iteration 15000; Milestone = 15 (Train)
---------  --------
mse_error  0.408832
---------  --------
Validation Result @ Iteration 15000; Milestone = 15 (ID: Validation)
---  --------
mse  0.491903
---  --------
Running Evaluation...
Validation Result @ Iteration 16000; Milestone = 16 (Train)
---------  --------
mse_error  0.397341
---------  --------
Validation Result @ Iteration 16000; Milestone = 16 (ID: Validation)
---  -------
mse  0.53334
---  -------
Running Evaluation...
Validation Result @ Iteration 17000; Milestone = 17 (Train)
---------  --------
mse_error  0.389401
---------  --------
Validation Result @ Iteration 17000; Milestone = 17 (ID: Validation)
---  --------
mse  0.563879
---  --------
Running Evaluation...
Validation Result @ Iteration 18000; Milestone = 18 (Train)
---------  --------
mse_error  0.383653
---------  --------
Validation Result @ Iteration 18000; Milestone = 18 (ID: Validation)
---  --------
mse  0.572394
---  --------
Running Evaluation...
Validation Result @ Iteration 19000; Milestone = 19 (Train)
---------  --------
mse_error  0.373896
---------  --------
Validation Result @ Iteration 19000; Milestone = 19 (ID: Validation)
---  -------
mse  0.57897
---  -------
Running Evaluation...
Validation Result @ Iteration 20000; Milestone = 20 (Train)
---------  --------
mse_error  0.372995
---------  --------
Validation Result @ Iteration 20000; Milestone = 20 (ID: Validation)
---  --------
mse  0.578763
---  --------
Running Evaluation...
Validation Result @ Iteration 21000; Milestone = 21 (Train)
---------  --------
mse_error  0.371456
---------  --------
Validation Result @ Iteration 21000; Milestone = 21 (ID: Validation)
---  --------
mse  0.579502
---  --------
Running Evaluation...
Validation Result @ Iteration 22000; Milestone = 22 (Train)
---------  --------
mse_error  0.370346
---------  --------
Validation Result @ Iteration 22000; Milestone = 22 (ID: Validation)
---  --------
mse  0.575256
---  --------
Running Evaluation...
Validation Result @ Iteration 23000; Milestone = 23 (Train)
---------  --------
mse_error  0.366135
---------  --------
Validation Result @ Iteration 23000; Milestone = 23 (ID: Validation)
---  --------
mse  0.566043
---  --------
Running Evaluation...
Validation Result @ Iteration 24000; Milestone = 24 (Train)
---------  --------
mse_error  0.366535
---------  --------
Validation Result @ Iteration 24000; Milestone = 24 (ID: Validation)
---  --------
mse  0.559669
---  --------
Running Evaluation...
Validation Result @ Iteration 25000; Milestone = 25 (Train)
---------  --------
mse_error  0.366214
---------  --------
Validation Result @ Iteration 25000; Milestone = 25 (ID: Validation)
---  --------
mse  0.555448
---  --------
Running Evaluation...
Validation Result @ Iteration 26000; Milestone = 26 (Train)
---------  -----
mse_error  0.362
---------  -----
Validation Result @ Iteration 26000; Milestone = 26 (ID: Validation)
---  --------
mse  0.550928
---  --------
Running Evaluation...
Validation Result @ Iteration 27000; Milestone = 27 (Train)
---------  --------
mse_error  0.365095
---------  --------
Validation Result @ Iteration 27000; Milestone = 27 (ID: Validation)
---  --------
mse  0.545504
---  --------
Running Evaluation...
Validation Result @ Iteration 28000; Milestone = 28 (Train)
---------  --------
mse_error  0.363346
---------  --------
Validation Result @ Iteration 28000; Milestone = 28 (ID: Validation)
---  -------
mse  0.54939
---  -------
Running Evaluation...
Validation Result @ Iteration 29000; Milestone = 29 (Train)
---------  --------
mse_error  0.360273
---------  --------
Validation Result @ Iteration 29000; Milestone = 29 (ID: Validation)
---  --------
mse  0.546003
---  --------
Running Evaluation...
Validation Result @ Iteration 30000; Milestone = 30 (Train)
---------  --------
mse_error  0.359787
---------  --------
Validation Result @ Iteration 30000; Milestone = 30 (ID: Validation)
---  --------
mse  0.547792
---  --------
Running Evaluation...
Validation Result @ Iteration 31000; Milestone = 31 (Train)
---------  --------
mse_error  0.364539
---------  --------
Validation Result @ Iteration 31000; Milestone = 31 (ID: Validation)
---  --------
mse  0.542446
---  --------
Running Evaluation...
Validation Result @ Iteration 32000; Milestone = 32 (Train)
---------  --------
mse_error  0.361951
---------  --------
Validation Result @ Iteration 32000; Milestone = 32 (ID: Validation)
---  -------
mse  0.54348
---  -------
Running Evaluation...
Validation Result @ Iteration 33000; Milestone = 33 (Train)
---------  --------
mse_error  0.358722
---------  --------
Validation Result @ Iteration 33000; Milestone = 33 (ID: Validation)
---  --------
mse  0.547926
---  --------
Running Evaluation...
Validation Result @ Iteration 34000; Milestone = 34 (Train)
---------  --------
mse_error  0.358736
---------  --------
Validation Result @ Iteration 34000; Milestone = 34 (ID: Validation)
---  --------
mse  0.543468
---  --------
Running Evaluation...
Validation Result @ Iteration 35000; Milestone = 35 (Train)
---------  --------
mse_error  0.358885
---------  --------
Validation Result @ Iteration 35000; Milestone = 35 (ID: Validation)
---  --------
mse  0.544498
---  --------
Running Evaluation...
Validation Result @ Iteration 36000; Milestone = 36 (Train)
---------  --------
mse_error  0.358144
---------  --------
Validation Result @ Iteration 36000; Milestone = 36 (ID: Validation)
---  --------
mse  0.542102
---  --------
Running Evaluation...
Validation Result @ Iteration 37000; Milestone = 37 (Train)
---------  --------
mse_error  0.359464
---------  --------
Validation Result @ Iteration 37000; Milestone = 37 (ID: Validation)
---  -------
mse  0.54314
---  -------
Running Evaluation...
Validation Result @ Iteration 38000; Milestone = 38 (Train)
---------  --------
mse_error  0.363574
---------  --------
Validation Result @ Iteration 38000; Milestone = 38 (ID: Validation)
---  --------
mse  0.541582
---  --------
Running Evaluation...
Validation Result @ Iteration 39000; Milestone = 39 (Train)
---------  --------
mse_error  0.358247
---------  --------
Validation Result @ Iteration 39000; Milestone = 39 (ID: Validation)
---  --------
mse  0.543238
---  --------
Running Evaluation...
Validation Result @ Iteration 40000; Milestone = 40 (Train)
---------  --------
mse_error  0.360599
---------  --------
Validation Result @ Iteration 40000; Milestone = 40 (ID: Validation)
---  --------
mse  0.544186
---  --------
Running Evaluation...
Validation Result @ Iteration 41000; Milestone = 41 (Train)
---------  --------
mse_error  0.358963
---------  --------
Validation Result @ Iteration 41000; Milestone = 41 (ID: Validation)
---  -------
mse  0.54075
---  -------
Running Evaluation...
Validation Result @ Iteration 42000; Milestone = 42 (Train)
---------  -------
mse_error  0.36317
---------  -------
Validation Result @ Iteration 42000; Milestone = 42 (ID: Validation)
---  --------
mse  0.543278
---  --------
Running Evaluation...
Validation Result @ Iteration 43000; Milestone = 43 (Train)
---------  --------
mse_error  0.360933
---------  --------
Validation Result @ Iteration 43000; Milestone = 43 (ID: Validation)
---  --------
mse  0.543499
---  --------
Running Evaluation...
Validation Result @ Iteration 44000; Milestone = 44 (Train)
---------  --------
mse_error  0.356462
---------  --------
Validation Result @ Iteration 44000; Milestone = 44 (ID: Validation)
---  --------
mse  0.543882
---  --------
Running Evaluation...
Validation Result @ Iteration 45000; Milestone = 45 (Train)
---------  --------
mse_error  0.358253
---------  --------
Validation Result @ Iteration 45000; Milestone = 45 (ID: Validation)
---  --------
mse  0.545735
---  --------
Running Evaluation...
Validation Result @ Iteration 46000; Milestone = 46 (Train)
---------  --------
mse_error  0.360305
---------  --------
Validation Result @ Iteration 46000; Milestone = 46 (ID: Validation)
---  --------
mse  0.546368
---  --------
Running Evaluation...
Validation Result @ Iteration 47000; Milestone = 47 (Train)
---------  --------
mse_error  0.361603
---------  --------
Validation Result @ Iteration 47000; Milestone = 47 (ID: Validation)
---  --------
mse  0.545411
---  --------
Running Evaluation...
Validation Result @ Iteration 48000; Milestone = 48 (Train)
---------  --------
mse_error  0.363181
---------  --------
Validation Result @ Iteration 48000; Milestone = 48 (ID: Validation)
---  -------
mse  0.54284
---  -------
Running Evaluation...
Validation Result @ Iteration 49000; Milestone = 49 (Train)
---------  --------
mse_error  0.358587
---------  --------
Validation Result @ Iteration 49000; Milestone = 49 (ID: Validation)
---  -------
mse  0.54241
---  -------
Running Evaluation...
Validation Result @ Iteration 50000; Milestone = 50 (Train)
---------  -------
mse_error  0.36244
---------  -------
Validation Result @ Iteration 50000; Milestone = 50 (ID: Validation)
---  --------
mse  0.543391
---  --------
Running Evaluation...
Validation Result @ Iteration 51000; Milestone = 51 (Train)
---------  --------
mse_error  0.360512
---------  --------
Validation Result @ Iteration 51000; Milestone = 51 (ID: Validation)
---  --------
mse  0.542445
---  --------
Running Evaluation...
Validation Result @ Iteration 52000; Milestone = 52 (Train)
---------  --------
mse_error  0.358677
---------  --------
Validation Result @ Iteration 52000; Milestone = 52 (ID: Validation)
---  -------
mse  0.54638
---  -------
Running Evaluation...
Validation Result @ Iteration 53000; Milestone = 53 (Train)
---------  -------
mse_error  0.35928
---------  -------
