Job started at Tue Feb 17 23:13:06 EST 2026
Running on host: holygpu8a22206.rc.fas.harvard.edu
Job ID: 60889405
Git URL: https://github.com/mdkrasnow/research-repo.git
Git SHA: 2108323040df717bef9fb3274044f587d3e956b7
Work directory: /tmp/ired-job-60889405
GPU info:
Tue Feb 17 23:13:07 2026       
+-----------------------------------------------------------------------------------------+
| NVIDIA-SMI 575.57.08              Driver Version: 575.57.08      CUDA Version: 12.9     |
|-----------------------------------------+------------------------+----------------------+
| GPU  Name                 Persistence-M | Bus-Id          Disp.A | Volatile Uncorr. ECC |
| Fan  Temp   Perf          Pwr:Usage/Cap |           Memory-Usage | GPU-Util  Compute M. |
|                                         |                        |               MIG M. |
|=========================================+========================+======================|
|   0  NVIDIA A100-SXM4-80GB          On  |   00000000:4B:00.0 Off |                    0 |
| N/A   29C    P0             63W /  500W |       0MiB /  81920MiB |      0%      Default |
|                                         |                        |             Disabled |
+-----------------------------------------+------------------------+----------------------+
                                                                                         
+-----------------------------------------------------------------------------------------+
| Processes:                                                                              |
|  GPU   GI   CI              PID   Type   Process name                        GPU Memory |
|        ID   ID                                                               Usage      |
|=========================================================================================|
|  No running processes found                                                             |
+-----------------------------------------------------------------------------------------+
Cloning repository...
Repository cloned and checked out to: 2108323
Repository info:
2108323 Fix IRED-CD-005: Correct shape mismatch in CD loss combination
Starting IRED-CD Stage 2 (CD loss + Langevin + Replay buffer)...
Loading configuration from: projects/ired/configs/q203_cd_replay.json
Configuration saved to: results/ds_inverse/q203_cd_replay/experiment_config.json
Setting random seed: 3
Starting experiment with mining strategy: cd_langevin_replay
Configuration: {
  "experiment_name": "q203_cd_replay",
  "description": "IRED-CD Investigation - Stage 2: CD loss + Langevin + Replay buffer",
  "investigation": "ired-cd",
  "ablation_stage": "cd_replay",
  "mining_strategy": "cd_langevin_replay",
  "rank": 20,
  "ood": false,
  "diffusion_steps": 10,
  "batch_size": 2048,
  "train_steps": 100000,
  "learning_rate": 0.0001,
  "mining_opt_steps": 10,
  "mining_noise_scale": 1.5,
  "langevin_sigma_multiplier": 1.0,
  "use_langevin": true,
  "use_replay_buffer": true,
  "replay_buffer_size": 10000,
  "replay_buffer_buckets": 16,
  "replay_sample_prob": 0.95,
  "use_cd_loss": true,
  "use_residual_filter": false,
  "use_energy_schedule": false,
  "energy_loss_weight": 0.05,
  "output_dir": "results/ds_inverse/q203_cd_replay",
  "notes": "Ablation 2: Add timestep-bucketed replay buffer (16 buckets). Stores negatives in x\u209c space. p_replay=0.95. Maintains persistent chains for better mixing.",
  "seed": 3
}
Dataset: Inverse matrices (20x20)
Input dimension: 400, Output dimension: 400
Trainer initialized. Output directory: results/ds_inverse/q203_cd_replay
Training for 100000 steps...
Running Evaluation...
Validation Result @ Iteration 1000; Milestone = 1 (Train)
---------  -------
mse_error  3.97958
---------  -------
Validation Result @ Iteration 1000; Milestone = 1 (ID: Validation)
---  -------
mse  3.98063
---  -------
Running Evaluation...
Validation Result @ Iteration 2000; Milestone = 2 (Train)
---------  -------
mse_error  3.98025
---------  -------
Validation Result @ Iteration 2000; Milestone = 2 (ID: Validation)
---  -------
mse  3.98061
---  -------
Running Evaluation...
Validation Result @ Iteration 3000; Milestone = 3 (Train)
---------  -------
mse_error  3.97988
---------  -------
Validation Result @ Iteration 3000; Milestone = 3 (ID: Validation)
---  -------
mse  3.98099
---  -------
Running Evaluation...
Validation Result @ Iteration 4000; Milestone = 4 (Train)
---------  -----
mse_error  3.981
---------  -----
Validation Result @ Iteration 4000; Milestone = 4 (ID: Validation)
---  -------
mse  3.98087
---  -------
Running Evaluation...
Validation Result @ Iteration 5000; Milestone = 5 (Train)
---------  -------
mse_error  3.98052
---------  -------
Validation Result @ Iteration 5000; Milestone = 5 (ID: Validation)
---  -------
mse  3.98052
---  -------
Running Evaluation...
Validation Result @ Iteration 6000; Milestone = 6 (Train)
---------  -------
mse_error  3.98123
---------  -------
Validation Result @ Iteration 6000; Milestone = 6 (ID: Validation)
---  -------
mse  3.98016
---  -------
Running Evaluation...
Validation Result @ Iteration 7000; Milestone = 7 (Train)
---------  -------
mse_error  3.98114
---------  -------
Validation Result @ Iteration 7000; Milestone = 7 (ID: Validation)
---  -------
mse  3.98091
---  -------
Running Evaluation...
Validation Result @ Iteration 8000; Milestone = 8 (Train)
---------  -------
mse_error  3.98014
---------  -------
Validation Result @ Iteration 8000; Milestone = 8 (ID: Validation)
---  -------
mse  3.98078
---  -------
Running Evaluation...
Validation Result @ Iteration 9000; Milestone = 9 (Train)
---------  -------
mse_error  3.98042
---------  -------
Validation Result @ Iteration 9000; Milestone = 9 (ID: Validation)
---  -------
mse  3.98041
---  -------
Running Evaluation...
Validation Result @ Iteration 10000; Milestone = 10 (Train)
---------  -------
mse_error  3.98047
---------  -------
Validation Result @ Iteration 10000; Milestone = 10 (ID: Validation)
---  -------
mse  3.98011
---  -------
Running Evaluation...
Validation Result @ Iteration 11000; Milestone = 11 (Train)
---------  -------
mse_error  3.98018
---------  -------
Validation Result @ Iteration 11000; Milestone = 11 (ID: Validation)
---  -------
mse  3.98064
---  -------
Running Evaluation...
Validation Result @ Iteration 12000; Milestone = 12 (Train)
---------  -------
mse_error  3.97987
---------  -------
Validation Result @ Iteration 12000; Milestone = 12 (ID: Validation)
---  -------
mse  3.98063
---  -------
Running Evaluation...
Validation Result @ Iteration 13000; Milestone = 13 (Train)
---------  -------
mse_error  3.97907
---------  -------
Validation Result @ Iteration 13000; Milestone = 13 (ID: Validation)
---  -------
mse  3.98081
---  -------
Running Evaluation...
Validation Result @ Iteration 14000; Milestone = 14 (Train)
---------  -------
mse_error  3.98031
---------  -------
Validation Result @ Iteration 14000; Milestone = 14 (ID: Validation)
---  -------
mse  3.98067
---  -------
Running Evaluation...
Validation Result @ Iteration 15000; Milestone = 15 (Train)
---------  -------
mse_error  3.98023
---------  -------
Validation Result @ Iteration 15000; Milestone = 15 (ID: Validation)
---  ------
mse  3.9798
---  ------
Running Evaluation...
Validation Result @ Iteration 16000; Milestone = 16 (Train)
---------  -------
mse_error  3.97943
---------  -------
Validation Result @ Iteration 16000; Milestone = 16 (ID: Validation)
---  -------
mse  3.98037
---  -------
Running Evaluation...
Validation Result @ Iteration 17000; Milestone = 17 (Train)
---------  -------
mse_error  3.98034
---------  -------
Validation Result @ Iteration 17000; Milestone = 17 (ID: Validation)
---  -------
mse  3.97974
---  -------
Running Evaluation...
Validation Result @ Iteration 18000; Milestone = 18 (Train)
---------  -------
mse_error  3.98062
---------  -------
Validation Result @ Iteration 18000; Milestone = 18 (ID: Validation)
---  -------
mse  3.98035
---  -------
Running Evaluation...
Validation Result @ Iteration 19000; Milestone = 19 (Train)
---------  -------
mse_error  3.98012
---------  -------
Validation Result @ Iteration 19000; Milestone = 19 (ID: Validation)
---  ------
mse  3.9804
---  ------
Running Evaluation...
Validation Result @ Iteration 20000; Milestone = 20 (Train)
---------  -------
mse_error  3.97986
---------  -------
Validation Result @ Iteration 20000; Milestone = 20 (ID: Validation)
---  -------
mse  3.98022
---  -------
Running Evaluation...
Validation Result @ Iteration 21000; Milestone = 21 (Train)
---------  -------
mse_error  3.97977
---------  -------
Validation Result @ Iteration 21000; Milestone = 21 (ID: Validation)
---  ------
mse  3.9805
---  ------
Running Evaluation...
Validation Result @ Iteration 22000; Milestone = 22 (Train)
---------  -------
mse_error  3.98097
---------  -------
Validation Result @ Iteration 22000; Milestone = 22 (ID: Validation)
---  -------
mse  3.98048
---  -------
Running Evaluation...
Validation Result @ Iteration 23000; Milestone = 23 (Train)
---------  -------
mse_error  3.98089
---------  -------
Validation Result @ Iteration 23000; Milestone = 23 (ID: Validation)
---  -------
mse  3.98056
---  -------
Running Evaluation...
Validation Result @ Iteration 24000; Milestone = 24 (Train)
---------  -------
mse_error  3.98059
---------  -------
Validation Result @ Iteration 24000; Milestone = 24 (ID: Validation)
---  -------
mse  3.98005
---  -------
Running Evaluation...
Validation Result @ Iteration 25000; Milestone = 25 (Train)
---------  -------
mse_error  3.97965
---------  -------
Validation Result @ Iteration 25000; Milestone = 25 (ID: Validation)
---  -------
mse  3.97967
---  -------
Running Evaluation...
Validation Result @ Iteration 26000; Milestone = 26 (Train)
---------  -------
mse_error  3.97976
---------  -------
Validation Result @ Iteration 26000; Milestone = 26 (ID: Validation)
---  -------
mse  3.98021
---  -------
Running Evaluation...
Validation Result @ Iteration 27000; Milestone = 27 (Train)
---------  -------
mse_error  3.98023
---------  -------
Validation Result @ Iteration 27000; Milestone = 27 (ID: Validation)
---  -------
mse  3.98018
---  -------
Running Evaluation...
Validation Result @ Iteration 28000; Milestone = 28 (Train)
---------  -------
mse_error  3.97949
---------  -------
Validation Result @ Iteration 28000; Milestone = 28 (ID: Validation)
---  -------
mse  3.98084
---  -------
Running Evaluation...
Validation Result @ Iteration 29000; Milestone = 29 (Train)
---------  -------
mse_error  3.98134
---------  -------
Validation Result @ Iteration 29000; Milestone = 29 (ID: Validation)
---  -------
mse  3.98001
---  -------
Running Evaluation...
Validation Result @ Iteration 30000; Milestone = 30 (Train)
---------  -------
mse_error  3.97972
---------  -------
Validation Result @ Iteration 30000; Milestone = 30 (ID: Validation)
---  -------
mse  3.98049
---  -------
Running Evaluation...
Validation Result @ Iteration 31000; Milestone = 31 (Train)
---------  -------
mse_error  3.98088
---------  -------
Validation Result @ Iteration 31000; Milestone = 31 (ID: Validation)
---  -------
mse  3.98078
---  -------
Running Evaluation...
Validation Result @ Iteration 32000; Milestone = 32 (Train)
---------  -------
mse_error  3.98002
---------  -------
Validation Result @ Iteration 32000; Milestone = 32 (ID: Validation)
---  -------
mse  3.98002
---  -------
Running Evaluation...
Validation Result @ Iteration 33000; Milestone = 33 (Train)
---------  -------
mse_error  3.97998
---------  -------
Validation Result @ Iteration 33000; Milestone = 33 (ID: Validation)
---  -------
mse  3.97951
---  -------
Running Evaluation...
Validation Result @ Iteration 34000; Milestone = 34 (Train)
---------  -------
mse_error  3.97986
---------  -------
Validation Result @ Iteration 34000; Milestone = 34 (ID: Validation)
---  -------
mse  3.98014
---  -------
Running Evaluation...
Validation Result @ Iteration 35000; Milestone = 35 (Train)
---------  -------
mse_error  3.98051
---------  -------
Validation Result @ Iteration 35000; Milestone = 35 (ID: Validation)
---  -------
mse  3.98044
---  -------
Running Evaluation...
Validation Result @ Iteration 36000; Milestone = 36 (Train)
---------  ------
mse_error  3.9803
---------  ------
Validation Result @ Iteration 36000; Milestone = 36 (ID: Validation)
---  -------
mse  3.97989
---  -------
Running Evaluation...
Validation Result @ Iteration 37000; Milestone = 37 (Train)
---------  -------
mse_error  3.97956
---------  -------
Validation Result @ Iteration 37000; Milestone = 37 (ID: Validation)
---  -------
mse  3.98019
---  -------
Running Evaluation...
Validation Result @ Iteration 38000; Milestone = 38 (Train)
---------  -------
mse_error  3.98027
---------  -------
Validation Result @ Iteration 38000; Milestone = 38 (ID: Validation)
---  -------
mse  3.98005
---  -------
Running Evaluation...
Validation Result @ Iteration 39000; Milestone = 39 (Train)
---------  -------
mse_error  3.98023
---------  -------
Validation Result @ Iteration 39000; Milestone = 39 (ID: Validation)
---  -------
mse  3.98015
---  -------
Running Evaluation...
Validation Result @ Iteration 40000; Milestone = 40 (Train)
---------  -------
mse_error  3.98056
---------  -------
Validation Result @ Iteration 40000; Milestone = 40 (ID: Validation)
---  ----
mse  3.98
---  ----
Running Evaluation...
Validation Result @ Iteration 41000; Milestone = 41 (Train)
---------  -------
mse_error  3.97974
---------  -------
Validation Result @ Iteration 41000; Milestone = 41 (ID: Validation)
---  -------
mse  3.98063
---  -------
Running Evaluation...
Validation Result @ Iteration 42000; Milestone = 42 (Train)
---------  -------
mse_error  3.98092
---------  -------
Validation Result @ Iteration 42000; Milestone = 42 (ID: Validation)
---  ------
mse  3.9802
---  ------
Running Evaluation...
Validation Result @ Iteration 43000; Milestone = 43 (Train)
---------  -------
mse_error  3.97984
---------  -------
Validation Result @ Iteration 43000; Milestone = 43 (ID: Validation)
---  -------
mse  3.97946
---  -------
Running Evaluation...
Validation Result @ Iteration 44000; Milestone = 44 (Train)
---------  -------
mse_error  3.97995
---------  -------
Validation Result @ Iteration 44000; Milestone = 44 (ID: Validation)
---  -------
mse  3.97984
---  -------
Running Evaluation...
Validation Result @ Iteration 45000; Milestone = 45 (Train)
---------  -------
mse_error  3.97943
---------  -------
Validation Result @ Iteration 45000; Milestone = 45 (ID: Validation)
---  -------
mse  3.98002
---  -------
Running Evaluation...
Validation Result @ Iteration 46000; Milestone = 46 (Train)
---------  -------
mse_error  3.98037
---------  -------
Validation Result @ Iteration 46000; Milestone = 46 (ID: Validation)
---  -------
mse  3.98088
---  -------
Running Evaluation...
Validation Result @ Iteration 47000; Milestone = 47 (Train)
---------  -------
mse_error  3.98014
---------  -------
Validation Result @ Iteration 47000; Milestone = 47 (ID: Validation)
---  -------
mse  3.97952
---  -------
Running Evaluation...
Validation Result @ Iteration 48000; Milestone = 48 (Train)
---------  ------
mse_error  3.9804
---------  ------
Validation Result @ Iteration 48000; Milestone = 48 (ID: Validation)
---  -------
mse  3.97997
---  -------
Running Evaluation...
Validation Result @ Iteration 49000; Milestone = 49 (Train)
---------  -------
mse_error  3.97981
---------  -------
Validation Result @ Iteration 49000; Milestone = 49 (ID: Validation)
---  -------
mse  3.97976
---  -------
Running Evaluation...
Validation Result @ Iteration 50000; Milestone = 50 (Train)
---------  -------
mse_error  3.97988
---------  -------
Validation Result @ Iteration 50000; Milestone = 50 (ID: Validation)
---  -------
mse  3.98057
---  -------
Running Evaluation...
Validation Result @ Iteration 51000; Milestone = 51 (Train)
---------  ------
mse_error  3.9807
---------  ------
Validation Result @ Iteration 51000; Milestone = 51 (ID: Validation)
---  -------
mse  3.97984
---  -------
Running Evaluation...
Validation Result @ Iteration 52000; Milestone = 52 (Train)
---------  -------
mse_error  3.97986
---------  -------
Validation Result @ Iteration 52000; Milestone = 52 (ID: Validation)
---  -------
mse  3.97981
---  -------
Running Evaluation...
Validation Result @ Iteration 53000; Milestone = 53 (Train)
---------  ------
mse_error  3.9805
---------  ------
Validation Result @ Iteration 53000; Milestone = 53 (ID: Validation)
---  -------
mse  3.97979
---  -------
Running Evaluation...
Validation Result @ Iteration 54000; Milestone = 54 (Train)
---------  -------
mse_error  3.98053
---------  -------
Validation Result @ Iteration 54000; Milestone = 54 (ID: Validation)
---  -------
mse  3.98044
---  -------
Running Evaluation...
Validation Result @ Iteration 55000; Milestone = 55 (Train)
---------  ------
mse_error  3.9806
---------  ------
Validation Result @ Iteration 55000; Milestone = 55 (ID: Validation)
---  -------
mse  3.97921
---  -------
Running Evaluation...
Validation Result @ Iteration 56000; Milestone = 56 (Train)
---------  ------
mse_error  3.9802
---------  ------
Validation Result @ Iteration 56000; Milestone = 56 (ID: Validation)
---  -------
mse  3.98093
---  -------
Running Evaluation...
Validation Result @ Iteration 57000; Milestone = 57 (Train)
---------  -------
mse_error  3.97992
---------  -------
Validation Result @ Iteration 57000; Milestone = 57 (ID: Validation)
---  -------
mse  3.97984
---  -------
Running Evaluation...
Validation Result @ Iteration 58000; Milestone = 58 (Train)
---------  ------
mse_error  3.9805
---------  ------
Validation Result @ Iteration 58000; Milestone = 58 (ID: Validation)
---  -------
mse  3.98018
---  -------
Running Evaluation...
Validation Result @ Iteration 59000; Milestone = 59 (Train)
---------  -------
mse_error  3.97991
---------  -------
Validation Result @ Iteration 59000; Milestone = 59 (ID: Validation)
---  -------
mse  3.97982
---  -------
Running Evaluation...
Validation Result @ Iteration 60000; Milestone = 60 (Train)
---------  -------
mse_error  3.98022
---------  -------
Validation Result @ Iteration 60000; Milestone = 60 (ID: Validation)
---  -------
mse  3.98102
---  -------
Running Evaluation...
Validation Result @ Iteration 61000; Milestone = 61 (Train)
---------  -------
mse_error  3.98028
---------  -------
Validation Result @ Iteration 61000; Milestone = 61 (ID: Validation)
---  -------
mse  3.98035
---  -------
Running Evaluation...
Validation Result @ Iteration 62000; Milestone = 62 (Train)
---------  -------
mse_error  3.98065
---------  -------
Validation Result @ Iteration 62000; Milestone = 62 (ID: Validation)
---  -------
mse  3.98045
---  -------
Running Evaluation...
Validation Result @ Iteration 63000; Milestone = 63 (Train)
---------  -------
mse_error  3.98092
---------  -------
Validation Result @ Iteration 63000; Milestone = 63 (ID: Validation)
---  -------
mse  3.98054
---  -------
Running Evaluation...
Validation Result @ Iteration 64000; Milestone = 64 (Train)
---------  -------
mse_error  3.98023
---------  -------
Validation Result @ Iteration 64000; Milestone = 64 (ID: Validation)
---  -------
mse  3.97961
---  -------
Running Evaluation...
Validation Result @ Iteration 65000; Milestone = 65 (Train)
---------  -------
mse_error  3.98038
---------  -------
Validation Result @ Iteration 65000; Milestone = 65 (ID: Validation)
---  -------
mse  3.97976
---  -------
Running Evaluation...
Validation Result @ Iteration 66000; Milestone = 66 (Train)
---------  -------
mse_error  3.97974
---------  -------
Validation Result @ Iteration 66000; Milestone = 66 (ID: Validation)
---  -------
mse  3.98023
---  -------
Running Evaluation...
Validation Result @ Iteration 67000; Milestone = 67 (Train)
---------  -------
mse_error  3.97955
---------  -------
Validation Result @ Iteration 67000; Milestone = 67 (ID: Validation)
---  -------
mse  3.98003
---  -------
Running Evaluation...
Validation Result @ Iteration 68000; Milestone = 68 (Train)
---------  -------
mse_error  3.97929
---------  -------
Validation Result @ Iteration 68000; Milestone = 68 (ID: Validation)
---  -------
mse  3.97991
---  -------
Running Evaluation...
Validation Result @ Iteration 69000; Milestone = 69 (Train)
---------  -------
mse_error  3.98034
---------  -------
Validation Result @ Iteration 69000; Milestone = 69 (ID: Validation)
---  ------
mse  3.9805
---  ------
Running Evaluation...
Validation Result @ Iteration 70000; Milestone = 70 (Train)
---------  -------
mse_error  3.98053
---------  -------
Validation Result @ Iteration 70000; Milestone = 70 (ID: Validation)
---  -------
mse  3.98003
---  -------
Running Evaluation...
Validation Result @ Iteration 71000; Milestone = 71 (Train)
---------  -------
mse_error  3.98085
---------  -------
Validation Result @ Iteration 71000; Milestone = 71 (ID: Validation)
---  -------
mse  3.98047
---  -------
Running Evaluation...
Validation Result @ Iteration 72000; Milestone = 72 (Train)
---------  -------
mse_error  3.98033
---------  -------
Validation Result @ Iteration 72000; Milestone = 72 (ID: Validation)
---  -------
mse  3.98064
---  -------
Running Evaluation...
Validation Result @ Iteration 73000; Milestone = 73 (Train)
---------  -------
mse_error  3.98044
---------  -------
Validation Result @ Iteration 73000; Milestone = 73 (ID: Validation)
---  -------
mse  3.98057
---  -------
Running Evaluation...
Validation Result @ Iteration 74000; Milestone = 74 (Train)
---------  -------
mse_error  3.98055
---------  -------
Validation Result @ Iteration 74000; Milestone = 74 (ID: Validation)
---  -------
mse  3.98077
---  -------
Running Evaluation...
Validation Result @ Iteration 75000; Milestone = 75 (Train)
---------  -------
mse_error  3.98086
---------  -------
Validation Result @ Iteration 75000; Milestone = 75 (ID: Validation)
---  -------
mse  3.98033
---  -------
Running Evaluation...
Validation Result @ Iteration 76000; Milestone = 76 (Train)
---------  ------
mse_error  3.9813
---------  ------
Validation Result @ Iteration 76000; Milestone = 76 (ID: Validation)
---  -------
mse  3.98064
---  -------
Running Evaluation...
Validation Result @ Iteration 77000; Milestone = 77 (Train)
---------  -------
mse_error  3.98055
---------  -------
Validation Result @ Iteration 77000; Milestone = 77 (ID: Validation)
---  -------
mse  3.97999
---  -------
Running Evaluation...
Validation Result @ Iteration 78000; Milestone = 78 (Train)
---------  -------
mse_error  3.98001
---------  -------
Validation Result @ Iteration 78000; Milestone = 78 (ID: Validation)
---  -------
mse  3.98018
---  -------
Running Evaluation...
Validation Result @ Iteration 79000; Milestone = 79 (Train)
---------  ------
mse_error  3.9802
---------  ------
Validation Result @ Iteration 79000; Milestone = 79 (ID: Validation)
---  -------
mse  3.98081
---  -------
Running Evaluation...
Validation Result @ Iteration 80000; Milestone = 80 (Train)
---------  -------
mse_error  3.97994
---------  -------
Validation Result @ Iteration 80000; Milestone = 80 (ID: Validation)
---  -------
mse  3.97954
---  -------
Running Evaluation...
Validation Result @ Iteration 81000; Milestone = 81 (Train)
---------  -------
mse_error  3.98031
---------  -------
Validation Result @ Iteration 81000; Milestone = 81 (ID: Validation)
---  ------
mse  3.9806
---  ------
Running Evaluation...
Validation Result @ Iteration 82000; Milestone = 82 (Train)
---------  -------
mse_error  3.97961
---------  -------
Validation Result @ Iteration 82000; Milestone = 82 (ID: Validation)
---  -------
mse  3.97998
---  -------
Running Evaluation...
Validation Result @ Iteration 83000; Milestone = 83 (Train)
---------  -------
mse_error  3.98091
---------  -------
Validation Result @ Iteration 83000; Milestone = 83 (ID: Validation)
---  -------
mse  3.98045
---  -------
Running Evaluation...
Validation Result @ Iteration 84000; Milestone = 84 (Train)
---------  -------
mse_error  3.97994
---------  -------
Validation Result @ Iteration 84000; Milestone = 84 (ID: Validation)
---  -------
mse  3.98044
---  -------
Running Evaluation...
Validation Result @ Iteration 85000; Milestone = 85 (Train)
---------  -------
mse_error  3.98106
---------  -------
Validation Result @ Iteration 85000; Milestone = 85 (ID: Validation)
---  -------
mse  3.98099
---  -------
Running Evaluation...
Validation Result @ Iteration 86000; Milestone = 86 (Train)
---------  -------
mse_error  3.97949
---------  -------
Validation Result @ Iteration 86000; Milestone = 86 (ID: Validation)
---  -------
mse  3.98033
---  -------
Running Evaluation...
Validation Result @ Iteration 87000; Milestone = 87 (Train)
---------  -------
mse_error  3.98107
---------  -------
Validation Result @ Iteration 87000; Milestone = 87 (ID: Validation)
---  -------
mse  3.98029
---  -------
Running Evaluation...
Validation Result @ Iteration 88000; Milestone = 88 (Train)
---------  -------
mse_error  3.98009
---------  -------
Validation Result @ Iteration 88000; Milestone = 88 (ID: Validation)
---  -------
mse  3.98067
---  -------
Running Evaluation...
Validation Result @ Iteration 89000; Milestone = 89 (Train)
---------  ------
mse_error  3.9802
---------  ------
Validation Result @ Iteration 89000; Milestone = 89 (ID: Validation)
---  -------
mse  3.98032
---  -------
Running Evaluation...
Validation Result @ Iteration 90000; Milestone = 90 (Train)
---------  -------
mse_error  3.97974
---------  -------
Validation Result @ Iteration 90000; Milestone = 90 (ID: Validation)
---  -------
mse  3.97994
---  -------
Running Evaluation...
Validation Result @ Iteration 91000; Milestone = 91 (Train)
---------  -------
mse_error  3.98078
---------  -------
Validation Result @ Iteration 91000; Milestone = 91 (ID: Validation)
---  -------
mse  3.98071
---  -------
Running Evaluation...
Validation Result @ Iteration 92000; Milestone = 92 (Train)
---------  -------
mse_error  3.97957
---------  -------
Validation Result @ Iteration 92000; Milestone = 92 (ID: Validation)
---  -------
mse  3.97979
---  -------
Running Evaluation...
Validation Result @ Iteration 93000; Milestone = 93 (Train)
---------  -------
mse_error  3.97998
---------  -------
Validation Result @ Iteration 93000; Milestone = 93 (ID: Validation)
---  -------
mse  3.98087
---  -------
Running Evaluation...
Validation Result @ Iteration 94000; Milestone = 94 (Train)
---------  -------
mse_error  3.98074
---------  -------
Validation Result @ Iteration 94000; Milestone = 94 (ID: Validation)
---  -------
mse  3.97958
---  -------
Running Evaluation...
Validation Result @ Iteration 95000; Milestone = 95 (Train)
---------  -------
mse_error  3.98049
---------  -------
Validation Result @ Iteration 95000; Milestone = 95 (ID: Validation)
---  -------
mse  3.97962
---  -------
Running Evaluation...
Validation Result @ Iteration 96000; Milestone = 96 (Train)
---------  -------
mse_error  3.97961
---------  -------
Validation Result @ Iteration 96000; Milestone = 96 (ID: Validation)
---  -------
mse  3.98008
---  -------
Running Evaluation...
Validation Result @ Iteration 97000; Milestone = 97 (Train)
---------  -------
mse_error  3.98079
---------  -------
Validation Result @ Iteration 97000; Milestone = 97 (ID: Validation)
---  -------
mse  3.98016
---  -------
Running Evaluation...
Validation Result @ Iteration 98000; Milestone = 98 (Train)
---------  ------
mse_error  3.9806
---------  ------
Validation Result @ Iteration 98000; Milestone = 98 (ID: Validation)
---  -------
mse  3.98003
---  -------
Running Evaluation...
Validation Result @ Iteration 99000; Milestone = 99 (Train)
---------  ------
mse_error  3.9807
---------  ------
Validation Result @ Iteration 99000; Milestone = 99 (ID: Validation)
---  ------
mse  3.9797
---  ------
Running Evaluation...
Validation Result @ Iteration 100000; Milestone = 100 (Train)
---------  -------
mse_error  3.97936
---------  -------
