Job started at Mon Feb 16 17:31:37 EST 2026
Running on host: holygpu8a22204.rc.fas.harvard.edu
Job ID: 60638538
Git URL: https://github.com/mdkrasnow/research-repo.git
Git SHA: d2b8bc4a101998b3d7061762abd7248cbe4e15a7
Work directory: /tmp/ired-job-60638538
GPU info:
Mon Feb 16 17:31:38 2026       
+-----------------------------------------------------------------------------------------+
| NVIDIA-SMI 575.57.08              Driver Version: 575.57.08      CUDA Version: 12.9     |
|-----------------------------------------+------------------------+----------------------+
| GPU  Name                 Persistence-M | Bus-Id          Disp.A | Volatile Uncorr. ECC |
| Fan  Temp   Perf          Pwr:Usage/Cap |           Memory-Usage | GPU-Util  Compute M. |
|                                         |                        |               MIG M. |
|=========================================+========================+======================|
|   0  NVIDIA A100-SXM4-80GB          On  |   00000000:31:00.0 Off |                    0 |
| N/A   27C    P0             58W /  500W |       0MiB /  81920MiB |      0%      Default |
|                                         |                        |             Disabled |
+-----------------------------------------+------------------------+----------------------+
                                                                                         
+-----------------------------------------------------------------------------------------+
| Processes:                                                                              |
|  GPU   GI   CI              PID   Type   Process name                        GPU Memory |
|        ID   ID                                                               Usage      |
|=========================================================================================|
|  No running processes found                                                             |
+-----------------------------------------------------------------------------------------+
Cloning repository...
Repository cloned and checked out to: d2b8bc4
Repository info:
d2b8bc4 Switch all q20x sbatch to gpu partition (gpu_test MaxSubmitPU=2 limit)
Starting IRED-CD baseline (current NCE implementation)...
Loading configuration from: projects/ired/configs/q201_baseline.json
Configuration saved to: results/ds_inverse/q201_baseline/experiment_config.json
Setting random seed: 2
Starting experiment with mining strategy: adversarial
Configuration: {
  "experiment_name": "q201_baseline",
  "description": "IRED-CD Investigation - Baseline (current NCE implementation for comparison)",
  "investigation": "ired-cd",
  "ablation_stage": "baseline",
  "mining_strategy": "adversarial",
  "rank": 20,
  "ood": false,
  "diffusion_steps": 10,
  "batch_size": 2048,
  "train_steps": 100000,
  "learning_rate": 0.0001,
  "mining_opt_steps": 10,
  "mining_noise_scale": 1.5,
  "output_dir": "results/ds_inverse/q201_baseline",
  "notes": "Current implementation with NCE loss. Baseline for IRED-CD ablation study. Using k=10 steps, noise_scale=1.5 (reduced from 3.0).",
  "seed": 2
}
Dataset: Inverse matrices (20x20)
Input dimension: 400, Output dimension: 400
Trainer initialized. Output directory: results/ds_inverse/q201_baseline
Training for 100000 steps...
Running Evaluation...
Validation Result @ Iteration 1000; Milestone = 1 (Train)
---------  -------
mse_error  1.63382
---------  -------
Validation Result @ Iteration 1000; Milestone = 1 (ID: Validation)
---  -------
mse  1.63821
---  -------
Running Evaluation...
Validation Result @ Iteration 2000; Milestone = 2 (Train)
---------  -------
mse_error  1.00967
---------  -------
Validation Result @ Iteration 2000; Milestone = 2 (ID: Validation)
---  -------
mse  1.00338
---  -------
Running Evaluation...
Validation Result @ Iteration 3000; Milestone = 3 (Train)
---------  --------
mse_error  0.598378
---------  --------
Validation Result @ Iteration 3000; Milestone = 3 (ID: Validation)
---  --------
mse  0.603989
---  --------
Running Evaluation...
Validation Result @ Iteration 4000; Milestone = 4 (Train)
---------  --------
mse_error  0.326444
---------  --------
Validation Result @ Iteration 4000; Milestone = 4 (ID: Validation)
---  --------
mse  0.326602
---  --------
Running Evaluation...
Validation Result @ Iteration 5000; Milestone = 5 (Train)
---------  --------
mse_error  0.208028
---------  --------
Validation Result @ Iteration 5000; Milestone = 5 (ID: Validation)
---  --------
mse  0.206786
---  --------
Running Evaluation...
Validation Result @ Iteration 6000; Milestone = 6 (Train)
---------  --------
mse_error  0.179153
---------  --------
Validation Result @ Iteration 6000; Milestone = 6 (ID: Validation)
---  --------
mse  0.176766
---  --------
Running Evaluation...
Validation Result @ Iteration 7000; Milestone = 7 (Train)
---------  --------
mse_error  0.114667
---------  --------
Validation Result @ Iteration 7000; Milestone = 7 (ID: Validation)
---  --------
mse  0.113603
---  --------
Running Evaluation...
Validation Result @ Iteration 8000; Milestone = 8 (Train)
---------  ---------
mse_error  0.0414264
---------  ---------
Validation Result @ Iteration 8000; Milestone = 8 (ID: Validation)
---  ---------
mse  0.0421621
---  ---------
Running Evaluation...
Validation Result @ Iteration 9000; Milestone = 9 (Train)
---------  ---------
mse_error  0.0144077
---------  ---------
Validation Result @ Iteration 9000; Milestone = 9 (ID: Validation)
---  ---------
mse  0.0144811
---  ---------
Running Evaluation...
Validation Result @ Iteration 10000; Milestone = 10 (Train)
---------  ---------
mse_error  0.0112682
---------  ---------
Validation Result @ Iteration 10000; Milestone = 10 (ID: Validation)
---  ---------
mse  0.0111719
---  ---------
Running Evaluation...
Validation Result @ Iteration 11000; Milestone = 11 (Train)
---------  ---------
mse_error  0.0103691
---------  ---------
Validation Result @ Iteration 11000; Milestone = 11 (ID: Validation)
---  ---------
mse  0.0104267
---  ---------
Running Evaluation...
Validation Result @ Iteration 12000; Milestone = 12 (Train)
---------  ---------
mse_error  0.0102652
---------  ---------
Validation Result @ Iteration 12000; Milestone = 12 (ID: Validation)
---  ---------
mse  0.0101765
---  ---------
Running Evaluation...
Validation Result @ Iteration 13000; Milestone = 13 (Train)
---------  ---------
mse_error  0.0101618
---------  ---------
Validation Result @ Iteration 13000; Milestone = 13 (ID: Validation)
---  ---------
mse  0.0101814
---  ---------
Running Evaluation...
Validation Result @ Iteration 14000; Milestone = 14 (Train)
---------  ---------
mse_error  0.0101059
---------  ---------
Validation Result @ Iteration 14000; Milestone = 14 (ID: Validation)
---  ---------
mse  0.0101447
---  ---------
Running Evaluation...
Validation Result @ Iteration 15000; Milestone = 15 (Train)
---------  --------
mse_error  0.010004
---------  --------
Validation Result @ Iteration 15000; Milestone = 15 (ID: Validation)
---  ---------
mse  0.0100652
---  ---------
Running Evaluation...
Validation Result @ Iteration 16000; Milestone = 16 (Train)
---------  ---------
mse_error  0.0101211
---------  ---------
Validation Result @ Iteration 16000; Milestone = 16 (ID: Validation)
---  ---------
mse  0.0100742
---  ---------
Running Evaluation...
Validation Result @ Iteration 17000; Milestone = 17 (Train)
---------  ---------
mse_error  0.0101525
---------  ---------
Validation Result @ Iteration 17000; Milestone = 17 (ID: Validation)
---  --------
mse  0.010101
---  --------
Running Evaluation...
Validation Result @ Iteration 18000; Milestone = 18 (Train)
---------  ---------
mse_error  0.0100834
---------  ---------
Validation Result @ Iteration 18000; Milestone = 18 (ID: Validation)
---  --------
mse  0.010068
---  --------
Running Evaluation...
Validation Result @ Iteration 19000; Milestone = 19 (Train)
---------  ---------
mse_error  0.0100365
---------  ---------
Validation Result @ Iteration 19000; Milestone = 19 (ID: Validation)
---  ---------
mse  0.0100475
---  ---------
Running Evaluation...
Validation Result @ Iteration 20000; Milestone = 20 (Train)
---------  ---------
mse_error  0.0100468
---------  ---------
Validation Result @ Iteration 20000; Milestone = 20 (ID: Validation)
---  ---------
mse  0.0100731
---  ---------
Running Evaluation...
Validation Result @ Iteration 21000; Milestone = 21 (Train)
---------  ---------
mse_error  0.0101472
---------  ---------
Validation Result @ Iteration 21000; Milestone = 21 (ID: Validation)
---  ---------
mse  0.0100564
---  ---------
Running Evaluation...
Validation Result @ Iteration 22000; Milestone = 22 (Train)
---------  ---------
mse_error  0.0101336
---------  ---------
Validation Result @ Iteration 22000; Milestone = 22 (ID: Validation)
---  ---------
mse  0.0101043
---  ---------
Running Evaluation...
Validation Result @ Iteration 23000; Milestone = 23 (Train)
---------  ---------
mse_error  0.0100335
---------  ---------
Validation Result @ Iteration 23000; Milestone = 23 (ID: Validation)
---  ---------
mse  0.0100557
---  ---------
Running Evaluation...
Validation Result @ Iteration 24000; Milestone = 24 (Train)
---------  ---------
mse_error  0.0101236
---------  ---------
Validation Result @ Iteration 24000; Milestone = 24 (ID: Validation)
---  ---------
mse  0.0100882
---  ---------
Running Evaluation...
Validation Result @ Iteration 25000; Milestone = 25 (Train)
---------  ----------
mse_error  0.00997372
---------  ----------
Validation Result @ Iteration 25000; Milestone = 25 (ID: Validation)
---  ---------
mse  0.0100612
---  ---------
Running Evaluation...
Validation Result @ Iteration 26000; Milestone = 26 (Train)
---------  ---------
mse_error  0.0100481
---------  ---------
Validation Result @ Iteration 26000; Milestone = 26 (ID: Validation)
---  ---------
mse  0.0100734
---  ---------
Running Evaluation...
Validation Result @ Iteration 27000; Milestone = 27 (Train)
---------  ---------
mse_error  0.0100451
---------  ---------
Validation Result @ Iteration 27000; Milestone = 27 (ID: Validation)
---  ---------
mse  0.0101094
---  ---------
Running Evaluation...
Validation Result @ Iteration 28000; Milestone = 28 (Train)
---------  ----------
mse_error  0.00999273
---------  ----------
