Job started at Fri Feb 27 11:34:58 EST 2026
Running on host: holygpu8a27301.rc.fas.harvard.edu
Job ID: 62637975
Array Task ID: 1
Config: projects/ired/configs/q235_ood_evaluation.json
Checkpoint dir: projects/ired/results/ds_inverse/q235_timestep_weight
Git URL: https://github.com/mdkrasnow/research-repo.git
Git SHA: ecb966ee1a061d51dc3b5ea10ccdac48f04dc0c9
Work directory: /tmp/ired-job-62637975
GPU info:
Fri Feb 27 11:34:58 2026       
+-----------------------------------------------------------------------------------------+
| NVIDIA-SMI 575.57.08              Driver Version: 575.57.08      CUDA Version: 12.9     |
|-----------------------------------------+------------------------+----------------------+
| GPU  Name                 Persistence-M | Bus-Id          Disp.A | Volatile Uncorr. ECC |
| Fan  Temp   Perf          Pwr:Usage/Cap |           Memory-Usage | GPU-Util  Compute M. |
|                                         |                        |               MIG M. |
|=========================================+========================+======================|
|   0  NVIDIA A100-SXM4-80GB          On  |   00000000:E3:00.0 Off |                    0 |
| N/A   32C    P0             62W /  500W |       0MiB /  81920MiB |      0%      Default |
|                                         |                        |             Disabled |
+-----------------------------------------+------------------------+----------------------+
                                                                                         
+-----------------------------------------------------------------------------------------+
| Processes:                                                                              |
|  GPU   GI   CI              PID   Type   Process name                        GPU Memory |
|        ID   ID                                                               Usage      |
|=========================================================================================|
|  No running processes found                                                             |
+-----------------------------------------------------------------------------------------+
Cloning repository...
Repository cloned and checked out to: ecb966e
ecb966e Add q234/q235 OOD evals; exclude bad nodes from q237
Copying checkpoint to work directory...
✓ Checkpoint copied (21M)
Starting OOD evaluation with seed 0...
Random seed set to: 0
Configuration:
{
  "experiment_name": "q235_ood_evaluation",
  "description": "OOD robustness evaluation of q235 (timestep-weighted aux loss) checkpoint.",
  "investigation": "ired-robustness",
  "evaluation_mode": true,
  "mining_strategy": "tam",
  "tam_anchor_step": 2,
  "pgd_delta": 1.5,
  "pgd_step_size": 0.5,
  "mining_opt_steps": 3,
  "use_recovery_loss": true,
  "recovery_steps": 1,
  "recovery_loss_weight": 0.1,
  "recovery_target": "implied_noise",
  "use_recovery_rank_loss": true,
  "recovery_rank_margin": 0.1,
  "recovery_rank_weight": 0.2,
  "aux_timestep_gamma": 1.0,
  "use_gradient_contrastive": false,
  "energy_loss_weight": 0.0,
  "use_scalar_energy": true,
  "rank": 20,
  "ood": true,
  "dataset": "inverse",
  "batch_size": 2048,
  "num_test_samples": 1024,
  "num_opt_steps": 10,
  "target_mse_threshold": 0.001,
  "diffusion_steps": 10,
  "learning_rate": 0.0001,
  "adam_betas": [
    0.0,
    0.999
  ],
  "model_checkpoints": [
    "projects/ired/results/ds_inverse/q235_timestep_weight/model-100.pt"
  ],
  "output_dir": "projects/ired/results/evaluation/q235_timestep_weight_ood/seed_0",
  "notes": "OOD evaluation on q235 checkpoint (timestep-weighted aux loss). Compare with q232."
}

================================================================================
Evaluating: q235_ood_evaluation
================================================================================
Difficulty: ood=True, rank=20
Using device: cuda
Loading test dataset...
  Input dimension: 400, Output dimension: 400

Evaluating model: q235_timestep_weight
  Loading checkpoint from: projects/ired/results/ds_inverse/q235_timestep_weight/model-100.pt
  ✓ Loaded 32 EMA parameters from milestone checkpoint
  ✓ GaussianDiffusion1D built (timesteps=10, continuous=True)
  Running evaluation with diffusion sampling...
    Batch 5: current MSE = 0.212716
    Batch 10: current MSE = 0.212677
    Batch 15: current MSE = 0.212779
    Batch 20: current MSE = 0.212888
    Batch 25: current MSE = 0.213220
    Batch 30: current MSE = 0.213124
    Batch 35: current MSE = 0.212976
    Batch 40: current MSE = 0.212927
    Batch 45: current MSE = 0.212915
    Batch 50: current MSE = 0.212803
    Batch 55: current MSE = 0.212944
    Batch 60: current MSE = 0.212955
    Batch 65: current MSE = 0.213077
    Batch 70: current MSE = 0.213168
    Batch 75: current MSE = 0.213148
    Batch 80: current MSE = 0.213264
    Batch 85: current MSE = 0.213193
    Batch 90: current MSE = 0.213161
    Batch 95: current MSE = 0.213195
    Batch 100: current MSE = 0.213250
    Batch 105: current MSE = 0.213263
    Batch 110: current MSE = 0.213240
    Batch 115: current MSE = 0.213305
    Batch 120: current MSE = 0.213305
    Batch 125: current MSE = 0.213298
    Batch 130: current MSE = 0.213263
    Batch 135: current MSE = 0.213235
    Batch 140: current MSE = 0.213254
    Batch 145: current MSE = 0.213197
    Batch 150: current MSE = 0.213187
    Batch 155: current MSE = 0.213246
    Batch 160: current MSE = 0.213261
    Batch 165: current MSE = 0.213266
    Batch 170: current MSE = 0.213271
    Batch 175: current MSE = 0.213307
    Batch 180: current MSE = 0.213319
    Batch 185: current MSE = 0.213312
    Batch 190: current MSE = 0.213329
    Batch 195: current MSE = 0.213365
    Batch 200: current MSE = 0.213385
    Batch 205: current MSE = 0.213384
    Batch 210: current MSE = 0.213379
    Batch 215: current MSE = 0.213399
    Batch 220: current MSE = 0.213414
    Batch 225: current MSE = 0.213439
    Batch 230: current MSE = 0.213459
    Batch 235: current MSE = 0.213481
    Batch 240: current MSE = 0.213470
    Batch 245: current MSE = 0.213442
    Batch 250: current MSE = 0.213457
    Batch 255: current MSE = 0.213487
    Batch 260: current MSE = 0.213479
    Batch 265: current MSE = 0.213461
    Batch 270: current MSE = 0.213447
    Batch 275: current MSE = 0.213480
    Batch 280: current MSE = 0.213457
    Batch 285: current MSE = 0.213479
    Batch 290: current MSE = 0.213460
    Batch 295: current MSE = 0.213454
    Batch 300: current MSE = 0.213459
    Batch 305: current MSE = 0.213487
    Batch 310: current MSE = 0.213479
    Batch 315: current MSE = 0.213471
    Batch 320: current MSE = 0.213490
    Batch 325: current MSE = 0.213496
    Batch 330: current MSE = 0.213474
    Batch 335: current MSE = 0.213480
    Batch 340: current MSE = 0.213481
    Batch 345: current MSE = 0.213483
    Batch 350: current MSE = 0.213480
    Batch 355: current MSE = 0.213467
    Batch 360: current MSE = 0.213451
    Batch 365: current MSE = 0.213440
    Batch 370: current MSE = 0.213425
    Batch 375: current MSE = 0.213429
    Batch 380: current MSE = 0.213446
    Batch 385: current MSE = 0.213461
    Batch 390: current MSE = 0.213453
    Batch 395: current MSE = 0.213468
    Batch 400: current MSE = 0.213469
    Batch 405: current MSE = 0.213469
    Batch 410: current MSE = 0.213474
    Batch 415: current MSE = 0.213468
    Batch 420: current MSE = 0.213466
    Batch 425: current MSE = 0.213471
    Batch 430: current MSE = 0.213465
    Batch 435: current MSE = 0.213462
    Batch 440: current MSE = 0.213470
    Batch 445: current MSE = 0.213485
    Batch 450: current MSE = 0.213485
    Batch 455: current MSE = 0.213478
    Batch 460: current MSE = 0.213478
    Batch 465: current MSE = 0.213470
    Batch 470: current MSE = 0.213477
    Batch 475: current MSE = 0.213480
    Batch 480: current MSE = 0.213500
    Batch 485: current MSE = 0.213503
    Batch 490: current MSE = 0.213511
    Batch 495: current MSE = 0.213519
    Batch 500: current MSE = 0.213519
    Batch 505: current MSE = 0.213509
    Batch 510: current MSE = 0.213528
    Batch 515: current MSE = 0.213526
    Batch 520: current MSE = 0.213525
    Batch 525: current MSE = 0.213519
    Batch 530: current MSE = 0.213523
    Batch 535: current MSE = 0.213524
    Batch 540: current MSE = 0.213531
    Batch 545: current MSE = 0.213526
    Batch 550: current MSE = 0.213531
    Batch 555: current MSE = 0.213526
    Batch 560: current MSE = 0.213523
    Batch 565: current MSE = 0.213530
    Batch 570: current MSE = 0.213531
    Batch 575: current MSE = 0.213537
    Batch 580: current MSE = 0.213530
    Batch 585: current MSE = 0.213530
    Batch 590: current MSE = 0.213534
    Batch 595: current MSE = 0.213540
    Batch 600: current MSE = 0.213530
    Batch 605: current MSE = 0.213533
    Batch 610: current MSE = 0.213538
    Batch 615: current MSE = 0.213530
    Batch 620: current MSE = 0.213540
    Batch 625: current MSE = 0.213542
    Batch 630: current MSE = 0.213546
    Batch 635: current MSE = 0.213545
    Batch 640: current MSE = 0.213542
    Batch 645: current MSE = 0.213539
    Batch 650: current MSE = 0.213540
    Batch 655: current MSE = 0.213532
    Batch 660: current MSE = 0.213530
    Batch 665: current MSE = 0.213528
    Batch 670: current MSE = 0.213517
    Batch 675: current MSE = 0.213518
    Batch 680: current MSE = 0.213513
    Batch 685: current MSE = 0.213510
    Batch 690: current MSE = 0.213506
    Batch 695: current MSE = 0.213507
    Batch 700: current MSE = 0.213498
    Batch 705: current MSE = 0.213503
    Batch 710: current MSE = 0.213494
    Batch 715: current MSE = 0.213484
    Batch 720: current MSE = 0.213480
    Batch 725: current MSE = 0.213483
    Batch 730: current MSE = 0.213492
    Batch 735: current MSE = 0.213495
    Batch 740: current MSE = 0.213488
    Batch 745: current MSE = 0.213483
    Batch 750: current MSE = 0.213485
    Batch 755: current MSE = 0.213475
    Batch 760: current MSE = 0.213478
    Batch 765: current MSE = 0.213484
    Batch 770: current MSE = 0.213481
    Batch 775: current MSE = 0.213484
    Batch 780: current MSE = 0.213488
    Batch 785: current MSE = 0.213488
    Batch 790: current MSE = 0.213485
    Batch 795: current MSE = 0.213492
    Batch 800: current MSE = 0.213492
    Batch 805: current MSE = 0.213491
    Batch 810: current MSE = 0.213487
    Batch 815: current MSE = 0.213491
    Batch 820: current MSE = 0.213498
    Batch 825: current MSE = 0.213500
    Batch 830: current MSE = 0.213502
    Batch 835: current MSE = 0.213514
    Batch 840: current MSE = 0.213517
    Batch 845: current MSE = 0.213515
    Batch 850: current MSE = 0.213525
    Batch 855: current MSE = 0.213528
    Batch 860: current MSE = 0.213532
    Batch 865: current MSE = 0.213537
    Batch 870: current MSE = 0.213537
    Batch 875: current MSE = 0.213532
    Batch 880: current MSE = 0.213525
    Batch 885: current MSE = 0.213523
    Batch 890: current MSE = 0.213526
    Batch 895: current MSE = 0.213538
    Batch 900: current MSE = 0.213534
    Batch 905: current MSE = 0.213537
    Batch 910: current MSE = 0.213538
    Batch 915: current MSE = 0.213542
    Batch 920: current MSE = 0.213540
    Batch 925: current MSE = 0.213541
    Batch 930: current MSE = 0.213534
    Batch 935: current MSE = 0.213537
    Batch 940: current MSE = 0.213537
    Batch 945: current MSE = 0.213540
    Batch 950: current MSE = 0.213546
    Batch 955: current MSE = 0.213550
    Batch 960: current MSE = 0.213558
    Batch 965: current MSE = 0.213556
    Batch 970: current MSE = 0.213554
    Batch 975: current MSE = 0.213549
    Batch 980: current MSE = 0.213552
    Batch 985: current MSE = 0.213548
    Batch 990: current MSE = 0.213545
    Batch 995: current MSE = 0.213543
    Batch 1000: current MSE = 0.213543
    Batch 1005: current MSE = 0.213547
    Batch 1010: current MSE = 0.213545
    Batch 1015: current MSE = 0.213544
    Batch 1020: current MSE = 0.213540
    Batch 1025: current MSE = 0.213542
    Batch 1030: current MSE = 0.213541
    Batch 1035: current MSE = 0.213542
    Batch 1040: current MSE = 0.213540
    Batch 1045: current MSE = 0.213537
    Batch 1050: current MSE = 0.213532
    Batch 1055: current MSE = 0.213534
    Batch 1060: current MSE = 0.213534
    Batch 1065: current MSE = 0.213534
    Batch 1070: current MSE = 0.213538
    Batch 1075: current MSE = 0.213530
    Batch 1080: current MSE = 0.213526
    Batch 1085: current MSE = 0.213526
    Batch 1090: current MSE = 0.213524
    Batch 1095: current MSE = 0.213527
    Batch 1100: current MSE = 0.213526
    Batch 1105: current MSE = 0.213524
    Batch 1110: current MSE = 0.213529
    Batch 1115: current MSE = 0.213519
    Batch 1120: current MSE = 0.213521
    Batch 1125: current MSE = 0.213519
    Batch 1130: current MSE = 0.213520
    Batch 1135: current MSE = 0.213517
    Batch 1140: current MSE = 0.213509
    Batch 1145: current MSE = 0.213513
    Batch 1150: current MSE = 0.213513
    Batch 1155: current MSE = 0.213512
    Batch 1160: current MSE = 0.213517
    Batch 1165: current MSE = 0.213514
    Batch 1170: current MSE = 0.213512
    Batch 1175: current MSE = 0.213513
    Batch 1180: current MSE = 0.213514
    Batch 1185: current MSE = 0.213517
    Batch 1190: current MSE = 0.213514
    Batch 1195: current MSE = 0.213515
    Batch 1200: current MSE = 0.213514
    Batch 1205: current MSE = 0.213514
    Batch 1210: current MSE = 0.213520
    Batch 1215: current MSE = 0.213522
    Batch 1220: current MSE = 0.213521
    Batch 1225: current MSE = 0.213525
    Batch 1230: current MSE = 0.213524
    Batch 1235: current MSE = 0.213524
    Batch 1240: current MSE = 0.213530
    Batch 1245: current MSE = 0.213529
    Batch 1250: current MSE = 0.213521
    Batch 1255: current MSE = 0.213521
    Batch 1260: current MSE = 0.213526
    Batch 1265: current MSE = 0.213529
    Batch 1270: current MSE = 0.213532
    Batch 1275: current MSE = 0.213525
    Batch 1280: current MSE = 0.213523
    Batch 1285: current MSE = 0.213522
    Batch 1290: current MSE = 0.213524
    Batch 1295: current MSE = 0.213532
    Batch 1300: current MSE = 0.213533
    Batch 1305: current MSE = 0.213531
    Batch 1310: current MSE = 0.213536
    Batch 1315: current MSE = 0.213537
    Batch 1320: current MSE = 0.213538
    Batch 1325: current MSE = 0.213542
    Batch 1330: current MSE = 0.213539
    Batch 1335: current MSE = 0.213539
    Batch 1340: current MSE = 0.213533
    Batch 1345: current MSE = 0.213532
    Batch 1350: current MSE = 0.213533
    Batch 1355: current MSE = 0.213537
    Batch 1360: current MSE = 0.213533
    Batch 1365: current MSE = 0.213531
    Batch 1370: current MSE = 0.213534
    Batch 1375: current MSE = 0.213530
    Batch 1380: current MSE = 0.213530
    Batch 1385: current MSE = 0.213532
    Batch 1390: current MSE = 0.213532
    Batch 1395: current MSE = 0.213532
    Batch 1400: current MSE = 0.213531
    Batch 1405: current MSE = 0.213530
    Batch 1410: current MSE = 0.213531
    Batch 1415: current MSE = 0.213531
    Batch 1420: current MSE = 0.213529
    Batch 1425: current MSE = 0.213530
    Batch 1430: current MSE = 0.213525
    Batch 1435: current MSE = 0.213527
    Batch 1440: current MSE = 0.213524
    Batch 1445: current MSE = 0.213526
    Batch 1450: current MSE = 0.213526
    Batch 1455: current MSE = 0.213526
    Batch 1460: current MSE = 0.213523
    Batch 1465: current MSE = 0.213525
    Batch 1470: current MSE = 0.213535
    Batch 1475: current MSE = 0.213537
    Batch 1480: current MSE = 0.213540
    Batch 1485: current MSE = 0.213539
    Batch 1490: current MSE = 0.213541
    Batch 1495: current MSE = 0.213539
    Batch 1500: current MSE = 0.213541
    Batch 1505: current MSE = 0.213542
    Batch 1510: current MSE = 0.213542
    Batch 1515: current MSE = 0.213543
    Batch 1520: current MSE = 0.213546
    Batch 1525: current MSE = 0.213545
    Batch 1530: current MSE = 0.213543
    Batch 1535: current MSE = 0.213541
    Batch 1540: current MSE = 0.213543
    Batch 1545: current MSE = 0.213543
    Batch 1550: current MSE = 0.213543
    Batch 1555: current MSE = 0.213539
    Batch 1560: current MSE = 0.213543
    Batch 1565: current MSE = 0.213544
    Batch 1570: current MSE = 0.213542
    Batch 1575: current MSE = 0.213544
    Batch 1580: current MSE = 0.213543
    Batch 1585: current MSE = 0.213542
    Batch 1590: current MSE = 0.213540
    Batch 1595: current MSE = 0.213540
    Batch 1600: current MSE = 0.213540
    Batch 1605: current MSE = 0.213542
    Batch 1610: current MSE = 0.213542
    Batch 1615: current MSE = 0.213538
    Batch 1620: current MSE = 0.213541
    Batch 1625: current MSE = 0.213539
    Batch 1630: current MSE = 0.213545
    Batch 1635: current MSE = 0.213545
    Batch 1640: current MSE = 0.213550
    Batch 1645: current MSE = 0.213548
    Batch 1650: current MSE = 0.213544
    Batch 1655: current MSE = 0.213547
    Batch 1660: current MSE = 0.213540
    Batch 1665: current MSE = 0.213540
    Batch 1670: current MSE = 0.213536
    Batch 1675: current MSE = 0.213537
    Batch 1680: current MSE = 0.213538
    Batch 1685: current MSE = 0.213537
    Batch 1690: current MSE = 0.213532
    Batch 1695: current MSE = 0.213531
    Batch 1700: current MSE = 0.213528
    Batch 1705: current MSE = 0.213529
    Batch 1710: current MSE = 0.213530
    Batch 1715: current MSE = 0.213532
    Batch 1720: current MSE = 0.213530
    Batch 1725: current MSE = 0.213534
    Batch 1730: current MSE = 0.213530
    Batch 1735: current MSE = 0.213532
    Batch 1740: current MSE = 0.213529
    Batch 1745: current MSE = 0.213526
    Batch 1750: current MSE = 0.213529
    Batch 1755: current MSE = 0.213530
    Batch 1760: current MSE = 0.213534
    Batch 1765: current MSE = 0.213533
    Batch 1770: current MSE = 0.213529
    Batch 1775: current MSE = 0.213532
    Batch 1780: current MSE = 0.213535
    Batch 1785: current MSE = 0.213533
    Batch 1790: current MSE = 0.213535
    Batch 1795: current MSE = 0.213538
    Batch 1800: current MSE = 0.213539
    Batch 1805: current MSE = 0.213542
    Batch 1810: current MSE = 0.213541
    Batch 1815: current MSE = 0.213541
    Batch 1820: current MSE = 0.213541
    Batch 1825: current MSE = 0.213540
    Batch 1830: current MSE = 0.213545
    Batch 1835: current MSE = 0.213544
    Batch 1840: current MSE = 0.213544
    Batch 1845: current MSE = 0.213547
    Batch 1850: current MSE = 0.213551
    Batch 1855: current MSE = 0.213555
    Batch 1860: current MSE = 0.213557
    Batch 1865: current MSE = 0.213553
    Batch 1870: current MSE = 0.213554
    Batch 1875: current MSE = 0.213555
    Batch 1880: current MSE = 0.213555
    Batch 1885: current MSE = 0.213553
    Batch 1890: current MSE = 0.213553
    Batch 1895: current MSE = 0.213556
    Batch 1900: current MSE = 0.213555
    Batch 1905: current MSE = 0.213553
    Batch 1910: current MSE = 0.213553
    Batch 1915: current MSE = 0.213553
    Batch 1920: current MSE = 0.213552
    Batch 1925: current MSE = 0.213552
    Batch 1930: current MSE = 0.213550
    Batch 1935: current MSE = 0.213550
    Batch 1940: current MSE = 0.213549
    Batch 1945: current MSE = 0.213546
    Batch 1950: current MSE = 0.213547
    Batch 1955: current MSE = 0.213548
    Batch 1960: current MSE = 0.213546
    Batch 1965: current MSE = 0.213545
    Batch 1970: current MSE = 0.213545
    Batch 1975: current MSE = 0.213547
    Batch 1980: current MSE = 0.213551
    Batch 1985: current MSE = 0.213552
    Batch 1990: current MSE = 0.213552
    Batch 1995: current MSE = 0.213551
    Batch 2000: current MSE = 0.213549
    Batch 2005: current MSE = 0.213551
    Batch 2010: current MSE = 0.213553
    Batch 2015: current MSE = 0.213554
    Batch 2020: current MSE = 0.213555
    Batch 2025: current MSE = 0.213559
    Batch 2030: current MSE = 0.213559
    Batch 2035: current MSE = 0.213561
    Batch 2040: current MSE = 0.213561
    Batch 2045: current MSE = 0.213561
    Batch 2050: current MSE = 0.213560
    Batch 2055: current MSE = 0.213558
    Batch 2060: current MSE = 0.213559
    Batch 2065: current MSE = 0.213560
    Batch 2070: current MSE = 0.213558
    Batch 2075: current MSE = 0.213556
    Batch 2080: current MSE = 0.213556
    Batch 2085: current MSE = 0.213556
    Batch 2090: current MSE = 0.213556
    Batch 2095: current MSE = 0.213561
    Batch 2100: current MSE = 0.213561
    Batch 2105: current MSE = 0.213561
    Batch 2110: current MSE = 0.213563
    Batch 2115: current MSE = 0.213562
    Batch 2120: current MSE = 0.213564
    Batch 2125: current MSE = 0.213562
    Batch 2130: current MSE = 0.213561
    Batch 2135: current MSE = 0.213556
    Batch 2140: current MSE = 0.213556
    Batch 2145: current MSE = 0.213557
    Batch 2150: current MSE = 0.213559
    Batch 2155: current MSE = 0.213559
    Batch 2160: current MSE = 0.213557
    Batch 2165: current MSE = 0.213559
    Batch 2170: current MSE = 0.213558
    Batch 2175: current MSE = 0.213561
    Batch 2180: current MSE = 0.213560
    Batch 2185: current MSE = 0.213561
    Batch 2190: current MSE = 0.213559
    Batch 2195: current MSE = 0.213559
    Batch 2200: current MSE = 0.213557
    Batch 2205: current MSE = 0.213554
    Batch 2210: current MSE = 0.213556
    Batch 2215: current MSE = 0.213555
    Batch 2220: current MSE = 0.213558
    Batch 2225: current MSE = 0.213556
    Batch 2230: current MSE = 0.213557
    Batch 2235: current MSE = 0.213555
    Batch 2240: current MSE = 0.213555
    Batch 2245: current MSE = 0.213553
    Batch 2250: current MSE = 0.213554
    Batch 2255: current MSE = 0.213553
    Batch 2260: current MSE = 0.213552
    Batch 2265: current MSE = 0.213551
    Batch 2270: current MSE = 0.213550
    Batch 2275: current MSE = 0.213550
    Batch 2280: current MSE = 0.213551
    Batch 2285: current MSE = 0.213550
    Batch 2290: current MSE = 0.213550
    Batch 2295: current MSE = 0.213552
    Batch 2300: current MSE = 0.213555
    Batch 2305: current MSE = 0.213554
    Batch 2310: current MSE = 0.213554
    Batch 2315: current MSE = 0.213551
    Batch 2320: current MSE = 0.213552
    Batch 2325: current MSE = 0.213553
    Batch 2330: current MSE = 0.213554
    Batch 2335: current MSE = 0.213553
    Batch 2340: current MSE = 0.213553
    Batch 2345: current MSE = 0.213554
    Batch 2350: current MSE = 0.213555
    Batch 2355: current MSE = 0.213554
    Batch 2360: current MSE = 0.213553
    Batch 2365: current MSE = 0.213552
    Batch 2370: current MSE = 0.213552
    Batch 2375: current MSE = 0.213554
    Batch 2380: current MSE = 0.213555
    Batch 2385: current MSE = 0.213553
    Batch 2390: current MSE = 0.213557
    Batch 2395: current MSE = 0.213556
    Batch 2400: current MSE = 0.213554
    Batch 2405: current MSE = 0.213552
    Batch 2410: current MSE = 0.213551
    Batch 2415: current MSE = 0.213551
    Batch 2420: current MSE = 0.213550
    Batch 2425: current MSE = 0.213551
    Batch 2430: current MSE = 0.213553
    Batch 2435: current MSE = 0.213550
    Batch 2440: current MSE = 0.213550
    Batch 2445: current MSE = 0.213551
    Batch 2450: current MSE = 0.213550
    Batch 2455: current MSE = 0.213550
    Batch 2460: current MSE = 0.213549
    Batch 2465: current MSE = 0.213548
    Batch 2470: current MSE = 0.213549
    Batch 2475: current MSE = 0.213547
    Batch 2480: current MSE = 0.213547
    Batch 2485: current MSE = 0.213544
    Batch 2490: current MSE = 0.213544
    Batch 2495: current MSE = 0.213547
    Batch 2500: current MSE = 0.213548
    Batch 2505: current MSE = 0.213548
    Batch 2510: current MSE = 0.213549
    Batch 2515: current MSE = 0.213550
    Batch 2520: current MSE = 0.213549
    Batch 2525: current MSE = 0.213548
    Batch 2530: current MSE = 0.213547
    Batch 2535: current MSE = 0.213547
    Batch 2540: current MSE = 0.213549
    Batch 2545: current MSE = 0.213553
    Batch 2550: current MSE = 0.213553
    Batch 2555: current MSE = 0.213554
    Batch 2560: current MSE = 0.213552
    Batch 2565: current MSE = 0.213553
    Batch 2570: current MSE = 0.213552
    Batch 2575: current MSE = 0.213551
    Batch 2580: current MSE = 0.213551
    Batch 2585: current MSE = 0.213551
    Batch 2590: current MSE = 0.213552
    Batch 2595: current MSE = 0.213555
    Batch 2600: current MSE = 0.213555
    Batch 2605: current MSE = 0.213552
    Batch 2610: current MSE = 0.213551
    Batch 2615: current MSE = 0.213551
    Batch 2620: current MSE = 0.213550
    Batch 2625: current MSE = 0.213547
    Batch 2630: current MSE = 0.213549
    Batch 2635: current MSE = 0.213549
    Batch 2640: current MSE = 0.213547
    Batch 2645: current MSE = 0.213550
    Batch 2650: current MSE = 0.213551
    Batch 2655: current MSE = 0.213550
    Batch 2660: current MSE = 0.213548
    Batch 2665: current MSE = 0.213549
    Batch 2670: current MSE = 0.213549
    Batch 2675: current MSE = 0.213549
    Batch 2680: current MSE = 0.213548
    Batch 2685: current MSE = 0.213545
    Batch 2690: current MSE = 0.213547
    Batch 2695: current MSE = 0.213546
    Batch 2700: current MSE = 0.213543
    Batch 2705: current MSE = 0.213543
    Batch 2710: current MSE = 0.213546
    Batch 2715: current MSE = 0.213546
    Batch 2720: current MSE = 0.213547
    Batch 2725: current MSE = 0.213545
    Batch 2730: current MSE = 0.213544
    Batch 2735: current MSE = 0.213543
    Batch 2740: current MSE = 0.213542
    Batch 2745: current MSE = 0.213541
    Batch 2750: current MSE = 0.213542
    Batch 2755: current MSE = 0.213541
    Batch 2760: current MSE = 0.213539
    Batch 2765: current MSE = 0.213539
    Batch 2770: current MSE = 0.213536
    Batch 2775: current MSE = 0.213537
    Batch 2780: current MSE = 0.213538
    Batch 2785: current MSE = 0.213537
    Batch 2790: current MSE = 0.213537
    Batch 2795: current MSE = 0.213537
    Batch 2800: current MSE = 0.213537
    Batch 2805: current MSE = 0.213537
    Batch 2810: current MSE = 0.213536
    Batch 2815: current MSE = 0.213535
    Batch 2820: current MSE = 0.213535
    Batch 2825: current MSE = 0.213534
    Batch 2830: current MSE = 0.213535
    Batch 2835: current MSE = 0.213537
    Batch 2840: current MSE = 0.213537
    Batch 2845: current MSE = 0.213535
    Batch 2850: current MSE = 0.213536
    Batch 2855: current MSE = 0.213535
    Batch 2860: current MSE = 0.213535
    Batch 2865: current MSE = 0.213534
    Batch 2870: current MSE = 0.213533
    Batch 2875: current MSE = 0.213534
    Batch 2880: current MSE = 0.213536
    Batch 2885: current MSE = 0.213537
    Batch 2890: current MSE = 0.213536
    Batch 2895: current MSE = 0.213538
    Batch 2900: current MSE = 0.213538
    Batch 2905: current MSE = 0.213538
    Batch 2910: current MSE = 0.213538
    Batch 2915: current MSE = 0.213538
    Batch 2920: current MSE = 0.213538
    Batch 2925: current MSE = 0.213537
    Batch 2930: current MSE = 0.213536
    Batch 2935: current MSE = 0.213536
    Batch 2940: current MSE = 0.213534
    Batch 2945: current MSE = 0.213536
    Batch 2950: current MSE = 0.213536
    Batch 2955: current MSE = 0.213535
    Batch 2960: current MSE = 0.213536
    Batch 2965: current MSE = 0.213535
    Batch 2970: current MSE = 0.213535
    Batch 2975: current MSE = 0.213537
    Batch 2980: current MSE = 0.213537
    Batch 2985: current MSE = 0.213536
    Batch 2990: current MSE = 0.213536
    Batch 2995: current MSE = 0.213536
    Batch 3000: current MSE = 0.213537
    Batch 3005: current MSE = 0.213534
    Batch 3010: current MSE = 0.213534
    Batch 3015: current MSE = 0.213533
    Batch 3020: current MSE = 0.213532
    Batch 3025: current MSE = 0.213534
    Batch 3030: current MSE = 0.213534
    Batch 3035: current MSE = 0.213535
    Batch 3040: current MSE = 0.213534
    Batch 3045: current MSE = 0.213534
    Batch 3050: current MSE = 0.213535
    Batch 3055: current MSE = 0.213531
    Batch 3060: current MSE = 0.213531
    Batch 3065: current MSE = 0.213531
    Batch 3070: current MSE = 0.213530
    Batch 3075: current MSE = 0.213529
    Batch 3080: current MSE = 0.213526
    Batch 3085: current MSE = 0.213527
    Batch 3090: current MSE = 0.213526
    Batch 3095: current MSE = 0.213526
    Batch 3100: current MSE = 0.213526
    Batch 3105: current MSE = 0.213525
    Batch 3110: current MSE = 0.213523
    Batch 3115: current MSE = 0.213523
    Batch 3120: current MSE = 0.213524
    Batch 3125: current MSE = 0.213523
    Batch 3130: current MSE = 0.213522
    Batch 3135: current MSE = 0.213524
    Batch 3140: current MSE = 0.213524
    Batch 3145: current MSE = 0.213523
    Batch 3150: current MSE = 0.213522
    Batch 3155: current MSE = 0.213524
    Batch 3160: current MSE = 0.213521
    Batch 3165: current MSE = 0.213521
    Batch 3170: current MSE = 0.213522
    Batch 3175: current MSE = 0.213521
    Batch 3180: current MSE = 0.213521
    Batch 3185: current MSE = 0.213520
    Batch 3190: current MSE = 0.213520
    Batch 3195: current MSE = 0.213522
    Batch 3200: current MSE = 0.213521
    Batch 3205: current MSE = 0.213520
    Batch 3210: current MSE = 0.213519
    Batch 3215: current MSE = 0.213519
    Batch 3220: current MSE = 0.213515
    Batch 3225: current MSE = 0.213513
    Batch 3230: current MSE = 0.213513
    Batch 3235: current MSE = 0.213513
    Batch 3240: current MSE = 0.213511
    Batch 3245: current MSE = 0.213510
    Batch 3250: current MSE = 0.213510
    Batch 3255: current MSE = 0.213509
    Batch 3260: current MSE = 0.213508
    Batch 3265: current MSE = 0.213507
    Batch 3270: current MSE = 0.213507
    Batch 3275: current MSE = 0.213508
    Batch 3280: current MSE = 0.213509
    Batch 3285: current MSE = 0.213508
    Batch 3290: current MSE = 0.213508
    Batch 3295: current MSE = 0.213509
    Batch 3300: current MSE = 0.213509
    Batch 3305: current MSE = 0.213508
    Batch 3310: current MSE = 0.213508
    Batch 3315: current MSE = 0.213508
    Batch 3320: current MSE = 0.213508
    Batch 3325: current MSE = 0.213508
    Batch 3330: current MSE = 0.213508
    Batch 3335: current MSE = 0.213509
    Batch 3340: current MSE = 0.213512
    Batch 3345: current MSE = 0.213512
    Batch 3350: current MSE = 0.213512
    Batch 3355: current MSE = 0.213512
    Batch 3360: current MSE = 0.213513
    Batch 3365: current MSE = 0.213512
    Batch 3370: current MSE = 0.213513
    Batch 3375: current MSE = 0.213515
    Batch 3380: current MSE = 0.213513
    Batch 3385: current MSE = 0.213514
    Batch 3390: current MSE = 0.213514
    Batch 3395: current MSE = 0.213515
    Batch 3400: current MSE = 0.213514
    Batch 3405: current MSE = 0.213515
    Batch 3410: current MSE = 0.213513
    Batch 3415: current MSE = 0.213514
    Batch 3420: current MSE = 0.213513
    Batch 3425: current MSE = 0.213513
    Batch 3430: current MSE = 0.213514
    Batch 3435: current MSE = 0.213515
    Batch 3440: current MSE = 0.213513
    Batch 3445: current MSE = 0.213515
    Batch 3450: current MSE = 0.213514
    Batch 3455: current MSE = 0.213515
    Batch 3460: current MSE = 0.213513
    Batch 3465: current MSE = 0.213514
    Batch 3470: current MSE = 0.213514
    Batch 3475: current MSE = 0.213515
    Batch 3480: current MSE = 0.213516
    Batch 3485: current MSE = 0.213516
    Batch 3490: current MSE = 0.213515
    Batch 3495: current MSE = 0.213516
    Batch 3500: current MSE = 0.213516
    Batch 3505: current MSE = 0.213515
    Batch 3510: current MSE = 0.213516
    Batch 3515: current MSE = 0.213515
    Batch 3520: current MSE = 0.213517
    Batch 3525: current MSE = 0.213518
    Batch 3530: current MSE = 0.213514
    Batch 3535: current MSE = 0.213515
    Batch 3540: current MSE = 0.213515
    Batch 3545: current MSE = 0.213516
    Batch 3550: current MSE = 0.213515
    Batch 3555: current MSE = 0.213515
    Batch 3560: current MSE = 0.213514
    Batch 3565: current MSE = 0.213515
    Batch 3570: current MSE = 0.213515
    Batch 3575: current MSE = 0.213514
    Batch 3580: current MSE = 0.213514
    Batch 3585: current MSE = 0.213515
    Batch 3590: current MSE = 0.213515
    Batch 3595: current MSE = 0.213512
    Batch 3600: current MSE = 0.213512
    Batch 3605: current MSE = 0.213510
    Batch 3610: current MSE = 0.213509
    Batch 3615: current MSE = 0.213509
    Batch 3620: current MSE = 0.213510
    Batch 3625: current MSE = 0.213512
    Batch 3630: current MSE = 0.213509
    Batch 3635: current MSE = 0.213509
    Batch 3640: current MSE = 0.213508
    Batch 3645: current MSE = 0.213510
    Batch 3650: current MSE = 0.213511
    Batch 3655: current MSE = 0.213512
    Batch 3660: current MSE = 0.213513
    Batch 3665: current MSE = 0.213513
    Batch 3670: current MSE = 0.213514
    Batch 3675: current MSE = 0.213514
    Batch 3680: current MSE = 0.213513
    Batch 3685: current MSE = 0.213514
    Batch 3690: current MSE = 0.213513
    Batch 3695: current MSE = 0.213511
    Batch 3700: current MSE = 0.213512
    Batch 3705: current MSE = 0.213513
    Batch 3710: current MSE = 0.213514
    Batch 3715: current MSE = 0.213512
    Batch 3720: current MSE = 0.213510
    Batch 3725: current MSE = 0.213510
    Batch 3730: current MSE = 0.213509
    Batch 3735: current MSE = 0.213508
    Batch 3740: current MSE = 0.213507
    Batch 3745: current MSE = 0.213506
    Batch 3750: current MSE = 0.213505
    Batch 3755: current MSE = 0.213505
    Batch 3760: current MSE = 0.213506
    Batch 3765: current MSE = 0.213504
    Batch 3770: current MSE = 0.213505
    Batch 3775: current MSE = 0.213504
    Batch 3780: current MSE = 0.213503
    Batch 3785: current MSE = 0.213503
    Batch 3790: current MSE = 0.213504
    Batch 3795: current MSE = 0.213504
    Batch 3800: current MSE = 0.213503
    Batch 3805: current MSE = 0.213504
    Batch 3810: current MSE = 0.213504
    Batch 3815: current MSE = 0.213503
    Batch 3820: current MSE = 0.213504
    Batch 3825: current MSE = 0.213506
    Batch 3830: current MSE = 0.213505
    Batch 3835: current MSE = 0.213505
    Batch 3840: current MSE = 0.213506
    Batch 3845: current MSE = 0.213505
    Batch 3850: current MSE = 0.213506
    Batch 3855: current MSE = 0.213506
    Batch 3860: current MSE = 0.213506
    Batch 3865: current MSE = 0.213506
    Batch 3870: current MSE = 0.213505
    Batch 3875: current MSE = 0.213504
    Batch 3880: current MSE = 0.213505
    Batch 3885: current MSE = 0.213505
    Batch 3890: current MSE = 0.213506
    Batch 3895: current MSE = 0.213505
    Batch 3900: current MSE = 0.213505
    Batch 3905: current MSE = 0.213506
    Batch 3910: current MSE = 0.213506
    Batch 3915: current MSE = 0.213506
    Batch 3920: current MSE = 0.213507
    Batch 3925: current MSE = 0.213507
    Batch 3930: current MSE = 0.213507
    Batch 3935: current MSE = 0.213505
    Batch 3940: current MSE = 0.213506
    Batch 3945: current MSE = 0.213507
    Batch 3950: current MSE = 0.213505
    Batch 3955: current MSE = 0.213506
    Batch 3960: current MSE = 0.213507
    Batch 3965: current MSE = 0.213508
    Batch 3970: current MSE = 0.213509
    Batch 3975: current MSE = 0.213511
    Batch 3980: current MSE = 0.213510
    Batch 3985: current MSE = 0.213509
    Batch 3990: current MSE = 0.213510
    Batch 3995: current MSE = 0.213511
    Batch 4000: current MSE = 0.213512
    Batch 4005: current MSE = 0.213512
    Batch 4010: current MSE = 0.213511
    Batch 4015: current MSE = 0.213510
    Batch 4020: current MSE = 0.213511
    Batch 4025: current MSE = 0.213510
    Batch 4030: current MSE = 0.213510
    Batch 4035: current MSE = 0.213509
    Batch 4040: current MSE = 0.213509
    Batch 4045: current MSE = 0.213510
    Batch 4050: current MSE = 0.213510
    Batch 4055: current MSE = 0.213511
    Batch 4060: current MSE = 0.213511
    Batch 4065: current MSE = 0.213511
    Batch 4070: current MSE = 0.213511
    Batch 4075: current MSE = 0.213511
    Batch 4080: current MSE = 0.213512
    Batch 4085: current MSE = 0.213512
    Batch 4090: current MSE = 0.213513
    Batch 4095: current MSE = 0.213512
    Batch 4100: current MSE = 0.213511
    Batch 4105: current MSE = 0.213511
    Batch 4110: current MSE = 0.213510
    Batch 4115: current MSE = 0.213511
    Batch 4120: current MSE = 0.213511
    Batch 4125: current MSE = 0.213510
    Batch 4130: current MSE = 0.213510
    Batch 4135: current MSE = 0.213511
    Batch 4140: current MSE = 0.213510
    Batch 4145: current MSE = 0.213508
    Batch 4150: current MSE = 0.213509
    Batch 4155: current MSE = 0.213509
    Batch 4160: current MSE = 0.213511
    Batch 4165: current MSE = 0.213511
    Batch 4170: current MSE = 0.213511
    Batch 4175: current MSE = 0.213509
    Batch 4180: current MSE = 0.213510
    Batch 4185: current MSE = 0.213510
    Batch 4190: current MSE = 0.213510
    Batch 4195: current MSE = 0.213510
    Batch 4200: current MSE = 0.213510
    Batch 4205: current MSE = 0.213511
    Batch 4210: current MSE = 0.213510
    Batch 4215: current MSE = 0.213511
    Batch 4220: current MSE = 0.213510
    Batch 4225: current MSE = 0.213511
    Batch 4230: current MSE = 0.213509
    Batch 4235: current MSE = 0.213511
    Batch 4240: current MSE = 0.213511
    Batch 4245: current MSE = 0.213512
    Batch 4250: current MSE = 0.213511
    Batch 4255: current MSE = 0.213511
    Batch 4260: current MSE = 0.213511
    Batch 4265: current MSE = 0.213512
    Batch 4270: current MSE = 0.213513
    Batch 4275: current MSE = 0.213512
    Batch 4280: current MSE = 0.213513
    Batch 4285: current MSE = 0.213512
    Batch 4290: current MSE = 0.213512
    Batch 4295: current MSE = 0.213512
    Batch 4300: current MSE = 0.213511
    Batch 4305: current MSE = 0.213511
    Batch 4310: current MSE = 0.213511
    Batch 4315: current MSE = 0.213510
    Batch 4320: current MSE = 0.213512
    Batch 4325: current MSE = 0.213511
    Batch 4330: current MSE = 0.213511
    Batch 4335: current MSE = 0.213511
    Batch 4340: current MSE = 0.213510
    Batch 4345: current MSE = 0.213510
    Batch 4350: current MSE = 0.213511
    Batch 4355: current MSE = 0.213512
    Batch 4360: current MSE = 0.213512
    Batch 4365: current MSE = 0.213512
    Batch 4370: current MSE = 0.213511
    Batch 4375: current MSE = 0.213509
    Batch 4380: current MSE = 0.213507
    Batch 4385: current MSE = 0.213509
    Batch 4390: current MSE = 0.213508
    Batch 4395: current MSE = 0.213509
    Batch 4400: current MSE = 0.213510
    Batch 4405: current MSE = 0.213511
    Batch 4410: current MSE = 0.213511
    Batch 4415: current MSE = 0.213512
    Batch 4420: current MSE = 0.213512
    Batch 4425: current MSE = 0.213513
    Batch 4430: current MSE = 0.213513
    Batch 4435: current MSE = 0.213513
    Batch 4440: current MSE = 0.213514
    Batch 4445: current MSE = 0.213515
    Batch 4450: current MSE = 0.213514
    Batch 4455: current MSE = 0.213514
    Batch 4460: current MSE = 0.213515
    Batch 4465: current MSE = 0.213516
    Batch 4470: current MSE = 0.213515
    Batch 4475: current MSE = 0.213516
    Batch 4480: current MSE = 0.213517
    Batch 4485: current MSE = 0.213519
    Batch 4490: current MSE = 0.213519
    Batch 4495: current MSE = 0.213520
    Batch 4500: current MSE = 0.213520
    Batch 4505: current MSE = 0.213519
    Batch 4510: current MSE = 0.213520
    Batch 4515: current MSE = 0.213521
    Batch 4520: current MSE = 0.213521
    Batch 4525: current MSE = 0.213520
    Batch 4530: current MSE = 0.213520
    Batch 4535: current MSE = 0.213521
    Batch 4540: current MSE = 0.213521
    Batch 4545: current MSE = 0.213520
    Batch 4550: current MSE = 0.213520
    Batch 4555: current MSE = 0.213519
    Batch 4560: current MSE = 0.213519
    Batch 4565: current MSE = 0.213517
    Batch 4570: current MSE = 0.213518
    Batch 4575: current MSE = 0.213519
    Batch 4580: current MSE = 0.213517
    Batch 4585: current MSE = 0.213517
    Batch 4590: current MSE = 0.213517
    Batch 4595: current MSE = 0.213517
    Batch 4600: current MSE = 0.213517
    Batch 4605: current MSE = 0.213517
    Batch 4610: current MSE = 0.213517
    Batch 4615: current MSE = 0.213516
    Batch 4620: current MSE = 0.213517
    Batch 4625: current MSE = 0.213517
    Batch 4630: current MSE = 0.213517
    Batch 4635: current MSE = 0.213517
    Batch 4640: current MSE = 0.213517
    Batch 4645: current MSE = 0.213518
    Batch 4650: current MSE = 0.213519
    Batch 4655: current MSE = 0.213520
    Batch 4660: current MSE = 0.213521
    Batch 4665: current MSE = 0.213520
    Batch 4670: current MSE = 0.213519
    Batch 4675: current MSE = 0.213519
    Batch 4680: current MSE = 0.213521
    Batch 4685: current MSE = 0.213520
    Batch 4690: current MSE = 0.213520
    Batch 4695: current MSE = 0.213520
    Batch 4700: current MSE = 0.213522
    Batch 4705: current MSE = 0.213522
    Batch 4710: current MSE = 0.213521
    Batch 4715: current MSE = 0.213522
    Batch 4720: current MSE = 0.213521
    Batch 4725: current MSE = 0.213523
    Batch 4730: current MSE = 0.213524
    Batch 4735: current MSE = 0.213524
    Batch 4740: current MSE = 0.213524
    Batch 4745: current MSE = 0.213523
    Batch 4750: current MSE = 0.213521
    Batch 4755: current MSE = 0.213522
    Batch 4760: current MSE = 0.213523
    Batch 4765: current MSE = 0.213524
    Batch 4770: current MSE = 0.213525
    Batch 4775: current MSE = 0.213526
    Batch 4780: current MSE = 0.213526
    Batch 4785: current MSE = 0.213525
    Batch 4790: current MSE = 0.213525
    Batch 4795: current MSE = 0.213524
    Batch 4800: current MSE = 0.213524
    Batch 4805: current MSE = 0.213524
    Batch 4810: current MSE = 0.213524
    Batch 4815: current MSE = 0.213525
    Batch 4820: current MSE = 0.213524
    Batch 4825: current MSE = 0.213523
    Batch 4830: current MSE = 0.213522
    Batch 4835: current MSE = 0.213523
    Batch 4840: current MSE = 0.213523
    Batch 4845: current MSE = 0.213522
    Batch 4850: current MSE = 0.213524
    Batch 4855: current MSE = 0.213525
    Batch 4860: current MSE = 0.213523
    Batch 4865: current MSE = 0.213523
    Batch 4870: current MSE = 0.213523
    Batch 4875: current MSE = 0.213523
    Batch 4880: current MSE = 0.213523
  ✓ MSE: 0.213524 ± 0.081388
  ✓ % Solved (MSE<0.01): 0.0%

Saving results to: projects/ired/results/evaluation/q235_timestep_weight_ood/seed_0/q235_ood_evaluation_results.json

================================================================================
Evaluation Summary: q235_ood_evaluation
================================================================================

q235_timestep_weight:
  MSE: 0.213524 ± 0.081388
  % Solved: 0.0%

================================================================================
Evaluation completed at Fri Feb 27 11:53:17 EST 2026
sending incremental file list
./
q235_timestep_weight_ood/
q235_timestep_weight_ood/seed_0/
q235_timestep_weight_ood/seed_0/q235_ood_evaluation_results.json

sent 688 bytes  received 50 bytes  1,476.00 bytes/sec
total size is 445  speedup is 0.60
Evaluation results copied
