Job started at Tue Jan 13 18:40:21 EST 2026
Running on host: holygpu7c26105.rc.fas.harvard.edu
Job ID: 55214713
Git URL: https://github.com/mdkrasnow/research-repo.git
Git SHA: 9a691f67f66740852ce7981c982064902934573d
Work directory: /tmp/ired-job-55214713
Cloning repository...
Repository cloned and checked out to: 9a691f6
Repository info:
9a691f6 Implement automated git cloning in SLURM jobs
Starting pilot test...
Loading configuration from: projects/ired/configs/q004_pilot.json
Configuration saved to: results/ds_inverse/model_mlp_pilot/experiment_config.json
Starting experiment with mining strategy: none
Configuration: {
  "experiment_name": "q004_pilot",
  "description": "Quick pilot test for debugging",
  "mining_strategy": "none",
  "rank": 10,
  "ood": false,
  "diffusion_steps": 5,
  "batch_size": 256,
  "train_steps": 1000,
  "learning_rate": 0.0001,
  "mining_opt_steps": 2,
  "mining_noise_scale": 3.0,
  "output_dir": "results/ds_inverse/model_mlp_pilot",
  "notes": "Minimal configuration for quick validation (10 minutes runtime)."
}
Dataset: Inverse matrices (10x10)
Input dimension: 100, Output dimension: 100
Trainer initialized. Output directory: results/ds_inverse/model_mlp_pilot
Training for 1000 steps...
Running Evaluation...
Validation Result @ Iteration 1000; Milestone = 1 (Train)
---------  ---------
mse_error  0.0705603
---------  ---------
Validation Result @ Iteration 1000; Milestone = 1 (ID: Validation)
---  ---------
mse  0.0688446
---  ---------
training complete
Training completed!
Results saved to: results/ds_inverse/model_mlp_pilot/results.json
Pilot test completed at Tue Jan 13 18:42:35 EST 2026
Cleaning up work directory...
