Job started at Thu Feb 26 14:50:15 EST 2026
Running on host: holygpu8a25306.rc.fas.harvard.edu
Job ID: 62466400, Array Task ID: 0
Config: projects/ired/configs/q232_rank_2x.json
Git URL: https://github.com/mdkrasnow/research-repo.git
Git SHA: 9f7916c0d024b99524dc300e102e79d55faed963
Work directory: /tmp/ired-job-62466400
GPU info:
Thu Feb 26 14:50:15 2026       
+-----------------------------------------------------------------------------------------+
| NVIDIA-SMI 575.57.08              Driver Version: 575.57.08      CUDA Version: 12.9     |
|-----------------------------------------+------------------------+----------------------+
| GPU  Name                 Persistence-M | Bus-Id          Disp.A | Volatile Uncorr. ECC |
| Fan  Temp   Perf          Pwr:Usage/Cap |           Memory-Usage | GPU-Util  Compute M. |
|                                         |                        |               MIG M. |
|=========================================+========================+======================|
|   0  NVIDIA A100-SXM4-80GB          On  |   00000000:CA:00.0 Off |                    0 |
| N/A   25C    P0             57W /  500W |       0MiB /  81920MiB |      0%      Default |
|                                         |                        |             Disabled |
+-----------------------------------------+------------------------+----------------------+
                                                                                         
+-----------------------------------------------------------------------------------------+
| Processes:                                                                              |
|  GPU   GI   CI              PID   Type   Process name                        GPU Memory |
|        ID   ID                                                               Usage      |
|=========================================================================================|
|  No running processes found                                                             |
+-----------------------------------------------------------------------------------------+
Cloning repository...
Repository cloned and checked out to: 9f7916c
Starting 10K-step run with config: projects/ired/configs/q232_rank_2x.json
Loading configuration from: projects/ired/configs/q232_rank_2x.json
Configuration saved to: projects/ired/results/ds_inverse/q232_rank_2x/experiment_config.json
Setting random seed: 0
Starting experiment with mining strategy: tam
Configuration: {
  "experiment_name": "q232_rank_2x",
  "description": "q229 base + rank_weight doubled (0.1 -> 0.2). Testing stronger recovery ranking signal.",
  "investigation": "ired-pgd",
  "ablation_stage": "tam_ctl_v2_rank_sweep",
  "mining_strategy": "tam",
  "tam_anchor_step": 2,
  "pgd_delta": 1.5,
  "pgd_step_size": 0.5,
  "mining_opt_steps": 3,
  "use_recovery_loss": true,
  "recovery_steps": 1,
  "recovery_loss_weight": 0.1,
  "recovery_target": "implied_noise",
  "use_recovery_rank_loss": true,
  "recovery_rank_margin": 0.1,
  "recovery_rank_weight": 0.2,
  "use_gradient_contrastive": false,
  "energy_loss_weight": 0.0,
  "use_scalar_energy": true,
  "rank": 20,
  "ood": false,
  "diffusion_steps": 10,
  "batch_size": 2048,
  "train_steps": 10000,
  "learning_rate": 0.0001,
  "adam_betas": [
    0.0,
    0.999
  ],
  "output_dir": "projects/ired/results/ds_inverse/q232_rank_2x",
  "notes": "Rank weight sweep: 2x baseline (0.2 vs q229's 0.1). Single variable change from q229.",
  "seed": 0
}
Dataset: Inverse matrices (20x20)
Input dimension: 400, Output dimension: 400
Trainer initialized. Output directory: projects/ired/results/ds_inverse/q232_rank_2x
Training for 10000 steps...
[LOSS-DIAG step=100] mse=0.999259 energy_raw=0.695495 energy_wtd=0.000000 rec=0.109598 total=1.108857
[TAM-CTL-DIAG step=100] mse_pos=0.999908 mse_neg=0.999907 mse_rec=0.999907 neg_vs_rec=0.000000 rec_dist=0.0000 anchor_dist=1.8908 dist_rec_pos=1.8908 eps_gap_rel=0.1047 cos_rec=-0.1473
[LOSS-DIAG step=200] mse=1.002301 energy_raw=0.891566 energy_wtd=0.000000 rec=0.044246 total=1.046546
[TAM-CTL-DIAG step=200] mse_pos=0.998231 mse_neg=0.998231 mse_rec=0.998231 neg_vs_rec=0.000000 rec_dist=0.0001 anchor_dist=12.0861 dist_rec_pos=12.0862 eps_gap_rel=0.8172 cos_rec=-0.1611
[LOSS-DIAG step=300] mse=0.998160 energy_raw=4.363047 energy_wtd=0.000000 rec=0.115960 total=1.114120
[TAM-CTL-DIAG step=300] mse_pos=1.000477 mse_neg=1.000151 mse_rec=1.000151 neg_vs_rec=0.000000 rec_dist=0.0080 anchor_dist=0.9374 dist_rec_pos=0.9480 eps_gap_rel=0.0521 cos_rec=-0.2089
[LOSS-DIAG step=400] mse=0.988664 energy_raw=2205.668945 energy_wtd=0.000000 rec=0.039935 total=1.028599
[TAM-CTL-DIAG step=400] mse_pos=1.001504 mse_neg=0.998330 mse_rec=0.998296 neg_vs_rec=0.000034 rec_dist=0.2261 anchor_dist=9.6112 dist_rec_pos=10.2339 eps_gap_rel=0.6941 cos_rec=-0.1294
[LOSS-DIAG step=500] mse=0.876258 energy_raw=27227.894531 energy_wtd=0.000000 rec=0.069618 total=0.945875
[TAM-CTL-DIAG step=500] mse_pos=1.029417 mse_neg=0.943870 mse_rec=0.947803 neg_vs_rec=-0.003933 rec_dist=1.0832 anchor_dist=5.7063 dist_rec_pos=7.3487 eps_gap_rel=0.4964 cos_rec=-0.4860
[LOSS-DIAG step=600] mse=0.680643 energy_raw=94296.953125 energy_wtd=0.000000 rec=0.073068 total=0.753711
[TAM-CTL-DIAG step=600] mse_pos=1.207854 mse_neg=0.925552 mse_rec=0.940124 neg_vs_rec=-0.014572 rec_dist=1.0054 anchor_dist=6.9138 dist_rec_pos=8.6947 eps_gap_rel=0.6005 cos_rec=-0.5577
[LOSS-DIAG step=700] mse=0.574239 energy_raw=136590.812500 energy_wtd=0.000000 rec=0.030647 total=0.604886
[TAM-CTL-DIAG step=700] mse_pos=1.378261 mse_neg=1.165666 mse_rec=1.042880 neg_vs_rec=0.122786 rec_dist=1.4198 anchor_dist=13.9890 dist_rec_pos=14.0611 eps_gap_rel=1.0526 cos_rec=0.7276
[LOSS-DIAG step=800] mse=0.509916 energy_raw=166233.859375 energy_wtd=0.000000 rec=0.061926 total=0.571842
[TAM-CTL-DIAG step=800] mse_pos=1.426345 mse_neg=0.882183 mse_rec=0.878315 neg_vs_rec=0.003869 rec_dist=1.7824 anchor_dist=8.4731 dist_rec_pos=10.4114 eps_gap_rel=0.7343 cos_rec=-0.3614
[LOSS-DIAG step=900] mse=0.456649 energy_raw=189565.500000 energy_wtd=0.000000 rec=0.056114 total=0.512763
[TAM-CTL-DIAG step=900] mse_pos=1.485495 mse_neg=0.898339 mse_rec=0.886049 neg_vs_rec=0.012290 rec_dist=1.8595 anchor_dist=8.9875 dist_rec_pos=10.8162 eps_gap_rel=0.7730 cos_rec=-0.2851
[LOSS-DIAG step=1000] mse=0.422630 energy_raw=206921.218750 energy_wtd=0.000000 rec=0.052211 total=0.474841
[TAM-CTL-DIAG step=1000] mse_pos=1.529247 mse_neg=0.918056 mse_rec=0.892017 neg_vs_rec=0.026039 rec_dist=1.9386 anchor_dist=9.3766 dist_rec_pos=11.0786 eps_gap_rel=0.8035 cos_rec=-0.2040
Running Evaluation...
Validation Result @ Iteration 1000; Milestone = 1 (Train)
---------  -------
mse_error  2.66143
---------  -------
Validation Result @ Iteration 1000; Milestone = 1 (ID: Validation)
---  -------
mse  2.66126
---  -------
[LOSS-DIAG step=1100] mse=0.389552 energy_raw=226056.875000 energy_wtd=0.000000 rec=0.046116 total=0.435668
[TAM-CTL-DIAG step=1100] mse_pos=1.584060 mse_neg=0.957989 mse_rec=0.909645 neg_vs_rec=0.048344 rec_dist=1.8748 anchor_dist=10.0432 dist_rec_pos=11.5638 eps_gap_rel=0.8354 cos_rec=-0.1179
[LOSS-DIAG step=1200] mse=0.364386 energy_raw=237697.062500 energy_wtd=0.000000 rec=0.040939 total=0.405326
[TAM-CTL-DIAG step=1200] mse_pos=1.614440 mse_neg=1.003345 mse_rec=0.927916 neg_vs_rec=0.075429 rec_dist=1.7216 anchor_dist=10.5897 dist_rec_pos=11.8894 eps_gap_rel=0.8704 cos_rec=-0.0160
[LOSS-DIAG step=1300] mse=0.335261 energy_raw=242379.062500 energy_wtd=0.000000 rec=0.042168 total=0.377429
[TAM-CTL-DIAG step=1300] mse_pos=1.643551 mse_neg=0.961314 mse_rec=0.912513 neg_vs_rec=0.048801 rec_dist=1.9137 anchor_dist=10.2389 dist_rec_pos=11.7168 eps_gap_rel=0.8591 cos_rec=-0.0804
[LOSS-DIAG step=1400] mse=0.303378 energy_raw=267438.062500 energy_wtd=0.000000 rec=0.036149 total=0.339527
[TAM-CTL-DIAG step=1400] mse_pos=1.691914 mse_neg=1.028456 mse_rec=0.930540 neg_vs_rec=0.097916 rec_dist=1.7424 anchor_dist=11.3847 dist_rec_pos=12.5490 eps_gap_rel=0.8925 cos_rec=0.0629
[LOSS-DIAG step=1500] mse=0.293060 energy_raw=264887.312500 energy_wtd=0.000000 rec=0.032445 total=0.325505
[TAM-CTL-DIAG step=1500] mse_pos=1.684964 mse_neg=1.115231 mse_rec=0.966970 neg_vs_rec=0.148260 rec_dist=1.5134 anchor_dist=12.0808 dist_rec_pos=12.9013 eps_gap_rel=0.9473 cos_rec=0.3062
[LOSS-DIAG step=1600] mse=0.268224 energy_raw=276529.406250 energy_wtd=0.000000 rec=0.033839 total=0.302063
[TAM-CTL-DIAG step=1600] mse_pos=1.716477 mse_neg=1.054395 mse_rec=0.932517 neg_vs_rec=0.121879 rec_dist=1.7804 anchor_dist=11.6313 dist_rec_pos=12.6472 eps_gap_rel=0.9113 cos_rec=0.1383
[LOSS-DIAG step=1700] mse=0.257869 energy_raw=278619.187500 energy_wtd=0.000000 rec=0.027487 total=0.285356
[TAM-CTL-DIAG step=1700] mse_pos=1.741881 mse_neg=1.319985 mse_rec=1.032908 neg_vs_rec=0.287078 rec_dist=1.4626 anchor_dist=13.9432 dist_rec_pos=13.9880 eps_gap_rel=1.0545 cos_rec=0.8847
[LOSS-DIAG step=1800] mse=0.241033 energy_raw=287558.906250 energy_wtd=0.000000 rec=0.030013 total=0.271046
[TAM-CTL-DIAG step=1800] mse_pos=1.742921 mse_neg=1.153565 mse_rec=0.966760 neg_vs_rec=0.186805 rec_dist=1.5869 anchor_dist=12.5320 dist_rec_pos=13.1801 eps_gap_rel=0.9618 cos_rec=0.4136
[LOSS-DIAG step=1900] mse=0.227374 energy_raw=283462.562500 energy_wtd=0.000000 rec=0.033511 total=0.260885
[TAM-CTL-DIAG step=1900] mse_pos=1.762231 mse_neg=1.050920 mse_rec=0.925892 neg_vs_rec=0.125029 rec_dist=1.8227 anchor_dist=11.3453 dist_rec_pos=12.3671 eps_gap_rel=0.9254 cos_rec=0.1303
[LOSS-DIAG step=2000] mse=0.216611 energy_raw=288615.687500 energy_wtd=0.000000 rec=0.027335 total=0.243946
[TAM-CTL-DIAG step=2000] mse_pos=1.775767 mse_neg=1.350865 mse_rec=1.034445 neg_vs_rec=0.316420 rec_dist=1.4698 anchor_dist=13.9032 dist_rec_pos=13.9393 eps_gap_rel=1.0520 cos_rec=0.9025
Running Evaluation...
Validation Result @ Iteration 2000; Milestone = 2 (Train)
---------  ------
mse_error  1.2804
---------  ------
Validation Result @ Iteration 2000; Milestone = 2 (ID: Validation)
---  -------
mse  1.27832
---  -------
[LOSS-DIAG step=2100] mse=0.198680 energy_raw=289374.906250 energy_wtd=0.000000 rec=0.031025 total=0.229705
[TAM-CTL-DIAG step=2100] mse_pos=1.768300 mse_neg=1.049855 mse_rec=0.922288 neg_vs_rec=0.127566 rec_dist=1.9514 anchor_dist=11.7229 dist_rec_pos=12.7325 eps_gap_rel=0.9342 cos_rec=0.1245
[LOSS-DIAG step=2200] mse=0.184071 energy_raw=308181.062500 energy_wtd=0.000000 rec=0.025198 total=0.209269
[TAM-CTL-DIAG step=2200] mse_pos=1.818608 mse_neg=1.360621 mse_rec=1.027218 neg_vs_rec=0.333404 rec_dist=1.4750 anchor_dist=14.1610 dist_rec_pos=14.1944 eps_gap_rel=1.0466 cos_rec=0.9172
[LOSS-DIAG step=2300] mse=0.178638 energy_raw=306909.031250 energy_wtd=0.000000 rec=0.029706 total=0.208344
[TAM-CTL-DIAG step=2300] mse_pos=1.827514 mse_neg=1.114681 mse_rec=0.931777 neg_vs_rec=0.182903 rec_dist=1.9451 anchor_dist=12.0710 dist_rec_pos=12.8281 eps_gap_rel=0.9484 cos_rec=0.2692
[LOSS-DIAG step=2400] mse=0.176262 energy_raw=295015.593750 energy_wtd=0.000000 rec=0.029832 total=0.206094
[TAM-CTL-DIAG step=2400] mse_pos=1.789785 mse_neg=1.071971 mse_rec=0.924377 neg_vs_rec=0.147594 rec_dist=1.9479 anchor_dist=11.8265 dist_rec_pos=12.7493 eps_gap_rel=0.9509 cos_rec=0.1630
[LOSS-DIAG step=2500] mse=0.165925 energy_raw=299051.437500 energy_wtd=0.000000 rec=0.026903 total=0.192828
[TAM-CTL-DIAG step=2500] mse_pos=1.800085 mse_neg=1.223369 mse_rec=0.963594 neg_vs_rec=0.259775 rec_dist=1.6905 anchor_dist=12.7479 dist_rec_pos=13.1347 eps_gap_rel=0.9819 cos_rec=0.5863
[LOSS-DIAG step=2600] mse=0.160282 energy_raw=316391.625000 energy_wtd=0.000000 rec=0.028599 total=0.188881
[TAM-CTL-DIAG step=2600] mse_pos=1.849068 mse_neg=1.141504 mse_rec=0.929015 neg_vs_rec=0.212489 rec_dist=2.0464 anchor_dist=12.3549 dist_rec_pos=12.9829 eps_gap_rel=0.9587 cos_rec=0.2965
[LOSS-DIAG step=2700] mse=0.156909 energy_raw=317562.812500 energy_wtd=0.000000 rec=0.025745 total=0.182654
[TAM-CTL-DIAG step=2700] mse_pos=1.863752 mse_neg=1.394818 mse_rec=1.028076 neg_vs_rec=0.366742 rec_dist=1.4808 anchor_dist=13.8753 dist_rec_pos=13.9014 eps_gap_rel=1.0523 cos_rec=0.9323
[LOSS-DIAG step=2800] mse=0.151088 energy_raw=323237.656250 energy_wtd=0.000000 rec=0.027919 total=0.179007
[TAM-CTL-DIAG step=2800] mse_pos=1.858907 mse_neg=1.225221 mse_rec=0.938948 neg_vs_rec=0.286272 rec_dist=2.0482 anchor_dist=12.8396 dist_rec_pos=13.1390 eps_gap_rel=0.9724 cos_rec=0.4870
[LOSS-DIAG step=2900] mse=0.147680 energy_raw=320602.625000 energy_wtd=0.000000 rec=0.027959 total=0.175639
[TAM-CTL-DIAG step=2900] mse_pos=1.893037 mse_neg=1.194754 mse_rec=0.936749 neg_vs_rec=0.258005 rec_dist=2.0458 anchor_dist=12.3199 dist_rec_pos=12.7795 eps_gap_rel=0.9703 cos_rec=0.3945
[LOSS-DIAG step=3000] mse=0.141312 energy_raw=300146.656250 energy_wtd=0.000000 rec=0.027501 total=0.168813
[TAM-CTL-DIAG step=3000] mse_pos=1.816363 mse_neg=1.043197 mse_rec=0.923111 neg_vs_rec=0.120085 rec_dist=1.9100 anchor_dist=11.9425 dist_rec_pos=13.0071 eps_gap_rel=0.9634 cos_rec=0.0808
Running Evaluation...
Validation Result @ Iteration 3000; Milestone = 3 (Train)
---------  --------
mse_error  0.846731
---------  --------
Validation Result @ Iteration 3000; Milestone = 3 (ID: Validation)
---  --------
mse  0.846321
---  --------
[LOSS-DIAG step=3100] mse=0.140310 energy_raw=338601.750000 energy_wtd=0.000000 rec=0.027991 total=0.168300
[TAM-CTL-DIAG step=3100] mse_pos=1.912050 mse_neg=1.222901 mse_rec=0.931272 neg_vs_rec=0.291629 rec_dist=2.1731 anchor_dist=12.8278 dist_rec_pos=13.1408 eps_gap_rel=0.9756 cos_rec=0.4319
[LOSS-DIAG step=3200] mse=0.134040 energy_raw=334503.125000 energy_wtd=0.000000 rec=0.027048 total=0.161088
[TAM-CTL-DIAG step=3200] mse_pos=1.923998 mse_neg=1.237176 mse_rec=0.930728 neg_vs_rec=0.306448 rec_dist=2.1593 anchor_dist=12.7313 dist_rec_pos=12.9997 eps_gap_rel=0.9772 cos_rec=0.4575
[LOSS-DIAG step=3300] mse=0.125042 energy_raw=313752.750000 energy_wtd=0.000000 rec=0.026422 total=0.151464
[TAM-CTL-DIAG step=3300] mse_pos=1.837289 mse_neg=1.151786 mse_rec=0.930471 neg_vs_rec=0.221315 rec_dist=1.9026 anchor_dist=12.7785 dist_rec_pos=13.3486 eps_gap_rel=0.9758 cos_rec=0.3039
[LOSS-DIAG step=3400] mse=0.123338 energy_raw=346336.187500 energy_wtd=0.000000 rec=0.025401 total=0.148738
[TAM-CTL-DIAG step=3400] mse_pos=1.936151 mse_neg=1.344409 mse_rec=0.955559 neg_vs_rec=0.388851 rec_dist=2.0786 anchor_dist=13.5814 dist_rec_pos=13.5059 eps_gap_rel=0.9930 cos_rec=0.7461
[LOSS-DIAG step=3500] mse=0.121074 energy_raw=310855.187500 energy_wtd=0.000000 rec=0.025936 total=0.147010
[TAM-CTL-DIAG step=3500] mse_pos=1.826097 mse_neg=1.258041 mse_rec=0.960178 neg_vs_rec=0.297863 rec_dist=1.7458 anchor_dist=13.1935 dist_rec_pos=13.4392 eps_gap_rel=0.9960 cos_rec=0.6288
[LOSS-DIAG step=3600] mse=0.118922 energy_raw=334916.812500 energy_wtd=0.000000 rec=0.026059 total=0.144982
[TAM-CTL-DIAG step=3600] mse_pos=1.903253 mse_neg=1.339263 mse_rec=0.950577 neg_vs_rec=0.388686 rec_dist=2.0540 anchor_dist=13.4791 dist_rec_pos=13.4129 eps_gap_rel=0.9982 cos_rec=0.7366
[LOSS-DIAG step=3700] mse=0.116066 energy_raw=346772.218750 energy_wtd=0.000000 rec=0.026158 total=0.142225
[TAM-CTL-DIAG step=3700] mse_pos=1.943838 mse_neg=1.279794 mse_rec=0.921144 neg_vs_rec=0.358650 rec_dist=2.3757 anchor_dist=13.1804 dist_rec_pos=13.2347 eps_gap_rel=0.9815 cos_rec=0.4889
[LOSS-DIAG step=3800] mse=0.112271 energy_raw=342029.375000 energy_wtd=0.000000 rec=0.025900 total=0.138171
[TAM-CTL-DIAG step=3800] mse_pos=1.946485 mse_neg=1.265610 mse_rec=0.925305 neg_vs_rec=0.340305 rec_dist=2.2965 anchor_dist=13.0078 dist_rec_pos=13.1694 eps_gap_rel=0.9835 cos_rec=0.4619
[LOSS-DIAG step=3900] mse=0.111169 energy_raw=321293.625000 energy_wtd=0.000000 rec=0.026420 total=0.137589
[TAM-CTL-DIAG step=3900] mse_pos=1.862379 mse_neg=1.298626 mse_rec=0.958870 neg_vs_rec=0.339756 rec_dist=1.8485 anchor_dist=13.3792 dist_rec_pos=13.4813 eps_gap_rel=1.0018 cos_rec=0.6883
[LOSS-DIAG step=4000] mse=0.105579 energy_raw=324158.156250 energy_wtd=0.000000 rec=0.026118 total=0.131697
[TAM-CTL-DIAG step=4000] mse_pos=1.877478 mse_neg=1.154094 mse_rec=0.925194 neg_vs_rec=0.228900 rec_dist=2.0997 anchor_dist=12.5922 dist_rec_pos=13.2047 eps_gap_rel=0.9853 cos_rec=0.2507
Running Evaluation...
Validation Result @ Iteration 4000; Milestone = 4 (Train)
---------  --------
mse_error  0.559594
---------  --------
Validation Result @ Iteration 4000; Milestone = 4 (ID: Validation)
---  -------
mse  0.55707
---  -------
[LOSS-DIAG step=4100] mse=0.100403 energy_raw=320338.937500 energy_wtd=0.000000 rec=0.025818 total=0.126220
[TAM-CTL-DIAG step=4100] mse_pos=1.882706 mse_neg=1.157367 mse_rec=0.930160 neg_vs_rec=0.227207 rec_dist=2.1493 anchor_dist=12.4274 dist_rec_pos=13.0689 eps_gap_rel=0.9880 cos_rec=0.2577
[LOSS-DIAG step=4200] mse=0.099255 energy_raw=330138.875000 energy_wtd=0.000000 rec=0.025666 total=0.124921
[TAM-CTL-DIAG step=4200] mse_pos=1.903736 mse_neg=1.206973 mse_rec=0.924348 neg_vs_rec=0.282625 rec_dist=2.3210 anchor_dist=12.7352 dist_rec_pos=13.1621 eps_gap_rel=0.9888 cos_rec=0.3237
[LOSS-DIAG step=4300] mse=0.094325 energy_raw=342367.687500 energy_wtd=0.000000 rec=0.025181 total=0.119506
[TAM-CTL-DIAG step=4300] mse_pos=1.927171 mse_neg=1.255136 mse_rec=0.923148 neg_vs_rec=0.331988 rec_dist=2.4233 anchor_dist=13.1146 dist_rec_pos=13.3564 eps_gap_rel=0.9878 cos_rec=0.3853
[LOSS-DIAG step=4400] mse=0.094800 energy_raw=335673.750000 energy_wtd=0.000000 rec=0.025261 total=0.120060
[TAM-CTL-DIAG step=4400] mse_pos=1.918913 mse_neg=1.248086 mse_rec=0.923733 neg_vs_rec=0.324353 rec_dist=2.3656 anchor_dist=12.9288 dist_rec_pos=13.2118 eps_gap_rel=0.9901 cos_rec=0.3731
[LOSS-DIAG step=4500] mse=0.094463 energy_raw=318713.968750 energy_wtd=0.000000 rec=0.025392 total=0.119855
[TAM-CTL-DIAG step=4500] mse_pos=1.873456 mse_neg=1.121225 mse_rec=0.937619 neg_vs_rec=0.183605 rec_dist=2.1224 anchor_dist=12.3619 dist_rec_pos=13.2301 eps_gap_rel=0.9936 cos_rec=0.1657
[LOSS-DIAG step=4600] mse=0.092448 energy_raw=318517.187500 energy_wtd=0.000000 rec=0.024842 total=0.117290
[TAM-CTL-DIAG step=4600] mse_pos=1.877377 mse_neg=1.462153 mse_rec=1.035000 neg_vs_rec=0.427152 rec_dist=1.4944 anchor_dist=13.9461 dist_rec_pos=13.9539 eps_gap_rel=1.0484 cos_rec=0.9597
[LOSS-DIAG step=4700] mse=0.091517 energy_raw=321173.156250 energy_wtd=0.000000 rec=0.025391 total=0.116909
[TAM-CTL-DIAG step=4700] mse_pos=1.874604 mse_neg=1.126891 mse_rec=0.942186 neg_vs_rec=0.184705 rec_dist=2.1127 anchor_dist=12.5341 dist_rec_pos=13.3852 eps_gap_rel=0.9958 cos_rec=0.1580
[LOSS-DIAG step=4800] mse=0.087248 energy_raw=330086.437500 energy_wtd=0.000000 rec=0.025140 total=0.112389
[TAM-CTL-DIAG step=4800] mse_pos=1.899506 mse_neg=1.263469 mse_rec=0.954636 neg_vs_rec=0.308832 rec_dist=1.9211 anchor_dist=13.0281 dist_rec_pos=13.3893 eps_gap_rel=1.0011 cos_rec=0.4102
[LOSS-DIAG step=4900] mse=0.089491 energy_raw=335035.250000 energy_wtd=0.000000 rec=0.025279 total=0.114770
[TAM-CTL-DIAG step=4900] mse_pos=1.907862 mse_neg=1.406913 mse_rec=0.941665 neg_vs_rec=0.465248 rec_dist=2.2059 anchor_dist=13.7754 dist_rec_pos=13.4960 eps_gap_rel=1.0045 cos_rec=0.7899
[LOSS-DIAG step=5000] mse=0.087723 energy_raw=351502.562500 energy_wtd=0.000000 rec=0.024404 total=0.112127
[TAM-CTL-DIAG step=5000] mse_pos=1.956778 mse_neg=1.480142 mse_rec=1.033403 neg_vs_rec=0.446739 rec_dist=1.5046 anchor_dist=14.2020 dist_rec_pos=14.1997 eps_gap_rel=1.0461 cos_rec=0.9638
Running Evaluation...
Validation Result @ Iteration 5000; Milestone = 5 (Train)
---------  --------
mse_error  0.285529
---------  --------
Validation Result @ Iteration 5000; Milestone = 5 (ID: Validation)
---  --------
mse  0.286082
---  --------
[LOSS-DIAG step=5100] mse=0.087715 energy_raw=331912.687500 energy_wtd=0.000000 rec=0.025292 total=0.113007
[TAM-CTL-DIAG step=5100] mse_pos=1.899086 mse_neg=1.206668 mse_rec=0.956277 neg_vs_rec=0.250391 rec_dist=2.0519 anchor_dist=12.7885 dist_rec_pos=13.4152 eps_gap_rel=1.0037 cos_rec=0.2522
[LOSS-DIAG step=5200] mse=0.082621 energy_raw=333041.750000 energy_wtd=0.000000 rec=0.024815 total=0.107436
[TAM-CTL-DIAG step=5200] mse_pos=1.913076 mse_neg=1.207788 mse_rec=0.956130 neg_vs_rec=0.251658 rec_dist=1.9557 anchor_dist=12.8423 dist_rec_pos=13.4613 eps_gap_rel=1.0024 cos_rec=0.2647
[LOSS-DIAG step=5300] mse=0.087832 energy_raw=320242.125000 energy_wtd=0.000000 rec=0.025541 total=0.113373
[TAM-CTL-DIAG step=5300] mse_pos=1.866474 mse_neg=1.186469 mse_rec=0.952751 neg_vs_rec=0.233718 rec_dist=1.8328 anchor_dist=12.8368 dist_rec_pos=13.4395 eps_gap_rel=1.0029 cos_rec=0.2814
[LOSS-DIAG step=5400] mse=0.083115 energy_raw=327279.843750 energy_wtd=0.000000 rec=0.024863 total=0.107978
[TAM-CTL-DIAG step=5400] mse_pos=1.888675 mse_neg=1.152292 mse_rec=0.956206 neg_vs_rec=0.196086 rec_dist=1.9763 anchor_dist=12.6917 dist_rec_pos=13.5269 eps_gap_rel=1.0033 cos_rec=0.1752
[LOSS-DIAG step=5500] mse=0.087700 energy_raw=351232.187500 energy_wtd=0.000000 rec=0.025185 total=0.112885
[TAM-CTL-DIAG step=5500] mse_pos=1.974367 mse_neg=1.331023 mse_rec=0.989041 neg_vs_rec=0.341982 rec_dist=1.9478 anchor_dist=13.2605 dist_rec_pos=13.5845 eps_gap_rel=1.0135 cos_rec=0.4017
[LOSS-DIAG step=5600] mse=0.082860 energy_raw=348946.062500 energy_wtd=0.000000 rec=0.024642 total=0.107502
[TAM-CTL-DIAG step=5600] mse_pos=1.962345 mse_neg=1.296174 mse_rec=0.984333 neg_vs_rec=0.311841 rec_dist=1.9157 anchor_dist=13.1331 dist_rec_pos=13.5844 eps_gap_rel=1.0123 cos_rec=0.3672
[LOSS-DIAG step=5700] mse=0.083199 energy_raw=318335.656250 energy_wtd=0.000000 rec=0.024985 total=0.108184
[TAM-CTL-DIAG step=5700] mse_pos=1.871984 mse_neg=1.111870 mse_rec=0.943665 neg_vs_rec=0.168204 rec_dist=1.9557 anchor_dist=12.3704 dist_rec_pos=13.2959 eps_gap_rel=1.0012 cos_rec=0.1416
[LOSS-DIAG step=5800] mse=0.078170 energy_raw=360567.562500 energy_wtd=0.000000 rec=0.024289 total=0.102459
[TAM-CTL-DIAG step=5800] mse_pos=1.979151 mse_neg=1.339861 mse_rec=0.983601 neg_vs_rec=0.356260 rec_dist=1.9829 anchor_dist=13.6044 dist_rec_pos=13.8670 eps_gap_rel=1.0107 cos_rec=0.4105
[LOSS-DIAG step=5900] mse=0.080209 energy_raw=351128.906250 energy_wtd=0.000000 rec=0.024673 total=0.104882
[TAM-CTL-DIAG step=5900] mse_pos=1.968266 mse_neg=1.320133 mse_rec=0.983289 neg_vs_rec=0.336843 rec_dist=2.0050 anchor_dist=13.3279 dist_rec_pos=13.6829 eps_gap_rel=1.0124 cos_rec=0.3788
[LOSS-DIAG step=6000] mse=0.080852 energy_raw=349622.625000 energy_wtd=0.000000 rec=0.024924 total=0.105776
[TAM-CTL-DIAG step=6000] mse_pos=1.962814 mse_neg=1.504952 mse_rec=1.040393 neg_vs_rec=0.464559 rec_dist=1.5030 anchor_dist=14.0770 dist_rec_pos=14.0706 eps_gap_rel=1.0483 cos_rec=0.9645
Running Evaluation...
Validation Result @ Iteration 6000; Milestone = 6 (Train)
---------  ---------
mse_error  0.0970304
---------  ---------
Validation Result @ Iteration 6000; Milestone = 6 (ID: Validation)
---  ---------
mse  0.0948073
---  ---------
[LOSS-DIAG step=6100] mse=0.074136 energy_raw=345010.062500 energy_wtd=0.000000 rec=0.024381 total=0.098517
[TAM-CTL-DIAG step=6100] mse_pos=1.944175 mse_neg=1.269158 mse_rec=0.990393 neg_vs_rec=0.278765 rec_dist=1.9135 anchor_dist=13.1067 dist_rec_pos=13.7164 eps_gap_rel=1.0160 cos_rec=0.2920
[LOSS-DIAG step=6200] mse=0.071895 energy_raw=341748.437500 energy_wtd=0.000000 rec=0.024188 total=0.096083
[TAM-CTL-DIAG step=6200] mse_pos=1.930161 mse_neg=1.231693 mse_rec=0.990960 neg_vs_rec=0.240734 rec_dist=1.9272 anchor_dist=13.0178 dist_rec_pos=13.7676 eps_gap_rel=1.0149 cos_rec=0.2207
[LOSS-DIAG step=6300] mse=0.072911 energy_raw=338828.718750 energy_wtd=0.000000 rec=0.024380 total=0.097291
[TAM-CTL-DIAG step=6300] mse_pos=1.941703 mse_neg=1.514909 mse_rec=1.039930 neg_vs_rec=0.474979 rec_dist=1.5086 anchor_dist=13.9898 dist_rec_pos=13.9832 eps_gap_rel=1.0467 cos_rec=0.9691
[LOSS-DIAG step=6400] mse=0.068813 energy_raw=336961.125000 energy_wtd=0.000000 rec=0.023827 total=0.092640
[TAM-CTL-DIAG step=6400] mse_pos=1.919298 mse_neg=1.187511 mse_rec=0.970448 neg_vs_rec=0.217063 rec_dist=2.0581 anchor_dist=13.0208 dist_rec_pos=13.8345 eps_gap_rel=1.0076 cos_rec=0.1741
[LOSS-DIAG step=6500] mse=0.071046 energy_raw=330561.281250 energy_wtd=0.000000 rec=0.024094 total=0.095140
[TAM-CTL-DIAG step=6500] mse_pos=1.907482 mse_neg=1.154539 mse_rec=0.977640 neg_vs_rec=0.176899 rec_dist=1.9362 anchor_dist=12.6783 dist_rec_pos=13.6596 eps_gap_rel=1.0116 cos_rec=0.1374
[LOSS-DIAG step=6600] mse=0.070720 energy_raw=334746.500000 energy_wtd=0.000000 rec=0.024327 total=0.095047
[TAM-CTL-DIAG step=6600] mse_pos=1.913505 mse_neg=1.216563 mse_rec=0.967109 neg_vs_rec=0.249454 rec_dist=1.9946 anchor_dist=12.9618 dist_rec_pos=13.6382 eps_gap_rel=1.0105 cos_rec=0.2295
[LOSS-DIAG step=6700] mse=0.067626 energy_raw=344843.125000 energy_wtd=0.000000 rec=0.023937 total=0.091563
[TAM-CTL-DIAG step=6700] mse_pos=1.937521 mse_neg=1.259809 mse_rec=0.988631 neg_vs_rec=0.271178 rec_dist=1.9821 anchor_dist=13.1857 dist_rec_pos=13.8371 eps_gap_rel=1.0136 cos_rec=0.2531
[LOSS-DIAG step=6800] mse=0.074815 energy_raw=361715.718750 energy_wtd=0.000000 rec=0.024280 total=0.099094
[TAM-CTL-DIAG step=6800] mse_pos=1.995512 mse_neg=1.376612 mse_rec=0.988701 neg_vs_rec=0.387911 rec_dist=1.9820 anchor_dist=13.5191 dist_rec_pos=13.7642 eps_gap_rel=1.0166 cos_rec=0.4213
[LOSS-DIAG step=6900] mse=0.070130 energy_raw=341259.437500 energy_wtd=0.000000 rec=0.024149 total=0.094279
[TAM-CTL-DIAG step=6900] mse_pos=1.942392 mse_neg=1.268272 mse_rec=0.977721 neg_vs_rec=0.290552 rec_dist=2.0055 anchor_dist=12.9649 dist_rec_pos=13.5664 eps_gap_rel=1.0132 cos_rec=0.2807
[LOSS-DIAG step=7000] mse=0.068184 energy_raw=329566.937500 energy_wtd=0.000000 rec=0.023807 total=0.091991
[TAM-CTL-DIAG step=7000] mse_pos=1.902559 mse_neg=1.130584 mse_rec=0.960314 neg_vs_rec=0.170270 rec_dist=2.0328 anchor_dist=12.6132 dist_rec_pos=13.6197 eps_gap_rel=1.0081 cos_rec=0.1126
Running Evaluation...
Validation Result @ Iteration 7000; Milestone = 7 (Train)
---------  ---------
mse_error  0.0331965
---------  ---------
Validation Result @ Iteration 7000; Milestone = 7 (ID: Validation)
---  ---------
mse  0.0324435
---  ---------
[LOSS-DIAG step=7100] mse=0.073985 energy_raw=323459.875000 energy_wtd=0.000000 rec=0.024471 total=0.098455
[TAM-CTL-DIAG step=7100] mse_pos=1.877966 mse_neg=1.114875 mse_rec=0.953260 neg_vs_rec=0.161615 rec_dist=2.0378 anchor_dist=12.6430 dist_rec_pos=13.6267 eps_gap_rel=1.0081 cos_rec=0.1122
[LOSS-DIAG step=7200] mse=0.069287 energy_raw=351225.875000 energy_wtd=0.000000 rec=0.024017 total=0.093303
[TAM-CTL-DIAG step=7200] mse_pos=1.953804 mse_neg=1.546895 mse_rec=0.951243 neg_vs_rec=0.595652 rec_dist=2.3330 anchor_dist=14.2168 dist_rec_pos=13.6540 eps_gap_rel=1.0115 cos_rec=0.8390
[LOSS-DIAG step=7300] mse=0.067530 energy_raw=349736.062500 energy_wtd=0.000000 rec=0.023717 total=0.091247
[TAM-CTL-DIAG step=7300] mse_pos=1.966801 mse_neg=1.315904 mse_rec=0.974169 neg_vs_rec=0.341736 rec_dist=2.0915 anchor_dist=13.2596 dist_rec_pos=13.6913 eps_gap_rel=1.0119 cos_rec=0.3249
[LOSS-DIAG step=7400] mse=0.070310 energy_raw=360302.250000 energy_wtd=0.000000 rec=0.024126 total=0.094436
[TAM-CTL-DIAG step=7400] mse_pos=1.980647 mse_neg=1.484134 mse_rec=0.968771 neg_vs_rec=0.515363 rec_dist=2.1036 anchor_dist=14.0448 dist_rec_pos=13.7894 eps_gap_rel=1.0117 cos_rec=0.6166
[LOSS-DIAG step=7500] mse=0.067971 energy_raw=351738.156250 energy_wtd=0.000000 rec=0.024053 total=0.092024
[TAM-CTL-DIAG step=7500] mse_pos=1.954130 mse_neg=1.536452 mse_rec=0.955652 neg_vs_rec=0.580799 rec_dist=2.3114 anchor_dist=14.2730 dist_rec_pos=13.7555 eps_gap_rel=1.0116 cos_rec=0.8257
[LOSS-DIAG step=7600] mse=0.068036 energy_raw=349541.625000 energy_wtd=0.000000 rec=0.023985 total=0.092021
[TAM-CTL-DIAG step=7600] mse_pos=1.963711 mse_neg=1.292881 mse_rec=0.976823 neg_vs_rec=0.316059 rec_dist=2.0198 anchor_dist=13.1175 dist_rec_pos=13.6437 eps_gap_rel=1.0141 cos_rec=0.2963
[LOSS-DIAG step=7700] mse=0.064690 energy_raw=349607.937500 energy_wtd=0.000000 rec=0.023644 total=0.088334
[TAM-CTL-DIAG step=7700] mse_pos=1.957322 mse_neg=1.278979 mse_rec=0.978348 neg_vs_rec=0.300631 rec_dist=1.9718 anchor_dist=13.0880 dist_rec_pos=13.6850 eps_gap_rel=1.0130 cos_rec=0.2924
[LOSS-DIAG step=7800] mse=0.068918 energy_raw=334649.375000 energy_wtd=0.000000 rec=0.024413 total=0.093330
[TAM-CTL-DIAG step=7800] mse_pos=1.913599 mse_neg=1.203056 mse_rec=0.965594 neg_vs_rec=0.237462 rec_dist=2.0651 anchor_dist=12.8265 dist_rec_pos=13.5855 eps_gap_rel=1.0139 cos_rec=0.2004
[LOSS-DIAG step=7900] mse=0.065031 energy_raw=341270.562500 energy_wtd=0.000000 rec=0.023994 total=0.089024
[TAM-CTL-DIAG step=7900] mse_pos=1.923089 mse_neg=1.207389 mse_rec=0.964380 neg_vs_rec=0.243009 rec_dist=2.0156 anchor_dist=12.9710 dist_rec_pos=13.7304 eps_gap_rel=1.0119 cos_rec=0.2093
[LOSS-DIAG step=8000] mse=0.066972 energy_raw=327635.156250 energy_wtd=0.000000 rec=0.023991 total=0.090963
[TAM-CTL-DIAG step=8000] mse_pos=1.904063 mse_neg=1.135238 mse_rec=0.959476 neg_vs_rec=0.175762 rec_dist=2.0132 anchor_dist=12.6149 dist_rec_pos=13.5896 eps_gap_rel=1.0090 cos_rec=0.1265
Running Evaluation...
Validation Result @ Iteration 8000; Milestone = 8 (Train)
---------  ---------
mse_error  0.0155936
---------  ---------
Validation Result @ Iteration 8000; Milestone = 8 (ID: Validation)
---  ---------
mse  0.0153716
---  ---------
[LOSS-DIAG step=8100] mse=0.063834 energy_raw=340465.968750 energy_wtd=0.000000 rec=0.023815 total=0.087649
[TAM-CTL-DIAG step=8100] mse_pos=1.930017 mse_neg=1.218864 mse_rec=0.970311 neg_vs_rec=0.248553 rec_dist=2.0123 anchor_dist=12.8902 dist_rec_pos=13.6644 eps_gap_rel=1.0138 cos_rec=0.2195
[LOSS-DIAG step=8200] mse=0.067518 energy_raw=344506.062500 energy_wtd=0.000000 rec=0.024380 total=0.091897
[TAM-CTL-DIAG step=8200] mse_pos=1.962332 mse_neg=1.552248 mse_rec=1.043572 neg_vs_rec=0.508676 rec_dist=1.5156 anchor_dist=13.8594 dist_rec_pos=13.8446 eps_gap_rel=1.0490 cos_rec=0.9723
[LOSS-DIAG step=8300] mse=0.065184 energy_raw=325914.500000 energy_wtd=0.000000 rec=0.024050 total=0.089234
[TAM-CTL-DIAG step=8300] mse_pos=1.909442 mse_neg=1.187929 mse_rec=0.967882 neg_vs_rec=0.220047 rec_dist=1.9438 anchor_dist=12.5436 dist_rec_pos=13.4052 eps_gap_rel=1.0140 cos_rec=0.1920
[LOSS-DIAG step=8400] mse=0.063855 energy_raw=335004.187500 energy_wtd=0.000000 rec=0.023843 total=0.087698
[TAM-CTL-DIAG step=8400] mse_pos=1.915546 mse_neg=1.191684 mse_rec=0.972026 neg_vs_rec=0.219657 rec_dist=2.0305 anchor_dist=12.8356 dist_rec_pos=13.7158 eps_gap_rel=1.0139 cos_rec=0.1633
[LOSS-DIAG step=8500] mse=0.062423 energy_raw=352770.625000 energy_wtd=0.000000 rec=0.023871 total=0.086295
[TAM-CTL-DIAG step=8500] mse_pos=1.952060 mse_neg=1.265842 mse_rec=0.975910 neg_vs_rec=0.289932 rec_dist=1.9799 anchor_dist=13.1421 dist_rec_pos=13.8058 eps_gap_rel=1.0142 cos_rec=0.2387
[LOSS-DIAG step=8600] mse=0.061944 energy_raw=347469.343750 energy_wtd=0.000000 rec=0.023608 total=0.085552
[TAM-CTL-DIAG step=8600] mse_pos=1.944467 mse_neg=1.258591 mse_rec=0.971490 neg_vs_rec=0.287101 rec_dist=2.0251 anchor_dist=12.9963 dist_rec_pos=13.6908 eps_gap_rel=1.0138 cos_rec=0.2334
[LOSS-DIAG step=8700] mse=0.060463 energy_raw=340213.375000 energy_wtd=0.000000 rec=0.023394 total=0.083857
[TAM-CTL-DIAG step=8700] mse_pos=1.932595 mse_neg=1.204331 mse_rec=0.979343 neg_vs_rec=0.224987 rec_dist=1.9290 anchor_dist=12.7886 dist_rec_pos=13.7022 eps_gap_rel=1.0157 cos_rec=0.1787
[LOSS-DIAG step=8800] mse=0.064743 energy_raw=331283.750000 energy_wtd=0.000000 rec=0.023918 total=0.088660
[TAM-CTL-DIAG step=8800] mse_pos=1.907566 mse_neg=1.164941 mse_rec=0.961692 neg_vs_rec=0.203249 rec_dist=2.0461 anchor_dist=12.6833 dist_rec_pos=13.6159 eps_gap_rel=1.0134 cos_rec=0.1524
[LOSS-DIAG step=8900] mse=0.062890 energy_raw=347195.187500 energy_wtd=0.000000 rec=0.023607 total=0.086497
[TAM-CTL-DIAG step=8900] mse_pos=1.957907 mse_neg=1.604085 mse_rec=0.956208 neg_vs_rec=0.647877 rec_dist=2.3079 anchor_dist=14.1148 dist_rec_pos=13.5121 eps_gap_rel=1.0123 cos_rec=0.8353
[LOSS-DIAG step=9000] mse=0.064585 energy_raw=331411.187500 energy_wtd=0.000000 rec=0.023800 total=0.088385
[TAM-CTL-DIAG step=9000] mse_pos=1.913505 mse_neg=1.155148 mse_rec=0.970227 neg_vs_rec=0.184921 rec_dist=1.9967 anchor_dist=12.5939 dist_rec_pos=13.6215 eps_gap_rel=1.0150 cos_rec=0.1279
Running Evaluation...
Validation Result @ Iteration 9000; Milestone = 9 (Train)
---------  ---------
mse_error  0.0112231
---------  ---------
Validation Result @ Iteration 9000; Milestone = 9 (ID: Validation)
---  ---------
mse  0.0111796
---  ---------
[LOSS-DIAG step=9100] mse=0.061599 energy_raw=356001.625000 energy_wtd=0.000000 rec=0.023608 total=0.085207
[TAM-CTL-DIAG step=9100] mse_pos=1.972311 mse_neg=1.317966 mse_rec=0.963588 neg_vs_rec=0.354378 rec_dist=2.0860 anchor_dist=13.2343 dist_rec_pos=13.6967 eps_gap_rel=1.0101 cos_rec=0.3001
[LOSS-DIAG step=9200] mse=0.065900 energy_raw=352251.781250 energy_wtd=0.000000 rec=0.024080 total=0.089980
[TAM-CTL-DIAG step=9200] mse_pos=1.972721 mse_neg=1.344104 mse_rec=0.957393 neg_vs_rec=0.386711 rec_dist=2.1458 anchor_dist=13.1219 dist_rec_pos=13.4671 eps_gap_rel=1.0118 cos_rec=0.3249
[LOSS-DIAG step=9300] mse=0.062226 energy_raw=355031.750000 energy_wtd=0.000000 rec=0.023744 total=0.085969
[TAM-CTL-DIAG step=9300] mse_pos=1.969711 mse_neg=1.311812 mse_rec=0.963869 neg_vs_rec=0.347942 rec_dist=2.1171 anchor_dist=13.2023 dist_rec_pos=13.6954 eps_gap_rel=1.0120 cos_rec=0.2811
[LOSS-DIAG step=9400] mse=0.059508 energy_raw=335190.750000 energy_wtd=0.000000 rec=0.023195 total=0.082703
[TAM-CTL-DIAG step=9400] mse_pos=1.916418 mse_neg=1.150941 mse_rec=0.965138 neg_vs_rec=0.185803 rec_dist=2.0064 anchor_dist=12.6766 dist_rec_pos=13.7074 eps_gap_rel=1.0125 cos_rec=0.1072
[LOSS-DIAG step=9500] mse=0.063984 energy_raw=351400.125000 energy_wtd=0.000000 rec=0.024416 total=0.088399
[TAM-CTL-DIAG step=9500] mse_pos=1.968487 mse_neg=1.447909 mse_rec=0.949439 neg_vs_rec=0.498470 rec_dist=2.0033 anchor_dist=13.5211 dist_rec_pos=13.4339 eps_gap_rel=1.0105 cos_rec=0.5503
[LOSS-DIAG step=9600] mse=0.064552 energy_raw=357372.406250 energy_wtd=0.000000 rec=0.023762 total=0.088314
[TAM-CTL-DIAG step=9600] mse_pos=1.995107 mse_neg=1.399489 mse_rec=0.943923 neg_vs_rec=0.455566 rec_dist=2.1535 anchor_dist=13.3853 dist_rec_pos=13.4803 eps_gap_rel=1.0076 cos_rec=0.4159
[LOSS-DIAG step=9700] mse=0.061570 energy_raw=355200.968750 energy_wtd=0.000000 rec=0.023504 total=0.085074
[TAM-CTL-DIAG step=9700] mse_pos=1.978005 mse_neg=1.330839 mse_rec=0.960697 neg_vs_rec=0.370142 rec_dist=2.1242 anchor_dist=13.1836 dist_rec_pos=13.6017 eps_gap_rel=1.0098 cos_rec=0.3178
[LOSS-DIAG step=9800] mse=0.057252 energy_raw=351436.812500 energy_wtd=0.000000 rec=0.023972 total=0.081224
[TAM-CTL-DIAG step=9800] mse_pos=1.949618 mse_neg=1.368923 mse_rec=0.949820 neg_vs_rec=0.419103 rec_dist=1.9591 anchor_dist=13.5851 dist_rec_pos=13.7487 eps_gap_rel=1.0072 cos_rec=0.4185
[LOSS-DIAG step=9900] mse=0.060235 energy_raw=334357.062500 energy_wtd=0.000000 rec=0.023345 total=0.083580
[TAM-CTL-DIAG step=9900] mse_pos=1.916313 mse_neg=1.156074 mse_rec=0.960766 neg_vs_rec=0.195307 rec_dist=2.0808 anchor_dist=12.7034 dist_rec_pos=13.6922 eps_gap_rel=1.0125 cos_rec=0.1174
[LOSS-DIAG step=10000] mse=0.064872 energy_raw=352448.750000 energy_wtd=0.000000 rec=0.023938 total=0.088810
[TAM-CTL-DIAG step=10000] mse_pos=1.979577 mse_neg=1.351689 mse_rec=0.953392 neg_vs_rec=0.398296 rec_dist=2.1357 anchor_dist=13.0496 dist_rec_pos=13.3768 eps_gap_rel=1.0117 cos_rec=0.3508
Running Evaluation...
Validation Result @ Iteration 10000; Milestone = 10 (Train)
---------  ---------
mse_error  0.0102121
---------  ---------
Validation Result @ Iteration 10000; Milestone = 10 (ID: Validation)
---  ---------
mse  0.0102409
---  ---------
training complete
Training completed!
Saving final model checkpoint to: projects/ired/results/ds_inverse/q232_rank_2x/final_model.pt
Final model checkpoint saved successfully (0 EBM parameters)
Results saved to: projects/ired/results/ds_inverse/q232_rank_2x/results.json
Experiment completed at Thu Feb 26 15:02:10 EST 2026
sending incremental file list
ds_inverse/q232_rank_2x/
ds_inverse/q232_rank_2x/experiment_config.json
ds_inverse/q232_rank_2x/final_model.pt
ds_inverse/q232_rank_2x/model-1.pt
ds_inverse/q232_rank_2x/model-10.pt
ds_inverse/q232_rank_2x/model-2.pt
ds_inverse/q232_rank_2x/model-3.pt
ds_inverse/q232_rank_2x/model-4.pt
ds_inverse/q232_rank_2x/model-5.pt
ds_inverse/q232_rank_2x/model-6.pt
ds_inverse/q232_rank_2x/model-7.pt
ds_inverse/q232_rank_2x/model-8.pt
ds_inverse/q232_rank_2x/model-9.pt
ds_inverse/q232_rank_2x/results.json
test_run/experiment_config.json

sent 214,189,259 bytes  received 289 bytes  47,597,677.33 bytes/sec
total size is 214,138,561  speedup is 1.00
Results copied
