Job started at Tue Feb 17 22:29:03 EST 2026
Running on host: holygpu8a22102.rc.fas.harvard.edu
Job ID: 60873281
Git URL: https://github.com/mdkrasnow/research-repo.git
Git SHA: 2108323040df717bef9fb3274044f587d3e956b7
Work directory: /tmp/ired-job-60873281
GPU info:
Tue Feb 17 22:29:03 2026       
+-----------------------------------------------------------------------------------------+
| NVIDIA-SMI 575.57.08              Driver Version: 575.57.08      CUDA Version: 12.9     |
|-----------------------------------------+------------------------+----------------------+
| GPU  Name                 Persistence-M | Bus-Id          Disp.A | Volatile Uncorr. ECC |
| Fan  Temp   Perf          Pwr:Usage/Cap |           Memory-Usage | GPU-Util  Compute M. |
|                                         |                        |               MIG M. |
|=========================================+========================+======================|
|   0  NVIDIA A100-SXM4-80GB          On  |   00000000:31:00.0 Off |                    0 |
| N/A   28C    P0             62W /  500W |       0MiB /  81920MiB |      0%      Default |
|                                         |                        |             Disabled |
+-----------------------------------------+------------------------+----------------------+
                                                                                         
+-----------------------------------------------------------------------------------------+
| Processes:                                                                              |
|  GPU   GI   CI              PID   Type   Process name                        GPU Memory |
|        ID   ID                                                               Usage      |
|=========================================================================================|
|  No running processes found                                                             |
+-----------------------------------------------------------------------------------------+
Cloning repository...
Repository cloned and checked out to: 2108323
Repository info:
2108323 Fix IRED-CD-005: Correct shape mismatch in CD loss combination
Starting IRED-CD Stage 1 (CD loss + Langevin sampling)...
Loading configuration from: projects/ired/configs/q202_cd_langevin.json
Configuration saved to: results/ds_inverse/q202_cd_langevin/experiment_config.json
Setting random seed: 3
Starting experiment with mining strategy: cd_langevin
Configuration: {
  "experiment_name": "q202_cd_langevin",
  "description": "IRED-CD Investigation - Stage 1: CD loss + Langevin sampling",
  "investigation": "ired-cd",
  "ablation_stage": "cd_langevin",
  "mining_strategy": "cd_langevin",
  "rank": 20,
  "ood": false,
  "diffusion_steps": 10,
  "batch_size": 2048,
  "train_steps": 100000,
  "learning_rate": 0.0001,
  "mining_opt_steps": 10,
  "mining_noise_scale": 1.5,
  "langevin_sigma_multiplier": 1.0,
  "use_langevin": true,
  "use_replay_buffer": false,
  "use_cd_loss": true,
  "use_residual_filter": false,
  "use_energy_schedule": false,
  "energy_loss_weight": 0.05,
  "output_dir": "results/ds_inverse/q202_cd_langevin",
  "notes": "Ablation 1: Corrected CD loss (detach x_neg, NOT energy_neg). Langevin noise sigma=sqrt(2*eta). k=10 steps. No replay buffer yet.",
  "seed": 3
}
Dataset: Inverse matrices (20x20)
Input dimension: 400, Output dimension: 400
Trainer initialized. Output directory: results/ds_inverse/q202_cd_langevin
Training for 100000 steps...
Running Evaluation...
Validation Result @ Iteration 1000; Milestone = 1 (Train)
---------  -------
mse_error  3.97957
---------  -------
Validation Result @ Iteration 1000; Milestone = 1 (ID: Validation)
---  -------
mse  3.98081
---  -------
Running Evaluation...
Validation Result @ Iteration 2000; Milestone = 2 (Train)
---------  -------
mse_error  3.98023
---------  -------
Validation Result @ Iteration 2000; Milestone = 2 (ID: Validation)
---  ------
mse  3.9806
---  ------
Running Evaluation...
Validation Result @ Iteration 3000; Milestone = 3 (Train)
---------  -------
mse_error  3.97993
---------  -------
Validation Result @ Iteration 3000; Milestone = 3 (ID: Validation)
---  -------
mse  3.98099
---  -------
Running Evaluation...
Validation Result @ Iteration 4000; Milestone = 4 (Train)
---------  -------
mse_error  3.98109
---------  -------
Validation Result @ Iteration 4000; Milestone = 4 (ID: Validation)
---  -------
mse  3.97993
---  -------
Running Evaluation...
Validation Result @ Iteration 5000; Milestone = 5 (Train)
---------  -------
mse_error  3.98067
---------  -------
Validation Result @ Iteration 5000; Milestone = 5 (ID: Validation)
---  -------
mse  3.98123
---  -------
Running Evaluation...
Validation Result @ Iteration 6000; Milestone = 6 (Train)
---------  -------
mse_error  3.97999
---------  -------
Validation Result @ Iteration 6000; Milestone = 6 (ID: Validation)
---  -------
mse  3.98065
---  -------
Running Evaluation...
Validation Result @ Iteration 7000; Milestone = 7 (Train)
---------  -------
mse_error  3.98068
---------  -------
Validation Result @ Iteration 7000; Milestone = 7 (ID: Validation)
---  -------
mse  3.98058
---  -------
Running Evaluation...
Validation Result @ Iteration 8000; Milestone = 8 (Train)
---------  -------
mse_error  3.98119
---------  -------
Validation Result @ Iteration 8000; Milestone = 8 (ID: Validation)
---  -------
mse  3.98086
---  -------
Running Evaluation...
Validation Result @ Iteration 9000; Milestone = 9 (Train)
---------  -------
mse_error  3.98071
---------  -------
Validation Result @ Iteration 9000; Milestone = 9 (ID: Validation)
---  -------
mse  3.98033
---  -------
Running Evaluation...
Validation Result @ Iteration 10000; Milestone = 10 (Train)
---------  ------
mse_error  3.9796
---------  ------
Validation Result @ Iteration 10000; Milestone = 10 (ID: Validation)
---  -------
mse  3.98024
---  -------
Running Evaluation...
Validation Result @ Iteration 11000; Milestone = 11 (Train)
---------  -------
mse_error  3.98043
---------  -------
Validation Result @ Iteration 11000; Milestone = 11 (ID: Validation)
---  -------
mse  3.98009
---  -------
Running Evaluation...
Validation Result @ Iteration 12000; Milestone = 12 (Train)
---------  -------
mse_error  3.97974
---------  -------
Validation Result @ Iteration 12000; Milestone = 12 (ID: Validation)
---  -------
mse  3.98085
---  -------
Running Evaluation...
Validation Result @ Iteration 13000; Milestone = 13 (Train)
---------  -------
mse_error  3.97997
---------  -------
Validation Result @ Iteration 13000; Milestone = 13 (ID: Validation)
---  -------
mse  3.98087
---  -------
Running Evaluation...
Validation Result @ Iteration 14000; Milestone = 14 (Train)
---------  -------
mse_error  3.98067
---------  -------
Validation Result @ Iteration 14000; Milestone = 14 (ID: Validation)
---  -------
mse  3.98057
---  -------
Running Evaluation...
Validation Result @ Iteration 15000; Milestone = 15 (Train)
---------  -------
mse_error  3.98149
---------  -------
Validation Result @ Iteration 15000; Milestone = 15 (ID: Validation)
---  ------
mse  3.9808
---  ------
Running Evaluation...
Validation Result @ Iteration 16000; Milestone = 16 (Train)
---------  -------
mse_error  3.97989
---------  -------
Validation Result @ Iteration 16000; Milestone = 16 (ID: Validation)
---  -------
mse  3.98078
---  -------
Running Evaluation...
Validation Result @ Iteration 17000; Milestone = 17 (Train)
---------  -------
mse_error  3.98174
---------  -------
Validation Result @ Iteration 17000; Milestone = 17 (ID: Validation)
---  -------
mse  3.98042
---  -------
Running Evaluation...
Validation Result @ Iteration 18000; Milestone = 18 (Train)
---------  -------
mse_error  3.98091
---------  -------
Validation Result @ Iteration 18000; Milestone = 18 (ID: Validation)
---  -------
mse  3.98071
---  -------
Running Evaluation...
Validation Result @ Iteration 19000; Milestone = 19 (Train)
---------  -------
mse_error  3.98082
---------  -------
Validation Result @ Iteration 19000; Milestone = 19 (ID: Validation)
---  -------
mse  3.98037
---  -------
Running Evaluation...
Validation Result @ Iteration 20000; Milestone = 20 (Train)
---------  -------
mse_error  3.98077
---------  -------
Validation Result @ Iteration 20000; Milestone = 20 (ID: Validation)
---  -------
mse  3.97987
---  -------
Running Evaluation...
Validation Result @ Iteration 21000; Milestone = 21 (Train)
---------  -------
mse_error  3.97987
---------  -------
Validation Result @ Iteration 21000; Milestone = 21 (ID: Validation)
---  -------
mse  3.98067
---  -------
Running Evaluation...
Validation Result @ Iteration 22000; Milestone = 22 (Train)
---------  -------
mse_error  3.98051
---------  -------
Validation Result @ Iteration 22000; Milestone = 22 (ID: Validation)
---  -------
mse  3.98107
---  -------
Running Evaluation...
Validation Result @ Iteration 23000; Milestone = 23 (Train)
---------  -------
mse_error  3.98042
---------  -------
Validation Result @ Iteration 23000; Milestone = 23 (ID: Validation)
---  -------
mse  3.98007
---  -------
Running Evaluation...
Validation Result @ Iteration 24000; Milestone = 24 (Train)
---------  -------
mse_error  3.98073
---------  -------
Validation Result @ Iteration 24000; Milestone = 24 (ID: Validation)
---  -------
mse  3.98061
---  -------
Running Evaluation...
Validation Result @ Iteration 25000; Milestone = 25 (Train)
---------  -------
mse_error  3.98041
---------  -------
Validation Result @ Iteration 25000; Milestone = 25 (ID: Validation)
---  -------
mse  3.98066
---  -------
Running Evaluation...
Validation Result @ Iteration 26000; Milestone = 26 (Train)
---------  -------
mse_error  3.98126
---------  -------
Validation Result @ Iteration 26000; Milestone = 26 (ID: Validation)
---  -------
mse  3.98011
---  -------
Running Evaluation...
Validation Result @ Iteration 27000; Milestone = 27 (Train)
---------  -------
mse_error  3.98111
---------  -------
Validation Result @ Iteration 27000; Milestone = 27 (ID: Validation)
---  -------
mse  3.98067
---  -------
Running Evaluation...
Validation Result @ Iteration 28000; Milestone = 28 (Train)
---------  -------
mse_error  3.98076
---------  -------
Validation Result @ Iteration 28000; Milestone = 28 (ID: Validation)
---  -------
mse  3.98112
---  -------
Running Evaluation...
Validation Result @ Iteration 29000; Milestone = 29 (Train)
---------  -------
mse_error  3.98129
---------  -------
Validation Result @ Iteration 29000; Milestone = 29 (ID: Validation)
---  -------
mse  3.98015
---  -------
Running Evaluation...
Validation Result @ Iteration 30000; Milestone = 30 (Train)
---------  -------
mse_error  3.98025
---------  -------
Validation Result @ Iteration 30000; Milestone = 30 (ID: Validation)
---  -------
mse  3.98057
---  -------
Running Evaluation...
Validation Result @ Iteration 31000; Milestone = 31 (Train)
---------  -------
mse_error  3.98041
---------  -------
Validation Result @ Iteration 31000; Milestone = 31 (ID: Validation)
---  -------
mse  3.98073
---  -------
Running Evaluation...
Validation Result @ Iteration 32000; Milestone = 32 (Train)
---------  -------
mse_error  3.98078
---------  -------
Validation Result @ Iteration 32000; Milestone = 32 (ID: Validation)
---  -------
mse  3.98062
---  -------
Running Evaluation...
Validation Result @ Iteration 33000; Milestone = 33 (Train)
---------  -------
mse_error  3.98067
---------  -------
Validation Result @ Iteration 33000; Milestone = 33 (ID: Validation)
---  -------
mse  3.98042
---  -------
Running Evaluation...
Validation Result @ Iteration 34000; Milestone = 34 (Train)
---------  -------
mse_error  3.98114
---------  -------
Validation Result @ Iteration 34000; Milestone = 34 (ID: Validation)
---  -------
mse  3.98045
---  -------
Running Evaluation...
Validation Result @ Iteration 35000; Milestone = 35 (Train)
---------  -------
mse_error  3.98087
---------  -------
Validation Result @ Iteration 35000; Milestone = 35 (ID: Validation)
---  ------
mse  3.9809
---  ------
Running Evaluation...
Validation Result @ Iteration 36000; Milestone = 36 (Train)
---------  -------
mse_error  3.98071
---------  -------
Validation Result @ Iteration 36000; Milestone = 36 (ID: Validation)
---  -------
mse  3.98117
---  -------
Running Evaluation...
Validation Result @ Iteration 37000; Milestone = 37 (Train)
---------  ------
mse_error  3.9807
---------  ------
Validation Result @ Iteration 37000; Milestone = 37 (ID: Validation)
---  -------
mse  3.98062
---  -------
Running Evaluation...
Validation Result @ Iteration 38000; Milestone = 38 (Train)
---------  -------
mse_error  3.98047
---------  -------
Validation Result @ Iteration 38000; Milestone = 38 (ID: Validation)
---  -------
mse  3.98053
---  -------
Running Evaluation...
Validation Result @ Iteration 39000; Milestone = 39 (Train)
---------  -------
mse_error  3.98047
---------  -------
Validation Result @ Iteration 39000; Milestone = 39 (ID: Validation)
---  -------
mse  3.98041
---  -------
Running Evaluation...
Validation Result @ Iteration 40000; Milestone = 40 (Train)
---------  -------
mse_error  3.98073
---------  -------
Validation Result @ Iteration 40000; Milestone = 40 (ID: Validation)
---  -----
mse  3.981
---  -----
Running Evaluation...
Validation Result @ Iteration 41000; Milestone = 41 (Train)
---------  -------
mse_error  3.98018
---------  -------
Validation Result @ Iteration 41000; Milestone = 41 (ID: Validation)
---  -------
mse  3.98085
---  -------
Running Evaluation...
Validation Result @ Iteration 42000; Milestone = 42 (Train)
---------  -------
mse_error  3.98117
---------  -------
Validation Result @ Iteration 42000; Milestone = 42 (ID: Validation)
---  -------
mse  3.98046
---  -------
Running Evaluation...
Validation Result @ Iteration 43000; Milestone = 43 (Train)
---------  -------
mse_error  3.98038
---------  -------
Validation Result @ Iteration 43000; Milestone = 43 (ID: Validation)
---  -------
mse  3.98044
---  -------
Running Evaluation...
Validation Result @ Iteration 44000; Milestone = 44 (Train)
---------  -------
mse_error  3.98043
---------  -------
Validation Result @ Iteration 44000; Milestone = 44 (ID: Validation)
---  -------
mse  3.98124
---  -------
Running Evaluation...
Validation Result @ Iteration 45000; Milestone = 45 (Train)
---------  -------
mse_error  3.98156
---------  -------
Validation Result @ Iteration 45000; Milestone = 45 (ID: Validation)
---  -------
mse  3.98019
---  -------
Running Evaluation...
Validation Result @ Iteration 46000; Milestone = 46 (Train)
---------  -------
mse_error  3.98063
---------  -------
Validation Result @ Iteration 46000; Milestone = 46 (ID: Validation)
---  -------
mse  3.98084
---  -------
Running Evaluation...
Validation Result @ Iteration 47000; Milestone = 47 (Train)
---------  -------
mse_error  3.98099
---------  -------
Validation Result @ Iteration 47000; Milestone = 47 (ID: Validation)
---  -------
mse  3.98034
---  -------
Running Evaluation...
Validation Result @ Iteration 48000; Milestone = 48 (Train)
---------  -------
mse_error  3.98039
---------  -------
Validation Result @ Iteration 48000; Milestone = 48 (ID: Validation)
---  -------
mse  3.98063
---  -------
Running Evaluation...
Validation Result @ Iteration 49000; Milestone = 49 (Train)
---------  -------
mse_error  3.98081
---------  -------
Validation Result @ Iteration 49000; Milestone = 49 (ID: Validation)
---  -------
mse  3.98061
---  -------
Running Evaluation...
Validation Result @ Iteration 50000; Milestone = 50 (Train)
---------  -------
mse_error  3.98027
---------  -------
Validation Result @ Iteration 50000; Milestone = 50 (ID: Validation)
---  -------
mse  3.98134
---  -------
Running Evaluation...
Validation Result @ Iteration 51000; Milestone = 51 (Train)
---------  -------
mse_error  3.98105
---------  -------
Validation Result @ Iteration 51000; Milestone = 51 (ID: Validation)
---  -------
mse  3.98034
---  -------
Running Evaluation...
Validation Result @ Iteration 52000; Milestone = 52 (Train)
---------  -------
mse_error  3.98051
---------  -------
Validation Result @ Iteration 52000; Milestone = 52 (ID: Validation)
---  ------
mse  3.9808
---  ------
Running Evaluation...
Validation Result @ Iteration 53000; Milestone = 53 (Train)
---------  -------
mse_error  3.98137
---------  -------
Validation Result @ Iteration 53000; Milestone = 53 (ID: Validation)
---  -------
mse  3.98097
---  -------
Running Evaluation...
Validation Result @ Iteration 54000; Milestone = 54 (Train)
---------  -------
mse_error  3.97995
---------  -------
Validation Result @ Iteration 54000; Milestone = 54 (ID: Validation)
---  -------
mse  3.98077
---  -------
Running Evaluation...
Validation Result @ Iteration 55000; Milestone = 55 (Train)
---------  -------
mse_error  3.98116
---------  -------
Validation Result @ Iteration 55000; Milestone = 55 (ID: Validation)
---  -------
mse  3.98092
---  -------
Running Evaluation...
Validation Result @ Iteration 56000; Milestone = 56 (Train)
---------  -------
mse_error  3.97877
---------  -------
Validation Result @ Iteration 56000; Milestone = 56 (ID: Validation)
---  -------
mse  3.98033
---  -------
Running Evaluation...
Validation Result @ Iteration 57000; Milestone = 57 (Train)
---------  -------
mse_error  3.98062
---------  -------
Validation Result @ Iteration 57000; Milestone = 57 (ID: Validation)
---  -------
mse  3.98084
---  -------
Running Evaluation...
Validation Result @ Iteration 58000; Milestone = 58 (Train)
---------  -------
mse_error  3.98036
---------  -------
Validation Result @ Iteration 58000; Milestone = 58 (ID: Validation)
---  -------
mse  3.98014
---  -------
Running Evaluation...
Validation Result @ Iteration 59000; Milestone = 59 (Train)
---------  -------
mse_error  3.98041
---------  -------
Validation Result @ Iteration 59000; Milestone = 59 (ID: Validation)
---  -------
mse  3.98049
---  -------
Running Evaluation...
Validation Result @ Iteration 60000; Milestone = 60 (Train)
---------  -------
mse_error  3.98009
---------  -------
Validation Result @ Iteration 60000; Milestone = 60 (ID: Validation)
---  -------
mse  3.98131
---  -------
Running Evaluation...
Validation Result @ Iteration 61000; Milestone = 61 (Train)
---------  -------
mse_error  3.98065
---------  -------
Validation Result @ Iteration 61000; Milestone = 61 (ID: Validation)
---  -------
mse  3.98135
---  -------
Running Evaluation...
Validation Result @ Iteration 62000; Milestone = 62 (Train)
---------  ------
mse_error  3.9798
---------  ------
Validation Result @ Iteration 62000; Milestone = 62 (ID: Validation)
---  -------
mse  3.98032
---  -------
Running Evaluation...
Validation Result @ Iteration 63000; Milestone = 63 (Train)
---------  -------
mse_error  3.98036
---------  -------
Validation Result @ Iteration 63000; Milestone = 63 (ID: Validation)
---  -------
mse  3.98066
---  -------
Running Evaluation...
Validation Result @ Iteration 64000; Milestone = 64 (Train)
---------  -------
mse_error  3.97927
---------  -------
Validation Result @ Iteration 64000; Milestone = 64 (ID: Validation)
---  ------
mse  3.9809
---  ------
Running Evaluation...
Validation Result @ Iteration 65000; Milestone = 65 (Train)
---------  -------
mse_error  3.98001
---------  -------
Validation Result @ Iteration 65000; Milestone = 65 (ID: Validation)
---  -------
mse  3.98038
---  -------
Running Evaluation...
Validation Result @ Iteration 66000; Milestone = 66 (Train)
---------  -------
mse_error  3.98056
---------  -------
Validation Result @ Iteration 66000; Milestone = 66 (ID: Validation)
---  -------
mse  3.98047
---  -------
Running Evaluation...
Validation Result @ Iteration 67000; Milestone = 67 (Train)
---------  -------
mse_error  3.98034
---------  -------
Validation Result @ Iteration 67000; Milestone = 67 (ID: Validation)
---  -----
mse  3.981
---  -----
Running Evaluation...
Validation Result @ Iteration 68000; Milestone = 68 (Train)
---------  -------
mse_error  3.97983
---------  -------
Validation Result @ Iteration 68000; Milestone = 68 (ID: Validation)
---  -------
mse  3.98038
---  -------
Running Evaluation...
Validation Result @ Iteration 69000; Milestone = 69 (Train)
---------  -------
mse_error  3.98002
---------  -------
Validation Result @ Iteration 69000; Milestone = 69 (ID: Validation)
---  ------
mse  3.9804
---  ------
Running Evaluation...
Validation Result @ Iteration 70000; Milestone = 70 (Train)
---------  -------
mse_error  3.98056
---------  -------
Validation Result @ Iteration 70000; Milestone = 70 (ID: Validation)
---  -------
mse  3.98073
---  -------
Running Evaluation...
Validation Result @ Iteration 71000; Milestone = 71 (Train)
---------  -------
mse_error  3.98095
---------  -------
Validation Result @ Iteration 71000; Milestone = 71 (ID: Validation)
---  -------
mse  3.98077
---  -------
Running Evaluation...
Validation Result @ Iteration 72000; Milestone = 72 (Train)
---------  -------
mse_error  3.98134
---------  -------
Validation Result @ Iteration 72000; Milestone = 72 (ID: Validation)
---  -------
mse  3.98048
---  -------
Running Evaluation...
Validation Result @ Iteration 73000; Milestone = 73 (Train)
---------  -------
mse_error  3.98057
---------  -------
Validation Result @ Iteration 73000; Milestone = 73 (ID: Validation)
---  -------
mse  3.98025
---  -------
Running Evaluation...
Validation Result @ Iteration 74000; Milestone = 74 (Train)
---------  -------
mse_error  3.98057
---------  -------
Validation Result @ Iteration 74000; Milestone = 74 (ID: Validation)
---  -------
mse  3.98086
---  -------
Running Evaluation...
Validation Result @ Iteration 75000; Milestone = 75 (Train)
---------  -------
mse_error  3.97956
---------  -------
Validation Result @ Iteration 75000; Milestone = 75 (ID: Validation)
---  -------
mse  3.98097
---  -------
Running Evaluation...
Validation Result @ Iteration 76000; Milestone = 76 (Train)
---------  -------
mse_error  3.98019
---------  -------
Validation Result @ Iteration 76000; Milestone = 76 (ID: Validation)
---  -------
mse  3.98073
---  -------
Running Evaluation...
Validation Result @ Iteration 77000; Milestone = 77 (Train)
---------  -------
mse_error  3.98101
---------  -------
Validation Result @ Iteration 77000; Milestone = 77 (ID: Validation)
---  -------
mse  3.98078
---  -------
Running Evaluation...
Validation Result @ Iteration 78000; Milestone = 78 (Train)
---------  -------
mse_error  3.98041
---------  -------
Validation Result @ Iteration 78000; Milestone = 78 (ID: Validation)
---  -------
mse  3.98091
---  -------
Running Evaluation...
Validation Result @ Iteration 79000; Milestone = 79 (Train)
---------  -------
mse_error  3.97981
---------  -------
Validation Result @ Iteration 79000; Milestone = 79 (ID: Validation)
---  -------
mse  3.98054
---  -------
Running Evaluation...
Validation Result @ Iteration 80000; Milestone = 80 (Train)
---------  -------
mse_error  3.98162
---------  -------
Validation Result @ Iteration 80000; Milestone = 80 (ID: Validation)
---  ------
mse  3.9806
---  ------
Running Evaluation...
Validation Result @ Iteration 81000; Milestone = 81 (Train)
---------  -------
mse_error  3.98079
---------  -------
Validation Result @ Iteration 81000; Milestone = 81 (ID: Validation)
---  ------
mse  3.9805
---  ------
Running Evaluation...
Validation Result @ Iteration 82000; Milestone = 82 (Train)
---------  ------
mse_error  3.9801
---------  ------
Validation Result @ Iteration 82000; Milestone = 82 (ID: Validation)
---  -------
mse  3.98072
---  -------
Running Evaluation...
Validation Result @ Iteration 83000; Milestone = 83 (Train)
---------  -------
mse_error  3.98046
---------  -------
Validation Result @ Iteration 83000; Milestone = 83 (ID: Validation)
---  -------
mse  3.98076
---  -------
Running Evaluation...
Validation Result @ Iteration 84000; Milestone = 84 (Train)
---------  ------
mse_error  3.9805
---------  ------
Validation Result @ Iteration 84000; Milestone = 84 (ID: Validation)
---  ------
mse  3.9805
---  ------
Running Evaluation...
Validation Result @ Iteration 85000; Milestone = 85 (Train)
---------  -------
mse_error  3.98033
---------  -------
Validation Result @ Iteration 85000; Milestone = 85 (ID: Validation)
---  ------
mse  3.9815
---  ------
Running Evaluation...
Validation Result @ Iteration 86000; Milestone = 86 (Train)
---------  ------
mse_error  3.9804
---------  ------
Validation Result @ Iteration 86000; Milestone = 86 (ID: Validation)
---  -------
mse  3.98038
---  -------
Running Evaluation...
Validation Result @ Iteration 87000; Milestone = 87 (Train)
---------  ------
mse_error  3.9803
---------  ------
Validation Result @ Iteration 87000; Milestone = 87 (ID: Validation)
---  -------
mse  3.98102
---  -------
Running Evaluation...
Validation Result @ Iteration 88000; Milestone = 88 (Train)
---------  -------
mse_error  3.98048
---------  -------
Validation Result @ Iteration 88000; Milestone = 88 (ID: Validation)
---  -------
mse  3.98077
---  -------
Running Evaluation...
Validation Result @ Iteration 89000; Milestone = 89 (Train)
---------  -------
mse_error  3.98051
---------  -------
Validation Result @ Iteration 89000; Milestone = 89 (ID: Validation)
---  -------
mse  3.98032
---  -------
Running Evaluation...
Validation Result @ Iteration 90000; Milestone = 90 (Train)
---------  -------
mse_error  3.98078
---------  -------
Validation Result @ Iteration 90000; Milestone = 90 (ID: Validation)
---  -------
mse  3.98055
---  -------
Running Evaluation...
Validation Result @ Iteration 91000; Milestone = 91 (Train)
---------  -------
mse_error  3.98094
---------  -------
Validation Result @ Iteration 91000; Milestone = 91 (ID: Validation)
---  -------
mse  3.98065
---  -------
Running Evaluation...
Validation Result @ Iteration 92000; Milestone = 92 (Train)
---------  -------
mse_error  3.98019
---------  -------
Validation Result @ Iteration 92000; Milestone = 92 (ID: Validation)
---  -------
mse  3.98032
---  -------
Running Evaluation...
Validation Result @ Iteration 93000; Milestone = 93 (Train)
---------  -------
mse_error  3.97997
---------  -------
Validation Result @ Iteration 93000; Milestone = 93 (ID: Validation)
---  -------
mse  3.98035
---  -------
Running Evaluation...
Validation Result @ Iteration 94000; Milestone = 94 (Train)
---------  -------
mse_error  3.97985
---------  -------
Validation Result @ Iteration 94000; Milestone = 94 (ID: Validation)
---  -------
mse  3.98032
---  -------
Running Evaluation...
Validation Result @ Iteration 95000; Milestone = 95 (Train)
---------  -------
mse_error  3.98054
---------  -------
Validation Result @ Iteration 95000; Milestone = 95 (ID: Validation)
---  -------
mse  3.98072
---  -------
Running Evaluation...
Validation Result @ Iteration 96000; Milestone = 96 (Train)
---------  -------
mse_error  3.97984
---------  -------
Validation Result @ Iteration 96000; Milestone = 96 (ID: Validation)
---  -------
mse  3.98076
---  -------
Running Evaluation...
Validation Result @ Iteration 97000; Milestone = 97 (Train)
---------  -------
mse_error  3.98021
---------  -------
Validation Result @ Iteration 97000; Milestone = 97 (ID: Validation)
---  -------
mse  3.98039
---  -------
Running Evaluation...
Validation Result @ Iteration 98000; Milestone = 98 (Train)
---------  -------
mse_error  3.98103
---------  -------
Validation Result @ Iteration 98000; Milestone = 98 (ID: Validation)
---  -------
mse  3.98085
---  -------
Running Evaluation...
Validation Result @ Iteration 99000; Milestone = 99 (Train)
---------  ------
mse_error  3.9818
---------  ------
Validation Result @ Iteration 99000; Milestone = 99 (ID: Validation)
---  ------
mse  3.9807
---  ------
Running Evaluation...
Validation Result @ Iteration 100000; Milestone = 100 (Train)
---------  -------
mse_error  3.98024
---------  -------
Validation Result @ Iteration 100000; Milestone = 100 (ID: Validation)
---  -------
mse  3.98061
---  -------
training complete
Training completed!
Results saved to: results/ds_inverse/q202_cd_langevin/results.json
Experiment completed at Wed Feb 18 00:16:57 EST 2026
Copying results to persistent storage...
sending incremental file list
./
ds_inverse/
ds_inverse/q202_cd_langevin/
ds_inverse/q202_cd_langevin/experiment_config.json
ds_inverse/q202_cd_langevin/model-1.pt
ds_inverse/q202_cd_langevin/model-10.pt
ds_inverse/q202_cd_langevin/model-100.pt
ds_inverse/q202_cd_langevin/model-11.pt
ds_inverse/q202_cd_langevin/model-12.pt
ds_inverse/q202_cd_langevin/model-13.pt
ds_inverse/q202_cd_langevin/model-14.pt
ds_inverse/q202_cd_langevin/model-15.pt
ds_inverse/q202_cd_langevin/model-16.pt
ds_inverse/q202_cd_langevin/model-17.pt
ds_inverse/q202_cd_langevin/model-18.pt
ds_inverse/q202_cd_langevin/model-19.pt
ds_inverse/q202_cd_langevin/model-2.pt
ds_inverse/q202_cd_langevin/model-20.pt
ds_inverse/q202_cd_langevin/model-21.pt
ds_inverse/q202_cd_langevin/model-22.pt
ds_inverse/q202_cd_langevin/model-23.pt
ds_inverse/q202_cd_langevin/model-24.pt
ds_inverse/q202_cd_langevin/model-25.pt
ds_inverse/q202_cd_langevin/model-26.pt
ds_inverse/q202_cd_langevin/model-27.pt
ds_inverse/q202_cd_langevin/model-28.pt
ds_inverse/q202_cd_langevin/model-29.pt
ds_inverse/q202_cd_langevin/model-3.pt
ds_inverse/q202_cd_langevin/model-30.pt
ds_inverse/q202_cd_langevin/model-31.pt
ds_inverse/q202_cd_langevin/model-32.pt
ds_inverse/q202_cd_langevin/model-33.pt
ds_inverse/q202_cd_langevin/model-34.pt
ds_inverse/q202_cd_langevin/model-35.pt
ds_inverse/q202_cd_langevin/model-36.pt
ds_inverse/q202_cd_langevin/model-37.pt
ds_inverse/q202_cd_langevin/model-38.pt
ds_inverse/q202_cd_langevin/model-39.pt
ds_inverse/q202_cd_langevin/model-4.pt
ds_inverse/q202_cd_langevin/model-40.pt
ds_inverse/q202_cd_langevin/model-41.pt
ds_inverse/q202_cd_langevin/model-42.pt
ds_inverse/q202_cd_langevin/model-43.pt
ds_inverse/q202_cd_langevin/model-44.pt
ds_inverse/q202_cd_langevin/model-45.pt
ds_inverse/q202_cd_langevin/model-46.pt
ds_inverse/q202_cd_langevin/model-47.pt
ds_inverse/q202_cd_langevin/model-48.pt
ds_inverse/q202_cd_langevin/model-49.pt
ds_inverse/q202_cd_langevin/model-5.pt
ds_inverse/q202_cd_langevin/model-50.pt
ds_inverse/q202_cd_langevin/model-51.pt
ds_inverse/q202_cd_langevin/model-52.pt
ds_inverse/q202_cd_langevin/model-53.pt
ds_inverse/q202_cd_langevin/model-54.pt
ds_inverse/q202_cd_langevin/model-55.pt
ds_inverse/q202_cd_langevin/model-56.pt
ds_inverse/q202_cd_langevin/model-57.pt
ds_inverse/q202_cd_langevin/model-58.pt
ds_inverse/q202_cd_langevin/model-59.pt
ds_inverse/q202_cd_langevin/model-6.pt
ds_inverse/q202_cd_langevin/model-60.pt
ds_inverse/q202_cd_langevin/model-61.pt
ds_inverse/q202_cd_langevin/model-62.pt
ds_inverse/q202_cd_langevin/model-63.pt
ds_inverse/q202_cd_langevin/model-64.pt
ds_inverse/q202_cd_langevin/model-65.pt
ds_inverse/q202_cd_langevin/model-66.pt
ds_inverse/q202_cd_langevin/model-67.pt
ds_inverse/q202_cd_langevin/model-68.pt
ds_inverse/q202_cd_langevin/model-69.pt
ds_inverse/q202_cd_langevin/model-7.pt
ds_inverse/q202_cd_langevin/model-70.pt
ds_inverse/q202_cd_langevin/model-71.pt
ds_inverse/q202_cd_langevin/model-72.pt
ds_inverse/q202_cd_langevin/model-73.pt
ds_inverse/q202_cd_langevin/model-74.pt
ds_inverse/q202_cd_langevin/model-75.pt
ds_inverse/q202_cd_langevin/model-76.pt
ds_inverse/q202_cd_langevin/model-77.pt
ds_inverse/q202_cd_langevin/model-78.pt
ds_inverse/q202_cd_langevin/model-79.pt
ds_inverse/q202_cd_langevin/model-8.pt
ds_inverse/q202_cd_langevin/model-80.pt
ds_inverse/q202_cd_langevin/model-81.pt
ds_inverse/q202_cd_langevin/model-82.pt
ds_inverse/q202_cd_langevin/model-83.pt
ds_inverse/q202_cd_langevin/model-84.pt
ds_inverse/q202_cd_langevin/model-85.pt
ds_inverse/q202_cd_langevin/model-86.pt
ds_inverse/q202_cd_langevin/model-87.pt
ds_inverse/q202_cd_langevin/model-88.pt
ds_inverse/q202_cd_langevin/model-89.pt
ds_inverse/q202_cd_langevin/model-9.pt
ds_inverse/q202_cd_langevin/model-90.pt
ds_inverse/q202_cd_langevin/model-91.pt
ds_inverse/q202_cd_langevin/model-92.pt
ds_inverse/q202_cd_langevin/model-93.pt
ds_inverse/q202_cd_langevin/model-94.pt
ds_inverse/q202_cd_langevin/model-95.pt
ds_inverse/q202_cd_langevin/model-96.pt
ds_inverse/q202_cd_langevin/model-97.pt
ds_inverse/q202_cd_langevin/model-98.pt
ds_inverse/q202_cd_langevin/model-99.pt
ds_inverse/q202_cd_langevin/results.json

sent 2,305,077,036 bytes  received 1,969 bytes  75,576,360.82 bytes/sec
total size is 2,304,507,942  speedup is 1.00
Results copied to /n/home03/mkrasnow/research-repo/projects/ired/results/
Cleaning up work directory...
