Job started at Wed Feb 18 13:05:58 EST 2026
Running on host: holygpu8a22305.rc.fas.harvard.edu
Job ID: 60989253
Git URL: https://github.com/mdkrasnow/research-repo.git
Git SHA: b3eced0c80d0754126a051a68e2c680289909e0d
Work directory: /tmp/ired-job-60989253
GPU info:
Wed Feb 18 13:05:58 2026       
+-----------------------------------------------------------------------------------------+
| NVIDIA-SMI 575.57.08              Driver Version: 575.57.08      CUDA Version: 12.9     |
|-----------------------------------------+------------------------+----------------------+
| GPU  Name                 Persistence-M | Bus-Id          Disp.A | Volatile Uncorr. ECC |
| Fan  Temp   Perf          Pwr:Usage/Cap |           Memory-Usage | GPU-Util  Compute M. |
|                                         |                        |               MIG M. |
|=========================================+========================+======================|
|   0  NVIDIA A100-SXM4-80GB          On  |   00000000:E3:00.0 Off |                    0 |
| N/A   26C    P0             61W /  500W |       0MiB /  81920MiB |      0%      Default |
|                                         |                        |             Disabled |
+-----------------------------------------+------------------------+----------------------+
                                                                                         
+-----------------------------------------------------------------------------------------+
| Processes:                                                                              |
|  GPU   GI   CI              PID   Type   Process name                        GPU Memory |
|        ID   ID                                                               Usage      |
|=========================================================================================|
|  No running processes found                                                             |
+-----------------------------------------------------------------------------------------+
Cloning repository...
Repository cloned and checked out to: b3eced0
Repository info:
b3eced0 Add 5 literature-validated CD training fixes for IRED-CD
Starting IRED-CD Stage 1 (CD loss + Langevin sampling)...
Loading configuration from: projects/ired/configs/q202_cd_langevin.json
Configuration saved to: results/ds_inverse/q202_cd_langevin/experiment_config.json
Setting random seed: 2
Starting experiment with mining strategy: cd_langevin
Configuration: {
  "experiment_name": "q202_cd_langevin",
  "description": "IRED-CD Investigation - Stage 1: CD loss + Langevin sampling",
  "investigation": "ired-cd",
  "ablation_stage": "cd_langevin",
  "mining_strategy": "cd_langevin",
  "rank": 20,
  "ood": false,
  "diffusion_steps": 10,
  "batch_size": 2048,
  "train_steps": 100000,
  "learning_rate": 0.0001,
  "mining_opt_steps": 30,
  "energy_reg_weight": 0.1,
  "mining_noise_scale": 1.5,
  "langevin_sigma_multiplier": 1.0,
  "langevin_grad_clip": 0.01,
  "use_langevin": true,
  "use_replay_buffer": false,
  "use_cd_loss": true,
  "use_residual_filter": false,
  "use_energy_schedule": false,
  "energy_loss_weight": 0.05,
  "adam_betas": [
    0.0,
    0.999
  ],
  "output_dir": "results/ds_inverse/q202_cd_langevin",
  "notes": "Ablation 1: Corrected CD loss (detach x_neg, NOT energy_neg). Langevin noise sigma=sqrt(2*eta). k=10 steps. No replay buffer yet.",
  "seed": 2
}
Dataset: Inverse matrices (20x20)
Input dimension: 400, Output dimension: 400
Trainer initialized. Output directory: results/ds_inverse/q202_cd_langevin
Training for 100000 steps...
Running Evaluation...
Validation Result @ Iteration 1000; Milestone = 1 (Train)
---------  -------
mse_error  3.83678
---------  -------
Validation Result @ Iteration 1000; Milestone = 1 (ID: Validation)
---  -------
mse  3.52086
---  -------
Running Evaluation...
Validation Result @ Iteration 2000; Milestone = 2 (Train)
---------  -------
mse_error  3.81768
---------  -------
Validation Result @ Iteration 2000; Milestone = 2 (ID: Validation)
---  -------
mse  3.39065
---  -------
Running Evaluation...
Validation Result @ Iteration 3000; Milestone = 3 (Train)
---------  -------
mse_error  3.80807
---------  -------
Validation Result @ Iteration 3000; Milestone = 3 (ID: Validation)
---  -------
mse  3.32951
---  -------
Running Evaluation...
Validation Result @ Iteration 4000; Milestone = 4 (Train)
---------  -------
mse_error  3.80579
---------  -------
Validation Result @ Iteration 4000; Milestone = 4 (ID: Validation)
---  -------
mse  3.31171
---  -------
Running Evaluation...
Validation Result @ Iteration 5000; Milestone = 5 (Train)
---------  -------
mse_error  3.80524
---------  -------
Validation Result @ Iteration 5000; Milestone = 5 (ID: Validation)
---  -------
mse  3.31224
---  -------
Running Evaluation...
Validation Result @ Iteration 6000; Milestone = 6 (Train)
---------  -------
mse_error  3.80688
---------  -------
Validation Result @ Iteration 6000; Milestone = 6 (ID: Validation)
---  -------
mse  3.32211
---  -------
Running Evaluation...
Validation Result @ Iteration 7000; Milestone = 7 (Train)
---------  -------
mse_error  3.81102
---------  -------
Validation Result @ Iteration 7000; Milestone = 7 (ID: Validation)
---  -------
mse  3.34012
---  -------
Running Evaluation...
Validation Result @ Iteration 8000; Milestone = 8 (Train)
---------  -------
mse_error  3.81336
---------  -------
Validation Result @ Iteration 8000; Milestone = 8 (ID: Validation)
---  -------
mse  3.35574
---  -------
Running Evaluation...
Validation Result @ Iteration 9000; Milestone = 9 (Train)
---------  -------
mse_error  3.81551
---------  -------
Validation Result @ Iteration 9000; Milestone = 9 (ID: Validation)
---  -------
mse  3.36899
---  -------
Running Evaluation...
Validation Result @ Iteration 10000; Milestone = 10 (Train)
---------  -------
mse_error  3.81618
---------  -------
Validation Result @ Iteration 10000; Milestone = 10 (ID: Validation)
---  -------
mse  3.38032
---  -------
Running Evaluation...
Validation Result @ Iteration 11000; Milestone = 11 (Train)
---------  -------
mse_error  3.81923
---------  -------
Validation Result @ Iteration 11000; Milestone = 11 (ID: Validation)
---  -------
mse  3.38401
---  -------
Running Evaluation...
Validation Result @ Iteration 12000; Milestone = 12 (Train)
---------  -------
mse_error  3.81916
---------  -------
Validation Result @ Iteration 12000; Milestone = 12 (ID: Validation)
---  -------
mse  3.38946
---  -------
Running Evaluation...
Validation Result @ Iteration 13000; Milestone = 13 (Train)
---------  -------
mse_error  3.81952
---------  -------
Validation Result @ Iteration 13000; Milestone = 13 (ID: Validation)
---  -------
mse  3.39456
---  -------
Running Evaluation...
Validation Result @ Iteration 14000; Milestone = 14 (Train)
---------  -------
mse_error  3.82095
---------  -------
Validation Result @ Iteration 14000; Milestone = 14 (ID: Validation)
---  -------
mse  3.40178
---  -------
Running Evaluation...
Validation Result @ Iteration 15000; Milestone = 15 (Train)
---------  -------
mse_error  3.82225
---------  -------
Validation Result @ Iteration 15000; Milestone = 15 (ID: Validation)
---  -------
mse  3.40725
---  -------
Running Evaluation...
Validation Result @ Iteration 16000; Milestone = 16 (Train)
---------  -------
mse_error  3.82325
---------  -------
Validation Result @ Iteration 16000; Milestone = 16 (ID: Validation)
---  -------
mse  3.41264
---  -------
Running Evaluation...
Validation Result @ Iteration 17000; Milestone = 17 (Train)
---------  -------
mse_error  3.82388
---------  -------
Validation Result @ Iteration 17000; Milestone = 17 (ID: Validation)
---  -------
mse  3.41901
---  -------
Running Evaluation...
Validation Result @ Iteration 18000; Milestone = 18 (Train)
---------  -------
mse_error  3.82312
---------  -------
Validation Result @ Iteration 18000; Milestone = 18 (ID: Validation)
---  -------
mse  3.42246
---  -------
Running Evaluation...
Validation Result @ Iteration 19000; Milestone = 19 (Train)
---------  -------
mse_error  3.82426
---------  -------
Validation Result @ Iteration 19000; Milestone = 19 (ID: Validation)
---  -------
mse  3.42518
---  -------
Running Evaluation...
Validation Result @ Iteration 20000; Milestone = 20 (Train)
---------  -------
mse_error  3.82542
---------  -------
Validation Result @ Iteration 20000; Milestone = 20 (ID: Validation)
---  -------
mse  3.43134
---  -------
Running Evaluation...
Validation Result @ Iteration 21000; Milestone = 21 (Train)
---------  -------
mse_error  3.82659
---------  -------
Validation Result @ Iteration 21000; Milestone = 21 (ID: Validation)
---  -------
mse  3.43247
---  -------
Running Evaluation...
Validation Result @ Iteration 22000; Milestone = 22 (Train)
---------  ------
mse_error  3.8268
---------  ------
Validation Result @ Iteration 22000; Milestone = 22 (ID: Validation)
---  -------
mse  3.43422
---  -------
Running Evaluation...
Validation Result @ Iteration 23000; Milestone = 23 (Train)
---------  -------
mse_error  3.82665
---------  -------
Validation Result @ Iteration 23000; Milestone = 23 (ID: Validation)
---  -------
mse  3.43872
---  -------
Running Evaluation...
Validation Result @ Iteration 24000; Milestone = 24 (Train)
---------  ------
mse_error  3.8268
---------  ------
Validation Result @ Iteration 24000; Milestone = 24 (ID: Validation)
---  -------
mse  3.43846
---  -------
Running Evaluation...
Validation Result @ Iteration 25000; Milestone = 25 (Train)
---------  -------
mse_error  3.82687
---------  -------
Validation Result @ Iteration 25000; Milestone = 25 (ID: Validation)
---  ----
mse  3.44
---  ----
Running Evaluation...
Validation Result @ Iteration 26000; Milestone = 26 (Train)
---------  -------
mse_error  3.82694
---------  -------
Validation Result @ Iteration 26000; Milestone = 26 (ID: Validation)
---  -------
mse  3.44108
---  -------
Running Evaluation...
Validation Result @ Iteration 27000; Milestone = 27 (Train)
---------  -------
mse_error  3.82768
---------  -------
Validation Result @ Iteration 27000; Milestone = 27 (ID: Validation)
---  -------
mse  3.44234
---  -------
Running Evaluation...
Validation Result @ Iteration 28000; Milestone = 28 (Train)
---------  -------
mse_error  3.82744
---------  -------
Validation Result @ Iteration 28000; Milestone = 28 (ID: Validation)
---  -------
mse  3.44124
---  -------
Running Evaluation...
Validation Result @ Iteration 29000; Milestone = 29 (Train)
---------  -------
mse_error  3.82813
---------  -------
Validation Result @ Iteration 29000; Milestone = 29 (ID: Validation)
---  -------
mse  3.44143
---  -------
Running Evaluation...
Validation Result @ Iteration 30000; Milestone = 30 (Train)
---------  -------
mse_error  3.82776
---------  -------
Validation Result @ Iteration 30000; Milestone = 30 (ID: Validation)
---  -------
mse  3.44248
---  -------
Running Evaluation...
Validation Result @ Iteration 31000; Milestone = 31 (Train)
---------  -------
mse_error  3.82739
---------  -------
Validation Result @ Iteration 31000; Milestone = 31 (ID: Validation)
---  -------
mse  3.44166
---  -------
Running Evaluation...
Validation Result @ Iteration 32000; Milestone = 32 (Train)
---------  -------
mse_error  3.82694
---------  -------
Validation Result @ Iteration 32000; Milestone = 32 (ID: Validation)
---  -------
mse  3.44213
---  -------
Running Evaluation...
Validation Result @ Iteration 33000; Milestone = 33 (Train)
---------  -------
mse_error  3.82817
---------  -------
Validation Result @ Iteration 33000; Milestone = 33 (ID: Validation)
---  ------
mse  3.4434
---  ------
Running Evaluation...
Validation Result @ Iteration 34000; Milestone = 34 (Train)
---------  -------
mse_error  3.82762
---------  -------
Validation Result @ Iteration 34000; Milestone = 34 (ID: Validation)
---  -------
mse  3.44422
---  -------
Running Evaluation...
Validation Result @ Iteration 35000; Milestone = 35 (Train)
---------  -------
mse_error  3.82788
---------  -------
Validation Result @ Iteration 35000; Milestone = 35 (ID: Validation)
---  -------
mse  3.44271
---  -------
Running Evaluation...
Validation Result @ Iteration 36000; Milestone = 36 (Train)
---------  -------
mse_error  3.82698
---------  -------
Validation Result @ Iteration 36000; Milestone = 36 (ID: Validation)
---  -------
mse  3.44276
---  -------
Running Evaluation...
Validation Result @ Iteration 37000; Milestone = 37 (Train)
---------  -------
mse_error  3.82701
---------  -------
