Job started at Thu Feb 19 08:37:00 EST 2026
Running on host: holygpu8a22304.rc.fas.harvard.edu
Job ID: 61166913
Git URL: https://github.com/mdkrasnow/research-repo.git
Git SHA: 306783adacaff7d72c877ac887f1c5177230c072
Work directory: /tmp/ired-job-61166913
GPU info:
Thu Feb 19 08:37:00 2026       
+-----------------------------------------------------------------------------------------+
| NVIDIA-SMI 575.57.08              Driver Version: 575.57.08      CUDA Version: 12.9     |
|-----------------------------------------+------------------------+----------------------+
| GPU  Name                 Persistence-M | Bus-Id          Disp.A | Volatile Uncorr. ECC |
| Fan  Temp   Perf          Pwr:Usage/Cap |           Memory-Usage | GPU-Util  Compute M. |
|                                         |                        |               MIG M. |
|=========================================+========================+======================|
|   0  NVIDIA A100-SXM4-80GB          On  |   00000000:CA:00.0 Off |                    0 |
| N/A   27C    P0             62W /  500W |       0MiB /  81920MiB |      0%      Default |
|                                         |                        |             Disabled |
+-----------------------------------------+------------------------+----------------------+
                                                                                         
+-----------------------------------------------------------------------------------------+
| Processes:                                                                              |
|  GPU   GI   CI              PID   Type   Process name                        GPU Memory |
|        ID   ID                                                               Usage      |
|=========================================================================================|
|  No running processes found                                                             |
+-----------------------------------------------------------------------------------------+
Cloning repository...
Repository cloned and checked out to: 306783a
Repository info:
306783a Submit q206 IRED contrastive (job 61166742, gpu partition, 10 seeds)
Starting IRED-CD baseline (current NCE implementation)...
Loading configuration from: projects/ired/configs/q201_baseline.json
Configuration saved to: results/ds_inverse/q201_baseline/experiment_config.json
Setting random seed: 1
Starting experiment with mining strategy: adversarial
Configuration: {
  "experiment_name": "q201_baseline",
  "description": "IRED-CD Investigation - Baseline (current NCE implementation for comparison)",
  "investigation": "ired-cd",
  "ablation_stage": "baseline",
  "mining_strategy": "adversarial",
  "rank": 20,
  "ood": false,
  "diffusion_steps": 10,
  "batch_size": 2048,
  "train_steps": 20000,
  "learning_rate": 0.0001,
  "mining_opt_steps": 10,
  "mining_noise_scale": 1.5,
  "output_dir": "results/ds_inverse/q201_baseline",
  "notes": "Current implementation with NCE loss. Baseline for IRED-CD ablation study. Using k=10 steps, noise_scale=1.5 (reduced from 3.0).",
  "seed": 1
}
Dataset: Inverse matrices (20x20)
Input dimension: 400, Output dimension: 400
Trainer initialized. Output directory: results/ds_inverse/q201_baseline
Training for 20000 steps...
[CD-DIAG step=100] E_pos=1027.1990 E_neg=1074.4749 margin=47.2759 E_wtd=0.002050 MSE=1.000883 neg_dist=9.1597 lang_grad0=0.0000 lang_gradK=0.0000 lang_disp=0.0000 step=0.0000 sigma=0.0000
[CD-DIAG step=200] E_pos=1764.9036 E_neg=1951.6497 margin=186.7461 E_wtd=0.000670 MSE=0.999700 neg_dist=15.2872 lang_grad0=0.0000 lang_gradK=0.0000 lang_disp=0.0000 step=0.0000 sigma=0.0000
[CD-DIAG step=300] E_pos=1584.4971 E_neg=1725.4561 margin=140.9590 E_wtd=0.000637 MSE=0.999520 neg_dist=11.7726 lang_grad0=0.0000 lang_gradK=0.0000 lang_disp=0.0000 step=0.0000 sigma=0.0000
[CD-DIAG step=400] E_pos=2317.7783 E_neg=2583.1531 margin=265.3748 E_wtd=0.000597 MSE=1.000336 neg_dist=13.6123 lang_grad0=0.0000 lang_gradK=0.0000 lang_disp=0.0000 step=0.0000 sigma=0.0000
[CD-DIAG step=500] E_pos=5619.7759 E_neg=6305.0122 margin=685.2363 E_wtd=0.000579 MSE=0.997404 neg_dist=15.2263 lang_grad0=0.0000 lang_gradK=0.0000 lang_disp=0.0000 step=0.0000 sigma=0.0000
[CD-DIAG step=600] E_pos=8547.9717 E_neg=9524.6055 margin=976.6338 E_wtd=0.000815 MSE=0.996125 neg_dist=14.4750 lang_grad0=0.0000 lang_gradK=0.0000 lang_disp=0.0000 step=0.0000 sigma=0.0000
[CD-DIAG step=700] E_pos=11495.9814 E_neg=12687.7061 margin=1191.7246 E_wtd=0.003673 MSE=0.997746 neg_dist=13.4639 lang_grad0=0.0000 lang_gradK=0.0000 lang_disp=0.0000 step=0.0000 sigma=0.0000
[CD-DIAG step=800] E_pos=8789.9170 E_neg=9062.9785 margin=273.0615 E_wtd=0.000752 MSE=0.994449 neg_dist=5.1886 lang_grad0=0.0000 lang_gradK=0.0000 lang_disp=0.0000 step=0.0000 sigma=0.0000
[CD-DIAG step=900] E_pos=9291.8916 E_neg=9401.8359 margin=109.9443 E_wtd=0.193044 MSE=0.995692 neg_dist=1.9570 lang_grad0=0.0000 lang_gradK=0.0000 lang_disp=0.0000 step=0.0000 sigma=0.0000
[CD-DIAG step=1000] E_pos=18718.1523 E_neg=21532.7500 margin=2814.5977 E_wtd=0.009339 MSE=0.992376 neg_dist=15.3243 lang_grad0=0.0000 lang_gradK=0.0000 lang_disp=0.0000 step=0.0000 sigma=0.0000
Running Evaluation...
Validation Result @ Iteration 1000; Milestone = 1 (Train)
---------  -------
mse_error  2.95074
---------  -------
Validation Result @ Iteration 1000; Milestone = 1 (ID: Validation)
---  -------
mse  3.20296
---  -------
[CD-DIAG step=1100] E_pos=23968.0996 E_neg=27458.3047 margin=3490.2051 E_wtd=0.008103 MSE=0.995096 neg_dist=14.6719 lang_grad0=0.0000 lang_gradK=0.0000 lang_disp=0.0000 step=0.0000 sigma=0.0000
[CD-DIAG step=1200] E_pos=19522.9805 E_neg=22723.3359 margin=3200.3555 E_wtd=0.004676 MSE=0.992129 neg_dist=14.3859 lang_grad0=0.0000 lang_gradK=0.0000 lang_disp=0.0000 step=0.0000 sigma=0.0000
[CD-DIAG step=1300] E_pos=28707.2852 E_neg=33103.9297 margin=4396.6445 E_wtd=0.004754 MSE=0.989546 neg_dist=14.2582 lang_grad0=0.0000 lang_gradK=0.0000 lang_disp=0.0000 step=0.0000 sigma=0.0000
[CD-DIAG step=1400] E_pos=34278.3438 E_neg=38422.8867 margin=4144.5430 E_wtd=0.000229 MSE=0.989177 neg_dist=12.6664 lang_grad0=0.0000 lang_gradK=0.0000 lang_disp=0.0000 step=0.0000 sigma=0.0000
[CD-DIAG step=1500] E_pos=48379.5391 E_neg=55641.9062 margin=7262.3672 E_wtd=0.003345 MSE=0.978547 neg_dist=14.3253 lang_grad0=0.0000 lang_gradK=0.0000 lang_disp=0.0000 step=0.0000 sigma=0.0000
[CD-DIAG step=1600] E_pos=68985.6719 E_neg=67581.3438 margin=-1404.3281 E_wtd=72.145004 MSE=0.972445 neg_dist=4.5700 lang_grad0=0.0000 lang_gradK=0.0000 lang_disp=0.0000 step=0.0000 sigma=0.0000
[CD-DIAG step=1700] E_pos=83570.6719 E_neg=89579.2031 margin=6008.5312 E_wtd=0.059874 MSE=0.963406 neg_dist=12.0578 lang_grad0=0.0000 lang_gradK=0.0000 lang_disp=0.0000 step=0.0000 sigma=0.0000
[CD-DIAG step=1800] E_pos=114994.8750 E_neg=117207.4219 margin=2212.5469 E_wtd=14.240542 MSE=0.948764 neg_dist=9.8694 lang_grad0=0.0000 lang_gradK=0.0000 lang_disp=0.0000 step=0.0000 sigma=0.0000
[CD-DIAG step=1900] E_pos=115630.0156 E_neg=122206.1406 margin=6576.1250 E_wtd=0.009825 MSE=0.943898 neg_dist=11.2636 lang_grad0=0.0000 lang_gradK=0.0000 lang_disp=0.0000 step=0.0000 sigma=0.0000
[CD-DIAG step=2000] E_pos=163564.3594 E_neg=172786.4062 margin=9222.0469 E_wtd=0.098536 MSE=0.920478 neg_dist=12.1153 lang_grad0=0.0000 lang_gradK=0.0000 lang_disp=0.0000 step=0.0000 sigma=0.0000
Running Evaluation...
Validation Result @ Iteration 2000; Milestone = 2 (Train)
---------  -------
mse_error  3.12508
---------  -------
Validation Result @ Iteration 2000; Milestone = 2 (ID: Validation)
---  -------
mse  2.53081
---  -------
[CD-DIAG step=2100] E_pos=223008.8125 E_neg=230673.8281 margin=7665.0156 E_wtd=1.283197 MSE=0.892845 neg_dist=11.3810 lang_grad0=0.0000 lang_gradK=0.0000 lang_disp=0.0000 step=0.0000 sigma=0.0000
[CD-DIAG step=2200] E_pos=256243.6875 E_neg=265900.1875 margin=9656.5000 E_wtd=0.663672 MSE=0.874324 neg_dist=12.0238 lang_grad0=0.0000 lang_gradK=0.0000 lang_disp=0.0000 step=0.0000 sigma=0.0000
[CD-DIAG step=2300] E_pos=328134.3438 E_neg=324756.7500 margin=-3377.5938 E_wtd=197.964661 MSE=0.835804 neg_dist=6.7734 lang_grad0=0.0000 lang_gradK=0.0000 lang_disp=0.0000 step=0.0000 sigma=0.0000
[CD-DIAG step=2400] E_pos=359098.2500 E_neg=359153.3125 margin=55.0625 E_wtd=9.528818 MSE=0.818079 neg_dist=1.6593 lang_grad0=0.0000 lang_gradK=0.0000 lang_disp=0.0000 step=0.0000 sigma=0.0000
[CD-DIAG step=2500] E_pos=382779.4062 E_neg=396638.9375 margin=13859.5312 E_wtd=0.003382 MSE=0.797767 neg_dist=11.5634 lang_grad0=0.0000 lang_gradK=0.0000 lang_disp=0.0000 step=0.0000 sigma=0.0000
[CD-DIAG step=2600] E_pos=418586.0625 E_neg=415603.8750 margin=-2982.1875 E_wtd=157.006836 MSE=0.781001 neg_dist=4.0473 lang_grad0=0.0000 lang_gradK=0.0000 lang_disp=0.0000 step=0.0000 sigma=0.0000
[CD-DIAG step=2700] E_pos=420895.7500 E_neg=423285.9062 margin=2390.1562 E_wtd=28.744055 MSE=0.775728 neg_dist=7.9910 lang_grad0=0.0000 lang_gradK=0.0000 lang_disp=0.0000 step=0.0000 sigma=0.0000
[CD-DIAG step=2800] E_pos=526913.1250 E_neg=538832.7500 margin=11919.6250 E_wtd=0.020120 MSE=0.730898 neg_dist=10.6456 lang_grad0=0.0000 lang_gradK=0.0000 lang_disp=0.0000 step=0.0000 sigma=0.0000
[CD-DIAG step=2900] E_pos=564490.9375 E_neg=576748.2500 margin=12257.3125 E_wtd=0.011740 MSE=0.714494 neg_dist=10.5692 lang_grad0=0.0000 lang_gradK=0.0000 lang_disp=0.0000 step=0.0000 sigma=0.0000
[CD-DIAG step=3000] E_pos=591707.5000 E_neg=596350.0000 margin=4642.5000 E_wtd=7.337006 MSE=0.702782 neg_dist=8.7135 lang_grad0=0.0000 lang_gradK=0.0000 lang_disp=0.0000 step=0.0000 sigma=0.0000
Running Evaluation...
Validation Result @ Iteration 3000; Milestone = 3 (Train)
---------  -------
mse_error  2.26979
---------  -------
Validation Result @ Iteration 3000; Milestone = 3 (ID: Validation)
---  -------
mse  2.10909
---  -------
[CD-DIAG step=3100] E_pos=616416.3750 E_neg=619682.5000 margin=3266.1250 E_wtd=10.494972 MSE=0.686340 neg_dist=7.3588 lang_grad0=0.0000 lang_gradK=0.0000 lang_disp=0.0000 step=0.0000 sigma=0.0000
[CD-DIAG step=3200] E_pos=640076.9375 E_neg=651868.1250 margin=11791.1875 E_wtd=0.014699 MSE=0.675105 neg_dist=9.8655 lang_grad0=0.0000 lang_gradK=0.0000 lang_disp=0.0000 step=0.0000 sigma=0.0000
[CD-DIAG step=3300] E_pos=711194.0000 E_neg=709353.4375 margin=-1840.5625 E_wtd=100.394043 MSE=0.649304 neg_dist=3.6282 lang_grad0=0.0000 lang_gradK=0.0000 lang_disp=0.0000 step=0.0000 sigma=0.0000
[CD-DIAG step=3400] E_pos=806435.0000 E_neg=809456.7500 margin=3021.7500 E_wtd=21.869877 MSE=0.630083 neg_dist=7.9585 lang_grad0=0.0000 lang_gradK=0.0000 lang_disp=0.0000 step=0.0000 sigma=0.0000
[CD-DIAG step=3500] E_pos=716258.8750 E_neg=719151.6250 margin=2892.7500 E_wtd=14.596906 MSE=0.646151 neg_dist=6.8241 lang_grad0=0.0000 lang_gradK=0.0000 lang_disp=0.0000 step=0.0000 sigma=0.0000
[CD-DIAG step=3600] E_pos=804796.6250 E_neg=809647.7500 margin=4851.1250 E_wtd=5.158427 MSE=0.618085 neg_dist=7.8952 lang_grad0=0.0000 lang_gradK=0.0000 lang_disp=0.0000 step=0.0000 sigma=0.0000
[CD-DIAG step=3700] E_pos=847736.1250 E_neg=854886.2500 margin=7150.1250 E_wtd=0.669654 MSE=0.606792 neg_dist=8.5500 lang_grad0=0.0000 lang_gradK=0.0000 lang_disp=0.0000 step=0.0000 sigma=0.0000
[CD-DIAG step=3800] E_pos=752566.8750 E_neg=753986.1875 margin=1419.3125 E_wtd=19.623751 MSE=0.625753 neg_dist=5.2449 lang_grad0=0.0000 lang_gradK=0.0000 lang_disp=0.0000 step=0.0000 sigma=0.0000
[CD-DIAG step=3900] E_pos=807796.1250 E_neg=808282.1250 margin=486.0000 E_wtd=12.812399 MSE=0.612287 neg_dist=1.6828 lang_grad0=0.0000 lang_gradK=0.0000 lang_disp=0.0000 step=0.0000 sigma=0.0000
[CD-DIAG step=4000] E_pos=808762.6250 E_neg=818362.3750 margin=9599.7500 E_wtd=0.209832 MSE=0.606966 neg_dist=8.9079 lang_grad0=0.0000 lang_gradK=0.0000 lang_disp=0.0000 step=0.0000 sigma=0.0000
Running Evaluation...
Validation Result @ Iteration 4000; Milestone = 4 (Train)
---------  -------
mse_error  1.62657
---------  -------
Validation Result @ Iteration 4000; Milestone = 4 (ID: Validation)
---  -------
mse  1.77654
---  -------
[CD-DIAG step=4100] E_pos=926733.9375 E_neg=934815.0625 margin=8081.1250 E_wtd=0.194869 MSE=0.582610 neg_dist=8.1842 lang_grad0=0.0000 lang_gradK=0.0000 lang_disp=0.0000 step=0.0000 sigma=0.0000
[CD-DIAG step=4200] E_pos=933371.0625 E_neg=934040.3750 margin=669.3125 E_wtd=34.089027 MSE=0.580014 neg_dist=4.8975 lang_grad0=0.0000 lang_gradK=0.0000 lang_disp=0.0000 step=0.0000 sigma=0.0000
[CD-DIAG step=4300] E_pos=916985.0000 E_neg=916493.5000 margin=-491.5000 E_wtd=41.764393 MSE=0.584522 neg_dist=1.6751 lang_grad0=0.0000 lang_gradK=0.0000 lang_disp=0.0000 step=0.0000 sigma=0.0000
[CD-DIAG step=4400] E_pos=921527.5000 E_neg=927157.0625 margin=5629.5625 E_wtd=1.546266 MSE=0.582341 neg_dist=7.3510 lang_grad0=0.0000 lang_gradK=0.0000 lang_disp=0.0000 step=0.0000 sigma=0.0000
[CD-DIAG step=4500] E_pos=908669.5625 E_neg=919850.3750 margin=11180.8125 E_wtd=0.074311 MSE=0.588488 neg_dist=9.0272 lang_grad0=0.0000 lang_gradK=0.0000 lang_disp=0.0000 step=0.0000 sigma=0.0000
[CD-DIAG step=4600] E_pos=985401.6875 E_neg=994494.3750 margin=9092.6875 E_wtd=0.231003 MSE=0.565185 neg_dist=8.8210 lang_grad0=0.0000 lang_gradK=0.0000 lang_disp=0.0000 step=0.0000 sigma=0.0000
[CD-DIAG step=4700] E_pos=1097933.7500 E_neg=1108459.5000 margin=10525.7500 E_wtd=0.154996 MSE=0.550018 neg_dist=9.0547 lang_grad0=0.0000 lang_gradK=0.0000 lang_disp=0.0000 step=0.0000 sigma=0.0000
[CD-DIAG step=4800] E_pos=925712.7500 E_neg=936033.8750 margin=10321.1250 E_wtd=0.144953 MSE=0.573916 neg_dist=9.0099 lang_grad0=0.0000 lang_gradK=0.0000 lang_disp=0.0000 step=0.0000 sigma=0.0000
[CD-DIAG step=4900] E_pos=925033.2500 E_neg=925082.8750 margin=49.6250 E_wtd=25.005043 MSE=0.573380 neg_dist=1.6606 lang_grad0=0.0000 lang_gradK=0.0000 lang_disp=0.0000 step=0.0000 sigma=0.0000
[CD-DIAG step=5000] E_pos=950055.2500 E_neg=953623.6875 margin=3568.4375 E_wtd=4.128322 MSE=0.566903 neg_dist=6.2262 lang_grad0=0.0000 lang_gradK=0.0000 lang_disp=0.0000 step=0.0000 sigma=0.0000
Running Evaluation...
Validation Result @ Iteration 5000; Milestone = 5 (Train)
---------  -------
mse_error  1.26222
---------  -------
Validation Result @ Iteration 5000; Milestone = 5 (ID: Validation)
---  --------
mse  0.952792
---  --------
[CD-DIAG step=5100] E_pos=847365.2500 E_neg=845345.0000 margin=-2020.2500 E_wtd=103.452530 MSE=0.584055 neg_dist=1.7021 lang_grad0=0.0000 lang_gradK=0.0000 lang_disp=0.0000 step=0.0000 sigma=0.0000
[CD-DIAG step=5200] E_pos=924087.8750 E_neg=934939.4375 margin=10851.5625 E_wtd=0.031463 MSE=0.566684 neg_dist=8.5993 lang_grad0=0.0000 lang_gradK=0.0000 lang_disp=0.0000 step=0.0000 sigma=0.0000
[CD-DIAG step=5300] E_pos=995387.7500 E_neg=997100.7500 margin=1713.0000 E_wtd=11.989269 MSE=0.552252 neg_dist=4.7098 lang_grad0=0.0000 lang_gradK=0.0000 lang_disp=0.0000 step=0.0000 sigma=0.0000
[CD-DIAG step=5400] E_pos=1081502.2500 E_neg=1086497.0000 margin=4994.7500 E_wtd=1.286172 MSE=0.537217 neg_dist=6.9379 lang_grad0=0.0000 lang_gradK=0.0000 lang_disp=0.0000 step=0.0000 sigma=0.0000
[CD-DIAG step=5500] E_pos=1019876.1250 E_neg=1019855.3125 margin=-20.8125 E_wtd=28.715181 MSE=0.544022 neg_dist=1.6404 lang_grad0=0.0000 lang_gradK=0.0000 lang_disp=0.0000 step=0.0000 sigma=0.0000
[CD-DIAG step=5600] E_pos=983254.8125 E_neg=989034.7500 margin=5779.9375 E_wtd=0.666962 MSE=0.548349 neg_dist=6.8711 lang_grad0=0.0000 lang_gradK=0.0000 lang_disp=0.0000 step=0.0000 sigma=0.0000
[CD-DIAG step=5700] E_pos=991680.6250 E_neg=1001775.6875 margin=10095.0625 E_wtd=0.122072 MSE=0.548914 neg_dist=8.6656 lang_grad0=0.0000 lang_gradK=0.0000 lang_disp=0.0000 step=0.0000 sigma=0.0000
[CD-DIAG step=5800] E_pos=989730.2500 E_neg=998911.7500 margin=9181.5000 E_wtd=0.077329 MSE=0.546632 neg_dist=8.3730 lang_grad0=0.0000 lang_gradK=0.0000 lang_disp=0.0000 step=0.0000 sigma=0.0000
[CD-DIAG step=5900] E_pos=974745.8125 E_neg=976448.3125 margin=1702.5000 E_wtd=10.231541 MSE=0.548113 neg_dist=4.6080 lang_grad0=0.0000 lang_gradK=0.0000 lang_disp=0.0000 step=0.0000 sigma=0.0000
[CD-DIAG step=6000] E_pos=925895.8750 E_neg=930464.0625 margin=4568.1875 E_wtd=4.354192 MSE=0.561139 neg_dist=7.5503 lang_grad0=0.0000 lang_gradK=0.0000 lang_disp=0.0000 step=0.0000 sigma=0.0000
Running Evaluation...
Validation Result @ Iteration 6000; Milestone = 6 (Train)
---------  -------
mse_error  0.99081
---------  -------
Validation Result @ Iteration 6000; Milestone = 6 (ID: Validation)
---  --------
mse  0.204911
---  --------
[CD-DIAG step=6100] E_pos=1073836.7500 E_neg=1083863.2500 margin=10026.5000 E_wtd=0.099620 MSE=0.533478 neg_dist=8.3349 lang_grad0=0.0000 lang_gradK=0.0000 lang_disp=0.0000 step=0.0000 sigma=0.0000
[CD-DIAG step=6200] E_pos=1033471.6875 E_neg=1037688.5000 margin=4216.8125 E_wtd=1.707079 MSE=0.537266 neg_dist=5.6781 lang_grad0=0.0000 lang_gradK=0.0000 lang_disp=0.0000 step=0.0000 sigma=0.0000
[CD-DIAG step=6300] E_pos=1038675.8750 E_neg=1047716.5625 margin=9040.6875 E_wtd=0.089772 MSE=0.535041 neg_dist=8.3394 lang_grad0=0.0000 lang_gradK=0.0000 lang_disp=0.0000 step=0.0000 sigma=0.0000
[CD-DIAG step=6400] E_pos=1074256.7500 E_neg=1076653.7500 margin=2397.0000 E_wtd=8.813375 MSE=0.528927 neg_dist=5.9216 lang_grad0=0.0000 lang_gradK=0.0000 lang_disp=0.0000 step=0.0000 sigma=0.0000
[CD-DIAG step=6500] E_pos=1030810.7500 E_neg=1037071.1875 margin=6260.4375 E_wtd=0.153545 MSE=0.533492 neg_dist=6.6614 lang_grad0=0.0000 lang_gradK=0.0000 lang_disp=0.0000 step=0.0000 sigma=0.0000
[CD-DIAG step=6600] E_pos=1064108.8750 E_neg=1074026.2500 margin=9917.3750 E_wtd=0.094003 MSE=0.528240 neg_dist=8.4896 lang_grad0=0.0000 lang_gradK=0.0000 lang_disp=0.0000 step=0.0000 sigma=0.0000
[CD-DIAG step=6700] E_pos=1115945.5000 E_neg=1122292.3750 margin=6346.8750 E_wtd=0.792454 MSE=0.522759 neg_dist=7.3482 lang_grad0=0.0000 lang_gradK=0.0000 lang_disp=0.0000 step=0.0000 sigma=0.0000
[CD-DIAG step=6800] E_pos=1098089.2500 E_neg=1103366.1250 margin=5276.8750 E_wtd=2.525175 MSE=0.526325 neg_dist=7.4638 lang_grad0=0.0000 lang_gradK=0.0000 lang_disp=0.0000 step=0.0000 sigma=0.0000
[CD-DIAG step=6900] E_pos=1084450.6250 E_neg=1089571.0000 margin=5120.3750 E_wtd=0.881872 MSE=0.524126 neg_dist=6.5202 lang_grad0=0.0000 lang_gradK=0.0000 lang_disp=0.0000 step=0.0000 sigma=0.0000
[CD-DIAG step=7000] E_pos=1047528.4375 E_neg=1051667.7500 margin=4139.3125 E_wtd=2.259409 MSE=0.534914 neg_dist=6.5480 lang_grad0=0.0000 lang_gradK=0.0000 lang_disp=0.0000 step=0.0000 sigma=0.0000
Running Evaluation...
Validation Result @ Iteration 7000; Milestone = 7 (Train)
---------  --------
mse_error  0.786322
---------  --------
