Job started at Wed Jan 21 16:45:18 EST 2026
Running on host: holygpu8a22302.rc.fas.harvard.edu
Job ID: 56243536 (Array Job ID: 56216344, Task ID: 6)
Seed: 6
Git URL: https://github.com/mdkrasnow/research-repo.git
Git SHA: 294cd74015bf00320797fd389966e96c8b340c99
Work directory: /tmp/ired-job-56243536
GPU info:
Wed Jan 21 16:45:18 2026       
+-----------------------------------------------------------------------------------------+
| NVIDIA-SMI 575.57.08              Driver Version: 575.57.08      CUDA Version: 12.9     |
|-----------------------------------------+------------------------+----------------------+
| GPU  Name                 Persistence-M | Bus-Id          Disp.A | Volatile Uncorr. ECC |
| Fan  Temp   Perf          Pwr:Usage/Cap |           Memory-Usage | GPU-Util  Compute M. |
|                                         |                        |               MIG M. |
|=========================================+========================+======================|
|   0  NVIDIA A100-SXM4-80GB          On  |   00000000:4B:00.0 Off |                    0 |
| N/A   27C    P0             58W /  500W |       0MiB /  81920MiB |      0%      Default |
|                                         |                        |             Disabled |
+-----------------------------------------+------------------------+----------------------+
                                                                                         
+-----------------------------------------------------------------------------------------+
| Processes:                                                                              |
|  GPU   GI   CI              PID   Type   Process name                        GPU Memory |
|        ID   ID                                                               Usage      |
|=========================================================================================|
|  No running processes found                                                             |
+-----------------------------------------------------------------------------------------+
Cloning repository...
Repository cloned and checked out to: 294cd74
Repository info:
294cd74 Fix PyHessian eigenvalue return format - extract first element
Starting matrix inversion baseline (no mining) with seed 6...
