Job started at Sun Feb 22 13:21:33 EST 2026
Running on host: holygpu8a27201.rc.fas.harvard.edu
Job ID: 61637400
GPU info:
Sun Feb 22 13:21:34 2026       
+-----------------------------------------------------------------------------------------+
| NVIDIA-SMI 575.57.08              Driver Version: 575.57.08      CUDA Version: 12.9     |
|-----------------------------------------+------------------------+----------------------+
| GPU  Name                 Persistence-M | Bus-Id          Disp.A | Volatile Uncorr. ECC |
| Fan  Temp   Perf          Pwr:Usage/Cap |           Memory-Usage | GPU-Util  Compute M. |
|                                         |                        |               MIG M. |
|=========================================+========================+======================|
|   0  NVIDIA A100-SXM4-80GB          On  |   00000000:31:00.0 Off |                    0 |
| N/A   32C    P0             60W /  500W |       0MiB /  81920MiB |      0%      Default |
|                                         |                        |             Disabled |
+-----------------------------------------+------------------------+----------------------+
                                                                                         
+-----------------------------------------------------------------------------------------+
| Processes:                                                                              |
|  GPU   GI   CI              PID   Type   Process name                        GPU Memory |
|        ID   ID                                                               Usage      |
|=========================================================================================|
|  No running processes found                                                             |
+-----------------------------------------------------------------------------------------+
Cloning repository...
Repository cloned and checked out to: e0a551c
e0a551c Resubmit q220 after force push (job 61628694)
Starting q211: Baseline (no mining, scalar energy, no energy loss) — 8 seeds for paired comparison...
Loading configuration from: projects/ired/configs/q211_scalar_baseline_newcode.json
Configuration saved to: results/ds_inverse/q211_scalar_baseline_newcode/experiment_config.json
Setting random seed: 0
Starting experiment with mining strategy: none
Configuration: {
  "experiment_name": "q211_scalar_baseline_newcode",
  "description": "SANITY CHECK: Scalar energy head, no mining, using current codebase (q210 code path with grad_norm_ref=2048). Should reproduce q209 val MSE ~0.0097. If it fails, the new code path itself is broken independent of contrastive changes.",
  "investigation": "ired-cd",
  "ablation_stage": "sanity_check_new_code",
  "mining_strategy": "none",
  "rank": 20,
  "ood": false,
  "diffusion_steps": 10,
  "batch_size": 2048,
  "train_steps": 100000,
  "learning_rate": 0.0001,
  "use_scalar_energy": true,
  "use_ired_contrastive_loss": false,
  "use_cd_loss": false,
  "use_langevin": false,
  "use_replay_buffer": false,
  "energy_loss_weight": 0.0,
  "energy_reg_weight": 0.0,
  "use_residual_filter": false,
  "use_energy_schedule": false,
  "adam_betas": [
    0.0,
    0.999
  ],
  "output_dir": "results/ds_inverse/q211_scalar_baseline_newcode",
  "notes": "Sanity check q211: if val MSE converges to ~0.0097 => new code fine. Check MSE-DIAG pred_norm/tgt_norm/cos to verify pred grows with training. pred_norm at 100k should be ~19-20 (matching tgt_norm ~ sqrt(400)).",
  "seed": 0
}
Dataset: Inverse matrices (20x20)
Input dimension: 400, Output dimension: 400
Trainer initialized. Output directory: results/ds_inverse/q211_scalar_baseline_newcode
Training for 100000 steps...
[CD-DIAG step=100] E_pos=0.6064 E_neg=0.6064 margin=0.0000 E_wtd=0.000000 MSE=0.999260 gradE=0.0331 pred_norm=0.0000 pred_std=0.0000 pred_abs=0.0000 tgt_std=1.0000 tgt_abs=0.7979 cos=-0.0006 neg_dist=0.0000 lang_grad0=0.0000 lang_gradK=0.0000 lang_disp=0.0000 step=0.0000 sigma=0.0000
[CD-DIAG step=200] E_pos=8.4192 E_neg=8.4192 margin=0.0000 E_wtd=0.000000 MSE=1.002301 gradE=0.2791 pred_norm=0.0001 pred_std=0.0000 pred_abs=0.0000 tgt_std=0.9991 tgt_abs=0.7972 cos=0.0011 neg_dist=0.0000 lang_grad0=0.0000 lang_gradK=0.0000 lang_disp=0.0000 step=0.0000 sigma=0.0000
[CD-DIAG step=300] E_pos=121.0954 E_neg=121.0954 margin=0.0000 E_wtd=0.000000 MSE=0.998277 gradE=24.3335 pred_norm=0.0119 pred_std=0.0006 pred_abs=0.0005 tgt_std=1.0002 tgt_abs=0.7982 cos=-0.0005 neg_dist=0.0000 lang_grad0=0.0000 lang_gradK=0.0000 lang_disp=0.0000 step=0.0000 sigma=0.0000
[CD-DIAG step=400] E_pos=4657.2041 E_neg=4657.2041 margin=0.0000 E_wtd=0.000000 MSE=0.992020 gradE=730.8352 pred_norm=0.3568 pred_std=0.0181 pred_abs=0.0142 tgt_std=1.0006 tgt_abs=0.7989 cos=0.0027 neg_dist=0.0000 lang_grad0=0.0000 lang_gradK=0.0000 lang_disp=0.0000 step=0.0000 sigma=0.0000
[CD-DIAG step=500] E_pos=29624.3926 E_neg=29624.3926 margin=0.0000 E_wtd=0.000000 MSE=0.887247 gradE=6289.1978 pred_norm=3.0671 pred_std=0.1574 pred_abs=0.1225 tgt_std=1.0009 tgt_abs=0.7984 cos=-0.0020 neg_dist=0.0000 lang_grad0=0.0000 lang_gradK=0.0000 lang_disp=0.0000 step=0.0000 sigma=0.0000
[CD-DIAG step=600] E_pos=92492.4141 E_neg=92492.4141 margin=0.0000 E_wtd=0.000000 MSE=0.666520 gradE=19120.1211 pred_norm=9.3326 pred_std=0.4914 pred_abs=0.3726 tgt_std=1.0006 tgt_abs=0.7979 cos=0.0006 neg_dist=0.0000 lang_grad0=0.0000 lang_gradK=0.0000 lang_disp=0.0000 step=0.0000 sigma=0.0000
[CD-DIAG step=700] E_pos=115438.7031 E_neg=115438.7031 margin=0.0000 E_wtd=0.000000 MSE=0.579178 gradE=23698.5762 pred_norm=11.5727 pred_std=0.6155 pred_abs=0.4619 tgt_std=1.0006 tgt_abs=0.7984 cos=0.0000 neg_dist=0.0000 lang_grad0=0.0000 lang_gradK=0.0000 lang_disp=0.0000 step=0.0000 sigma=0.0000
[CD-DIAG step=800] E_pos=236714.3281 E_neg=236714.3281 margin=0.0000 E_wtd=0.000000 MSE=0.508087 gradE=25768.7559 pred_norm=12.5656 pred_std=0.6587 pred_abs=0.5015 tgt_std=0.9993 tgt_abs=0.7975 cos=-0.0000 neg_dist=0.0000 lang_grad0=0.0000 lang_gradK=0.0000 lang_disp=0.0000 step=0.0000 sigma=0.0000
[CD-DIAG step=900] E_pos=304196.5625 E_neg=304196.5625 margin=0.0000 E_wtd=0.000000 MSE=0.454349 gradE=28096.5137 pred_norm=13.6950 pred_std=0.7125 pred_abs=0.5470 tgt_std=1.0005 tgt_abs=0.7981 cos=0.0016 neg_dist=0.0000 lang_grad0=0.0000 lang_gradK=0.0000 lang_disp=0.0000 step=0.0000 sigma=0.0000
[CD-DIAG step=1000] E_pos=337204.5000 E_neg=337204.5000 margin=0.0000 E_wtd=0.000000 MSE=0.419879 gradE=29310.3359 pred_norm=14.3206 pred_std=0.7443 pred_abs=0.5717 tgt_std=0.9995 tgt_abs=0.7976 cos=-0.0008 neg_dist=0.0000 lang_grad0=0.0000 lang_gradK=0.0000 lang_disp=0.0000 step=0.0000 sigma=0.0000
Running Evaluation...
Validation Result @ Iteration 1000; Milestone = 1 (Train)
---------  -------
mse_error  2.73931
---------  -------
Validation Result @ Iteration 1000; Milestone = 1 (ID: Validation)
---  -------
mse  2.74012
---  -------
[CD-DIAG step=1100] E_pos=352386.1875 E_neg=352386.1875 margin=0.0000 E_wtd=0.000000 MSE=0.385974 gradE=30513.5195 pred_norm=14.9093 pred_std=0.7727 pred_abs=0.5952 tgt_std=1.0004 tgt_abs=0.7987 cos=-0.0001 neg_dist=0.0000 lang_grad0=0.0000 lang_gradK=0.0000 lang_disp=0.0000 step=0.0000 sigma=0.0000
[CD-DIAG step=1200] E_pos=358502.4375 E_neg=358502.4375 margin=0.0000 E_wtd=0.000000 MSE=0.359231 gradE=31046.8906 pred_norm=15.1548 pred_std=0.7858 pred_abs=0.6053 tgt_std=0.9999 tgt_abs=0.7976 cos=0.0003 neg_dist=0.0000 lang_grad0=0.0000 lang_gradK=0.0000 lang_disp=0.0000 step=0.0000 sigma=0.0000
[CD-DIAG step=1300] E_pos=364829.6250 E_neg=364829.6250 margin=0.0000 E_wtd=0.000000 MSE=0.329828 gradE=31935.0918 pred_norm=15.5905 pred_std=0.8055 pred_abs=0.6224 tgt_std=1.0004 tgt_abs=0.7984 cos=-0.0009 neg_dist=0.0000 lang_grad0=0.0000 lang_gradK=0.0000 lang_disp=0.0000 step=0.0000 sigma=0.0000
[CD-DIAG step=1400] E_pos=428510.7188 E_neg=428510.7188 margin=0.0000 E_wtd=0.000000 MSE=0.293870 gradE=32457.0469 pred_norm=15.8122 pred_std=0.8128 pred_abs=0.6308 tgt_std=1.0009 tgt_abs=0.7988 cos=0.0009 neg_dist=0.0000 lang_grad0=0.0000 lang_gradK=0.0000 lang_disp=0.0000 step=0.0000 sigma=0.0000
[CD-DIAG step=1500] E_pos=376915.3125 E_neg=376915.3125 margin=0.0000 E_wtd=0.000000 MSE=0.283708 gradE=33351.4453 pred_norm=16.2807 pred_std=0.8372 pred_abs=0.6496 tgt_std=1.0007 tgt_abs=0.7985 cos=-0.0012 neg_dist=0.0000 lang_grad0=0.0000 lang_gradK=0.0000 lang_disp=0.0000 step=0.0000 sigma=0.0000
[CD-DIAG step=1600] E_pos=416051.4062 E_neg=416051.4062 margin=0.0000 E_wtd=0.000000 MSE=0.260888 gradE=33654.7930 pred_norm=16.4406 pred_std=0.8428 pred_abs=0.6560 tgt_std=0.9996 tgt_abs=0.7974 cos=0.0012 neg_dist=0.0000 lang_grad0=0.0000 lang_gradK=0.0000 lang_disp=0.0000 step=0.0000 sigma=0.0000
[CD-DIAG step=1700] E_pos=396731.0000 E_neg=396731.0000 margin=0.0000 E_wtd=0.000000 MSE=0.248163 gradE=34129.4062 pred_norm=16.6742 pred_std=0.8549 pred_abs=0.6656 tgt_std=1.0012 tgt_abs=0.7988 cos=0.0000 neg_dist=0.0000 lang_grad0=0.0000 lang_gradK=0.0000 lang_disp=0.0000 step=0.0000 sigma=0.0000
[CD-DIAG step=1800] E_pos=412368.1250 E_neg=412368.1250 margin=0.0000 E_wtd=0.000000 MSE=0.230179 gradE=34641.7891 pred_norm=16.8886 pred_std=0.8639 pred_abs=0.6739 tgt_std=1.0010 tgt_abs=0.7988 cos=-0.0004 neg_dist=0.0000 lang_grad0=0.0000 lang_gradK=0.0000 lang_disp=0.0000 step=0.0000 sigma=0.0000
[CD-DIAG step=1900] E_pos=431195.4688 E_neg=431195.4688 margin=0.0000 E_wtd=0.000000 MSE=0.217000 gradE=34210.3320 pred_norm=16.7004 pred_std=0.8551 pred_abs=0.6667 tgt_std=1.0001 tgt_abs=0.7977 cos=0.0010 neg_dist=0.0000 lang_grad0=0.0000 lang_gradK=0.0000 lang_disp=0.0000 step=0.0000 sigma=0.0000
[CD-DIAG step=2000] E_pos=421535.7500 E_neg=421535.7500 margin=0.0000 E_wtd=0.000000 MSE=0.205079 gradE=35046.9414 pred_norm=17.1222 pred_std=0.8734 pred_abs=0.6834 tgt_std=0.9997 tgt_abs=0.7981 cos=0.0006 neg_dist=0.0000 lang_grad0=0.0000 lang_gradK=0.0000 lang_disp=0.0000 step=0.0000 sigma=0.0000
Running Evaluation...
Validation Result @ Iteration 2000; Milestone = 2 (Train)
---------  -------
mse_error  1.30058
---------  -------
Validation Result @ Iteration 2000; Milestone = 2 (ID: Validation)
---  -------
mse  1.29872
---  -------
[CD-DIAG step=2100] E_pos=400956.2500 E_neg=400956.2500 margin=0.0000 E_wtd=0.000000 MSE=0.185976 gradE=36365.2188 pred_norm=17.7337 pred_std=0.9036 pred_abs=0.7076 tgt_std=1.0000 tgt_abs=0.7980 cos=-0.0000 neg_dist=0.0000 lang_grad0=0.0000 lang_gradK=0.0000 lang_disp=0.0000 step=0.0000 sigma=0.0000
[CD-DIAG step=2200] E_pos=412718.2500 E_neg=412718.2500 margin=0.0000 E_wtd=0.000000 MSE=0.172255 gradE=36746.0508 pred_norm=17.9286 pred_std=0.9107 pred_abs=0.7156 tgt_std=1.0000 tgt_abs=0.7976 cos=0.0011 neg_dist=0.0000 lang_grad0=0.0000 lang_gradK=0.0000 lang_disp=0.0000 step=0.0000 sigma=0.0000
[CD-DIAG step=2300] E_pos=443322.8750 E_neg=443322.8750 margin=0.0000 E_wtd=0.000000 MSE=0.168616 gradE=35827.2266 pred_norm=17.4980 pred_std=0.8906 pred_abs=0.6981 tgt_std=0.9998 tgt_abs=0.7977 cos=-0.0004 neg_dist=0.0000 lang_grad0=0.0000 lang_gradK=0.0000 lang_disp=0.0000 step=0.0000 sigma=0.0000
[CD-DIAG step=2400] E_pos=427671.5312 E_neg=427671.5312 margin=0.0000 E_wtd=0.000000 MSE=0.166027 gradE=36139.5898 pred_norm=17.6595 pred_std=0.8983 pred_abs=0.7048 tgt_std=0.9995 tgt_abs=0.7979 cos=0.0006 neg_dist=0.0000 lang_grad0=0.0000 lang_gradK=0.0000 lang_disp=0.0000 step=0.0000 sigma=0.0000
[CD-DIAG step=2500] E_pos=408570.5000 E_neg=408570.5000 margin=0.0000 E_wtd=0.000000 MSE=0.155964 gradE=36968.9766 pred_norm=18.0635 pred_std=0.9172 pred_abs=0.7207 tgt_std=0.9989 tgt_abs=0.7968 cos=-0.0004 neg_dist=0.0000 lang_grad0=0.0000 lang_gradK=0.0000 lang_disp=0.0000 step=0.0000 sigma=0.0000
[CD-DIAG step=2600] E_pos=408617.4062 E_neg=408617.4062 margin=0.0000 E_wtd=0.000000 MSE=0.147069 gradE=37156.6328 pred_norm=18.1716 pred_std=0.9226 pred_abs=0.7255 tgt_std=1.0004 tgt_abs=0.7981 cos=0.0009 neg_dist=0.0000 lang_grad0=0.0000 lang_gradK=0.0000 lang_disp=0.0000 step=0.0000 sigma=0.0000
[CD-DIAG step=2700] E_pos=430941.2500 E_neg=430941.2500 margin=0.0000 E_wtd=0.000000 MSE=0.145825 gradE=36733.4141 pred_norm=17.9439 pred_std=0.9109 pred_abs=0.7164 tgt_std=0.9997 tgt_abs=0.7980 cos=0.0011 neg_dist=0.0000 lang_grad0=0.0000 lang_gradK=0.0000 lang_disp=0.0000 step=0.0000 sigma=0.0000
[CD-DIAG step=2800] E_pos=405592.1562 E_neg=405592.1562 margin=0.0000 E_wtd=0.000000 MSE=0.142440 gradE=37668.1602 pred_norm=18.3964 pred_std=0.9338 pred_abs=0.7344 tgt_std=0.9996 tgt_abs=0.7974 cos=0.0010 neg_dist=0.0000 lang_grad0=0.0000 lang_gradK=0.0000 lang_disp=0.0000 step=0.0000 sigma=0.0000
[CD-DIAG step=2900] E_pos=435463.3750 E_neg=435463.3750 margin=0.0000 E_wtd=0.000000 MSE=0.135665 gradE=36605.9531 pred_norm=17.8918 pred_std=0.9089 pred_abs=0.7139 tgt_std=1.0009 tgt_abs=0.7987 cos=-0.0006 neg_dist=0.0000 lang_grad0=0.0000 lang_gradK=0.0000 lang_disp=0.0000 step=0.0000 sigma=0.0000
[CD-DIAG step=3000] E_pos=385843.1875 E_neg=385843.1875 margin=0.0000 E_wtd=0.000000 MSE=0.127161 gradE=38352.9531 pred_norm=18.7475 pred_std=0.9502 pred_abs=0.7481 tgt_std=0.9995 tgt_abs=0.7975 cos=-0.0007 neg_dist=0.0000 lang_grad0=0.0000 lang_gradK=0.0000 lang_disp=0.0000 step=0.0000 sigma=0.0000
Running Evaluation...
Validation Result @ Iteration 3000; Milestone = 3 (Train)
---------  --------
mse_error  0.845805
---------  --------
Validation Result @ Iteration 3000; Milestone = 3 (ID: Validation)
---  --------
mse  0.847691
---  --------
[CD-DIAG step=3100] E_pos=441285.8750 E_neg=441285.8750 margin=0.0000 E_wtd=0.000000 MSE=0.126410 gradE=37062.7461 pred_norm=18.1025 pred_std=0.9183 pred_abs=0.7222 tgt_std=0.9998 tgt_abs=0.7979 cos=0.0000 neg_dist=0.0000 lang_grad0=0.0000 lang_gradK=0.0000 lang_disp=0.0000 step=0.0000 sigma=0.0000
[CD-DIAG step=3200] E_pos=453881.3750 E_neg=453881.3750 margin=0.0000 E_wtd=0.000000 MSE=0.122225 gradE=36908.5859 pred_norm=18.0249 pred_std=0.9144 pred_abs=0.7195 tgt_std=0.9993 tgt_abs=0.7976 cos=-0.0004 neg_dist=0.0000 lang_grad0=0.0000 lang_gradK=0.0000 lang_disp=0.0000 step=0.0000 sigma=0.0000
[CD-DIAG step=3300] E_pos=451491.6875 E_neg=451491.6875 margin=0.0000 E_wtd=0.000000 MSE=0.114138 gradE=37164.1875 pred_norm=18.1486 pred_std=0.9192 pred_abs=0.7244 tgt_std=0.9988 tgt_abs=0.7968 cos=-0.0031 neg_dist=0.0000 lang_grad0=0.0000 lang_gradK=0.0000 lang_disp=0.0000 step=0.0000 sigma=0.0000
[CD-DIAG step=3400] E_pos=458234.5312 E_neg=458234.5312 margin=0.0000 E_wtd=0.000000 MSE=0.111440 gradE=37131.2227 pred_norm=18.1071 pred_std=0.9173 pred_abs=0.7226 tgt_std=1.0015 tgt_abs=0.7992 cos=-0.0011 neg_dist=0.0000 lang_grad0=0.0000 lang_gradK=0.0000 lang_disp=0.0000 step=0.0000 sigma=0.0000
[CD-DIAG step=3500] E_pos=446778.0625 E_neg=446778.0625 margin=0.0000 E_wtd=0.000000 MSE=0.109008 gradE=37271.7539 pred_norm=18.2008 pred_std=0.9224 pred_abs=0.7269 tgt_std=1.0005 tgt_abs=0.7987 cos=0.0008 neg_dist=0.0000 lang_grad0=0.0000 lang_gradK=0.0000 lang_disp=0.0000 step=0.0000 sigma=0.0000
