Cloning into '/tmp/ired-job-62418702'...
Note: switching to '232368000bf8ba4410e6920be7cf70351f1f0bda'.

You are in 'detached HEAD' state. You can look around, make experimental
changes and commit them, and you can discard any commits you make in this
state without impacting any branches by switching back to a branch.

If you want to create a new branch to retain commits you create, you may
do so (now or later) by using -c with the switch command. Example:

  git switch -c <new-branch-name>

Or undo this operation with:

  git switch -

Turn off this advice by setting config variable advice.detachedHead to false

HEAD is now at 2323680 Split q228 smoke test across gpu_test (0-1) and seas_gpu (2-3) to avoid QOS limit
usage: matrix_inversion_mining.py [-h] [--config CONFIG]
                                  [--mining-strategy {none,random,adversarial}]
                                  [--rank RANK] [--ood OOD]
                                  [--diffusion-steps DIFFUSION_STEPS]
                                  [--batch-size BATCH_SIZE]
                                  [--train-steps TRAIN_STEPS]
                                  [--learning-rate LEARNING_RATE]
                                  [--mining-opt-steps MINING_OPT_STEPS]
                                  [--mining-noise-scale MINING_NOISE_SCALE]
                                  [--seed SEED] [--output-dir OUTPUT_DIR]
matrix_inversion_mining.py: error: unrecognized arguments: --train_steps 100
