Job started at Wed Feb 18 22:03:05 EST 2026
Running on host: holygpu8a22306.rc.fas.harvard.edu
Job ID: 61083605
Git URL: https://github.com/mdkrasnow/research-repo.git
Git SHA: 9125a0270f59e8930ae21028cf3fbfb301762a93
Work directory: /tmp/ired-job-61083605
GPU info:
Wed Feb 18 22:03:05 2026       
+-----------------------------------------------------------------------------------------+
| NVIDIA-SMI 575.57.08              Driver Version: 575.57.08      CUDA Version: 12.9     |
|-----------------------------------------+------------------------+----------------------+
| GPU  Name                 Persistence-M | Bus-Id          Disp.A | Volatile Uncorr. ECC |
| Fan  Temp   Perf          Pwr:Usage/Cap |           Memory-Usage | GPU-Util  Compute M. |
|                                         |                        |               MIG M. |
|=========================================+========================+======================|
|   0  NVIDIA A100-SXM4-80GB          On  |   00000000:4B:00.0 Off |                    0 |
| N/A   28C    P0             61W /  500W |       0MiB /  81920MiB |      0%      Default |
|                                         |                        |             Disabled |
+-----------------------------------------+------------------------+----------------------+
                                                                                         
+-----------------------------------------------------------------------------------------+
| Processes:                                                                              |
|  GPU   GI   CI              PID   Type   Process name                        GPU Memory |
|        ID   ID                                                               Usage      |
|=========================================================================================|
|  No running processes found                                                             |
+-----------------------------------------------------------------------------------------+
Cloning repository...
Repository cloned and checked out to: 9125a02
Repository info:
9125a02 Add CD diagnostic logging and Langevin displacement tracking
Starting IRED-CD Stage 2 (CD loss + Langevin + Replay buffer)...
Loading configuration from: projects/ired/configs/q203_cd_replay.json
Configuration saved to: results/ds_inverse/q203_cd_replay/experiment_config.json
Setting random seed: 3
Starting experiment with mining strategy: cd_langevin_replay
Configuration: {
  "experiment_name": "q203_cd_replay",
  "description": "IRED-CD Investigation - Stage 2: CD loss + Langevin + Replay buffer",
  "investigation": "ired-cd",
  "ablation_stage": "cd_replay",
  "mining_strategy": "cd_langevin_replay",
  "rank": 20,
  "ood": false,
  "diffusion_steps": 10,
  "batch_size": 2048,
  "train_steps": 20000,
  "learning_rate": 0.0001,
  "mining_opt_steps": 10,
  "energy_reg_weight": 0.1,
  "mining_noise_scale": 1.5,
  "langevin_sigma_multiplier": 0.1,
  "use_langevin": true,
  "use_replay_buffer": true,
  "replay_buffer_size": 10000,
  "replay_buffer_buckets": 16,
  "replay_sample_prob": 0.95,
  "use_cd_loss": true,
  "use_residual_filter": false,
  "use_energy_schedule": false,
  "energy_loss_weight": 0.05,
  "adam_betas": [
    0.0,
    0.999
  ],
  "output_dir": "results/ds_inverse/q203_cd_replay",
  "notes": "Ablation 2: Add timestep-bucketed replay buffer (16 buckets). Stores negatives in x\u209c space. p_replay=0.95. Maintains persistent chains for better mixing.",
  "seed": 3
}
Dataset: Inverse matrices (20x20)
Input dimension: 400, Output dimension: 400
Trainer initialized. Output directory: results/ds_inverse/q203_cd_replay
Training for 20000 steps...
[CD-DIAG step=100] E_pos=0.5786 E_neg=0.8620 CD_raw=-0.2834 CD_wtd=-0.014171 MSE=0.999534 neg_dist=24.6302 lang_grad0=0.0002 lang_gradK=0.0002 lang_disp=5.5545 step=0.4452 sigma=0.0911
[CD-DIAG step=200] E_pos=0.6388 E_neg=1.1160 CD_raw=-0.4772 CD_wtd=-0.023858 MSE=1.002531 neg_dist=24.9983 lang_grad0=0.0003 lang_gradK=0.0003 lang_disp=5.5557 step=0.4456 sigma=0.0911
[CD-DIAG step=300] E_pos=0.6492 E_neg=1.3062 CD_raw=-0.6571 CD_wtd=-0.032853 MSE=1.000288 neg_dist=25.4426 lang_grad0=0.0004 lang_gradK=0.0004 lang_disp=5.5258 step=0.4396 sigma=0.0906
[CD-DIAG step=400] E_pos=0.6161 E_neg=1.3492 CD_raw=-0.7330 CD_wtd=-0.036652 MSE=1.001239 neg_dist=25.5032 lang_grad0=0.0004 lang_gradK=0.0004 lang_disp=5.4945 step=0.4370 sigma=0.0903
[CD-DIAG step=500] E_pos=0.6569 E_neg=1.5204 CD_raw=-0.8635 CD_wtd=-0.043176 MSE=1.000112 neg_dist=25.7507 lang_grad0=0.0005 lang_gradK=0.0005 lang_disp=5.5117 step=0.4411 sigma=0.0907
[CD-DIAG step=600] E_pos=0.6457 E_neg=1.5061 CD_raw=-0.8604 CD_wtd=-0.043018 MSE=0.999290 neg_dist=25.6609 lang_grad0=0.0005 lang_gradK=0.0005 lang_disp=5.5213 step=0.4428 sigma=0.0909
[CD-DIAG step=700] E_pos=0.6964 E_neg=1.7166 CD_raw=-1.0202 CD_wtd=-0.051010 MSE=0.997836 neg_dist=25.7447 lang_grad0=0.0005 lang_gradK=0.0005 lang_disp=5.5032 step=0.4401 sigma=0.0906
[CD-DIAG step=800] E_pos=0.7374 E_neg=1.8984 CD_raw=-1.1609 CD_wtd=-0.058047 MSE=0.998904 neg_dist=25.9869 lang_grad0=0.0005 lang_gradK=0.0005 lang_disp=5.5805 step=0.4538 sigma=0.0920
[CD-DIAG step=900] E_pos=0.7628 E_neg=1.9412 CD_raw=-1.1784 CD_wtd=-0.058920 MSE=0.999978 neg_dist=25.5849 lang_grad0=0.0005 lang_gradK=0.0005 lang_disp=5.5672 step=0.4496 sigma=0.0915
[CD-DIAG step=1000] E_pos=0.7997 E_neg=2.1914 CD_raw=-1.3918 CD_wtd=-0.069589 MSE=0.997867 neg_dist=25.7069 lang_grad0=0.0006 lang_gradK=0.0006 lang_disp=5.5416 step=0.4451 sigma=0.0911
Running Evaluation...
Validation Result @ Iteration 1000; Milestone = 1 (Train)
---------  -------
mse_error  3.87495
---------  -------
Validation Result @ Iteration 1000; Milestone = 1 (ID: Validation)
---  -------
mse  3.77815
---  -------
[CD-DIAG step=1100] E_pos=0.7426 E_neg=2.3768 CD_raw=-1.6342 CD_wtd=-0.081708 MSE=1.001058 neg_dist=25.8948 lang_grad0=0.0006 lang_gradK=0.0006 lang_disp=5.5360 step=0.4458 sigma=0.0911
[CD-DIAG step=1200] E_pos=0.8023 E_neg=2.5827 CD_raw=-1.7804 CD_wtd=-0.089020 MSE=0.999017 neg_dist=26.0718 lang_grad0=0.0006 lang_gradK=0.0006 lang_disp=5.6001 step=0.4563 sigma=0.0922
[CD-DIAG step=1300] E_pos=0.7762 E_neg=2.8634 CD_raw=-2.0872 CD_wtd=-0.104358 MSE=0.997764 neg_dist=25.8871 lang_grad0=0.0006 lang_gradK=0.0006 lang_disp=5.4643 step=0.4322 sigma=0.0899
[CD-DIAG step=1400] E_pos=0.7432 E_neg=2.7801 CD_raw=-2.0369 CD_wtd=-0.101843 MSE=0.996725 neg_dist=25.8620 lang_grad0=0.0006 lang_gradK=0.0006 lang_disp=5.5587 step=0.4484 sigma=0.0915
[CD-DIAG step=1500] E_pos=0.7188 E_neg=3.0610 CD_raw=-2.3421 CD_wtd=-0.117107 MSE=0.999817 neg_dist=26.0520 lang_grad0=0.0006 lang_gradK=0.0006 lang_disp=5.5140 step=0.4396 sigma=0.0907
[CD-DIAG step=1600] E_pos=0.7290 E_neg=3.0366 CD_raw=-2.3076 CD_wtd=-0.115382 MSE=1.000812 neg_dist=25.6852 lang_grad0=0.0006 lang_gradK=0.0006 lang_disp=5.5023 step=0.4380 sigma=0.0905
[CD-DIAG step=1700] E_pos=0.7089 E_neg=3.1992 CD_raw=-2.4903 CD_wtd=-0.124514 MSE=1.002173 neg_dist=25.9250 lang_grad0=0.0006 lang_gradK=0.0007 lang_disp=5.5650 step=0.4491 sigma=0.0916
[CD-DIAG step=1800] E_pos=0.7216 E_neg=3.1218 CD_raw=-2.4002 CD_wtd=-0.120009 MSE=0.999755 neg_dist=25.4721 lang_grad0=0.0006 lang_gradK=0.0006 lang_disp=5.5654 step=0.4488 sigma=0.0915
[CD-DIAG step=1900] E_pos=0.7224 E_neg=3.2915 CD_raw=-2.5691 CD_wtd=-0.128457 MSE=1.001808 neg_dist=25.5662 lang_grad0=0.0007 lang_gradK=0.0007 lang_disp=5.5292 step=0.4442 sigma=0.0910
[CD-DIAG step=2000] E_pos=0.7077 E_neg=3.1623 CD_raw=-2.4546 CD_wtd=-0.122731 MSE=1.000126 neg_dist=25.0517 lang_grad0=0.0007 lang_gradK=0.0007 lang_disp=5.5501 step=0.4453 sigma=0.0911
Running Evaluation...
Validation Result @ Iteration 2000; Milestone = 2 (Train)
---------  -------
mse_error  3.87766
---------  -------
Validation Result @ Iteration 2000; Milestone = 2 (ID: Validation)
---  -------
mse  3.79561
---  -------
[CD-DIAG step=2100] E_pos=0.5482 E_neg=3.2770 CD_raw=-2.7288 CD_wtd=-0.136440 MSE=1.001093 neg_dist=25.5419 lang_grad0=0.0007 lang_gradK=0.0007 lang_disp=5.5564 step=0.4443 sigma=0.0912
[CD-DIAG step=2200] E_pos=0.4881 E_neg=3.2686 CD_raw=-2.7805 CD_wtd=-0.139026 MSE=0.999292 neg_dist=25.4208 lang_grad0=0.0007 lang_gradK=0.0007 lang_disp=5.5247 step=0.4405 sigma=0.0907
[CD-DIAG step=2300] E_pos=0.5375 E_neg=2.2654 CD_raw=-1.7279 CD_wtd=-0.086397 MSE=0.999682 neg_dist=23.0935 lang_grad0=0.0009 lang_gradK=0.0006 lang_disp=7.4303 step=0.4473 sigma=0.0912
[CD-DIAG step=2400] E_pos=0.4791 E_neg=3.3876 CD_raw=-2.9084 CD_wtd=-0.145422 MSE=0.999411 neg_dist=25.5398 lang_grad0=0.0008 lang_gradK=0.0008 lang_disp=5.5499 step=0.4469 sigma=0.0913
[CD-DIAG step=2500] E_pos=0.4785 E_neg=3.4790 CD_raw=-3.0005 CD_wtd=-0.150026 MSE=0.998986 neg_dist=25.5130 lang_grad0=0.0008 lang_gradK=0.0008 lang_disp=5.5647 step=0.4497 sigma=0.0916
[CD-DIAG step=2600] E_pos=0.4668 E_neg=3.6139 CD_raw=-3.1471 CD_wtd=-0.157355 MSE=1.001597 neg_dist=25.7124 lang_grad0=0.0008 lang_gradK=0.0008 lang_disp=5.5116 step=0.4409 sigma=0.0907
[CD-DIAG step=2700] E_pos=0.4808 E_neg=3.7143 CD_raw=-3.2334 CD_wtd=-0.161672 MSE=0.999313 neg_dist=25.7783 lang_grad0=0.0008 lang_gradK=0.0008 lang_disp=5.5611 step=0.4490 sigma=0.0915
[CD-DIAG step=2800] E_pos=0.4829 E_neg=3.7748 CD_raw=-3.2919 CD_wtd=-0.164595 MSE=0.997987 neg_dist=25.8860 lang_grad0=0.0008 lang_gradK=0.0008 lang_disp=5.5488 step=0.4457 sigma=0.0913
[CD-DIAG step=2900] E_pos=0.4719 E_neg=3.7398 CD_raw=-3.2679 CD_wtd=-0.163396 MSE=1.000308 neg_dist=25.8433 lang_grad0=0.0008 lang_gradK=0.0008 lang_disp=5.5597 step=0.4480 sigma=0.0915
[CD-DIAG step=3000] E_pos=0.1999 E_neg=2.5032 CD_raw=-2.3033 CD_wtd=-0.115164 MSE=0.998633 neg_dist=25.5144 lang_grad0=0.0006 lang_gradK=0.0007 lang_disp=5.4501 step=0.4302 sigma=0.0896
Running Evaluation...
Validation Result @ Iteration 3000; Milestone = 3 (Train)
---------  -------
mse_error  3.86902
---------  -------
Validation Result @ Iteration 3000; Milestone = 3 (ID: Validation)
---  -------
mse  3.74107
---  -------
[CD-DIAG step=3100] E_pos=0.2087 E_neg=2.7060 CD_raw=-2.4974 CD_wtd=-0.124869 MSE=1.000745 neg_dist=26.2315 lang_grad0=0.0007 lang_gradK=0.0007 lang_disp=5.5679 step=0.4507 sigma=0.0917
[CD-DIAG step=3200] E_pos=0.2144 E_neg=2.6162 CD_raw=-2.4018 CD_wtd=-0.120090 MSE=0.995838 neg_dist=26.0059 lang_grad0=0.0007 lang_gradK=0.0007 lang_disp=5.5551 step=0.4490 sigma=0.0915
[CD-DIAG step=3300] E_pos=0.2020 E_neg=2.6387 CD_raw=-2.4367 CD_wtd=-0.121834 MSE=0.998459 neg_dist=26.3565 lang_grad0=0.0007 lang_gradK=0.0007 lang_disp=5.5929 step=0.4551 sigma=0.0922
[CD-DIAG step=3400] E_pos=0.2082 E_neg=2.8246 CD_raw=-2.6165 CD_wtd=-0.130823 MSE=1.000940 neg_dist=26.3895 lang_grad0=0.0007 lang_gradK=0.0007 lang_disp=5.5317 step=0.4456 sigma=0.0912
[CD-DIAG step=3500] E_pos=0.1950 E_neg=2.6825 CD_raw=-2.4875 CD_wtd=-0.124376 MSE=1.000376 neg_dist=26.1139 lang_grad0=0.0007 lang_gradK=0.0007 lang_disp=5.5507 step=0.4467 sigma=0.0913
[CD-DIAG step=3600] E_pos=0.1950 E_neg=2.8062 CD_raw=-2.6111 CD_wtd=-0.130556 MSE=1.000743 neg_dist=26.2512 lang_grad0=0.0007 lang_gradK=0.0007 lang_disp=5.5435 step=0.4475 sigma=0.0913
[CD-DIAG step=3700] E_pos=0.1888 E_neg=2.6606 CD_raw=-2.4718 CD_wtd=-0.123590 MSE=1.000515 neg_dist=26.0958 lang_grad0=0.0007 lang_gradK=0.0007 lang_disp=5.5336 step=0.4456 sigma=0.0912
[CD-DIAG step=3800] E_pos=0.2037 E_neg=2.5227 CD_raw=-2.3190 CD_wtd=-0.115951 MSE=1.000304 neg_dist=25.6042 lang_grad0=0.0006 lang_gradK=0.0006 lang_disp=5.5707 step=0.4508 sigma=0.0916
[CD-DIAG step=3900] E_pos=0.1865 E_neg=2.5046 CD_raw=-2.3181 CD_wtd=-0.115905 MSE=0.999209 neg_dist=25.6300 lang_grad0=0.0006 lang_gradK=0.0006 lang_disp=5.5425 step=0.4460 sigma=0.0912
[CD-DIAG step=4000] E_pos=0.1957 E_neg=2.6405 CD_raw=-2.4449 CD_wtd=-0.122243 MSE=0.999820 neg_dist=25.8684 lang_grad0=0.0007 lang_gradK=0.0007 lang_disp=5.5399 step=0.4465 sigma=0.0911
Running Evaluation...
Validation Result @ Iteration 4000; Milestone = 4 (Train)
---------  -----
mse_error  3.859
---------  -----
Validation Result @ Iteration 4000; Milestone = 4 (ID: Validation)
---  -------
mse  3.66786
---  -------
[CD-DIAG step=4100] E_pos=0.3445 E_neg=2.0826 CD_raw=-1.7382 CD_wtd=-0.086908 MSE=0.998565 neg_dist=23.3573 lang_grad0=0.0010 lang_gradK=0.0006 lang_disp=7.4316 step=0.4453 sigma=0.0912
[CD-DIAG step=4200] E_pos=0.3254 E_neg=3.6144 CD_raw=-3.2890 CD_wtd=-0.164451 MSE=0.996164 neg_dist=26.0481 lang_grad0=0.0008 lang_gradK=0.0008 lang_disp=5.5160 step=0.4418 sigma=0.0908
[CD-DIAG step=4300] E_pos=0.3368 E_neg=3.6324 CD_raw=-3.2956 CD_wtd=-0.164780 MSE=1.000305 neg_dist=26.0079 lang_grad0=0.0008 lang_gradK=0.0008 lang_disp=5.5431 step=0.4460 sigma=0.0912
[CD-DIAG step=4400] E_pos=0.3253 E_neg=3.6317 CD_raw=-3.3064 CD_wtd=-0.165322 MSE=1.000173 neg_dist=25.8325 lang_grad0=0.0008 lang_gradK=0.0008 lang_disp=5.4991 step=0.4408 sigma=0.0905
[CD-DIAG step=4500] E_pos=0.3148 E_neg=3.6568 CD_raw=-3.3419 CD_wtd=-0.167097 MSE=0.998976 neg_dist=25.8004 lang_grad0=0.0008 lang_gradK=0.0008 lang_disp=5.4949 step=0.4379 sigma=0.0903
[CD-DIAG step=4600] E_pos=0.3412 E_neg=3.7496 CD_raw=-3.4084 CD_wtd=-0.170421 MSE=1.000034 neg_dist=26.3824 lang_grad0=0.0008 lang_gradK=0.0009 lang_disp=5.5779 step=0.4510 sigma=0.0918
[CD-DIAG step=4700] E_pos=0.2945 E_neg=3.5946 CD_raw=-3.3001 CD_wtd=-0.165005 MSE=1.002331 neg_dist=25.8605 lang_grad0=0.0008 lang_gradK=0.0008 lang_disp=5.4906 step=0.4379 sigma=0.0904
[CD-DIAG step=4800] E_pos=0.3573 E_neg=3.6907 CD_raw=-3.3334 CD_wtd=-0.166669 MSE=0.998532 neg_dist=26.0548 lang_grad0=0.0008 lang_gradK=0.0008 lang_disp=5.5823 step=0.4519 sigma=0.0919
[CD-DIAG step=4900] E_pos=0.3388 E_neg=3.6231 CD_raw=-3.2843 CD_wtd=-0.164213 MSE=1.000743 neg_dist=25.8527 lang_grad0=0.0008 lang_gradK=0.0008 lang_disp=5.5633 step=0.4499 sigma=0.0916
[CD-DIAG step=5000] E_pos=0.3413 E_neg=3.7257 CD_raw=-3.3844 CD_wtd=-0.169219 MSE=0.998235 neg_dist=26.0430 lang_grad0=0.0008 lang_gradK=0.0008 lang_disp=5.5717 step=0.4515 sigma=0.0917
Running Evaluation...
Validation Result @ Iteration 5000; Milestone = 5 (Train)
---------  -------
mse_error  3.85568
---------  -------
Validation Result @ Iteration 5000; Milestone = 5 (ID: Validation)
---  -------
mse  3.63031
---  -------
[CD-DIAG step=5100] E_pos=0.3346 E_neg=3.5778 CD_raw=-3.2433 CD_wtd=-0.162163 MSE=1.000515 neg_dist=25.9974 lang_grad0=0.0008 lang_gradK=0.0008 lang_disp=5.6168 step=0.4593 sigma=0.0925
[CD-DIAG step=5200] E_pos=0.1482 E_neg=2.8442 CD_raw=-2.6960 CD_wtd=-0.134801 MSE=0.999671 neg_dist=25.9913 lang_grad0=0.0007 lang_gradK=0.0007 lang_disp=5.5028 step=0.4400 sigma=0.0906
[CD-DIAG step=5300] E_pos=0.1688 E_neg=2.5988 CD_raw=-2.4300 CD_wtd=-0.121502 MSE=0.998546 neg_dist=25.8284 lang_grad0=0.0007 lang_gradK=0.0007 lang_disp=5.6124 step=0.4589 sigma=0.0925
[CD-DIAG step=5400] E_pos=0.1509 E_neg=2.4434 CD_raw=-2.2925 CD_wtd=-0.114625 MSE=0.995935 neg_dist=25.4129 lang_grad0=0.0006 lang_gradK=0.0006 lang_disp=5.5522 step=0.4473 sigma=0.0913
[CD-DIAG step=5500] E_pos=0.1475 E_neg=2.4835 CD_raw=-2.3360 CD_wtd=-0.116802 MSE=0.998945 neg_dist=25.2338 lang_grad0=0.0007 lang_gradK=0.0007 lang_disp=5.5104 step=0.4396 sigma=0.0905
[CD-DIAG step=5600] E_pos=0.3180 E_neg=3.6893 CD_raw=-3.3713 CD_wtd=-0.168563 MSE=1.000430 neg_dist=25.6872 lang_grad0=0.0008 lang_gradK=0.0009 lang_disp=5.5376 step=0.4440 sigma=0.0910
[CD-DIAG step=5700] E_pos=0.1415 E_neg=2.5844 CD_raw=-2.4429 CD_wtd=-0.122144 MSE=0.998450 neg_dist=25.8161 lang_grad0=0.0007 lang_gradK=0.0007 lang_disp=5.5442 step=0.4456 sigma=0.0911
[CD-DIAG step=5800] E_pos=0.1645 E_neg=2.9777 CD_raw=-2.8132 CD_wtd=-0.140659 MSE=0.998037 neg_dist=26.3477 lang_grad0=0.0007 lang_gradK=0.0008 lang_disp=5.5539 step=0.4473 sigma=0.0914
[CD-DIAG step=5900] E_pos=0.1818 E_neg=3.0983 CD_raw=-2.9164 CD_wtd=-0.145822 MSE=1.000100 neg_dist=26.2832 lang_grad0=0.0008 lang_gradK=0.0008 lang_disp=5.5607 step=0.4494 sigma=0.0916
[CD-DIAG step=6000] E_pos=0.1750 E_neg=3.1263 CD_raw=-2.9513 CD_wtd=-0.147567 MSE=0.998860 neg_dist=26.2559 lang_grad0=0.0008 lang_gradK=0.0008 lang_disp=5.5344 step=0.4455 sigma=0.0912
Running Evaluation...
Validation Result @ Iteration 6000; Milestone = 6 (Train)
---------  -------
mse_error  3.84988
---------  -------
Validation Result @ Iteration 6000; Milestone = 6 (ID: Validation)
---  -------
mse  3.59399
---  -------
[CD-DIAG step=6100] E_pos=0.2913 E_neg=3.6089 CD_raw=-3.3176 CD_wtd=-0.165882 MSE=0.998423 neg_dist=25.8849 lang_grad0=0.0008 lang_gradK=0.0008 lang_disp=5.5368 step=0.4446 sigma=0.0912
[CD-DIAG step=6200] E_pos=0.3067 E_neg=3.6029 CD_raw=-3.2962 CD_wtd=-0.164811 MSE=1.000507 neg_dist=25.7296 lang_grad0=0.0008 lang_gradK=0.0008 lang_disp=5.5629 step=0.4487 sigma=0.0914
[CD-DIAG step=6300] E_pos=0.2985 E_neg=3.5552 CD_raw=-3.2568 CD_wtd=-0.162839 MSE=1.000232 neg_dist=25.5586 lang_grad0=0.0008 lang_gradK=0.0008 lang_disp=5.5398 step=0.4435 sigma=0.0910
[CD-DIAG step=6400] E_pos=0.2927 E_neg=2.2938 CD_raw=-2.0011 CD_wtd=-0.100054 MSE=0.999831 neg_dist=23.1553 lang_grad0=0.0011 lang_gradK=0.0006 lang_disp=7.4562 step=0.4485 sigma=0.0914
[CD-DIAG step=6500] E_pos=0.3057 E_neg=2.3508 CD_raw=-2.0451 CD_wtd=-0.102257 MSE=1.000541 neg_dist=23.1458 lang_grad0=0.0011 lang_gradK=0.0006 lang_disp=7.4212 step=0.4444 sigma=0.0910
[CD-DIAG step=6600] E_pos=0.3040 E_neg=3.7863 CD_raw=-3.4824 CD_wtd=-0.174118 MSE=1.000382 neg_dist=25.7811 lang_grad0=0.0009 lang_gradK=0.0009 lang_disp=5.5305 step=0.4434 sigma=0.0910
[CD-DIAG step=6700] E_pos=0.2946 E_neg=3.8530 CD_raw=-3.5584 CD_wtd=-0.177918 MSE=1.000848 neg_dist=26.0438 lang_grad0=0.0009 lang_gradK=0.0009 lang_disp=5.5502 step=0.4481 sigma=0.0914
[CD-DIAG step=6800] E_pos=0.2828 E_neg=3.9385 CD_raw=-3.6557 CD_wtd=-0.182786 MSE=0.996799 neg_dist=26.1404 lang_grad0=0.0009 lang_gradK=0.0009 lang_disp=5.5321 step=0.4445 sigma=0.0911
[CD-DIAG step=6900] E_pos=0.2842 E_neg=3.9920 CD_raw=-3.7078 CD_wtd=-0.185391 MSE=0.998287 neg_dist=26.1021 lang_grad0=0.0009 lang_gradK=0.0009 lang_disp=5.4975 step=0.4379 sigma=0.0905
[CD-DIAG step=7000] E_pos=0.2716 E_neg=3.7849 CD_raw=-3.5133 CD_wtd=-0.175667 MSE=1.003229 neg_dist=25.9623 lang_grad0=0.0009 lang_gradK=0.0009 lang_disp=5.5248 step=0.4437 sigma=0.0909
Running Evaluation...
Validation Result @ Iteration 7000; Milestone = 7 (Train)
---------  -------
mse_error  3.84638
---------  -------
Validation Result @ Iteration 7000; Milestone = 7 (ID: Validation)
---  -------
mse  3.57023
---  -------
[CD-DIAG step=7100] E_pos=0.2883 E_neg=3.9211 CD_raw=-3.6328 CD_wtd=-0.181638 MSE=1.000245 neg_dist=26.3152 lang_grad0=0.0009 lang_gradK=0.0009 lang_disp=5.5653 step=0.4518 sigma=0.0918
[CD-DIAG step=7200] E_pos=0.3239 E_neg=4.0002 CD_raw=-3.6763 CD_wtd=-0.183816 MSE=0.998551 neg_dist=26.2698 lang_grad0=0.0009 lang_gradK=0.0009 lang_disp=5.5820 step=0.4540 sigma=0.0920
[CD-DIAG step=7300] E_pos=0.2831 E_neg=3.8462 CD_raw=-3.5630 CD_wtd=-0.178152 MSE=1.001349 neg_dist=26.2284 lang_grad0=0.0009 lang_gradK=0.0009 lang_disp=5.5807 step=0.4525 sigma=0.0919
[CD-DIAG step=7400] E_pos=0.3106 E_neg=3.9425 CD_raw=-3.6320 CD_wtd=-0.181599 MSE=0.999443 neg_dist=25.9214 lang_grad0=0.0009 lang_gradK=0.0009 lang_disp=5.5029 step=0.4410 sigma=0.0906
[CD-DIAG step=7500] E_pos=0.1484 E_neg=2.7421 CD_raw=-2.5936 CD_wtd=-0.129680 MSE=1.002186 neg_dist=25.7483 lang_grad0=0.0007 lang_gradK=0.0007 lang_disp=5.5434 step=0.4466 sigma=0.0912
[CD-DIAG step=7600] E_pos=0.1607 E_neg=2.7381 CD_raw=-2.5774 CD_wtd=-0.128872 MSE=1.002242 neg_dist=25.5525 lang_grad0=0.0007 lang_gradK=0.0007 lang_disp=5.5355 step=0.4428 sigma=0.0910
[CD-DIAG step=7700] E_pos=0.1847 E_neg=3.0022 CD_raw=-2.8174 CD_wtd=-0.140871 MSE=0.999295 neg_dist=25.3468 lang_grad0=0.0007 lang_gradK=0.0007 lang_disp=5.4999 step=0.4396 sigma=0.0906
[CD-DIAG step=7800] E_pos=0.1844 E_neg=3.0708 CD_raw=-2.8863 CD_wtd=-0.144317 MSE=1.000583 neg_dist=25.6960 lang_grad0=0.0007 lang_gradK=0.0008 lang_disp=5.5123 step=0.4401 sigma=0.0908
[CD-DIAG step=7900] E_pos=0.1845 E_neg=3.1351 CD_raw=-2.9506 CD_wtd=-0.147531 MSE=0.997452 neg_dist=25.7638 lang_grad0=0.0008 lang_gradK=0.0008 lang_disp=5.5352 step=0.4463 sigma=0.0912
[CD-DIAG step=8000] E_pos=0.1563 E_neg=3.0415 CD_raw=-2.8852 CD_wtd=-0.144259 MSE=0.996601 neg_dist=25.9032 lang_grad0=0.0008 lang_gradK=0.0008 lang_disp=5.5419 step=0.4443 sigma=0.0911
Running Evaluation...
Validation Result @ Iteration 8000; Milestone = 8 (Train)
---------  -------
mse_error  3.84471
---------  -------
Validation Result @ Iteration 8000; Milestone = 8 (ID: Validation)
---  -------
mse  3.55226
---  -------
[CD-DIAG step=8100] E_pos=0.2645 E_neg=3.8313 CD_raw=-3.5668 CD_wtd=-0.178342 MSE=0.996441 neg_dist=26.1082 lang_grad0=0.0009 lang_gradK=0.0009 lang_disp=5.5449 step=0.4444 sigma=0.0912
[CD-DIAG step=8200] E_pos=0.2505 E_neg=3.7202 CD_raw=-3.4698 CD_wtd=-0.173488 MSE=0.999997 neg_dist=25.9887 lang_grad0=0.0009 lang_gradK=0.0009 lang_disp=5.5530 step=0.4484 sigma=0.0914
[CD-DIAG step=8300] E_pos=0.2504 E_neg=3.7210 CD_raw=-3.4707 CD_wtd=-0.173533 MSE=0.999974 neg_dist=25.8917 lang_grad0=0.0009 lang_gradK=0.0009 lang_disp=5.5342 step=0.4446 sigma=0.0910
[CD-DIAG step=8400] E_pos=0.2705 E_neg=3.7044 CD_raw=-3.4339 CD_wtd=-0.171697 MSE=0.999977 neg_dist=25.7943 lang_grad0=0.0009 lang_gradK=0.0009 lang_disp=5.5520 step=0.4487 sigma=0.0914
[CD-DIAG step=8500] E_pos=0.2423 E_neg=3.8385 CD_raw=-3.5962 CD_wtd=-0.179811 MSE=1.000998 neg_dist=26.0622 lang_grad0=0.0009 lang_gradK=0.0009 lang_disp=5.5180 step=0.4416 sigma=0.0908
[CD-DIAG step=8600] E_pos=0.2781 E_neg=3.9657 CD_raw=-3.6876 CD_wtd=-0.184382 MSE=1.000782 neg_dist=26.4118 lang_grad0=0.0009 lang_gradK=0.0009 lang_disp=5.5665 step=0.4490 sigma=0.0916
[CD-DIAG step=8700] E_pos=0.2719 E_neg=3.8843 CD_raw=-3.6124 CD_wtd=-0.180618 MSE=1.001244 neg_dist=26.3518 lang_grad0=0.0009 lang_gradK=0.0009 lang_disp=5.5761 step=0.4540 sigma=0.0920
[CD-DIAG step=8800] E_pos=0.2596 E_neg=3.7784 CD_raw=-3.5188 CD_wtd=-0.175942 MSE=1.002747 neg_dist=25.8487 lang_grad0=0.0009 lang_gradK=0.0009 lang_disp=5.5040 step=0.4380 sigma=0.0905
[CD-DIAG step=8900] E_pos=0.2825 E_neg=3.7717 CD_raw=-3.4891 CD_wtd=-0.174457 MSE=0.999684 neg_dist=26.1918 lang_grad0=0.0009 lang_gradK=0.0009 lang_disp=5.5991 step=0.4535 sigma=0.0921
[CD-DIAG step=9000] E_pos=0.2698 E_neg=3.7616 CD_raw=-3.4918 CD_wtd=-0.174590 MSE=0.999476 neg_dist=26.0186 lang_grad0=0.0009 lang_gradK=0.0009 lang_disp=5.5716 step=0.4496 sigma=0.0916
Running Evaluation...
Validation Result @ Iteration 9000; Milestone = 9 (Train)
---------  -------
mse_error  3.84128
---------  -------
Validation Result @ Iteration 9000; Milestone = 9 (ID: Validation)
---  -------
mse  3.53569
---  -------
[CD-DIAG step=9100] E_pos=0.2728 E_neg=3.6685 CD_raw=-3.3957 CD_wtd=-0.169784 MSE=0.998962 neg_dist=25.5056 lang_grad0=0.0008 lang_gradK=0.0008 lang_disp=5.4832 step=0.4340 sigma=0.0901
[CD-DIAG step=9200] E_pos=0.2777 E_neg=3.7950 CD_raw=-3.5173 CD_wtd=-0.175867 MSE=0.999462 neg_dist=26.0222 lang_grad0=0.0009 lang_gradK=0.0009 lang_disp=5.5745 step=0.4502 sigma=0.0917
[CD-DIAG step=9300] E_pos=0.2767 E_neg=3.7796 CD_raw=-3.5029 CD_wtd=-0.175144 MSE=0.999364 neg_dist=25.7097 lang_grad0=0.0009 lang_gradK=0.0009 lang_disp=5.5514 step=0.4468 sigma=0.0912
[CD-DIAG step=9400] E_pos=0.2727 E_neg=3.9542 CD_raw=-3.6815 CD_wtd=-0.184075 MSE=0.998119 neg_dist=26.0247 lang_grad0=0.0009 lang_gradK=0.0009 lang_disp=5.5401 step=0.4466 sigma=0.0913
[CD-DIAG step=9500] E_pos=0.2803 E_neg=4.1104 CD_raw=-3.8300 CD_wtd=-0.191501 MSE=1.000180 neg_dist=26.2645 lang_grad0=0.0009 lang_gradK=0.0009 lang_disp=5.5514 step=0.4490 sigma=0.0915
[CD-DIAG step=9600] E_pos=0.2771 E_neg=3.8259 CD_raw=-3.5488 CD_wtd=-0.177439 MSE=0.998758 neg_dist=26.0894 lang_grad0=0.0009 lang_gradK=0.0009 lang_disp=5.6005 step=0.4560 sigma=0.0923
[CD-DIAG step=9700] E_pos=0.2779 E_neg=3.9403 CD_raw=-3.6624 CD_wtd=-0.183122 MSE=1.004486 neg_dist=26.0689 lang_grad0=0.0009 lang_gradK=0.0009 lang_disp=5.5616 step=0.4462 sigma=0.0914
[CD-DIAG step=9800] E_pos=0.2778 E_neg=3.7143 CD_raw=-3.4365 CD_wtd=-0.171823 MSE=1.000584 neg_dist=25.7225 lang_grad0=0.0009 lang_gradK=0.0009 lang_disp=5.5545 step=0.4480 sigma=0.0914
[CD-DIAG step=9900] E_pos=0.2702 E_neg=3.9959 CD_raw=-3.7257 CD_wtd=-0.186284 MSE=1.001347 neg_dist=26.1413 lang_grad0=0.0009 lang_gradK=0.0009 lang_disp=5.5596 step=0.4463 sigma=0.0914
[CD-DIAG step=10000] E_pos=0.2849 E_neg=2.3915 CD_raw=-2.1067 CD_wtd=-0.105333 MSE=1.000164 neg_dist=22.8319 lang_grad0=0.0012 lang_gradK=0.0007 lang_disp=7.3399 step=0.4371 sigma=0.0902
Running Evaluation...
Validation Result @ Iteration 10000; Milestone = 10 (Train)
---------  -------
mse_error  3.83977
---------  -------
Validation Result @ Iteration 10000; Milestone = 10 (ID: Validation)
---  -------
mse  3.51989
---  -------
[CD-DIAG step=10100] E_pos=0.2464 E_neg=3.6382 CD_raw=-3.3918 CD_wtd=-0.169588 MSE=1.000209 neg_dist=25.6670 lang_grad0=0.0008 lang_gradK=0.0008 lang_disp=5.5202 step=0.4419 sigma=0.0907
[CD-DIAG step=10200] E_pos=0.2420 E_neg=3.7352 CD_raw=-3.4932 CD_wtd=-0.174660 MSE=1.000691 neg_dist=25.7777 lang_grad0=0.0009 lang_gradK=0.0009 lang_disp=5.5028 step=0.4383 sigma=0.0905
[CD-DIAG step=10300] E_pos=0.2562 E_neg=3.6781 CD_raw=-3.4219 CD_wtd=-0.171094 MSE=0.999813 neg_dist=25.7269 lang_grad0=0.0008 lang_gradK=0.0009 lang_disp=5.5309 step=0.4439 sigma=0.0910
[CD-DIAG step=10400] E_pos=0.2681 E_neg=3.6301 CD_raw=-3.3621 CD_wtd=-0.168103 MSE=1.000589 neg_dist=25.6248 lang_grad0=0.0008 lang_gradK=0.0009 lang_disp=5.5405 step=0.4440 sigma=0.0911
[CD-DIAG step=10500] E_pos=0.2518 E_neg=3.6880 CD_raw=-3.4362 CD_wtd=-0.171812 MSE=1.000040 neg_dist=25.9137 lang_grad0=0.0009 lang_gradK=0.0009 lang_disp=5.5990 step=0.4559 sigma=0.0922
[CD-DIAG step=10600] E_pos=0.2543 E_neg=3.6015 CD_raw=-3.3472 CD_wtd=-0.167361 MSE=0.999199 neg_dist=25.6525 lang_grad0=0.0008 lang_gradK=0.0009 lang_disp=5.5668 step=0.4488 sigma=0.0915
[CD-DIAG step=10700] E_pos=0.2662 E_neg=3.6598 CD_raw=-3.3936 CD_wtd=-0.169680 MSE=0.999978 neg_dist=25.4468 lang_grad0=0.0008 lang_gradK=0.0009 lang_disp=5.5011 step=0.4368 sigma=0.0903
[CD-DIAG step=10800] E_pos=0.2507 E_neg=3.7772 CD_raw=-3.5265 CD_wtd=-0.176327 MSE=0.999871 neg_dist=25.7933 lang_grad0=0.0009 lang_gradK=0.0009 lang_disp=5.5548 step=0.4468 sigma=0.0913
[CD-DIAG step=10900] E_pos=0.2560 E_neg=3.6169 CD_raw=-3.3609 CD_wtd=-0.168045 MSE=1.002766 neg_dist=25.7208 lang_grad0=0.0009 lang_gradK=0.0009 lang_disp=5.5863 step=0.4505 sigma=0.0917
[CD-DIAG step=11000] E_pos=0.2574 E_neg=3.7042 CD_raw=-3.4468 CD_wtd=-0.172340 MSE=0.998071 neg_dist=25.6786 lang_grad0=0.0009 lang_gradK=0.0009 lang_disp=5.5682 step=0.4502 sigma=0.0916
Running Evaluation...
Validation Result @ Iteration 11000; Milestone = 11 (Train)
---------  -------
mse_error  3.83765
---------  -------
Validation Result @ Iteration 11000; Milestone = 11 (ID: Validation)
---  ------
mse  3.5023
---  ------
[CD-DIAG step=11100] E_pos=0.2479 E_neg=3.6442 CD_raw=-3.3963 CD_wtd=-0.169816 MSE=1.000156 neg_dist=25.5366 lang_grad0=0.0009 lang_gradK=0.0009 lang_disp=5.5471 step=0.4473 sigma=0.0913
[CD-DIAG step=11200] E_pos=0.2689 E_neg=3.8139 CD_raw=-3.5450 CD_wtd=-0.177250 MSE=0.997488 neg_dist=25.7673 lang_grad0=0.0009 lang_gradK=0.0009 lang_disp=5.5571 step=0.4477 sigma=0.0914
[CD-DIAG step=11300] E_pos=0.2615 E_neg=3.7662 CD_raw=-3.5048 CD_wtd=-0.175238 MSE=1.001569 neg_dist=25.8323 lang_grad0=0.0009 lang_gradK=0.0009 lang_disp=5.5787 step=0.4520 sigma=0.0918
[CD-DIAG step=11400] E_pos=0.2314 E_neg=3.7843 CD_raw=-3.5529 CD_wtd=-0.177645 MSE=1.001184 neg_dist=25.8227 lang_grad0=0.0009 lang_gradK=0.0009 lang_disp=5.5201 step=0.4424 sigma=0.0908
[CD-DIAG step=11500] E_pos=0.2525 E_neg=2.4585 CD_raw=-2.2059 CD_wtd=-0.110297 MSE=0.999049 neg_dist=23.0893 lang_grad0=0.0012 lang_gradK=0.0007 lang_disp=7.3296 step=0.4402 sigma=0.0906
[CD-DIAG step=11600] E_pos=0.2456 E_neg=3.7534 CD_raw=-3.5077 CD_wtd=-0.175387 MSE=0.997528 neg_dist=25.9030 lang_grad0=0.0009 lang_gradK=0.0009 lang_disp=5.5768 step=0.4501 sigma=0.0917
[CD-DIAG step=11700] E_pos=0.2605 E_neg=3.8953 CD_raw=-3.6348 CD_wtd=-0.181742 MSE=0.999221 neg_dist=26.0903 lang_grad0=0.0009 lang_gradK=0.0009 lang_disp=5.6030 step=0.4558 sigma=0.0923
[CD-DIAG step=11800] E_pos=0.2404 E_neg=3.7564 CD_raw=-3.5160 CD_wtd=-0.175801 MSE=1.000100 neg_dist=25.7081 lang_grad0=0.0009 lang_gradK=0.0009 lang_disp=5.5543 step=0.4480 sigma=0.0913
[CD-DIAG step=11900] E_pos=0.2419 E_neg=3.7745 CD_raw=-3.5326 CD_wtd=-0.176629 MSE=1.000034 neg_dist=25.5968 lang_grad0=0.0009 lang_gradK=0.0009 lang_disp=5.5265 step=0.4431 sigma=0.0909
[CD-DIAG step=12000] E_pos=0.2500 E_neg=2.4678 CD_raw=-2.2177 CD_wtd=-0.110887 MSE=1.000691 neg_dist=23.3239 lang_grad0=0.0012 lang_gradK=0.0007 lang_disp=7.4837 step=0.4458 sigma=0.0913
Running Evaluation...
Validation Result @ Iteration 12000; Milestone = 12 (Train)
---------  -------
mse_error  3.83549
---------  -------
Validation Result @ Iteration 12000; Milestone = 12 (ID: Validation)
---  -------
mse  3.48401
---  -------
[CD-DIAG step=12100] E_pos=0.1922 E_neg=3.3682 CD_raw=-3.1760 CD_wtd=-0.158798 MSE=0.999519 neg_dist=25.7383 lang_grad0=0.0008 lang_gradK=0.0008 lang_disp=5.5409 step=0.4461 sigma=0.0912
[CD-DIAG step=12200] E_pos=0.2279 E_neg=3.6890 CD_raw=-3.4610 CD_wtd=-0.173052 MSE=1.001304 neg_dist=25.8065 lang_grad0=0.0009 lang_gradK=0.0009 lang_disp=5.5492 step=0.4463 sigma=0.0912
[CD-DIAG step=12300] E_pos=0.2050 E_neg=3.7150 CD_raw=-3.5100 CD_wtd=-0.175500 MSE=0.998719 neg_dist=25.8939 lang_grad0=0.0009 lang_gradK=0.0009 lang_disp=5.5465 step=0.4468 sigma=0.0913
[CD-DIAG step=12400] E_pos=0.2287 E_neg=3.6803 CD_raw=-3.4515 CD_wtd=-0.172577 MSE=1.003916 neg_dist=25.9762 lang_grad0=0.0009 lang_gradK=0.0009 lang_disp=5.5659 step=0.4490 sigma=0.0916
[CD-DIAG step=12500] E_pos=0.2381 E_neg=3.5895 CD_raw=-3.3513 CD_wtd=-0.167567 MSE=0.998106 neg_dist=25.4842 lang_grad0=0.0008 lang_gradK=0.0008 lang_disp=5.5377 step=0.4450 sigma=0.0911
[CD-DIAG step=12600] E_pos=0.2345 E_neg=3.4979 CD_raw=-3.2634 CD_wtd=-0.163172 MSE=1.000600 neg_dist=25.2904 lang_grad0=0.0008 lang_gradK=0.0008 lang_disp=5.5430 step=0.4433 sigma=0.0909
[CD-DIAG step=12700] E_pos=0.2429 E_neg=3.6585 CD_raw=-3.4156 CD_wtd=-0.170779 MSE=1.000831 neg_dist=25.8303 lang_grad0=0.0009 lang_gradK=0.0009 lang_disp=5.5659 step=0.4466 sigma=0.0914
[CD-DIAG step=12800] E_pos=0.2465 E_neg=3.4716 CD_raw=-3.2251 CD_wtd=-0.161255 MSE=1.001087 neg_dist=25.5036 lang_grad0=0.0008 lang_gradK=0.0008 lang_disp=5.5700 step=0.4506 sigma=0.0917
[CD-DIAG step=12900] E_pos=0.2412 E_neg=3.6755 CD_raw=-3.4343 CD_wtd=-0.171713 MSE=0.998870 neg_dist=25.4793 lang_grad0=0.0009 lang_gradK=0.0009 lang_disp=5.5451 step=0.4456 sigma=0.0911
[CD-DIAG step=13000] E_pos=0.2462 E_neg=3.7809 CD_raw=-3.5347 CD_wtd=-0.176735 MSE=1.001281 neg_dist=25.8499 lang_grad0=0.0009 lang_gradK=0.0009 lang_disp=5.5476 step=0.4462 sigma=0.0913
Running Evaluation...
Validation Result @ Iteration 13000; Milestone = 13 (Train)
---------  ------
mse_error  3.8306
---------  ------
Validation Result @ Iteration 13000; Milestone = 13 (ID: Validation)
---  -------
mse  3.47109
---  -------
[CD-DIAG step=13100] E_pos=0.2354 E_neg=3.7761 CD_raw=-3.5408 CD_wtd=-0.177038 MSE=1.001823 neg_dist=25.7855 lang_grad0=0.0009 lang_gradK=0.0009 lang_disp=5.5689 step=0.4511 sigma=0.0917
[CD-DIAG step=13200] E_pos=0.2209 E_neg=3.8627 CD_raw=-3.6418 CD_wtd=-0.182091 MSE=0.998932 neg_dist=26.2305 lang_grad0=0.0009 lang_gradK=0.0009 lang_disp=5.5563 step=0.4478 sigma=0.0915
[CD-DIAG step=13300] E_pos=0.2184 E_neg=3.8977 CD_raw=-3.6794 CD_wtd=-0.183968 MSE=0.997876 neg_dist=26.1176 lang_grad0=0.0009 lang_gradK=0.0009 lang_disp=5.5099 step=0.4412 sigma=0.0908
[CD-DIAG step=13400] E_pos=0.2123 E_neg=3.7429 CD_raw=-3.5305 CD_wtd=-0.176527 MSE=1.002693 neg_dist=25.9072 lang_grad0=0.0009 lang_gradK=0.0009 lang_disp=5.5351 step=0.4434 sigma=0.0911
[CD-DIAG step=13500] E_pos=0.2276 E_neg=3.8738 CD_raw=-3.6463 CD_wtd=-0.182313 MSE=1.000762 neg_dist=26.1143 lang_grad0=0.0009 lang_gradK=0.0009 lang_disp=5.4888 step=0.4368 sigma=0.0903
[CD-DIAG step=13600] E_pos=0.2095 E_neg=3.9555 CD_raw=-3.7460 CD_wtd=-0.187298 MSE=1.000293 neg_dist=26.4491 lang_grad0=0.0009 lang_gradK=0.0009 lang_disp=5.5942 step=0.4564 sigma=0.0922
[CD-DIAG step=13700] E_pos=0.2117 E_neg=3.9251 CD_raw=-3.7134 CD_wtd=-0.185670 MSE=0.997644 neg_dist=26.5676 lang_grad0=0.0009 lang_gradK=0.0009 lang_disp=5.5910 step=0.4554 sigma=0.0922
[CD-DIAG step=13800] E_pos=0.2187 E_neg=3.8607 CD_raw=-3.6420 CD_wtd=-0.182099 MSE=1.000386 neg_dist=26.1615 lang_grad0=0.0009 lang_gradK=0.0009 lang_disp=5.5461 step=0.4476 sigma=0.0913
[CD-DIAG step=13900] E_pos=0.2074 E_neg=3.6563 CD_raw=-3.4489 CD_wtd=-0.172445 MSE=1.000212 neg_dist=25.9967 lang_grad0=0.0009 lang_gradK=0.0009 lang_disp=5.5693 step=0.4520 sigma=0.0918
[CD-DIAG step=14000] E_pos=0.2107 E_neg=3.7154 CD_raw=-3.5047 CD_wtd=-0.175235 MSE=0.999213 neg_dist=25.9867 lang_grad0=0.0009 lang_gradK=0.0009 lang_disp=5.5507 step=0.4471 sigma=0.0913
Running Evaluation...
Validation Result @ Iteration 14000; Milestone = 14 (Train)
---------  -------
mse_error  3.83069
---------  -------
Validation Result @ Iteration 14000; Milestone = 14 (ID: Validation)
---  -------
mse  3.46023
---  -------
[CD-DIAG step=14100] E_pos=0.2171 E_neg=3.3703 CD_raw=-3.1532 CD_wtd=-0.157661 MSE=1.000545 neg_dist=25.5590 lang_grad0=0.0008 lang_gradK=0.0008 lang_disp=5.5639 step=0.4475 sigma=0.0914
[CD-DIAG step=14200] E_pos=0.1865 E_neg=3.3987 CD_raw=-3.2123 CD_wtd=-0.160613 MSE=1.001014 neg_dist=25.8262 lang_grad0=0.0008 lang_gradK=0.0008 lang_disp=5.5802 step=0.4527 sigma=0.0919
[CD-DIAG step=14300] E_pos=0.1900 E_neg=3.3646 CD_raw=-3.1745 CD_wtd=-0.158726 MSE=0.999547 neg_dist=25.7643 lang_grad0=0.0008 lang_gradK=0.0008 lang_disp=5.5504 step=0.4479 sigma=0.0914
[CD-DIAG step=14400] E_pos=0.1847 E_neg=3.6264 CD_raw=-3.4417 CD_wtd=-0.172087 MSE=0.998484 neg_dist=26.2273 lang_grad0=0.0009 lang_gradK=0.0009 lang_disp=5.5875 step=0.4547 sigma=0.0920
[CD-DIAG step=14500] E_pos=0.1648 E_neg=3.5493 CD_raw=-3.3846 CD_wtd=-0.169228 MSE=1.000351 neg_dist=26.2437 lang_grad0=0.0008 lang_gradK=0.0008 lang_disp=5.5442 step=0.4449 sigma=0.0912
[CD-DIAG step=14600] E_pos=0.2019 E_neg=3.7719 CD_raw=-3.5700 CD_wtd=-0.178502 MSE=1.001142 neg_dist=25.8439 lang_grad0=0.0009 lang_gradK=0.0009 lang_disp=5.4848 step=0.4391 sigma=0.0904
[CD-DIAG step=14700] E_pos=0.2169 E_neg=3.5815 CD_raw=-3.3646 CD_wtd=-0.168230 MSE=0.998038 neg_dist=25.8240 lang_grad0=0.0008 lang_gradK=0.0008 lang_disp=5.5633 step=0.4507 sigma=0.0916
[CD-DIAG step=14800] E_pos=0.2211 E_neg=3.7047 CD_raw=-3.4837 CD_wtd=-0.174184 MSE=1.002044 neg_dist=25.9711 lang_grad0=0.0009 lang_gradK=0.0009 lang_disp=5.5376 step=0.4462 sigma=0.0913
[CD-DIAG step=14900] E_pos=0.1898 E_neg=3.4357 CD_raw=-3.2459 CD_wtd=-0.162295 MSE=0.997694 neg_dist=25.5782 lang_grad0=0.0008 lang_gradK=0.0008 lang_disp=5.4722 step=0.4323 sigma=0.0899
[CD-DIAG step=15000] E_pos=0.2271 E_neg=3.5408 CD_raw=-3.3136 CD_wtd=-0.165681 MSE=0.999539 neg_dist=25.7259 lang_grad0=0.0008 lang_gradK=0.0008 lang_disp=5.5387 step=0.4451 sigma=0.0912
Running Evaluation...
Validation Result @ Iteration 15000; Milestone = 15 (Train)
---------  -------
mse_error  3.83008
---------  -------
Validation Result @ Iteration 15000; Milestone = 15 (ID: Validation)
---  -------
mse  3.45269
---  -------
[CD-DIAG step=15100] E_pos=0.2052 E_neg=3.6630 CD_raw=-3.4578 CD_wtd=-0.172890 MSE=0.999408 neg_dist=25.7840 lang_grad0=0.0009 lang_gradK=0.0009 lang_disp=5.5137 step=0.4418 sigma=0.0909
[CD-DIAG step=15200] E_pos=0.2194 E_neg=3.5942 CD_raw=-3.3748 CD_wtd=-0.168741 MSE=1.002155 neg_dist=25.6097 lang_grad0=0.0008 lang_gradK=0.0009 lang_disp=5.5157 step=0.4384 sigma=0.0905
[CD-DIAG step=15300] E_pos=0.2258 E_neg=3.6775 CD_raw=-3.4517 CD_wtd=-0.172584 MSE=0.998998 neg_dist=25.7023 lang_grad0=0.0009 lang_gradK=0.0009 lang_disp=5.4979 step=0.4366 sigma=0.0904
[CD-DIAG step=15400] E_pos=0.2153 E_neg=3.5023 CD_raw=-3.2870 CD_wtd=-0.164352 MSE=0.998869 neg_dist=25.6675 lang_grad0=0.0008 lang_gradK=0.0008 lang_disp=5.5657 step=0.4505 sigma=0.0916
[CD-DIAG step=15500] E_pos=0.1908 E_neg=3.5316 CD_raw=-3.3408 CD_wtd=-0.167039 MSE=1.000375 neg_dist=25.9974 lang_grad0=0.0008 lang_gradK=0.0009 lang_disp=5.5475 step=0.4431 sigma=0.0911
[CD-DIAG step=15600] E_pos=0.2462 E_neg=3.8821 CD_raw=-3.6358 CD_wtd=-0.181791 MSE=1.001779 neg_dist=25.6150 lang_grad0=0.0009 lang_gradK=0.0009 lang_disp=5.5056 step=0.4398 sigma=0.0905
[CD-DIAG step=15700] E_pos=0.2091 E_neg=3.6392 CD_raw=-3.4301 CD_wtd=-0.171507 MSE=0.998037 neg_dist=25.5413 lang_grad0=0.0008 lang_gradK=0.0009 lang_disp=5.4752 step=0.4348 sigma=0.0900
[CD-DIAG step=15800] E_pos=0.1853 E_neg=3.5100 CD_raw=-3.3247 CD_wtd=-0.166235 MSE=1.000173 neg_dist=25.8080 lang_grad0=0.0008 lang_gradK=0.0008 lang_disp=5.5097 step=0.4398 sigma=0.0906
[CD-DIAG step=15900] E_pos=0.1644 E_neg=3.5964 CD_raw=-3.4320 CD_wtd=-0.171601 MSE=1.001578 neg_dist=26.0566 lang_grad0=0.0009 lang_gradK=0.0009 lang_disp=5.5216 step=0.4412 sigma=0.0908
[CD-DIAG step=16000] E_pos=0.1636 E_neg=3.5546 CD_raw=-3.3909 CD_wtd=-0.169547 MSE=1.002639 neg_dist=26.0851 lang_grad0=0.0008 lang_gradK=0.0009 lang_disp=5.5358 step=0.4465 sigma=0.0912
Running Evaluation...
Validation Result @ Iteration 16000; Milestone = 16 (Train)
---------  -------
mse_error  3.82759
---------  -------
Validation Result @ Iteration 16000; Milestone = 16 (ID: Validation)
---  -------
mse  3.44336
---  -------
[CD-DIAG step=16100] E_pos=0.1841 E_neg=3.6004 CD_raw=-3.4163 CD_wtd=-0.170815 MSE=0.998441 neg_dist=25.9239 lang_grad0=0.0008 lang_gradK=0.0009 lang_disp=5.5341 step=0.4437 sigma=0.0910
[CD-DIAG step=16200] E_pos=0.1966 E_neg=3.6671 CD_raw=-3.4705 CD_wtd=-0.173526 MSE=1.000267 neg_dist=25.9397 lang_grad0=0.0009 lang_gradK=0.0009 lang_disp=5.5344 step=0.4426 sigma=0.0909
[CD-DIAG step=16300] E_pos=0.1868 E_neg=3.6318 CD_raw=-3.4450 CD_wtd=-0.172250 MSE=1.000592 neg_dist=26.1658 lang_grad0=0.0008 lang_gradK=0.0009 lang_disp=5.5587 step=0.4493 sigma=0.0915
[CD-DIAG step=16400] E_pos=0.1987 E_neg=3.4915 CD_raw=-3.2928 CD_wtd=-0.164640 MSE=1.000284 neg_dist=25.6056 lang_grad0=0.0008 lang_gradK=0.0008 lang_disp=5.5277 step=0.4441 sigma=0.0910
[CD-DIAG step=16500] E_pos=0.2106 E_neg=3.4597 CD_raw=-3.2490 CD_wtd=-0.162452 MSE=0.999118 neg_dist=25.5684 lang_grad0=0.0008 lang_gradK=0.0008 lang_disp=5.5309 step=0.4440 sigma=0.0909
[CD-DIAG step=16600] E_pos=0.1890 E_neg=3.6258 CD_raw=-3.4368 CD_wtd=-0.171841 MSE=0.999067 neg_dist=25.8543 lang_grad0=0.0008 lang_gradK=0.0009 lang_disp=5.5542 step=0.4463 sigma=0.0912
[CD-DIAG step=16700] E_pos=0.2107 E_neg=3.5014 CD_raw=-3.2907 CD_wtd=-0.164534 MSE=1.003378 neg_dist=25.9014 lang_grad0=0.0008 lang_gradK=0.0008 lang_disp=5.5679 step=0.4493 sigma=0.0915
[CD-DIAG step=16800] E_pos=0.2135 E_neg=3.6145 CD_raw=-3.4011 CD_wtd=-0.170054 MSE=0.999409 neg_dist=25.7945 lang_grad0=0.0008 lang_gradK=0.0009 lang_disp=5.5682 step=0.4493 sigma=0.0916
[CD-DIAG step=16900] E_pos=0.1860 E_neg=3.6111 CD_raw=-3.4251 CD_wtd=-0.171255 MSE=0.998417 neg_dist=26.0834 lang_grad0=0.0009 lang_gradK=0.0009 lang_disp=5.5664 step=0.4487 sigma=0.0916
[CD-DIAG step=17000] E_pos=0.1749 E_neg=3.6201 CD_raw=-3.4452 CD_wtd=-0.172258 MSE=0.999442 neg_dist=26.1192 lang_grad0=0.0009 lang_gradK=0.0009 lang_disp=5.5562 step=0.4476 sigma=0.0914
Running Evaluation...
Validation Result @ Iteration 17000; Milestone = 17 (Train)
---------  -------
mse_error  3.82816
---------  -------
Validation Result @ Iteration 17000; Milestone = 17 (ID: Validation)
---  -------
mse  3.43664
---  -------
[CD-DIAG step=17100] E_pos=0.1900 E_neg=3.5893 CD_raw=-3.3993 CD_wtd=-0.169967 MSE=1.003759 neg_dist=26.0137 lang_grad0=0.0008 lang_gradK=0.0009 lang_disp=5.5211 step=0.4417 sigma=0.0908
[CD-DIAG step=17200] E_pos=0.1858 E_neg=3.6923 CD_raw=-3.5065 CD_wtd=-0.175323 MSE=0.998148 neg_dist=26.0267 lang_grad0=0.0009 lang_gradK=0.0009 lang_disp=5.5457 step=0.4466 sigma=0.0913
[CD-DIAG step=17300] E_pos=0.1915 E_neg=3.5633 CD_raw=-3.3718 CD_wtd=-0.168589 MSE=1.000912 neg_dist=25.8477 lang_grad0=0.0008 lang_gradK=0.0008 lang_disp=5.5512 step=0.4474 sigma=0.0913
[CD-DIAG step=17400] E_pos=0.1989 E_neg=3.7113 CD_raw=-3.5123 CD_wtd=-0.175617 MSE=1.001808 neg_dist=26.0838 lang_grad0=0.0009 lang_gradK=0.0009 lang_disp=5.5497 step=0.4486 sigma=0.0915
[CD-DIAG step=17500] E_pos=0.1941 E_neg=3.6221 CD_raw=-3.4280 CD_wtd=-0.171399 MSE=0.999692 neg_dist=25.9798 lang_grad0=0.0009 lang_gradK=0.0009 lang_disp=5.5708 step=0.4521 sigma=0.0917
[CD-DIAG step=17600] E_pos=0.1970 E_neg=3.5944 CD_raw=-3.3974 CD_wtd=-0.169871 MSE=1.000379 neg_dist=25.9518 lang_grad0=0.0008 lang_gradK=0.0009 lang_disp=5.5685 step=0.4504 sigma=0.0917
[CD-DIAG step=17700] E_pos=0.1997 E_neg=3.5468 CD_raw=-3.3471 CD_wtd=-0.167353 MSE=1.001423 neg_dist=25.6813 lang_grad0=0.0008 lang_gradK=0.0008 lang_disp=5.5252 step=0.4419 sigma=0.0908
[CD-DIAG step=17800] E_pos=0.1995 E_neg=3.4825 CD_raw=-3.2831 CD_wtd=-0.164153 MSE=1.002900 neg_dist=25.9222 lang_grad0=0.0008 lang_gradK=0.0008 lang_disp=5.5514 step=0.4459 sigma=0.0913
[CD-DIAG step=17900] E_pos=0.1978 E_neg=3.3086 CD_raw=-3.1108 CD_wtd=-0.155540 MSE=0.999981 neg_dist=25.5610 lang_grad0=0.0008 lang_gradK=0.0008 lang_disp=5.5630 step=0.4471 sigma=0.0914
[CD-DIAG step=18000] E_pos=0.1810 E_neg=3.5104 CD_raw=-3.3293 CD_wtd=-0.166467 MSE=0.999410 neg_dist=25.8313 lang_grad0=0.0008 lang_gradK=0.0008 lang_disp=5.5590 step=0.4487 sigma=0.0915
Running Evaluation...
Validation Result @ Iteration 18000; Milestone = 18 (Train)
---------  -----
mse_error  3.826
---------  -----
Validation Result @ Iteration 18000; Milestone = 18 (ID: Validation)
---  -------
mse  3.43144
---  -------
[CD-DIAG step=18100] E_pos=0.2061 E_neg=3.5913 CD_raw=-3.3853 CD_wtd=-0.169263 MSE=0.999678 neg_dist=25.6757 lang_grad0=0.0008 lang_gradK=0.0008 lang_disp=5.5422 step=0.4451 sigma=0.0911
[CD-DIAG step=18200] E_pos=0.1993 E_neg=3.5428 CD_raw=-3.3435 CD_wtd=-0.167173 MSE=1.002667 neg_dist=25.7974 lang_grad0=0.0008 lang_gradK=0.0008 lang_disp=5.5627 step=0.4469 sigma=0.0913
[CD-DIAG step=18300] E_pos=0.1884 E_neg=3.5134 CD_raw=-3.3249 CD_wtd=-0.166246 MSE=1.002137 neg_dist=25.7139 lang_grad0=0.0008 lang_gradK=0.0008 lang_disp=5.5184 step=0.4398 sigma=0.0907
[CD-DIAG step=18400] E_pos=0.1785 E_neg=3.6185 CD_raw=-3.4400 CD_wtd=-0.172001 MSE=0.999997 neg_dist=26.3976 lang_grad0=0.0009 lang_gradK=0.0009 lang_disp=5.6252 step=0.4597 sigma=0.0927
