Job started at Thu Feb 26 10:48:15 EST 2026
Running on host: holygpu8a16103.rc.fas.harvard.edu
Job ID: 62421056, Array Task ID: 3
Config: projects/ired/configs/q231_recovery_mining.json
Git URL: https://github.com/mdkrasnow/research-repo.git
Git SHA: 3df659061abc17a20ada425d26fca738f278c5f5
Work directory: /tmp/ired-job-62421056
GPU info:
Thu Feb 26 10:48:15 2026       
+-----------------------------------------------------------------------------------------+
| NVIDIA-SMI 575.57.08              Driver Version: 575.57.08      CUDA Version: 12.9     |
|-----------------------------------------+------------------------+----------------------+
| GPU  Name                 Persistence-M | Bus-Id          Disp.A | Volatile Uncorr. ECC |
| Fan  Temp   Perf          Pwr:Usage/Cap |           Memory-Usage | GPU-Util  Compute M. |
|                                         |                        |               MIG M. |
|=========================================+========================+======================|
|   0  NVIDIA H200                    On  |   00000000:A6:00.0 Off |                    0 |
| N/A   26C    P0             72W /  700W |       0MiB / 143771MiB |      0%      Default |
|                                         |                        |             Disabled |
+-----------------------------------------+------------------------+----------------------+
                                                                                         
+-----------------------------------------------------------------------------------------+
| Processes:                                                                              |
|  GPU   GI   CI              PID   Type   Process name                        GPU Memory |
|        ID   ID                                                               Usage      |
|=========================================================================================|
|  No running processes found                                                             |
+-----------------------------------------------------------------------------------------+
Cloning repository...
Repository cloned and checked out to: 3df6590
Repository info:
3df6590 Add q228-q231 10K-step ablation sbatch (gpu_test 0-1, seas_gpu 2-3)
Starting 10K-step run with config: projects/ired/configs/q231_recovery_mining.json
Loading configuration from: projects/ired/configs/q231_recovery_mining.json
Configuration saved to: projects/ired/results/ds_inverse/q231_recovery_mining/experiment_config.json
Setting random seed: 0
Starting experiment with mining strategy: tam
Configuration: {
  "experiment_name": "q231_recovery_mining",
  "description": "TAM-CTL v2 fix 4: full stack - implied noise + ranking + energy shaping + recovery-aligned mining.",
  "investigation": "ired-pgd",
  "ablation_stage": "tam_ctl_v2_recovery_mining",
  "mining_strategy": "tam",
  "tam_anchor_step": 2,
  "pgd_delta": 1.5,
  "pgd_step_size": 0.5,
  "mining_opt_steps": 3,
  "use_recovery_loss": true,
  "recovery_steps": 1,
  "recovery_loss_weight": 0.1,
  "recovery_target": "implied_noise",
  "use_recovery_rank_loss": true,
  "recovery_rank_margin": 0.1,
  "recovery_rank_weight": 0.1,
  "use_gradient_contrastive": false,
  "energy_loss_weight": 0.03,
  "use_cd_loss": true,
  "mining_objective": "recovery_failure",
  "use_scalar_energy": true,
  "rank": 20,
  "ood": false,
  "diffusion_steps": 10,
  "batch_size": 2048,
  "train_steps": 10000,
  "learning_rate": 0.0001,
  "adam_betas": [
    0.0,
    0.999
  ],
  "output_dir": "projects/ired/results/ds_inverse/q231_recovery_mining",
  "notes": "Ablation ladder step 4: q230 + recovery-failure mining. PGD maximizes recovery distance instead of denoising MSE.",
  "seed": 0
}
Dataset: Inverse matrices (20x20)
Input dimension: 400, Output dimension: 400
Trainer initialized. Output directory: projects/ired/results/ds_inverse/q231_recovery_mining
Training for 10000 steps...
[TAM-CTL-DIAG step=100] mse_pos=1.000711 mse_neg=1.000710 mse_rec=1.000710 neg_vs_rec=0.000000 rec_dist=0.0001 anchor_dist=1.4407 dist_rec_pos=2.0786 eps_gap_rel=0.1229 cos_rec=-0.2926
[TAM-CTL-DIAG step=200] mse_pos=0.998372 mse_neg=0.998372 mse_rec=0.998372 neg_vs_rec=0.000000 rec_dist=0.0000 anchor_dist=10.3829 dist_rec_pos=11.2417 eps_gap_rel=0.9254 cos_rec=0.0000
[TAM-CTL-DIAG step=300] mse_pos=1.000433 mse_neg=1.000432 mse_rec=1.000432 neg_vs_rec=0.000000 rec_dist=0.0013 anchor_dist=0.5544 dist_rec_pos=1.0476 eps_gap_rel=0.0596 cos_rec=-0.3816
[TAM-CTL-DIAG step=400] mse_pos=1.001125 mse_neg=1.001124 mse_rec=1.001124 neg_vs_rec=0.000000 rec_dist=0.0002 anchor_dist=7.0087 dist_rec_pos=7.9616 eps_gap_rel=0.6147 cos_rec=-0.3065
[TAM-CTL-DIAG step=500] mse_pos=1.001932 mse_neg=1.001932 mse_rec=1.001932 neg_vs_rec=0.000000 rec_dist=0.0002 anchor_dist=3.2627 dist_rec_pos=4.0827 eps_gap_rel=0.2629 cos_rec=-0.2237
[TAM-CTL-DIAG step=600] mse_pos=1.001608 mse_neg=1.001607 mse_rec=1.001607 neg_vs_rec=0.000000 rec_dist=0.0002 anchor_dist=2.1014 dist_rec_pos=2.8060 eps_gap_rel=0.1719 cos_rec=-0.2548
[TAM-CTL-DIAG step=700] mse_pos=1.000634 mse_neg=1.000633 mse_rec=1.000633 neg_vs_rec=0.000000 rec_dist=0.0000 anchor_dist=10.6607 dist_rec_pos=11.5552 eps_gap_rel=0.9569 cos_rec=0.0000
[TAM-CTL-DIAG step=800] mse_pos=1.000199 mse_neg=1.000198 mse_rec=1.000198 neg_vs_rec=0.000000 rec_dist=0.0002 anchor_dist=0.7618 dist_rec_pos=1.3078 eps_gap_rel=0.0745 cos_rec=-0.3543
[TAM-CTL-DIAG step=900] mse_pos=0.999818 mse_neg=0.999817 mse_rec=0.999817 neg_vs_rec=0.000000 rec_dist=0.0002 anchor_dist=0.7159 dist_rec_pos=1.2312 eps_gap_rel=0.0703 cos_rec=-0.3632
[TAM-CTL-DIAG step=1000] mse_pos=0.998348 mse_neg=0.998347 mse_rec=0.998347 neg_vs_rec=0.000000 rec_dist=0.0003 anchor_dist=0.7001 dist_rec_pos=1.2296 eps_gap_rel=0.0709 cos_rec=-0.3660
Running Evaluation...
Validation Result @ Iteration 1000; Milestone = 1 (Train)
---------  -------
mse_error  3.79118
---------  -------
Validation Result @ Iteration 1000; Milestone = 1 (ID: Validation)
---  ------
mse  3.7908
---  ------
[TAM-CTL-DIAG step=1100] mse_pos=1.001463 mse_neg=1.001462 mse_rec=1.001462 neg_vs_rec=0.000000 rec_dist=0.0002 anchor_dist=3.2099 dist_rec_pos=4.0404 eps_gap_rel=0.2639 cos_rec=-0.2275
[TAM-CTL-DIAG step=1200] mse_pos=1.000289 mse_neg=1.000288 mse_rec=1.000288 neg_vs_rec=0.000000 rec_dist=0.0002 anchor_dist=4.8712 dist_rec_pos=5.8431 eps_gap_rel=0.4237 cos_rec=-0.2248
[TAM-CTL-DIAG step=1300] mse_pos=1.002343 mse_neg=1.002342 mse_rec=1.002342 neg_vs_rec=0.000000 rec_dist=0.0002 anchor_dist=1.0068 dist_rec_pos=1.6002 eps_gap_rel=0.0930 cos_rec=-0.3477
[TAM-CTL-DIAG step=1400] mse_pos=1.002843 mse_neg=1.002842 mse_rec=1.002842 neg_vs_rec=0.000000 rec_dist=0.0003 anchor_dist=5.1699 dist_rec_pos=6.1466 eps_gap_rel=0.4321 cos_rec=-0.2251
[TAM-CTL-DIAG step=1500] mse_pos=1.000875 mse_neg=1.000875 mse_rec=1.000875 neg_vs_rec=0.000000 rec_dist=0.0002 anchor_dist=7.4708 dist_rec_pos=8.4612 eps_gap_rel=0.6438 cos_rec=-0.3034
[TAM-CTL-DIAG step=1600] mse_pos=1.000682 mse_neg=1.000681 mse_rec=1.000681 neg_vs_rec=0.000000 rec_dist=0.0003 anchor_dist=5.0762 dist_rec_pos=6.0549 eps_gap_rel=0.4307 cos_rec=-0.2220
[TAM-CTL-DIAG step=1700] mse_pos=1.002211 mse_neg=1.002211 mse_rec=1.002211 neg_vs_rec=0.000000 rec_dist=0.0000 anchor_dist=10.7783 dist_rec_pos=11.6831 eps_gap_rel=0.9751 cos_rec=0.0000
[TAM-CTL-DIAG step=1800] mse_pos=1.000982 mse_neg=1.000981 mse_rec=1.000981 neg_vs_rec=0.000000 rec_dist=0.0003 anchor_dist=7.7514 dist_rec_pos=8.7529 eps_gap_rel=0.6538 cos_rec=-0.3031
[TAM-CTL-DIAG step=1900] mse_pos=1.000012 mse_neg=1.000011 mse_rec=1.000011 neg_vs_rec=0.000000 rec_dist=0.0002 anchor_dist=0.5081 dist_rec_pos=0.9933 eps_gap_rel=0.0559 cos_rec=-0.4278
[TAM-CTL-DIAG step=2000] mse_pos=0.999295 mse_neg=0.999295 mse_rec=0.999295 neg_vs_rec=0.000000 rec_dist=0.0000 anchor_dist=10.9418 dist_rec_pos=11.8550 eps_gap_rel=0.9817 cos_rec=0.0000
Running Evaluation...
Validation Result @ Iteration 2000; Milestone = 2 (Train)
---------  ------
mse_error  3.7796
---------  ------
Validation Result @ Iteration 2000; Milestone = 2 (ID: Validation)
---  ------
mse  3.7808
---  ------
[TAM-CTL-DIAG step=2100] mse_pos=0.999760 mse_neg=0.999759 mse_rec=0.999759 neg_vs_rec=0.000000 rec_dist=0.0002 anchor_dist=0.5519 dist_rec_pos=1.0532 eps_gap_rel=0.0586 cos_rec=-0.4151
[TAM-CTL-DIAG step=2200] mse_pos=1.000972 mse_neg=1.000971 mse_rec=1.000971 neg_vs_rec=0.000000 rec_dist=0.0000 anchor_dist=11.2669 dist_rec_pos=12.1828 eps_gap_rel=0.9772 cos_rec=0.0000
[TAM-CTL-DIAG step=2300] mse_pos=0.999347 mse_neg=0.999346 mse_rec=0.999346 neg_vs_rec=0.000000 rec_dist=0.0002 anchor_dist=2.2638 dist_rec_pos=2.9982 eps_gap_rel=0.1823 cos_rec=-0.2747
[TAM-CTL-DIAG step=2400] mse_pos=0.999444 mse_neg=0.999442 mse_rec=0.999442 neg_vs_rec=0.000000 rec_dist=0.0002 anchor_dist=1.4820 dist_rec_pos=2.1317 eps_gap_rel=0.1261 cos_rec=-0.3071
[TAM-CTL-DIAG step=2500] mse_pos=0.996163 mse_neg=0.996163 mse_rec=0.996163 neg_vs_rec=0.000000 rec_dist=0.0001 anchor_dist=7.6585 dist_rec_pos=8.6671 eps_gap_rel=0.6565 cos_rec=-0.3039
[TAM-CTL-DIAG step=2600] mse_pos=1.001016 mse_neg=1.001015 mse_rec=1.001015 neg_vs_rec=0.000000 rec_dist=0.0002 anchor_dist=1.4851 dist_rec_pos=2.1239 eps_gap_rel=0.1249 cos_rec=-0.2979
[TAM-CTL-DIAG step=2700] mse_pos=0.999915 mse_neg=0.999915 mse_rec=0.999915 neg_vs_rec=0.000000 rec_dist=0.0000 anchor_dist=10.9948 dist_rec_pos=11.9179 eps_gap_rel=0.9896 cos_rec=0.0000
[TAM-CTL-DIAG step=2800] mse_pos=0.998639 mse_neg=0.998638 mse_rec=0.998638 neg_vs_rec=0.000000 rec_dist=0.0002 anchor_dist=5.3349 dist_rec_pos=6.3460 eps_gap_rel=0.4480 cos_rec=-0.2242
[TAM-CTL-DIAG step=2900] mse_pos=1.000554 mse_neg=1.000553 mse_rec=1.000553 neg_vs_rec=0.000000 rec_dist=0.0002 anchor_dist=0.5080 dist_rec_pos=0.9962 eps_gap_rel=0.0559 cos_rec=-0.4184
[TAM-CTL-DIAG step=3000] mse_pos=0.997429 mse_neg=0.997427 mse_rec=0.997427 neg_vs_rec=0.000000 rec_dist=0.0002 anchor_dist=0.5066 dist_rec_pos=0.9988 eps_gap_rel=0.0561 cos_rec=-0.3998
Running Evaluation...
Validation Result @ Iteration 3000; Milestone = 3 (Train)
---------  -------
mse_error  3.78961
---------  -------
Validation Result @ Iteration 3000; Milestone = 3 (ID: Validation)
---  -------
mse  3.78986
---  -------
[TAM-CTL-DIAG step=3100] mse_pos=1.000228 mse_neg=1.000227 mse_rec=1.000227 neg_vs_rec=0.000000 rec_dist=0.0002 anchor_dist=0.5510 dist_rec_pos=1.0743 eps_gap_rel=0.0601 cos_rec=-0.4060
[TAM-CTL-DIAG step=3200] mse_pos=1.000017 mse_neg=1.000015 mse_rec=1.000015 neg_vs_rec=0.000000 rec_dist=0.0002 anchor_dist=0.7920 dist_rec_pos=1.3645 eps_gap_rel=0.0780 cos_rec=-0.3761
[TAM-CTL-DIAG step=3300] mse_pos=0.997502 mse_neg=0.997501 mse_rec=0.997501 neg_vs_rec=0.000000 rec_dist=0.0002 anchor_dist=5.2722 dist_rec_pos=6.2574 eps_gap_rel=0.4379 cos_rec=-0.2220
[TAM-CTL-DIAG step=3400] mse_pos=1.002172 mse_neg=1.002172 mse_rec=1.002172 neg_vs_rec=0.000000 rec_dist=0.0002 anchor_dist=7.9163 dist_rec_pos=8.9278 eps_gap_rel=0.6614 cos_rec=-0.3014
[TAM-CTL-DIAG step=3500] mse_pos=1.000082 mse_neg=1.000082 mse_rec=1.000082 neg_vs_rec=0.000000 rec_dist=0.0002 anchor_dist=7.9681 dist_rec_pos=8.9915 eps_gap_rel=0.6699 cos_rec=-0.2992
[TAM-CTL-DIAG step=3600] mse_pos=0.998856 mse_neg=0.998856 mse_rec=0.998856 neg_vs_rec=0.000000 rec_dist=0.0002 anchor_dist=8.0400 dist_rec_pos=9.0686 eps_gap_rel=0.6744 cos_rec=-0.3036
[TAM-CTL-DIAG step=3700] mse_pos=0.998175 mse_neg=0.998173 mse_rec=0.998173 neg_vs_rec=0.000000 rec_dist=0.0002 anchor_dist=1.0982 dist_rec_pos=1.7063 eps_gap_rel=0.0982 cos_rec=-0.3314
[TAM-CTL-DIAG step=3800] mse_pos=1.000969 mse_neg=1.000968 mse_rec=1.000968 neg_vs_rec=0.000000 rec_dist=0.0002 anchor_dist=1.5917 dist_rec_pos=2.2766 eps_gap_rel=0.1339 cos_rec=-0.3014
[TAM-CTL-DIAG step=3900] mse_pos=1.000125 mse_neg=1.000124 mse_rec=1.000124 neg_vs_rec=0.000000 rec_dist=0.0002 anchor_dist=8.1643 dist_rec_pos=9.1982 eps_gap_rel=0.6793 cos_rec=-0.3045
[TAM-CTL-DIAG step=4000] mse_pos=1.001086 mse_neg=1.001084 mse_rec=1.001084 neg_vs_rec=0.000000 rec_dist=0.0002 anchor_dist=2.3390 dist_rec_pos=3.1057 eps_gap_rel=0.1889 cos_rec=-0.2735
Running Evaluation...
Validation Result @ Iteration 4000; Milestone = 4 (Train)
---------  -------
mse_error  3.79415
---------  -------
Validation Result @ Iteration 4000; Milestone = 4 (ID: Validation)
---  -------
mse  3.79494
---  -------
[TAM-CTL-DIAG step=4100] mse_pos=0.999953 mse_neg=0.999951 mse_rec=0.999951 neg_vs_rec=0.000000 rec_dist=0.0002 anchor_dist=2.3076 dist_rec_pos=3.0808 eps_gap_rel=0.1888 cos_rec=-0.2753
[TAM-CTL-DIAG step=4200] mse_pos=1.002720 mse_neg=1.002718 mse_rec=1.002718 neg_vs_rec=0.000000 rec_dist=0.0002 anchor_dist=0.8298 dist_rec_pos=1.4047 eps_gap_rel=0.0797 cos_rec=-0.3605
[TAM-CTL-DIAG step=4300] mse_pos=0.999955 mse_neg=0.999953 mse_rec=0.999953 neg_vs_rec=0.000000 rec_dist=0.0002 anchor_dist=0.5887 dist_rec_pos=1.1452 eps_gap_rel=0.0642 cos_rec=-0.3937
[TAM-CTL-DIAG step=4400] mse_pos=0.999564 mse_neg=0.999562 mse_rec=0.999562 neg_vs_rec=0.000000 rec_dist=0.0002 anchor_dist=0.8259 dist_rec_pos=1.4074 eps_gap_rel=0.0798 cos_rec=-0.3734
[TAM-CTL-DIAG step=4500] mse_pos=1.001894 mse_neg=1.001891 mse_rec=1.001891 neg_vs_rec=0.000000 rec_dist=0.0002 anchor_dist=0.6434 dist_rec_pos=1.1811 eps_gap_rel=0.0665 cos_rec=-0.3952
[TAM-CTL-DIAG step=4600] mse_pos=0.998740 mse_neg=0.998740 mse_rec=0.998740 neg_vs_rec=0.000000 rec_dist=0.0000 anchor_dist=11.5567 dist_rec_pos=12.5043 eps_gap_rel=1.0150 cos_rec=0.0000
[TAM-CTL-DIAG step=4700] mse_pos=0.997288 mse_neg=0.997286 mse_rec=0.997286 neg_vs_rec=0.000000 rec_dist=0.0002 anchor_dist=0.6078 dist_rec_pos=1.1565 eps_gap_rel=0.0642 cos_rec=-0.4155
[TAM-CTL-DIAG step=4800] mse_pos=0.997684 mse_neg=0.997683 mse_rec=0.997683 neg_vs_rec=0.000000 rec_dist=0.0002 anchor_dist=5.7345 dist_rec_pos=6.7933 eps_gap_rel=0.4729 cos_rec=-0.2391
[TAM-CTL-DIAG step=4900] mse_pos=1.000145 mse_neg=1.000145 mse_rec=1.000145 neg_vs_rec=0.000000 rec_dist=0.0001 anchor_dist=8.3842 dist_rec_pos=9.4366 eps_gap_rel=0.6935 cos_rec=-0.3078
[TAM-CTL-DIAG step=5000] mse_pos=0.999838 mse_neg=0.999837 mse_rec=0.999837 neg_vs_rec=0.000000 rec_dist=0.0000 anchor_dist=11.7083 dist_rec_pos=12.6446 eps_gap_rel=1.0047 cos_rec=0.0000
Running Evaluation...
Validation Result @ Iteration 5000; Milestone = 5 (Train)
---------  ------
mse_error  3.7994
---------  ------
Validation Result @ Iteration 5000; Milestone = 5 (ID: Validation)
---  -------
mse  3.79927
---  -------
[TAM-CTL-DIAG step=5100] mse_pos=1.000535 mse_neg=1.000533 mse_rec=1.000533 neg_vs_rec=0.000000 rec_dist=0.0002 anchor_dist=0.5856 dist_rec_pos=1.1346 eps_gap_rel=0.0634 cos_rec=-0.4060
[TAM-CTL-DIAG step=5200] mse_pos=0.998767 mse_neg=0.998765 mse_rec=0.998765 neg_vs_rec=0.000000 rec_dist=0.0002 anchor_dist=3.8210 dist_rec_pos=4.7675 eps_gap_rel=0.3071 cos_rec=-0.2348
[TAM-CTL-DIAG step=5300] mse_pos=0.999221 mse_neg=0.999219 mse_rec=0.999219 neg_vs_rec=0.000000 rec_dist=0.0002 anchor_dist=5.7995 dist_rec_pos=6.8624 eps_gap_rel=0.4772 cos_rec=-0.2377
[TAM-CTL-DIAG step=5400] mse_pos=0.997979 mse_neg=0.997977 mse_rec=0.997977 neg_vs_rec=0.000000 rec_dist=0.0002 anchor_dist=1.1987 dist_rec_pos=1.8518 eps_gap_rel=0.1060 cos_rec=-0.3320
[TAM-CTL-DIAG step=5500] mse_pos=1.001821 mse_neg=1.001818 mse_rec=1.001818 neg_vs_rec=0.000000 rec_dist=0.0002 anchor_dist=2.5523 dist_rec_pos=3.3604 eps_gap_rel=0.2022 cos_rec=-0.2823
[TAM-CTL-DIAG step=5600] mse_pos=0.998784 mse_neg=0.998781 mse_rec=0.998781 neg_vs_rec=0.000000 rec_dist=0.0002 anchor_dist=0.8911 dist_rec_pos=1.5049 eps_gap_rel=0.0853 cos_rec=-0.3748
[TAM-CTL-DIAG step=5700] mse_pos=0.997731 mse_neg=0.997728 mse_rec=0.997728 neg_vs_rec=0.000000 rec_dist=0.0002 anchor_dist=1.1836 dist_rec_pos=1.8408 eps_gap_rel=0.1060 cos_rec=-0.3484
[TAM-CTL-DIAG step=5800] mse_pos=0.999766 mse_neg=0.999762 mse_rec=0.999762 neg_vs_rec=0.000000 rec_dist=0.0003 anchor_dist=0.9301 dist_rec_pos=1.5613 eps_gap_rel=0.0882 cos_rec=-0.3529
[TAM-CTL-DIAG step=5900] mse_pos=1.000542 mse_neg=1.000538 mse_rec=1.000538 neg_vs_rec=0.000000 rec_dist=0.0003 anchor_dist=1.7325 dist_rec_pos=2.4670 eps_gap_rel=0.1444 cos_rec=-0.3070
[TAM-CTL-DIAG step=6000] mse_pos=1.001703 mse_neg=1.001703 mse_rec=1.001703 neg_vs_rec=0.000000 rec_dist=0.0000 anchor_dist=12.3089 dist_rec_pos=13.2871 eps_gap_rel=1.0531 cos_rec=0.0000
Running Evaluation...
Validation Result @ Iteration 6000; Milestone = 6 (Train)
---------  -------
mse_error  3.79948
---------  -------
Validation Result @ Iteration 6000; Milestone = 6 (ID: Validation)
---  -------
mse  3.79952
---  -------
[TAM-CTL-DIAG step=6100] mse_pos=0.996918 mse_neg=0.996915 mse_rec=0.996915 neg_vs_rec=0.000000 rec_dist=0.0002 anchor_dist=0.9030 dist_rec_pos=1.5129 eps_gap_rel=0.0853 cos_rec=-0.3631
[TAM-CTL-DIAG step=6200] mse_pos=0.999606 mse_neg=0.999603 mse_rec=0.999603 neg_vs_rec=0.000000 rec_dist=0.0002 anchor_dist=0.7159 dist_rec_pos=1.3028 eps_gap_rel=0.0727 cos_rec=-0.3861
[TAM-CTL-DIAG step=6300] mse_pos=0.999961 mse_neg=0.999961 mse_rec=0.999961 neg_vs_rec=0.000000 rec_dist=0.0000 anchor_dist=12.5339 dist_rec_pos=13.5293 eps_gap_rel=1.0671 cos_rec=0.0000
[TAM-CTL-DIAG step=6400] mse_pos=1.000068 mse_neg=1.000064 mse_rec=1.000064 neg_vs_rec=0.000000 rec_dist=0.0002 anchor_dist=0.9590 dist_rec_pos=1.6070 eps_gap_rel=0.0908 cos_rec=-0.3500
[TAM-CTL-DIAG step=6500] mse_pos=1.000844 mse_neg=1.000841 mse_rec=1.000841 neg_vs_rec=0.000000 rec_dist=0.0002 anchor_dist=2.7504 dist_rec_pos=3.6083 eps_gap_rel=0.2169 cos_rec=-0.2779
[TAM-CTL-DIAG step=6600] mse_pos=0.999342 mse_neg=0.999339 mse_rec=0.999339 neg_vs_rec=0.000000 rec_dist=0.0002 anchor_dist=4.1158 dist_rec_pos=5.0820 eps_gap_rel=0.3206 cos_rec=-0.2530
[TAM-CTL-DIAG step=6700] mse_pos=1.002364 mse_neg=1.002360 mse_rec=1.002360 neg_vs_rec=0.000000 rec_dist=0.0003 anchor_dist=2.7767 dist_rec_pos=3.6428 eps_gap_rel=0.2181 cos_rec=-0.2794
[TAM-CTL-DIAG step=6800] mse_pos=1.000741 mse_neg=1.000737 mse_rec=1.000737 neg_vs_rec=0.000000 rec_dist=0.0002 anchor_dist=1.8875 dist_rec_pos=2.6555 eps_gap_rel=0.1544 cos_rec=-0.3036
[TAM-CTL-DIAG step=6900] mse_pos=1.002554 mse_neg=1.002550 mse_rec=1.002550 neg_vs_rec=0.000000 rec_dist=0.0002 anchor_dist=0.6504 dist_rec_pos=1.2302 eps_gap_rel=0.0681 cos_rec=-0.4199
[TAM-CTL-DIAG step=7000] mse_pos=1.000970 mse_neg=1.000966 mse_rec=1.000966 neg_vs_rec=0.000000 rec_dist=0.0002 anchor_dist=0.7737 dist_rec_pos=1.3917 eps_gap_rel=0.0778 cos_rec=-0.3936
Running Evaluation...
Validation Result @ Iteration 7000; Milestone = 7 (Train)
---------  -------
mse_error  3.80123
---------  -------
Validation Result @ Iteration 7000; Milestone = 7 (ID: Validation)
---  -------
mse  3.80137
---  -------
[TAM-CTL-DIAG step=7100] mse_pos=1.001253 mse_neg=1.001250 mse_rec=1.001250 neg_vs_rec=0.000000 rec_dist=0.0002 anchor_dist=2.9153 dist_rec_pos=3.7786 eps_gap_rel=0.2229 cos_rec=-0.3032
[TAM-CTL-DIAG step=7200] mse_pos=0.998911 mse_neg=0.998910 mse_rec=0.998910 neg_vs_rec=0.000000 rec_dist=0.0002 anchor_dist=9.2041 dist_rec_pos=10.3151 eps_gap_rel=0.7386 cos_rec=-0.3288
[TAM-CTL-DIAG step=7300] mse_pos=0.999481 mse_neg=0.999476 mse_rec=0.999476 neg_vs_rec=0.000000 rec_dist=0.0002 anchor_dist=0.7949 dist_rec_pos=1.4129 eps_gap_rel=0.0785 cos_rec=-0.3966
[TAM-CTL-DIAG step=7400] mse_pos=1.000572 mse_neg=1.000570 mse_rec=1.000570 neg_vs_rec=0.000000 rec_dist=0.0002 anchor_dist=6.5306 dist_rec_pos=7.6461 eps_gap_rel=0.5118 cos_rec=-0.2585
[TAM-CTL-DIAG step=7500] mse_pos=1.003236 mse_neg=1.003235 mse_rec=1.003235 neg_vs_rec=0.000000 rec_dist=0.0002 anchor_dist=9.4258 dist_rec_pos=10.5463 eps_gap_rel=0.7465 cos_rec=-0.3323
[TAM-CTL-DIAG step=7600] mse_pos=1.000775 mse_neg=1.000770 mse_rec=1.000770 neg_vs_rec=0.000000 rec_dist=0.0003 anchor_dist=1.9199 dist_rec_pos=2.7250 eps_gap_rel=0.1598 cos_rec=-0.3106
[TAM-CTL-DIAG step=7700] mse_pos=0.999750 mse_neg=0.999745 mse_rec=0.999745 neg_vs_rec=0.000000 rec_dist=0.0003 anchor_dist=1.3222 dist_rec_pos=2.0496 eps_gap_rel=0.1176 cos_rec=-0.3474
[TAM-CTL-DIAG step=7800] mse_pos=0.998753 mse_neg=0.998747 mse_rec=0.998747 neg_vs_rec=0.000000 rec_dist=0.0003 anchor_dist=0.8143 dist_rec_pos=1.4538 eps_gap_rel=0.0809 cos_rec=-0.4010
[TAM-CTL-DIAG step=7900] mse_pos=0.997254 mse_neg=0.997248 mse_rec=0.997248 neg_vs_rec=0.000000 rec_dist=0.0003 anchor_dist=1.4016 dist_rec_pos=2.1616 eps_gap_rel=0.1237 cos_rec=-0.3364
[TAM-CTL-DIAG step=8000] mse_pos=1.002675 mse_neg=1.002669 mse_rec=1.002669 neg_vs_rec=0.000000 rec_dist=0.0003 anchor_dist=0.6961 dist_rec_pos=1.3078 eps_gap_rel=0.0724 cos_rec=-0.4203
Running Evaluation...
Validation Result @ Iteration 8000; Milestone = 8 (Train)
---------  -------
mse_error  3.79821
---------  -------
Validation Result @ Iteration 8000; Milestone = 8 (ID: Validation)
---  -------
mse  3.79823
---  -------
[TAM-CTL-DIAG step=8100] mse_pos=0.998446 mse_neg=0.998440 mse_rec=0.998440 neg_vs_rec=0.000000 rec_dist=0.0003 anchor_dist=0.8036 dist_rec_pos=1.4343 eps_gap_rel=0.0796 cos_rec=-0.4087
[TAM-CTL-DIAG step=8200] mse_pos=1.000823 mse_neg=1.000823 mse_rec=1.000823 neg_vs_rec=0.000000 rec_dist=0.0000 anchor_dist=12.9788 dist_rec_pos=13.9804 eps_gap_rel=1.1065 cos_rec=0.0000
[TAM-CTL-DIAG step=8300] mse_pos=1.003613 mse_neg=1.003609 mse_rec=1.003609 neg_vs_rec=0.000000 rec_dist=0.0003 anchor_dist=4.2669 dist_rec_pos=5.2932 eps_gap_rel=0.3366 cos_rec=-0.2646
[TAM-CTL-DIAG step=8400] mse_pos=1.001592 mse_neg=1.001587 mse_rec=1.001587 neg_vs_rec=0.000000 rec_dist=0.0002 anchor_dist=0.8646 dist_rec_pos=1.5302 eps_gap_rel=0.0845 cos_rec=-0.4014
[TAM-CTL-DIAG step=8500] mse_pos=1.000332 mse_neg=1.000326 mse_rec=1.000326 neg_vs_rec=0.000000 rec_dist=0.0002 anchor_dist=0.8581 dist_rec_pos=1.5293 eps_gap_rel=0.0848 cos_rec=-0.3902
[TAM-CTL-DIAG step=8600] mse_pos=1.000798 mse_neg=1.000793 mse_rec=1.000793 neg_vs_rec=-0.000000 rec_dist=0.0002 anchor_dist=1.0686 dist_rec_pos=1.7766 eps_gap_rel=0.0996 cos_rec=-0.3746
[TAM-CTL-DIAG step=8700] mse_pos=1.000193 mse_neg=1.000188 mse_rec=1.000188 neg_vs_rec=0.000000 rec_dist=0.0002 anchor_dist=3.0041 dist_rec_pos=3.9336 eps_gap_rel=0.2352 cos_rec=-0.2989
[TAM-CTL-DIAG step=8800] mse_pos=0.999168 mse_neg=0.999162 mse_rec=0.999162 neg_vs_rec=0.000000 rec_dist=0.0003 anchor_dist=2.0603 dist_rec_pos=2.8971 eps_gap_rel=0.1676 cos_rec=-0.3284
[TAM-CTL-DIAG step=8900] mse_pos=1.002406 mse_neg=1.002405 mse_rec=1.002405 neg_vs_rec=0.000000 rec_dist=0.0002 anchor_dist=9.5362 dist_rec_pos=10.6896 eps_gap_rel=0.7647 cos_rec=-0.3344
[TAM-CTL-DIAG step=9000] mse_pos=1.000753 mse_neg=1.000747 mse_rec=1.000747 neg_vs_rec=0.000000 rec_dist=0.0003 anchor_dist=1.5065 dist_rec_pos=2.2991 eps_gap_rel=0.1304 cos_rec=-0.3631
Running Evaluation...
Validation Result @ Iteration 9000; Milestone = 9 (Train)
---------  -------
mse_error  3.79927
---------  -------
Validation Result @ Iteration 9000; Milestone = 9 (ID: Validation)
---  -------
mse  3.79943
---  -------
[TAM-CTL-DIAG step=9100] mse_pos=1.000939 mse_neg=1.000932 mse_rec=1.000932 neg_vs_rec=0.000000 rec_dist=0.0003 anchor_dist=0.8737 dist_rec_pos=1.5718 eps_gap_rel=0.0874 cos_rec=-0.3981
[TAM-CTL-DIAG step=9200] mse_pos=0.999465 mse_neg=0.999458 mse_rec=0.999458 neg_vs_rec=0.000000 rec_dist=0.0003 anchor_dist=1.0740 dist_rec_pos=1.8099 eps_gap_rel=0.1022 cos_rec=-0.3845
[TAM-CTL-DIAG step=9300] mse_pos=1.002675 mse_neg=1.002668 mse_rec=1.002668 neg_vs_rec=0.000000 rec_dist=0.0003 anchor_dist=0.7657 dist_rec_pos=1.4398 eps_gap_rel=0.0795 cos_rec=-0.4029
[TAM-CTL-DIAG step=9400] mse_pos=0.996876 mse_neg=0.996869 mse_rec=0.996869 neg_vs_rec=0.000000 rec_dist=0.0003 anchor_dist=0.8676 dist_rec_pos=1.5552 eps_gap_rel=0.0868 cos_rec=-0.3998
[TAM-CTL-DIAG step=9500] mse_pos=0.999420 mse_neg=0.999416 mse_rec=0.999416 neg_vs_rec=0.000000 rec_dist=0.0002 anchor_dist=6.5495 dist_rec_pos=7.7197 eps_gap_rel=0.5284 cos_rec=-0.2564
[TAM-CTL-DIAG step=9600] mse_pos=0.999591 mse_neg=0.999586 mse_rec=0.999586 neg_vs_rec=0.000000 rec_dist=0.0003 anchor_dist=4.4742 dist_rec_pos=5.5211 eps_gap_rel=0.3459 cos_rec=-0.2688
[TAM-CTL-DIAG step=9700] mse_pos=1.001446 mse_neg=1.001439 mse_rec=1.001439 neg_vs_rec=0.000000 rec_dist=0.0023 anchor_dist=1.5215 dist_rec_pos=2.3387 eps_gap_rel=0.1333 cos_rec=-0.3486
[TAM-CTL-DIAG step=9800] mse_pos=0.999710 mse_neg=0.999706 mse_rec=0.999706 neg_vs_rec=0.000000 rec_dist=0.0003 anchor_dist=6.7466 dist_rec_pos=7.9131 eps_gap_rel=0.5305 cos_rec=-0.2666
[TAM-CTL-DIAG step=9900] mse_pos=0.998085 mse_neg=0.998078 mse_rec=0.998078 neg_vs_rec=0.000000 rec_dist=0.0003 anchor_dist=3.1016 dist_rec_pos=4.0735 eps_gap_rel=0.2438 cos_rec=-0.2998
[TAM-CTL-DIAG step=10000] mse_pos=1.001653 mse_neg=1.001646 mse_rec=1.001646 neg_vs_rec=0.000000 rec_dist=0.0003 anchor_dist=2.0799 dist_rec_pos=2.9498 eps_gap_rel=0.1718 cos_rec=-0.3361
Running Evaluation...
Validation Result @ Iteration 10000; Milestone = 10 (Train)
---------  ------
mse_error  3.7992
---------  ------
Validation Result @ Iteration 10000; Milestone = 10 (ID: Validation)
---  -------
mse  3.79892
---  -------
training complete
Training completed!
Saving final model checkpoint to: projects/ired/results/ds_inverse/q231_recovery_mining/final_model.pt
Final model checkpoint saved successfully (0 EBM parameters)
Results saved to: projects/ired/results/ds_inverse/q231_recovery_mining/results.json
Experiment completed at Thu Feb 26 10:56:14 EST 2026
Copying results to persistent storage...
sending incremental file list
./
summary.md
ds_inverse/q224_test_local/
ds_inverse/q224_test_local/experiment_config.json
ds_inverse/q231_recovery_mining/
ds_inverse/q231_recovery_mining/experiment_config.json
ds_inverse/q231_recovery_mining/final_model.pt
ds_inverse/q231_recovery_mining/model-1.pt
ds_inverse/q231_recovery_mining/model-10.pt
ds_inverse/q231_recovery_mining/model-2.pt
ds_inverse/q231_recovery_mining/model-3.pt
ds_inverse/q231_recovery_mining/model-4.pt
ds_inverse/q231_recovery_mining/model-5.pt
ds_inverse/q231_recovery_mining/model-6.pt
ds_inverse/q231_recovery_mining/model-7.pt
ds_inverse/q231_recovery_mining/model-8.pt
ds_inverse/q231_recovery_mining/model-9.pt
ds_inverse/q231_recovery_mining/results.json
test_run/
test_run/experiment_config.json

sent 214,192,311 bytes  received 348 bytes  38,944,119.82 bytes/sec
total size is 214,138,703  speedup is 1.00
Results copied to /n/home03/mkrasnow/research-repo/projects/ired/results/
Cleaning up work directory...
