Job started at Thu Feb 19 13:37:05 EST 2026
Running on host: holygpu8a22501.rc.fas.harvard.edu
Job ID: 61200169
Git URL: https://github.com/mdkrasnow/research-repo.git
Git SHA: d5d621d76806ff6ff4617412d2c60ed89289b12d
Work directory: /tmp/ired-job-61200169
GPU info:
Thu Feb 19 13:37:05 2026       
+-----------------------------------------------------------------------------------------+
| NVIDIA-SMI 575.57.08              Driver Version: 575.57.08      CUDA Version: 12.9     |
|-----------------------------------------+------------------------+----------------------+
| GPU  Name                 Persistence-M | Bus-Id          Disp.A | Volatile Uncorr. ECC |
| Fan  Temp   Perf          Pwr:Usage/Cap |           Memory-Usage | GPU-Util  Compute M. |
|                                         |                        |               MIG M. |
|=========================================+========================+======================|
|   0  NVIDIA A100-SXM4-80GB          On  |   00000000:4B:00.0 Off |                    0 |
| N/A   28C    P0             61W /  500W |       0MiB /  81920MiB |      0%      Default |
|                                         |                        |             Disabled |
+-----------------------------------------+------------------------+----------------------+
                                                                                         
+-----------------------------------------------------------------------------------------+
| Processes:                                                                              |
|  GPU   GI   CI              PID   Type   Process name                        GPU Memory |
|        ID   ID                                                               Usage      |
|=========================================================================================|
|  No running processes found                                                             |
+-----------------------------------------------------------------------------------------+
Cloning repository...
Repository cloned and checked out to: d5d621d
Repository info:
d5d621d Submit q201/q207/q208 at 100k steps (61184740, 61184757, 61184737)
Starting IRED-CD baseline (current NCE implementation)...
Loading configuration from: projects/ired/configs/q201_baseline.json
Configuration saved to: results/ds_inverse/q201_baseline/experiment_config.json
Setting random seed: 2
Starting experiment with mining strategy: adversarial
Configuration: {
  "experiment_name": "q201_baseline",
  "description": "IRED-CD Investigation - Baseline (current NCE implementation for comparison)",
  "investigation": "ired-cd",
  "ablation_stage": "baseline",
  "mining_strategy": "adversarial",
  "rank": 20,
  "ood": false,
  "diffusion_steps": 10,
  "batch_size": 2048,
  "train_steps": 100000,
  "learning_rate": 0.0001,
  "mining_opt_steps": 10,
  "mining_noise_scale": 1.5,
  "output_dir": "results/ds_inverse/q201_baseline",
  "notes": "Current implementation with NCE loss. Baseline for IRED-CD ablation study. Using k=10 steps, noise_scale=1.5 (reduced from 3.0).",
  "seed": 2
}
Dataset: Inverse matrices (20x20)
Input dimension: 400, Output dimension: 400
Trainer initialized. Output directory: results/ds_inverse/q201_baseline
Training for 100000 steps...
[CD-DIAG step=100] E_pos=867.2291 E_neg=956.2739 margin=89.0449 E_wtd=0.001743 MSE=1.000905 gradE=21.6105 pred=0.0106 neg_dist=15.3912 lang_grad0=0.0000 lang_gradK=0.0000 lang_disp=0.0000 step=0.0000 sigma=0.0000
[CD-DIAG step=200] E_pos=1563.2278 E_neg=1714.4355 margin=151.2078 E_wtd=0.000697 MSE=1.000634 gradE=40.1149 pred=0.0196 neg_dist=13.7623 lang_grad0=0.0000 lang_gradK=0.0000 lang_disp=0.0000 step=0.0000 sigma=0.0000
[CD-DIAG step=300] E_pos=1846.7676 E_neg=2016.2626 margin=169.4950 E_wtd=0.000549 MSE=0.998116 gradE=52.1845 pred=0.0254 neg_dist=11.9322 lang_grad0=0.0000 lang_gradK=0.0000 lang_disp=0.0000 step=0.0000 sigma=0.0000
[CD-DIAG step=400] E_pos=2914.8074 E_neg=3233.4624 margin=318.6550 E_wtd=0.001029 MSE=0.998523 gradE=83.1052 pred=0.0406 neg_dist=13.5058 lang_grad0=0.0000 lang_gradK=0.0000 lang_disp=0.0000 step=0.0000 sigma=0.0000
[CD-DIAG step=500] E_pos=2930.6423 E_neg=3356.4224 margin=425.7800 E_wtd=0.000853 MSE=0.999067 gradE=89.9063 pred=0.0439 neg_dist=14.8562 lang_grad0=0.0000 lang_gradK=0.0000 lang_disp=0.0000 step=0.0000 sigma=0.0000
[CD-DIAG step=600] E_pos=6587.5342 E_neg=6999.7856 margin=412.2515 E_wtd=0.003011 MSE=0.998633 gradE=184.4261 pred=0.0901 neg_dist=9.1736 lang_grad0=0.0000 lang_gradK=0.0000 lang_disp=0.0000 step=0.0000 sigma=0.0000
[CD-DIAG step=700] E_pos=10631.4590 E_neg=11912.9844 margin=1281.5254 E_wtd=0.007643 MSE=0.998550 gradE=284.8361 pred=0.1390 neg_dist=14.4179 lang_grad0=0.0000 lang_gradK=0.0000 lang_disp=0.0000 step=0.0000 sigma=0.0000
[CD-DIAG step=800] E_pos=11691.6025 E_neg=13031.0156 margin=1339.4131 E_wtd=0.002286 MSE=0.995720 gradE=333.7919 pred=0.1629 neg_dist=13.2234 lang_grad0=0.0000 lang_gradK=0.0000 lang_disp=0.0000 step=0.0000 sigma=0.0000
[CD-DIAG step=900] E_pos=13026.6660 E_neg=15083.4043 margin=2056.7383 E_wtd=0.004740 MSE=0.995999 gradE=369.5187 pred=0.1804 neg_dist=15.2827 lang_grad0=0.0000 lang_gradK=0.0000 lang_disp=0.0000 step=0.0000 sigma=0.0000
[CD-DIAG step=1000] E_pos=19907.7070 E_neg=22866.3965 margin=2958.6895 E_wtd=0.006274 MSE=0.995948 gradE=565.9180 pred=0.2762 neg_dist=15.0354 lang_grad0=0.0000 lang_gradK=0.0000 lang_disp=0.0000 step=0.0000 sigma=0.0000
Running Evaluation...
Validation Result @ Iteration 1000; Milestone = 1 (Train)
---------  -------
mse_error  2.96487
---------  -------
Validation Result @ Iteration 1000; Milestone = 1 (ID: Validation)
---  -------
mse  3.19735
---  -------
[CD-DIAG step=1100] E_pos=28681.8789 E_neg=33025.1484 margin=4343.2695 E_wtd=0.007519 MSE=0.987801 gradE=741.3064 pred=0.3610 neg_dist=15.0736 lang_grad0=0.0000 lang_gradK=0.0000 lang_disp=0.0000 step=0.0000 sigma=0.0000
[CD-DIAG step=1200] E_pos=28774.8594 E_neg=33580.1328 margin=4805.2734 E_wtd=0.005820 MSE=0.990669 gradE=786.9026 pred=0.3840 neg_dist=15.0168 lang_grad0=0.0000 lang_gradK=0.0000 lang_disp=0.0000 step=0.0000 sigma=0.0000
[CD-DIAG step=1300] E_pos=23671.5625 E_neg=28224.0117 margin=4552.4492 E_wtd=0.001710 MSE=0.989549 gradE=767.6493 pred=0.3746 neg_dist=14.8329 lang_grad0=0.0000 lang_gradK=0.0000 lang_disp=0.0000 step=0.0000 sigma=0.0000
[CD-DIAG step=1400] E_pos=41525.1250 E_neg=48492.7812 margin=6967.6562 E_wtd=0.010402 MSE=0.982490 gradE=1149.7073 pred=0.5604 neg_dist=14.9343 lang_grad0=0.0000 lang_gradK=0.0000 lang_disp=0.0000 step=0.0000 sigma=0.0000
[CD-DIAG step=1500] E_pos=44784.6289 E_neg=46007.3984 margin=1222.7695 E_wtd=1.347117 MSE=0.981612 gradE=1311.7356 pred=0.6412 neg_dist=8.1045 lang_grad0=0.0000 lang_gradK=0.0000 lang_disp=0.0000 step=0.0000 sigma=0.0000
[CD-DIAG step=1600] E_pos=66352.8281 E_neg=76297.8438 margin=9945.0156 E_wtd=0.000000 MSE=0.970587 gradE=1618.2633 pred=0.7893 neg_dist=14.3232 lang_grad0=0.0000 lang_gradK=0.0000 lang_disp=0.0000 step=0.0000 sigma=0.0000
[CD-DIAG step=1700] E_pos=104913.4375 E_neg=114981.2812 margin=10067.8438 E_wtd=0.002386 MSE=0.956780 gradE=2456.6611 pred=1.1993 neg_dist=14.0533 lang_grad0=0.0000 lang_gradK=0.0000 lang_disp=0.0000 step=0.0000 sigma=0.0000
[CD-DIAG step=1800] E_pos=116542.8594 E_neg=116411.9609 margin=-130.8984 E_wtd=48.559052 MSE=0.943180 gradE=2601.1851 pred=1.2705 neg_dist=7.5561 lang_grad0=0.0000 lang_gradK=0.0000 lang_disp=0.0000 step=0.0000 sigma=0.0000
[CD-DIAG step=1900] E_pos=163180.3438 E_neg=167339.1562 margin=4158.8125 E_wtd=12.409101 MSE=0.922187 gradE=3510.7974 pred=1.7167 neg_dist=11.0999 lang_grad0=0.0000 lang_gradK=0.0000 lang_disp=0.0000 step=0.0000 sigma=0.0000
[CD-DIAG step=2000] E_pos=239430.1719 E_neg=248181.7656 margin=8751.5938 E_wtd=1.399842 MSE=0.880100 gradE=4887.7983 pred=2.3865 neg_dist=12.6074 lang_grad0=0.0000 lang_gradK=0.0000 lang_disp=0.0000 step=0.0000 sigma=0.0000
Running Evaluation...
Validation Result @ Iteration 2000; Milestone = 2 (Train)
---------  -------
mse_error  3.10612
---------  -------
Validation Result @ Iteration 2000; Milestone = 2 (ID: Validation)
---  -------
mse  2.50872
---  -------
[CD-DIAG step=2100] E_pos=225781.6094 E_neg=223591.8750 margin=-2189.7344 E_wtd=144.618652 MSE=0.875395 gradE=4753.1680 pred=2.3169 neg_dist=7.0513 lang_grad0=0.0000 lang_gradK=0.0000 lang_disp=0.0000 step=0.0000 sigma=0.0000
[CD-DIAG step=2200] E_pos=245879.7344 E_neg=247814.1250 margin=1934.3906 E_wtd=36.292805 MSE=0.858251 gradE=5227.9526 pred=2.5602 neg_dist=8.7773 lang_grad0=0.0000 lang_gradK=0.0000 lang_disp=0.0000 step=0.0000 sigma=0.0000
[CD-DIAG step=2300] E_pos=265846.2812 E_neg=278141.9688 margin=12295.6875 E_wtd=0.009659 MSE=0.844304 gradE=5751.4336 pred=2.8036 neg_dist=11.6441 lang_grad0=0.0000 lang_gradK=0.0000 lang_disp=0.0000 step=0.0000 sigma=0.0000
[CD-DIAG step=2400] E_pos=309135.6250 E_neg=317664.5000 margin=8528.8750 E_wtd=0.626501 MSE=0.817131 gradE=6634.9951 pred=3.2288 neg_dist=10.5555 lang_grad0=0.0000 lang_gradK=0.0000 lang_disp=0.0000 step=0.0000 sigma=0.0000
[CD-DIAG step=2500] E_pos=284098.3125 E_neg=300311.2500 margin=16212.9375 E_wtd=0.000000 MSE=0.818971 gradE=6375.9863 pred=3.1045 neg_dist=11.7524 lang_grad0=0.0000 lang_gradK=0.0000 lang_disp=0.0000 step=0.0000 sigma=0.0000
[CD-DIAG step=2600] E_pos=393000.2500 E_neg=403503.0938 margin=10502.8438 E_wtd=0.105482 MSE=0.774742 gradE=8296.4629 pred=4.0534 neg_dist=10.7683 lang_grad0=0.0000 lang_gradK=0.0000 lang_disp=0.0000 step=0.0000 sigma=0.0000
[CD-DIAG step=2700] E_pos=403671.8750 E_neg=413957.1875 margin=10285.3125 E_wtd=0.105405 MSE=0.757414 gradE=8823.8945 pred=4.3077 neg_dist=10.3733 lang_grad0=0.0000 lang_gradK=0.0000 lang_disp=0.0000 step=0.0000 sigma=0.0000
[CD-DIAG step=2800] E_pos=404216.0625 E_neg=417691.6875 margin=13475.6250 E_wtd=0.002865 MSE=0.752929 gradE=9094.9893 pred=4.4462 neg_dist=10.8345 lang_grad0=0.0000 lang_gradK=0.0000 lang_disp=0.0000 step=0.0000 sigma=0.0000
[CD-DIAG step=2900] E_pos=499417.3438 E_neg=509476.1250 margin=10058.7812 E_wtd=0.129582 MSE=0.715641 gradE=10681.1602 pred=5.2139 neg_dist=9.8865 lang_grad0=0.0000 lang_gradK=0.0000 lang_disp=0.0000 step=0.0000 sigma=0.0000
[CD-DIAG step=3000] E_pos=520546.1562 E_neg=521924.6562 margin=1378.5000 E_wtd=44.184830 MSE=0.704026 gradE=11411.9707 pred=5.5802 neg_dist=7.4435 lang_grad0=0.0000 lang_gradK=0.0000 lang_disp=0.0000 step=0.0000 sigma=0.0000
Running Evaluation...
Validation Result @ Iteration 3000; Milestone = 3 (Train)
---------  -------
mse_error  2.23378
---------  -------
Validation Result @ Iteration 3000; Milestone = 3 (ID: Validation)
---  -------
mse  2.10346
---  -------
[CD-DIAG step=3100] E_pos=541664.1875 E_neg=553339.5625 margin=11675.3750 E_wtd=0.029681 MSE=0.691696 gradE=11746.9561 pred=5.7270 neg_dist=10.0155 lang_grad0=0.0000 lang_gradK=0.0000 lang_disp=0.0000 step=0.0000 sigma=0.0000
[CD-DIAG step=3200] E_pos=606656.8750 E_neg=607072.3750 margin=415.5000 E_wtd=11.283519 MSE=0.668668 gradE=13057.4023 pred=6.3798 neg_dist=1.6660 lang_grad0=0.0000 lang_gradK=0.0000 lang_disp=0.0000 step=0.0000 sigma=0.0000
[CD-DIAG step=3300] E_pos=669245.1875 E_neg=668888.8750 margin=-356.3125 E_wtd=67.442947 MSE=0.649397 gradE=14222.3408 pred=6.9391 neg_dist=5.7104 lang_grad0=0.0000 lang_gradK=0.0000 lang_disp=0.0000 step=0.0000 sigma=0.0000
[CD-DIAG step=3400] E_pos=645646.8750 E_neg=643224.5625 margin=-2422.3125 E_wtd=127.517914 MSE=0.643584 gradE=14203.7275 pred=6.9022 neg_dist=3.7368 lang_grad0=0.0000 lang_gradK=0.0000 lang_disp=0.0000 step=0.0000 sigma=0.0000
[CD-DIAG step=3500] E_pos=574316.6250 E_neg=579646.6250 margin=5330.0000 E_wtd=2.612136 MSE=0.669738 gradE=12905.0752 pred=6.2881 neg_dist=8.1551 lang_grad0=0.0000 lang_gradK=0.0000 lang_disp=0.0000 step=0.0000 sigma=0.0000
[CD-DIAG step=3600] E_pos=635672.8750 E_neg=641093.0000 margin=5420.1250 E_wtd=3.104040 MSE=0.643071 gradE=14314.1641 pred=7.0024 neg_dist=8.0040 lang_grad0=0.0000 lang_gradK=0.0000 lang_disp=0.0000 step=0.0000 sigma=0.0000
[CD-DIAG step=3700] E_pos=723748.1250 E_neg=728295.8750 margin=4547.7500 E_wtd=4.816901 MSE=0.617665 gradE=15832.5264 pred=7.7197 neg_dist=7.9447 lang_grad0=0.0000 lang_gradK=0.0000 lang_disp=0.0000 step=0.0000 sigma=0.0000
[CD-DIAG step=3800] E_pos=695884.2500 E_neg=706070.2500 margin=10186.0000 E_wtd=0.229989 MSE=0.619484 gradE=15472.3730 pred=7.5445 neg_dist=9.3141 lang_grad0=0.0000 lang_gradK=0.0000 lang_disp=0.0000 step=0.0000 sigma=0.0000
[CD-DIAG step=3900] E_pos=677215.5000 E_neg=680846.0000 margin=3630.5000 E_wtd=4.631608 MSE=0.620830 gradE=15224.3193 pred=7.4369 neg_dist=6.6784 lang_grad0=0.0000 lang_gradK=0.0000 lang_disp=0.0000 step=0.0000 sigma=0.0000
[CD-DIAG step=4000] E_pos=697585.2500 E_neg=701569.1250 margin=3983.8750 E_wtd=3.266966 MSE=0.615695 gradE=15574.2559 pred=7.6176 neg_dist=6.6941 lang_grad0=0.0000 lang_gradK=0.0000 lang_disp=0.0000 step=0.0000 sigma=0.0000
Running Evaluation...
Validation Result @ Iteration 4000; Milestone = 4 (Train)
---------  -------
mse_error  1.62775
---------  -------
Validation Result @ Iteration 4000; Milestone = 4 (ID: Validation)
---  -------
mse  1.77878
---  -------
[CD-DIAG step=4100] E_pos=789397.5000 E_neg=798541.2500 margin=9143.7500 E_wtd=0.095059 MSE=0.595525 gradE=16974.3652 pred=8.2776 neg_dist=8.8396 lang_grad0=0.0000 lang_gradK=0.0000 lang_disp=0.0000 step=0.0000 sigma=0.0000
[CD-DIAG step=4200] E_pos=800638.5000 E_neg=812176.0000 margin=11537.5000 E_wtd=0.021953 MSE=0.584529 gradE=17415.1250 pred=8.5128 neg_dist=9.3144 lang_grad0=0.0000 lang_gradK=0.0000 lang_disp=0.0000 step=0.0000 sigma=0.0000
[CD-DIAG step=4300] E_pos=814812.5000 E_neg=819428.2500 margin=4615.7500 E_wtd=3.864428 MSE=0.582304 gradE=17741.8203 pred=8.6941 neg_dist=7.5123 lang_grad0=0.0000 lang_gradK=0.0000 lang_disp=0.0000 step=0.0000 sigma=0.0000
[CD-DIAG step=4400] E_pos=841551.4375 E_neg=844705.8750 margin=3154.4375 E_wtd=8.797871 MSE=0.576016 gradE=18274.8672 pred=8.9161 neg_dist=6.3276 lang_grad0=0.0000 lang_gradK=0.0000 lang_disp=0.0000 step=0.0000 sigma=0.0000
[CD-DIAG step=4500] E_pos=779669.7500 E_neg=789963.7500 margin=10294.0000 E_wtd=0.098975 MSE=0.586774 gradE=17123.8281 pred=8.3526 neg_dist=8.6122 lang_grad0=0.0000 lang_gradK=0.0000 lang_disp=0.0000 step=0.0000 sigma=0.0000
