Job started at Mon Jan 26 07:40:11 EST 2026
Running on host: holygpu8a22401.rc.fas.harvard.edu
Job ID: 56990902 (Array Job ID: 56602475, Task ID: 8)
Seed: 8
Git URL: https://github.com/mdkrasnow/research-repo.git
Git SHA: fef884935d71901bd0658b2ecc73b88b9a3f8ca3
Work directory: /tmp/ired-job-56990902
GPU info:
Mon Jan 26 07:40:12 2026       
+-----------------------------------------------------------------------------------------+
| NVIDIA-SMI 575.57.08              Driver Version: 575.57.08      CUDA Version: 12.9     |
|-----------------------------------------+------------------------+----------------------+
| GPU  Name                 Persistence-M | Bus-Id          Disp.A | Volatile Uncorr. ECC |
| Fan  Temp   Perf          Pwr:Usage/Cap |           Memory-Usage | GPU-Util  Compute M. |
|                                         |                        |               MIG M. |
|=========================================+========================+======================|
|   0  NVIDIA A100-SXM4-80GB          On  |   00000000:CA:00.0 Off |                    0 |
| N/A   28C    P0             63W /  500W |       0MiB /  81920MiB |      0%      Default |
|                                         |                        |             Disabled |
+-----------------------------------------+------------------------+----------------------+
                                                                                         
+-----------------------------------------------------------------------------------------+
| Processes:                                                                              |
|  GPU   GI   CI              PID   Type   Process name                        GPU Memory |
|        ID   ID                                                               Usage      |
|=========================================================================================|
|  No running processes found                                                             |
+-----------------------------------------------------------------------------------------+
Cloning repository...
Repository cloned and checked out to: fef8849
Repository info:
fef8849 reorg
Starting matrix inversion with random mining and seed 8...
Loading configuration from: projects/ired/configs/q102_multiseed_random.json
Configuration saved to: results/ds_inverse/q102_seed8/experiment_config.json
Setting random seed: 8
Starting experiment with mining strategy: random
Configuration: {
  "experiment_name": "q102_multiseed_random",
  "description": "Multi-seed random mining validation - seeds 0-9",
  "mining_strategy": "random",
  "rank": 20,
  "ood": false,
  "diffusion_steps": 10,
  "batch_size": 2048,
  "train_steps": 100000,
  "learning_rate": 0.0001,
  "seed": 8,
  "output_dir": "results/ds_inverse/q102_seed8",
  "notes": "Random negative mining strategy. This config will be used with SLURM array jobs where seed is overridden by SLURM_ARRAY_TASK_ID."
}
Dataset: Inverse matrices (20x20)
Input dimension: 400, Output dimension: 400
Trainer initialized. Output directory: results/ds_inverse/q102_seed8
Training for 100000 steps...
Running Evaluation...
Validation Result @ Iteration 1000; Milestone = 1 (Train)
---------  -------
mse_error  1.87553
---------  -------
Validation Result @ Iteration 1000; Milestone = 1 (ID: Validation)
---  -------
mse  1.87614
---  -------
Running Evaluation...
Validation Result @ Iteration 2000; Milestone = 2 (Train)
---------  -------
mse_error  1.15826
---------  -------
Validation Result @ Iteration 2000; Milestone = 2 (ID: Validation)
---  -------
mse  1.15817
---  -------
Running Evaluation...
Validation Result @ Iteration 3000; Milestone = 3 (Train)
---------  --------
mse_error  0.729249
---------  --------
Validation Result @ Iteration 3000; Milestone = 3 (ID: Validation)
---  --------
mse  0.732128
---  --------
Running Evaluation...
Validation Result @ Iteration 4000; Milestone = 4 (Train)
---------  --------
mse_error  0.428534
---------  --------
Validation Result @ Iteration 4000; Milestone = 4 (ID: Validation)
---  --------
mse  0.430931
---  --------
Running Evaluation...
Validation Result @ Iteration 5000; Milestone = 5 (Train)
---------  --------
mse_error  0.204753
---------  --------
Validation Result @ Iteration 5000; Milestone = 5 (ID: Validation)
---  -------
mse  0.20448
---  -------
Running Evaluation...
Validation Result @ Iteration 6000; Milestone = 6 (Train)
---------  ---------
mse_error  0.0701189
---------  ---------
Validation Result @ Iteration 6000; Milestone = 6 (ID: Validation)
---  ---------
mse  0.0704134
---  ---------
Running Evaluation...
Validation Result @ Iteration 7000; Milestone = 7 (Train)
---------  ---------
mse_error  0.0192425
---------  ---------
Validation Result @ Iteration 7000; Milestone = 7 (ID: Validation)
---  ---------
mse  0.0201676
---  ---------
Running Evaluation...
Validation Result @ Iteration 8000; Milestone = 8 (Train)
---------  ---------
mse_error  0.0119687
---------  ---------
Validation Result @ Iteration 8000; Milestone = 8 (ID: Validation)
---  ---------
mse  0.0117927
---  ---------
Running Evaluation...
Validation Result @ Iteration 9000; Milestone = 9 (Train)
---------  --------
mse_error  0.011117
---------  --------
Validation Result @ Iteration 9000; Milestone = 9 (ID: Validation)
---  ---------
mse  0.0101642
---  ---------
Running Evaluation...
Validation Result @ Iteration 10000; Milestone = 10 (Train)
---------  ----------
mse_error  0.00979172
---------  ----------
Validation Result @ Iteration 10000; Milestone = 10 (ID: Validation)
---  --------
mse  0.010044
---  --------
Running Evaluation...
Validation Result @ Iteration 11000; Milestone = 11 (Train)
---------  ----------
mse_error  0.00972969
---------  ----------
Validation Result @ Iteration 11000; Milestone = 11 (ID: Validation)
---  ----------
mse  0.00981668
---  ----------
Running Evaluation...
Validation Result @ Iteration 12000; Milestone = 12 (Train)
---------  ----------
mse_error  0.00988018
---------  ----------
Validation Result @ Iteration 12000; Milestone = 12 (ID: Validation)
---  ----------
mse  0.00981506
---  ----------
Running Evaluation...
Validation Result @ Iteration 13000; Milestone = 13 (Train)
---------  ----------
mse_error  0.00971698
---------  ----------
Validation Result @ Iteration 13000; Milestone = 13 (ID: Validation)
---  ----------
mse  0.00968372
---  ----------
Running Evaluation...
Validation Result @ Iteration 14000; Milestone = 14 (Train)
---------  ----------
mse_error  0.00966876
---------  ----------
Validation Result @ Iteration 14000; Milestone = 14 (ID: Validation)
---  ----------
mse  0.00970482
---  ----------
Running Evaluation...
Validation Result @ Iteration 15000; Milestone = 15 (Train)
---------  ----------
mse_error  0.00970948
---------  ----------
Validation Result @ Iteration 15000; Milestone = 15 (ID: Validation)
---  ----------
mse  0.00967964
---  ----------
Running Evaluation...
Validation Result @ Iteration 16000; Milestone = 16 (Train)
---------  ----------
mse_error  0.00971194
---------  ----------
Validation Result @ Iteration 16000; Milestone = 16 (ID: Validation)
---  ----------
mse  0.00970625
---  ----------
Running Evaluation...
Validation Result @ Iteration 17000; Milestone = 17 (Train)
---------  ----------
mse_error  0.00969445
---------  ----------
Validation Result @ Iteration 17000; Milestone = 17 (ID: Validation)
---  ----------
mse  0.00973272
---  ----------
Running Evaluation...
Validation Result @ Iteration 18000; Milestone = 18 (Train)
---------  ----------
mse_error  0.00960069
---------  ----------
Validation Result @ Iteration 18000; Milestone = 18 (ID: Validation)
---  ----------
mse  0.00975693
---  ----------
Running Evaluation...
Validation Result @ Iteration 19000; Milestone = 19 (Train)
---------  ----------
mse_error  0.00969565
---------  ----------
Validation Result @ Iteration 19000; Milestone = 19 (ID: Validation)
---  ----------
mse  0.00970351
---  ----------
Running Evaluation...
Validation Result @ Iteration 20000; Milestone = 20 (Train)
---------  ----------
mse_error  0.00970981
---------  ----------
Validation Result @ Iteration 20000; Milestone = 20 (ID: Validation)
---  ----------
mse  0.00967775
---  ----------
Running Evaluation...
Validation Result @ Iteration 21000; Milestone = 21 (Train)
---------  ----------
mse_error  0.00964718
---------  ----------
Validation Result @ Iteration 21000; Milestone = 21 (ID: Validation)
---  ----------
mse  0.00961211
---  ----------
Running Evaluation...
Validation Result @ Iteration 22000; Milestone = 22 (Train)
---------  ----------
mse_error  0.00970431
---------  ----------
Validation Result @ Iteration 22000; Milestone = 22 (ID: Validation)
---  ----------
mse  0.00968212
---  ----------
Running Evaluation...
Validation Result @ Iteration 23000; Milestone = 23 (Train)
---------  ----------
mse_error  0.00983938
---------  ----------
Validation Result @ Iteration 23000; Milestone = 23 (ID: Validation)
---  ----------
mse  0.00968056
---  ----------
Running Evaluation...
Validation Result @ Iteration 24000; Milestone = 24 (Train)
---------  ----------
mse_error  0.00971226
---------  ----------
Validation Result @ Iteration 24000; Milestone = 24 (ID: Validation)
---  ----------
mse  0.00971494
---  ----------
Running Evaluation...
Validation Result @ Iteration 25000; Milestone = 25 (Train)
---------  ----------
mse_error  0.00965701
---------  ----------
Validation Result @ Iteration 25000; Milestone = 25 (ID: Validation)
---  ----------
mse  0.00969151
---  ----------
Running Evaluation...
Validation Result @ Iteration 26000; Milestone = 26 (Train)
---------  ----------
mse_error  0.00964799
---------  ----------
Validation Result @ Iteration 26000; Milestone = 26 (ID: Validation)
---  ----------
mse  0.00971529
---  ----------
Running Evaluation...
Validation Result @ Iteration 27000; Milestone = 27 (Train)
---------  ----------
mse_error  0.00962907
---------  ----------
Validation Result @ Iteration 27000; Milestone = 27 (ID: Validation)
---  ----------
mse  0.00971249
---  ----------
Running Evaluation...
Validation Result @ Iteration 28000; Milestone = 28 (Train)
---------  ----------
mse_error  0.00968558
---------  ----------
Validation Result @ Iteration 28000; Milestone = 28 (ID: Validation)
---  ---------
mse  0.0098533
---  ---------
Running Evaluation...
Validation Result @ Iteration 29000; Milestone = 29 (Train)
---------  ----------
mse_error  0.00964664
---------  ----------
Validation Result @ Iteration 29000; Milestone = 29 (ID: Validation)
---  ----------
mse  0.00966621
---  ----------
Running Evaluation...
Validation Result @ Iteration 30000; Milestone = 30 (Train)
---------  ----------
mse_error  0.00966506
---------  ----------
Validation Result @ Iteration 30000; Milestone = 30 (ID: Validation)
---  ----------
mse  0.00967471
---  ----------
Running Evaluation...
Validation Result @ Iteration 31000; Milestone = 31 (Train)
---------  ----------
mse_error  0.00967449
---------  ----------
Validation Result @ Iteration 31000; Milestone = 31 (ID: Validation)
---  ----------
mse  0.00978505
---  ----------
Running Evaluation...
Validation Result @ Iteration 32000; Milestone = 32 (Train)
---------  ----------
mse_error  0.00970563
---------  ----------
Validation Result @ Iteration 32000; Milestone = 32 (ID: Validation)
---  ----------
mse  0.00966419
---  ----------
Running Evaluation...
Validation Result @ Iteration 33000; Milestone = 33 (Train)
---------  ----------
mse_error  0.00966018
---------  ----------
Validation Result @ Iteration 33000; Milestone = 33 (ID: Validation)
---  ----------
mse  0.00975123
---  ----------
Running Evaluation...
Validation Result @ Iteration 34000; Milestone = 34 (Train)
---------  ---------
mse_error  0.0096757
---------  ---------
Validation Result @ Iteration 34000; Milestone = 34 (ID: Validation)
---  ----------
mse  0.00970678
---  ----------
Running Evaluation...
Validation Result @ Iteration 35000; Milestone = 35 (Train)
---------  ----------
mse_error  0.00972197
---------  ----------
Validation Result @ Iteration 35000; Milestone = 35 (ID: Validation)
---  ----------
mse  0.00964771
---  ----------
Running Evaluation...
Validation Result @ Iteration 36000; Milestone = 36 (Train)
---------  ----------
mse_error  0.00959367
---------  ----------
Validation Result @ Iteration 36000; Milestone = 36 (ID: Validation)
---  ----------
mse  0.00967977
---  ----------
Running Evaluation...
Validation Result @ Iteration 37000; Milestone = 37 (Train)
---------  ----------
mse_error  0.00967723
---------  ----------
Validation Result @ Iteration 37000; Milestone = 37 (ID: Validation)
---  ----------
mse  0.00968987
---  ----------
Running Evaluation...
Validation Result @ Iteration 38000; Milestone = 38 (Train)
---------  ----------
mse_error  0.00963466
---------  ----------
Validation Result @ Iteration 38000; Milestone = 38 (ID: Validation)
---  ---------
mse  0.0097405
---  ---------
Running Evaluation...
Validation Result @ Iteration 39000; Milestone = 39 (Train)
---------  --------
mse_error  0.009642
---------  --------
Validation Result @ Iteration 39000; Milestone = 39 (ID: Validation)
---  ----------
mse  0.00968409
---  ----------
Running Evaluation...
Validation Result @ Iteration 40000; Milestone = 40 (Train)
---------  ---------
mse_error  0.0096525
---------  ---------
Validation Result @ Iteration 40000; Milestone = 40 (ID: Validation)
---  ----------
mse  0.00962576
---  ----------
Running Evaluation...
Validation Result @ Iteration 41000; Milestone = 41 (Train)
---------  ----------
mse_error  0.00971038
---------  ----------
Validation Result @ Iteration 41000; Milestone = 41 (ID: Validation)
---  ----------
mse  0.00966503
---  ----------
Running Evaluation...
Validation Result @ Iteration 42000; Milestone = 42 (Train)
---------  ----------
mse_error  0.00961979
---------  ----------
Validation Result @ Iteration 42000; Milestone = 42 (ID: Validation)
---  ----------
mse  0.00971023
---  ----------
Running Evaluation...
Validation Result @ Iteration 43000; Milestone = 43 (Train)
---------  ----------
mse_error  0.00975334
---------  ----------
Validation Result @ Iteration 43000; Milestone = 43 (ID: Validation)
---  ----------
mse  0.00965205
---  ----------
Running Evaluation...
Validation Result @ Iteration 44000; Milestone = 44 (Train)
---------  ---------
mse_error  0.0096608
---------  ---------
Validation Result @ Iteration 44000; Milestone = 44 (ID: Validation)
---  ----------
mse  0.00965872
---  ----------
Running Evaluation...
Validation Result @ Iteration 45000; Milestone = 45 (Train)
---------  ----------
mse_error  0.00972688
---------  ----------
Validation Result @ Iteration 45000; Milestone = 45 (ID: Validation)
---  ----------
mse  0.00971441
---  ----------
Running Evaluation...
Validation Result @ Iteration 46000; Milestone = 46 (Train)
---------  ----------
mse_error  0.00963462
---------  ----------
Validation Result @ Iteration 46000; Milestone = 46 (ID: Validation)
---  ---------
mse  0.0097463
---  ---------
Running Evaluation...
Validation Result @ Iteration 47000; Milestone = 47 (Train)
---------  ----------
mse_error  0.00965507
---------  ----------
Validation Result @ Iteration 47000; Milestone = 47 (ID: Validation)
---  ----------
mse  0.00969118
---  ----------
Running Evaluation...
Validation Result @ Iteration 48000; Milestone = 48 (Train)
---------  ----------
mse_error  0.00963702
---------  ----------
Validation Result @ Iteration 48000; Milestone = 48 (ID: Validation)
---  ----------
mse  0.00965734
---  ----------
Running Evaluation...
Validation Result @ Iteration 49000; Milestone = 49 (Train)
---------  ----------
mse_error  0.00961411
---------  ----------
Validation Result @ Iteration 49000; Milestone = 49 (ID: Validation)
---  ----------
mse  0.00974228
---  ----------
Running Evaluation...
Validation Result @ Iteration 50000; Milestone = 50 (Train)
---------  ----------
mse_error  0.00968572
---------  ----------
Validation Result @ Iteration 50000; Milestone = 50 (ID: Validation)
---  ----------
mse  0.00963832
---  ----------
Running Evaluation...
Validation Result @ Iteration 51000; Milestone = 51 (Train)
---------  ----------
mse_error  0.00967045
---------  ----------
Validation Result @ Iteration 51000; Milestone = 51 (ID: Validation)
---  ----------
mse  0.00968164
---  ----------
Running Evaluation...
Validation Result @ Iteration 52000; Milestone = 52 (Train)
---------  ----------
mse_error  0.00982479
---------  ----------
Validation Result @ Iteration 52000; Milestone = 52 (ID: Validation)
---  ----------
mse  0.00982934
---  ----------
Running Evaluation...
Validation Result @ Iteration 53000; Milestone = 53 (Train)
---------  ----------
mse_error  0.00968048
---------  ----------
Validation Result @ Iteration 53000; Milestone = 53 (ID: Validation)
---  ----------
mse  0.00966977
---  ----------
Running Evaluation...
Validation Result @ Iteration 54000; Milestone = 54 (Train)
---------  ----------
mse_error  0.00978542
---------  ----------
Validation Result @ Iteration 54000; Milestone = 54 (ID: Validation)
---  ----------
mse  0.00968935
---  ----------
Running Evaluation...
Validation Result @ Iteration 55000; Milestone = 55 (Train)
---------  ----------
mse_error  0.00967624
---------  ----------
Validation Result @ Iteration 55000; Milestone = 55 (ID: Validation)
---  ----------
mse  0.00968752
---  ----------
Running Evaluation...
Validation Result @ Iteration 56000; Milestone = 56 (Train)
---------  ----------
mse_error  0.00968977
---------  ----------
Validation Result @ Iteration 56000; Milestone = 56 (ID: Validation)
---  ----------
mse  0.00974325
---  ----------
Running Evaluation...
Validation Result @ Iteration 57000; Milestone = 57 (Train)
---------  ----------
mse_error  0.00978967
---------  ----------
Validation Result @ Iteration 57000; Milestone = 57 (ID: Validation)
---  ----------
mse  0.00969706
---  ----------
Running Evaluation...
Validation Result @ Iteration 58000; Milestone = 58 (Train)
---------  ----------
mse_error  0.00983991
---------  ----------
Validation Result @ Iteration 58000; Milestone = 58 (ID: Validation)
---  ----------
mse  0.00971496
---  ----------
Running Evaluation...
Validation Result @ Iteration 59000; Milestone = 59 (Train)
---------  ----------
mse_error  0.00968055
---------  ----------
Validation Result @ Iteration 59000; Milestone = 59 (ID: Validation)
---  ---------
mse  0.0096645
---  ---------
Running Evaluation...
Validation Result @ Iteration 60000; Milestone = 60 (Train)
---------  ----------
mse_error  0.00971678
---------  ----------
Validation Result @ Iteration 60000; Milestone = 60 (ID: Validation)
---  ----------
mse  0.00967454
---  ----------
Running Evaluation...
Validation Result @ Iteration 61000; Milestone = 61 (Train)
---------  ----------
mse_error  0.00969811
---------  ----------
Validation Result @ Iteration 61000; Milestone = 61 (ID: Validation)
---  ----------
mse  0.00970555
---  ----------
Running Evaluation...
Validation Result @ Iteration 62000; Milestone = 62 (Train)
---------  ----------
mse_error  0.00966592
---------  ----------
Validation Result @ Iteration 62000; Milestone = 62 (ID: Validation)
---  ---------
mse  0.0096513
---  ---------
Running Evaluation...
Validation Result @ Iteration 63000; Milestone = 63 (Train)
---------  ----------
mse_error  0.00967474
---------  ----------
Validation Result @ Iteration 63000; Milestone = 63 (ID: Validation)
---  ----------
mse  0.00966282
---  ----------
Running Evaluation...
Validation Result @ Iteration 64000; Milestone = 64 (Train)
---------  ----------
mse_error  0.00965571
---------  ----------
Validation Result @ Iteration 64000; Milestone = 64 (ID: Validation)
---  ----------
mse  0.00966403
---  ----------
Running Evaluation...
Validation Result @ Iteration 65000; Milestone = 65 (Train)
---------  ----------
mse_error  0.00975448
---------  ----------
Validation Result @ Iteration 65000; Milestone = 65 (ID: Validation)
---  ----------
mse  0.00964507
---  ----------
Running Evaluation...
Validation Result @ Iteration 66000; Milestone = 66 (Train)
---------  ----------
mse_error  0.00968373
---------  ----------
Validation Result @ Iteration 66000; Milestone = 66 (ID: Validation)
---  ----------
mse  0.00968108
---  ----------
Running Evaluation...
Validation Result @ Iteration 67000; Milestone = 67 (Train)
---------  ----------
mse_error  0.00969781
---------  ----------
Validation Result @ Iteration 67000; Milestone = 67 (ID: Validation)
---  ----------
mse  0.00969969
---  ----------
Running Evaluation...
Validation Result @ Iteration 68000; Milestone = 68 (Train)
---------  ----------
mse_error  0.00968289
---------  ----------
Validation Result @ Iteration 68000; Milestone = 68 (ID: Validation)
---  ----------
mse  0.00964058
---  ----------
Running Evaluation...
Validation Result @ Iteration 69000; Milestone = 69 (Train)
---------  ----------
mse_error  0.00968639
---------  ----------
Validation Result @ Iteration 69000; Milestone = 69 (ID: Validation)
---  ----------
mse  0.00969762
---  ----------
Running Evaluation...
Validation Result @ Iteration 70000; Milestone = 70 (Train)
---------  ----------
mse_error  0.00962216
---------  ----------
Validation Result @ Iteration 70000; Milestone = 70 (ID: Validation)
---  ----------
mse  0.00969328
---  ----------
Running Evaluation...
Validation Result @ Iteration 71000; Milestone = 71 (Train)
---------  ----------
mse_error  0.00966578
---------  ----------
Validation Result @ Iteration 71000; Milestone = 71 (ID: Validation)
---  ---------
mse  0.0096873
---  ---------
Running Evaluation...
Validation Result @ Iteration 72000; Milestone = 72 (Train)
---------  ----------
mse_error  0.00987278
---------  ----------
Validation Result @ Iteration 72000; Milestone = 72 (ID: Validation)
---  -------
mse  0.00966
---  -------
Running Evaluation...
Validation Result @ Iteration 73000; Milestone = 73 (Train)
---------  ----------
mse_error  0.00967507
---------  ----------
Validation Result @ Iteration 73000; Milestone = 73 (ID: Validation)
---  ----------
mse  0.00968531
---  ----------
Running Evaluation...
Validation Result @ Iteration 74000; Milestone = 74 (Train)
---------  ----------
mse_error  0.00969601
---------  ----------
Validation Result @ Iteration 74000; Milestone = 74 (ID: Validation)
---  ----------
mse  0.00969557
---  ----------
Running Evaluation...
Validation Result @ Iteration 75000; Milestone = 75 (Train)
---------  ----------
mse_error  0.00994459
---------  ----------
Validation Result @ Iteration 75000; Milestone = 75 (ID: Validation)
---  ----------
mse  0.00966994
---  ----------
Running Evaluation...
Validation Result @ Iteration 76000; Milestone = 76 (Train)
---------  ----------
mse_error  0.00968818
---------  ----------
Validation Result @ Iteration 76000; Milestone = 76 (ID: Validation)
---  -------
mse  0.00969
---  -------
Running Evaluation...
Validation Result @ Iteration 77000; Milestone = 77 (Train)
---------  ---------
mse_error  0.0096856
---------  ---------
Validation Result @ Iteration 77000; Milestone = 77 (ID: Validation)
---  ----------
mse  0.00968787
---  ----------
Running Evaluation...
Validation Result @ Iteration 78000; Milestone = 78 (Train)
---------  ----------
mse_error  0.00962666
---------  ----------
Validation Result @ Iteration 78000; Milestone = 78 (ID: Validation)
---  ----------
mse  0.00969806
---  ----------
Running Evaluation...
Validation Result @ Iteration 79000; Milestone = 79 (Train)
---------  ----------
mse_error  0.00968731
---------  ----------
Validation Result @ Iteration 79000; Milestone = 79 (ID: Validation)
---  ----------
mse  0.00965622
---  ----------
Running Evaluation...
Validation Result @ Iteration 80000; Milestone = 80 (Train)
---------  ----------
mse_error  0.00973425
---------  ----------
Validation Result @ Iteration 80000; Milestone = 80 (ID: Validation)
---  ----------
mse  0.00968887
---  ----------
Running Evaluation...
Validation Result @ Iteration 81000; Milestone = 81 (Train)
---------  ---------
mse_error  0.0097958
---------  ---------
Validation Result @ Iteration 81000; Milestone = 81 (ID: Validation)
---  ---------
mse  0.0097057
---  ---------
Running Evaluation...
Validation Result @ Iteration 82000; Milestone = 82 (Train)
---------  ----------
mse_error  0.00971862
---------  ----------
Validation Result @ Iteration 82000; Milestone = 82 (ID: Validation)
---  ----------
mse  0.00970752
---  ----------
Running Evaluation...
Validation Result @ Iteration 83000; Milestone = 83 (Train)
---------  ----------
mse_error  0.00969805
---------  ----------
Validation Result @ Iteration 83000; Milestone = 83 (ID: Validation)
---  ---------
mse  0.0096595
---  ---------
Running Evaluation...
Validation Result @ Iteration 84000; Milestone = 84 (Train)
---------  ----------
mse_error  0.00973374
---------  ----------
Validation Result @ Iteration 84000; Milestone = 84 (ID: Validation)
---  ----------
mse  0.00964568
---  ----------
Running Evaluation...
Validation Result @ Iteration 85000; Milestone = 85 (Train)
---------  ----------
mse_error  0.00971832
---------  ----------
Validation Result @ Iteration 85000; Milestone = 85 (ID: Validation)
---  ----------
mse  0.00969503
---  ----------
Running Evaluation...
Validation Result @ Iteration 86000; Milestone = 86 (Train)
---------  ----------
mse_error  0.00968793
---------  ----------
Validation Result @ Iteration 86000; Milestone = 86 (ID: Validation)
---  ---------
mse  0.0096721
---  ---------
Running Evaluation...
Validation Result @ Iteration 87000; Milestone = 87 (Train)
---------  ----------
mse_error  0.00967622
---------  ----------
Validation Result @ Iteration 87000; Milestone = 87 (ID: Validation)
---  ----------
mse  0.00967659
---  ----------
Running Evaluation...
Validation Result @ Iteration 88000; Milestone = 88 (Train)
---------  ----------
mse_error  0.00965814
---------  ----------
Validation Result @ Iteration 88000; Milestone = 88 (ID: Validation)
---  ----------
mse  0.00972745
---  ----------
Running Evaluation...
Validation Result @ Iteration 89000; Milestone = 89 (Train)
---------  ----------
mse_error  0.00977475
---------  ----------
Validation Result @ Iteration 89000; Milestone = 89 (ID: Validation)
---  ----------
mse  0.00970163
---  ----------
Running Evaluation...
Validation Result @ Iteration 90000; Milestone = 90 (Train)
---------  ----------
mse_error  0.00973546
---------  ----------
Validation Result @ Iteration 90000; Milestone = 90 (ID: Validation)
---  ---------
mse  0.0096862
---  ---------
Running Evaluation...
Validation Result @ Iteration 91000; Milestone = 91 (Train)
---------  ---------
mse_error  0.0099285
---------  ---------
Validation Result @ Iteration 91000; Milestone = 91 (ID: Validation)
---  ----------
mse  0.00968363
---  ----------
Running Evaluation...
Validation Result @ Iteration 92000; Milestone = 92 (Train)
---------  ----------
mse_error  0.00964881
---------  ----------
Validation Result @ Iteration 92000; Milestone = 92 (ID: Validation)
---  ---------
mse  0.0096507
---  ---------
Running Evaluation...
Validation Result @ Iteration 93000; Milestone = 93 (Train)
---------  ----------
mse_error  0.00976202
---------  ----------
Validation Result @ Iteration 93000; Milestone = 93 (ID: Validation)
---  ----------
mse  0.00968957
---  ----------
Running Evaluation...
Validation Result @ Iteration 94000; Milestone = 94 (Train)
---------  ----------
mse_error  0.00974147
---------  ----------
Validation Result @ Iteration 94000; Milestone = 94 (ID: Validation)
---  ---------
mse  0.0096871
---  ---------
Running Evaluation...
Validation Result @ Iteration 95000; Milestone = 95 (Train)
---------  --------
mse_error  0.009648
---------  --------
Validation Result @ Iteration 95000; Milestone = 95 (ID: Validation)
---  ---------
mse  0.0097517
---  ---------
Running Evaluation...
Validation Result @ Iteration 96000; Milestone = 96 (Train)
---------  ----------
mse_error  0.00970636
---------  ----------
Validation Result @ Iteration 96000; Milestone = 96 (ID: Validation)
---  ----------
mse  0.00967139
---  ----------
Running Evaluation...
Validation Result @ Iteration 97000; Milestone = 97 (Train)
---------  ----------
mse_error  0.00968229
---------  ----------
Validation Result @ Iteration 97000; Milestone = 97 (ID: Validation)
---  ----------
mse  0.00968204
---  ----------
Running Evaluation...
Validation Result @ Iteration 98000; Milestone = 98 (Train)
---------  ----------
mse_error  0.00963358
---------  ----------
Validation Result @ Iteration 98000; Milestone = 98 (ID: Validation)
---  ----------
mse  0.00967546
---  ----------
Running Evaluation...
Validation Result @ Iteration 99000; Milestone = 99 (Train)
---------  ----------
mse_error  0.00968197
---------  ----------
Validation Result @ Iteration 99000; Milestone = 99 (ID: Validation)
---  ----------
mse  0.00964134
---  ----------
Running Evaluation...
Validation Result @ Iteration 100000; Milestone = 100 (Train)
---------  ----------
mse_error  0.00994422
---------  ----------
Validation Result @ Iteration 100000; Milestone = 100 (ID: Validation)
---  ---------
mse  0.0096704
---  ---------
training complete
Training completed!
Results saved to: results/ds_inverse/q102_seed8/results.json
Experiment completed at Mon Jan 26 09:17:09 EST 2026
Copying results to persistent storage...
sending incremental file list
./
summary.md
test_run/
test_run/experiment_config.json

sent 2,490 bytes  received 69 bytes  1,706.00 bytes/sec
total size is 2,227  speedup is 0.87
Results copied to /n/home03/mkrasnow/research-repo/projects/ired/results/
Cleaning up work directory...
