Job started at Wed Feb 18 22:03:01 EST 2026
Running on host: holygpu8a22306.rc.fas.harvard.edu
Job ID: 61083597
Git URL: https://github.com/mdkrasnow/research-repo.git
Git SHA: 9125a0270f59e8930ae21028cf3fbfb301762a93
Work directory: /tmp/ired-job-61083597
GPU info:
Wed Feb 18 22:03:01 2026       
+-----------------------------------------------------------------------------------------+
| NVIDIA-SMI 575.57.08              Driver Version: 575.57.08      CUDA Version: 12.9     |
|-----------------------------------------+------------------------+----------------------+
| GPU  Name                 Persistence-M | Bus-Id          Disp.A | Volatile Uncorr. ECC |
| Fan  Temp   Perf          Pwr:Usage/Cap |           Memory-Usage | GPU-Util  Compute M. |
|                                         |                        |               MIG M. |
|=========================================+========================+======================|
|   0  NVIDIA A100-SXM4-80GB          On  |   00000000:CA:00.0 Off |                    0 |
| N/A   28C    P0             61W /  500W |       0MiB /  81920MiB |      0%      Default |
|                                         |                        |             Disabled |
+-----------------------------------------+------------------------+----------------------+
                                                                                         
+-----------------------------------------------------------------------------------------+
| Processes:                                                                              |
|  GPU   GI   CI              PID   Type   Process name                        GPU Memory |
|        ID   ID                                                               Usage      |
|=========================================================================================|
|  No running processes found                                                             |
+-----------------------------------------------------------------------------------------+
Cloning repository...
Repository cloned and checked out to: 9125a02
Repository info:
9125a02 Add CD diagnostic logging and Langevin displacement tracking
Starting IRED-CD baseline (current NCE implementation)...
Loading configuration from: projects/ired/configs/q201_baseline.json
Configuration saved to: results/ds_inverse/q201_baseline/experiment_config.json
Setting random seed: 2
Starting experiment with mining strategy: adversarial
Configuration: {
  "experiment_name": "q201_baseline",
  "description": "IRED-CD Investigation - Baseline (current NCE implementation for comparison)",
  "investigation": "ired-cd",
  "ablation_stage": "baseline",
  "mining_strategy": "adversarial",
  "rank": 20,
  "ood": false,
  "diffusion_steps": 10,
  "batch_size": 2048,
  "train_steps": 20000,
  "learning_rate": 0.0001,
  "mining_opt_steps": 10,
  "mining_noise_scale": 1.5,
  "output_dir": "results/ds_inverse/q201_baseline",
  "notes": "Current implementation with NCE loss. Baseline for IRED-CD ablation study. Using k=10 steps, noise_scale=1.5 (reduced from 3.0).",
  "seed": 2
}
Dataset: Inverse matrices (20x20)
Input dimension: 400, Output dimension: 400
Trainer initialized. Output directory: results/ds_inverse/q201_baseline
Training for 20000 steps...
[CD-DIAG step=100] E_pos=814.7681 E_neg=899.3615 CD_raw=-84.5934 CD_wtd=0.018052 MSE=1.000914 neg_dist=15.3914 lang_grad0=0.0000 lang_gradK=0.0000 lang_disp=0.0000 step=0.0000 sigma=0.0000
[CD-DIAG step=200] E_pos=1289.1033 E_neg=1418.5757 CD_raw=-129.4725 CD_wtd=0.008181 MSE=1.000687 neg_dist=13.7660 lang_grad0=0.0000 lang_gradK=0.0000 lang_disp=0.0000 step=0.0000 sigma=0.0000
[CD-DIAG step=300] E_pos=1290.8359 E_neg=1419.3383 CD_raw=-128.5023 CD_wtd=0.007281 MSE=0.998238 neg_dist=11.9428 lang_grad0=0.0000 lang_gradK=0.0000 lang_disp=0.0000 step=0.0000 sigma=0.0000
[CD-DIAG step=400] E_pos=2418.0916 E_neg=2690.3662 CD_raw=-272.2747 CD_wtd=0.013353 MSE=0.998633 neg_dist=13.5138 lang_grad0=0.0000 lang_gradK=0.0000 lang_disp=0.0000 step=0.0000 sigma=0.0000
[CD-DIAG step=500] E_pos=3179.2314 E_neg=3619.2190 CD_raw=-439.9877 CD_wtd=0.007839 MSE=0.999006 neg_dist=14.8552 lang_grad0=0.0000 lang_gradK=0.0000 lang_disp=0.0000 step=0.0000 sigma=0.0000
[CD-DIAG step=600] E_pos=2853.5176 E_neg=3084.9436 CD_raw=-231.4263 CD_wtd=0.015233 MSE=0.999508 neg_dist=9.2642 lang_grad0=0.0000 lang_gradK=0.0000 lang_disp=0.0000 step=0.0000 sigma=0.0000
[CD-DIAG step=700] E_pos=9106.9844 E_neg=10183.9678 CD_raw=-1076.9830 CD_wtd=0.038544 MSE=0.998973 neg_dist=14.4427 lang_grad0=0.0000 lang_gradK=0.0000 lang_disp=0.0000 step=0.0000 sigma=0.0000
[CD-DIAG step=800] E_pos=7337.3154 E_neg=8241.1602 CD_raw=-903.8450 CD_wtd=0.014471 MSE=0.996936 neg_dist=13.2995 lang_grad0=0.0000 lang_gradK=0.0000 lang_disp=0.0000 step=0.0000 sigma=0.0000
[CD-DIAG step=900] E_pos=8497.3281 E_neg=9849.9229 CD_raw=-1352.5942 CD_wtd=0.016501 MSE=0.997517 neg_dist=15.3146 lang_grad0=0.0000 lang_gradK=0.0000 lang_disp=0.0000 step=0.0000 sigma=0.0000
[CD-DIAG step=1000] E_pos=14143.5117 E_neg=16204.2637 CD_raw=-2060.7524 CD_wtd=0.049753 MSE=0.997990 neg_dist=15.0888 lang_grad0=0.0000 lang_gradK=0.0000 lang_disp=0.0000 step=0.0000 sigma=0.0000
Running Evaluation...
Validation Result @ Iteration 1000; Milestone = 1 (Train)
---------  -------
mse_error  2.88785
---------  -------
Validation Result @ Iteration 1000; Milestone = 1 (ID: Validation)
---  -------
mse  3.27044
---  -------
[CD-DIAG step=1100] E_pos=21388.8281 E_neg=24487.2383 CD_raw=-3098.4082 CD_wtd=0.015273 MSE=0.990647 neg_dist=15.1381 lang_grad0=0.0000 lang_gradK=0.0000 lang_disp=0.0000 step=0.0000 sigma=0.0000
[CD-DIAG step=1200] E_pos=29487.7246 E_neg=33645.5781 CD_raw=-4157.8535 CD_wtd=0.148373 MSE=0.991730 neg_dist=15.0478 lang_grad0=0.0000 lang_gradK=0.0000 lang_disp=0.0000 step=0.0000 sigma=0.0000
[CD-DIAG step=1300] E_pos=15073.7695 E_neg=18048.6289 CD_raw=-2974.8594 CD_wtd=0.012791 MSE=0.993393 neg_dist=14.9855 lang_grad0=0.0000 lang_gradK=0.0000 lang_disp=0.0000 step=0.0000 sigma=0.0000
[CD-DIAG step=1400] E_pos=38169.8477 E_neg=44019.7344 CD_raw=-5849.8862 CD_wtd=0.092806 MSE=0.985411 neg_dist=15.0596 lang_grad0=0.0000 lang_gradK=0.0000 lang_disp=0.0000 step=0.0000 sigma=0.0000
[CD-DIAG step=1500] E_pos=37057.4453 E_neg=38526.7891 CD_raw=-1469.3462 CD_wtd=0.282269 MSE=0.985942 neg_dist=8.2927 lang_grad0=0.0000 lang_gradK=0.0000 lang_disp=0.0000 step=0.0000 sigma=0.0000
[CD-DIAG step=1600] E_pos=42519.1562 E_neg=49995.6406 CD_raw=-7476.4854 CD_wtd=0.000447 MSE=0.981106 neg_dist=14.6713 lang_grad0=0.0000 lang_gradK=0.0000 lang_disp=0.0000 step=0.0000 sigma=0.0000
[CD-DIAG step=1700] E_pos=66999.1562 E_neg=76380.3594 CD_raw=-9381.2031 CD_wtd=0.000000 MSE=0.973438 neg_dist=14.6481 lang_grad0=0.0000 lang_gradK=0.0000 lang_disp=0.0000 step=0.0000 sigma=0.0000
[CD-DIAG step=1800] E_pos=82907.5469 E_neg=83868.5938 CD_raw=-961.0447 CD_wtd=103.395287 MSE=0.961749 neg_dist=7.7869 lang_grad0=0.0000 lang_gradK=0.0000 lang_disp=0.0000 step=0.0000 sigma=0.0000
[CD-DIAG step=1900] E_pos=102441.5625 E_neg=107564.6875 CD_raw=-5123.1309 CD_wtd=6.968540 MSE=0.954271 neg_dist=11.7581 lang_grad0=0.0000 lang_gradK=0.0000 lang_disp=0.0000 step=0.0000 sigma=0.0000
[CD-DIAG step=2000] E_pos=149977.9062 E_neg=160196.9062 CD_raw=-10218.9961 CD_wtd=0.428886 MSE=0.927899 neg_dist=13.4909 lang_grad0=0.0000 lang_gradK=0.0000 lang_disp=0.0000 step=0.0000 sigma=0.0000
Running Evaluation...
Validation Result @ Iteration 2000; Milestone = 2 (Train)
---------  -------
mse_error  3.19601
---------  -------
Validation Result @ Iteration 2000; Milestone = 2 (ID: Validation)
---  -------
mse  2.60756
---  -------
[CD-DIAG step=2100] E_pos=147456.0312 E_neg=146207.0938 CD_raw=1248.9539 CD_wtd=945.468567 MSE=0.922829 neg_dist=7.3688 lang_grad0=0.0000 lang_gradK=0.0000 lang_disp=0.0000 step=0.0000 sigma=0.0000
[CD-DIAG step=2200] E_pos=127765.0000 E_neg=132232.2344 CD_raw=-4467.2422 CD_wtd=11.767342 MSE=0.924403 neg_dist=9.4813 lang_grad0=0.0000 lang_gradK=0.0000 lang_disp=0.0000 step=0.0000 sigma=0.0000
[CD-DIAG step=2300] E_pos=159786.2500 E_neg=172916.2500 CD_raw=-13130.0039 CD_wtd=0.006370 MSE=0.908606 neg_dist=12.6369 lang_grad0=0.0000 lang_gradK=0.0000 lang_disp=0.0000 step=0.0000 sigma=0.0000
[CD-DIAG step=2400] E_pos=175188.5938 E_neg=185579.8906 CD_raw=-10391.2959 CD_wtd=0.036132 MSE=0.894326 neg_dist=11.5614 lang_grad0=0.0000 lang_gradK=0.0000 lang_disp=0.0000 step=0.0000 sigma=0.0000
[CD-DIAG step=2500] E_pos=164868.7812 E_neg=182026.6562 CD_raw=-17157.8711 CD_wtd=0.000000 MSE=0.893106 neg_dist=12.8447 lang_grad0=0.0000 lang_gradK=0.0000 lang_disp=0.0000 step=0.0000 sigma=0.0000
[CD-DIAG step=2600] E_pos=231420.8750 E_neg=243789.5938 CD_raw=-12368.7246 CD_wtd=0.273562 MSE=0.864806 neg_dist=11.8099 lang_grad0=0.0000 lang_gradK=0.0000 lang_disp=0.0000 step=0.0000 sigma=0.0000
[CD-DIAG step=2700] E_pos=240277.9219 E_neg=252780.5625 CD_raw=-12502.6406 CD_wtd=0.007089 MSE=0.849133 neg_dist=11.3347 lang_grad0=0.0000 lang_gradK=0.0000 lang_disp=0.0000 step=0.0000 sigma=0.0000
[CD-DIAG step=2800] E_pos=225321.2812 E_neg=241374.3750 CD_raw=-16053.0830 CD_wtd=0.000000 MSE=0.852786 neg_dist=11.8847 lang_grad0=0.0000 lang_gradK=0.0000 lang_disp=0.0000 step=0.0000 sigma=0.0000
[CD-DIAG step=2900] E_pos=295554.1875 E_neg=307885.1250 CD_raw=-12330.9609 CD_wtd=0.038641 MSE=0.818202 neg_dist=10.8269 lang_grad0=0.0000 lang_gradK=0.0000 lang_disp=0.0000 step=0.0000 sigma=0.0000
[CD-DIAG step=3000] E_pos=317069.0938 E_neg=318852.8125 CD_raw=-1783.7047 CD_wtd=370.601440 MSE=0.806155 neg_dist=8.1262 lang_grad0=0.0000 lang_gradK=0.0000 lang_disp=0.0000 step=0.0000 sigma=0.0000
Running Evaluation...
Validation Result @ Iteration 3000; Milestone = 3 (Train)
---------  -------
mse_error  2.52256
---------  -------
Validation Result @ Iteration 3000; Milestone = 3 (ID: Validation)
---  -------
mse  2.20889
---  -------
[CD-DIAG step=3100] E_pos=346158.8438 E_neg=359377.0938 CD_raw=-13218.2510 CD_wtd=0.010420 MSE=0.788381 neg_dist=10.8953 lang_grad0=0.0000 lang_gradK=0.0000 lang_disp=0.0000 step=0.0000 sigma=0.0000
[CD-DIAG step=3200] E_pos=371142.8125 E_neg=371445.5625 CD_raw=-302.7579 CD_wtd=70.898994 MSE=0.774086 neg_dist=1.6700 lang_grad0=0.0000 lang_gradK=0.0000 lang_disp=0.0000 step=0.0000 sigma=0.0000
[CD-DIAG step=3300] E_pos=437185.6250 E_neg=437269.8125 CD_raw=-84.1889 CD_wtd=589.719238 MSE=0.747644 neg_dist=6.1360 lang_grad0=0.0000 lang_gradK=0.0000 lang_disp=0.0000 step=0.0000 sigma=0.0000
[CD-DIAG step=3400] E_pos=406733.9688 E_neg=404269.1875 CD_raw=2464.7500 CD_wtd=1305.031494 MSE=0.746884 neg_dist=3.9804 lang_grad0=0.0000 lang_gradK=0.0000 lang_disp=0.0000 step=0.0000 sigma=0.0000
[CD-DIAG step=3500] E_pos=405821.3438 E_neg=412261.0000 CD_raw=-6439.6484 CD_wtd=9.817989 MSE=0.751528 neg_dist=8.7257 lang_grad0=0.0000 lang_gradK=0.0000 lang_disp=0.0000 step=0.0000 sigma=0.0000
[CD-DIAG step=3600] E_pos=437900.0938 E_neg=443104.8750 CD_raw=-5204.7764 CD_wtd=50.113609 MSE=0.731728 neg_dist=8.7392 lang_grad0=0.0000 lang_gradK=0.0000 lang_disp=0.0000 step=0.0000 sigma=0.0000
[CD-DIAG step=3700] E_pos=434517.0625 E_neg=442099.6250 CD_raw=-7582.5728 CD_wtd=2.981733 MSE=0.727803 neg_dist=8.5887 lang_grad0=0.0000 lang_gradK=0.0000 lang_disp=0.0000 step=0.0000 sigma=0.0000
[CD-DIAG step=3800] E_pos=493789.3750 E_neg=506406.6875 CD_raw=-12617.3115 CD_wtd=0.042205 MSE=0.704228 neg_dist=9.9528 lang_grad0=0.0000 lang_gradK=0.0000 lang_disp=0.0000 step=0.0000 sigma=0.0000
[CD-DIAG step=3900] E_pos=485907.8750 E_neg=490430.6250 CD_raw=-4522.7500 CD_wtd=21.611927 MSE=0.701267 neg_dist=7.1834 lang_grad0=0.0000 lang_gradK=0.0000 lang_disp=0.0000 step=0.0000 sigma=0.0000
[CD-DIAG step=4000] E_pos=483450.2500 E_neg=487597.6875 CD_raw=-4147.4512 CD_wtd=30.911522 MSE=0.701399 neg_dist=7.2942 lang_grad0=0.0000 lang_gradK=0.0000 lang_disp=0.0000 step=0.0000 sigma=0.0000
Running Evaluation...
Validation Result @ Iteration 4000; Milestone = 4 (Train)
---------  -------
mse_error  1.82376
---------  -------
Validation Result @ Iteration 4000; Milestone = 4 (ID: Validation)
---  -------
mse  1.90311
---  -------
[CD-DIAG step=4100] E_pos=576150.3125 E_neg=586526.1250 CD_raw=-10375.8027 CD_wtd=0.246311 MSE=0.672735 neg_dist=9.5255 lang_grad0=0.0000 lang_gradK=0.0000 lang_disp=0.0000 step=0.0000 sigma=0.0000
[CD-DIAG step=4200] E_pos=561543.7500 E_neg=575013.2500 CD_raw=-13469.5020 CD_wtd=0.044595 MSE=0.669204 neg_dist=10.0375 lang_grad0=0.0000 lang_gradK=0.0000 lang_disp=0.0000 step=0.0000 sigma=0.0000
[CD-DIAG step=4300] E_pos=576639.7500 E_neg=582717.5000 CD_raw=-6077.7744 CD_wtd=13.671825 MSE=0.664464 neg_dist=8.0505 lang_grad0=0.0000 lang_gradK=0.0000 lang_disp=0.0000 step=0.0000 sigma=0.0000
[CD-DIAG step=4400] E_pos=622167.6875 E_neg=625802.8125 CD_raw=-3635.1440 CD_wtd=66.773918 MSE=0.650435 neg_dist=6.8339 lang_grad0=0.0000 lang_gradK=0.0000 lang_disp=0.0000 step=0.0000 sigma=0.0000
[CD-DIAG step=4500] E_pos=596419.1250 E_neg=607955.0000 CD_raw=-11535.9053 CD_wtd=0.039567 MSE=0.656057 neg_dist=9.2303 lang_grad0=0.0000 lang_gradK=0.0000 lang_disp=0.0000 step=0.0000 sigma=0.0000
[CD-DIAG step=4600] E_pos=615563.3125 E_neg=617115.1250 CD_raw=-1551.8164 CD_wtd=22.017136 MSE=0.653174 neg_dist=1.6788 lang_grad0=0.0000 lang_gradK=0.0000 lang_disp=0.0000 step=0.0000 sigma=0.0000
[CD-DIAG step=4700] E_pos=633666.3750 E_neg=644651.1250 CD_raw=-10984.7217 CD_wtd=0.342989 MSE=0.638193 neg_dist=9.8353 lang_grad0=0.0000 lang_gradK=0.0000 lang_disp=0.0000 step=0.0000 sigma=0.0000
[CD-DIAG step=4800] E_pos=611452.5000 E_neg=623454.7500 CD_raw=-12002.2188 CD_wtd=0.100690 MSE=0.645403 neg_dist=9.5842 lang_grad0=0.0000 lang_gradK=0.0000 lang_disp=0.0000 step=0.0000 sigma=0.0000
[CD-DIAG step=4900] E_pos=654838.8125 E_neg=661279.0625 CD_raw=-6440.2759 CD_wtd=6.814178 MSE=0.640667 neg_dist=7.8413 lang_grad0=0.0000 lang_gradK=0.0000 lang_disp=0.0000 step=0.0000 sigma=0.0000
[CD-DIAG step=5000] E_pos=637551.6250 E_neg=649880.0625 CD_raw=-12328.4102 CD_wtd=0.034763 MSE=0.635372 neg_dist=9.3978 lang_grad0=0.0000 lang_gradK=0.0000 lang_disp=0.0000 step=0.0000 sigma=0.0000
Running Evaluation...
Validation Result @ Iteration 5000; Milestone = 5 (Train)
---------  -------
mse_error  1.42892
---------  -------
Validation Result @ Iteration 5000; Milestone = 5 (ID: Validation)
---  -------
mse  1.62217
---  -------
[CD-DIAG step=5100] E_pos=622745.7500 E_neg=622221.7500 CD_raw=523.9412 CD_wtd=369.893921 MSE=0.635063 neg_dist=1.6564 lang_grad0=0.0000 lang_gradK=0.0000 lang_disp=0.0000 step=0.0000 sigma=0.0000
[CD-DIAG step=5200] E_pos=672144.0000 E_neg=685184.1250 CD_raw=-13040.0312 CD_wtd=0.082172 MSE=0.623421 neg_dist=9.4483 lang_grad0=0.0000 lang_gradK=0.0000 lang_disp=0.0000 step=0.0000 sigma=0.0000
[CD-DIAG step=5300] E_pos=676612.8125 E_neg=687605.1250 CD_raw=-10992.3125 CD_wtd=0.273666 MSE=0.615479 neg_dist=9.3442 lang_grad0=0.0000 lang_gradK=0.0000 lang_disp=0.0000 step=0.0000 sigma=0.0000
[CD-DIAG step=5400] E_pos=708403.0000 E_neg=712841.9375 CD_raw=-4438.9204 CD_wtd=13.428736 MSE=0.610786 neg_dist=6.4127 lang_grad0=0.0000 lang_gradK=0.0000 lang_disp=0.0000 step=0.0000 sigma=0.0000
[CD-DIAG step=5500] E_pos=645124.3125 E_neg=644455.5000 CD_raw=668.7782 CD_wtd=540.191284 MSE=0.624392 neg_dist=3.3348 lang_grad0=0.0000 lang_gradK=0.0000 lang_disp=0.0000 step=0.0000 sigma=0.0000
[CD-DIAG step=5600] E_pos=740243.4375 E_neg=748973.6250 CD_raw=-8730.2109 CD_wtd=1.362537 MSE=0.601198 neg_dist=8.2625 lang_grad0=0.0000 lang_gradK=0.0000 lang_disp=0.0000 step=0.0000 sigma=0.0000
[CD-DIAG step=5700] E_pos=728055.4375 E_neg=734560.3750 CD_raw=-6504.9131 CD_wtd=15.778515 MSE=0.604425 neg_dist=8.2693 lang_grad0=0.0000 lang_gradK=0.0000 lang_disp=0.0000 step=0.0000 sigma=0.0000
[CD-DIAG step=5800] E_pos=651325.3750 E_neg=663169.8750 CD_raw=-11844.4824 CD_wtd=0.070205 MSE=0.621501 neg_dist=9.2770 lang_grad0=0.0000 lang_gradK=0.0000 lang_disp=0.0000 step=0.0000 sigma=0.0000
[CD-DIAG step=5900] E_pos=720930.2500 E_neg=724110.8750 CD_raw=-3180.6143 CD_wtd=59.810261 MSE=0.597499 neg_dist=6.4150 lang_grad0=0.0000 lang_gradK=0.0000 lang_disp=0.0000 step=0.0000 sigma=0.0000
[CD-DIAG step=6000] E_pos=723008.3125 E_neg=732258.8125 CD_raw=-9250.4902 CD_wtd=0.157913 MSE=0.605497 neg_dist=8.4592 lang_grad0=0.0000 lang_gradK=0.0000 lang_disp=0.0000 step=0.0000 sigma=0.0000
Running Evaluation...
Validation Result @ Iteration 6000; Milestone = 6 (Train)
---------  ------
mse_error  1.1549
---------  ------
Validation Result @ Iteration 6000; Milestone = 6 (ID: Validation)
---  --------
mse  0.470858
---  --------
[CD-DIAG step=6100] E_pos=752913.3125 E_neg=765332.8750 CD_raw=-12419.5020 CD_wtd=0.307703 MSE=0.587428 neg_dist=9.1731 lang_grad0=0.0000 lang_gradK=0.0000 lang_disp=0.0000 step=0.0000 sigma=0.0000
[CD-DIAG step=6200] E_pos=788116.0000 E_neg=787139.6250 CD_raw=976.3906 CD_wtd=652.776123 MSE=0.584298 neg_dist=3.2383 lang_grad0=0.0000 lang_gradK=0.0000 lang_disp=0.0000 step=0.0000 sigma=0.0000
[CD-DIAG step=6300] E_pos=773045.5000 E_neg=784464.0000 CD_raw=-11418.4248 CD_wtd=0.079112 MSE=0.587506 neg_dist=8.8003 lang_grad0=0.0000 lang_gradK=0.0000 lang_disp=0.0000 step=0.0000 sigma=0.0000
[CD-DIAG step=6400] E_pos=740459.0000 E_neg=742703.2500 CD_raw=-2244.1909 CD_wtd=65.754997 MSE=0.589794 neg_dist=4.8749 lang_grad0=0.0000 lang_gradK=0.0000 lang_disp=0.0000 step=0.0000 sigma=0.0000
[CD-DIAG step=6500] E_pos=787441.3750 E_neg=792514.1875 CD_raw=-5072.8823 CD_wtd=33.106419 MSE=0.583748 neg_dist=7.1950 lang_grad0=0.0000 lang_gradK=0.0000 lang_disp=0.0000 step=0.0000 sigma=0.0000
[CD-DIAG step=6600] E_pos=780082.8125 E_neg=787400.2500 CD_raw=-7317.4277 CD_wtd=2.524964 MSE=0.581093 neg_dist=7.8724 lang_grad0=0.0000 lang_gradK=0.0000 lang_disp=0.0000 step=0.0000 sigma=0.0000
[CD-DIAG step=6700] E_pos=785192.6250 E_neg=783762.7500 CD_raw=1429.8511 CD_wtd=816.467102 MSE=0.579904 neg_dist=3.3654 lang_grad0=0.0000 lang_gradK=0.0000 lang_disp=0.0000 step=0.0000 sigma=0.0000
[CD-DIAG step=6800] E_pos=796971.3125 E_neg=796150.7500 CD_raw=820.5403 CD_wtd=582.902100 MSE=0.575806 neg_dist=3.2240 lang_grad0=0.0000 lang_gradK=0.0000 lang_disp=0.0000 step=0.0000 sigma=0.0000
[CD-DIAG step=6900] E_pos=826747.6875 E_neg=834699.0000 CD_raw=-7951.3018 CD_wtd=0.181435 MSE=0.571413 neg_dist=7.7059 lang_grad0=0.0000 lang_gradK=0.0000 lang_disp=0.0000 step=0.0000 sigma=0.0000
[CD-DIAG step=7000] E_pos=808768.6875 E_neg=820381.6250 CD_raw=-11612.9170 CD_wtd=0.064805 MSE=0.571280 neg_dist=9.0172 lang_grad0=0.0000 lang_gradK=0.0000 lang_disp=0.0000 step=0.0000 sigma=0.0000
Running Evaluation...
Validation Result @ Iteration 7000; Milestone = 7 (Train)
---------  --------
mse_error  0.954652
---------  --------
Validation Result @ Iteration 7000; Milestone = 7 (ID: Validation)
---  --------
mse  0.147989
---  --------
[CD-DIAG step=7100] E_pos=789933.2500 E_neg=801193.1250 CD_raw=-11259.8936 CD_wtd=0.140324 MSE=0.573848 neg_dist=8.7484 lang_grad0=0.0000 lang_gradK=0.0000 lang_disp=0.0000 step=0.0000 sigma=0.0000
[CD-DIAG step=7200] E_pos=843697.3125 E_neg=853940.3750 CD_raw=-10243.0410 CD_wtd=0.070230 MSE=0.567077 neg_dist=8.5454 lang_grad0=0.0000 lang_gradK=0.0000 lang_disp=0.0000 step=0.0000 sigma=0.0000
[CD-DIAG step=7300] E_pos=804369.1875 E_neg=814095.0000 CD_raw=-9725.8203 CD_wtd=0.085762 MSE=0.572766 neg_dist=8.2118 lang_grad0=0.0000 lang_gradK=0.0000 lang_disp=0.0000 step=0.0000 sigma=0.0000
[CD-DIAG step=7400] E_pos=823626.5000 E_neg=827054.9375 CD_raw=-3428.4341 CD_wtd=48.093552 MSE=0.568095 neg_dist=6.0008 lang_grad0=0.0000 lang_gradK=0.0000 lang_disp=0.0000 step=0.0000 sigma=0.0000
[CD-DIAG step=7500] E_pos=810143.5000 E_neg=809838.5625 CD_raw=304.9294 CD_wtd=412.388458 MSE=0.568489 neg_dist=3.0519 lang_grad0=0.0000 lang_gradK=0.0000 lang_disp=0.0000 step=0.0000 sigma=0.0000
[CD-DIAG step=7600] E_pos=819144.5625 E_neg=818464.0000 CD_raw=680.5673 CD_wtd=541.093384 MSE=0.563849 neg_dist=3.0827 lang_grad0=0.0000 lang_gradK=0.0000 lang_disp=0.0000 step=0.0000 sigma=0.0000
[CD-DIAG step=7700] E_pos=812517.3750 E_neg=813378.5625 CD_raw=-861.1934 CD_wtd=88.534546 MSE=0.570937 neg_dist=1.6592 lang_grad0=0.0000 lang_gradK=0.0000 lang_disp=0.0000 step=0.0000 sigma=0.0000
[CD-DIAG step=7800] E_pos=838804.5625 E_neg=838351.4375 CD_raw=453.1436 CD_wtd=454.456696 MSE=0.557165 neg_dist=3.0457 lang_grad0=0.0000 lang_gradK=0.0000 lang_disp=0.0000 step=0.0000 sigma=0.0000
[CD-DIAG step=7900] E_pos=837890.5000 E_neg=848517.2500 CD_raw=-10626.7236 CD_wtd=0.160492 MSE=0.564166 neg_dist=8.4700 lang_grad0=0.0000 lang_gradK=0.0000 lang_disp=0.0000 step=0.0000 sigma=0.0000
[CD-DIAG step=8000] E_pos=829077.1875 E_neg=830807.9375 CD_raw=-1730.7400 CD_wtd=125.947487 MSE=0.557709 neg_dist=4.5587 lang_grad0=0.0000 lang_gradK=0.0000 lang_disp=0.0000 step=0.0000 sigma=0.0000
Running Evaluation...
Validation Result @ Iteration 8000; Milestone = 8 (Train)
---------  --------
mse_error  0.795408
---------  --------
Validation Result @ Iteration 8000; Milestone = 8 (ID: Validation)
---  ---------
mse  0.0862607
---  ---------
[CD-DIAG step=8100] E_pos=856919.7500 E_neg=861457.0625 CD_raw=-4537.3291 CD_wtd=7.076545 MSE=0.559129 neg_dist=5.7577 lang_grad0=0.0000 lang_gradK=0.0000 lang_disp=0.0000 step=0.0000 sigma=0.0000
[CD-DIAG step=8200] E_pos=844521.7500 E_neg=854319.0000 CD_raw=-9797.2363 CD_wtd=0.134194 MSE=0.554148 neg_dist=8.2932 lang_grad0=0.0000 lang_gradK=0.0000 lang_disp=0.0000 step=0.0000 sigma=0.0000
[CD-DIAG step=8300] E_pos=877704.3750 E_neg=886934.6875 CD_raw=-9230.3809 CD_wtd=0.037728 MSE=0.553100 neg_dist=7.9224 lang_grad0=0.0000 lang_gradK=0.0000 lang_disp=0.0000 step=0.0000 sigma=0.0000
[CD-DIAG step=8400] E_pos=835323.5000 E_neg=843935.0000 CD_raw=-8611.5166 CD_wtd=2.080433 MSE=0.565642 neg_dist=8.6019 lang_grad0=0.0000 lang_gradK=0.0000 lang_disp=0.0000 step=0.0000 sigma=0.0000
[CD-DIAG step=8500] E_pos=874319.3750 E_neg=885481.2500 CD_raw=-11161.8213 CD_wtd=0.260267 MSE=0.554442 neg_dist=8.5481 lang_grad0=0.0000 lang_gradK=0.0000 lang_disp=0.0000 step=0.0000 sigma=0.0000
[CD-DIAG step=8600] E_pos=866450.6250 E_neg=866911.5625 CD_raw=-460.9148 CD_wtd=155.042923 MSE=0.546956 neg_dist=1.6230 lang_grad0=0.0000 lang_gradK=0.0000 lang_disp=0.0000 step=0.0000 sigma=0.0000
[CD-DIAG step=8700] E_pos=893821.8125 E_neg=904173.6250 CD_raw=-10351.7715 CD_wtd=0.101264 MSE=0.540890 neg_dist=8.3747 lang_grad0=0.0000 lang_gradK=0.0000 lang_disp=0.0000 step=0.0000 sigma=0.0000
[CD-DIAG step=8800] E_pos=876774.7500 E_neg=884554.3750 CD_raw=-7779.5967 CD_wtd=0.205968 MSE=0.556422 neg_dist=7.3233 lang_grad0=0.0000 lang_gradK=0.0000 lang_disp=0.0000 step=0.0000 sigma=0.0000
[CD-DIAG step=8900] E_pos=867155.9375 E_neg=873777.5625 CD_raw=-6621.5737 CD_wtd=1.058801 MSE=0.551025 neg_dist=6.7132 lang_grad0=0.0000 lang_gradK=0.0000 lang_disp=0.0000 step=0.0000 sigma=0.0000
[CD-DIAG step=9000] E_pos=884102.1875 E_neg=890471.5625 CD_raw=-6369.4111 CD_wtd=0.708952 MSE=0.546436 neg_dist=6.7176 lang_grad0=0.0000 lang_gradK=0.0000 lang_disp=0.0000 step=0.0000 sigma=0.0000
Running Evaluation...
Validation Result @ Iteration 9000; Milestone = 9 (Train)
---------  --------
mse_error  0.675428
---------  --------
Validation Result @ Iteration 9000; Milestone = 9 (ID: Validation)
---  --------
mse  0.068335
---  --------
[CD-DIAG step=9100] E_pos=900152.3750 E_neg=909222.1250 CD_raw=-9069.7051 CD_wtd=0.178412 MSE=0.544218 neg_dist=7.8230 lang_grad0=0.0000 lang_gradK=0.0000 lang_disp=0.0000 step=0.0000 sigma=0.0000
[CD-DIAG step=9200] E_pos=909215.6250 E_neg=917082.1250 CD_raw=-7866.4668 CD_wtd=0.402730 MSE=0.539497 neg_dist=7.3752 lang_grad0=0.0000 lang_gradK=0.0000 lang_disp=0.0000 step=0.0000 sigma=0.0000
[CD-DIAG step=9300] E_pos=883126.5000 E_neg=894567.8750 CD_raw=-11441.4072 CD_wtd=0.079666 MSE=0.541913 neg_dist=8.4996 lang_grad0=0.0000 lang_gradK=0.0000 lang_disp=0.0000 step=0.0000 sigma=0.0000
[CD-DIAG step=9400] E_pos=883365.5000 E_neg=893867.3125 CD_raw=-10501.8779 CD_wtd=0.112324 MSE=0.544206 neg_dist=8.4382 lang_grad0=0.0000 lang_gradK=0.0000 lang_disp=0.0000 step=0.0000 sigma=0.0000
[CD-DIAG step=9500] E_pos=911938.6250 E_neg=911779.2500 CD_raw=159.4756 CD_wtd=320.092529 MSE=0.541929 neg_dist=1.6643 lang_grad0=0.0000 lang_gradK=0.0000 lang_disp=0.0000 step=0.0000 sigma=0.0000
[CD-DIAG step=9600] E_pos=900788.8750 E_neg=906838.0000 CD_raw=-6049.1523 CD_wtd=2.197207 MSE=0.540096 neg_dist=6.7010 lang_grad0=0.0000 lang_gradK=0.0000 lang_disp=0.0000 step=0.0000 sigma=0.0000
[CD-DIAG step=9700] E_pos=902241.9375 E_neg=910942.0000 CD_raw=-8700.0273 CD_wtd=0.064924 MSE=0.546484 neg_dist=7.6348 lang_grad0=0.0000 lang_gradK=0.0000 lang_disp=0.0000 step=0.0000 sigma=0.0000
[CD-DIAG step=9800] E_pos=899257.5625 E_neg=909474.1875 CD_raw=-10216.5791 CD_wtd=0.159129 MSE=0.547249 neg_dist=8.3557 lang_grad0=0.0000 lang_gradK=0.0000 lang_disp=0.0000 step=0.0000 sigma=0.0000
[CD-DIAG step=9900] E_pos=913526.4375 E_neg=923736.2500 CD_raw=-10209.8242 CD_wtd=0.133638 MSE=0.537632 neg_dist=8.1851 lang_grad0=0.0000 lang_gradK=0.0000 lang_disp=0.0000 step=0.0000 sigma=0.0000
[CD-DIAG step=10000] E_pos=909666.8750 E_neg=917281.4375 CD_raw=-7614.5537 CD_wtd=0.122480 MSE=0.534483 neg_dist=7.1347 lang_grad0=0.0000 lang_gradK=0.0000 lang_disp=0.0000 step=0.0000 sigma=0.0000
Running Evaluation...
Validation Result @ Iteration 10000; Milestone = 10 (Train)
---------  --------
mse_error  0.586042
---------  --------
Validation Result @ Iteration 10000; Milestone = 10 (ID: Validation)
---  --------
mse  0.124464
---  --------
[CD-DIAG step=10100] E_pos=902046.6250 E_neg=904219.1250 CD_raw=-2172.5303 CD_wtd=75.637306 MSE=0.539867 neg_dist=4.2377 lang_grad0=0.0000 lang_gradK=0.0000 lang_disp=0.0000 step=0.0000 sigma=0.0000
[CD-DIAG step=10200] E_pos=921260.0000 E_neg=921286.8125 CD_raw=-26.7641 CD_wtd=301.680267 MSE=0.536504 neg_dist=2.7644 lang_grad0=0.0000 lang_gradK=0.0000 lang_disp=0.0000 step=0.0000 sigma=0.0000
[CD-DIAG step=10300] E_pos=927149.1875 E_neg=929357.5000 CD_raw=-2208.3193 CD_wtd=60.920898 MSE=0.538532 neg_dist=4.2991 lang_grad0=0.0000 lang_gradK=0.0000 lang_disp=0.0000 step=0.0000 sigma=0.0000
[CD-DIAG step=10400] E_pos=915597.5625 E_neg=918082.1250 CD_raw=-2484.5537 CD_wtd=39.725304 MSE=0.541142 neg_dist=4.2776 lang_grad0=0.0000 lang_gradK=0.0000 lang_disp=0.0000 step=0.0000 sigma=0.0000
[CD-DIAG step=10500] E_pos=906157.5000 E_neg=917140.3750 CD_raw=-10982.8740 CD_wtd=0.071199 MSE=0.540571 neg_dist=8.3253 lang_grad0=0.0000 lang_gradK=0.0000 lang_disp=0.0000 step=0.0000 sigma=0.0000
[CD-DIAG step=10600] E_pos=923344.8125 E_neg=923063.8125 CD_raw=280.9854 CD_wtd=354.402100 MSE=0.540211 neg_dist=1.6688 lang_grad0=0.0000 lang_gradK=0.0000 lang_disp=0.0000 step=0.0000 sigma=0.0000
[CD-DIAG step=10700] E_pos=920225.1250 E_neg=923106.9375 CD_raw=-2881.8391 CD_wtd=64.984360 MSE=0.540235 neg_dist=5.6088 lang_grad0=0.0000 lang_gradK=0.0000 lang_disp=0.0000 step=0.0000 sigma=0.0000
[CD-DIAG step=10800] E_pos=922701.5000 E_neg=929065.1250 CD_raw=-6363.6313 CD_wtd=1.385386 MSE=0.541737 neg_dist=6.4685 lang_grad0=0.0000 lang_gradK=0.0000 lang_disp=0.0000 step=0.0000 sigma=0.0000
[CD-DIAG step=10900] E_pos=922034.6875 E_neg=924471.2500 CD_raw=-2436.5381 CD_wtd=36.385258 MSE=0.534066 neg_dist=4.2785 lang_grad0=0.0000 lang_gradK=0.0000 lang_disp=0.0000 step=0.0000 sigma=0.0000
[CD-DIAG step=11000] E_pos=912903.2500 E_neg=922918.3750 CD_raw=-10015.0723 CD_wtd=0.063129 MSE=0.537216 neg_dist=8.1224 lang_grad0=0.0000 lang_gradK=0.0000 lang_disp=0.0000 step=0.0000 sigma=0.0000
Running Evaluation...
Validation Result @ Iteration 11000; Milestone = 11 (Train)
---------  --------
mse_error  0.519598
---------  --------
Validation Result @ Iteration 11000; Milestone = 11 (ID: Validation)
---  --------
mse  0.194447
---  --------
[CD-DIAG step=11100] E_pos=946071.6250 E_neg=948152.6250 CD_raw=-2081.0054 CD_wtd=74.848381 MSE=0.533389 neg_dist=4.4186 lang_grad0=0.0000 lang_gradK=0.0000 lang_disp=0.0000 step=0.0000 sigma=0.0000
[CD-DIAG step=11200] E_pos=936631.9375 E_neg=947072.0625 CD_raw=-10440.1699 CD_wtd=0.069088 MSE=0.532768 neg_dist=8.2507 lang_grad0=0.0000 lang_gradK=0.0000 lang_disp=0.0000 step=0.0000 sigma=0.0000
[CD-DIAG step=11300] E_pos=931019.3125 E_neg=941538.6250 CD_raw=-10519.3125 CD_wtd=0.101654 MSE=0.533361 neg_dist=8.1504 lang_grad0=0.0000 lang_gradK=0.0000 lang_disp=0.0000 step=0.0000 sigma=0.0000
[CD-DIAG step=11400] E_pos=938301.0000 E_neg=940681.2500 CD_raw=-2380.3252 CD_wtd=43.477421 MSE=0.526908 neg_dist=4.2878 lang_grad0=0.0000 lang_gradK=0.0000 lang_disp=0.0000 step=0.0000 sigma=0.0000
[CD-DIAG step=11500] E_pos=948771.8750 E_neg=957827.0000 CD_raw=-9055.0918 CD_wtd=0.148630 MSE=0.527645 neg_dist=7.6453 lang_grad0=0.0000 lang_gradK=0.0000 lang_disp=0.0000 step=0.0000 sigma=0.0000
[CD-DIAG step=11600] E_pos=942052.8750 E_neg=942082.6250 CD_raw=-29.8052 CD_wtd=298.828400 MSE=0.531301 neg_dist=2.7508 lang_grad0=0.0000 lang_gradK=0.0000 lang_disp=0.0000 step=0.0000 sigma=0.0000
[CD-DIAG step=11700] E_pos=947693.3750 E_neg=956485.7500 CD_raw=-8792.3252 CD_wtd=0.502645 MSE=0.530152 neg_dist=7.5362 lang_grad0=0.0000 lang_gradK=0.0000 lang_disp=0.0000 step=0.0000 sigma=0.0000
[CD-DIAG step=11800] E_pos=930873.0625 E_neg=937220.0000 CD_raw=-6346.8828 CD_wtd=0.460363 MSE=0.532109 neg_dist=6.3908 lang_grad0=0.0000 lang_gradK=0.0000 lang_disp=0.0000 step=0.0000 sigma=0.0000
[CD-DIAG step=11900] E_pos=919854.0000 E_neg=930619.1250 CD_raw=-10765.1191 CD_wtd=0.092898 MSE=0.533264 neg_dist=8.1676 lang_grad0=0.0000 lang_gradK=0.0000 lang_disp=0.0000 step=0.0000 sigma=0.0000
[CD-DIAG step=12000] E_pos=941745.8125 E_neg=952122.2500 CD_raw=-10376.4492 CD_wtd=0.103350 MSE=0.532170 neg_dist=8.2216 lang_grad0=0.0000 lang_gradK=0.0000 lang_disp=0.0000 step=0.0000 sigma=0.0000
Running Evaluation...
Validation Result @ Iteration 12000; Milestone = 12 (Train)
---------  --------
mse_error  0.478929
---------  --------
Validation Result @ Iteration 12000; Milestone = 12 (ID: Validation)
---  --------
mse  0.273231
---  --------
[CD-DIAG step=12100] E_pos=929436.5625 E_neg=931996.7500 CD_raw=-2560.1592 CD_wtd=33.139099 MSE=0.525480 neg_dist=4.1843 lang_grad0=0.0000 lang_gradK=0.0000 lang_disp=0.0000 step=0.0000 sigma=0.0000
[CD-DIAG step=12200] E_pos=925755.0000 E_neg=934746.1250 CD_raw=-8991.1484 CD_wtd=0.058194 MSE=0.533512 neg_dist=7.4981 lang_grad0=0.0000 lang_gradK=0.0000 lang_disp=0.0000 step=0.0000 sigma=0.0000
[CD-DIAG step=12300] E_pos=925803.9375 E_neg=930453.5625 CD_raw=-4649.6304 CD_wtd=3.362817 MSE=0.540890 neg_dist=5.4112 lang_grad0=0.0000 lang_gradK=0.0000 lang_disp=0.0000 step=0.0000 sigma=0.0000
[CD-DIAG step=12400] E_pos=938924.3750 E_neg=941540.6250 CD_raw=-2616.2871 CD_wtd=35.689144 MSE=0.526628 neg_dist=4.1349 lang_grad0=0.0000 lang_gradK=0.0000 lang_disp=0.0000 step=0.0000 sigma=0.0000
[CD-DIAG step=12500] E_pos=950223.6250 E_neg=961164.8125 CD_raw=-10941.2012 CD_wtd=0.053333 MSE=0.526560 neg_dist=8.2832 lang_grad0=0.0000 lang_gradK=0.0000 lang_disp=0.0000 step=0.0000 sigma=0.0000
[CD-DIAG step=12600] E_pos=958516.7500 E_neg=968174.6250 CD_raw=-9657.8223 CD_wtd=0.076580 MSE=0.519106 neg_dist=7.8030 lang_grad0=0.0000 lang_gradK=0.0000 lang_disp=0.0000 step=0.0000 sigma=0.0000
[CD-DIAG step=12700] E_pos=971596.0625 E_neg=979318.7500 CD_raw=-7722.7061 CD_wtd=0.697110 MSE=0.523002 neg_dist=7.1854 lang_grad0=0.0000 lang_gradK=0.0000 lang_disp=0.0000 step=0.0000 sigma=0.0000
[CD-DIAG step=12800] E_pos=953074.1250 E_neg=952658.5625 CD_raw=415.5708 CD_wtd=395.644318 MSE=0.524364 neg_dist=1.6145 lang_grad0=0.0000 lang_gradK=0.0000 lang_disp=0.0000 step=0.0000 sigma=0.0000
[CD-DIAG step=12900] E_pos=956040.3125 E_neg=966007.5625 CD_raw=-9967.2285 CD_wtd=0.107593 MSE=0.525113 neg_dist=7.9376 lang_grad0=0.0000 lang_gradK=0.0000 lang_disp=0.0000 step=0.0000 sigma=0.0000
[CD-DIAG step=13000] E_pos=964179.5625 E_neg=968570.6875 CD_raw=-4391.1436 CD_wtd=8.136511 MSE=0.522660 neg_dist=5.4368 lang_grad0=0.0000 lang_gradK=0.0000 lang_disp=0.0000 step=0.0000 sigma=0.0000
Running Evaluation...
Validation Result @ Iteration 13000; Milestone = 13 (Train)
---------  --------
mse_error  0.446425
---------  --------
Validation Result @ Iteration 13000; Milestone = 13 (ID: Validation)
---  --------
mse  0.355512
---  --------
[CD-DIAG step=13100] E_pos=962716.7500 E_neg=972976.6250 CD_raw=-10259.8359 CD_wtd=0.083844 MSE=0.526170 neg_dist=8.0694 lang_grad0=0.0000 lang_gradK=0.0000 lang_disp=0.0000 step=0.0000 sigma=0.0000
[CD-DIAG step=13200] E_pos=944803.2500 E_neg=955273.0000 CD_raw=-10469.7793 CD_wtd=0.056306 MSE=0.523162 neg_dist=7.9659 lang_grad0=0.0000 lang_gradK=0.0000 lang_disp=0.0000 step=0.0000 sigma=0.0000
[CD-DIAG step=13300] E_pos=974906.2500 E_neg=985187.1250 CD_raw=-10280.8555 CD_wtd=0.053122 MSE=0.524036 neg_dist=8.1169 lang_grad0=0.0000 lang_gradK=0.0000 lang_disp=0.0000 step=0.0000 sigma=0.0000
[CD-DIAG step=13400] E_pos=960454.0000 E_neg=960299.5000 CD_raw=154.4750 CD_wtd=320.613861 MSE=0.528389 neg_dist=1.6461 lang_grad0=0.0000 lang_gradK=0.0000 lang_disp=0.0000 step=0.0000 sigma=0.0000
[CD-DIAG step=13500] E_pos=954565.4375 E_neg=954632.2500 CD_raw=-66.8501 CD_wtd=298.457825 MSE=0.527394 neg_dist=2.6413 lang_grad0=0.0000 lang_gradK=0.0000 lang_disp=0.0000 step=0.0000 sigma=0.0000
[CD-DIAG step=13600] E_pos=963532.5000 E_neg=973094.5000 CD_raw=-9562.0068 CD_wtd=0.075565 MSE=0.524919 neg_dist=7.7500 lang_grad0=0.0000 lang_gradK=0.0000 lang_disp=0.0000 step=0.0000 sigma=0.0000
[CD-DIAG step=13700] E_pos=960310.1250 E_neg=967807.0000 CD_raw=-7496.8516 CD_wtd=0.150757 MSE=0.529153 neg_dist=6.9545 lang_grad0=0.0000 lang_gradK=0.0000 lang_disp=0.0000 step=0.0000 sigma=0.0000
[CD-DIAG step=13800] E_pos=961966.5000 E_neg=971938.1250 CD_raw=-9971.6504 CD_wtd=0.312369 MSE=0.522710 neg_dist=8.0055 lang_grad0=0.0000 lang_gradK=0.0000 lang_disp=0.0000 step=0.0000 sigma=0.0000
[CD-DIAG step=13900] E_pos=972817.2500 E_neg=972988.5000 CD_raw=-171.2493 CD_wtd=274.527924 MSE=0.525782 neg_dist=2.6165 lang_grad0=0.0000 lang_gradK=0.0000 lang_disp=0.0000 step=0.0000 sigma=0.0000
[CD-DIAG step=14000] E_pos=958639.3750 E_neg=968085.9375 CD_raw=-9446.5137 CD_wtd=0.087695 MSE=0.524808 neg_dist=7.7593 lang_grad0=0.0000 lang_gradK=0.0000 lang_disp=0.0000 step=0.0000 sigma=0.0000
Running Evaluation...
Validation Result @ Iteration 14000; Milestone = 14 (Train)
---------  --------
mse_error  0.425647
---------  --------
Validation Result @ Iteration 14000; Milestone = 14 (ID: Validation)
---  --------
mse  0.430639
---  --------
[CD-DIAG step=14100] E_pos=948110.7500 E_neg=958452.1250 CD_raw=-10341.3398 CD_wtd=0.080147 MSE=0.526334 neg_dist=7.9904 lang_grad0=0.0000 lang_gradK=0.0000 lang_disp=0.0000 step=0.0000 sigma=0.0000
[CD-DIAG step=14200] E_pos=957995.0000 E_neg=957763.1250 CD_raw=231.8823 CD_wtd=348.934509 MSE=0.524017 neg_dist=1.6458 lang_grad0=0.0000 lang_gradK=0.0000 lang_disp=0.0000 step=0.0000 sigma=0.0000
[CD-DIAG step=14300] E_pos=954471.3750 E_neg=958914.5000 CD_raw=-4443.0449 CD_wtd=7.526489 MSE=0.525289 neg_dist=5.3067 lang_grad0=0.0000 lang_gradK=0.0000 lang_disp=0.0000 step=0.0000 sigma=0.0000
[CD-DIAG step=14400] E_pos=957455.5000 E_neg=960010.0625 CD_raw=-2554.6079 CD_wtd=34.530762 MSE=0.522358 neg_dist=4.1286 lang_grad0=0.0000 lang_gradK=0.0000 lang_disp=0.0000 step=0.0000 sigma=0.0000
[CD-DIAG step=14500] E_pos=972359.8750 E_neg=974922.5000 CD_raw=-2562.6335 CD_wtd=39.648045 MSE=0.518624 neg_dist=4.1716 lang_grad0=0.0000 lang_gradK=0.0000 lang_disp=0.0000 step=0.0000 sigma=0.0000
[CD-DIAG step=14600] E_pos=957830.6250 E_neg=960339.1875 CD_raw=-2508.5068 CD_wtd=39.669464 MSE=0.522910 neg_dist=4.1234 lang_grad0=0.0000 lang_gradK=0.0000 lang_disp=0.0000 step=0.0000 sigma=0.0000
[CD-DIAG step=14700] E_pos=965567.6250 E_neg=971803.5625 CD_raw=-6235.9258 CD_wtd=0.149301 MSE=0.524517 neg_dist=6.2852 lang_grad0=0.0000 lang_gradK=0.0000 lang_disp=0.0000 step=0.0000 sigma=0.0000
[CD-DIAG step=14800] E_pos=962654.7500 E_neg=972308.1250 CD_raw=-9653.3301 CD_wtd=0.042533 MSE=0.525108 neg_dist=7.7283 lang_grad0=0.0000 lang_gradK=0.0000 lang_disp=0.0000 step=0.0000 sigma=0.0000
[CD-DIAG step=14900] E_pos=957930.6250 E_neg=968113.7500 CD_raw=-10183.0352 CD_wtd=0.092628 MSE=0.526542 neg_dist=7.8890 lang_grad0=0.0000 lang_gradK=0.0000 lang_disp=0.0000 step=0.0000 sigma=0.0000
[CD-DIAG step=15000] E_pos=957300.0000 E_neg=957593.0000 CD_raw=-292.9825 CD_wtd=238.763306 MSE=0.527701 neg_dist=2.5949 lang_grad0=0.0000 lang_gradK=0.0000 lang_disp=0.0000 step=0.0000 sigma=0.0000
Running Evaluation...
Validation Result @ Iteration 15000; Milestone = 15 (Train)
---------  --------
mse_error  0.407826
---------  --------
Validation Result @ Iteration 15000; Milestone = 15 (ID: Validation)
---  --------
mse  0.487718
---  --------
[CD-DIAG step=15100] E_pos=958393.0000 E_neg=967159.5000 CD_raw=-8766.4678 CD_wtd=0.202711 MSE=0.523872 neg_dist=7.3718 lang_grad0=0.0000 lang_gradK=0.0000 lang_disp=0.0000 step=0.0000 sigma=0.0000
[CD-DIAG step=15200] E_pos=957496.5625 E_neg=966891.1250 CD_raw=-9394.6348 CD_wtd=0.155947 MSE=0.525764 neg_dist=7.7156 lang_grad0=0.0000 lang_gradK=0.0000 lang_disp=0.0000 step=0.0000 sigma=0.0000
[CD-DIAG step=15300] E_pos=958474.2500 E_neg=968820.3125 CD_raw=-10346.0020 CD_wtd=0.092276 MSE=0.518237 neg_dist=8.0875 lang_grad0=0.0000 lang_gradK=0.0000 lang_disp=0.0000 step=0.0000 sigma=0.0000
[CD-DIAG step=15400] E_pos=973161.4375 E_neg=979359.3125 CD_raw=-6197.8467 CD_wtd=0.418909 MSE=0.525667 neg_dist=6.2953 lang_grad0=0.0000 lang_gradK=0.0000 lang_disp=0.0000 step=0.0000 sigma=0.0000
[CD-DIAG step=15500] E_pos=964461.0000 E_neg=972072.9375 CD_raw=-7611.9834 CD_wtd=0.101273 MSE=0.525197 neg_dist=6.9054 lang_grad0=0.0000 lang_gradK=0.0000 lang_disp=0.0000 step=0.0000 sigma=0.0000
[CD-DIAG step=15600] E_pos=973589.9375 E_neg=973285.4375 CD_raw=304.4433 CD_wtd=363.538025 MSE=0.519823 neg_dist=1.6252 lang_grad0=0.0000 lang_gradK=0.0000 lang_disp=0.0000 step=0.0000 sigma=0.0000
[CD-DIAG step=15700] E_pos=982366.8750 E_neg=988594.0625 CD_raw=-6227.1567 CD_wtd=0.518969 MSE=0.519842 neg_dist=6.3166 lang_grad0=0.0000 lang_gradK=0.0000 lang_disp=0.0000 step=0.0000 sigma=0.0000
[CD-DIAG step=15800] E_pos=982211.7500 E_neg=991540.1250 CD_raw=-9328.4102 CD_wtd=0.025103 MSE=0.518753 neg_dist=7.6657 lang_grad0=0.0000 lang_gradK=0.0000 lang_disp=0.0000 step=0.0000 sigma=0.0000
[CD-DIAG step=15900] E_pos=972903.1250 E_neg=982330.0625 CD_raw=-9426.9189 CD_wtd=0.826415 MSE=0.528444 neg_dist=7.6846 lang_grad0=0.0000 lang_gradK=0.0000 lang_disp=0.0000 step=0.0000 sigma=0.0000
[CD-DIAG step=16000] E_pos=964951.0000 E_neg=974882.7500 CD_raw=-9931.7666 CD_wtd=0.064466 MSE=0.523865 neg_dist=7.8729 lang_grad0=0.0000 lang_gradK=0.0000 lang_disp=0.0000 step=0.0000 sigma=0.0000
Running Evaluation...
Validation Result @ Iteration 16000; Milestone = 16 (Train)
---------  --------
mse_error  0.396308
---------  --------
Validation Result @ Iteration 16000; Milestone = 16 (ID: Validation)
---  --------
mse  0.526491
---  --------
[CD-DIAG step=16100] E_pos=968776.5625 E_neg=978767.6250 CD_raw=-9991.0518 CD_wtd=0.180767 MSE=0.525088 neg_dist=7.8584 lang_grad0=0.0000 lang_gradK=0.0000 lang_disp=0.0000 step=0.0000 sigma=0.0000
[CD-DIAG step=16200] E_pos=966385.8750 E_neg=976382.5000 CD_raw=-9996.5918 CD_wtd=0.033404 MSE=0.523335 neg_dist=7.8400 lang_grad0=0.0000 lang_gradK=0.0000 lang_disp=0.0000 step=0.0000 sigma=0.0000
[CD-DIAG step=16300] E_pos=969833.2500 E_neg=980154.5625 CD_raw=-10321.4102 CD_wtd=0.076613 MSE=0.519282 neg_dist=8.0434 lang_grad0=0.0000 lang_gradK=0.0000 lang_disp=0.0000 step=0.0000 sigma=0.0000
[CD-DIAG step=16400] E_pos=964109.1250 E_neg=972869.8125 CD_raw=-8760.6787 CD_wtd=0.063356 MSE=0.521940 neg_dist=7.3408 lang_grad0=0.0000 lang_gradK=0.0000 lang_disp=0.0000 step=0.0000 sigma=0.0000
[CD-DIAG step=16500] E_pos=977994.0625 E_neg=986800.8125 CD_raw=-8806.7617 CD_wtd=0.274402 MSE=0.520590 neg_dist=7.4526 lang_grad0=0.0000 lang_gradK=0.0000 lang_disp=0.0000 step=0.0000 sigma=0.0000
[CD-DIAG step=16600] E_pos=959372.3750 E_neg=968799.0000 CD_raw=-9426.6367 CD_wtd=0.031267 MSE=0.529390 neg_dist=7.6001 lang_grad0=0.0000 lang_gradK=0.0000 lang_disp=0.0000 step=0.0000 sigma=0.0000
[CD-DIAG step=16700] E_pos=962927.3125 E_neg=971546.1250 CD_raw=-8618.8770 CD_wtd=0.076364 MSE=0.527784 neg_dist=7.3309 lang_grad0=0.0000 lang_gradK=0.0000 lang_disp=0.0000 step=0.0000 sigma=0.0000
[CD-DIAG step=16800] E_pos=960310.5000 E_neg=969836.8750 CD_raw=-9526.3574 CD_wtd=0.560151 MSE=0.524847 neg_dist=7.6073 lang_grad0=0.0000 lang_gradK=0.0000 lang_disp=0.0000 step=0.0000 sigma=0.0000
[CD-DIAG step=16900] E_pos=957612.2500 E_neg=963896.4375 CD_raw=-6284.1982 CD_wtd=0.584778 MSE=0.528413 neg_dist=6.2739 lang_grad0=0.0000 lang_gradK=0.0000 lang_disp=0.0000 step=0.0000 sigma=0.0000
[CD-DIAG step=17000] E_pos=953454.8125 E_neg=953179.6250 CD_raw=275.1992 CD_wtd=349.524353 MSE=0.530434 neg_dist=1.6672 lang_grad0=0.0000 lang_gradK=0.0000 lang_disp=0.0000 step=0.0000 sigma=0.0000
Running Evaluation...
Validation Result @ Iteration 17000; Milestone = 17 (Train)
---------  --------
mse_error  0.388883
---------  --------
Validation Result @ Iteration 17000; Milestone = 17 (ID: Validation)
---  -------
mse  0.56133
---  -------
[CD-DIAG step=17100] E_pos=965965.5625 E_neg=966242.9375 CD_raw=-277.3403 CD_wtd=249.631592 MSE=0.523054 neg_dist=2.5900 lang_grad0=0.0000 lang_gradK=0.0000 lang_disp=0.0000 step=0.0000 sigma=0.0000
[CD-DIAG step=17200] E_pos=956236.0625 E_neg=958755.5000 CD_raw=-2519.4126 CD_wtd=33.583466 MSE=0.523661 neg_dist=4.0667 lang_grad0=0.0000 lang_gradK=0.0000 lang_disp=0.0000 step=0.0000 sigma=0.0000
[CD-DIAG step=17300] E_pos=960462.4375 E_neg=969890.3750 CD_raw=-9427.9629 CD_wtd=0.101135 MSE=0.525255 neg_dist=7.6360 lang_grad0=0.0000 lang_gradK=0.0000 lang_disp=0.0000 step=0.0000 sigma=0.0000
[CD-DIAG step=17400] E_pos=956899.1250 E_neg=964445.9375 CD_raw=-7546.7344 CD_wtd=0.578227 MSE=0.524533 neg_dist=6.8398 lang_grad0=0.0000 lang_gradK=0.0000 lang_disp=0.0000 step=0.0000 sigma=0.0000
[CD-DIAG step=17500] E_pos=950723.5000 E_neg=959466.9375 CD_raw=-8743.4277 CD_wtd=0.100037 MSE=0.525587 neg_dist=7.2985 lang_grad0=0.0000 lang_gradK=0.0000 lang_disp=0.0000 step=0.0000 sigma=0.0000
[CD-DIAG step=17600] E_pos=951527.0625 E_neg=959157.6250 CD_raw=-7630.5220 CD_wtd=0.050369 MSE=0.532883 neg_dist=6.8495 lang_grad0=0.0000 lang_gradK=0.0000 lang_disp=0.0000 step=0.0000 sigma=0.0000
[CD-DIAG step=17700] E_pos=966550.4375 E_neg=976793.6250 CD_raw=-10243.2266 CD_wtd=0.689757 MSE=0.522701 neg_dist=7.9403 lang_grad0=0.0000 lang_gradK=0.0000 lang_disp=0.0000 step=0.0000 sigma=0.0000
[CD-DIAG step=17800] E_pos=968798.7500 E_neg=969139.0000 CD_raw=-340.2073 CD_wtd=223.425812 MSE=0.524759 neg_dist=2.5861 lang_grad0=0.0000 lang_gradK=0.0000 lang_disp=0.0000 step=0.0000 sigma=0.0000
[CD-DIAG step=17900] E_pos=975212.0000 E_neg=981543.9375 CD_raw=-6331.8833 CD_wtd=0.088996 MSE=0.522629 neg_dist=6.3090 lang_grad0=0.0000 lang_gradK=0.0000 lang_disp=0.0000 step=0.0000 sigma=0.0000
[CD-DIAG step=18000] E_pos=973916.3750 E_neg=983494.1250 CD_raw=-9577.7695 CD_wtd=0.106377 MSE=0.517953 neg_dist=7.6958 lang_grad0=0.0000 lang_gradK=0.0000 lang_disp=0.0000 step=0.0000 sigma=0.0000
Running Evaluation...
Validation Result @ Iteration 18000; Milestone = 18 (Train)
---------  --------
mse_error  0.381988
---------  --------
Validation Result @ Iteration 18000; Milestone = 18 (ID: Validation)
---  --------
mse  0.565054
---  --------
[CD-DIAG step=18100] E_pos=949869.3750 E_neg=950181.6250 CD_raw=-312.2311 CD_wtd=223.761322 MSE=0.527417 neg_dist=2.5400 lang_grad0=0.0000 lang_gradK=0.0000 lang_disp=0.0000 step=0.0000 sigma=0.0000
[CD-DIAG step=18200] E_pos=956724.5625 E_neg=967112.0000 CD_raw=-10387.4766 CD_wtd=0.310472 MSE=0.520355 neg_dist=7.9354 lang_grad0=0.0000 lang_gradK=0.0000 lang_disp=0.0000 step=0.0000 sigma=0.0000
[CD-DIAG step=18300] E_pos=966321.5000 E_neg=972613.7500 CD_raw=-6292.2583 CD_wtd=0.104635 MSE=0.518122 neg_dist=6.2362 lang_grad0=0.0000 lang_gradK=0.0000 lang_disp=0.0000 step=0.0000 sigma=0.0000
[CD-DIAG step=18400] E_pos=964721.8125 E_neg=972357.1250 CD_raw=-7635.2881 CD_wtd=0.756630 MSE=0.520754 neg_dist=6.9242 lang_grad0=0.0000 lang_gradK=0.0000 lang_disp=0.0000 step=0.0000 sigma=0.0000
[CD-DIAG step=18500] E_pos=963777.1250 E_neg=968327.5000 CD_raw=-4550.3125 CD_wtd=4.287055 MSE=0.518883 neg_dist=5.2900 lang_grad0=0.0000 lang_gradK=0.0000 lang_disp=0.0000 step=0.0000 sigma=0.0000
[CD-DIAG step=18600] E_pos=969085.8125 E_neg=977944.5000 CD_raw=-8858.6465 CD_wtd=0.069885 MSE=0.522971 neg_dist=7.4107 lang_grad0=0.0000 lang_gradK=0.0000 lang_disp=0.0000 step=0.0000 sigma=0.0000
[CD-DIAG step=18700] E_pos=963170.0000 E_neg=969407.1875 CD_raw=-6237.2012 CD_wtd=0.563983 MSE=0.527418 neg_dist=6.2740 lang_grad0=0.0000 lang_gradK=0.0000 lang_disp=0.0000 step=0.0000 sigma=0.0000
[CD-DIAG step=18800] E_pos=962766.1250 E_neg=971562.6250 CD_raw=-8796.5762 CD_wtd=0.174137 MSE=0.523430 neg_dist=7.3718 lang_grad0=0.0000 lang_gradK=0.0000 lang_disp=0.0000 step=0.0000 sigma=0.0000
[CD-DIAG step=18900] E_pos=958498.1250 E_neg=958394.1875 CD_raw=103.8778 CD_wtd=305.059631 MSE=0.525735 neg_dist=1.6384 lang_grad0=0.0000 lang_gradK=0.0000 lang_disp=0.0000 step=0.0000 sigma=0.0000
[CD-DIAG step=19000] E_pos=956731.1875 E_neg=966223.3125 CD_raw=-9492.1377 CD_wtd=0.072558 MSE=0.526053 neg_dist=7.6023 lang_grad0=0.0000 lang_gradK=0.0000 lang_disp=0.0000 step=0.0000 sigma=0.0000
Running Evaluation...
Validation Result @ Iteration 19000; Milestone = 19 (Train)
---------  --------
mse_error  0.372114
---------  --------
Validation Result @ Iteration 19000; Milestone = 19 (ID: Validation)
---  --------
mse  0.574935
---  --------
[CD-DIAG step=19100] E_pos=963081.9375 E_neg=965660.1875 CD_raw=-2578.3311 CD_wtd=32.172585 MSE=0.520675 neg_dist=4.0695 lang_grad0=0.0000 lang_gradK=0.0000 lang_disp=0.0000 step=0.0000 sigma=0.0000
[CD-DIAG step=19200] E_pos=977234.2500 E_neg=986136.8750 CD_raw=-8902.6250 CD_wtd=0.354057 MSE=0.518061 neg_dist=7.5194 lang_grad0=0.0000 lang_gradK=0.0000 lang_disp=0.0000 step=0.0000 sigma=0.0000
[CD-DIAG step=19300] E_pos=954788.5000 E_neg=957331.3750 CD_raw=-2542.8550 CD_wtd=31.116478 MSE=0.529628 neg_dist=4.0884 lang_grad0=0.0000 lang_gradK=0.0000 lang_disp=0.0000 step=0.0000 sigma=0.0000
[CD-DIAG step=19400] E_pos=952173.5625 E_neg=956709.3750 CD_raw=-4535.7500 CD_wtd=4.887146 MSE=0.526648 neg_dist=5.2313 lang_grad0=0.0000 lang_gradK=0.0000 lang_disp=0.0000 step=0.0000 sigma=0.0000
[CD-DIAG step=19500] E_pos=951495.1875 E_neg=957812.7500 CD_raw=-6317.5791 CD_wtd=3.407198 MSE=0.525151 neg_dist=6.2131 lang_grad0=0.0000 lang_gradK=0.0000 lang_disp=0.0000 step=0.0000 sigma=0.0000
[CD-DIAG step=19600] E_pos=951797.5000 E_neg=952184.6250 CD_raw=-387.0612 CD_wtd=212.675262 MSE=0.524155 neg_dist=2.5459 lang_grad0=0.0000 lang_gradK=0.0000 lang_disp=0.0000 step=0.0000 sigma=0.0000
[CD-DIAG step=19700] E_pos=958283.2500 E_neg=964599.3750 CD_raw=-6316.1113 CD_wtd=0.526577 MSE=0.526994 neg_dist=6.2670 lang_grad0=0.0000 lang_gradK=0.0000 lang_disp=0.0000 step=0.0000 sigma=0.0000
[CD-DIAG step=19800] E_pos=960609.5000 E_neg=967059.0000 CD_raw=-6449.4287 CD_wtd=0.828287 MSE=0.524845 neg_dist=6.2790 lang_grad0=0.0000 lang_gradK=0.0000 lang_disp=0.0000 step=0.0000 sigma=0.0000
[CD-DIAG step=19900] E_pos=954379.2500 E_neg=962063.8125 CD_raw=-7684.5889 CD_wtd=0.187975 MSE=0.524444 neg_dist=6.8385 lang_grad0=0.0000 lang_gradK=0.0000 lang_disp=0.0000 step=0.0000 sigma=0.0000
[CD-DIAG step=20000] E_pos=959056.0625 E_neg=965267.8750 CD_raw=-6211.8306 CD_wtd=1.945714 MSE=0.519544 neg_dist=6.2301 lang_grad0=0.0000 lang_gradK=0.0000 lang_disp=0.0000 step=0.0000 sigma=0.0000
Running Evaluation...
Validation Result @ Iteration 20000; Milestone = 20 (Train)
---------  --------
mse_error  0.371632
---------  --------
Validation Result @ Iteration 20000; Milestone = 20 (ID: Validation)
---  --------
mse  0.575024
---  --------
training complete
Training completed!
Results saved to: results/ds_inverse/q201_baseline/results.json
Experiment completed at Wed Feb 18 22:26:38 EST 2026
Copying results to persistent storage...
sending incremental file list
ds_inverse/q201_baseline/experiment_config.json
ds_inverse/q201_baseline/model-1.pt
ds_inverse/q201_baseline/model-10.pt
ds_inverse/q201_baseline/model-11.pt
ds_inverse/q201_baseline/model-12.pt
ds_inverse/q201_baseline/model-13.pt
ds_inverse/q201_baseline/model-14.pt
ds_inverse/q201_baseline/model-15.pt
ds_inverse/q201_baseline/model-16.pt
ds_inverse/q201_baseline/model-17.pt
ds_inverse/q201_baseline/model-18.pt
ds_inverse/q201_baseline/model-19.pt
ds_inverse/q201_baseline/model-2.pt
ds_inverse/q201_baseline/model-20.pt
ds_inverse/q201_baseline/model-3.pt
ds_inverse/q201_baseline/model-4.pt
ds_inverse/q201_baseline/model-5.pt
ds_inverse/q201_baseline/model-6.pt
ds_inverse/q201_baseline/model-7.pt
ds_inverse/q201_baseline/model-8.pt
ds_inverse/q201_baseline/model-9.pt
ds_inverse/q201_baseline/results.json

sent 461,015,346 bytes  received 436 bytes  43,906,264.95 bytes/sec
total size is 460,901,300  speedup is 1.00
Results copied to /n/home03/mkrasnow/research-repo/projects/ired/results/
Cleaning up work directory...
