Job started at Sun Feb 22 11:10:25 EST 2026
Running on host: holygpu8a27101.rc.fas.harvard.edu
Job ID: 61625163, Array Task ID: 20
GPU info:
Sun Feb 22 11:10:25 2026       
+-----------------------------------------------------------------------------------------+
| NVIDIA-SMI 575.57.08              Driver Version: 575.57.08      CUDA Version: 12.9     |
|-----------------------------------------+------------------------+----------------------+
| GPU  Name                 Persistence-M | Bus-Id          Disp.A | Volatile Uncorr. ECC |
| Fan  Temp   Perf          Pwr:Usage/Cap |           Memory-Usage | GPU-Util  Compute M. |
|                                         |                        |               MIG M. |
|=========================================+========================+======================|
|   0  NVIDIA A100-SXM4-80GB          On  |   00000000:CA:00.0 Off |                    0 |
| N/A   25C    P0             58W /  500W |       0MiB /  81920MiB |      0%      Default |
|                                         |                        |             Disabled |
+-----------------------------------------+------------------------+----------------------+
                                                                                         
+-----------------------------------------------------------------------------------------+
| Processes:                                                                              |
|  GPU   GI   CI              PID   Type   Process name                        GPU Memory |
|        ID   ID                                                               Usage      |
|=========================================================================================|
|  No running processes found                                                             |
+-----------------------------------------------------------------------------------------+
Cloning repository...
Repository cloned and checked out to: d0be063
d0be063 Fix q220 sweep performance: 4 workers + 32G mem + 12h time limit
Starting q220 TAM sweep config 43 (batch B: 23-44)...
Loading configuration from: projects/ired/configs/q220_sweep_43.json
Configuration saved to: results/ds_inverse/q220_sweep_43/experiment_config.json
Setting random seed: 0
Starting experiment with mining strategy: tam
Configuration: {
  "experiment_name": "q220_sweep_43",
  "description": "TAM mini-sweep: delta=1.5 pgd_steps=3 anchor=3 ctl=0.01 gc=False",
  "investigation": "ired-tam",
  "ablation_stage": "tam_sweep",
  "mining_strategy": "tam",
  "rank": 220,
  "ood": false,
  "diffusion_steps": 10,
  "batch_size": 2048,
  "train_steps": 20000,
  "learning_rate": 0.0001,
  "use_scalar_energy": true,
  "use_ired_contrastive_loss": false,
  "use_gradient_contrastive": false,
  "gc_temperature": 1.0,
  "use_pgd_negatives": true,
  "pgd_center_on_positive": false,
  "pgd_delta": 1.5,
  "pgd_step_size": 0.5,
  "mining_opt_steps": 3,
  "tam_trajectory_anchor_step": 3,
  "tam_ctl_weight": 0.01,
  "tam_recovery_steps": 3,
  "mining_noise_scale": 1.5,
  "use_replay_buffer": false,
  "use_cd_loss": false,
  "energy_loss_weight": 0.05,
  "energy_reg_weight": 0.0,
  "use_residual_filter": false,
  "use_energy_schedule": false,
  "adam_betas": [
    0.0,
    0.999
  ],
  "output_dir": "results/ds_inverse/q220_sweep_43",
  "notes": "TAM sweep config 43: delta=1.5, pgd_steps=3, anchor_step=3, ctl_weight=0.01, use_gc=False. 20k steps for compute-fair mini-sweep.",
  "seed": 0
}
Dataset: Inverse matrices (220x220)
Input dimension: 48400, Output dimension: 48400
Trainer initialized. Output directory: results/ds_inverse/q220_sweep_43
Training for 20000 steps...
[CD-DIAG step=100] E_pos=-0.0556 E_neg=-0.0556 margin=-0.0000 E_wtd=0.034658 MSE=1.000156 gradE=0.0011 pred_norm=0.0000 pred_std=0.0000 pred_abs=0.0000 tgt_std=0.9999 tgt_abs=0.7978 cos=-0.0002 neg_dist=8.2482 lang_grad0=0.0000 lang_gradK=0.0000 lang_disp=0.0000 step=0.0000 sigma=0.0000
[TAM-DIAG step=100] mse=1.000156 neg_dist=8.2482 anchor_dist=8.2482 pgd_disp=0.0000 mse_neg_init=0.9998 mse_neg_final=0.9998 recovery_mse_before=0.000000 recovery_mse_after=0.000000 pred_norm=0.0000 cos=-0.0002
[CD-DIAG step=200] E_pos=-0.0268 E_neg=-0.0269 margin=-0.0001 E_wtd=0.034660 MSE=1.000215 gradE=0.0007 pred_norm=0.0000 pred_std=0.0000 pred_abs=0.0000 tgt_std=1.0000 tgt_abs=0.7979 cos=0.0000 neg_dist=48.6269 lang_grad0=0.0000 lang_gradK=0.0000 lang_disp=0.0000 step=0.0000 sigma=0.0000
[TAM-DIAG step=200] mse=1.000215 neg_dist=48.6269 anchor_dist=48.6269 pgd_disp=0.0000 mse_neg_init=1.0001 mse_neg_final=1.0001 recovery_mse_before=0.000000 recovery_mse_after=0.000000 pred_norm=0.0000 cos=0.0000
[CD-DIAG step=300] E_pos=-0.3419 E_neg=-0.3419 margin=-0.0000 E_wtd=0.034658 MSE=1.000257 gradE=0.0005 pred_norm=0.0000 pred_std=0.0000 pred_abs=0.0000 tgt_std=1.0001 tgt_abs=0.7979 cos=-0.0001 neg_dist=6.5807 lang_grad0=0.0000 lang_gradK=0.0000 lang_disp=0.0000 step=0.0000 sigma=0.0000
[TAM-DIAG step=300] mse=1.000257 neg_dist=6.5807 anchor_dist=6.5807 pgd_disp=0.0000 mse_neg_init=1.0001 mse_neg_final=1.0001 recovery_mse_before=0.000000 recovery_mse_after=0.000000 pred_norm=0.0000 cos=-0.0001
[CD-DIAG step=400] E_pos=-0.2314 E_neg=-0.2315 margin=-0.0000 E_wtd=0.034658 MSE=1.000069 gradE=0.0005 pred_norm=0.0000 pred_std=0.0000 pred_abs=0.0000 tgt_std=1.0000 tgt_abs=0.7979 cos=-0.0001 neg_dist=6.3966 lang_grad0=0.0000 lang_gradK=0.0000 lang_disp=0.0000 step=0.0000 sigma=0.0000
[TAM-DIAG step=400] mse=1.000069 neg_dist=6.3966 anchor_dist=6.3966 pgd_disp=0.0000 mse_neg_init=1.0000 mse_neg_final=1.0000 recovery_mse_before=0.000000 recovery_mse_after=0.000000 pred_norm=0.0000 cos=-0.0001
