Job started at Thu Feb 26 15:43:08 EST 2026
Running on host: holygpu8a31104.rc.fas.harvard.edu
Job ID: 62475730, Array Task ID: 2
Config: projects/ired/configs/q236_harder_negatives.json
Git URL: https://github.com/mdkrasnow/research-repo.git
Git SHA: 9c7f2b3fe199659cea4cc4e411f56a6a9f8e4bb7
Work directory: /tmp/ired-job-62475730
GPU info:
Thu Feb 26 15:43:09 2026       
+-----------------------------------------------------------------------------------------+
| NVIDIA-SMI 575.57.08              Driver Version: 575.57.08      CUDA Version: 12.9     |
|-----------------------------------------+------------------------+----------------------+
| GPU  Name                 Persistence-M | Bus-Id          Disp.A | Volatile Uncorr. ECC |
| Fan  Temp   Perf          Pwr:Usage/Cap |           Memory-Usage | GPU-Util  Compute M. |
|                                         |                        |               MIG M. |
|=========================================+========================+======================|
|   0  NVIDIA A100-SXM4-80GB          On  |   00000000:31:00.0 Off |                    0 |
| N/A   25C    P0             59W /  500W |       0MiB /  81920MiB |      0%      Default |
|                                         |                        |             Disabled |
+-----------------------------------------+------------------------+----------------------+
                                                                                         
+-----------------------------------------------------------------------------------------+
| Processes:                                                                              |
|  GPU   GI   CI              PID   Type   Process name                        GPU Memory |
|        ID   ID                                                               Usage      |
|=========================================================================================|
|  No running processes found                                                             |
+-----------------------------------------------------------------------------------------+
Cloning repository...
Repository cloned and checked out to: 9c7f2b3
Starting 10K-step probe with config: projects/ired/configs/q236_harder_negatives.json
Loading configuration from: projects/ired/configs/q236_harder_negatives.json
Configuration saved to: projects/ired/results/ds_inverse/q236_harder_negatives/experiment_config.json
Setting random seed: 0
Starting experiment with mining strategy: tam
Configuration: {
  "experiment_name": "q236_harder_negatives",
  "description": "q232 base + pgd_delta=2.0. Tests harder local negatives with wider PGD ball.",
  "investigation": "ired-pgd",
  "ablation_stage": "tam_ctl_v2_harder_negatives",
  "mining_strategy": "tam",
  "tam_anchor_step": 2,
  "pgd_delta": 2.0,
  "pgd_step_size": 0.667,
  "mining_opt_steps": 3,
  "use_recovery_loss": true,
  "recovery_steps": 1,
  "recovery_loss_weight": 0.1,
  "recovery_target": "implied_noise",
  "use_recovery_rank_loss": true,
  "recovery_rank_margin": 0.1,
  "recovery_rank_weight": 0.2,
  "use_gradient_contrastive": false,
  "energy_loss_weight": 0.0,
  "use_scalar_energy": true,
  "rank": 20,
  "ood": false,
  "diffusion_steps": 10,
  "batch_size": 2048,
  "train_steps": 10000,
  "learning_rate": 0.0001,
  "adam_betas": [
    0.0,
    0.999
  ],
  "output_dir": "projects/ired/results/ds_inverse/q236_harder_negatives",
  "notes": "q232 + pgd_delta=2.0 (was 1.5). pgd_step_size=delta/3. Single variable change: wider PGD ball.",
  "seed": 0
}
Dataset: Inverse matrices (20x20)
Input dimension: 400, Output dimension: 400
Trainer initialized. Output directory: projects/ired/results/ds_inverse/q236_harder_negatives
Training for 10000 steps...
[LOSS-DIAG step=100] mse=0.999259 energy_raw=0.695495 energy_wtd=0.000000 rec=0.109598 total=1.108857
[TAM-CTL-DIAG step=100] mse_pos=0.999908 mse_neg=0.999907 mse_rec=0.999907 neg_vs_rec=0.000000 rec_gain=0.0000 rec_dist=0.0000 pgd_radius=0.0000 anchor_dist=1.8908 dist_rec_pos=1.8908 eps_gap_rel=0.1047 cos_rec=-0.1241 rank_raw=0.100000
[LOSS-DIAG step=200] mse=1.002301 energy_raw=0.891566 energy_wtd=0.000000 rec=0.044246 total=1.046546
[TAM-CTL-DIAG step=200] mse_pos=0.998231 mse_neg=0.998231 mse_rec=0.998231 neg_vs_rec=0.000000 rec_gain=0.0000 rec_dist=0.0001 pgd_radius=0.0002 anchor_dist=12.0861 dist_rec_pos=12.0862 eps_gap_rel=0.8172 cos_rec=-0.1566 rank_raw=0.100001
[LOSS-DIAG step=300] mse=0.998160 energy_raw=4.389600 energy_wtd=0.000000 rec=0.115875 total=1.114035
[TAM-CTL-DIAG step=300] mse_pos=1.000477 mse_neg=1.000152 mse_rec=1.000152 neg_vs_rec=0.000000 rec_gain=0.0000 rec_dist=0.0080 pgd_radius=0.0274 anchor_dist=0.9374 dist_rec_pos=0.9516 eps_gap_rel=0.0525 cos_rec=-0.1834 rank_raw=0.099810
[LOSS-DIAG step=400] mse=0.988796 energy_raw=2195.092529 energy_wtd=0.000000 rec=0.038436 total=1.027232
[TAM-CTL-DIAG step=400] mse_pos=1.001498 mse_neg=0.998747 mse_rec=0.998687 neg_vs_rec=0.000060 rec_gain=0.0001 rec_dist=0.2720 pgd_radius=1.1561 anchor_dist=9.6130 dist_rec_pos=10.4434 eps_gap_rel=0.7145 cos_rec=-0.1112 rank_raw=0.096709
[LOSS-DIAG step=500] mse=0.875111 energy_raw=28035.341797 energy_wtd=0.000000 rec=0.067504 total=0.942614
[TAM-CTL-DIAG step=500] mse_pos=1.029944 mse_neg=0.953962 mse_rec=0.958572 neg_vs_rec=-0.004610 rec_gain=-0.0048 rec_dist=0.9982 pgd_radius=2.0000 anchor_dist=5.7110 dist_rec_pos=7.6629 eps_gap_rel=0.5302 cos_rec=-0.4268 rank_raw=0.105262
[LOSS-DIAG step=600] mse=0.685796 energy_raw=99050.890625 energy_wtd=0.000000 rec=0.079247 total=0.765043
[TAM-CTL-DIAG step=600] mse_pos=1.198224 mse_neg=0.926130 mse_rec=0.919996 neg_vs_rec=0.006135 rec_gain=0.0066 rec_dist=1.7240 pgd_radius=2.0000 anchor_dist=7.1118 dist_rec_pos=9.4088 eps_gap_rel=0.6654 cos_rec=-0.3976 rank_raw=0.130275
[LOSS-DIAG step=700] mse=0.586926 energy_raw=127669.406250 energy_wtd=0.000000 rec=0.028956 total=0.615882
[TAM-CTL-DIAG step=700] mse_pos=1.367357 mse_neg=1.186859 mse_rec=1.039126 neg_vs_rec=0.147733 rec_gain=0.1245 rec_dist=1.8658 pgd_radius=2.0000 anchor_dist=13.9848 dist_rec_pos=14.0911 eps_gap_rel=1.0554 cos_rec=0.7143 rank_raw=0.067277
[LOSS-DIAG step=800] mse=0.515368 energy_raw=164514.828125 energy_wtd=0.000000 rec=0.061953 total=0.577321
[TAM-CTL-DIAG step=800] mse_pos=1.440855 mse_neg=0.929473 mse_rec=0.896921 neg_vs_rec=0.032553 rec_gain=0.0350 rec_dist=1.8543 pgd_radius=2.0000 anchor_dist=8.4284 dist_rec_pos=10.5513 eps_gap_rel=0.7537 cos_rec=-0.1845 rank_raw=0.114538
[LOSS-DIAG step=900] mse=0.459555 energy_raw=185382.593750 energy_wtd=0.000000 rec=0.055904 total=0.515459
[TAM-CTL-DIAG step=900] mse_pos=1.469878 mse_neg=0.955571 mse_rec=0.896820 neg_vs_rec=0.058752 rec_gain=0.0615 rec_dist=1.9705 pgd_radius=2.0000 anchor_dist=8.9319 dist_rec_pos=10.8888 eps_gap_rel=0.7884 cos_rec=-0.0871 rank_raw=0.110733
[LOSS-DIAG step=1000] mse=0.424386 energy_raw=205154.000000 energy_wtd=0.000000 rec=0.051976 total=0.476362
[TAM-CTL-DIAG step=1000] mse_pos=1.527773 mse_neg=0.986707 mse_rec=0.904611 neg_vs_rec=0.082096 rec_gain=0.0832 rec_dist=2.0967 pgd_radius=2.0000 anchor_dist=9.3617 dist_rec_pos=11.1717 eps_gap_rel=0.8209 cos_rec=0.0084 rank_raw=0.108762
Running Evaluation...
Validation Result @ Iteration 1000; Milestone = 1 (Train)
---------  ------
mse_error  2.6702
---------  ------
Validation Result @ Iteration 1000; Milestone = 1 (ID: Validation)
---  -------
mse  2.67005
---  -------
[LOSS-DIAG step=1100] mse=0.391114 energy_raw=225661.281250 energy_wtd=0.000000 rec=0.045798 total=0.436913
[TAM-CTL-DIAG step=1100] mse_pos=1.588806 mse_neg=1.035649 mse_rec=0.922897 neg_vs_rec=0.112753 rec_gain=0.1089 rec_dist=2.0712 pgd_radius=2.0000 anchor_dist=10.0424 dist_rec_pos=11.6557 eps_gap_rel=0.8525 cos_rec=0.1054 rank_raw=0.106711
[LOSS-DIAG step=1200] mse=0.367509 energy_raw=237765.156250 energy_wtd=0.000000 rec=0.040945 total=0.408454
[TAM-CTL-DIAG step=1200] mse_pos=1.622228 mse_neg=1.086943 mse_rec=0.942307 neg_vs_rec=0.144636 rec_gain=0.1331 rec_dist=1.9610 pgd_radius=2.0000 anchor_dist=10.6043 dist_rec_pos=11.9952 eps_gap_rel=0.8897 cos_rec=0.2092 rank_raw=0.107065
[LOSS-DIAG step=1300] mse=0.336565 energy_raw=239175.031250 energy_wtd=0.000000 rec=0.041777 total=0.378342
[TAM-CTL-DIAG step=1300] mse_pos=1.637161 mse_neg=1.043697 mse_rec=0.924883 neg_vs_rec=0.118814 rec_gain=0.1138 rec_dist=2.1138 pgd_radius=2.0000 anchor_dist=10.2239 dist_rec_pos=11.7895 eps_gap_rel=0.8752 cos_rec=0.1502 rank_raw=0.101298
[LOSS-DIAG step=1400] mse=0.303674 energy_raw=260893.750000 energy_wtd=0.000000 rec=0.035556 total=0.339230
[TAM-CTL-DIAG step=1400] mse_pos=1.677715 mse_neg=1.117244 mse_rec=0.942178 neg_vs_rec=0.175066 rec_gain=0.1567 rec_dist=2.0029 pgd_radius=2.0000 anchor_dist=11.3673 dist_rec_pos=12.6091 eps_gap_rel=0.9058 cos_rec=0.2887 rank_raw=0.101427
[LOSS-DIAG step=1500] mse=0.293572 energy_raw=261657.640625 energy_wtd=0.000000 rec=0.031763 total=0.325335
[TAM-CTL-DIAG step=1500] mse_pos=1.682608 mse_neg=1.211885 mse_rec=0.980861 neg_vs_rec=0.231024 rec_gain=0.1906 rec_dist=1.8458 pgd_radius=2.0000 anchor_dist=12.0797 dist_rec_pos=12.9735 eps_gap_rel=0.9626 cos_rec=0.4948 rank_raw=0.103072
[LOSS-DIAG step=1600] mse=0.269564 energy_raw=276220.937500 energy_wtd=0.000000 rec=0.033381 total=0.302945
[TAM-CTL-DIAG step=1600] mse_pos=1.721501 mse_neg=1.153024 mse_rec=0.944141 neg_vs_rec=0.208883 rec_gain=0.1812 rec_dist=2.0651 pgd_radius=2.0000 anchor_dist=11.6365 dist_rec_pos=12.7011 eps_gap_rel=0.9253 cos_rec=0.3735 rank_raw=0.099654
[LOSS-DIAG step=1700] mse=0.259524 energy_raw=266150.281250 energy_wtd=0.000000 rec=0.026667 total=0.286191
[TAM-CTL-DIAG step=1700] mse_pos=1.716067 mse_neg=1.432486 mse_rec=1.035571 neg_vs_rec=0.396915 rec_gain=0.2771 rec_dist=1.9562 pgd_radius=2.0000 anchor_dist=13.9435 dist_rec_pos=13.9947 eps_gap_rel=1.0555 cos_rec=0.8910 rank_raw=0.073852
[LOSS-DIAG step=1800] mse=0.242238 energy_raw=288134.625000 energy_wtd=0.000000 rec=0.029450 total=0.271687
[TAM-CTL-DIAG step=1800] mse_pos=1.754900 mse_neg=1.262881 mse_rec=0.979336 neg_vs_rec=0.283545 rec_gain=0.2245 rec_dist=1.9618 pgd_radius=2.0000 anchor_dist=12.5417 dist_rec_pos=13.2352 eps_gap_rel=0.9757 cos_rec=0.5875 rank_raw=0.099835
[LOSS-DIAG step=1900] mse=0.227872 energy_raw=289357.218750 energy_wtd=0.000000 rec=0.032472 total=0.260345
[TAM-CTL-DIAG step=1900] mse_pos=1.793885 mse_neg=1.169837 mse_rec=0.941351 neg_vs_rec=0.228486 rec_gain=0.1953 rec_dist=2.0870 pgd_radius=2.0000 anchor_dist=11.3988 dist_rec_pos=12.4187 eps_gap_rel=0.9386 cos_rec=0.4009 rank_raw=0.096169
[LOSS-DIAG step=2000] mse=0.216847 energy_raw=272908.250000 energy_wtd=0.000000 rec=0.026063 total=0.242910
[TAM-CTL-DIAG step=2000] mse_pos=1.743846 mse_neg=1.456120 mse_rec=1.031743 neg_vs_rec=0.424377 rec_gain=0.2914 rec_dist=1.9572 pgd_radius=2.0000 anchor_dist=13.9018 dist_rec_pos=13.9493 eps_gap_rel=1.0534 cos_rec=0.9089 rank_raw=0.076305
Running Evaluation...
Validation Result @ Iteration 2000; Milestone = 2 (Train)
---------  -------
mse_error  1.28495
---------  -------
Validation Result @ Iteration 2000; Milestone = 2 (ID: Validation)
---  -------
mse  1.28268
---  -------
[LOSS-DIAG step=2100] mse=0.198738 energy_raw=288800.937500 energy_wtd=0.000000 rec=0.030377 total=0.229115
[TAM-CTL-DIAG step=2100] mse_pos=1.772557 mse_neg=1.163381 mse_rec=0.931805 neg_vs_rec=0.231576 rec_gain=0.1991 rec_dist=2.2134 pgd_radius=2.0000 anchor_dist=11.7304 dist_rec_pos=12.7483 eps_gap_rel=0.9448 cos_rec=0.3592 rank_raw=0.094833
[LOSS-DIAG step=2200] mse=0.184321 energy_raw=305220.000000 energy_wtd=0.000000 rec=0.024107 total=0.208428
[TAM-CTL-DIAG step=2200] mse_pos=1.820024 mse_neg=1.486689 mse_rec=1.027877 neg_vs_rec=0.458812 rec_gain=0.3086 rec_dist=1.9690 pgd_radius=2.0000 anchor_dist=14.1602 dist_rec_pos=14.2009 eps_gap_rel=1.0477 cos_rec=0.9225 rank_raw=0.077408
[LOSS-DIAG step=2300] mse=0.179480 energy_raw=304464.562500 energy_wtd=0.000000 rec=0.029222 total=0.208702
[TAM-CTL-DIAG step=2300] mse_pos=1.823927 mse_neg=1.226236 mse_rec=0.940206 neg_vs_rec=0.286030 rec_gain=0.2333 rec_dist=2.2359 pgd_radius=2.0000 anchor_dist=12.0424 dist_rec_pos=12.8411 eps_gap_rel=0.9585 cos_rec=0.4643 rank_raw=0.093846
[LOSS-DIAG step=2400] mse=0.177423 energy_raw=290420.125000 energy_wtd=0.000000 rec=0.029414 total=0.206837
[TAM-CTL-DIAG step=2400] mse_pos=1.784780 mse_neg=1.172073 mse_rec=0.934161 neg_vs_rec=0.237912 rec_gain=0.2030 rec_dist=2.1710 pgd_radius=2.0000 anchor_dist=11.7526 dist_rec_pos=12.7628 eps_gap_rel=0.9611 cos_rec=0.3513 rank_raw=0.095071
[LOSS-DIAG step=2500] mse=0.167535 energy_raw=301449.750000 energy_wtd=0.000000 rec=0.026532 total=0.194067
[TAM-CTL-DIAG step=2500] mse_pos=1.817120 mse_neg=1.358250 mse_rec=0.975000 neg_vs_rec=0.383250 rec_gain=0.2822 rec_dist=2.1249 pgd_radius=2.0000 anchor_dist=12.7814 dist_rec_pos=13.1706 eps_gap_rel=0.9937 cos_rec=0.7255 rank_raw=0.095204
[LOSS-DIAG step=2600] mse=0.160271 energy_raw=299995.375000 energy_wtd=0.000000 rec=0.028175 total=0.188446
[TAM-CTL-DIAG step=2600] mse_pos=1.802981 mse_neg=1.197035 mse_rec=0.931157 neg_vs_rec=0.265878 rec_gain=0.2221 rec_dist=2.2631 pgd_radius=2.0000 anchor_dist=12.0514 dist_rec_pos=12.9528 eps_gap_rel=0.9646 cos_rec=0.3647 rank_raw=0.093831
[LOSS-DIAG step=2700] mse=0.157539 energy_raw=299249.593750 energy_wtd=0.000000 rec=0.024693 total=0.182232
[TAM-CTL-DIAG step=2700] mse_pos=1.815882 mse_neg=1.528571 mse_rec=1.030340 neg_vs_rec=0.498230 rec_gain=0.3259 rec_dist=1.9729 pgd_radius=2.0000 anchor_dist=13.8759 dist_rec_pos=13.9093 eps_gap_rel=1.0536 cos_rec=0.9359 rank_raw=0.076515
[LOSS-DIAG step=2800] mse=0.151169 energy_raw=313224.750000 energy_wtd=0.000000 rec=0.027195 total=0.178364
[TAM-CTL-DIAG step=2800] mse_pos=1.832151 mse_neg=1.328902 mse_rec=0.944108 neg_vs_rec=0.384794 rec_gain=0.2896 rec_dist=2.3622 pgd_radius=2.0000 anchor_dist=12.7382 dist_rec_pos=13.1236 eps_gap_rel=0.9800 cos_rec=0.6159 rank_raw=0.093762
[LOSS-DIAG step=2900] mse=0.148096 energy_raw=301930.750000 energy_wtd=0.000000 rec=0.028123 total=0.176219
[TAM-CTL-DIAG step=2900] mse_pos=1.831583 mse_neg=1.236513 mse_rec=0.940354 neg_vs_rec=0.296159 rec_gain=0.2395 rec_dist=2.2363 pgd_radius=2.0000 anchor_dist=11.9535 dist_rec_pos=12.7642 eps_gap_rel=0.9777 cos_rec=0.4102 rank_raw=0.094343
[LOSS-DIAG step=3000] mse=0.139387 energy_raw=312157.687500 energy_wtd=0.000000 rec=0.027444 total=0.166831
[TAM-CTL-DIAG step=3000] mse_pos=1.848078 mse_neg=1.248628 mse_rec=0.933224 neg_vs_rec=0.315403 rec_gain=0.2526 rec_dist=2.3451 pgd_radius=2.0000 anchor_dist=12.3041 dist_rec_pos=13.0391 eps_gap_rel=0.9776 cos_rec=0.4233 rank_raw=0.093181
Running Evaluation...
Validation Result @ Iteration 3000; Milestone = 3 (Train)
---------  --------
mse_error  0.848515
---------  --------
Validation Result @ Iteration 3000; Milestone = 3 (ID: Validation)
---  --------
mse  0.847857
---  --------
[LOSS-DIAG step=3100] mse=0.135878 energy_raw=311554.093750 energy_wtd=0.000000 rec=0.027001 total=0.162879
[TAM-CTL-DIAG step=3100] mse_pos=1.840414 mse_neg=1.226136 mse_rec=0.933513 neg_vs_rec=0.292622 rec_gain=0.2387 rec_dist=2.2918 pgd_radius=2.0000 anchor_dist=12.2790 dist_rec_pos=13.1028 eps_gap_rel=0.9786 cos_rec=0.3791 rank_raw=0.093442
[LOSS-DIAG step=3200] mse=0.134423 energy_raw=308912.375000 energy_wtd=0.000000 rec=0.027402 total=0.161825
[TAM-CTL-DIAG step=3200] mse_pos=1.846678 mse_neg=1.236664 mse_rec=0.936325 neg_vs_rec=0.300338 rec_gain=0.2429 rec_dist=2.2501 pgd_radius=2.0000 anchor_dist=12.1893 dist_rec_pos=13.0022 eps_gap_rel=0.9839 cos_rec=0.3929 rank_raw=0.093976
[LOSS-DIAG step=3300] mse=0.127217 energy_raw=322576.875000 energy_wtd=0.000000 rec=0.026564 total=0.153782
[TAM-CTL-DIAG step=3300] mse_pos=1.865373 mse_neg=1.356178 mse_rec=0.932358 neg_vs_rec=0.423820 rec_gain=0.3125 rec_dist=2.4787 pgd_radius=2.0000 anchor_dist=13.0666 dist_rec_pos=13.3318 eps_gap_rel=0.9856 cos_rec=0.6096 rank_raw=0.093451
[LOSS-DIAG step=3400] mse=0.124075 energy_raw=316600.312500 energy_wtd=0.000000 rec=0.025286 total=0.149362
[TAM-CTL-DIAG step=3400] mse_pos=1.849387 mse_neg=1.427696 mse_rec=0.966048 neg_vs_rec=0.461648 rec_gain=0.3234 rec_dist=2.3253 pgd_radius=2.0000 anchor_dist=13.4224 dist_rec_pos=13.5334 eps_gap_rel=1.0017 cos_rec=0.7815 rank_raw=0.093518
[LOSS-DIAG step=3500] mse=0.122435 energy_raw=309587.468750 energy_wtd=0.000000 rec=0.025272 total=0.147708
[TAM-CTL-DIAG step=3500] mse_pos=1.832828 mse_neg=1.385674 mse_rec=0.972429 neg_vs_rec=0.413244 rec_gain=0.2982 rec_dist=2.1376 pgd_radius=2.0000 anchor_dist=13.1753 dist_rec_pos=13.4626 eps_gap_rel=1.0051 cos_rec=0.7540 rank_raw=0.094625
[LOSS-DIAG step=3600] mse=0.123640 energy_raw=342681.343750 energy_wtd=0.000000 rec=0.025706 total=0.149346
[TAM-CTL-DIAG step=3600] mse_pos=1.938549 mse_neg=1.500014 mse_rec=0.955936 neg_vs_rec=0.544078 rec_gain=0.3627 rec_dist=2.5580 pgd_radius=2.0000 anchor_dist=13.5397 dist_rec_pos=13.4043 eps_gap_rel=1.0067 cos_rec=0.8304 rank_raw=0.091788
[LOSS-DIAG step=3700] mse=0.114543 energy_raw=311280.937500 energy_wtd=0.000000 rec=0.026064 total=0.140607
[TAM-CTL-DIAG step=3700] mse_pos=1.839494 mse_neg=1.214086 mse_rec=0.928772 neg_vs_rec=0.285314 rec_gain=0.2350 rec_dist=2.2979 pgd_radius=2.0000 anchor_dist=12.4017 dist_rec_pos=13.2377 eps_gap_rel=0.9858 cos_rec=0.3300 rank_raw=0.093797
[LOSS-DIAG step=3800] mse=0.111412 energy_raw=315908.062500 energy_wtd=0.000000 rec=0.025911 total=0.137323
[TAM-CTL-DIAG step=3800] mse_pos=1.866359 mse_neg=1.253486 mse_rec=0.933010 neg_vs_rec=0.320476 rec_gain=0.2557 rec_dist=2.3069 pgd_radius=2.0000 anchor_dist=12.4318 dist_rec_pos=13.1754 eps_gap_rel=0.9886 cos_rec=0.3837 rank_raw=0.093073
[LOSS-DIAG step=3900] mse=0.112506 energy_raw=345209.343750 energy_wtd=0.000000 rec=0.024401 total=0.136906
[TAM-CTL-DIAG step=3900] mse_pos=1.946546 mse_neg=1.519992 mse_rec=0.957563 neg_vs_rec=0.562429 rec_gain=0.3700 rec_dist=2.5761 pgd_radius=2.0000 anchor_dist=13.5886 dist_rec_pos=13.4152 eps_gap_rel=1.0059 cos_rec=0.8468 rank_raw=0.090010
[LOSS-DIAG step=4000] mse=0.109427 energy_raw=336255.437500 energy_wtd=0.000000 rec=0.025979 total=0.135406
[TAM-CTL-DIAG step=4000] mse_pos=1.921561 mse_neg=1.374271 mse_rec=0.929486 neg_vs_rec=0.444785 rec_gain=0.3237 rec_dist=2.5648 pgd_radius=2.0000 anchor_dist=12.9204 dist_rec_pos=13.1874 eps_gap_rel=0.9946 cos_rec=0.5422 rank_raw=0.091368
Running Evaluation...
Validation Result @ Iteration 4000; Milestone = 4 (Train)
---------  -------
mse_error  0.56119
---------  -------
Validation Result @ Iteration 4000; Milestone = 4 (ID: Validation)
---  --------
mse  0.559088
---  --------
[LOSS-DIAG step=4100] mse=0.099994 energy_raw=317153.125000 energy_wtd=0.000000 rec=0.025381 total=0.125375
[TAM-CTL-DIAG step=4100] mse_pos=1.878827 mse_neg=1.285646 mse_rec=0.936845 neg_vs_rec=0.348801 rec_gain=0.2713 rec_dist=2.3640 pgd_radius=2.0000 anchor_dist=12.3956 dist_rec_pos=13.0570 eps_gap_rel=0.9945 cos_rec=0.4141 rank_raw=0.092425
[LOSS-DIAG step=4200] mse=0.100343 energy_raw=335004.937500 energy_wtd=0.000000 rec=0.025025 total=0.125369
[TAM-CTL-DIAG step=4200] mse_pos=1.927336 mse_neg=1.402919 mse_rec=0.926886 neg_vs_rec=0.476033 rec_gain=0.3393 rec_dist=2.7103 pgd_radius=2.0000 anchor_dist=12.9230 dist_rec_pos=13.1238 eps_gap_rel=0.9943 cos_rec=0.5461 rank_raw=0.089685
[LOSS-DIAG step=4300] mse=0.095715 energy_raw=319455.312500 energy_wtd=0.000000 rec=0.024912 total=0.120626
[TAM-CTL-DIAG step=4300] mse_pos=1.863381 mse_neg=1.249623 mse_rec=0.926377 neg_vs_rec=0.323246 rec_gain=0.2587 rec_dist=2.4803 pgd_radius=2.0000 anchor_dist=12.5710 dist_rec_pos=13.3385 eps_gap_rel=0.9914 cos_rec=0.3165 rank_raw=0.091686
[LOSS-DIAG step=4400] mse=0.096867 energy_raw=338963.562500 energy_wtd=0.000000 rec=0.024647 total=0.121514
[TAM-CTL-DIAG step=4400] mse_pos=1.947490 mse_neg=1.440773 mse_rec=0.944659 neg_vs_rec=0.496113 rec_gain=0.3443 rec_dist=2.5955 pgd_radius=2.0000 anchor_dist=13.0798 dist_rec_pos=13.2679 eps_gap_rel=0.9998 cos_rec=0.5598 rank_raw=0.088389
[LOSS-DIAG step=4500] mse=0.094493 energy_raw=331541.375000 energy_wtd=0.000000 rec=0.024859 total=0.119353
[TAM-CTL-DIAG step=4500] mse_pos=1.921161 mse_neg=1.373109 mse_rec=0.964177 neg_vs_rec=0.408933 rec_gain=0.2978 rec_dist=2.3722 pgd_radius=2.0000 anchor_dist=12.7547 dist_rec_pos=13.3099 eps_gap_rel=1.0057 cos_rec=0.4466 rank_raw=0.089679
[LOSS-DIAG step=4600] mse=0.092419 energy_raw=320595.375000 energy_wtd=0.000000 rec=0.023241 total=0.115660
[TAM-CTL-DIAG step=4600] mse_pos=1.899907 mse_neg=1.639714 mse_rec=1.039961 neg_vs_rec=0.599753 rec_gain=0.3658 rec_dist=1.9967 pgd_radius=2.0000 anchor_dist=13.9473 dist_rec_pos=13.9536 eps_gap_rel=1.0489 cos_rec=0.9623 rank_raw=0.075273
[LOSS-DIAG step=4700] mse=0.094663 energy_raw=346249.625000 energy_wtd=0.000000 rec=0.024597 total=0.119259
[TAM-CTL-DIAG step=4700] mse_pos=1.964620 mse_neg=1.474577 mse_rec=0.982556 neg_vs_rec=0.492021 rec_gain=0.3337 rec_dist=2.3808 pgd_radius=2.0000 anchor_dist=13.2529 dist_rec_pos=13.5209 eps_gap_rel=1.0112 cos_rec=0.5630 rank_raw=0.088106
[LOSS-DIAG step=4800] mse=0.090825 energy_raw=345692.375000 energy_wtd=0.000000 rec=0.023793 total=0.114618
[TAM-CTL-DIAG step=4800] mse_pos=1.970131 mse_neg=1.552346 mse_rec=0.977986 neg_vs_rec=0.574360 rec_gain=0.3700 rec_dist=2.4041 pgd_radius=2.0000 anchor_dist=13.4710 dist_rec_pos=13.4457 eps_gap_rel=1.0104 cos_rec=0.7355 rank_raw=0.086870
[LOSS-DIAG step=4900] mse=0.091834 energy_raw=315841.312500 energy_wtd=0.000000 rec=0.024428 total=0.116262
[TAM-CTL-DIAG step=4900] mse_pos=1.861973 mse_neg=1.444646 mse_rec=0.961244 neg_vs_rec=0.483402 rec_gain=0.3346 rec_dist=2.2867 pgd_radius=2.0000 anchor_dist=13.4578 dist_rec_pos=13.5426 eps_gap_rel=1.0114 cos_rec=0.7972 rank_raw=0.092884
[LOSS-DIAG step=5000] mse=0.086401 energy_raw=327661.093750 energy_wtd=0.000000 rec=0.022982 total=0.109383
[TAM-CTL-DIAG step=5000] mse_pos=1.896735 mse_neg=1.622308 mse_rec=1.033846 neg_vs_rec=0.588462 rec_gain=0.3627 rec_dist=1.9992 pgd_radius=2.0000 anchor_dist=14.2020 dist_rec_pos=14.2059 eps_gap_rel=1.0473 cos_rec=0.9623 rank_raw=0.076530
Running Evaluation...
Validation Result @ Iteration 5000; Milestone = 5 (Train)
---------  --------
mse_error  0.287605
---------  --------
Validation Result @ Iteration 5000; Milestone = 5 (ID: Validation)
---  --------
mse  0.287937
---  --------
[LOSS-DIAG step=5100] mse=0.089241 energy_raw=343329.625000 energy_wtd=0.000000 rec=0.024422 total=0.113663
[TAM-CTL-DIAG step=5100] mse_pos=1.953381 mse_neg=1.469973 mse_rec=0.983956 neg_vs_rec=0.486017 rec_gain=0.3306 rec_dist=2.3404 pgd_radius=2.0000 anchor_dist=13.1628 dist_rec_pos=13.4875 eps_gap_rel=1.0143 cos_rec=0.5197 rank_raw=0.087610
[LOSS-DIAG step=5200] mse=0.082921 energy_raw=320231.875000 energy_wtd=0.000000 rec=0.024363 total=0.107284
[TAM-CTL-DIAG step=5200] mse_pos=1.878458 mse_neg=1.263171 mse_rec=0.948922 neg_vs_rec=0.314250 rec_gain=0.2488 rec_dist=2.1565 pgd_radius=2.0000 anchor_dist=12.5473 dist_rec_pos=13.3777 eps_gap_rel=1.0023 cos_rec=0.3433 rank_raw=0.092609
[LOSS-DIAG step=5300] mse=0.090922 energy_raw=314750.593750 energy_wtd=0.000000 rec=0.025262 total=0.116184
[TAM-CTL-DIAG step=5300] mse_pos=1.853709 mse_neg=1.286778 mse_rec=0.952263 neg_vs_rec=0.334516 rec_gain=0.2600 rec_dist=2.0886 pgd_radius=2.0000 anchor_dist=12.7282 dist_rec_pos=13.3964 eps_gap_rel=1.0073 cos_rec=0.4455 rank_raw=0.095070
[LOSS-DIAG step=5400] mse=0.085006 energy_raw=325845.468750 energy_wtd=0.000000 rec=0.024729 total=0.109735
[TAM-CTL-DIAG step=5400] mse_pos=1.886687 mse_neg=1.298880 mse_rec=0.956224 neg_vs_rec=0.342655 rec_gain=0.2638 rec_dist=2.2809 pgd_radius=2.0000 anchor_dist=12.7269 dist_rec_pos=13.4900 eps_gap_rel=1.0085 cos_rec=0.3465 rank_raw=0.091099
[LOSS-DIAG step=5500] mse=0.086631 energy_raw=321846.125000 energy_wtd=0.000000 rec=0.025020 total=0.111651
[TAM-CTL-DIAG step=5500] mse_pos=1.889948 mse_neg=1.282806 mse_rec=0.956437 neg_vs_rec=0.326369 rec_gain=0.2544 rec_dist=2.2547 pgd_radius=2.0000 anchor_dist=12.5679 dist_rec_pos=13.3930 eps_gap_rel=1.0081 cos_rec=0.3219 rank_raw=0.092103
[LOSS-DIAG step=5600] mse=0.084257 energy_raw=316294.750000 energy_wtd=0.000000 rec=0.024604 total=0.108861
[TAM-CTL-DIAG step=5600] mse_pos=1.869103 mse_neg=1.204097 mse_rec=0.951188 neg_vs_rec=0.252910 rec_gain=0.2100 rec_dist=2.1172 pgd_radius=2.0000 anchor_dist=12.3173 dist_rec_pos=13.3922 eps_gap_rel=1.0059 cos_rec=0.2534 rank_raw=0.093345
[LOSS-DIAG step=5700] mse=0.086142 energy_raw=315375.406250 energy_wtd=0.000000 rec=0.025030 total=0.111171
[TAM-CTL-DIAG step=5700] mse_pos=1.871585 mse_neg=1.221569 mse_rec=0.954324 neg_vs_rec=0.267244 rec_gain=0.2188 rec_dist=2.1038 pgd_radius=2.0000 anchor_dist=12.2936 dist_rec_pos=13.3172 eps_gap_rel=1.0095 cos_rec=0.2682 rank_raw=0.093612
[LOSS-DIAG step=5800] mse=0.077147 energy_raw=354718.937500 energy_wtd=0.000000 rec=0.023612 total=0.100759
[TAM-CTL-DIAG step=5800] mse_pos=1.968932 mse_neg=1.491376 mse_rec=0.989879 neg_vs_rec=0.501498 rec_gain=0.3363 rec_dist=2.3470 pgd_radius=2.0000 anchor_dist=13.5596 dist_rec_pos=13.8472 eps_gap_rel=1.0147 cos_rec=0.5267 rank_raw=0.087024
[LOSS-DIAG step=5900] mse=0.079064 energy_raw=346568.062500 energy_wtd=0.000000 rec=0.023911 total=0.102974
[TAM-CTL-DIAG step=5900] mse_pos=1.962270 mse_neg=1.466446 mse_rec=0.987864 neg_vs_rec=0.478582 rec_gain=0.3264 rec_dist=2.3310 pgd_radius=2.0000 anchor_dist=13.2841 dist_rec_pos=13.6475 eps_gap_rel=1.0156 cos_rec=0.5001 rank_raw=0.087969
[LOSS-DIAG step=6000] mse=0.085574 energy_raw=350957.718750 energy_wtd=0.000000 rec=0.022835 total=0.108409
[TAM-CTL-DIAG step=6000] mse_pos=1.992063 mse_neg=1.682497 mse_rec=1.042894 neg_vs_rec=0.639603 rec_gain=0.3802 rec_dist=2.0071 pgd_radius=2.0000 anchor_dist=14.0770 dist_rec_pos=14.0721 eps_gap_rel=1.0492 cos_rec=0.9697 rank_raw=0.073578
Running Evaluation...
Validation Result @ Iteration 6000; Milestone = 6 (Train)
---------  ---------
mse_error  0.0994117
---------  ---------
Validation Result @ Iteration 6000; Milestone = 6 (ID: Validation)
---  ---------
mse  0.0969953
---  ---------
[LOSS-DIAG step=6100] mse=0.075473 energy_raw=344878.843750 energy_wtd=0.000000 rec=0.023857 total=0.099330
[TAM-CTL-DIAG step=6100] mse_pos=1.952061 mse_neg=1.445313 mse_rec=0.986865 neg_vs_rec=0.458448 rec_gain=0.3172 rec_dist=2.2739 pgd_radius=2.0000 anchor_dist=13.1737 dist_rec_pos=13.6525 eps_gap_rel=1.0181 cos_rec=0.4682 rank_raw=0.087955
[LOSS-DIAG step=6200] mse=0.074064 energy_raw=325521.843750 energy_wtd=0.000000 rec=0.023972 total=0.098036
[TAM-CTL-DIAG step=6200] mse_pos=1.889922 mse_neg=1.262816 mse_rec=0.957968 neg_vs_rec=0.304848 rec_gain=0.2414 rec_dist=2.2830 pgd_radius=2.0000 anchor_dist=12.6388 dist_rec_pos=13.5756 eps_gap_rel=1.0094 cos_rec=0.2688 rank_raw=0.090839
[LOSS-DIAG step=6300] mse=0.074467 energy_raw=317593.781250 energy_wtd=0.000000 rec=0.022946 total=0.097413
[TAM-CTL-DIAG step=6300] mse_pos=1.894271 mse_neg=1.648518 mse_rec=1.039664 neg_vs_rec=0.608855 rec_gain=0.3693 rec_dist=1.9960 pgd_radius=2.0000 anchor_dist=13.9889 dist_rec_pos=13.9910 eps_gap_rel=1.0480 cos_rec=0.9645 rank_raw=0.076486
[LOSS-DIAG step=6400] mse=0.070197 energy_raw=351682.000000 energy_wtd=0.000000 rec=0.023314 total=0.093511
[TAM-CTL-DIAG step=6400] mse_pos=1.968348 mse_neg=1.486119 mse_rec=0.993196 neg_vs_rec=0.492923 rec_gain=0.3317 rec_dist=2.3419 pgd_radius=2.0000 anchor_dist=13.4893 dist_rec_pos=13.8789 eps_gap_rel=1.0155 cos_rec=0.4631 rank_raw=0.086037
[LOSS-DIAG step=6500] mse=0.070780 energy_raw=332044.281250 energy_wtd=0.000000 rec=0.023711 total=0.094491
[TAM-CTL-DIAG step=6500] mse_pos=1.914630 mse_neg=1.327557 mse_rec=0.975885 neg_vs_rec=0.351672 rec_gain=0.2649 rec_dist=2.2082 pgd_radius=2.0000 anchor_dist=12.7650 dist_rec_pos=13.6127 eps_gap_rel=1.0144 cos_rec=0.3214 rank_raw=0.088999
[LOSS-DIAG step=6600] mse=0.071775 energy_raw=328932.812500 energy_wtd=0.000000 rec=0.023907 total=0.095681
[TAM-CTL-DIAG step=6600] mse_pos=1.902117 mse_neg=1.337622 mse_rec=0.959896 neg_vs_rec=0.377727 rec_gain=0.2824 rec_dist=2.2785 pgd_radius=2.0000 anchor_dist=12.8565 dist_rec_pos=13.5620 eps_gap_rel=1.0113 cos_rec=0.3633 rank_raw=0.090016
[LOSS-DIAG step=6700] mse=0.069896 energy_raw=330348.718750 energy_wtd=0.000000 rec=0.023626 total=0.093522
[TAM-CTL-DIAG step=6700] mse_pos=1.904254 mse_neg=1.299337 mse_rec=0.961734 neg_vs_rec=0.337603 rec_gain=0.2598 rec_dist=2.2812 pgd_radius=2.0000 anchor_dist=12.8383 dist_rec_pos=13.6828 eps_gap_rel=1.0096 cos_rec=0.3069 rank_raw=0.089732
[LOSS-DIAG step=6800] mse=0.072672 energy_raw=325380.250000 energy_wtd=0.000000 rec=0.024024 total=0.096695
[TAM-CTL-DIAG step=6800] mse_pos=1.893713 mse_neg=1.258100 mse_rec=0.959155 neg_vs_rec=0.298946 rec_gain=0.2376 rec_dist=2.2564 pgd_radius=2.0000 anchor_dist=12.6224 dist_rec_pos=13.6104 eps_gap_rel=1.0124 cos_rec=0.2651 rank_raw=0.090704
[LOSS-DIAG step=6900] mse=0.070700 energy_raw=324865.843750 energy_wtd=0.000000 rec=0.023703 total=0.094403
[TAM-CTL-DIAG step=6900] mse_pos=1.900058 mse_neg=1.304669 mse_rec=0.964321 neg_vs_rec=0.340348 rec_gain=0.2609 rec_dist=2.2570 pgd_radius=2.0000 anchor_dist=12.5850 dist_rec_pos=13.4715 eps_gap_rel=1.0124 cos_rec=0.3032 rank_raw=0.089376
[LOSS-DIAG step=7000] mse=0.068244 energy_raw=342641.843750 energy_wtd=0.000000 rec=0.023431 total=0.091675
[TAM-CTL-DIAG step=7000] mse_pos=1.945442 mse_neg=1.403989 mse_rec=0.978576 neg_vs_rec=0.425413 rec_gain=0.3030 rec_dist=2.2616 pgd_radius=2.0000 anchor_dist=12.9868 dist_rec_pos=13.6569 eps_gap_rel=1.0158 cos_rec=0.3826 rank_raw=0.086716
Running Evaluation...
Validation Result @ Iteration 7000; Milestone = 7 (Train)
---------  ---------
mse_error  0.0355245
---------  ---------
Validation Result @ Iteration 7000; Milestone = 7 (ID: Validation)
---  ---------
mse  0.0348361
---  ---------
[LOSS-DIAG step=7100] mse=0.071375 energy_raw=333096.250000 energy_wtd=0.000000 rec=0.024032 total=0.095407
[TAM-CTL-DIAG step=7100] mse_pos=1.913120 mse_neg=1.366326 mse_rec=0.965017 neg_vs_rec=0.401309 rec_gain=0.2937 rec_dist=2.3559 pgd_radius=2.0000 anchor_dist=12.9564 dist_rec_pos=13.6279 eps_gap_rel=1.0154 cos_rec=0.3524 rank_raw=0.088574
[LOSS-DIAG step=7200] mse=0.069582 energy_raw=336188.656250 energy_wtd=0.000000 rec=0.022876 total=0.092458
[TAM-CTL-DIAG step=7200] mse_pos=1.928315 mse_neg=1.663698 mse_rec=0.925062 neg_vs_rec=0.738636 rec_gain=0.4440 rec_dist=2.8831 pgd_radius=2.0000 anchor_dist=14.0556 dist_rec_pos=13.5005 eps_gap_rel=1.0081 cos_rec=0.8763 rank_raw=0.084081
[LOSS-DIAG step=7300] mse=0.069973 energy_raw=354627.218750 energy_wtd=0.000000 rec=0.022986 total=0.092959
[TAM-CTL-DIAG step=7300] mse_pos=1.997335 mse_neg=1.541897 mse_rec=0.973745 neg_vs_rec=0.568152 rec_gain=0.3685 rec_dist=2.4255 pgd_radius=2.0000 anchor_dist=13.4268 dist_rec_pos=13.6435 eps_gap_rel=1.0137 cos_rec=0.5098 rank_raw=0.083512
[LOSS-DIAG step=7400] mse=0.067770 energy_raw=345091.500000 energy_wtd=0.000000 rec=0.023492 total=0.091262
[TAM-CTL-DIAG step=7400] mse_pos=1.939969 mse_neg=1.552616 mse_rec=0.964744 neg_vs_rec=0.587872 rec_gain=0.3786 rec_dist=2.4084 pgd_radius=2.0000 anchor_dist=13.7138 dist_rec_pos=13.7402 eps_gap_rel=1.0135 cos_rec=0.6225 rank_raw=0.086293
[LOSS-DIAG step=7500] mse=0.067502 energy_raw=338913.875000 energy_wtd=0.000000 rec=0.022884 total=0.090386
[TAM-CTL-DIAG step=7500] mse_pos=1.932521 mse_neg=1.657288 mse_rec=0.930925 neg_vs_rec=0.726363 rec_gain=0.4383 rec_dist=2.8691 pgd_radius=2.0000 anchor_dist=14.1281 dist_rec_pos=13.6057 eps_gap_rel=1.0085 cos_rec=0.8713 rank_raw=0.084674
[LOSS-DIAG step=7600] mse=0.069263 energy_raw=348988.250000 energy_wtd=0.000000 rec=0.023338 total=0.092601
[TAM-CTL-DIAG step=7600] mse_pos=1.975224 mse_neg=1.477356 mse_rec=0.972152 neg_vs_rec=0.505203 rec_gain=0.3420 rec_dist=2.3628 pgd_radius=2.0000 anchor_dist=13.1649 dist_rec_pos=13.5799 eps_gap_rel=1.0153 cos_rec=0.4512 rank_raw=0.085053
[LOSS-DIAG step=7700] mse=0.065379 energy_raw=339040.562500 energy_wtd=0.000000 rec=0.023325 total=0.088704
[TAM-CTL-DIAG step=7700] mse_pos=1.933674 mse_neg=1.370649 mse_rec=0.973336 neg_vs_rec=0.397313 rec_gain=0.2899 rec_dist=2.2338 pgd_radius=2.0000 anchor_dist=12.8945 dist_rec_pos=13.6300 eps_gap_rel=1.0140 cos_rec=0.3628 rank_raw=0.088063
[LOSS-DIAG step=7800] mse=0.074542 energy_raw=357269.093750 energy_wtd=0.000000 rec=0.023553 total=0.098095
[TAM-CTL-DIAG step=7800] mse_pos=1.995553 mse_neg=1.566198 mse_rec=0.982705 neg_vs_rec=0.583493 rec_gain=0.3726 rec_dist=2.3702 pgd_radius=2.0000 anchor_dist=13.4446 dist_rec_pos=13.5991 eps_gap_rel=1.0201 cos_rec=0.5536 rank_raw=0.083917
[LOSS-DIAG step=7900] mse=0.069619 energy_raw=320682.625000 energy_wtd=0.000000 rec=0.024019 total=0.093638
[TAM-CTL-DIAG step=7900] mse_pos=1.875701 mse_neg=1.204414 mse_rec=0.944739 neg_vs_rec=0.259675 rec_gain=0.2156 rec_dist=2.1547 pgd_radius=2.0000 anchor_dist=12.5334 dist_rec_pos=13.6021 eps_gap_rel=1.0085 cos_rec=0.2289 rank_raw=0.093346
[LOSS-DIAG step=8000] mse=0.066262 energy_raw=343186.250000 energy_wtd=0.000000 rec=0.023416 total=0.089679
[TAM-CTL-DIAG step=8000] mse_pos=1.953567 mse_neg=1.423884 mse_rec=0.963014 neg_vs_rec=0.460870 rec_gain=0.3237 rec_dist=2.3560 pgd_radius=2.0000 anchor_dist=13.0125 dist_rec_pos=13.5527 eps_gap_rel=1.0132 cos_rec=0.4052 rank_raw=0.086650
Running Evaluation...
Validation Result @ Iteration 8000; Milestone = 8 (Train)
---------  ---------
mse_error  0.0164974
---------  ---------
Validation Result @ Iteration 8000; Milestone = 8 (ID: Validation)
---  ---------
mse  0.0163287
---  ---------
[LOSS-DIAG step=8100] mse=0.066284 energy_raw=350741.531250 energy_wtd=0.000000 rec=0.023254 total=0.089538
[TAM-CTL-DIAG step=8100] mse_pos=1.968841 mse_neg=1.487931 mse_rec=0.971018 neg_vs_rec=0.516913 rec_gain=0.3474 rec_dist=2.3275 pgd_radius=2.0000 anchor_dist=13.2077 dist_rec_pos=13.6163 eps_gap_rel=1.0159 cos_rec=0.4576 rank_raw=0.084681
[LOSS-DIAG step=8200] mse=0.066549 energy_raw=333609.625000 energy_wtd=0.000000 rec=0.022201 total=0.088750
[TAM-CTL-DIAG step=8200] mse_pos=1.941244 mse_neg=1.740934 mse_rec=1.043769 neg_vs_rec=0.697166 rec_gain=0.4005 rec_dist=2.0154 pgd_radius=2.0000 anchor_dist=13.8594 dist_rec_pos=13.8430 eps_gap_rel=1.0497 cos_rec=0.9726 rank_raw=0.071367
[LOSS-DIAG step=8300] mse=0.067971 energy_raw=347179.250000 energy_wtd=0.000000 rec=0.023357 total=0.091328
[TAM-CTL-DIAG step=8300] mse_pos=1.986399 mse_neg=1.564366 mse_rec=0.971714 neg_vs_rec=0.592652 rec_gain=0.3788 rec_dist=2.3150 pgd_radius=2.0000 anchor_dist=13.1415 dist_rec_pos=13.3543 eps_gap_rel=1.0163 cos_rec=0.5449 rank_raw=0.083927
[LOSS-DIAG step=8400] mse=0.063894 energy_raw=334495.437500 energy_wtd=0.000000 rec=0.023543 total=0.087438
[TAM-CTL-DIAG step=8400] mse_pos=1.919129 mse_neg=1.357852 mse_rec=0.970169 neg_vs_rec=0.387684 rec_gain=0.2855 rec_dist=2.2817 pgd_radius=2.0000 anchor_dist=12.8657 dist_rec_pos=13.6760 eps_gap_rel=1.0163 cos_rec=0.3246 rank_raw=0.087439
[LOSS-DIAG step=8500] mse=0.063795 energy_raw=333408.125000 energy_wtd=0.000000 rec=0.023478 total=0.087273
[TAM-CTL-DIAG step=8500] mse_pos=1.908691 mse_neg=1.288042 mse_rec=0.973778 neg_vs_rec=0.314263 rec_gain=0.2440 rec_dist=2.1962 pgd_radius=2.0000 anchor_dist=12.7568 dist_rec_pos=13.7902 eps_gap_rel=1.0166 cos_rec=0.2503 rank_raw=0.088204
[LOSS-DIAG step=8600] mse=0.062900 energy_raw=333552.437500 energy_wtd=0.000000 rec=0.023225 total=0.086126
[TAM-CTL-DIAG step=8600] mse_pos=1.915488 mse_neg=1.320380 mse_rec=0.974553 neg_vs_rec=0.345827 rec_gain=0.2619 rec_dist=2.1936 pgd_radius=2.0000 anchor_dist=12.7013 dist_rec_pos=13.6934 eps_gap_rel=1.0176 cos_rec=0.2777 rank_raw=0.086784
[LOSS-DIAG step=8700] mse=0.061093 energy_raw=335501.812500 energy_wtd=0.000000 rec=0.023062 total=0.084155
[TAM-CTL-DIAG step=8700] mse_pos=1.925864 mse_neg=1.344814 mse_rec=0.981529 neg_vs_rec=0.363285 rec_gain=0.2701 rec_dist=2.1496 pgd_radius=2.0000 anchor_dist=12.7228 dist_rec_pos=13.6874 eps_gap_rel=1.0185 cos_rec=0.2941 rank_raw=0.086216
[LOSS-DIAG step=8800] mse=0.063066 energy_raw=335640.781250 energy_wtd=0.000000 rec=0.023504 total=0.086569
[TAM-CTL-DIAG step=8800] mse_pos=1.920766 mse_neg=1.385902 mse_rec=0.970638 neg_vs_rec=0.415264 rec_gain=0.2996 rec_dist=2.2835 pgd_radius=2.0000 anchor_dist=12.8494 dist_rec_pos=13.6138 eps_gap_rel=1.0181 cos_rec=0.3263 rank_raw=0.085831
[LOSS-DIAG step=8900] mse=0.063431 energy_raw=327736.406250 energy_wtd=0.000000 rec=0.022947 total=0.086378
[TAM-CTL-DIAG step=8900] mse_pos=1.914013 mse_neg=1.655099 mse_rec=0.940737 neg_vs_rec=0.714363 rec_gain=0.4316 rec_dist=2.6467 pgd_radius=2.0000 anchor_dist=13.7908 dist_rec_pos=13.4295 eps_gap_rel=1.0121 cos_rec=0.8480 rank_raw=0.084494
[LOSS-DIAG step=9000] mse=0.063938 energy_raw=345375.937500 energy_wtd=0.000000 rec=0.023364 total=0.087302
[TAM-CTL-DIAG step=9000] mse_pos=1.952046 mse_neg=1.460661 mse_rec=0.972266 neg_vs_rec=0.488395 rec_gain=0.3344 rec_dist=2.3061 pgd_radius=2.0000 anchor_dist=13.0042 dist_rec_pos=13.5712 eps_gap_rel=1.0174 cos_rec=0.3907 rank_raw=0.084280
Running Evaluation...
Validation Result @ Iteration 9000; Milestone = 9 (Train)
---------  ---------
mse_error  0.0114652
---------  ---------
Validation Result @ Iteration 9000; Milestone = 9 (ID: Validation)
---  ---------
mse  0.0114391
---  ---------
[LOSS-DIAG step=9100] mse=0.060906 energy_raw=334677.000000 energy_wtd=0.000000 rec=0.023188 total=0.084094
[TAM-CTL-DIAG step=9100] mse_pos=1.916774 mse_neg=1.324814 mse_rec=0.972830 neg_vs_rec=0.351985 rec_gain=0.2657 rec_dist=2.2237 pgd_radius=2.0000 anchor_dist=12.7813 dist_rec_pos=13.7400 eps_gap_rel=1.0154 cos_rec=0.2799 rank_raw=0.087017
[LOSS-DIAG step=9200] mse=0.066139 energy_raw=348775.687500 energy_wtd=0.000000 rec=0.023519 total=0.089657
[TAM-CTL-DIAG step=9200] mse_pos=1.974312 mse_neg=1.517472 mse_rec=0.964475 neg_vs_rec=0.552997 rec_gain=0.3644 rec_dist=2.4089 pgd_radius=2.0000 anchor_dist=13.1149 dist_rec_pos=13.4628 eps_gap_rel=1.0155 cos_rec=0.4411 rank_raw=0.083511
[LOSS-DIAG step=9300] mse=0.061286 energy_raw=341846.312500 energy_wtd=0.000000 rec=0.023308 total=0.084594
[TAM-CTL-DIAG step=9300] mse_pos=1.940141 mse_neg=1.391768 mse_rec=0.975707 neg_vs_rec=0.416061 rec_gain=0.2989 rec_dist=2.2747 pgd_radius=2.0000 anchor_dist=12.9441 dist_rec_pos=13.7349 eps_gap_rel=1.0175 cos_rec=0.3156 rank_raw=0.085178
[LOSS-DIAG step=9400] mse=0.060240 energy_raw=331173.437500 energy_wtd=0.000000 rec=0.023004 total=0.083245
[TAM-CTL-DIAG step=9400] mse_pos=1.908943 mse_neg=1.285614 mse_rec=0.962066 neg_vs_rec=0.323548 rec_gain=0.2517 rec_dist=2.2286 pgd_radius=2.0000 anchor_dist=12.6554 dist_rec_pos=13.6717 eps_gap_rel=1.0143 cos_rec=0.2501 rank_raw=0.087402
[LOSS-DIAG step=9500] mse=0.063482 energy_raw=330435.718750 energy_wtd=0.000000 rec=0.023897 total=0.087379
[TAM-CTL-DIAG step=9500] mse_pos=1.909854 mse_neg=1.434903 mse_rec=0.963197 neg_vs_rec=0.471706 rec_gain=0.3287 rec_dist=2.1157 pgd_radius=2.0000 anchor_dist=13.0059 dist_rec_pos=13.4982 eps_gap_rel=1.0172 cos_rec=0.5026 rank_raw=0.088984
[LOSS-DIAG step=9600] mse=0.061955 energy_raw=349661.093750 energy_wtd=0.000000 rec=0.023055 total=0.085010
[TAM-CTL-DIAG step=9600] mse_pos=1.972021 mse_neg=1.544128 mse_rec=0.950664 neg_vs_rec=0.593464 rec_gain=0.3843 rec_dist=2.4249 pgd_radius=2.0000 anchor_dist=13.2574 dist_rec_pos=13.4818 eps_gap_rel=1.0110 cos_rec=0.4972 rank_raw=0.083188
[LOSS-DIAG step=9700] mse=0.064623 energy_raw=357935.625000 energy_wtd=0.000000 rec=0.022787 total=0.087411
[TAM-CTL-DIAG step=9700] mse_pos=2.001717 mse_neg=1.567918 mse_rec=0.959975 neg_vs_rec=0.607944 rec_gain=0.3877 rec_dist=2.4778 pgd_radius=2.0000 anchor_dist=13.3467 dist_rec_pos=13.5567 eps_gap_rel=1.0108 cos_rec=0.4862 rank_raw=0.081534
[LOSS-DIAG step=9800] mse=0.058267 energy_raw=342884.875000 energy_wtd=0.000000 rec=0.023274 total=0.081541
[TAM-CTL-DIAG step=9800] mse_pos=1.935503 mse_neg=1.486439 mse_rec=0.954208 neg_vs_rec=0.532232 rec_gain=0.3581 rec_dist=2.2572 pgd_radius=2.0000 anchor_dist=13.4454 dist_rec_pos=13.7501 eps_gap_rel=1.0105 cos_rec=0.5264 rank_raw=0.086800
[LOSS-DIAG step=9900] mse=0.061095 energy_raw=333384.000000 energy_wtd=0.000000 rec=0.023082 total=0.084177
[TAM-CTL-DIAG step=9900] mse_pos=1.915414 mse_neg=1.311927 mse_rec=0.964835 neg_vs_rec=0.347092 rec_gain=0.2646 rec_dist=2.2395 pgd_radius=2.0000 anchor_dist=12.7106 dist_rec_pos=13.6857 eps_gap_rel=1.0160 cos_rec=0.2676 rank_raw=0.087063
[LOSS-DIAG step=10000] mse=0.063761 energy_raw=343978.687500 energy_wtd=0.000000 rec=0.023254 total=0.087015
[TAM-CTL-DIAG step=10000] mse_pos=1.962662 mse_neg=1.484444 mse_rec=0.965630 neg_vs_rec=0.518814 rec_gain=0.3495 rec_dist=2.3487 pgd_radius=2.0000 anchor_dist=12.9019 dist_rec_pos=13.4067 eps_gap_rel=1.0169 cos_rec=0.4130 rank_raw=0.083090
Running Evaluation...
Validation Result @ Iteration 10000; Milestone = 10 (Train)
---------  ---------
mse_error  0.0102829
---------  ---------
Validation Result @ Iteration 10000; Milestone = 10 (ID: Validation)
---  ---------
mse  0.0103118
---  ---------
training complete
Training completed!
Saving final model checkpoint to: projects/ired/results/ds_inverse/q236_harder_negatives/final_model.pt
Final model checkpoint saved successfully (0 EBM parameters)
Results saved to: projects/ired/results/ds_inverse/q236_harder_negatives/results.json
Experiment completed at Thu Feb 26 15:54:51 EST 2026
sending incremental file list
./
summary.md
ds_inverse/
ds_inverse/q224_test_local/
ds_inverse/q224_test_local/experiment_config.json
ds_inverse/q236_harder_negatives/
ds_inverse/q236_harder_negatives/experiment_config.json
ds_inverse/q236_harder_negatives/final_model.pt
ds_inverse/q236_harder_negatives/model-1.pt
ds_inverse/q236_harder_negatives/model-10.pt
ds_inverse/q236_harder_negatives/model-2.pt
ds_inverse/q236_harder_negatives/model-3.pt
ds_inverse/q236_harder_negatives/model-4.pt
ds_inverse/q236_harder_negatives/model-5.pt
ds_inverse/q236_harder_negatives/model-6.pt
ds_inverse/q236_harder_negatives/model-7.pt
ds_inverse/q236_harder_negatives/model-8.pt
ds_inverse/q236_harder_negatives/model-9.pt
ds_inverse/q236_harder_negatives/results.json
test_run/
test_run/experiment_config.json

sent 214,192,216 bytes  received 351 bytes  61,197,876.29 bytes/sec
total size is 214,138,603  speedup is 1.00
Results copied
