Job started at Thu Feb 19 10:29:24 EST 2026
Running on host: holygpu8a22102.rc.fas.harvard.edu
Job ID: 61179639
Git URL: https://github.com/mdkrasnow/research-repo.git
Git SHA: 3da2ec9a656963f2f930e55b43eb9692e32cac62
Work directory: /tmp/ired-job-61179639
GPU info:
Thu Feb 19 10:29:24 2026       
+-----------------------------------------------------------------------------------------+
| NVIDIA-SMI 575.57.08              Driver Version: 575.57.08      CUDA Version: 12.9     |
|-----------------------------------------+------------------------+----------------------+
| GPU  Name                 Persistence-M | Bus-Id          Disp.A | Volatile Uncorr. ECC |
| Fan  Temp   Perf          Pwr:Usage/Cap |           Memory-Usage | GPU-Util  Compute M. |
|                                         |                        |               MIG M. |
|=========================================+========================+======================|
|   0  NVIDIA A100-SXM4-80GB          On  |   00000000:CA:00.0 Off |                    0 |
| N/A   27C    P0             62W /  500W |       0MiB /  81920MiB |      0%      Default |
|                                         |                        |             Disabled |
+-----------------------------------------+------------------------+----------------------+
                                                                                         
+-----------------------------------------------------------------------------------------+
| Processes:                                                                              |
|  GPU   GI   CI              PID   Type   Process name                        GPU Memory |
|        ID   ID                                                               Usage      |
|=========================================================================================|
|  No running processes found                                                             |
+-----------------------------------------------------------------------------------------+
Cloning repository...
Repository cloned and checked out to: 3da2ec9
Repository info:
3da2ec9 Add hinge contrastive loss to fix energy scale degeneracy (q212-q213)
Starting q212: scalar energy + hinge contrastive loss...
Loading configuration from: projects/ired/configs/q212_scalar_hinge.json
Configuration saved to: results/ds_inverse/q212_scalar_hinge/experiment_config.json
Setting random seed: 0
Starting experiment with mining strategy: cd_langevin_replay
Configuration: {
  "experiment_name": "q212_scalar_hinge",
  "description": "Scalar energy + hinge contrastive loss: relu(m + E_pos - E_neg). Prevents energy scale degeneracy by stopping gradient once margin m is achieved.",
  "investigation": "ired-cd",
  "ablation_stage": "scalar_hinge",
  "mining_strategy": "cd_langevin_replay",
  "rank": 20,
  "ood": false,
  "diffusion_steps": 10,
  "batch_size": 2048,
  "train_steps": 20000,
  "learning_rate": 0.0001,
  "mining_opt_steps": 10,
  "energy_reg_weight": 0.0,
  "mining_noise_scale": 1.5,
  "use_langevin": true,
  "use_replay_buffer": true,
  "replay_buffer_size": 10000,
  "replay_buffer_buckets": 16,
  "use_cd_loss": false,
  "use_ired_contrastive_loss": true,
  "contrastive_type": "hinge",
  "contrastive_margin": 1.0,
  "use_scalar_energy": true,
  "use_residual_filter": false,
  "use_energy_schedule": false,
  "use_timestep_range": false,
  "energy_loss_weight": 0.05,
  "adam_betas": [
    0.0,
    0.999
  ],
  "output_dir": "results/ds_inverse/q212_scalar_hinge",
  "notes": "Key fix: hinge loss relu(m + E_pos - E_neg) with m=1.0 replaces softplus. Stops rewarding margin inflation beyond m, preventing the energy scale degeneracy that caused frac_sat=0.997 and gradE suppression in q208-q211. Once margin > m, contrastive gradient is exactly zero \u2014 no residual interference with denoising.",
  "seed": 0
}
Dataset: Inverse matrices (20x20)
Input dimension: 400, Output dimension: 400
Trainer initialized. Output directory: results/ds_inverse/q212_scalar_hinge
Training for 20000 steps...
[IRED-CL-DIAG step=100] E_pos=10.8074 E_neg=12.6361 margin=1.8287 E_wtd=0.002720 MSE=0.998584 gradE=0.4174 pred=0.0002 hinge=0.054404 frac_active=0.132 neg_dist=31.4981 lang_grad0=0.0002 lang_gradK=0.0002 lang_disp=34.4063 step=0.4505 sigma=0.9164
[IRED-CL-DIAG step=200] E_pos=13.1661 E_neg=16.5246 margin=3.3584 E_wtd=0.000528 MSE=1.001351 gradE=0.6851 pred=0.0003 hinge=0.010561 frac_active=0.025 neg_dist=31.4576 lang_grad0=0.0004 lang_gradK=0.0004 lang_disp=34.2643 step=0.4432 sigma=0.9088
[IRED-CL-DIAG step=300] E_pos=11.5605 E_neg=15.9553 margin=4.3947 E_wtd=0.000444 MSE=1.000034 gradE=0.8441 pred=0.0004 hinge=0.008884 frac_active=0.014 neg_dist=31.4568 lang_grad0=0.0005 lang_gradK=0.0005 lang_disp=34.3354 step=0.4434 sigma=0.9095
[IRED-CL-DIAG step=400] E_pos=11.6567 E_neg=16.9637 margin=5.3070 E_wtd=0.000411 MSE=1.000116 gradE=0.9728 pred=0.0005 hinge=0.008222 frac_active=0.010 neg_dist=31.3496 lang_grad0=0.0005 lang_gradK=0.0005 lang_disp=34.1475 step=0.4360 sigma=0.9012
[IRED-CL-DIAG step=500] E_pos=10.7910 E_neg=16.7131 margin=5.9221 E_wtd=0.000178 MSE=0.999031 gradE=1.0775 pred=0.0005 hinge=0.003551 frac_active=0.007 neg_dist=31.4979 lang_grad0=0.0006 lang_gradK=0.0006 lang_disp=34.3028 step=0.4422 sigma=0.9091
[IRED-CL-DIAG step=600] E_pos=9.8407 E_neg=16.3618 margin=6.5211 E_wtd=0.000156 MSE=1.000971 gradE=1.1492 pred=0.0006 hinge=0.003129 frac_active=0.003 neg_dist=31.4240 lang_grad0=0.0007 lang_gradK=0.0007 lang_disp=34.2691 step=0.4415 sigma=0.9071
[IRED-CL-DIAG step=700] E_pos=10.7363 E_neg=17.8625 margin=7.1262 E_wtd=0.000171 MSE=0.999393 gradE=1.2504 pred=0.0006 hinge=0.003428 frac_active=0.004 neg_dist=31.5712 lang_grad0=0.0007 lang_gradK=0.0007 lang_disp=34.3983 step=0.4471 sigma=0.9143
[IRED-CL-DIAG step=800] E_pos=9.2492 E_neg=16.8122 margin=7.5630 E_wtd=0.000132 MSE=1.001473 gradE=1.2915 pred=0.0006 hinge=0.002647 frac_active=0.004 neg_dist=31.3226 lang_grad0=0.0008 lang_gradK=0.0008 lang_disp=34.1632 step=0.4391 sigma=0.9034
[IRED-CL-DIAG step=900] E_pos=9.8406 E_neg=17.8695 margin=8.0288 E_wtd=0.000193 MSE=1.000574 gradE=1.3698 pred=0.0007 hinge=0.003855 frac_active=0.004 neg_dist=31.4777 lang_grad0=0.0008 lang_gradK=0.0008 lang_disp=34.3361 step=0.4458 sigma=0.9112
[IRED-CL-DIAG step=1000] E_pos=8.9124 E_neg=17.3622 margin=8.4498 E_wtd=0.000070 MSE=1.000658 gradE=1.4170 pred=0.0007 hinge=0.001398 frac_active=0.004 neg_dist=31.3996 lang_grad0=0.0008 lang_gradK=0.0008 lang_disp=34.2602 step=0.4428 sigma=0.9077
Running Evaluation...
Validation Result @ Iteration 1000; Milestone = 1 (Train)
---------  -------
mse_error  3.82827
---------  -------
Validation Result @ Iteration 1000; Milestone = 1 (ID: Validation)
---  -------
mse  3.44532
---  -------
[IRED-CL-DIAG step=1100] E_pos=10.4957 E_neg=19.5154 margin=9.0197 E_wtd=0.000040 MSE=0.998304 gradE=1.5257 pred=0.0007 hinge=0.000807 frac_active=0.002 neg_dist=31.5662 lang_grad0=0.0009 lang_gradK=0.0009 lang_disp=34.4774 step=0.4508 sigma=0.9174
[IRED-CL-DIAG step=1200] E_pos=17.3593 E_neg=28.6680 margin=11.3087 E_wtd=0.000170 MSE=0.999518 gradE=1.9027 pred=0.0009 hinge=0.003398 frac_active=0.003 neg_dist=31.4670 lang_grad0=0.0011 lang_gradK=0.0011 lang_disp=34.4121 step=0.4463 sigma=0.9126
[IRED-CL-DIAG step=1300] E_pos=42.6935 E_neg=68.9699 margin=26.2764 E_wtd=0.000031 MSE=1.001672 gradE=4.4022 pred=0.0021 hinge=0.000615 frac_active=0.000 neg_dist=31.3894 lang_grad0=0.0025 lang_gradK=0.0025 lang_disp=34.2092 step=0.4397 sigma=0.9052
[IRED-CL-DIAG step=1400] E_pos=127.6790 E_neg=222.6882 margin=95.0092 E_wtd=0.000378 MSE=1.002182 gradE=16.0307 pred=0.0078 hinge=0.007565 frac_active=0.001 neg_dist=31.5716 lang_grad0=0.0090 lang_gradK=0.0090 lang_disp=34.4154 step=0.4496 sigma=0.9157
[IRED-CL-DIAG step=1500] E_pos=740.4700 E_neg=1381.5874 margin=641.1174 E_wtd=0.000000 MSE=0.997766 gradE=108.8072 pred=0.0531 hinge=0.000000 frac_active=0.000 neg_dist=31.3404 lang_grad0=0.0572 lang_gradK=0.0608 lang_disp=32.9682 step=0.4436 sigma=0.9109
[IRED-CL-DIAG step=1600] E_pos=3335.2476 E_neg=6486.7100 margin=3151.4624 E_wtd=0.013756 MSE=0.990845 gradE=529.5558 pred=0.2586 hinge=0.275120 frac_active=0.000 neg_dist=31.2901 lang_grad0=0.2786 lang_gradK=0.2972 lang_disp=32.9500 step=0.4482 sigma=0.9142
[IRED-CL-DIAG step=1700] E_pos=6654.0151 E_neg=13233.5098 margin=6579.4946 E_wtd=0.032663 MSE=0.978023 gradE=1159.0076 pred=0.5659 hinge=0.653260 frac_active=0.002 neg_dist=31.4002 lang_grad0=0.6463 lang_gradK=0.6474 lang_disp=34.4008 step=0.4485 sigma=0.9146
[IRED-CL-DIAG step=1800] E_pos=8557.3730 E_neg=17168.7480 margin=8611.3750 E_wtd=0.116536 MSE=0.973545 gradE=1521.5508 pred=0.7429 hinge=2.330718 frac_active=0.001 neg_dist=31.2457 lang_grad0=0.8512 lang_gradK=0.8539 lang_disp=34.2234 step=0.4379 sigma=0.9044
[IRED-CL-DIAG step=1900] E_pos=9230.5449 E_neg=19341.1875 margin=10110.6426 E_wtd=0.000000 MSE=0.967703 gradE=1775.1624 pred=0.8668 hinge=0.000000 frac_active=0.000 neg_dist=31.2602 lang_grad0=1.0058 lang_gradK=1.0084 lang_disp=34.2508 step=0.4437 sigma=0.9090
[IRED-CL-DIAG step=2000] E_pos=11280.0918 E_neg=22363.3867 margin=11083.2949 E_wtd=0.062892 MSE=0.966116 gradE=1948.0425 pred=0.9512 hinge=1.257831 frac_active=0.001 neg_dist=31.3017 lang_grad0=1.0767 lang_gradK=1.0859 lang_disp=34.3397 step=0.4456 sigma=0.9117
Running Evaluation...
Validation Result @ Iteration 2000; Milestone = 2 (Train)
---------  -------
mse_error  3.13637
---------  -------
Validation Result @ Iteration 2000; Milestone = 2 (ID: Validation)
---  -------
mse  2.92141
---  -------
[IRED-CL-DIAG step=2100] E_pos=11548.0078 E_neg=23732.8008 margin=12184.7930 E_wtd=0.057444 MSE=0.958714 gradE=2091.1660 pred=1.0211 hinge=1.148877 frac_active=0.002 neg_dist=31.3625 lang_grad0=1.1856 lang_gradK=1.1928 lang_disp=34.4755 step=0.4580 sigma=0.9234
[IRED-CL-DIAG step=2200] E_pos=12931.1748 E_neg=26580.2539 margin=13649.0791 E_wtd=0.025409 MSE=0.959947 gradE=2347.1462 pred=1.1461 hinge=0.508177 frac_active=0.001 neg_dist=31.1246 lang_grad0=1.3382 lang_gradK=1.3453 lang_disp=34.1697 step=0.4356 sigma=0.9014
[IRED-CL-DIAG step=2300] E_pos=15020.4355 E_neg=29536.7891 margin=14516.3535 E_wtd=0.190967 MSE=0.952337 gradE=2599.6636 pred=1.2694 hinge=3.819345 frac_active=0.002 neg_dist=31.2792 lang_grad0=1.4602 lang_gradK=1.4722 lang_disp=34.3126 step=0.4473 sigma=0.9140
[IRED-CL-DIAG step=2400] E_pos=17607.1367 E_neg=33089.7773 margin=15482.6406 E_wtd=0.022464 MSE=0.948693 gradE=2632.2183 pred=1.2853 hinge=0.449271 frac_active=0.000 neg_dist=31.0284 lang_grad0=1.4402 lang_gradK=1.4556 lang_disp=34.0524 step=0.4291 sigma=0.8963
[IRED-CL-DIAG step=2500] E_pos=16288.8398 E_neg=32938.4609 margin=16649.6211 E_wtd=0.151104 MSE=0.945751 gradE=2863.0166 pred=1.3980 hinge=3.022088 frac_active=0.002 neg_dist=31.2327 lang_grad0=1.6216 lang_gradK=1.6378 lang_disp=34.3217 step=0.4496 sigma=0.9149
[IRED-CL-DIAG step=2600] E_pos=15217.8730 E_neg=32496.6426 margin=17278.7695 E_wtd=0.239857 MSE=0.940527 gradE=2977.7812 pred=1.4540 hinge=4.797149 frac_active=0.002 neg_dist=31.0946 lang_grad0=1.7220 lang_gradK=1.7282 lang_disp=34.1425 step=0.4381 sigma=0.9044
[IRED-CL-DIAG step=2700] E_pos=17208.4785 E_neg=34458.4297 margin=17249.9512 E_wtd=0.098395 MSE=0.942901 gradE=2980.7778 pred=1.4555 hinge=1.967896 frac_active=0.001 neg_dist=31.2052 lang_grad0=1.6752 lang_gradK=1.6966 lang_disp=34.3080 step=0.4492 sigma=0.9151
[IRED-CL-DIAG step=2800] E_pos=15787.8330 E_neg=33955.6016 margin=18167.7686 E_wtd=0.225480 MSE=0.940073 gradE=3092.7417 pred=1.5101 hinge=4.509591 frac_active=0.001 neg_dist=31.1561 lang_grad0=1.7944 lang_gradK=1.8035 lang_disp=34.2458 step=0.4416 sigma=0.9075
[IRED-CL-DIAG step=2900] E_pos=17472.5000 E_neg=36356.2344 margin=18883.7344 E_wtd=0.204918 MSE=0.936237 gradE=3272.2988 pred=1.5978 hinge=4.098366 frac_active=0.002 neg_dist=31.1903 lang_grad0=1.8839 lang_gradK=1.8936 lang_disp=34.3592 step=0.4523 sigma=0.9186
[IRED-CL-DIAG step=3000] E_pos=19900.8906 E_neg=40164.4805 margin=20263.5898 E_wtd=0.388759 MSE=0.931148 gradE=3460.5698 pred=1.6897 hinge=7.775171 frac_active=0.002 neg_dist=30.8443 lang_grad0=1.8306 lang_gradK=2.0006 lang_disp=32.6604 step=0.4375 sigma=0.9034
Running Evaluation...
Validation Result @ Iteration 3000; Milestone = 3 (Train)
---------  -------
mse_error  3.04755
---------  -------
Validation Result @ Iteration 3000; Milestone = 3 (ID: Validation)
---  -------
mse  2.61946
---  -------
[IRED-CL-DIAG step=3100] E_pos=16195.2383 E_neg=37241.0938 margin=21045.8555 E_wtd=0.238067 MSE=0.922299 gradE=3670.8992 pred=1.7924 hinge=4.761347 frac_active=0.003 neg_dist=31.1694 lang_grad0=2.1805 lang_gradK=2.1828 lang_disp=34.3949 step=0.4506 sigma=0.9180
