Job started at Thu Feb 19 01:46:04 EST 2026
Running on host: holygpu8a22205.rc.fas.harvard.edu
Job ID: 61121906
Git URL: https://github.com/mdkrasnow/research-repo.git
Git SHA: b4dc8f44962e76570545f4e364fcfc7d212b8094
Work directory: /tmp/ired-job-61121906
GPU info:
Thu Feb 19 01:46:05 2026       
+-----------------------------------------------------------------------------------------+
| NVIDIA-SMI 575.57.08              Driver Version: 575.57.08      CUDA Version: 12.9     |
|-----------------------------------------+------------------------+----------------------+
| GPU  Name                 Persistence-M | Bus-Id          Disp.A | Volatile Uncorr. ECC |
| Fan  Temp   Perf          Pwr:Usage/Cap |           Memory-Usage | GPU-Util  Compute M. |
|                                         |                        |               MIG M. |
|=========================================+========================+======================|
|   0  NVIDIA A100-SXM4-80GB          On  |   00000000:CA:00.0 Off |                    0 |
| N/A   27C    P0             61W /  500W |       0MiB /  81920MiB |      0%      Default |
|                                         |                        |             Disabled |
+-----------------------------------------+------------------------+----------------------+
                                                                                         
+-----------------------------------------------------------------------------------------+
| Processes:                                                                              |
|  GPU   GI   CI              PID   Type   Process name                        GPU Memory |
|        ID   ID                                                               Usage      |
|=========================================================================================|
|  No running processes found                                                             |
+-----------------------------------------------------------------------------------------+
Cloning repository...
Repository cloned and checked out to: b4dc8f4
Repository info:
b4dc8f4 Fix critical broadcasting bug in IRED-CD energy loss
Starting IRED-CD baseline (current NCE implementation)...
Loading configuration from: projects/ired/configs/q201_baseline.json
Configuration saved to: results/ds_inverse/q201_baseline/experiment_config.json
Setting random seed: 3
Starting experiment with mining strategy: adversarial
Configuration: {
  "experiment_name": "q201_baseline",
  "description": "IRED-CD Investigation - Baseline (current NCE implementation for comparison)",
  "investigation": "ired-cd",
  "ablation_stage": "baseline",
  "mining_strategy": "adversarial",
  "rank": 20,
  "ood": false,
  "diffusion_steps": 10,
  "batch_size": 2048,
  "train_steps": 100000,
  "learning_rate": 0.0001,
  "mining_opt_steps": 10,
  "mining_noise_scale": 1.5,
  "output_dir": "results/ds_inverse/q201_baseline",
  "notes": "Current implementation with NCE loss. Baseline for IRED-CD ablation study. Using k=10 steps, noise_scale=1.5 (reduced from 3.0).",
  "seed": 3
}
Dataset: Inverse matrices (20x20)
Input dimension: 400, Output dimension: 400
Trainer initialized. Output directory: results/ds_inverse/q201_baseline
Training for 100000 steps...
Running Evaluation...
Validation Result @ Iteration 1000; Milestone = 1 (Train)
---------  -------
mse_error  2.86784
---------  -------
Validation Result @ Iteration 1000; Milestone = 1 (ID: Validation)
---  -------
mse  3.28948
---  -------
Running Evaluation...
Validation Result @ Iteration 2000; Milestone = 2 (Train)
---------  -------
mse_error  3.21319
---------  -------
Validation Result @ Iteration 2000; Milestone = 2 (ID: Validation)
---  -------
mse  2.67837
---  -------
Running Evaluation...
Validation Result @ Iteration 3000; Milestone = 3 (Train)
---------  -------
mse_error  2.65866
---------  -------
Validation Result @ Iteration 3000; Milestone = 3 (ID: Validation)
---  -------
mse  2.24701
---  -------
Running Evaluation...
Validation Result @ Iteration 4000; Milestone = 4 (Train)
---------  -------
mse_error  1.89829
---------  -------
Validation Result @ Iteration 4000; Milestone = 4 (ID: Validation)
---  -------
mse  1.93683
---  -------
Running Evaluation...
Validation Result @ Iteration 5000; Milestone = 5 (Train)
---------  -------
mse_error  1.46668
---------  -------
Validation Result @ Iteration 5000; Milestone = 5 (ID: Validation)
---  -------
mse  1.65683
---  -------
Running Evaluation...
Validation Result @ Iteration 6000; Milestone = 6 (Train)
---------  -------
mse_error  1.18462
---------  -------
Validation Result @ Iteration 6000; Milestone = 6 (ID: Validation)
---  --------
mse  0.567183
---  --------
Running Evaluation...
Validation Result @ Iteration 7000; Milestone = 7 (Train)
---------  --------
mse_error  0.967324
---------  --------
Validation Result @ Iteration 7000; Milestone = 7 (ID: Validation)
---  --------
mse  0.169422
---  --------
Running Evaluation...
Validation Result @ Iteration 8000; Milestone = 8 (Train)
---------  --------
mse_error  0.795746
---------  --------
Validation Result @ Iteration 8000; Milestone = 8 (ID: Validation)
---  ---------
mse  0.0948702
---  ---------
Running Evaluation...
Validation Result @ Iteration 9000; Milestone = 9 (Train)
---------  -------
mse_error  0.67453
---------  -------
Validation Result @ Iteration 9000; Milestone = 9 (ID: Validation)
---  ---------
mse  0.0744369
---  ---------
Running Evaluation...
Validation Result @ Iteration 10000; Milestone = 10 (Train)
---------  -------
mse_error  0.57986
---------  -------
Validation Result @ Iteration 10000; Milestone = 10 (ID: Validation)
---  --------
mse  0.137397
---  --------
Running Evaluation...
Validation Result @ Iteration 11000; Milestone = 11 (Train)
---------  --------
mse_error  0.512108
---------  --------
Validation Result @ Iteration 11000; Milestone = 11 (ID: Validation)
---  --------
mse  0.208649
---  --------
Running Evaluation...
Validation Result @ Iteration 12000; Milestone = 12 (Train)
---------  --------
mse_error  0.464288
---------  --------
Validation Result @ Iteration 12000; Milestone = 12 (ID: Validation)
---  --------
mse  0.303557
---  --------
Running Evaluation...
Validation Result @ Iteration 13000; Milestone = 13 (Train)
---------  --------
mse_error  0.433854
---------  --------
Validation Result @ Iteration 13000; Milestone = 13 (ID: Validation)
---  --------
mse  0.402922
---  --------
Running Evaluation...
Validation Result @ Iteration 14000; Milestone = 14 (Train)
---------  --------
mse_error  0.405724
---------  --------
Validation Result @ Iteration 14000; Milestone = 14 (ID: Validation)
---  --------
mse  0.478688
---  --------
Running Evaluation...
Validation Result @ Iteration 15000; Milestone = 15 (Train)
---------  --------
mse_error  0.386885
---------  --------
Validation Result @ Iteration 15000; Milestone = 15 (ID: Validation)
---  --------
mse  0.538501
---  --------
Running Evaluation...
Validation Result @ Iteration 16000; Milestone = 16 (Train)
---------  --------
mse_error  0.373669
---------  --------
Validation Result @ Iteration 16000; Milestone = 16 (ID: Validation)
---  --------
mse  0.581048
---  --------
Running Evaluation...
Validation Result @ Iteration 17000; Milestone = 17 (Train)
---------  --------
mse_error  0.363681
---------  --------
Validation Result @ Iteration 17000; Milestone = 17 (ID: Validation)
---  --------
mse  0.614861
---  --------
Running Evaluation...
Validation Result @ Iteration 18000; Milestone = 18 (Train)
---------  --------
mse_error  0.351386
---------  --------
Validation Result @ Iteration 18000; Milestone = 18 (ID: Validation)
---  --------
mse  0.625961
---  --------
Running Evaluation...
Validation Result @ Iteration 19000; Milestone = 19 (Train)
---------  --------
mse_error  0.349313
---------  --------
Validation Result @ Iteration 19000; Milestone = 19 (ID: Validation)
---  --------
mse  0.634292
---  --------
Running Evaluation...
Validation Result @ Iteration 20000; Milestone = 20 (Train)
---------  --------
mse_error  0.341785
---------  --------
Validation Result @ Iteration 20000; Milestone = 20 (ID: Validation)
---  --------
mse  0.636533
---  --------
Running Evaluation...
Validation Result @ Iteration 21000; Milestone = 21 (Train)
---------  --------
mse_error  0.341257
---------  --------
Validation Result @ Iteration 21000; Milestone = 21 (ID: Validation)
---  --------
mse  0.635625
---  --------
Running Evaluation...
Validation Result @ Iteration 22000; Milestone = 22 (Train)
---------  --------
mse_error  0.338024
---------  --------
Validation Result @ Iteration 22000; Milestone = 22 (ID: Validation)
---  --------
mse  0.629902
---  --------
Running Evaluation...
Validation Result @ Iteration 23000; Milestone = 23 (Train)
---------  --------
mse_error  0.339569
---------  --------
Validation Result @ Iteration 23000; Milestone = 23 (ID: Validation)
---  --------
mse  0.629736
---  --------
Running Evaluation...
Validation Result @ Iteration 24000; Milestone = 24 (Train)
---------  --------
mse_error  0.331273
---------  --------
Validation Result @ Iteration 24000; Milestone = 24 (ID: Validation)
---  --------
mse  0.624565
---  --------
Running Evaluation...
Validation Result @ Iteration 25000; Milestone = 25 (Train)
---------  -------
mse_error  0.33568
---------  -------
Validation Result @ Iteration 25000; Milestone = 25 (ID: Validation)
---  --------
mse  0.624295
---  --------
Running Evaluation...
Validation Result @ Iteration 26000; Milestone = 26 (Train)
---------  --------
mse_error  0.334131
---------  --------
Validation Result @ Iteration 26000; Milestone = 26 (ID: Validation)
---  --------
mse  0.619571
---  --------
Running Evaluation...
Validation Result @ Iteration 27000; Milestone = 27 (Train)
---------  --------
mse_error  0.331557
---------  --------
Validation Result @ Iteration 27000; Milestone = 27 (ID: Validation)
---  --------
mse  0.615663
---  --------
Running Evaluation...
Validation Result @ Iteration 28000; Milestone = 28 (Train)
---------  --------
mse_error  0.332201
---------  --------
Validation Result @ Iteration 28000; Milestone = 28 (ID: Validation)
---  --------
mse  0.617768
---  --------
Running Evaluation...
Validation Result @ Iteration 29000; Milestone = 29 (Train)
---------  --------
mse_error  0.332422
---------  --------
Validation Result @ Iteration 29000; Milestone = 29 (ID: Validation)
---  --------
mse  0.615756
---  --------
Running Evaluation...
Validation Result @ Iteration 30000; Milestone = 30 (Train)
---------  --------
mse_error  0.333687
---------  --------
Validation Result @ Iteration 30000; Milestone = 30 (ID: Validation)
---  --------
mse  0.612501
---  --------
Running Evaluation...
Validation Result @ Iteration 31000; Milestone = 31 (Train)
---------  --------
mse_error  0.331864
---------  --------
Validation Result @ Iteration 31000; Milestone = 31 (ID: Validation)
---  --------
mse  0.611453
---  --------
Running Evaluation...
Validation Result @ Iteration 32000; Milestone = 32 (Train)
---------  --------
mse_error  0.333495
---------  --------
Validation Result @ Iteration 32000; Milestone = 32 (ID: Validation)
---  --------
mse  0.610025
---  --------
Running Evaluation...
Validation Result @ Iteration 33000; Milestone = 33 (Train)
---------  --------
mse_error  0.331874
---------  --------
Validation Result @ Iteration 33000; Milestone = 33 (ID: Validation)
---  --------
mse  0.610214
---  --------
Running Evaluation...
Validation Result @ Iteration 34000; Milestone = 34 (Train)
---------  --------
mse_error  0.334179
---------  --------
Validation Result @ Iteration 34000; Milestone = 34 (ID: Validation)
---  --------
mse  0.607641
---  --------
Running Evaluation...
Validation Result @ Iteration 35000; Milestone = 35 (Train)
---------  --------
mse_error  0.328853
---------  --------
Validation Result @ Iteration 35000; Milestone = 35 (ID: Validation)
---  --------
mse  0.611727
---  --------
Running Evaluation...
Validation Result @ Iteration 36000; Milestone = 36 (Train)
---------  -------
mse_error  0.32994
---------  -------
Validation Result @ Iteration 36000; Milestone = 36 (ID: Validation)
---  --------
mse  0.615215
---  --------
Running Evaluation...
Validation Result @ Iteration 37000; Milestone = 37 (Train)
---------  --------
mse_error  0.330909
---------  --------
Validation Result @ Iteration 37000; Milestone = 37 (ID: Validation)
---  --------
mse  0.612103
---  --------
Running Evaluation...
Validation Result @ Iteration 38000; Milestone = 38 (Train)
---------  --------
mse_error  0.333842
---------  --------
Validation Result @ Iteration 38000; Milestone = 38 (ID: Validation)
---  --------
mse  0.611157
---  --------
Running Evaluation...
Validation Result @ Iteration 39000; Milestone = 39 (Train)
---------  --------
mse_error  0.332266
---------  --------
Validation Result @ Iteration 39000; Milestone = 39 (ID: Validation)
---  --------
mse  0.612647
---  --------
Running Evaluation...
Validation Result @ Iteration 40000; Milestone = 40 (Train)
---------  --------
mse_error  0.331375
---------  --------
Validation Result @ Iteration 40000; Milestone = 40 (ID: Validation)
---  --------
mse  0.612875
---  --------
Running Evaluation...
Validation Result @ Iteration 41000; Milestone = 41 (Train)
---------  --------
mse_error  0.331101
---------  --------
Validation Result @ Iteration 41000; Milestone = 41 (ID: Validation)
---  --------
mse  0.610718
---  --------
Running Evaluation...
Validation Result @ Iteration 42000; Milestone = 42 (Train)
---------  --------
mse_error  0.332163
---------  --------
Validation Result @ Iteration 42000; Milestone = 42 (ID: Validation)
---  --------
mse  0.611652
---  --------
Running Evaluation...
Validation Result @ Iteration 43000; Milestone = 43 (Train)
---------  --------
mse_error  0.329423
---------  --------
Validation Result @ Iteration 43000; Milestone = 43 (ID: Validation)
---  --------
mse  0.611659
---  --------
Running Evaluation...
Validation Result @ Iteration 44000; Milestone = 44 (Train)
---------  --------
mse_error  0.331003
---------  --------
Validation Result @ Iteration 44000; Milestone = 44 (ID: Validation)
---  --------
mse  0.612926
---  --------
Running Evaluation...
Validation Result @ Iteration 45000; Milestone = 45 (Train)
---------  --------
mse_error  0.330399
---------  --------
Validation Result @ Iteration 45000; Milestone = 45 (ID: Validation)
---  -------
mse  0.61507
---  -------
Running Evaluation...
Validation Result @ Iteration 46000; Milestone = 46 (Train)
---------  --------
mse_error  0.328912
---------  --------
Validation Result @ Iteration 46000; Milestone = 46 (ID: Validation)
---  --------
mse  0.613746
---  --------
Running Evaluation...
Validation Result @ Iteration 47000; Milestone = 47 (Train)
---------  --------
mse_error  0.333423
---------  --------
Validation Result @ Iteration 47000; Milestone = 47 (ID: Validation)
---  --------
mse  0.610244
---  --------
Running Evaluation...
Validation Result @ Iteration 48000; Milestone = 48 (Train)
---------  --------
mse_error  0.332735
---------  --------
Validation Result @ Iteration 48000; Milestone = 48 (ID: Validation)
---  -------
mse  0.61485
---  -------
Running Evaluation...
Validation Result @ Iteration 49000; Milestone = 49 (Train)
---------  -------
mse_error  0.32971
---------  -------
Validation Result @ Iteration 49000; Milestone = 49 (ID: Validation)
---  --------
mse  0.609406
---  --------
Running Evaluation...
Validation Result @ Iteration 50000; Milestone = 50 (Train)
---------  --------
mse_error  0.331452
---------  --------
Validation Result @ Iteration 50000; Milestone = 50 (ID: Validation)
---  --------
mse  0.613979
---  --------
Running Evaluation...
Validation Result @ Iteration 51000; Milestone = 51 (Train)
---------  --------
mse_error  0.331075
---------  --------
Validation Result @ Iteration 51000; Milestone = 51 (ID: Validation)
---  --------
mse  0.612845
---  --------
Running Evaluation...
Validation Result @ Iteration 52000; Milestone = 52 (Train)
---------  --------
mse_error  0.331787
---------  --------
Validation Result @ Iteration 52000; Milestone = 52 (ID: Validation)
---  --------
mse  0.607151
---  --------
Running Evaluation...
Validation Result @ Iteration 53000; Milestone = 53 (Train)
---------  -------
mse_error  0.33099
---------  -------
Validation Result @ Iteration 53000; Milestone = 53 (ID: Validation)
---  --------
mse  0.614865
---  --------
Running Evaluation...
Validation Result @ Iteration 54000; Milestone = 54 (Train)
---------  --------
mse_error  0.328048
---------  --------
Validation Result @ Iteration 54000; Milestone = 54 (ID: Validation)
---  --------
mse  0.613263
---  --------
Running Evaluation...
Validation Result @ Iteration 55000; Milestone = 55 (Train)
---------  --------
mse_error  0.332094
---------  --------
Validation Result @ Iteration 55000; Milestone = 55 (ID: Validation)
---  --------
mse  0.611037
---  --------
Running Evaluation...
Validation Result @ Iteration 56000; Milestone = 56 (Train)
---------  --------
mse_error  0.330194
---------  --------
Validation Result @ Iteration 56000; Milestone = 56 (ID: Validation)
---  --------
mse  0.609614
---  --------
Running Evaluation...
Validation Result @ Iteration 57000; Milestone = 57 (Train)
---------  --------
mse_error  0.333513
---------  --------
Validation Result @ Iteration 57000; Milestone = 57 (ID: Validation)
---  --------
mse  0.614046
---  --------
Running Evaluation...
Validation Result @ Iteration 58000; Milestone = 58 (Train)
---------  -------
mse_error  0.33035
---------  -------
Validation Result @ Iteration 58000; Milestone = 58 (ID: Validation)
---  -------
mse  0.61269
---  -------
Running Evaluation...
Validation Result @ Iteration 59000; Milestone = 59 (Train)
---------  --------
mse_error  0.334364
---------  --------
Validation Result @ Iteration 59000; Milestone = 59 (ID: Validation)
---  --------
mse  0.612117
---  --------
Running Evaluation...
Validation Result @ Iteration 60000; Milestone = 60 (Train)
---------  --------
mse_error  0.331226
---------  --------
Validation Result @ Iteration 60000; Milestone = 60 (ID: Validation)
---  --------
mse  0.615367
---  --------
Running Evaluation...
Validation Result @ Iteration 61000; Milestone = 61 (Train)
---------  --------
mse_error  0.333299
---------  --------
Validation Result @ Iteration 61000; Milestone = 61 (ID: Validation)
---  --------
mse  0.616521
---  --------
Running Evaluation...
Validation Result @ Iteration 62000; Milestone = 62 (Train)
---------  --------
mse_error  0.329564
---------  --------
Validation Result @ Iteration 62000; Milestone = 62 (ID: Validation)
---  --------
mse  0.614825
---  --------
Running Evaluation...
Validation Result @ Iteration 63000; Milestone = 63 (Train)
---------  --------
mse_error  0.327188
---------  --------
Validation Result @ Iteration 63000; Milestone = 63 (ID: Validation)
---  --------
mse  0.611938
---  --------
Running Evaluation...
Validation Result @ Iteration 64000; Milestone = 64 (Train)
---------  --------
mse_error  0.329571
---------  --------
Validation Result @ Iteration 64000; Milestone = 64 (ID: Validation)
---  --------
mse  0.612229
---  --------
Running Evaluation...
Validation Result @ Iteration 65000; Milestone = 65 (Train)
---------  --------
mse_error  0.330031
---------  --------
Validation Result @ Iteration 65000; Milestone = 65 (ID: Validation)
---  --------
mse  0.612998
---  --------
Running Evaluation...
Validation Result @ Iteration 66000; Milestone = 66 (Train)
---------  -------
mse_error  0.32948
---------  -------
Validation Result @ Iteration 66000; Milestone = 66 (ID: Validation)
---  --------
mse  0.613554
---  --------
Running Evaluation...
Validation Result @ Iteration 67000; Milestone = 67 (Train)
---------  --------
mse_error  0.333787
---------  --------
Validation Result @ Iteration 67000; Milestone = 67 (ID: Validation)
---  --------
mse  0.609003
---  --------
Running Evaluation...
Validation Result @ Iteration 68000; Milestone = 68 (Train)
---------  --------
mse_error  0.329091
---------  --------
Validation Result @ Iteration 68000; Milestone = 68 (ID: Validation)
---  --------
mse  0.612858
---  --------
Running Evaluation...
Validation Result @ Iteration 69000; Milestone = 69 (Train)
---------  -------
mse_error  0.33229
---------  -------
Validation Result @ Iteration 69000; Milestone = 69 (ID: Validation)
---  --------
mse  0.614295
---  --------
Running Evaluation...
Validation Result @ Iteration 70000; Milestone = 70 (Train)
---------  --------
mse_error  0.330235
---------  --------
Validation Result @ Iteration 70000; Milestone = 70 (ID: Validation)
---  -------
mse  0.61188
---  -------
Running Evaluation...
Validation Result @ Iteration 71000; Milestone = 71 (Train)
---------  --------
mse_error  0.329525
---------  --------
Validation Result @ Iteration 71000; Milestone = 71 (ID: Validation)
---  --------
mse  0.612914
---  --------
Running Evaluation...
Validation Result @ Iteration 72000; Milestone = 72 (Train)
---------  --------
mse_error  0.330873
---------  --------
Validation Result @ Iteration 72000; Milestone = 72 (ID: Validation)
---  --------
mse  0.611903
---  --------
Running Evaluation...
Validation Result @ Iteration 73000; Milestone = 73 (Train)
---------  --------
mse_error  0.327583
---------  --------
Validation Result @ Iteration 73000; Milestone = 73 (ID: Validation)
---  --------
mse  0.611424
---  --------
Running Evaluation...
Validation Result @ Iteration 74000; Milestone = 74 (Train)
---------  --------
mse_error  0.327572
---------  --------
Validation Result @ Iteration 74000; Milestone = 74 (ID: Validation)
---  --------
mse  0.615013
---  --------
Running Evaluation...
Validation Result @ Iteration 75000; Milestone = 75 (Train)
---------  --------
mse_error  0.332334
---------  --------
Validation Result @ Iteration 75000; Milestone = 75 (ID: Validation)
---  --------
mse  0.610805
---  --------
Running Evaluation...
Validation Result @ Iteration 76000; Milestone = 76 (Train)
---------  --------
mse_error  0.330618
---------  --------
Validation Result @ Iteration 76000; Milestone = 76 (ID: Validation)
---  --------
mse  0.615482
---  --------
Running Evaluation...
Validation Result @ Iteration 77000; Milestone = 77 (Train)
---------  --------
mse_error  0.333491
---------  --------
Validation Result @ Iteration 77000; Milestone = 77 (ID: Validation)
---  --------
mse  0.613671
---  --------
Running Evaluation...
Validation Result @ Iteration 78000; Milestone = 78 (Train)
---------  --------
mse_error  0.330552
---------  --------
Validation Result @ Iteration 78000; Milestone = 78 (ID: Validation)
---  --------
mse  0.610643
---  --------
Running Evaluation...
Validation Result @ Iteration 79000; Milestone = 79 (Train)
---------  -------
mse_error  0.33044
---------  -------
Validation Result @ Iteration 79000; Milestone = 79 (ID: Validation)
---  -------
mse  0.61319
---  -------
Running Evaluation...
Validation Result @ Iteration 80000; Milestone = 80 (Train)
---------  --------
mse_error  0.332001
---------  --------
Validation Result @ Iteration 80000; Milestone = 80 (ID: Validation)
---  -------
mse  0.61598
---  -------
Running Evaluation...
Validation Result @ Iteration 81000; Milestone = 81 (Train)
---------  --------
mse_error  0.331782
---------  --------
Validation Result @ Iteration 81000; Milestone = 81 (ID: Validation)
---  --------
mse  0.614306
---  --------
Running Evaluation...
Validation Result @ Iteration 82000; Milestone = 82 (Train)
---------  -------
mse_error  0.32943
---------  -------
Validation Result @ Iteration 82000; Milestone = 82 (ID: Validation)
---  --------
mse  0.612955
---  --------
Running Evaluation...
Validation Result @ Iteration 83000; Milestone = 83 (Train)
---------  --------
mse_error  0.332949
---------  --------
Validation Result @ Iteration 83000; Milestone = 83 (ID: Validation)
---  ------
mse  0.6116
---  ------
Running Evaluation...
Validation Result @ Iteration 84000; Milestone = 84 (Train)
---------  -----
mse_error  0.329
---------  -----
Validation Result @ Iteration 84000; Milestone = 84 (ID: Validation)
---  --------
mse  0.613668
---  --------
Running Evaluation...
Validation Result @ Iteration 85000; Milestone = 85 (Train)
---------  --------
mse_error  0.329765
---------  --------
Validation Result @ Iteration 85000; Milestone = 85 (ID: Validation)
---  -------
mse  0.61422
---  -------
Running Evaluation...
Validation Result @ Iteration 86000; Milestone = 86 (Train)
---------  --------
mse_error  0.328957
---------  --------
Validation Result @ Iteration 86000; Milestone = 86 (ID: Validation)
---  --------
mse  0.613126
---  --------
Running Evaluation...
Validation Result @ Iteration 87000; Milestone = 87 (Train)
---------  --------
mse_error  0.333072
---------  --------
Validation Result @ Iteration 87000; Milestone = 87 (ID: Validation)
---  --------
mse  0.612289
---  --------
Running Evaluation...
Validation Result @ Iteration 88000; Milestone = 88 (Train)
---------  --------
mse_error  0.332792
---------  --------
Validation Result @ Iteration 88000; Milestone = 88 (ID: Validation)
---  -------
mse  0.61535
---  -------
Running Evaluation...
Validation Result @ Iteration 89000; Milestone = 89 (Train)
---------  --------
mse_error  0.329144
---------  --------
Validation Result @ Iteration 89000; Milestone = 89 (ID: Validation)
---  --------
mse  0.611286
---  --------
Running Evaluation...
Validation Result @ Iteration 90000; Milestone = 90 (Train)
---------  -------
mse_error  0.33129
---------  -------
Validation Result @ Iteration 90000; Milestone = 90 (ID: Validation)
---  --------
mse  0.616507
---  --------
Running Evaluation...
Validation Result @ Iteration 91000; Milestone = 91 (Train)
---------  --------
mse_error  0.329527
---------  --------
Validation Result @ Iteration 91000; Milestone = 91 (ID: Validation)
---  --------
mse  0.614341
---  --------
Running Evaluation...
Validation Result @ Iteration 92000; Milestone = 92 (Train)
---------  --------
mse_error  0.329105
---------  --------
Validation Result @ Iteration 92000; Milestone = 92 (ID: Validation)
---  --------
mse  0.610579
---  --------
Running Evaluation...
Validation Result @ Iteration 93000; Milestone = 93 (Train)
---------  --------
mse_error  0.331837
---------  --------
Validation Result @ Iteration 93000; Milestone = 93 (ID: Validation)
---  --------
mse  0.610323
---  --------
Running Evaluation...
Validation Result @ Iteration 94000; Milestone = 94 (Train)
---------  --------
mse_error  0.331874
---------  --------
Validation Result @ Iteration 94000; Milestone = 94 (ID: Validation)
---  -------
mse  0.61467
---  -------
Running Evaluation...
Validation Result @ Iteration 95000; Milestone = 95 (Train)
---------  --------
mse_error  0.331981
---------  --------
Validation Result @ Iteration 95000; Milestone = 95 (ID: Validation)
---  --------
mse  0.615019
---  --------
Running Evaluation...
Validation Result @ Iteration 96000; Milestone = 96 (Train)
---------  --------
mse_error  0.329285
---------  --------
Validation Result @ Iteration 96000; Milestone = 96 (ID: Validation)
---  --------
mse  0.611892
---  --------
Running Evaluation...
Validation Result @ Iteration 97000; Milestone = 97 (Train)
---------  --------
mse_error  0.329803
---------  --------
Validation Result @ Iteration 97000; Milestone = 97 (ID: Validation)
---  --------
mse  0.609489
---  --------
Running Evaluation...
Validation Result @ Iteration 98000; Milestone = 98 (Train)
---------  --------
mse_error  0.332022
---------  --------
Validation Result @ Iteration 98000; Milestone = 98 (ID: Validation)
---  --------
mse  0.612761
---  --------
Running Evaluation...
Validation Result @ Iteration 99000; Milestone = 99 (Train)
---------  --------
mse_error  0.331156
---------  --------
Validation Result @ Iteration 99000; Milestone = 99 (ID: Validation)
---  --------
mse  0.618091
---  --------
Running Evaluation...
Validation Result @ Iteration 100000; Milestone = 100 (Train)
---------  --------
mse_error  0.331175
---------  --------
Validation Result @ Iteration 100000; Milestone = 100 (ID: Validation)
---  --------
mse  0.610117
---  --------
training complete
Training completed!
Results saved to: results/ds_inverse/q201_baseline/results.json
Experiment completed at Thu Feb 19 03:41:14 EST 2026
Copying results to persistent storage...
sending incremental file list
ds_inverse/q201_baseline/
ds_inverse/q201_baseline/experiment_config.json
ds_inverse/q201_baseline/model-1.pt
ds_inverse/q201_baseline/model-10.pt
ds_inverse/q201_baseline/model-100.pt
ds_inverse/q201_baseline/model-11.pt
ds_inverse/q201_baseline/model-12.pt
ds_inverse/q201_baseline/model-13.pt
ds_inverse/q201_baseline/model-14.pt
ds_inverse/q201_baseline/model-15.pt
ds_inverse/q201_baseline/model-16.pt
ds_inverse/q201_baseline/model-17.pt
ds_inverse/q201_baseline/model-18.pt
ds_inverse/q201_baseline/model-19.pt
ds_inverse/q201_baseline/model-2.pt
ds_inverse/q201_baseline/model-20.pt
ds_inverse/q201_baseline/model-21.pt
ds_inverse/q201_baseline/model-22.pt
ds_inverse/q201_baseline/model-23.pt
ds_inverse/q201_baseline/model-24.pt
ds_inverse/q201_baseline/model-25.pt
ds_inverse/q201_baseline/model-26.pt
ds_inverse/q201_baseline/model-27.pt
ds_inverse/q201_baseline/model-28.pt
ds_inverse/q201_baseline/model-29.pt
ds_inverse/q201_baseline/model-3.pt
ds_inverse/q201_baseline/model-30.pt
ds_inverse/q201_baseline/model-31.pt
ds_inverse/q201_baseline/model-32.pt
ds_inverse/q201_baseline/model-33.pt
ds_inverse/q201_baseline/model-34.pt
ds_inverse/q201_baseline/model-35.pt
ds_inverse/q201_baseline/model-36.pt
ds_inverse/q201_baseline/model-37.pt
ds_inverse/q201_baseline/model-38.pt
ds_inverse/q201_baseline/model-39.pt
ds_inverse/q201_baseline/model-4.pt
ds_inverse/q201_baseline/model-40.pt
ds_inverse/q201_baseline/model-41.pt
ds_inverse/q201_baseline/model-42.pt
ds_inverse/q201_baseline/model-43.pt
ds_inverse/q201_baseline/model-44.pt
ds_inverse/q201_baseline/model-45.pt
ds_inverse/q201_baseline/model-46.pt
ds_inverse/q201_baseline/model-47.pt
ds_inverse/q201_baseline/model-48.pt
ds_inverse/q201_baseline/model-49.pt
ds_inverse/q201_baseline/model-5.pt
ds_inverse/q201_baseline/model-50.pt
ds_inverse/q201_baseline/model-51.pt
ds_inverse/q201_baseline/model-52.pt
ds_inverse/q201_baseline/model-53.pt
ds_inverse/q201_baseline/model-54.pt
ds_inverse/q201_baseline/model-55.pt
ds_inverse/q201_baseline/model-56.pt
ds_inverse/q201_baseline/model-57.pt
ds_inverse/q201_baseline/model-58.pt
ds_inverse/q201_baseline/model-59.pt
ds_inverse/q201_baseline/model-6.pt
ds_inverse/q201_baseline/model-60.pt
ds_inverse/q201_baseline/model-61.pt
ds_inverse/q201_baseline/model-62.pt
ds_inverse/q201_baseline/model-63.pt
ds_inverse/q201_baseline/model-64.pt
ds_inverse/q201_baseline/model-65.pt
ds_inverse/q201_baseline/model-66.pt
ds_inverse/q201_baseline/model-67.pt
ds_inverse/q201_baseline/model-68.pt
ds_inverse/q201_baseline/model-69.pt
ds_inverse/q201_baseline/model-7.pt
ds_inverse/q201_baseline/model-70.pt
ds_inverse/q201_baseline/model-71.pt
ds_inverse/q201_baseline/model-72.pt
ds_inverse/q201_baseline/model-73.pt
ds_inverse/q201_baseline/model-74.pt
ds_inverse/q201_baseline/model-75.pt
ds_inverse/q201_baseline/model-76.pt
ds_inverse/q201_baseline/model-77.pt
ds_inverse/q201_baseline/model-78.pt
ds_inverse/q201_baseline/model-79.pt
ds_inverse/q201_baseline/model-8.pt
ds_inverse/q201_baseline/model-80.pt
ds_inverse/q201_baseline/model-81.pt
ds_inverse/q201_baseline/model-82.pt
ds_inverse/q201_baseline/model-83.pt
ds_inverse/q201_baseline/model-84.pt
ds_inverse/q201_baseline/model-85.pt
ds_inverse/q201_baseline/model-86.pt
ds_inverse/q201_baseline/model-87.pt
ds_inverse/q201_baseline/model-88.pt
ds_inverse/q201_baseline/model-89.pt
ds_inverse/q201_baseline/model-9.pt
ds_inverse/q201_baseline/model-90.pt
ds_inverse/q201_baseline/model-91.pt
ds_inverse/q201_baseline/model-92.pt
ds_inverse/q201_baseline/model-93.pt
ds_inverse/q201_baseline/model-94.pt
ds_inverse/q201_baseline/model-95.pt
ds_inverse/q201_baseline/model-96.pt
ds_inverse/q201_baseline/model-97.pt
ds_inverse/q201_baseline/model-98.pt
ds_inverse/q201_baseline/model-99.pt
ds_inverse/q201_baseline/results.json

sent 2,305,076,810 bytes  received 1,959 bytes  75,576,353.08 bytes/sec
total size is 2,304,507,738  speedup is 1.00
Results copied to /n/home03/mkrasnow/research-repo/projects/ired/results/
Cleaning up work directory...
