Job started at Thu Feb 19 13:36:13 EST 2026
Running on host: holygpu8a22205.rc.fas.harvard.edu
Job ID: 61200000
Git URL: https://github.com/mdkrasnow/research-repo.git
Git SHA: d5d621d76806ff6ff4617412d2c60ed89289b12d
Work directory: /tmp/ired-job-61200000
GPU info:
Thu Feb 19 13:36:14 2026       
+-----------------------------------------------------------------------------------------+
| NVIDIA-SMI 575.57.08              Driver Version: 575.57.08      CUDA Version: 12.9     |
|-----------------------------------------+------------------------+----------------------+
| GPU  Name                 Persistence-M | Bus-Id          Disp.A | Volatile Uncorr. ECC |
| Fan  Temp   Perf          Pwr:Usage/Cap |           Memory-Usage | GPU-Util  Compute M. |
|                                         |                        |               MIG M. |
|=========================================+========================+======================|
|   0  NVIDIA A100-SXM4-80GB          On  |   00000000:CA:00.0 Off |                    0 |
| N/A   27C    P0             61W /  500W |       0MiB /  81920MiB |      0%      Default |
|                                         |                        |             Disabled |
+-----------------------------------------+------------------------+----------------------+
                                                                                         
+-----------------------------------------------------------------------------------------+
| Processes:                                                                              |
|  GPU   GI   CI              PID   Type   Process name                        GPU Memory |
|        ID   ID                                                               Usage      |
|=========================================================================================|
|  No running processes found                                                             |
+-----------------------------------------------------------------------------------------+
Cloning repository...
Repository cloned and checked out to: d5d621d
Repository info:
d5d621d Submit q201/q207/q208 at 100k steps (61184740, 61184757, 61184737)
Starting q207: scalar energy head baseline...
Loading configuration from: projects/ired/configs/q207_scalar_baseline.json
Configuration saved to: results/ds_inverse/q207_scalar_baseline/experiment_config.json
Setting random seed: 3
Starting experiment with mining strategy: adversarial
Configuration: {
  "experiment_name": "q207_scalar_baseline",
  "description": "Scalar energy head baseline: E=g(h) instead of E=||fc4(h)||^2. No contrastive/CD term. Tests that scalar head doesn't break denoising training.",
  "investigation": "ired-cd",
  "ablation_stage": "scalar_energy_baseline",
  "mining_strategy": "adversarial",
  "rank": 20,
  "ood": false,
  "diffusion_steps": 10,
  "batch_size": 2048,
  "train_steps": 100000,
  "learning_rate": 0.0001,
  "mining_opt_steps": 10,
  "energy_reg_weight": 0.0,
  "mining_noise_scale": 1.5,
  "use_langevin": false,
  "use_replay_buffer": false,
  "use_cd_loss": false,
  "use_ired_contrastive_loss": false,
  "use_scalar_energy": true,
  "use_residual_filter": false,
  "use_energy_schedule": false,
  "energy_loss_weight": 0.05,
  "adam_betas": [
    0.0,
    0.999
  ],
  "output_dir": "results/ds_inverse/q207_scalar_baseline",
  "notes": "Control experiment: scalar energy head (Linear(h,1)) replaces squared-norm (||fc4(h)||^2). No contrastive or CD loss applied. Proves scalar head doesn't break denoising via autograd gradient. energy_reg_weight=0 since scalar energies don't need magnitude bounding.",
  "seed": 3
}
Dataset: Inverse matrices (20x20)
Input dimension: 400, Output dimension: 400
Trainer initialized. Output directory: results/ds_inverse/q207_scalar_baseline
Training for 100000 steps...
[CD-DIAG step=100] E_pos=19.9846 E_neg=24.0367 margin=4.0522 E_wtd=0.007009 MSE=0.998518 gradE=1.3383 pred=0.0007 neg_dist=15.1858 lang_grad0=0.0000 lang_gradK=0.0000 lang_disp=0.0000 step=0.0000 sigma=0.0000
[CD-DIAG step=200] E_pos=50.8315 E_neg=84.8080 margin=33.9765 E_wtd=0.002617 MSE=0.999944 gradE=7.2287 pred=0.0035 neg_dist=15.1259 lang_grad0=0.0000 lang_gradK=0.0000 lang_disp=0.0000 step=0.0000 sigma=0.0000
[CD-DIAG step=300] E_pos=223.8073 E_neg=374.3470 margin=150.5396 E_wtd=0.000525 MSE=0.997417 gradE=43.1825 pred=0.0211 neg_dist=11.7406 lang_grad0=0.0000 lang_gradK=0.0000 lang_disp=0.0000 step=0.0000 sigma=0.0000
[CD-DIAG step=400] E_pos=1272.5383 E_neg=1986.9263 margin=714.3879 E_wtd=0.000000 MSE=0.994877 gradE=263.3453 pred=0.1285 neg_dist=9.0679 lang_grad0=0.0000 lang_gradK=0.0000 lang_disp=0.0000 step=0.0000 sigma=0.0000
[CD-DIAG step=500] E_pos=3601.9133 E_neg=8076.8906 margin=4474.9773 E_wtd=0.005534 MSE=0.988224 gradE=803.4177 pred=0.3921 neg_dist=14.1564 lang_grad0=0.0000 lang_gradK=0.0000 lang_disp=0.0000 step=0.0000 sigma=0.0000
[CD-DIAG step=600] E_pos=6211.3037 E_neg=8158.8745 margin=1947.5708 E_wtd=0.060306 MSE=0.980521 gradE=1085.0192 pred=0.5297 neg_dist=8.1679 lang_grad0=0.0000 lang_gradK=0.0000 lang_disp=0.0000 step=0.0000 sigma=0.0000
[CD-DIAG step=700] E_pos=6968.2275 E_neg=7070.5981 margin=102.3706 E_wtd=1.655033 MSE=0.972525 gradE=1521.3506 pred=0.7436 neg_dist=1.6957 lang_grad0=0.0000 lang_gradK=0.0000 lang_disp=0.0000 step=0.0000 sigma=0.0000
[CD-DIAG step=800] E_pos=17486.7773 E_neg=17737.7695 margin=250.9922 E_wtd=1.382042 MSE=0.959920 gradE=1957.5553 pred=0.9554 neg_dist=1.6736 lang_grad0=0.0000 lang_gradK=0.0000 lang_disp=0.0000 step=0.0000 sigma=0.0000
[CD-DIAG step=900] E_pos=13411.8320 E_neg=29286.2832 margin=15874.4512 E_wtd=0.002234 MSE=0.936517 gradE=2617.6213 pred=1.2787 neg_dist=14.1068 lang_grad0=0.0000 lang_gradK=0.0000 lang_disp=0.0000 step=0.0000 sigma=0.0000
[CD-DIAG step=1000] E_pos=16984.8242 E_neg=15802.2051 margin=-1182.6191 E_wtd=66.590637 MSE=0.915802 gradE=3275.7966 pred=1.5990 neg_dist=4.3202 lang_grad0=0.0000 lang_gradK=0.0000 lang_disp=0.0000 step=0.0000 sigma=0.0000
Running Evaluation...
Validation Result @ Iteration 1000; Milestone = 1 (Train)
---------  -------
mse_error  3.09075
---------  -------
Validation Result @ Iteration 1000; Milestone = 1 (ID: Validation)
---  -------
mse  2.65559
---  -------
[CD-DIAG step=1100] E_pos=17762.7852 E_neg=37586.2070 margin=19823.4219 E_wtd=0.000835 MSE=0.890648 gradE=3905.9121 pred=1.9072 neg_dist=13.0728 lang_grad0=0.0000 lang_gradK=0.0000 lang_disp=0.0000 step=0.0000 sigma=0.0000
[CD-DIAG step=1200] E_pos=24166.4609 E_neg=27324.7109 margin=3158.2500 E_wtd=12.099298 MSE=0.863621 gradE=4633.1289 pred=2.2614 neg_dist=6.5642 lang_grad0=0.0000 lang_gradK=0.0000 lang_disp=0.0000 step=0.0000 sigma=0.0000
[CD-DIAG step=1300] E_pos=19629.5078 E_neg=23981.4492 margin=4351.9414 E_wtd=7.664710 MSE=0.845269 gradE=5340.5996 pred=2.6024 neg_dist=6.3806 lang_grad0=0.0000 lang_gradK=0.0000 lang_disp=0.0000 step=0.0000 sigma=0.0000
[CD-DIAG step=1400] E_pos=30381.0430 E_neg=37265.1289 margin=6884.0859 E_wtd=2.238812 MSE=0.816362 gradE=6316.2949 pred=3.0842 neg_dist=7.8977 lang_grad0=0.0000 lang_gradK=0.0000 lang_disp=0.0000 step=0.0000 sigma=0.0000
[CD-DIAG step=1500] E_pos=24028.7969 E_neg=43135.0781 margin=19106.2812 E_wtd=0.019451 MSE=0.802044 gradE=6829.6836 pred=3.3440 neg_dist=11.2221 lang_grad0=0.0000 lang_gradK=0.0000 lang_disp=0.0000 step=0.0000 sigma=0.0000
[CD-DIAG step=1600] E_pos=27551.8789 E_neg=28073.6016 margin=521.7227 E_wtd=30.103119 MSE=0.771784 gradE=7929.4102 pred=3.8663 neg_dist=3.8168 lang_grad0=0.0000 lang_gradK=0.0000 lang_disp=0.0000 step=0.0000 sigma=0.0000
[CD-DIAG step=1700] E_pos=35904.0391 E_neg=39392.6484 margin=3488.6094 E_wtd=8.869274 MSE=0.760358 gradE=8339.3086 pred=4.0822 neg_dist=5.8243 lang_grad0=0.0000 lang_gradK=0.0000 lang_disp=0.0000 step=0.0000 sigma=0.0000
[CD-DIAG step=1800] E_pos=42975.2578 E_neg=61819.7422 margin=18844.4844 E_wtd=0.024856 MSE=0.743339 gradE=8994.9102 pred=4.3963 neg_dist=10.6753 lang_grad0=0.0000 lang_gradK=0.0000 lang_disp=0.0000 step=0.0000 sigma=0.0000
[CD-DIAG step=1900] E_pos=47643.6953 E_neg=59723.9766 margin=12080.2812 E_wtd=0.163205 MSE=0.736008 gradE=9247.4375 pred=4.5163 neg_dist=9.1659 lang_grad0=0.0000 lang_gradK=0.0000 lang_disp=0.0000 step=0.0000 sigma=0.0000
[CD-DIAG step=2000] E_pos=76210.1641 E_neg=75700.0469 margin=-510.1172 E_wtd=30.565014 MSE=0.734786 gradE=9188.0645 pred=4.4922 neg_dist=1.6923 lang_grad0=0.0000 lang_gradK=0.0000 lang_disp=0.0000 step=0.0000 sigma=0.0000
Running Evaluation...
Validation Result @ Iteration 2000; Milestone = 2 (Train)
---------  -------
mse_error  1.83817
---------  -------
Validation Result @ Iteration 2000; Milestone = 2 (ID: Validation)
---  -------
mse  1.78977
---  -------
[CD-DIAG step=2100] E_pos=55728.9648 E_neg=59252.6680 margin=3523.7031 E_wtd=4.947510 MSE=0.705417 gradE=10526.5117 pred=5.1355 neg_dist=5.0946 lang_grad0=0.0000 lang_gradK=0.0000 lang_disp=0.0000 step=0.0000 sigma=0.0000
[CD-DIAG step=2200] E_pos=67253.7969 E_neg=84357.7969 margin=17104.0000 E_wtd=0.035730 MSE=0.695904 gradE=10871.0996 pred=5.3135 neg_dist=9.9114 lang_grad0=0.0000 lang_gradK=0.0000 lang_disp=0.0000 step=0.0000 sigma=0.0000
[CD-DIAG step=2300] E_pos=79655.1250 E_neg=79052.2969 margin=-602.8281 E_wtd=35.675499 MSE=0.686461 gradE=11200.1123 pred=5.4596 neg_dist=1.6433 lang_grad0=0.0000 lang_gradK=0.0000 lang_disp=0.0000 step=0.0000 sigma=0.0000
[CD-DIAG step=2400] E_pos=88226.1406 E_neg=87796.1094 margin=-430.0312 E_wtd=29.054447 MSE=0.691728 gradE=10849.8672 pred=5.2984 neg_dist=1.6768 lang_grad0=0.0000 lang_gradK=0.0000 lang_disp=0.0000 step=0.0000 sigma=0.0000
[CD-DIAG step=2500] E_pos=80140.7500 E_neg=80568.0312 margin=427.2812 E_wtd=15.836433 MSE=0.679413 gradE=11507.3711 pred=5.6101 neg_dist=3.2982 lang_grad0=0.0000 lang_gradK=0.0000 lang_disp=0.0000 step=0.0000 sigma=0.0000
[CD-DIAG step=2600] E_pos=92163.0469 E_neg=95401.9062 margin=3238.8594 E_wtd=3.073988 MSE=0.687427 gradE=11138.3867 pred=5.4385 neg_dist=4.8845 lang_grad0=0.0000 lang_gradK=0.0000 lang_disp=0.0000 step=0.0000 sigma=0.0000
[CD-DIAG step=2700] E_pos=103563.0312 E_neg=118145.1641 margin=14582.1328 E_wtd=0.084219 MSE=0.686646 gradE=10964.5996 pred=5.3426 neg_dist=9.2624 lang_grad0=0.0000 lang_gradK=0.0000 lang_disp=0.0000 step=0.0000 sigma=0.0000
[CD-DIAG step=2800] E_pos=95388.5938 E_neg=110095.6719 margin=14707.0781 E_wtd=0.104962 MSE=0.680536 gradE=11276.5898 pred=5.5080 neg_dist=9.3178 lang_grad0=0.0000 lang_gradK=0.0000 lang_disp=0.0000 step=0.0000 sigma=0.0000
[CD-DIAG step=2900] E_pos=102819.6406 E_neg=108236.2188 margin=5416.5781 E_wtd=1.414672 MSE=0.683282 gradE=10964.5059 pred=5.3433 neg_dist=6.0981 lang_grad0=0.0000 lang_gradK=0.0000 lang_disp=0.0000 step=0.0000 sigma=0.0000
[CD-DIAG step=3000] E_pos=91385.9375 E_neg=91898.6406 margin=512.7031 E_wtd=13.866348 MSE=0.669479 gradE=11572.2295 pred=5.6573 neg_dist=3.1567 lang_grad0=0.0000 lang_gradK=0.0000 lang_disp=0.0000 step=0.0000 sigma=0.0000
Running Evaluation...
Validation Result @ Iteration 3000; Milestone = 3 (Train)
---------  ------
mse_error  1.3095
---------  ------
Validation Result @ Iteration 3000; Milestone = 3 (ID: Validation)
---  -------
mse  1.41868
---  -------
[CD-DIAG step=3100] E_pos=102077.1875 E_neg=107842.4219 margin=5765.2344 E_wtd=1.128546 MSE=0.682181 gradE=10948.1387 pred=5.3519 neg_dist=6.1742 lang_grad0=0.0000 lang_gradK=0.0000 lang_disp=0.0000 step=0.0000 sigma=0.0000
[CD-DIAG step=3200] E_pos=100170.3438 E_neg=114772.7422 margin=14602.3984 E_wtd=0.089702 MSE=0.671462 gradE=11351.9336 pred=5.5462 neg_dist=9.2693 lang_grad0=0.0000 lang_gradK=0.0000 lang_disp=0.0000 step=0.0000 sigma=0.0000
[CD-DIAG step=3300] E_pos=80320.4688 E_neg=83276.2031 margin=2955.7344 E_wtd=4.376916 MSE=0.655943 gradE=12214.0195 pred=5.9489 neg_dist=4.6911 lang_grad0=0.0000 lang_gradK=0.0000 lang_disp=0.0000 step=0.0000 sigma=0.0000
[CD-DIAG step=3400] E_pos=99444.8359 E_neg=98814.2969 margin=-630.5391 E_wtd=37.115589 MSE=0.671928 gradE=11241.8281 pred=5.4843 neg_dist=1.6640 lang_grad0=0.0000 lang_gradK=0.0000 lang_disp=0.0000 step=0.0000 sigma=0.0000
[CD-DIAG step=3500] E_pos=88050.7969 E_neg=95961.1641 margin=7910.3672 E_wtd=0.565037 MSE=0.660743 gradE=11786.7832 pred=5.7722 neg_dist=7.1923 lang_grad0=0.0000 lang_gradK=0.0000 lang_disp=0.0000 step=0.0000 sigma=0.0000
[CD-DIAG step=3600] E_pos=94620.6172 E_neg=106729.3750 margin=12108.7578 E_wtd=0.136653 MSE=0.669367 gradE=11360.1387 pred=5.5385 neg_dist=8.3041 lang_grad0=0.0000 lang_gradK=0.0000 lang_disp=0.0000 step=0.0000 sigma=0.0000
[CD-DIAG step=3700] E_pos=89071.6094 E_neg=88350.9453 margin=-720.6641 E_wtd=41.173698 MSE=0.658018 gradE=11960.9766 pred=5.8249 neg_dist=1.6642 lang_grad0=0.0000 lang_gradK=0.0000 lang_disp=0.0000 step=0.0000 sigma=0.0000
[CD-DIAG step=3800] E_pos=65640.3750 E_neg=73479.2578 margin=7838.8828 E_wtd=1.098077 MSE=0.638500 gradE=12853.3564 pred=6.2926 neg_dist=6.9445 lang_grad0=0.0000 lang_gradK=0.0000 lang_disp=0.0000 step=0.0000 sigma=0.0000
[CD-DIAG step=3900] E_pos=86454.6094 E_neg=87150.7031 margin=696.0938 E_wtd=4.675190 MSE=0.659784 gradE=11865.3809 pred=5.7800 neg_dist=1.6681 lang_grad0=0.0000 lang_gradK=0.0000 lang_disp=0.0000 step=0.0000 sigma=0.0000
[CD-DIAG step=4000] E_pos=84337.0078 E_neg=84579.9062 margin=242.8984 E_wtd=25.980480 MSE=0.656398 gradE=12005.9443 pred=5.8650 neg_dist=2.8672 lang_grad0=0.0000 lang_gradK=0.0000 lang_disp=0.0000 step=0.0000 sigma=0.0000
Running Evaluation...
Validation Result @ Iteration 4000; Milestone = 4 (Train)
---------  -------
mse_error  1.04055
---------  -------
Validation Result @ Iteration 4000; Milestone = 4 (ID: Validation)
---  --------
mse  0.828623
---  --------
[CD-DIAG step=4100] E_pos=96026.3750 E_neg=104304.0625 margin=8277.6875 E_wtd=0.222913 MSE=0.657454 gradE=11757.6963 pred=5.7364 neg_dist=6.7329 lang_grad0=0.0000 lang_gradK=0.0000 lang_disp=0.0000 step=0.0000 sigma=0.0000
[CD-DIAG step=4200] E_pos=89883.0391 E_neg=93238.8203 margin=3355.7812 E_wtd=1.890408 MSE=0.637865 gradE=12512.6621 pred=6.1219 neg_dist=4.2711 lang_grad0=0.0000 lang_gradK=0.0000 lang_disp=0.0000 step=0.0000 sigma=0.0000
[CD-DIAG step=4300] E_pos=65023.2500 E_neg=77571.7969 margin=12548.5469 E_wtd=0.172772 MSE=0.616632 gradE=13665.3672 pred=6.6692 neg_dist=7.8010 lang_grad0=0.0000 lang_gradK=0.0000 lang_disp=0.0000 step=0.0000 sigma=0.0000
[CD-DIAG step=4400] E_pos=93192.9375 E_neg=106365.9531 margin=13173.0156 E_wtd=0.084556 MSE=0.630646 gradE=12766.9785 pred=6.2466 neg_dist=8.2099 lang_grad0=0.0000 lang_gradK=0.0000 lang_disp=0.0000 step=0.0000 sigma=0.0000
[CD-DIAG step=4500] E_pos=95667.5078 E_neg=107097.1250 margin=11429.6172 E_wtd=0.110830 MSE=0.639910 gradE=12448.9121 pred=6.0757 neg_dist=7.6548 lang_grad0=0.0000 lang_gradK=0.0000 lang_disp=0.0000 step=0.0000 sigma=0.0000
[CD-DIAG step=4600] E_pos=84218.9844 E_neg=89805.3516 margin=5586.3672 E_wtd=1.479436 MSE=0.623202 gradE=13263.6494 pred=6.4834 neg_dist=5.4092 lang_grad0=0.0000 lang_gradK=0.0000 lang_disp=0.0000 step=0.0000 sigma=0.0000
[CD-DIAG step=4700] E_pos=79626.4688 E_neg=80456.3750 margin=829.9062 E_wtd=9.343068 MSE=0.605585 gradE=13885.0303 pred=6.7939 neg_dist=2.6638 lang_grad0=0.0000 lang_gradK=0.0000 lang_disp=0.0000 step=0.0000 sigma=0.0000
[CD-DIAG step=4800] E_pos=80374.3281 E_neg=85562.3438 margin=5188.0156 E_wtd=2.304229 MSE=0.611482 gradE=13704.5293 pred=6.6934 neg_dist=5.3358 lang_grad0=0.0000 lang_gradK=0.0000 lang_disp=0.0000 step=0.0000 sigma=0.0000
[CD-DIAG step=4900] E_pos=82839.5703 E_neg=82146.7969 margin=-692.7734 E_wtd=41.693363 MSE=0.616893 gradE=13448.9160 pred=6.5528 neg_dist=1.6653 lang_grad0=0.0000 lang_gradK=0.0000 lang_disp=0.0000 step=0.0000 sigma=0.0000
[CD-DIAG step=5000] E_pos=95496.0312 E_neg=106481.6250 margin=10985.5938 E_wtd=0.165999 MSE=0.622764 gradE=12951.4395 pred=6.3191 neg_dist=7.5517 lang_grad0=0.0000 lang_gradK=0.0000 lang_disp=0.0000 step=0.0000 sigma=0.0000
Running Evaluation...
Validation Result @ Iteration 5000; Milestone = 5 (Train)
---------  --------
mse_error  0.831929
---------  --------
