Job started at Thu Feb 19 08:53:39 EST 2026
Running on host: holygpu8a22203.rc.fas.harvard.edu
Job ID: 61169135
Git URL: https://github.com/mdkrasnow/research-repo.git
Git SHA: ba81ab6d425c7ae6cfddbfef94c456ec29102ff8
Work directory: /tmp/ired-job-61169135
GPU info:
Thu Feb 19 08:53:40 2026       
+-----------------------------------------------------------------------------------------+
| NVIDIA-SMI 575.57.08              Driver Version: 575.57.08      CUDA Version: 12.9     |
|-----------------------------------------+------------------------+----------------------+
| GPU  Name                 Persistence-M | Bus-Id          Disp.A | Volatile Uncorr. ECC |
| Fan  Temp   Perf          Pwr:Usage/Cap |           Memory-Usage | GPU-Util  Compute M. |
|                                         |                        |               MIG M. |
|=========================================+========================+======================|
|   0  NVIDIA A100-SXM4-80GB          On  |   00000000:31:00.0 Off |                    0 |
| N/A   27C    P0             62W /  500W |       0MiB /  81920MiB |      0%      Default |
|                                         |                        |             Disabled |
+-----------------------------------------+------------------------+----------------------+
                                                                                         
+-----------------------------------------------------------------------------------------+
| Processes:                                                                              |
|  GPU   GI   CI              PID   Type   Process name                        GPU Memory |
|        ID   ID                                                               Usage      |
|=========================================================================================|
|  No running processes found                                                             |
+-----------------------------------------------------------------------------------------+
Cloning repository...
Repository cloned and checked out to: ba81ab6
Repository info:
ba81ab6 Add gradE and pred_norm diagnostics to confirm gradient collapse hypothesis
Starting IRED-CD baseline (current NCE implementation)...
Loading configuration from: projects/ired/configs/q201_baseline.json
Configuration saved to: results/ds_inverse/q201_baseline/experiment_config.json
Setting random seed: 1
Starting experiment with mining strategy: adversarial
Configuration: {
  "experiment_name": "q201_baseline",
  "description": "IRED-CD Investigation - Baseline (current NCE implementation for comparison)",
  "investigation": "ired-cd",
  "ablation_stage": "baseline",
  "mining_strategy": "adversarial",
  "rank": 20,
  "ood": false,
  "diffusion_steps": 10,
  "batch_size": 2048,
  "train_steps": 20000,
  "learning_rate": 0.0001,
  "mining_opt_steps": 10,
  "mining_noise_scale": 1.5,
  "output_dir": "results/ds_inverse/q201_baseline",
  "notes": "Current implementation with NCE loss. Baseline for IRED-CD ablation study. Using k=10 steps, noise_scale=1.5 (reduced from 3.0).",
  "seed": 1
}
Dataset: Inverse matrices (20x20)
Input dimension: 400, Output dimension: 400
Trainer initialized. Output directory: results/ds_inverse/q201_baseline
Training for 20000 steps...
[CD-DIAG step=100] E_pos=1027.1990 E_neg=1074.4749 margin=47.2759 E_wtd=0.002050 MSE=1.000883 gradE=23.8342 pred=0.0116 neg_dist=9.1597 lang_grad0=0.0000 lang_gradK=0.0000 lang_disp=0.0000 step=0.0000 sigma=0.0000
[CD-DIAG step=200] E_pos=1764.9036 E_neg=1951.6497 margin=186.7461 E_wtd=0.000670 MSE=0.999700 gradE=42.6800 pred=0.0208 neg_dist=15.2872 lang_grad0=0.0000 lang_gradK=0.0000 lang_disp=0.0000 step=0.0000 sigma=0.0000
[CD-DIAG step=300] E_pos=1584.4971 E_neg=1725.4561 margin=140.9590 E_wtd=0.000637 MSE=0.999520 gradE=44.0018 pred=0.0215 neg_dist=11.7726 lang_grad0=0.0000 lang_gradK=0.0000 lang_disp=0.0000 step=0.0000 sigma=0.0000
[CD-DIAG step=400] E_pos=2317.7783 E_neg=2583.1531 margin=265.3748 E_wtd=0.000597 MSE=1.000336 gradE=66.5829 pred=0.0325 neg_dist=13.6123 lang_grad0=0.0000 lang_gradK=0.0000 lang_disp=0.0000 step=0.0000 sigma=0.0000
[CD-DIAG step=500] E_pos=5619.7759 E_neg=6305.0122 margin=685.2363 E_wtd=0.000579 MSE=0.997404 gradE=150.7694 pred=0.0737 neg_dist=15.2263 lang_grad0=0.0000 lang_gradK=0.0000 lang_disp=0.0000 step=0.0000 sigma=0.0000
[CD-DIAG step=600] E_pos=8547.9717 E_neg=9524.6055 margin=976.6338 E_wtd=0.000815 MSE=0.996125 gradE=223.0569 pred=0.1089 neg_dist=14.4750 lang_grad0=0.0000 lang_gradK=0.0000 lang_disp=0.0000 step=0.0000 sigma=0.0000
[CD-DIAG step=700] E_pos=11495.9814 E_neg=12687.7061 margin=1191.7246 E_wtd=0.003673 MSE=0.997746 gradE=292.5220 pred=0.1428 neg_dist=13.4639 lang_grad0=0.0000 lang_gradK=0.0000 lang_disp=0.0000 step=0.0000 sigma=0.0000
[CD-DIAG step=800] E_pos=8789.9170 E_neg=9062.9785 margin=273.0615 E_wtd=0.000752 MSE=0.994449 gradE=266.7491 pred=0.1301 neg_dist=5.1886 lang_grad0=0.0000 lang_gradK=0.0000 lang_disp=0.0000 step=0.0000 sigma=0.0000
[CD-DIAG step=900] E_pos=9291.8916 E_neg=9401.8359 margin=109.9443 E_wtd=0.193044 MSE=0.995692 gradE=302.5032 pred=0.1482 neg_dist=1.9570 lang_grad0=0.0000 lang_gradK=0.0000 lang_disp=0.0000 step=0.0000 sigma=0.0000
[CD-DIAG step=1000] E_pos=18718.1523 E_neg=21532.7500 margin=2814.5977 E_wtd=0.009339 MSE=0.992376 gradE=526.6241 pred=0.2572 neg_dist=15.3243 lang_grad0=0.0000 lang_gradK=0.0000 lang_disp=0.0000 step=0.0000 sigma=0.0000
Running Evaluation...
Validation Result @ Iteration 1000; Milestone = 1 (Train)
---------  -------
mse_error  2.95074
---------  -------
Validation Result @ Iteration 1000; Milestone = 1 (ID: Validation)
---  -------
mse  3.20296
---  -------
[CD-DIAG step=1100] E_pos=23968.0996 E_neg=27458.3047 margin=3490.2051 E_wtd=0.008103 MSE=0.995096 gradE=683.3591 pred=0.3333 neg_dist=14.6719 lang_grad0=0.0000 lang_gradK=0.0000 lang_disp=0.0000 step=0.0000 sigma=0.0000
[CD-DIAG step=1200] E_pos=19522.9805 E_neg=22723.3359 margin=3200.3555 E_wtd=0.004676 MSE=0.992129 gradE=608.5580 pred=0.2975 neg_dist=14.3859 lang_grad0=0.0000 lang_gradK=0.0000 lang_disp=0.0000 step=0.0000 sigma=0.0000
[CD-DIAG step=1300] E_pos=28707.2852 E_neg=33103.9297 margin=4396.6445 E_wtd=0.004754 MSE=0.989546 gradE=836.4828 pred=0.4086 neg_dist=14.2582 lang_grad0=0.0000 lang_gradK=0.0000 lang_disp=0.0000 step=0.0000 sigma=0.0000
[CD-DIAG step=1400] E_pos=34278.3438 E_neg=38422.8867 margin=4144.5430 E_wtd=0.000229 MSE=0.989177 gradE=983.4082 pred=0.4787 neg_dist=12.6664 lang_grad0=0.0000 lang_gradK=0.0000 lang_disp=0.0000 step=0.0000 sigma=0.0000
[CD-DIAG step=1500] E_pos=48379.5391 E_neg=55641.9062 margin=7262.3672 E_wtd=0.003345 MSE=0.978547 gradE=1258.4998 pred=0.6145 neg_dist=14.3253 lang_grad0=0.0000 lang_gradK=0.0000 lang_disp=0.0000 step=0.0000 sigma=0.0000
[CD-DIAG step=1600] E_pos=68985.6719 E_neg=67581.3438 margin=-1404.3281 E_wtd=72.145004 MSE=0.972445 gradE=1657.3923 pred=0.8090 neg_dist=4.5700 lang_grad0=0.0000 lang_gradK=0.0000 lang_disp=0.0000 step=0.0000 sigma=0.0000
[CD-DIAG step=1700] E_pos=83570.6719 E_neg=89579.2031 margin=6008.5312 E_wtd=0.059874 MSE=0.963406 gradE=1911.6724 pred=0.9345 neg_dist=12.0578 lang_grad0=0.0000 lang_gradK=0.0000 lang_disp=0.0000 step=0.0000 sigma=0.0000
[CD-DIAG step=1800] E_pos=114994.8750 E_neg=117207.4219 margin=2212.5469 E_wtd=14.240542 MSE=0.948764 gradE=2507.5518 pred=1.2258 neg_dist=9.8694 lang_grad0=0.0000 lang_gradK=0.0000 lang_disp=0.0000 step=0.0000 sigma=0.0000
[CD-DIAG step=1900] E_pos=115630.0156 E_neg=122206.1406 margin=6576.1250 E_wtd=0.009825 MSE=0.943898 gradE=2568.4080 pred=1.2527 neg_dist=11.2636 lang_grad0=0.0000 lang_gradK=0.0000 lang_disp=0.0000 step=0.0000 sigma=0.0000
[CD-DIAG step=2000] E_pos=163564.3594 E_neg=172786.4062 margin=9222.0469 E_wtd=0.098536 MSE=0.920478 gradE=3325.9092 pred=1.6271 neg_dist=12.1153 lang_grad0=0.0000 lang_gradK=0.0000 lang_disp=0.0000 step=0.0000 sigma=0.0000
Running Evaluation...
Validation Result @ Iteration 2000; Milestone = 2 (Train)
---------  -------
mse_error  3.12508
---------  -------
